[0.041s] Invoking command in '/home/ros2/dev_ws/build/abb_egm_msgs': CMAKE_PREFIX_PATH=/opt/ros/humble /usr/bin/cmake /home/ros2/dev_ws/src/ABBDriver/abb_ros2_msgs/abb_egm_msgs -DAMENT_CMAKE_SYMLINK_INSTALL=1 -DCMAKE_INSTALL_PREFIX=/home/ros2/dev_ws/install/abb_egm_msgs
[0.113s] -- The C compiler identification is GNU 11.4.0
[0.187s] -- The CXX compiler identification is GNU 11.4.0
[0.194s] -- Detecting C compiler ABI info
[0.278s] -- Detecting C compiler ABI info - done
[0.287s] -- Check for working C compiler: /usr/bin/cc - skipped
[0.287s] -- Detecting C compile features
[0.288s] -- Detecting C compile features - done
[0.289s] -- Detecting CXX compiler ABI info
[0.396s] -- Detecting CXX compiler ABI info - done
[0.407s] -- Check for working CXX compiler: /usr/bin/c++ - skipped
[0.407s] -- Detecting CXX compile features
[0.407s] -- Detecting CXX compile features - done
[0.410s] -- Found ament_cmake: 1.3.11 (/opt/ros/humble/share/ament_cmake/cmake)
[0.608s] -- Found Python3: /usr/bin/python3 (found version "3.10.12") found components: Interpreter 
[0.692s] -- Override CMake install command with custom implementation using symlinks instead of copying resources
[0.746s] -- Found rosidl_default_generators: 1.2.0 (/opt/ros/humble/share/rosidl_default_generators/cmake)
[0.754s] -- Using all available rosidl_typesupport_c: rosidl_typesupport_fastrtps_c;rosidl_typesupport_introspection_c
[0.765s] -- Found rosidl_adapter: 3.1.6 (/opt/ros/humble/share/rosidl_adapter/cmake)
[0.854s] -- Using all available rosidl_typesupport_cpp: rosidl_typesupport_fastrtps_cpp;rosidl_typesupport_introspection_cpp
[0.886s] -- Found std_msgs: 4.9.0 (/opt/ros/humble/share/std_msgs/cmake)
[1.575s] -- Found ament_cmake_ros: 0.10.0 (/opt/ros/humble/share/ament_cmake_ros/cmake)
[2.116s] -- Using all available rosidl_typesupport_c: rosidl_typesupport_fastrtps_c;rosidl_typesupport_introspection_c
[2.698s] -- Using all available rosidl_typesupport_cpp: rosidl_typesupport_fastrtps_cpp;rosidl_typesupport_introspection_cpp
[2.775s] -- Found PythonInterp: /usr/bin/python3 (found suitable version "3.10.12", minimum required is "3.6") 
[2.776s] -- Found python_cmake_module: 0.10.0 (/opt/ros/humble/share/python_cmake_module/cmake)
[2.813s] -- Found PythonLibs: /usr/lib/x86_64-linux-gnu/libpython3.10.so (found suitable version "3.10.12", minimum required is "3.5") 
[2.813s] -- Using PYTHON_EXECUTABLE: /usr/bin/python3
[2.813s] -- Using PYTHON_INCLUDE_DIRS: /usr/include/python3.10
[2.813s] -- Using PYTHON_LIBRARIES: /usr/lib/x86_64-linux-gnu/libpython3.10.so
[2.892s] -- Found PythonExtra: .so  
[3.089s] -- Configuring done
[3.185s] -- Generating done
[3.212s] -- Build files have been written to: /home/ros2/dev_ws/build/abb_egm_msgs
[3.399s] Invoked command in '/home/ros2/dev_ws/build/abb_egm_msgs' returned '0': CMAKE_PREFIX_PATH=/opt/ros/humble /usr/bin/cmake /home/ros2/dev_ws/src/ABBDriver/abb_ros2_msgs/abb_egm_msgs -DAMENT_CMAKE_SYMLINK_INSTALL=1 -DCMAKE_INSTALL_PREFIX=/home/ros2/dev_ws/install/abb_egm_msgs
[3.400s] Invoking command in '/home/ros2/dev_ws/build/abb_egm_msgs': CMAKE_PREFIX_PATH=/opt/ros/humble /usr/bin/cmake --build /home/ros2/dev_ws/build/abb_egm_msgs -- -j16 -l16
[4.714s] [  2%] [34m[1mGenerating C code for ROS interfaces[0m
[4.714s] [  5%] [34m[1mGenerating C++ code for ROS interfaces[0m
[4.715s] [  5%] Built target ament_cmake_python_symlink_abb_egm_msgs
[4.715s] running egg_info
[4.724s] creating abb_egm_msgs.egg-info
[4.724s] writing abb_egm_msgs.egg-info/PKG-INFO
[4.725s] writing dependency_links to abb_egm_msgs.egg-info/dependency_links.txt
[4.725s] writing top-level names to abb_egm_msgs.egg-info/top_level.txt
[4.725s] writing manifest file 'abb_egm_msgs.egg-info/SOURCES.txt'
[4.725s] reading manifest file 'abb_egm_msgs.egg-info/SOURCES.txt'
[4.725s] writing manifest file 'abb_egm_msgs.egg-info/SOURCES.txt'
[4.725s] [  5%] Built target ament_cmake_python_build_abb_egm_msgs_egg
[5.269s] [  5%] Built target abb_egm_msgs__cpp
[5.308s] [  7%] [34m[1mGenerating C++ introspection for ROS interfaces[0m
[5.323s] [ 10%] [34m[1mGenerating C++ type support dispatch for ROS interfaces[0m
[5.324s] [ 12%] [34m[1mGenerating C++ type support for eProsima Fast-RTPS[0m
[5.710s] [ 15%] [32mBuilding C object CMakeFiles/abb_egm_msgs__rosidl_generator_c.dir/rosidl_generator_c/abb_egm_msgs/msg/detail/egm_channel_state__functions.c.o[0m
[5.719s] [ 17%] [32mBuilding C object CMakeFiles/abb_egm_msgs__rosidl_generator_c.dir/rosidl_generator_c/abb_egm_msgs/msg/detail/egm_state__functions.c.o[0m
[5.929s] [ 20%] [32m[1mLinking C shared library libabb_egm_msgs__rosidl_generator_c.so[0m
[6.097s] [ 20%] Built target abb_egm_msgs__rosidl_generator_c
[6.120s] [ 23%] [34m[1mGenerating C introspection for ROS interfaces[0m
[6.136s] [ 25%] [34m[1mGenerating C type support for eProsima Fast-RTPS[0m
[6.138s] [ 28%] [34m[1mGenerating C type support dispatch for ROS interfaces[0m
[6.836s] [ 30%] [32mBuilding CXX object CMakeFiles/abb_egm_msgs__rosidl_typesupport_introspection_cpp.dir/rosidl_typesupport_introspection_cpp/abb_egm_msgs/msg/detail/egm_channel_state__type_support.cpp.o[0m
[6.852s] [ 33%] [32mBuilding CXX object CMakeFiles/abb_egm_msgs__rosidl_typesupport_introspection_cpp.dir/rosidl_typesupport_introspection_cpp/abb_egm_msgs/msg/detail/egm_state__type_support.cpp.o[0m
[6.895s] [ 35%] [32mBuilding CXX object CMakeFiles/abb_egm_msgs__rosidl_typesupport_fastrtps_cpp.dir/rosidl_typesupport_fastrtps_cpp/abb_egm_msgs/msg/detail/dds_fastrtps/egm_channel_state__type_support.cpp.o[0m
[6.914s] [ 38%] [32mBuilding CXX object CMakeFiles/abb_egm_msgs__rosidl_typesupport_fastrtps_cpp.dir/rosidl_typesupport_fastrtps_cpp/abb_egm_msgs/msg/detail/dds_fastrtps/egm_state__type_support.cpp.o[0m
[6.988s] [ 41%] [32mBuilding CXX object CMakeFiles/abb_egm_msgs__rosidl_typesupport_cpp.dir/rosidl_typesupport_cpp/abb_egm_msgs/msg/egm_channel_state__type_support.cpp.o[0m
[6.997s] [ 43%] [32mBuilding CXX object CMakeFiles/abb_egm_msgs__rosidl_typesupport_cpp.dir/rosidl_typesupport_cpp/abb_egm_msgs/msg/egm_state__type_support.cpp.o[0m
[7.519s] [ 46%] [32mBuilding CXX object CMakeFiles/abb_egm_msgs__rosidl_typesupport_fastrtps_c.dir/rosidl_typesupport_fastrtps_c/abb_egm_msgs/msg/detail/egm_channel_state__type_support_c.cpp.o[0m
[7.537s] [ 48%] [32mBuilding CXX object CMakeFiles/abb_egm_msgs__rosidl_typesupport_fastrtps_c.dir/rosidl_typesupport_fastrtps_c/abb_egm_msgs/msg/detail/egm_state__type_support_c.cpp.o[0m
[7.729s] [ 51%] [32m[1mLinking CXX shared library libabb_egm_msgs__rosidl_typesupport_cpp.so[0m
[7.729s] [ 53%] [32mBuilding CXX object CMakeFiles/abb_egm_msgs__rosidl_typesupport_c.dir/rosidl_typesupport_c/abb_egm_msgs/msg/egm_channel_state__type_support.cpp.o[0m
[7.735s] [ 56%] [32mBuilding CXX object CMakeFiles/abb_egm_msgs__rosidl_typesupport_c.dir/rosidl_typesupport_c/abb_egm_msgs/msg/egm_state__type_support.cpp.o[0m
[7.769s] [ 58%] [32mBuilding C object CMakeFiles/abb_egm_msgs__rosidl_typesupport_introspection_c.dir/rosidl_typesupport_introspection_c/abb_egm_msgs/msg/detail/egm_state__type_support.c.o[0m
[7.773s] [ 61%] [32mBuilding C object CMakeFiles/abb_egm_msgs__rosidl_typesupport_introspection_c.dir/rosidl_typesupport_introspection_c/abb_egm_msgs/msg/detail/egm_channel_state__type_support.c.o[0m
[7.839s] [ 64%] [32m[1mLinking CXX shared library libabb_egm_msgs__rosidl_typesupport_c.so[0m
[7.860s] [ 66%] [32m[1mLinking C shared library libabb_egm_msgs__rosidl_typesupport_introspection_c.so[0m
[7.880s] [ 66%] Built target abb_egm_msgs__rosidl_typesupport_cpp
[7.953s] [ 66%] Built target abb_egm_msgs__rosidl_typesupport_introspection_c
[8.007s] [ 66%] Built target abb_egm_msgs__rosidl_typesupport_c
[8.151s] [ 69%] [32m[1mLinking CXX shared library libabb_egm_msgs__rosidl_typesupport_introspection_cpp.so[0m
[8.355s] [ 69%] Built target abb_egm_msgs__rosidl_typesupport_introspection_cpp
[8.355s] [ 71%] [32m[1mLinking CXX shared library libabb_egm_msgs__rosidl_typesupport_fastrtps_cpp.so[0m
[8.486s] [ 74%] [32m[1mLinking CXX shared library libabb_egm_msgs__rosidl_typesupport_fastrtps_c.so[0m
[8.604s] [ 74%] Built target abb_egm_msgs__rosidl_typesupport_fastrtps_cpp
[8.803s] [ 74%] Built target abb_egm_msgs__rosidl_typesupport_fastrtps_c
[8.900s] [ 74%] Built target abb_egm_msgs
[8.985s] [ 76%] [34m[1mGenerating Python code for ROS interfaces[0m
[11.014s] [ 76%] Built target abb_egm_msgs__py
[11.088s] [ 79%] [32mBuilding C object CMakeFiles/abb_egm_msgs__rosidl_generator_py.dir/rosidl_generator_py/abb_egm_msgs/msg/_egm_state_s.c.o[0m
[11.108s] [ 82%] [32mBuilding C object CMakeFiles/abb_egm_msgs__rosidl_generator_py.dir/rosidl_generator_py/abb_egm_msgs/msg/_egm_channel_state_s.c.o[0m
[11.492s] [ 84%] [32m[1mLinking C shared library rosidl_generator_py/abb_egm_msgs/libabb_egm_msgs__rosidl_generator_py.so[0m
[11.637s] [ 84%] Built target abb_egm_msgs__rosidl_generator_py
[11.727s] [ 87%] [32mBuilding C object CMakeFiles/abb_egm_msgs__rosidl_typesupport_fastrtps_c__pyext.dir/rosidl_generator_py/abb_egm_msgs/_abb_egm_msgs_s.ep.rosidl_typesupport_fastrtps_c.c.o[0m
[11.732s] [ 92%] [32mBuilding C object CMakeFiles/abb_egm_msgs__rosidl_typesupport_c__pyext.dir/rosidl_generator_py/abb_egm_msgs/_abb_egm_msgs_s.ep.rosidl_typesupport_c.c.o[0m
[11.733s] [ 89%] [32mBuilding C object CMakeFiles/abb_egm_msgs__rosidl_typesupport_introspection_c__pyext.dir/rosidl_generator_py/abb_egm_msgs/_abb_egm_msgs_s.ep.rosidl_typesupport_introspection_c.c.o[0m
[12.062s] [ 94%] [32m[1mLinking C shared library rosidl_generator_py/abb_egm_msgs/abb_egm_msgs_s__rosidl_typesupport_fastrtps_c.cpython-310-x86_64-linux-gnu.so[0m
[12.120s] [ 97%] [32m[1mLinking C shared library rosidl_generator_py/abb_egm_msgs/abb_egm_msgs_s__rosidl_typesupport_introspection_c.cpython-310-x86_64-linux-gnu.so[0m
[12.197s] [100%] [32m[1mLinking C shared library rosidl_generator_py/abb_egm_msgs/abb_egm_msgs_s__rosidl_typesupport_c.cpython-310-x86_64-linux-gnu.so[0m
[12.202s] [100%] Built target abb_egm_msgs__rosidl_typesupport_fastrtps_c__pyext
[12.269s] [100%] Built target abb_egm_msgs__rosidl_typesupport_introspection_c__pyext
[12.334s] [100%] Built target abb_egm_msgs__rosidl_typesupport_c__pyext
[12.404s] Invoked command in '/home/ros2/dev_ws/build/abb_egm_msgs' returned '0': CMAKE_PREFIX_PATH=/opt/ros/humble /usr/bin/cmake --build /home/ros2/dev_ws/build/abb_egm_msgs -- -j16 -l16
[12.404s] Invoking command in '/home/ros2/dev_ws/build/abb_egm_msgs': CMAKE_PREFIX_PATH=/opt/ros/humble /usr/bin/cmake --install /home/ros2/dev_ws/build/abb_egm_msgs
[13.294s] -- Install configuration: ""
[13.294s] -- Execute custom install script
[13.294s] -- Symlinking: /home/ros2/dev_ws/install/abb_egm_msgs/share/ament_index/resource_index/rosidl_interfaces/abb_egm_msgs
[13.294s] -- Symlinking: /home/ros2/dev_ws/install/abb_egm_msgs/include/abb_egm_msgs/abb_egm_msgs/msg/detail/egm_channel_state__functions.h
[13.294s] -- Symlinking: /home/ros2/dev_ws/install/abb_egm_msgs/include/abb_egm_msgs/abb_egm_msgs/msg/detail/egm_channel_state__struct.h
[13.294s] -- Symlinking: /home/ros2/dev_ws/install/abb_egm_msgs/include/abb_egm_msgs/abb_egm_msgs/msg/detail/egm_channel_state__type_support.h
[13.294s] -- Symlinking: /home/ros2/dev_ws/install/abb_egm_msgs/include/abb_egm_msgs/abb_egm_msgs/msg/detail/egm_state__functions.h
[13.294s] -- Symlinking: /home/ros2/dev_ws/install/abb_egm_msgs/include/abb_egm_msgs/abb_egm_msgs/msg/detail/egm_state__struct.h
[13.295s] -- Symlinking: /home/ros2/dev_ws/install/abb_egm_msgs/include/abb_egm_msgs/abb_egm_msgs/msg/detail/egm_state__type_support.h
[13.295s] -- Symlinking: /home/ros2/dev_ws/install/abb_egm_msgs/include/abb_egm_msgs/abb_egm_msgs/msg/egm_channel_state.h
[13.295s] -- Symlinking: /home/ros2/dev_ws/install/abb_egm_msgs/include/abb_egm_msgs/abb_egm_msgs/msg/egm_state.h
[13.295s] -- Symlinking: /home/ros2/dev_ws/install/abb_egm_msgs/include/abb_egm_msgs/abb_egm_msgs/msg/rosidl_generator_c__visibility_control.h
[13.295s] -- Symlinking: /home/ros2/dev_ws/install/abb_egm_msgs/share/abb_egm_msgs/environment/library_path.sh
[13.295s] -- Symlinking: /home/ros2/dev_ws/install/abb_egm_msgs/share/abb_egm_msgs/environment/library_path.dsv
[13.295s] -- Symlinking: /home/ros2/dev_ws/install/abb_egm_msgs/include/abb_egm_msgs/abb_egm_msgs/msg/detail/egm_channel_state__rosidl_typesupport_fastrtps_c.h
[13.295s] -- Symlinking: /home/ros2/dev_ws/install/abb_egm_msgs/include/abb_egm_msgs/abb_egm_msgs/msg/detail/egm_state__rosidl_typesupport_fastrtps_c.h
[13.295s] -- Symlinking: /home/ros2/dev_ws/install/abb_egm_msgs/include/abb_egm_msgs/abb_egm_msgs/msg/rosidl_typesupport_fastrtps_c__visibility_control.h
[13.295s] -- Symlinking: /home/ros2/dev_ws/install/abb_egm_msgs/include/abb_egm_msgs/abb_egm_msgs/msg/detail/egm_channel_state__rosidl_typesupport_introspection_c.h
[13.295s] -- Symlinking: /home/ros2/dev_ws/install/abb_egm_msgs/include/abb_egm_msgs/abb_egm_msgs/msg/detail/egm_state__rosidl_typesupport_introspection_c.h
[13.296s] -- Symlinking: /home/ros2/dev_ws/install/abb_egm_msgs/include/abb_egm_msgs/abb_egm_msgs/msg/rosidl_typesupport_introspection_c__visibility_control.h
[13.296s] -- Symlinking: /home/ros2/dev_ws/install/abb_egm_msgs/include/abb_egm_msgs/abb_egm_msgs/msg/detail/egm_channel_state__builder.hpp
[13.296s] -- Symlinking: /home/ros2/dev_ws/install/abb_egm_msgs/include/abb_egm_msgs/abb_egm_msgs/msg/detail/egm_channel_state__struct.hpp
[13.296s] -- Symlinking: /home/ros2/dev_ws/install/abb_egm_msgs/include/abb_egm_msgs/abb_egm_msgs/msg/detail/egm_channel_state__traits.hpp
[13.296s] -- Symlinking: /home/ros2/dev_ws/install/abb_egm_msgs/include/abb_egm_msgs/abb_egm_msgs/msg/detail/egm_channel_state__type_support.hpp
[13.296s] -- Symlinking: /home/ros2/dev_ws/install/abb_egm_msgs/include/abb_egm_msgs/abb_egm_msgs/msg/detail/egm_state__builder.hpp
[13.296s] -- Symlinking: /home/ros2/dev_ws/install/abb_egm_msgs/include/abb_egm_msgs/abb_egm_msgs/msg/detail/egm_state__struct.hpp
[13.296s] -- Symlinking: /home/ros2/dev_ws/install/abb_egm_msgs/include/abb_egm_msgs/abb_egm_msgs/msg/detail/egm_state__traits.hpp
[13.296s] -- Symlinking: /home/ros2/dev_ws/install/abb_egm_msgs/include/abb_egm_msgs/abb_egm_msgs/msg/detail/egm_state__type_support.hpp
[13.304s] -- Symlinking: /home/ros2/dev_ws/install/abb_egm_msgs/include/abb_egm_msgs/abb_egm_msgs/msg/egm_channel_state.hpp
[13.346s] -- Symlinking: /home/ros2/dev_ws/install/abb_egm_msgs/include/abb_egm_msgs/abb_egm_msgs/msg/egm_state.hpp
[13.392s] -- Symlinking: /home/ros2/dev_ws/install/abb_egm_msgs/include/abb_egm_msgs/abb_egm_msgs/msg/rosidl_generator_cpp__visibility_control.hpp
[13.429s] -- Symlinking: /home/ros2/dev_ws/install/abb_egm_msgs/include/abb_egm_msgs/abb_egm_msgs/msg/detail/egm_channel_state__rosidl_typesupport_fastrtps_cpp.hpp
[13.463s] -- Symlinking: /home/ros2/dev_ws/install/abb_egm_msgs/include/abb_egm_msgs/abb_egm_msgs/msg/detail/egm_state__rosidl_typesupport_fastrtps_cpp.hpp
[13.514s] -- Symlinking: /home/ros2/dev_ws/install/abb_egm_msgs/include/abb_egm_msgs/abb_egm_msgs/msg/rosidl_typesupport_fastrtps_cpp__visibility_control.h
[13.540s] -- Symlinking: /home/ros2/dev_ws/install/abb_egm_msgs/include/abb_egm_msgs/abb_egm_msgs/msg/detail/egm_channel_state__rosidl_typesupport_introspection_cpp.hpp
[13.552s] -- Symlinking: /home/ros2/dev_ws/install/abb_egm_msgs/include/abb_egm_msgs/abb_egm_msgs/msg/detail/egm_state__rosidl_typesupport_introspection_cpp.hpp
[13.583s] -- Symlinking: /home/ros2/dev_ws/install/abb_egm_msgs/share/abb_egm_msgs/environment/pythonpath.sh
[13.614s] -- Symlinking: /home/ros2/dev_ws/install/abb_egm_msgs/share/abb_egm_msgs/environment/pythonpath.dsv
[13.644s] -- Symlinking: /home/ros2/dev_ws/install/abb_egm_msgs/local/lib/python3.10/dist-packages/abb_egm_msgs-1.0.0-py3.10.egg-info/PKG-INFO
[13.682s] -- Symlinking: /home/ros2/dev_ws/install/abb_egm_msgs/local/lib/python3.10/dist-packages/abb_egm_msgs-1.0.0-py3.10.egg-info/SOURCES.txt
[13.714s] -- Symlinking: /home/ros2/dev_ws/install/abb_egm_msgs/local/lib/python3.10/dist-packages/abb_egm_msgs-1.0.0-py3.10.egg-info/dependency_links.txt
[13.735s] -- Symlinking: /home/ros2/dev_ws/install/abb_egm_msgs/local/lib/python3.10/dist-packages/abb_egm_msgs-1.0.0-py3.10.egg-info/top_level.txt
[13.793s] -- Symlinking: /home/ros2/dev_ws/install/abb_egm_msgs/local/lib/python3.10/dist-packages/abb_egm_msgs/__init__.py
[13.815s] -- Symlinking: /home/ros2/dev_ws/install/abb_egm_msgs/local/lib/python3.10/dist-packages/abb_egm_msgs/_abb_egm_msgs_s.ep.rosidl_typesupport_c.c
[13.842s] -- Symlinking: /home/ros2/dev_ws/install/abb_egm_msgs/local/lib/python3.10/dist-packages/abb_egm_msgs/_abb_egm_msgs_s.ep.rosidl_typesupport_fastrtps_c.c
[13.897s] -- Symlinking: /home/ros2/dev_ws/install/abb_egm_msgs/local/lib/python3.10/dist-packages/abb_egm_msgs/_abb_egm_msgs_s.ep.rosidl_typesupport_introspection_c.c
[13.941s] -- Symlinking: /home/ros2/dev_ws/install/abb_egm_msgs/local/lib/python3.10/dist-packages/abb_egm_msgs/abb_egm_msgs_s__rosidl_typesupport_c.cpython-310-x86_64-linux-gnu.so
[13.979s] -- Symlinking: /home/ros2/dev_ws/install/abb_egm_msgs/local/lib/python3.10/dist-packages/abb_egm_msgs/abb_egm_msgs_s__rosidl_typesupport_fastrtps_c.cpython-310-x86_64-linux-gnu.so
[14.019s] -- Symlinking: /home/ros2/dev_ws/install/abb_egm_msgs/local/lib/python3.10/dist-packages/abb_egm_msgs/abb_egm_msgs_s__rosidl_typesupport_introspection_c.cpython-310-x86_64-linux-gnu.so
[14.061s] -- Symlinking: /home/ros2/dev_ws/install/abb_egm_msgs/local/lib/python3.10/dist-packages/abb_egm_msgs/libabb_egm_msgs__rosidl_generator_py.so
[14.104s] -- Symlinking: /home/ros2/dev_ws/install/abb_egm_msgs/local/lib/python3.10/dist-packages/abb_egm_msgs/msg/__init__.py
[14.149s] -- Symlinking: /home/ros2/dev_ws/install/abb_egm_msgs/local/lib/python3.10/dist-packages/abb_egm_msgs/msg/_egm_channel_state.py
[14.206s] -- Symlinking: /home/ros2/dev_ws/install/abb_egm_msgs/local/lib/python3.10/dist-packages/abb_egm_msgs/msg/_egm_channel_state_s.c
[14.250s] -- Symlinking: /home/ros2/dev_ws/install/abb_egm_msgs/local/lib/python3.10/dist-packages/abb_egm_msgs/msg/_egm_state.py
[14.276s] -- Symlinking: /home/ros2/dev_ws/install/abb_egm_msgs/local/lib/python3.10/dist-packages/abb_egm_msgs/msg/_egm_state_s.c
[14.305s] -- Up-to-date symlink: /home/ros2/dev_ws/install/abb_egm_msgs/local/lib/python3.10/dist-packages/abb_egm_msgs/abb_egm_msgs_s__rosidl_typesupport_fastrtps_c.cpython-310-x86_64-linux-gnu.so
[14.305s] -- Up-to-date symlink: /home/ros2/dev_ws/install/abb_egm_msgs/local/lib/python3.10/dist-packages/abb_egm_msgs/abb_egm_msgs_s__rosidl_typesupport_introspection_c.cpython-310-x86_64-linux-gnu.so
[14.306s] -- Up-to-date symlink: /home/ros2/dev_ws/install/abb_egm_msgs/local/lib/python3.10/dist-packages/abb_egm_msgs/abb_egm_msgs_s__rosidl_typesupport_c.cpython-310-x86_64-linux-gnu.so
[14.314s] -- Symlinking: /home/ros2/dev_ws/install/abb_egm_msgs/share/abb_egm_msgs/msg/EGMChannelState.idl
[14.346s] -- Symlinking: /home/ros2/dev_ws/install/abb_egm_msgs/share/abb_egm_msgs/msg/EGMState.idl
[14.384s] -- Symlinking: /home/ros2/dev_ws/install/abb_egm_msgs/share/abb_egm_msgs/msg/EGMChannelState.msg
[14.430s] -- Symlinking: /home/ros2/dev_ws/install/abb_egm_msgs/share/abb_egm_msgs/msg/EGMState.msg
[14.475s] -- Symlinking: /home/ros2/dev_ws/install/abb_egm_msgs/share/ament_index/resource_index/package_run_dependencies/abb_egm_msgs
[14.511s] -- Symlinking: /home/ros2/dev_ws/install/abb_egm_msgs/share/ament_index/resource_index/parent_prefix_path/abb_egm_msgs
[14.564s] -- Symlinking: /home/ros2/dev_ws/install/abb_egm_msgs/share/abb_egm_msgs/environment/ament_prefix_path.sh
[14.636s] -- Symlinking: /home/ros2/dev_ws/install/abb_egm_msgs/share/abb_egm_msgs/environment/ament_prefix_path.dsv
[14.655s] -- Symlinking: /home/ros2/dev_ws/install/abb_egm_msgs/share/abb_egm_msgs/environment/path.sh
[14.697s] -- Symlinking: /home/ros2/dev_ws/install/abb_egm_msgs/share/abb_egm_msgs/environment/path.dsv
[14.743s] -- Symlinking: /home/ros2/dev_ws/install/abb_egm_msgs/share/abb_egm_msgs/local_setup.bash
[14.796s] -- Symlinking: /home/ros2/dev_ws/install/abb_egm_msgs/share/abb_egm_msgs/local_setup.sh
[14.846s] -- Symlinking: /home/ros2/dev_ws/install/abb_egm_msgs/share/abb_egm_msgs/local_setup.zsh
[14.912s] -- Symlinking: /home/ros2/dev_ws/install/abb_egm_msgs/share/abb_egm_msgs/local_setup.dsv
[14.954s] -- Symlinking: /home/ros2/dev_ws/install/abb_egm_msgs/share/abb_egm_msgs/package.dsv
[14.987s] -- Symlinking: /home/ros2/dev_ws/install/abb_egm_msgs/share/ament_index/resource_index/packages/abb_egm_msgs
[15.028s] -- Symlinking: /home/ros2/dev_ws/install/abb_egm_msgs/share/abb_egm_msgs/cmake/rosidl_cmake-extras.cmake
[15.095s] -- Symlinking: /home/ros2/dev_ws/install/abb_egm_msgs/share/abb_egm_msgs/cmake/ament_cmake_export_dependencies-extras.cmake
[15.141s] -- Symlinking: /home/ros2/dev_ws/install/abb_egm_msgs/share/abb_egm_msgs/cmake/ament_cmake_export_include_directories-extras.cmake
[15.166s] -- Symlinking: /home/ros2/dev_ws/install/abb_egm_msgs/share/abb_egm_msgs/cmake/ament_cmake_export_libraries-extras.cmake
[15.197s] -- Symlinking: /home/ros2/dev_ws/install/abb_egm_msgs/share/abb_egm_msgs/cmake/ament_cmake_export_targets-extras.cmake
[15.223s] -- Symlinking: /home/ros2/dev_ws/install/abb_egm_msgs/share/abb_egm_msgs/cmake/rosidl_cmake_export_typesupport_targets-extras.cmake
[15.247s] -- Symlinking: /home/ros2/dev_ws/install/abb_egm_msgs/share/abb_egm_msgs/cmake/rosidl_cmake_export_typesupport_libraries-extras.cmake
[15.275s] -- Symlinking: /home/ros2/dev_ws/install/abb_egm_msgs/share/abb_egm_msgs/cmake/abb_egm_msgsConfig.cmake
[15.305s] -- Symlinking: /home/ros2/dev_ws/install/abb_egm_msgs/share/abb_egm_msgs/cmake/abb_egm_msgsConfig-version.cmake
[15.341s] -- Symlinking: /home/ros2/dev_ws/install/abb_egm_msgs/share/abb_egm_msgs/package.xml
[15.377s] -- Installing: /home/ros2/dev_ws/install/abb_egm_msgs/lib/libabb_egm_msgs__rosidl_generator_c.so
[15.377s] -- Set runtime path of "/home/ros2/dev_ws/install/abb_egm_msgs/lib/libabb_egm_msgs__rosidl_generator_c.so" to ""
[15.377s] -- Installing: /home/ros2/dev_ws/install/abb_egm_msgs/lib/libabb_egm_msgs__rosidl_typesupport_fastrtps_c.so
[15.378s] -- Set runtime path of "/home/ros2/dev_ws/install/abb_egm_msgs/lib/libabb_egm_msgs__rosidl_typesupport_fastrtps_c.so" to ""
[15.378s] -- Installing: /home/ros2/dev_ws/install/abb_egm_msgs/lib/libabb_egm_msgs__rosidl_typesupport_introspection_c.so
[15.378s] -- Set runtime path of "/home/ros2/dev_ws/install/abb_egm_msgs/lib/libabb_egm_msgs__rosidl_typesupport_introspection_c.so" to ""
[15.378s] -- Installing: /home/ros2/dev_ws/install/abb_egm_msgs/lib/libabb_egm_msgs__rosidl_typesupport_c.so
[15.378s] -- Set runtime path of "/home/ros2/dev_ws/install/abb_egm_msgs/lib/libabb_egm_msgs__rosidl_typesupport_c.so" to ""
[15.378s] -- Installing: /home/ros2/dev_ws/install/abb_egm_msgs/lib/libabb_egm_msgs__rosidl_typesupport_fastrtps_cpp.so
[15.385s] -- Set runtime path of "/home/ros2/dev_ws/install/abb_egm_msgs/lib/libabb_egm_msgs__rosidl_typesupport_fastrtps_cpp.so" to ""
[15.387s] -- Installing: /home/ros2/dev_ws/install/abb_egm_msgs/lib/libabb_egm_msgs__rosidl_typesupport_introspection_cpp.so
[15.388s] -- Set runtime path of "/home/ros2/dev_ws/install/abb_egm_msgs/lib/libabb_egm_msgs__rosidl_typesupport_introspection_cpp.so" to ""
[15.388s] -- Installing: /home/ros2/dev_ws/install/abb_egm_msgs/lib/libabb_egm_msgs__rosidl_typesupport_cpp.so
[15.388s] -- Set runtime path of "/home/ros2/dev_ws/install/abb_egm_msgs/lib/libabb_egm_msgs__rosidl_typesupport_cpp.so" to ""
[15.478s] Listing '/home/ros2/dev_ws/install/abb_egm_msgs/local/lib/python3.10/dist-packages/abb_egm_msgs'...
[15.479s] Compiling '/home/ros2/dev_ws/install/abb_egm_msgs/local/lib/python3.10/dist-packages/abb_egm_msgs/__init__.py'...
[15.479s] Listing '/home/ros2/dev_ws/install/abb_egm_msgs/local/lib/python3.10/dist-packages/abb_egm_msgs/msg'...
[15.479s] Compiling '/home/ros2/dev_ws/install/abb_egm_msgs/local/lib/python3.10/dist-packages/abb_egm_msgs/msg/__init__.py'...
[15.479s] Compiling '/home/ros2/dev_ws/install/abb_egm_msgs/local/lib/python3.10/dist-packages/abb_egm_msgs/msg/_egm_channel_state.py'...
[15.479s] Compiling '/home/ros2/dev_ws/install/abb_egm_msgs/local/lib/python3.10/dist-packages/abb_egm_msgs/msg/_egm_state.py'...
[15.501s] -- Installing: /home/ros2/dev_ws/install/abb_egm_msgs/lib/libabb_egm_msgs__rosidl_generator_py.so
[15.501s] -- Set runtime path of "/home/ros2/dev_ws/install/abb_egm_msgs/lib/libabb_egm_msgs__rosidl_generator_py.so" to ""
[15.501s] -- Installing: /home/ros2/dev_ws/install/abb_egm_msgs/share/abb_egm_msgs/cmake/export_abb_egm_msgs__rosidl_generator_cExport.cmake
[15.501s] -- Installing: /home/ros2/dev_ws/install/abb_egm_msgs/share/abb_egm_msgs/cmake/export_abb_egm_msgs__rosidl_generator_cExport-noconfig.cmake
[15.501s] -- Installing: /home/ros2/dev_ws/install/abb_egm_msgs/share/abb_egm_msgs/cmake/export_abb_egm_msgs__rosidl_typesupport_fastrtps_cExport.cmake
[15.501s] -- Installing: /home/ros2/dev_ws/install/abb_egm_msgs/share/abb_egm_msgs/cmake/export_abb_egm_msgs__rosidl_typesupport_fastrtps_cExport-noconfig.cmake
[15.501s] -- Installing: /home/ros2/dev_ws/install/abb_egm_msgs/share/abb_egm_msgs/cmake/abb_egm_msgs__rosidl_typesupport_introspection_cExport.cmake
[15.502s] -- Installing: /home/ros2/dev_ws/install/abb_egm_msgs/share/abb_egm_msgs/cmake/abb_egm_msgs__rosidl_typesupport_introspection_cExport-noconfig.cmake
[15.502s] -- Installing: /home/ros2/dev_ws/install/abb_egm_msgs/share/abb_egm_msgs/cmake/abb_egm_msgs__rosidl_typesupport_cExport.cmake
[15.502s] -- Installing: /home/ros2/dev_ws/install/abb_egm_msgs/share/abb_egm_msgs/cmake/abb_egm_msgs__rosidl_typesupport_cExport-noconfig.cmake
[15.502s] -- Installing: /home/ros2/dev_ws/install/abb_egm_msgs/share/abb_egm_msgs/cmake/export_abb_egm_msgs__rosidl_generator_cppExport.cmake
[15.502s] -- Installing: /home/ros2/dev_ws/install/abb_egm_msgs/share/abb_egm_msgs/cmake/export_abb_egm_msgs__rosidl_typesupport_fastrtps_cppExport.cmake
[15.502s] -- Installing: /home/ros2/dev_ws/install/abb_egm_msgs/share/abb_egm_msgs/cmake/export_abb_egm_msgs__rosidl_typesupport_fastrtps_cppExport-noconfig.cmake
[15.502s] -- Installing: /home/ros2/dev_ws/install/abb_egm_msgs/share/abb_egm_msgs/cmake/abb_egm_msgs__rosidl_typesupport_introspection_cppExport.cmake
[15.502s] -- Installing: /home/ros2/dev_ws/install/abb_egm_msgs/share/abb_egm_msgs/cmake/abb_egm_msgs__rosidl_typesupport_introspection_cppExport-noconfig.cmake
[15.502s] -- Installing: /home/ros2/dev_ws/install/abb_egm_msgs/share/abb_egm_msgs/cmake/abb_egm_msgs__rosidl_typesupport_cppExport.cmake
[15.502s] -- Installing: /home/ros2/dev_ws/install/abb_egm_msgs/share/abb_egm_msgs/cmake/abb_egm_msgs__rosidl_typesupport_cppExport-noconfig.cmake
[15.502s] -- Installing: /home/ros2/dev_ws/install/abb_egm_msgs/share/abb_egm_msgs/cmake/export_abb_egm_msgs__rosidl_generator_pyExport.cmake
[15.503s] -- Installing: /home/ros2/dev_ws/install/abb_egm_msgs/share/abb_egm_msgs/cmake/export_abb_egm_msgs__rosidl_generator_pyExport-noconfig.cmake
[15.574s] Invoked command in '/home/ros2/dev_ws/build/abb_egm_msgs' returned '0': CMAKE_PREFIX_PATH=/opt/ros/humble /usr/bin/cmake --install /home/ros2/dev_ws/build/abb_egm_msgs
