[0.082s] Invoking command in '/home/ros2/dev_ws/build/ros2srrc_iiwa_moveit2': CMAKE_PREFIX_PATH=${CMAKE_PREFIX_PATH}:/opt/ros/humble /usr/bin/cmake /home/ros2/dev_ws/src/ros2_SimRealRobotControl/packages/iiwa/ros2srrc_iiwa_moveit2 -DAMENT_CMAKE_SYMLINK_INSTALL=1 -DCMAKE_INSTALL_PREFIX=/home/ros2/dev_ws/install/ros2srrc_iiwa_moveit2
[1.287s] -- The C compiler identification is GNU 11.4.0
[1.287s] -- The CXX compiler identification is GNU 11.4.0
[1.287s] -- Detecting C compiler ABI info
[1.288s] -- Detecting C compiler ABI info - done
[1.288s] -- Check for working C compiler: /usr/bin/cc - skipped
[1.288s] -- Detecting C compile features
[1.288s] -- Detecting C compile features - done
[1.288s] -- Detecting CXX compiler ABI info
[1.426s] -- Detecting CXX compiler ABI info - done
[1.488s] -- Check for working CXX compiler: /usr/bin/c++ - skipped
[1.488s] -- Detecting CXX compile features
[1.488s] -- Detecting CXX compile features - done
[1.506s] -- Found ament_cmake: 1.3.11 (/opt/ros/humble/share/ament_cmake/cmake)
[2.487s] -- Found Python3: /usr/bin/python3 (found version "3.10.12") found components: Interpreter 
[2.656s] -- Override CMake install command with custom implementation using symlinks instead of copying resources
[2.738s] -- Found ament_lint_auto: 0.12.12 (/opt/ros/humble/share/ament_lint_auto/cmake)
[2.861s] -- Added test 'copyright' to check source files copyright and LICENSE
[2.863s] -- Added test 'lint_cmake' to check CMake code style
[2.864s] -- Added test 'xmllint' to check XML markup files
[2.870s] -- Configuring done
[2.875s] -- Generating done
[2.878s] -- Build files have been written to: /home/ros2/dev_ws/build/ros2srrc_iiwa_moveit2
[2.915s] Invoked command in '/home/ros2/dev_ws/build/ros2srrc_iiwa_moveit2' returned '0': CMAKE_PREFIX_PATH=${CMAKE_PREFIX_PATH}:/opt/ros/humble /usr/bin/cmake /home/ros2/dev_ws/src/ros2_SimRealRobotControl/packages/iiwa/ros2srrc_iiwa_moveit2 -DAMENT_CMAKE_SYMLINK_INSTALL=1 -DCMAKE_INSTALL_PREFIX=/home/ros2/dev_ws/install/ros2srrc_iiwa_moveit2
[2.916s] Invoking command in '/home/ros2/dev_ws/build/ros2srrc_iiwa_moveit2': CMAKE_PREFIX_PATH=${CMAKE_PREFIX_PATH}:/opt/ros/humble /usr/bin/cmake --build /home/ros2/dev_ws/build/ros2srrc_iiwa_moveit2 -- -j16 -l16
[4.377s] Invoked command in '/home/ros2/dev_ws/build/ros2srrc_iiwa_moveit2' returned '0': CMAKE_PREFIX_PATH=${CMAKE_PREFIX_PATH}:/opt/ros/humble /usr/bin/cmake --build /home/ros2/dev_ws/build/ros2srrc_iiwa_moveit2 -- -j16 -l16
[4.377s] Invoking command in '/home/ros2/dev_ws/build/ros2srrc_iiwa_moveit2': CMAKE_PREFIX_PATH=${CMAKE_PREFIX_PATH}:/opt/ros/humble /usr/bin/cmake --install /home/ros2/dev_ws/build/ros2srrc_iiwa_moveit2
[7.287s] -- Install configuration: ""
[7.287s] -- Execute custom install script
[7.287s] -- Symlinking: /home/ros2/dev_ws/install/ros2srrc_iiwa_moveit2/share/ros2srrc_iiwa_moveit2/config/iiwa.srdf
[7.287s] -- Symlinking: /home/ros2/dev_ws/install/ros2srrc_iiwa_moveit2/share/ros2srrc_iiwa_moveit2/config/iiwa_moveit2.rviz
[7.287s] -- Symlinking: /home/ros2/dev_ws/install/ros2srrc_iiwa_moveit2/share/ros2srrc_iiwa_moveit2/config/iiwarobotiq_2f85.srdf
[7.287s] -- Symlinking: /home/ros2/dev_ws/install/ros2srrc_iiwa_moveit2/share/ros2srrc_iiwa_moveit2/config/iiwarobotiq_2f85_moveit2.rviz
[7.287s] -- Symlinking: /home/ros2/dev_ws/install/ros2srrc_iiwa_moveit2/share/ament_index/resource_index/package_run_dependencies/ros2srrc_iiwa_moveit2
[7.287s] -- Symlinking: /home/ros2/dev_ws/install/ros2srrc_iiwa_moveit2/share/ament_index/resource_index/parent_prefix_path/ros2srrc_iiwa_moveit2
[7.287s] -- Symlinking: /home/ros2/dev_ws/install/ros2srrc_iiwa_moveit2/share/ros2srrc_iiwa_moveit2/environment/ament_prefix_path.sh
[7.287s] -- Symlinking: /home/ros2/dev_ws/install/ros2srrc_iiwa_moveit2/share/ros2srrc_iiwa_moveit2/environment/ament_prefix_path.dsv
[7.290s] -- Symlinking: /home/ros2/dev_ws/install/ros2srrc_iiwa_moveit2/share/ros2srrc_iiwa_moveit2/environment/path.sh
[7.290s] -- Symlinking: /home/ros2/dev_ws/install/ros2srrc_iiwa_moveit2/share/ros2srrc_iiwa_moveit2/environment/path.dsv
[7.290s] -- Symlinking: /home/ros2/dev_ws/install/ros2srrc_iiwa_moveit2/share/ros2srrc_iiwa_moveit2/local_setup.bash
[7.290s] -- Symlinking: /home/ros2/dev_ws/install/ros2srrc_iiwa_moveit2/share/ros2srrc_iiwa_moveit2/local_setup.sh
[7.290s] -- Symlinking: /home/ros2/dev_ws/install/ros2srrc_iiwa_moveit2/share/ros2srrc_iiwa_moveit2/local_setup.zsh
[7.290s] -- Symlinking: /home/ros2/dev_ws/install/ros2srrc_iiwa_moveit2/share/ros2srrc_iiwa_moveit2/local_setup.dsv
[7.290s] -- Symlinking: /home/ros2/dev_ws/install/ros2srrc_iiwa_moveit2/share/ros2srrc_iiwa_moveit2/package.dsv
[7.290s] -- Symlinking: /home/ros2/dev_ws/install/ros2srrc_iiwa_moveit2/share/ament_index/resource_index/packages/ros2srrc_iiwa_moveit2
[7.290s] -- Symlinking: /home/ros2/dev_ws/install/ros2srrc_iiwa_moveit2/share/ros2srrc_iiwa_moveit2/cmake/ros2srrc_iiwa_moveit2Config.cmake
[7.290s] -- Symlinking: /home/ros2/dev_ws/install/ros2srrc_iiwa_moveit2/share/ros2srrc_iiwa_moveit2/cmake/ros2srrc_iiwa_moveit2Config-version.cmake
[7.290s] -- Symlinking: /home/ros2/dev_ws/install/ros2srrc_iiwa_moveit2/share/ros2srrc_iiwa_moveit2/package.xml
[7.440s] Invoked command in '/home/ros2/dev_ws/build/ros2srrc_iiwa_moveit2' returned '0': CMAKE_PREFIX_PATH=${CMAKE_PREFIX_PATH}:/opt/ros/humble /usr/bin/cmake --install /home/ros2/dev_ws/build/ros2srrc_iiwa_moveit2
