[0.044s] Invoking command in '/home/ros2/dev_ws/build/linkpose_gazebo': AMENT_PREFIX_PATH=/home/ros2/dev_ws/install/ros2_linkpose:/home/ros2/dev_ws/install/linkpose_msgs:${AMENT_PREFIX_PATH} CMAKE_PREFIX_PATH=/home/ros2/dev_ws/install/ros2_linkpose:/home/ros2/dev_ws/install/linkpose_msgs:/opt/ros/humble LD_LIBRARY_PATH=/home/ros2/dev_ws/install/ros2_linkpose/lib:/home/ros2/dev_ws/install/linkpose_msgs/lib:${LD_LIBRARY_PATH} PYTHONPATH=/home/ros2/dev_ws/install/linkpose_msgs/local/lib/python3.10/dist-packages:${PYTHONPATH} /usr/bin/cmake /home/ros2/dev_ws/src/IFRA_LinkPose/linkpose_gazebo -DAMENT_CMAKE_SYMLINK_INSTALL=1 -DCMAKE_INSTALL_PREFIX=/home/ros2/dev_ws/install/linkpose_gazebo
[0.159s] -- The C compiler identification is GNU 11.4.0
[0.295s] -- The CXX compiler identification is GNU 11.4.0
[0.312s] -- Detecting C compiler ABI info
[0.493s] -- Detecting C compiler ABI info - done
[0.511s] -- Check for working C compiler: /usr/bin/cc - skipped
[0.512s] -- Detecting C compile features
[0.517s] -- Detecting C compile features - done
[0.518s] -- Detecting CXX compiler ABI info
[0.737s] -- Detecting CXX compiler ABI info - done
[0.752s] -- Check for working CXX compiler: /usr/bin/c++ - skipped
[0.752s] -- Detecting CXX compile features
[0.754s] -- Detecting CXX compile features - done
[0.759s] -- Found ament_cmake: 1.3.11 (/opt/ros/humble/share/ament_cmake/cmake)
[1.173s] -- Found Python3: /usr/bin/python3 (found version "3.10.12") found components: Interpreter 
[1.338s] -- Override CMake install command with custom implementation using symlinks instead of copying resources
[1.412s] -- Found ament_lint_auto: 0.12.12 (/opt/ros/humble/share/ament_lint_auto/cmake)
[1.663s] -- Added test 'copyright' to check source files copyright and LICENSE
[1.669s] -- Added test 'flake8' to check Python code syntax and style conventions
[1.670s] -- Added test 'lint_cmake' to check CMake code style
[1.670s] -- Added test 'pep257' to check Python code against some of the docstring style conventions in PEP 257
[1.671s] -- Added test 'xmllint' to check XML markup files
[1.678s] -- Configuring done
[1.689s] -- Generating done
[1.692s] -- Build files have been written to: /home/ros2/dev_ws/build/linkpose_gazebo
[1.725s] Invoked command in '/home/ros2/dev_ws/build/linkpose_gazebo' returned '0': AMENT_PREFIX_PATH=/home/ros2/dev_ws/install/ros2_linkpose:/home/ros2/dev_ws/install/linkpose_msgs:${AMENT_PREFIX_PATH} CMAKE_PREFIX_PATH=/home/ros2/dev_ws/install/ros2_linkpose:/home/ros2/dev_ws/install/linkpose_msgs:/opt/ros/humble LD_LIBRARY_PATH=/home/ros2/dev_ws/install/ros2_linkpose/lib:/home/ros2/dev_ws/install/linkpose_msgs/lib:${LD_LIBRARY_PATH} PYTHONPATH=/home/ros2/dev_ws/install/linkpose_msgs/local/lib/python3.10/dist-packages:${PYTHONPATH} /usr/bin/cmake /home/ros2/dev_ws/src/IFRA_LinkPose/linkpose_gazebo -DAMENT_CMAKE_SYMLINK_INSTALL=1 -DCMAKE_INSTALL_PREFIX=/home/ros2/dev_ws/install/linkpose_gazebo
[1.731s] Invoking command in '/home/ros2/dev_ws/build/linkpose_gazebo': AMENT_PREFIX_PATH=/home/ros2/dev_ws/install/ros2_linkpose:/home/ros2/dev_ws/install/linkpose_msgs:${AMENT_PREFIX_PATH} CMAKE_PREFIX_PATH=/home/ros2/dev_ws/install/ros2_linkpose:/home/ros2/dev_ws/install/linkpose_msgs:/opt/ros/humble LD_LIBRARY_PATH=/home/ros2/dev_ws/install/ros2_linkpose/lib:/home/ros2/dev_ws/install/linkpose_msgs/lib:${LD_LIBRARY_PATH} PYTHONPATH=/home/ros2/dev_ws/install/linkpose_msgs/local/lib/python3.10/dist-packages:${PYTHONPATH} /usr/bin/cmake --build /home/ros2/dev_ws/build/linkpose_gazebo -- -j16 -l16
[1.853s] Invoked command in '/home/ros2/dev_ws/build/linkpose_gazebo' returned '0': AMENT_PREFIX_PATH=/home/ros2/dev_ws/install/ros2_linkpose:/home/ros2/dev_ws/install/linkpose_msgs:${AMENT_PREFIX_PATH} CMAKE_PREFIX_PATH=/home/ros2/dev_ws/install/ros2_linkpose:/home/ros2/dev_ws/install/linkpose_msgs:/opt/ros/humble LD_LIBRARY_PATH=/home/ros2/dev_ws/install/ros2_linkpose/lib:/home/ros2/dev_ws/install/linkpose_msgs/lib:${LD_LIBRARY_PATH} PYTHONPATH=/home/ros2/dev_ws/install/linkpose_msgs/local/lib/python3.10/dist-packages:${PYTHONPATH} /usr/bin/cmake --build /home/ros2/dev_ws/build/linkpose_gazebo -- -j16 -l16
[1.857s] Invoking command in '/home/ros2/dev_ws/build/linkpose_gazebo': AMENT_PREFIX_PATH=/home/ros2/dev_ws/install/ros2_linkpose:/home/ros2/dev_ws/install/linkpose_msgs:${AMENT_PREFIX_PATH} CMAKE_PREFIX_PATH=/home/ros2/dev_ws/install/ros2_linkpose:/home/ros2/dev_ws/install/linkpose_msgs:/opt/ros/humble LD_LIBRARY_PATH=/home/ros2/dev_ws/install/ros2_linkpose/lib:/home/ros2/dev_ws/install/linkpose_msgs/lib:${LD_LIBRARY_PATH} PYTHONPATH=/home/ros2/dev_ws/install/linkpose_msgs/local/lib/python3.10/dist-packages:${PYTHONPATH} /usr/bin/cmake --install /home/ros2/dev_ws/build/linkpose_gazebo
[1.879s] -- Install configuration: ""
[1.879s] -- Execute custom install script
[1.880s] -- Symlinking: /home/ros2/dev_ws/install/linkpose_gazebo/share/linkpose_gazebo/launch/linkpose.launch.py
[1.905s] -- Symlinking: /home/ros2/dev_ws/install/linkpose_gazebo/share/linkpose_gazebo/worlds/linkpose.world
[1.939s] -- Symlinking: /home/ros2/dev_ws/install/linkpose_gazebo/share/linkpose_gazebo/urdf/box.urdf
[1.971s] -- Symlinking: /home/ros2/dev_ws/install/linkpose_gazebo/share/ament_index/resource_index/package_run_dependencies/linkpose_gazebo
[2.003s] -- Symlinking: /home/ros2/dev_ws/install/linkpose_gazebo/share/ament_index/resource_index/parent_prefix_path/linkpose_gazebo
[2.034s] -- Symlinking: /home/ros2/dev_ws/install/linkpose_gazebo/share/linkpose_gazebo/environment/ament_prefix_path.sh
[2.065s] -- Symlinking: /home/ros2/dev_ws/install/linkpose_gazebo/share/linkpose_gazebo/environment/ament_prefix_path.dsv
[2.095s] -- Symlinking: /home/ros2/dev_ws/install/linkpose_gazebo/share/linkpose_gazebo/environment/path.sh
[2.119s] -- Symlinking: /home/ros2/dev_ws/install/linkpose_gazebo/share/linkpose_gazebo/environment/path.dsv
[2.148s] -- Symlinking: /home/ros2/dev_ws/install/linkpose_gazebo/share/linkpose_gazebo/local_setup.bash
[2.179s] -- Symlinking: /home/ros2/dev_ws/install/linkpose_gazebo/share/linkpose_gazebo/local_setup.sh
[2.207s] -- Symlinking: /home/ros2/dev_ws/install/linkpose_gazebo/share/linkpose_gazebo/local_setup.zsh
[2.232s] -- Symlinking: /home/ros2/dev_ws/install/linkpose_gazebo/share/linkpose_gazebo/local_setup.dsv
[2.262s] -- Symlinking: /home/ros2/dev_ws/install/linkpose_gazebo/share/linkpose_gazebo/package.dsv
[2.291s] -- Symlinking: /home/ros2/dev_ws/install/linkpose_gazebo/share/ament_index/resource_index/packages/linkpose_gazebo
[2.319s] -- Symlinking: /home/ros2/dev_ws/install/linkpose_gazebo/share/linkpose_gazebo/cmake/linkpose_gazeboConfig.cmake
[2.350s] -- Symlinking: /home/ros2/dev_ws/install/linkpose_gazebo/share/linkpose_gazebo/cmake/linkpose_gazeboConfig-version.cmake
[2.377s] -- Symlinking: /home/ros2/dev_ws/install/linkpose_gazebo/share/linkpose_gazebo/package.xml
[2.412s] Invoked command in '/home/ros2/dev_ws/build/linkpose_gazebo' returned '0': AMENT_PREFIX_PATH=/home/ros2/dev_ws/install/ros2_linkpose:/home/ros2/dev_ws/install/linkpose_msgs:${AMENT_PREFIX_PATH} CMAKE_PREFIX_PATH=/home/ros2/dev_ws/install/ros2_linkpose:/home/ros2/dev_ws/install/linkpose_msgs:/opt/ros/humble LD_LIBRARY_PATH=/home/ros2/dev_ws/install/ros2_linkpose/lib:/home/ros2/dev_ws/install/linkpose_msgs/lib:${LD_LIBRARY_PATH} PYTHONPATH=/home/ros2/dev_ws/install/linkpose_msgs/local/lib/python3.10/dist-packages:${PYTHONPATH} /usr/bin/cmake --install /home/ros2/dev_ws/build/linkpose_gazebo
