[0.089s] Invoking command in '/home/ros2/dev_ws/build/ros2srrc_ur10_gazebo': CMAKE_PREFIX_PATH=${CMAKE_PREFIX_PATH}:/opt/ros/humble /usr/bin/cmake /home/ros2/dev_ws/src/ros2_SimRealRobotControl/packages/ur10/ros2srrc_ur10_gazebo -DAMENT_CMAKE_SYMLINK_INSTALL=1 -DCMAKE_INSTALL_PREFIX=/home/ros2/dev_ws/install/ros2srrc_ur10_gazebo
[2.553s] -- The C compiler identification is GNU 11.4.0
[2.553s] -- The CXX compiler identification is GNU 11.4.0
[2.553s] -- Detecting C compiler ABI info
[2.553s] -- Detecting C compiler ABI info - done
[2.554s] -- Check for working C compiler: /usr/bin/cc - skipped
[2.554s] -- Detecting C compile features
[2.554s] -- Detecting C compile features - done
[2.554s] -- Detecting CXX compiler ABI info
[2.554s] -- Detecting CXX compiler ABI info - done
[2.554s] -- Check for working CXX compiler: /usr/bin/c++ - skipped
[2.554s] -- Detecting CXX compile features
[2.554s] -- Detecting CXX compile features - done
[2.554s] -- Found ament_cmake: 1.3.11 (/opt/ros/humble/share/ament_cmake/cmake)
[2.554s] -- Found Python3: /usr/bin/python3 (found version "3.10.12") found components: Interpreter 
[2.555s] -- Override CMake install command with custom implementation using symlinks instead of copying resources
[2.555s] -- Found ament_lint_auto: 0.12.12 (/opt/ros/humble/share/ament_lint_auto/cmake)
[2.790s] -- Added test 'copyright' to check source files copyright and LICENSE
[2.804s] -- Added test 'lint_cmake' to check CMake code style
[2.804s] -- Added test 'xmllint' to check XML markup files
[2.812s] -- Configuring done
[2.824s] -- Generating done
[2.838s] -- Build files have been written to: /home/ros2/dev_ws/build/ros2srrc_ur10_gazebo
[2.859s] Invoked command in '/home/ros2/dev_ws/build/ros2srrc_ur10_gazebo' returned '0': CMAKE_PREFIX_PATH=${CMAKE_PREFIX_PATH}:/opt/ros/humble /usr/bin/cmake /home/ros2/dev_ws/src/ros2_SimRealRobotControl/packages/ur10/ros2srrc_ur10_gazebo -DAMENT_CMAKE_SYMLINK_INSTALL=1 -DCMAKE_INSTALL_PREFIX=/home/ros2/dev_ws/install/ros2srrc_ur10_gazebo
[2.859s] Invoking command in '/home/ros2/dev_ws/build/ros2srrc_ur10_gazebo': CMAKE_PREFIX_PATH=${CMAKE_PREFIX_PATH}:/opt/ros/humble /usr/bin/cmake --build /home/ros2/dev_ws/build/ros2srrc_ur10_gazebo -- -j16 -l16
[3.241s] Invoked command in '/home/ros2/dev_ws/build/ros2srrc_ur10_gazebo' returned '0': CMAKE_PREFIX_PATH=${CMAKE_PREFIX_PATH}:/opt/ros/humble /usr/bin/cmake --build /home/ros2/dev_ws/build/ros2srrc_ur10_gazebo -- -j16 -l16
[3.247s] Invoking command in '/home/ros2/dev_ws/build/ros2srrc_ur10_gazebo': CMAKE_PREFIX_PATH=${CMAKE_PREFIX_PATH}:/opt/ros/humble /usr/bin/cmake --install /home/ros2/dev_ws/build/ros2srrc_ur10_gazebo
[3.457s] -- Install configuration: ""
[3.457s] -- Execute custom install script
[3.457s] -- Symlinking: /home/ros2/dev_ws/install/ros2srrc_ur10_gazebo/share/ros2srrc_ur10_gazebo/config/configurations.yaml
[3.457s] -- Symlinking: /home/ros2/dev_ws/install/ros2srrc_ur10_gazebo/share/ros2srrc_ur10_gazebo/urdf/ur10.urdf.xacro
[3.458s] -- Symlinking: /home/ros2/dev_ws/install/ros2srrc_ur10_gazebo/share/ros2srrc_ur10_gazebo/urdf/ur10_robotiq_2f85.urdf.xacro
[3.458s] -- Symlinking: /home/ros2/dev_ws/install/ros2srrc_ur10_gazebo/share/ros2srrc_ur10_gazebo/urdf/ur10_robotiq_hande.urdf.xacro
[3.472s] -- Symlinking: /home/ros2/dev_ws/install/ros2srrc_ur10_gazebo/share/ros2srrc_ur10_gazebo/worlds/ros2srrc_ur10.world
[3.472s] -- Symlinking: /home/ros2/dev_ws/install/ros2srrc_ur10_gazebo/share/ament_index/resource_index/package_run_dependencies/ros2srrc_ur10_gazebo
[3.473s] -- Symlinking: /home/ros2/dev_ws/install/ros2srrc_ur10_gazebo/share/ament_index/resource_index/parent_prefix_path/ros2srrc_ur10_gazebo
[3.473s] -- Symlinking: /home/ros2/dev_ws/install/ros2srrc_ur10_gazebo/share/ros2srrc_ur10_gazebo/environment/ament_prefix_path.sh
[3.473s] -- Symlinking: /home/ros2/dev_ws/install/ros2srrc_ur10_gazebo/share/ros2srrc_ur10_gazebo/environment/ament_prefix_path.dsv
[3.474s] -- Symlinking: /home/ros2/dev_ws/install/ros2srrc_ur10_gazebo/share/ros2srrc_ur10_gazebo/environment/path.sh
[3.479s] -- Symlinking: /home/ros2/dev_ws/install/ros2srrc_ur10_gazebo/share/ros2srrc_ur10_gazebo/environment/path.dsv
[3.488s] -- Symlinking: /home/ros2/dev_ws/install/ros2srrc_ur10_gazebo/share/ros2srrc_ur10_gazebo/local_setup.bash
[3.512s] -- Symlinking: /home/ros2/dev_ws/install/ros2srrc_ur10_gazebo/share/ros2srrc_ur10_gazebo/local_setup.sh
[3.524s] -- Symlinking: /home/ros2/dev_ws/install/ros2srrc_ur10_gazebo/share/ros2srrc_ur10_gazebo/local_setup.zsh
[3.548s] -- Symlinking: /home/ros2/dev_ws/install/ros2srrc_ur10_gazebo/share/ros2srrc_ur10_gazebo/local_setup.dsv
[3.570s] -- Symlinking: /home/ros2/dev_ws/install/ros2srrc_ur10_gazebo/share/ros2srrc_ur10_gazebo/package.dsv
[3.584s] -- Symlinking: /home/ros2/dev_ws/install/ros2srrc_ur10_gazebo/share/ament_index/resource_index/packages/ros2srrc_ur10_gazebo
[3.616s] -- Symlinking: /home/ros2/dev_ws/install/ros2srrc_ur10_gazebo/share/ros2srrc_ur10_gazebo/cmake/ros2srrc_ur10_gazeboConfig.cmake
[3.632s] -- Symlinking: /home/ros2/dev_ws/install/ros2srrc_ur10_gazebo/share/ros2srrc_ur10_gazebo/cmake/ros2srrc_ur10_gazeboConfig-version.cmake
[3.673s] -- Symlinking: /home/ros2/dev_ws/install/ros2srrc_ur10_gazebo/share/ros2srrc_ur10_gazebo/package.xml
[3.743s] Invoked command in '/home/ros2/dev_ws/build/ros2srrc_ur10_gazebo' returned '0': CMAKE_PREFIX_PATH=${CMAKE_PREFIX_PATH}:/opt/ros/humble /usr/bin/cmake --install /home/ros2/dev_ws/build/ros2srrc_ur10_gazebo
