[0.170s] Invoking command in '/home/ros2/dev_ws/build/ros2srrc_ur10_gazebo': CMAKE_PREFIX_PATH=/opt/ros/humble /usr/bin/cmake /home/ros2/dev_ws/src/ros2_SimRealRobotControl/packages/ur10/ros2srrc_ur10_gazebo -DAMENT_CMAKE_SYMLINK_INSTALL=1 -DCMAKE_INSTALL_PREFIX=/home/ros2/dev_ws/install/ros2srrc_ur10_gazebo
[0.563s] -- The C compiler identification is GNU 11.4.0
[0.563s] -- The CXX compiler identification is GNU 11.4.0
[0.571s] -- Detecting C compiler ABI info
[0.824s] -- Detecting C compiler ABI info - done
[0.846s] -- Check for working C compiler: /usr/bin/cc - skipped
[0.846s] -- Detecting C compile features
[0.847s] -- Detecting C compile features - done
[0.854s] -- Detecting CXX compiler ABI info
[1.086s] -- Detecting CXX compiler ABI info - done
[1.107s] -- Check for working CXX compiler: /usr/bin/c++ - skipped
[1.107s] -- Detecting CXX compile features
[1.107s] -- Detecting CXX compile features - done
[1.113s] -- Found ament_cmake: 1.3.11 (/opt/ros/humble/share/ament_cmake/cmake)
[1.647s] -- Found Python3: /usr/bin/python3 (found version "3.10.12") found components: Interpreter 
[1.877s] -- Override CMake install command with custom implementation using symlinks instead of copying resources
[1.941s] -- Found ament_lint_auto: 0.12.12 (/opt/ros/humble/share/ament_lint_auto/cmake)
[2.193s] -- Added test 'copyright' to check source files copyright and LICENSE
[2.195s] -- Added test 'lint_cmake' to check CMake code style
[2.205s] -- Added test 'xmllint' to check XML markup files
[2.205s] -- Configuring done
[2.213s] -- Generating done
[2.215s] -- Build files have been written to: /home/ros2/dev_ws/build/ros2srrc_ur10_gazebo
[2.312s] Invoked command in '/home/ros2/dev_ws/build/ros2srrc_ur10_gazebo' returned '0': CMAKE_PREFIX_PATH=/opt/ros/humble /usr/bin/cmake /home/ros2/dev_ws/src/ros2_SimRealRobotControl/packages/ur10/ros2srrc_ur10_gazebo -DAMENT_CMAKE_SYMLINK_INSTALL=1 -DCMAKE_INSTALL_PREFIX=/home/ros2/dev_ws/install/ros2srrc_ur10_gazebo
[2.321s] Invoking command in '/home/ros2/dev_ws/build/ros2srrc_ur10_gazebo': CMAKE_PREFIX_PATH=/opt/ros/humble /usr/bin/cmake --build /home/ros2/dev_ws/build/ros2srrc_ur10_gazebo -- -j16 -l16
[2.750s] Invoked command in '/home/ros2/dev_ws/build/ros2srrc_ur10_gazebo' returned '0': CMAKE_PREFIX_PATH=/opt/ros/humble /usr/bin/cmake --build /home/ros2/dev_ws/build/ros2srrc_ur10_gazebo -- -j16 -l16
[2.751s] Invoking command in '/home/ros2/dev_ws/build/ros2srrc_ur10_gazebo': CMAKE_PREFIX_PATH=/opt/ros/humble /usr/bin/cmake --install /home/ros2/dev_ws/build/ros2srrc_ur10_gazebo
[2.810s] -- Install configuration: ""
[2.810s] -- Execute custom install script
[2.819s] -- Symlinking: /home/ros2/dev_ws/install/ros2srrc_ur10_gazebo/share/ros2srrc_ur10_gazebo/config/configurations.yaml
[2.820s] -- Symlinking: /home/ros2/dev_ws/install/ros2srrc_ur10_gazebo/share/ros2srrc_ur10_gazebo/urdf/ur10.urdf.xacro
[2.820s] -- Symlinking: /home/ros2/dev_ws/install/ros2srrc_ur10_gazebo/share/ros2srrc_ur10_gazebo/urdf/ur10_robotiq_2f85.urdf.xacro
[2.847s] -- Symlinking: /home/ros2/dev_ws/install/ros2srrc_ur10_gazebo/share/ros2srrc_ur10_gazebo/urdf/ur10_robotiq_hande.urdf.xacro
[2.864s] -- Symlinking: /home/ros2/dev_ws/install/ros2srrc_ur10_gazebo/share/ros2srrc_ur10_gazebo/worlds/ros2srrc_ur10.world
[2.882s] -- Symlinking: /home/ros2/dev_ws/install/ros2srrc_ur10_gazebo/share/ament_index/resource_index/package_run_dependencies/ros2srrc_ur10_gazebo
[2.904s] -- Symlinking: /home/ros2/dev_ws/install/ros2srrc_ur10_gazebo/share/ament_index/resource_index/parent_prefix_path/ros2srrc_ur10_gazebo
[2.929s] -- Symlinking: /home/ros2/dev_ws/install/ros2srrc_ur10_gazebo/share/ros2srrc_ur10_gazebo/environment/ament_prefix_path.sh
[2.944s] -- Symlinking: /home/ros2/dev_ws/install/ros2srrc_ur10_gazebo/share/ros2srrc_ur10_gazebo/environment/ament_prefix_path.dsv
[2.968s] -- Symlinking: /home/ros2/dev_ws/install/ros2srrc_ur10_gazebo/share/ros2srrc_ur10_gazebo/environment/path.sh
[2.983s] -- Symlinking: /home/ros2/dev_ws/install/ros2srrc_ur10_gazebo/share/ros2srrc_ur10_gazebo/environment/path.dsv
[2.994s] -- Symlinking: /home/ros2/dev_ws/install/ros2srrc_ur10_gazebo/share/ros2srrc_ur10_gazebo/local_setup.bash
[3.016s] -- Symlinking: /home/ros2/dev_ws/install/ros2srrc_ur10_gazebo/share/ros2srrc_ur10_gazebo/local_setup.sh
[3.035s] -- Symlinking: /home/ros2/dev_ws/install/ros2srrc_ur10_gazebo/share/ros2srrc_ur10_gazebo/local_setup.zsh
[3.054s] -- Symlinking: /home/ros2/dev_ws/install/ros2srrc_ur10_gazebo/share/ros2srrc_ur10_gazebo/local_setup.dsv
[3.078s] -- Symlinking: /home/ros2/dev_ws/install/ros2srrc_ur10_gazebo/share/ros2srrc_ur10_gazebo/package.dsv
[3.091s] -- Symlinking: /home/ros2/dev_ws/install/ros2srrc_ur10_gazebo/share/ament_index/resource_index/packages/ros2srrc_ur10_gazebo
[3.101s] -- Symlinking: /home/ros2/dev_ws/install/ros2srrc_ur10_gazebo/share/ros2srrc_ur10_gazebo/cmake/ros2srrc_ur10_gazeboConfig.cmake
[3.112s] -- Symlinking: /home/ros2/dev_ws/install/ros2srrc_ur10_gazebo/share/ros2srrc_ur10_gazebo/cmake/ros2srrc_ur10_gazeboConfig-version.cmake
[3.122s] -- Symlinking: /home/ros2/dev_ws/install/ros2srrc_ur10_gazebo/share/ros2srrc_ur10_gazebo/package.xml
[3.155s] Invoked command in '/home/ros2/dev_ws/build/ros2srrc_ur10_gazebo' returned '0': CMAKE_PREFIX_PATH=/opt/ros/humble /usr/bin/cmake --install /home/ros2/dev_ws/build/ros2srrc_ur10_gazebo
