[0.126s] Invoking command in '/home/ros2/dev_ws/build/ros2srrc_ur10e_gazebo': CMAKE_PREFIX_PATH=/opt/ros/humble /usr/bin/cmake /home/ros2/dev_ws/src/ros2_SimRealRobotControl/packages/ur10e/ros2srrc_ur10e_gazebo -DAMENT_CMAKE_SYMLINK_INSTALL=1 -DCMAKE_INSTALL_PREFIX=/home/ros2/dev_ws/install/ros2srrc_ur10e_gazebo
[2.147s] -- The C compiler identification is GNU 11.4.0
[2.148s] -- The CXX compiler identification is GNU 11.4.0
[2.148s] -- Detecting C compiler ABI info
[2.148s] -- Detecting C compiler ABI info - done
[2.163s] -- Check for working C compiler: /usr/bin/cc - skipped
[2.163s] -- Detecting C compile features
[2.163s] -- Detecting C compile features - done
[2.164s] -- Detecting CXX compiler ABI info
[2.164s] -- Detecting CXX compiler ABI info - done
[2.164s] -- Check for working CXX compiler: /usr/bin/c++ - skipped
[2.164s] -- Detecting CXX compile features
[2.164s] -- Detecting CXX compile features - done
[2.164s] -- Found ament_cmake: 1.3.11 (/opt/ros/humble/share/ament_cmake/cmake)
[2.164s] -- Found Python3: /usr/bin/python3 (found version "3.10.12") found components: Interpreter 
[2.164s] -- Override CMake install command with custom implementation using symlinks instead of copying resources
[2.164s] -- Found ament_lint_auto: 0.12.12 (/opt/ros/humble/share/ament_lint_auto/cmake)
[2.165s] -- Added test 'copyright' to check source files copyright and LICENSE
[2.165s] -- Added test 'lint_cmake' to check CMake code style
[2.165s] -- Added test 'xmllint' to check XML markup files
[2.165s] -- Configuring done
[2.165s] -- Generating done
[2.165s] -- Build files have been written to: /home/ros2/dev_ws/build/ros2srrc_ur10e_gazebo
[2.244s] Invoked command in '/home/ros2/dev_ws/build/ros2srrc_ur10e_gazebo' returned '0': CMAKE_PREFIX_PATH=/opt/ros/humble /usr/bin/cmake /home/ros2/dev_ws/src/ros2_SimRealRobotControl/packages/ur10e/ros2srrc_ur10e_gazebo -DAMENT_CMAKE_SYMLINK_INSTALL=1 -DCMAKE_INSTALL_PREFIX=/home/ros2/dev_ws/install/ros2srrc_ur10e_gazebo
[2.245s] Invoking command in '/home/ros2/dev_ws/build/ros2srrc_ur10e_gazebo': CMAKE_PREFIX_PATH=/opt/ros/humble /usr/bin/cmake --build /home/ros2/dev_ws/build/ros2srrc_ur10e_gazebo -- -j16 -l16
[2.662s] Invoked command in '/home/ros2/dev_ws/build/ros2srrc_ur10e_gazebo' returned '0': CMAKE_PREFIX_PATH=/opt/ros/humble /usr/bin/cmake --build /home/ros2/dev_ws/build/ros2srrc_ur10e_gazebo -- -j16 -l16
[2.675s] Invoking command in '/home/ros2/dev_ws/build/ros2srrc_ur10e_gazebo': CMAKE_PREFIX_PATH=/opt/ros/humble /usr/bin/cmake --install /home/ros2/dev_ws/build/ros2srrc_ur10e_gazebo
[2.767s] -- Install configuration: ""
[2.767s] -- Execute custom install script
[2.767s] -- Symlinking: /home/ros2/dev_ws/install/ros2srrc_ur10e_gazebo/share/ros2srrc_ur10e_gazebo/config/configurations.yaml
[2.767s] -- Symlinking: /home/ros2/dev_ws/install/ros2srrc_ur10e_gazebo/share/ros2srrc_ur10e_gazebo/urdf/ur10e.urdf.xacro
[2.767s] -- Symlinking: /home/ros2/dev_ws/install/ros2srrc_ur10e_gazebo/share/ros2srrc_ur10e_gazebo/urdf/ur10e_robotiq_2f85.urdf.xacro
[2.773s] -- Symlinking: /home/ros2/dev_ws/install/ros2srrc_ur10e_gazebo/share/ros2srrc_ur10e_gazebo/urdf/ur10e_robotiq_hande.urdf.xacro
[2.792s] -- Symlinking: /home/ros2/dev_ws/install/ros2srrc_ur10e_gazebo/share/ros2srrc_ur10e_gazebo/worlds/ros2srrc_ur10e.world
[2.818s] -- Symlinking: /home/ros2/dev_ws/install/ros2srrc_ur10e_gazebo/share/ament_index/resource_index/package_run_dependencies/ros2srrc_ur10e_gazebo
[2.840s] -- Symlinking: /home/ros2/dev_ws/install/ros2srrc_ur10e_gazebo/share/ament_index/resource_index/parent_prefix_path/ros2srrc_ur10e_gazebo
[2.868s] -- Symlinking: /home/ros2/dev_ws/install/ros2srrc_ur10e_gazebo/share/ros2srrc_ur10e_gazebo/environment/ament_prefix_path.sh
[2.886s] -- Symlinking: /home/ros2/dev_ws/install/ros2srrc_ur10e_gazebo/share/ros2srrc_ur10e_gazebo/environment/ament_prefix_path.dsv
[2.914s] -- Symlinking: /home/ros2/dev_ws/install/ros2srrc_ur10e_gazebo/share/ros2srrc_ur10e_gazebo/environment/path.sh
[2.930s] -- Symlinking: /home/ros2/dev_ws/install/ros2srrc_ur10e_gazebo/share/ros2srrc_ur10e_gazebo/environment/path.dsv
[2.950s] -- Symlinking: /home/ros2/dev_ws/install/ros2srrc_ur10e_gazebo/share/ros2srrc_ur10e_gazebo/local_setup.bash
[2.975s] -- Symlinking: /home/ros2/dev_ws/install/ros2srrc_ur10e_gazebo/share/ros2srrc_ur10e_gazebo/local_setup.sh
[3.000s] -- Symlinking: /home/ros2/dev_ws/install/ros2srrc_ur10e_gazebo/share/ros2srrc_ur10e_gazebo/local_setup.zsh
[3.009s] -- Symlinking: /home/ros2/dev_ws/install/ros2srrc_ur10e_gazebo/share/ros2srrc_ur10e_gazebo/local_setup.dsv
[3.039s] -- Symlinking: /home/ros2/dev_ws/install/ros2srrc_ur10e_gazebo/share/ros2srrc_ur10e_gazebo/package.dsv
[3.064s] -- Symlinking: /home/ros2/dev_ws/install/ros2srrc_ur10e_gazebo/share/ament_index/resource_index/packages/ros2srrc_ur10e_gazebo
[3.074s] -- Symlinking: /home/ros2/dev_ws/install/ros2srrc_ur10e_gazebo/share/ros2srrc_ur10e_gazebo/cmake/ros2srrc_ur10e_gazeboConfig.cmake
[3.084s] -- Symlinking: /home/ros2/dev_ws/install/ros2srrc_ur10e_gazebo/share/ros2srrc_ur10e_gazebo/cmake/ros2srrc_ur10e_gazeboConfig-version.cmake
[3.100s] -- Symlinking: /home/ros2/dev_ws/install/ros2srrc_ur10e_gazebo/share/ros2srrc_ur10e_gazebo/package.xml
[3.125s] Invoked command in '/home/ros2/dev_ws/build/ros2srrc_ur10e_gazebo' returned '0': CMAKE_PREFIX_PATH=/opt/ros/humble /usr/bin/cmake --install /home/ros2/dev_ws/build/ros2srrc_ur10e_gazebo
