[0.051s] Invoking command in '/home/ros2/dev_ws/build/ros2_objectpose': CMAKE_PREFIX_PATH=/home/ros2/dev_ws/install/objectpose_msgs:/home/ros2/dev_ws/install/my_package:/home/ros2/dev_ws/install/ros2srrc_ur5e_moveit2:/home/ros2/dev_ws/install/ros2srrc_ur5e_gazebo:/home/ros2/dev_ws/install/ros2srrc_ur5_moveit2:/home/ros2/dev_ws/install/ros2srrc_ur5_gazebo:/home/ros2/dev_ws/install/ros2srrc_ur3e_moveit2:/home/ros2/dev_ws/install/ros2srrc_ur3e_gazebo:/home/ros2/dev_ws/install/ros2srrc_ur3_moveit2:/home/ros2/dev_ws/install/ros2srrc_ur3_gazebo:/home/ros2/dev_ws/install/ros2srrc_ur20_moveit2:/home/ros2/dev_ws/install/ros2srrc_ur20_gazebo:/home/ros2/dev_ws/install/ros2srrc_ur16e_moveit2:/home/ros2/dev_ws/install/ros2srrc_ur16e_gazebo:/home/ros2/dev_ws/install/ros2srrc_ur10e_moveit2:/home/ros2/dev_ws/install/ros2srrc_ur10e_gazebo:/home/ros2/dev_ws/install/ros2srrc_ur10_moveit2:/home/ros2/dev_ws/install/ros2srrc_ur10_gazebo:/home/ros2/dev_ws/install/ros2srrc_rx160_moveit2:/home/ros2/dev_ws/install/ros2srrc_rx160_gazebo:/home/ros2/dev_ws/install/ros2srrc_robots:/home/ros2/dev_ws/install/ros2srrc_launch:/home/ros2/dev_ws/install/ros2srrc_irb6640_moveit2:/home/ros2/dev_ws/install/ros2srrc_irb6640_gazebo:/home/ros2/dev_ws/install/ros2srrc_irb1600_moveit2:/home/ros2/dev_ws/install/ros2srrc_irb1600_gazebo:/home/ros2/dev_ws/install/ros2srrc_irb120_moveit2:/home/ros2/dev_ws/install/ros2srrc_irb120_gazebo:/home/ros2/dev_ws/install/ros2srrc_irb1200_moveit2:/home/ros2/dev_ws/install/ros2srrc_irb1200_gazebo:/home/ros2/dev_ws/install/ros2srrc_iiwa_moveit2:/home/ros2/dev_ws/install/ros2srrc_iiwa_gazebo:/home/ros2/dev_ws/install/ros2srrc_execution:/home/ros2/dev_ws/install/ros2srrc_endeffectors:/home/ros2/dev_ws/install/ros2srrc_data:/home/ros2/dev_ws/install/ros2_robotiqgripper:/home/ros2/dev_ws/install/ros2_objectpose:/home/ros2/dev_ws/install/ros2_linkpose:/home/ros2/dev_ws/install/ros2_linkattacher:/home/ros2/dev_ws/install/objectpose_gazebo:/home/ros2/dev_ws/install/linkpose_msgs:/home/ros2/dev_ws/install/linkpose_gazebo:/home/ros2/dev_ws/install/linkattacher_msgs:/home/ros2/dev_ws/install/gazebo_ros2_control_demos:/home/ros2/dev_ws/install/gazebo_ros2_control:/home/ros2/dev_ws/install/abb_rws_client:/home/ros2/dev_ws/install/abb_ros2:/home/ros2/dev_ws/install/abb_robot_msgs:/home/ros2/dev_ws/install/abb_resources:/home/ros2/dev_ws/install/abb_rapid_sm_addin_msgs:/home/ros2/dev_ws/install/abb_rapid_msgs:/home/ros2/dev_ws/install/abb_hardware_interface:/home/ros2/dev_ws/install/abb_egm_rws_managers:/home/ros2/dev_ws/install/abb_librws:/home/ros2/dev_ws/install/abb_libegm:/home/ros2/dev_ws/install/abb_irb4600_support:/home/ros2/dev_ws/install/abb_irb1200_5_90_moveit_config:/home/ros2/dev_ws/install/abb_irb1200_support:/home/ros2/dev_ws/install/abb_egm_msgs:/home/ros2/dev_ws/install/abb_bringup:/opt/ros/humble LD_LIBRARY_PATH=/home/ros2/dev_ws/install/objectpose_msgs/lib:/home/ros2/dev_ws/install/ros2srrc_data/lib:/home/ros2/dev_ws/install/ros2_robotiqgripper/lib:/home/ros2/dev_ws/install/ros2_objectpose/lib:/home/ros2/dev_ws/install/ros2_linkpose/lib:/home/ros2/dev_ws/install/ros2_linkattacher/lib:/home/ros2/dev_ws/install/linkpose_msgs/lib:/home/ros2/dev_ws/install/linkattacher_msgs/lib:/home/ros2/dev_ws/install/gazebo_ros2_control/lib:/home/ros2/dev_ws/install/abb_robot_msgs/lib:/home/ros2/dev_ws/install/abb_rapid_sm_addin_msgs/lib:/home/ros2/dev_ws/install/abb_rapid_msgs/lib:/home/ros2/dev_ws/install/abb_hardware_interface/lib:/home/ros2/dev_ws/install/abb_egm_rws_managers/lib:/home/ros2/dev_ws/install/abb_librws/lib:/home/ros2/dev_ws/install/abb_libegm/lib:/home/ros2/dev_ws/install/abb_egm_msgs/lib:/usr/lib/x86_64-linux-gnu/gazebo-11/plugins:/opt/ros/humble/opt/rviz_ogre_vendor/lib:/opt/ros/humble/lib/x86_64-linux-gnu:/opt/ros/humble/lib /usr/bin/cmake /home/ros2/dev_ws/src/IFRA_ObjectPose/ros2_objectpose -DAMENT_CMAKE_SYMLINK_INSTALL=1 -DCMAKE_INSTALL_PREFIX=/home/ros2/dev_ws/install/ros2_objectpose
[0.641s] -- The C compiler identification is GNU 11.4.0
[0.641s] -- The CXX compiler identification is GNU 11.4.0
[0.668s] -- Detecting C compiler ABI info
[1.027s] -- Detecting C compiler ABI info - done
[1.065s] -- Check for working C compiler: /usr/bin/cc - skipped
[1.073s] -- Detecting C compile features
[1.073s] -- Detecting C compile features - done
[1.085s] -- Detecting CXX compiler ABI info
[1.413s] -- Detecting CXX compiler ABI info - done
[1.449s] -- Check for working CXX compiler: /usr/bin/c++ - skipped
[1.452s] -- Detecting CXX compile features
[1.452s] -- Detecting CXX compile features - done
[1.459s] -- Found ament_cmake: 1.3.11 (/opt/ros/humble/share/ament_cmake/cmake)
[2.389s] -- Found Python3: /usr/bin/python3 (found version "3.10.12") found components: Interpreter 
[2.680s] -- Override CMake install command with custom implementation using symlinks instead of copying resources
[2.839s] -- Found ament_lint_auto: 0.12.12 (/opt/ros/humble/share/ament_lint_auto/cmake)
[3.193s] -- Found gazebo_ros: 3.9.0 (/opt/ros/humble/share/gazebo_ros/cmake)
[3.412s] -- Found rosidl_generator_c: 3.1.6 (/opt/ros/humble/share/rosidl_generator_c/cmake)
[3.431s] -- Found rosidl_adapter: 3.1.6 (/opt/ros/humble/share/rosidl_adapter/cmake)
[3.476s] -- Found rosidl_generator_cpp: 3.1.6 (/opt/ros/humble/share/rosidl_generator_cpp/cmake)
[3.532s] -- Using all available rosidl_typesupport_c: rosidl_typesupport_fastrtps_c;rosidl_typesupport_introspection_c
[3.633s] -- Using all available rosidl_typesupport_cpp: rosidl_typesupport_fastrtps_cpp;rosidl_typesupport_introspection_cpp
[3.886s] -- Found rmw_implementation_cmake: 6.1.2 (/opt/ros/humble/share/rmw_implementation_cmake/cmake)
[3.908s] -- Found rmw_cyclonedds_cpp: 1.3.4 (/opt/ros/humble/share/rmw_cyclonedds_cpp/cmake)
[4.009s] -- Using RMW implementation 'rmw_cyclonedds_cpp' as default
[4.016s] -- Looking for pthread.h
[4.282s] -- Looking for pthread.h - found
[4.282s] -- Performing Test CMAKE_HAVE_LIBC_PTHREAD
[4.560s] -- Performing Test CMAKE_HAVE_LIBC_PTHREAD - Success
[4.561s] -- Found Threads: TRUE  
[4.741s] -- Found PkgConfig: /usr/bin/pkg-config (found version "0.29.2") 
[4.743s] -- Checking for module 'bullet>=2.82'
[4.789s] --   Found bullet, version 3.05
[5.150s] -- Found fcl: /usr/include (found suitable version "0.7.0", minimum required is "0.5.0") 
[5.356s] -- Found assimp: /usr/include (found version "5.2.0") 
[5.424s] -- Found DART: /usr/include (Required is at least version "6.6") found components: dart 
[5.523s] -- Found Boost: /usr/lib/x86_64-linux-gnu/cmake/Boost-1.74.0/BoostConfig.cmake (found suitable version "1.74.0", minimum required is "1.40.0") found components: thread system filesystem program_options regex iostreams date_time 
[5.568s] -- Found Protobuf: /usr/lib/x86_64-linux-gnu/libprotobuf.so (found version "3.12.4") 
[5.578s] -- Looking for ignition-math6 -- found version 6.15.1
[5.586s] -- Searching for dependencies of ignition-math6
[5.586s] -- Looking for OGRE...
[5.587s] -- OGRE_PREFIX_WATCH changed.
[5.600s] -- Checking for module 'OGRE'
[5.656s] --   Found OGRE, version 1.9.0
[5.782s] -- Found Ogre Ghadamon (1.9.0)
[5.849s] -- Found OGRE: optimized;/usr/lib/x86_64-linux-gnu/libOgreMain.so;debug;/usr/lib/x86_64-linux-gnu/libOgreMain.so
[5.860s] -- Looking for OGRE_Paging...
[5.890s] -- Found OGRE_Paging: optimized;/usr/lib/x86_64-linux-gnu/libOgrePaging.so;debug;/usr/lib/x86_64-linux-gnu/libOgrePaging.so
[5.890s] -- Looking for OGRE_Terrain...
[5.922s] -- Found OGRE_Terrain: optimized;/usr/lib/x86_64-linux-gnu/libOgreTerrain.so;debug;/usr/lib/x86_64-linux-gnu/libOgreTerrain.so
[5.922s] -- Looking for OGRE_Property...
[5.948s] -- Found OGRE_Property: optimized;/usr/lib/x86_64-linux-gnu/libOgreProperty.so;debug;/usr/lib/x86_64-linux-gnu/libOgreProperty.so
[5.948s] -- Looking for OGRE_RTShaderSystem...
[5.993s] -- Found OGRE_RTShaderSystem: optimized;/usr/lib/x86_64-linux-gnu/libOgreRTShaderSystem.so;debug;/usr/lib/x86_64-linux-gnu/libOgreRTShaderSystem.so
[5.993s] -- Looking for OGRE_Volume...
[6.026s] -- Found OGRE_Volume: optimized;/usr/lib/x86_64-linux-gnu/libOgreVolume.so;debug;/usr/lib/x86_64-linux-gnu/libOgreVolume.so
[6.033s] -- Looking for OGRE_Overlay...
[6.051s] -- Found OGRE_Overlay: optimized;/usr/lib/x86_64-linux-gnu/libOgreOverlay.so;debug;/usr/lib/x86_64-linux-gnu/libOgreOverlay.so
[6.647s] -- Looking for ignition-math6 -- found version 6.15.1
[6.648s] -- Looking for ignition-transport8 -- found version 8.2.1
[6.649s] -- Searching for dependencies of ignition-transport8
[6.678s] -- Found Protobuf: /usr/lib/x86_64-linux-gnu/libprotobuf.so (found suitable version "3.12.4", minimum required is "3") 
[6.681s] -- Config-file not installed for ZeroMQ -- checking for pkg-config
[6.688s] -- Checking for module 'libzmq >= 4'
[6.750s] --   Found libzmq , version 4.3.4
[6.842s] -- Found ZeroMQ: TRUE (Required is at least version "4") 
[6.858s] -- Checking for module 'uuid'
[6.888s] --   Found uuid, version 2.37.2
[7.000s] -- Found UUID: TRUE  
[7.000s] -- Looking for ignition-msgs5 -- found version 5.8.1
[7.000s] -- Searching for dependencies of ignition-msgs5
[7.023s] -- Looking for ignition-math6 -- found version 6.15.1
[7.036s] -- Checking for module 'tinyxml2'
[7.083s] --   Found tinyxml2, version 9.0.0
[7.203s] -- Looking for ignition-msgs5 -- found version 5.8.1
[7.221s] -- Looking for ignition-common3 -- found version 3.14.0
[7.222s] -- Searching for dependencies of ignition-common3
[7.223s] -- Looking for dlfcn.h - found
[7.227s] -- Looking for libdl - found
[7.228s] -- Found DL: TRUE  
[7.249s] -- Found tinyobjloader: /usr/lib/x86_64-linux-gnu/cmake/tinyobjloader/tinyobjloader-config.cmake (found version "2.0.0") 
[7.249s] -- Searching for <ignition-common3> component [graphics]
[7.258s] -- Looking for ignition-common3-graphics -- found version 3.14.0
[7.259s] -- Searching for dependencies of ignition-common3-graphics
[7.259s] -- Looking for ignition-math6 -- found version 6.15.1
[7.272s] -- Looking for ignition-fuel_tools4 -- found version 4.4.0
[7.273s] -- Searching for dependencies of ignition-fuel_tools4
[7.477s] -- Found CURL: /usr/lib/x86_64-linux-gnu/libcurl.so (found version "7.81.0")  
[7.505s] -- Checking for module 'jsoncpp'
[7.552s] --   Found jsoncpp, version 1.9.5
[7.678s] -- Found JSONCPP: TRUE  
[7.698s] -- Checking for module 'libzip'
[7.776s] --   Found libzip, version 1.7.3
[7.903s] -- Found ZIP: TRUE  
[7.903s] -- Looking for ignition-common3 -- found version 3.14.0
[7.903s] -- Looking for ignition-math6 -- found version 6.15.1
[7.903s] -- Looking for ignition-msgs5 -- found version 5.8.1
[7.912s] -- Gazebo version: 11.10
[7.914s] -- Checking for module 'tbb'
[7.971s] --   Found tbb, version 2021.5.0
[8.110s] -- Found gazebo_msgs: 3.9.0 (/opt/ros/humble/share/gazebo_msgs/cmake)
[8.279s] -- Found objectpose_msgs: 0.0.0 (/home/ros2/dev_ws/install/objectpose_msgs/share/objectpose_msgs/cmake)
[8.453s] -- Added test 'copyright' to check source files copyright and LICENSE
[8.453s] -- Added test 'cppcheck' to perform static code analysis on C / C++ code
[8.454s] -- Configured cppcheck include dirs: /home/ros2/dev_ws/src/IFRA_ObjectPose/ros2_objectpose/include
[8.468s] -- Configured cppcheck exclude dirs and/or files: 
[8.469s] -- Added test 'cpplint' to check C / C++ code against the Google style
[8.469s] -- Configured cpplint exclude dirs and/or files: 
[8.474s] -- Added test 'flake8' to check Python code syntax and style conventions
[8.475s] -- Added test 'lint_cmake' to check CMake code style
[8.475s] -- Added test 'pep257' to check Python code against some of the docstring style conventions in PEP 257
[8.476s] -- Added test 'uncrustify' to check C / C++ code style
[8.476s] -- Configured uncrustify additional arguments: 
[8.476s] -- Added test 'xmllint' to check XML markup files
[8.483s] -- Configuring done
[8.567s] -- Generating done
[8.590s] -- Build files have been written to: /home/ros2/dev_ws/build/ros2_objectpose
[8.656s] Invoked command in '/home/ros2/dev_ws/build/ros2_objectpose' returned '0': CMAKE_PREFIX_PATH=/home/ros2/dev_ws/install/objectpose_msgs:/home/ros2/dev_ws/install/my_package:/home/ros2/dev_ws/install/ros2srrc_ur5e_moveit2:/home/ros2/dev_ws/install/ros2srrc_ur5e_gazebo:/home/ros2/dev_ws/install/ros2srrc_ur5_moveit2:/home/ros2/dev_ws/install/ros2srrc_ur5_gazebo:/home/ros2/dev_ws/install/ros2srrc_ur3e_moveit2:/home/ros2/dev_ws/install/ros2srrc_ur3e_gazebo:/home/ros2/dev_ws/install/ros2srrc_ur3_moveit2:/home/ros2/dev_ws/install/ros2srrc_ur3_gazebo:/home/ros2/dev_ws/install/ros2srrc_ur20_moveit2:/home/ros2/dev_ws/install/ros2srrc_ur20_gazebo:/home/ros2/dev_ws/install/ros2srrc_ur16e_moveit2:/home/ros2/dev_ws/install/ros2srrc_ur16e_gazebo:/home/ros2/dev_ws/install/ros2srrc_ur10e_moveit2:/home/ros2/dev_ws/install/ros2srrc_ur10e_gazebo:/home/ros2/dev_ws/install/ros2srrc_ur10_moveit2:/home/ros2/dev_ws/install/ros2srrc_ur10_gazebo:/home/ros2/dev_ws/install/ros2srrc_rx160_moveit2:/home/ros2/dev_ws/install/ros2srrc_rx160_gazebo:/home/ros2/dev_ws/install/ros2srrc_robots:/home/ros2/dev_ws/install/ros2srrc_launch:/home/ros2/dev_ws/install/ros2srrc_irb6640_moveit2:/home/ros2/dev_ws/install/ros2srrc_irb6640_gazebo:/home/ros2/dev_ws/install/ros2srrc_irb1600_moveit2:/home/ros2/dev_ws/install/ros2srrc_irb1600_gazebo:/home/ros2/dev_ws/install/ros2srrc_irb120_moveit2:/home/ros2/dev_ws/install/ros2srrc_irb120_gazebo:/home/ros2/dev_ws/install/ros2srrc_irb1200_moveit2:/home/ros2/dev_ws/install/ros2srrc_irb1200_gazebo:/home/ros2/dev_ws/install/ros2srrc_iiwa_moveit2:/home/ros2/dev_ws/install/ros2srrc_iiwa_gazebo:/home/ros2/dev_ws/install/ros2srrc_execution:/home/ros2/dev_ws/install/ros2srrc_endeffectors:/home/ros2/dev_ws/install/ros2srrc_data:/home/ros2/dev_ws/install/ros2_robotiqgripper:/home/ros2/dev_ws/install/ros2_objectpose:/home/ros2/dev_ws/install/ros2_linkpose:/home/ros2/dev_ws/install/ros2_linkattacher:/home/ros2/dev_ws/install/objectpose_gazebo:/home/ros2/dev_ws/install/linkpose_msgs:/home/ros2/dev_ws/install/linkpose_gazebo:/home/ros2/dev_ws/install/linkattacher_msgs:/home/ros2/dev_ws/install/gazebo_ros2_control_demos:/home/ros2/dev_ws/install/gazebo_ros2_control:/home/ros2/dev_ws/install/abb_rws_client:/home/ros2/dev_ws/install/abb_ros2:/home/ros2/dev_ws/install/abb_robot_msgs:/home/ros2/dev_ws/install/abb_resources:/home/ros2/dev_ws/install/abb_rapid_sm_addin_msgs:/home/ros2/dev_ws/install/abb_rapid_msgs:/home/ros2/dev_ws/install/abb_hardware_interface:/home/ros2/dev_ws/install/abb_egm_rws_managers:/home/ros2/dev_ws/install/abb_librws:/home/ros2/dev_ws/install/abb_libegm:/home/ros2/dev_ws/install/abb_irb4600_support:/home/ros2/dev_ws/install/abb_irb1200_5_90_moveit_config:/home/ros2/dev_ws/install/abb_irb1200_support:/home/ros2/dev_ws/install/abb_egm_msgs:/home/ros2/dev_ws/install/abb_bringup:/opt/ros/humble LD_LIBRARY_PATH=/home/ros2/dev_ws/install/objectpose_msgs/lib:/home/ros2/dev_ws/install/ros2srrc_data/lib:/home/ros2/dev_ws/install/ros2_robotiqgripper/lib:/home/ros2/dev_ws/install/ros2_objectpose/lib:/home/ros2/dev_ws/install/ros2_linkpose/lib:/home/ros2/dev_ws/install/ros2_linkattacher/lib:/home/ros2/dev_ws/install/linkpose_msgs/lib:/home/ros2/dev_ws/install/linkattacher_msgs/lib:/home/ros2/dev_ws/install/gazebo_ros2_control/lib:/home/ros2/dev_ws/install/abb_robot_msgs/lib:/home/ros2/dev_ws/install/abb_rapid_sm_addin_msgs/lib:/home/ros2/dev_ws/install/abb_rapid_msgs/lib:/home/ros2/dev_ws/install/abb_hardware_interface/lib:/home/ros2/dev_ws/install/abb_egm_rws_managers/lib:/home/ros2/dev_ws/install/abb_librws/lib:/home/ros2/dev_ws/install/abb_libegm/lib:/home/ros2/dev_ws/install/abb_egm_msgs/lib:/usr/lib/x86_64-linux-gnu/gazebo-11/plugins:/opt/ros/humble/opt/rviz_ogre_vendor/lib:/opt/ros/humble/lib/x86_64-linux-gnu:/opt/ros/humble/lib /usr/bin/cmake /home/ros2/dev_ws/src/IFRA_ObjectPose/ros2_objectpose -DAMENT_CMAKE_SYMLINK_INSTALL=1 -DCMAKE_INSTALL_PREFIX=/home/ros2/dev_ws/install/ros2_objectpose
[8.657s] Invoking command in '/home/ros2/dev_ws/build/ros2_objectpose': CMAKE_PREFIX_PATH=/home/ros2/dev_ws/install/objectpose_msgs:/home/ros2/dev_ws/install/my_package:/home/ros2/dev_ws/install/ros2srrc_ur5e_moveit2:/home/ros2/dev_ws/install/ros2srrc_ur5e_gazebo:/home/ros2/dev_ws/install/ros2srrc_ur5_moveit2:/home/ros2/dev_ws/install/ros2srrc_ur5_gazebo:/home/ros2/dev_ws/install/ros2srrc_ur3e_moveit2:/home/ros2/dev_ws/install/ros2srrc_ur3e_gazebo:/home/ros2/dev_ws/install/ros2srrc_ur3_moveit2:/home/ros2/dev_ws/install/ros2srrc_ur3_gazebo:/home/ros2/dev_ws/install/ros2srrc_ur20_moveit2:/home/ros2/dev_ws/install/ros2srrc_ur20_gazebo:/home/ros2/dev_ws/install/ros2srrc_ur16e_moveit2:/home/ros2/dev_ws/install/ros2srrc_ur16e_gazebo:/home/ros2/dev_ws/install/ros2srrc_ur10e_moveit2:/home/ros2/dev_ws/install/ros2srrc_ur10e_gazebo:/home/ros2/dev_ws/install/ros2srrc_ur10_moveit2:/home/ros2/dev_ws/install/ros2srrc_ur10_gazebo:/home/ros2/dev_ws/install/ros2srrc_rx160_moveit2:/home/ros2/dev_ws/install/ros2srrc_rx160_gazebo:/home/ros2/dev_ws/install/ros2srrc_robots:/home/ros2/dev_ws/install/ros2srrc_launch:/home/ros2/dev_ws/install/ros2srrc_irb6640_moveit2:/home/ros2/dev_ws/install/ros2srrc_irb6640_gazebo:/home/ros2/dev_ws/install/ros2srrc_irb1600_moveit2:/home/ros2/dev_ws/install/ros2srrc_irb1600_gazebo:/home/ros2/dev_ws/install/ros2srrc_irb120_moveit2:/home/ros2/dev_ws/install/ros2srrc_irb120_gazebo:/home/ros2/dev_ws/install/ros2srrc_irb1200_moveit2:/home/ros2/dev_ws/install/ros2srrc_irb1200_gazebo:/home/ros2/dev_ws/install/ros2srrc_iiwa_moveit2:/home/ros2/dev_ws/install/ros2srrc_iiwa_gazebo:/home/ros2/dev_ws/install/ros2srrc_execution:/home/ros2/dev_ws/install/ros2srrc_endeffectors:/home/ros2/dev_ws/install/ros2srrc_data:/home/ros2/dev_ws/install/ros2_robotiqgripper:/home/ros2/dev_ws/install/ros2_objectpose:/home/ros2/dev_ws/install/ros2_linkpose:/home/ros2/dev_ws/install/ros2_linkattacher:/home/ros2/dev_ws/install/objectpose_gazebo:/home/ros2/dev_ws/install/linkpose_msgs:/home/ros2/dev_ws/install/linkpose_gazebo:/home/ros2/dev_ws/install/linkattacher_msgs:/home/ros2/dev_ws/install/gazebo_ros2_control_demos:/home/ros2/dev_ws/install/gazebo_ros2_control:/home/ros2/dev_ws/install/abb_rws_client:/home/ros2/dev_ws/install/abb_ros2:/home/ros2/dev_ws/install/abb_robot_msgs:/home/ros2/dev_ws/install/abb_resources:/home/ros2/dev_ws/install/abb_rapid_sm_addin_msgs:/home/ros2/dev_ws/install/abb_rapid_msgs:/home/ros2/dev_ws/install/abb_hardware_interface:/home/ros2/dev_ws/install/abb_egm_rws_managers:/home/ros2/dev_ws/install/abb_librws:/home/ros2/dev_ws/install/abb_libegm:/home/ros2/dev_ws/install/abb_irb4600_support:/home/ros2/dev_ws/install/abb_irb1200_5_90_moveit_config:/home/ros2/dev_ws/install/abb_irb1200_support:/home/ros2/dev_ws/install/abb_egm_msgs:/home/ros2/dev_ws/install/abb_bringup:/opt/ros/humble LD_LIBRARY_PATH=/home/ros2/dev_ws/install/objectpose_msgs/lib:/home/ros2/dev_ws/install/ros2srrc_data/lib:/home/ros2/dev_ws/install/ros2_robotiqgripper/lib:/home/ros2/dev_ws/install/ros2_objectpose/lib:/home/ros2/dev_ws/install/ros2_linkpose/lib:/home/ros2/dev_ws/install/ros2_linkattacher/lib:/home/ros2/dev_ws/install/linkpose_msgs/lib:/home/ros2/dev_ws/install/linkattacher_msgs/lib:/home/ros2/dev_ws/install/gazebo_ros2_control/lib:/home/ros2/dev_ws/install/abb_robot_msgs/lib:/home/ros2/dev_ws/install/abb_rapid_sm_addin_msgs/lib:/home/ros2/dev_ws/install/abb_rapid_msgs/lib:/home/ros2/dev_ws/install/abb_hardware_interface/lib:/home/ros2/dev_ws/install/abb_egm_rws_managers/lib:/home/ros2/dev_ws/install/abb_librws/lib:/home/ros2/dev_ws/install/abb_libegm/lib:/home/ros2/dev_ws/install/abb_egm_msgs/lib:/usr/lib/x86_64-linux-gnu/gazebo-11/plugins:/opt/ros/humble/opt/rviz_ogre_vendor/lib:/opt/ros/humble/lib/x86_64-linux-gnu:/opt/ros/humble/lib /usr/bin/cmake --build /home/ros2/dev_ws/build/ros2_objectpose -- -j16 -l16
[10.188s] [ 50%] [32mBuilding CXX object CMakeFiles/ros2_objectpose_plugin.dir/src/ros2_objectpose_plugin.cpp.o[0m
[30.997s] [100%] [32m[1mLinking CXX shared library libros2_objectpose_plugin.so[0m
[33.417s] [100%] Built target ros2_objectpose_plugin
[33.442s] Invoked command in '/home/ros2/dev_ws/build/ros2_objectpose' returned '0': CMAKE_PREFIX_PATH=/home/ros2/dev_ws/install/objectpose_msgs:/home/ros2/dev_ws/install/my_package:/home/ros2/dev_ws/install/ros2srrc_ur5e_moveit2:/home/ros2/dev_ws/install/ros2srrc_ur5e_gazebo:/home/ros2/dev_ws/install/ros2srrc_ur5_moveit2:/home/ros2/dev_ws/install/ros2srrc_ur5_gazebo:/home/ros2/dev_ws/install/ros2srrc_ur3e_moveit2:/home/ros2/dev_ws/install/ros2srrc_ur3e_gazebo:/home/ros2/dev_ws/install/ros2srrc_ur3_moveit2:/home/ros2/dev_ws/install/ros2srrc_ur3_gazebo:/home/ros2/dev_ws/install/ros2srrc_ur20_moveit2:/home/ros2/dev_ws/install/ros2srrc_ur20_gazebo:/home/ros2/dev_ws/install/ros2srrc_ur16e_moveit2:/home/ros2/dev_ws/install/ros2srrc_ur16e_gazebo:/home/ros2/dev_ws/install/ros2srrc_ur10e_moveit2:/home/ros2/dev_ws/install/ros2srrc_ur10e_gazebo:/home/ros2/dev_ws/install/ros2srrc_ur10_moveit2:/home/ros2/dev_ws/install/ros2srrc_ur10_gazebo:/home/ros2/dev_ws/install/ros2srrc_rx160_moveit2:/home/ros2/dev_ws/install/ros2srrc_rx160_gazebo:/home/ros2/dev_ws/install/ros2srrc_robots:/home/ros2/dev_ws/install/ros2srrc_launch:/home/ros2/dev_ws/install/ros2srrc_irb6640_moveit2:/home/ros2/dev_ws/install/ros2srrc_irb6640_gazebo:/home/ros2/dev_ws/install/ros2srrc_irb1600_moveit2:/home/ros2/dev_ws/install/ros2srrc_irb1600_gazebo:/home/ros2/dev_ws/install/ros2srrc_irb120_moveit2:/home/ros2/dev_ws/install/ros2srrc_irb120_gazebo:/home/ros2/dev_ws/install/ros2srrc_irb1200_moveit2:/home/ros2/dev_ws/install/ros2srrc_irb1200_gazebo:/home/ros2/dev_ws/install/ros2srrc_iiwa_moveit2:/home/ros2/dev_ws/install/ros2srrc_iiwa_gazebo:/home/ros2/dev_ws/install/ros2srrc_execution:/home/ros2/dev_ws/install/ros2srrc_endeffectors:/home/ros2/dev_ws/install/ros2srrc_data:/home/ros2/dev_ws/install/ros2_robotiqgripper:/home/ros2/dev_ws/install/ros2_objectpose:/home/ros2/dev_ws/install/ros2_linkpose:/home/ros2/dev_ws/install/ros2_linkattacher:/home/ros2/dev_ws/install/objectpose_gazebo:/home/ros2/dev_ws/install/linkpose_msgs:/home/ros2/dev_ws/install/linkpose_gazebo:/home/ros2/dev_ws/install/linkattacher_msgs:/home/ros2/dev_ws/install/gazebo_ros2_control_demos:/home/ros2/dev_ws/install/gazebo_ros2_control:/home/ros2/dev_ws/install/abb_rws_client:/home/ros2/dev_ws/install/abb_ros2:/home/ros2/dev_ws/install/abb_robot_msgs:/home/ros2/dev_ws/install/abb_resources:/home/ros2/dev_ws/install/abb_rapid_sm_addin_msgs:/home/ros2/dev_ws/install/abb_rapid_msgs:/home/ros2/dev_ws/install/abb_hardware_interface:/home/ros2/dev_ws/install/abb_egm_rws_managers:/home/ros2/dev_ws/install/abb_librws:/home/ros2/dev_ws/install/abb_libegm:/home/ros2/dev_ws/install/abb_irb4600_support:/home/ros2/dev_ws/install/abb_irb1200_5_90_moveit_config:/home/ros2/dev_ws/install/abb_irb1200_support:/home/ros2/dev_ws/install/abb_egm_msgs:/home/ros2/dev_ws/install/abb_bringup:/opt/ros/humble LD_LIBRARY_PATH=/home/ros2/dev_ws/install/objectpose_msgs/lib:/home/ros2/dev_ws/install/ros2srrc_data/lib:/home/ros2/dev_ws/install/ros2_robotiqgripper/lib:/home/ros2/dev_ws/install/ros2_objectpose/lib:/home/ros2/dev_ws/install/ros2_linkpose/lib:/home/ros2/dev_ws/install/ros2_linkattacher/lib:/home/ros2/dev_ws/install/linkpose_msgs/lib:/home/ros2/dev_ws/install/linkattacher_msgs/lib:/home/ros2/dev_ws/install/gazebo_ros2_control/lib:/home/ros2/dev_ws/install/abb_robot_msgs/lib:/home/ros2/dev_ws/install/abb_rapid_sm_addin_msgs/lib:/home/ros2/dev_ws/install/abb_rapid_msgs/lib:/home/ros2/dev_ws/install/abb_hardware_interface/lib:/home/ros2/dev_ws/install/abb_egm_rws_managers/lib:/home/ros2/dev_ws/install/abb_librws/lib:/home/ros2/dev_ws/install/abb_libegm/lib:/home/ros2/dev_ws/install/abb_egm_msgs/lib:/usr/lib/x86_64-linux-gnu/gazebo-11/plugins:/opt/ros/humble/opt/rviz_ogre_vendor/lib:/opt/ros/humble/lib/x86_64-linux-gnu:/opt/ros/humble/lib /usr/bin/cmake --build /home/ros2/dev_ws/build/ros2_objectpose -- -j16 -l16
[33.443s] Invoking command in '/home/ros2/dev_ws/build/ros2_objectpose': CMAKE_PREFIX_PATH=/home/ros2/dev_ws/install/objectpose_msgs:/home/ros2/dev_ws/install/my_package:/home/ros2/dev_ws/install/ros2srrc_ur5e_moveit2:/home/ros2/dev_ws/install/ros2srrc_ur5e_gazebo:/home/ros2/dev_ws/install/ros2srrc_ur5_moveit2:/home/ros2/dev_ws/install/ros2srrc_ur5_gazebo:/home/ros2/dev_ws/install/ros2srrc_ur3e_moveit2:/home/ros2/dev_ws/install/ros2srrc_ur3e_gazebo:/home/ros2/dev_ws/install/ros2srrc_ur3_moveit2:/home/ros2/dev_ws/install/ros2srrc_ur3_gazebo:/home/ros2/dev_ws/install/ros2srrc_ur20_moveit2:/home/ros2/dev_ws/install/ros2srrc_ur20_gazebo:/home/ros2/dev_ws/install/ros2srrc_ur16e_moveit2:/home/ros2/dev_ws/install/ros2srrc_ur16e_gazebo:/home/ros2/dev_ws/install/ros2srrc_ur10e_moveit2:/home/ros2/dev_ws/install/ros2srrc_ur10e_gazebo:/home/ros2/dev_ws/install/ros2srrc_ur10_moveit2:/home/ros2/dev_ws/install/ros2srrc_ur10_gazebo:/home/ros2/dev_ws/install/ros2srrc_rx160_moveit2:/home/ros2/dev_ws/install/ros2srrc_rx160_gazebo:/home/ros2/dev_ws/install/ros2srrc_robots:/home/ros2/dev_ws/install/ros2srrc_launch:/home/ros2/dev_ws/install/ros2srrc_irb6640_moveit2:/home/ros2/dev_ws/install/ros2srrc_irb6640_gazebo:/home/ros2/dev_ws/install/ros2srrc_irb1600_moveit2:/home/ros2/dev_ws/install/ros2srrc_irb1600_gazebo:/home/ros2/dev_ws/install/ros2srrc_irb120_moveit2:/home/ros2/dev_ws/install/ros2srrc_irb120_gazebo:/home/ros2/dev_ws/install/ros2srrc_irb1200_moveit2:/home/ros2/dev_ws/install/ros2srrc_irb1200_gazebo:/home/ros2/dev_ws/install/ros2srrc_iiwa_moveit2:/home/ros2/dev_ws/install/ros2srrc_iiwa_gazebo:/home/ros2/dev_ws/install/ros2srrc_execution:/home/ros2/dev_ws/install/ros2srrc_endeffectors:/home/ros2/dev_ws/install/ros2srrc_data:/home/ros2/dev_ws/install/ros2_robotiqgripper:/home/ros2/dev_ws/install/ros2_objectpose:/home/ros2/dev_ws/install/ros2_linkpose:/home/ros2/dev_ws/install/ros2_linkattacher:/home/ros2/dev_ws/install/objectpose_gazebo:/home/ros2/dev_ws/install/linkpose_msgs:/home/ros2/dev_ws/install/linkpose_gazebo:/home/ros2/dev_ws/install/linkattacher_msgs:/home/ros2/dev_ws/install/gazebo_ros2_control_demos:/home/ros2/dev_ws/install/gazebo_ros2_control:/home/ros2/dev_ws/install/abb_rws_client:/home/ros2/dev_ws/install/abb_ros2:/home/ros2/dev_ws/install/abb_robot_msgs:/home/ros2/dev_ws/install/abb_resources:/home/ros2/dev_ws/install/abb_rapid_sm_addin_msgs:/home/ros2/dev_ws/install/abb_rapid_msgs:/home/ros2/dev_ws/install/abb_hardware_interface:/home/ros2/dev_ws/install/abb_egm_rws_managers:/home/ros2/dev_ws/install/abb_librws:/home/ros2/dev_ws/install/abb_libegm:/home/ros2/dev_ws/install/abb_irb4600_support:/home/ros2/dev_ws/install/abb_irb1200_5_90_moveit_config:/home/ros2/dev_ws/install/abb_irb1200_support:/home/ros2/dev_ws/install/abb_egm_msgs:/home/ros2/dev_ws/install/abb_bringup:/opt/ros/humble LD_LIBRARY_PATH=/home/ros2/dev_ws/install/objectpose_msgs/lib:/home/ros2/dev_ws/install/ros2srrc_data/lib:/home/ros2/dev_ws/install/ros2_robotiqgripper/lib:/home/ros2/dev_ws/install/ros2_objectpose/lib:/home/ros2/dev_ws/install/ros2_linkpose/lib:/home/ros2/dev_ws/install/ros2_linkattacher/lib:/home/ros2/dev_ws/install/linkpose_msgs/lib:/home/ros2/dev_ws/install/linkattacher_msgs/lib:/home/ros2/dev_ws/install/gazebo_ros2_control/lib:/home/ros2/dev_ws/install/abb_robot_msgs/lib:/home/ros2/dev_ws/install/abb_rapid_sm_addin_msgs/lib:/home/ros2/dev_ws/install/abb_rapid_msgs/lib:/home/ros2/dev_ws/install/abb_hardware_interface/lib:/home/ros2/dev_ws/install/abb_egm_rws_managers/lib:/home/ros2/dev_ws/install/abb_librws/lib:/home/ros2/dev_ws/install/abb_libegm/lib:/home/ros2/dev_ws/install/abb_egm_msgs/lib:/usr/lib/x86_64-linux-gnu/gazebo-11/plugins:/opt/ros/humble/opt/rviz_ogre_vendor/lib:/opt/ros/humble/lib/x86_64-linux-gnu:/opt/ros/humble/lib /usr/bin/cmake --install /home/ros2/dev_ws/build/ros2_objectpose
[33.466s] -- Install configuration: ""
[33.466s] -- Execute custom install script
[33.467s] -- Symlinking: /home/ros2/dev_ws/install/ros2_objectpose/share/ros2_objectpose/environment/library_path.sh
[33.484s] -- Symlinking: /home/ros2/dev_ws/install/ros2_objectpose/share/ros2_objectpose/environment/library_path.dsv
[33.500s] -- Symlinking: /home/ros2/dev_ws/install/ros2_objectpose/lib/libros2_objectpose_plugin.so
[33.514s] -- Symlinking: /home/ros2/dev_ws/install/ros2_objectpose/share/ros2_objectpose/python/SpawnObject.py
[33.530s] -- Symlinking: /home/ros2/dev_ws/install/ros2_objectpose/lib/ros2_objectpose/SpawnObject.py
[33.545s] -- Symlinking: /home/ros2/dev_ws/install/ros2_objectpose/share/ament_index/resource_index/package_run_dependencies/ros2_objectpose
[33.561s] -- Symlinking: /home/ros2/dev_ws/install/ros2_objectpose/share/ament_index/resource_index/parent_prefix_path/ros2_objectpose
[33.576s] -- Symlinking: /home/ros2/dev_ws/install/ros2_objectpose/share/ros2_objectpose/environment/ament_prefix_path.sh
[33.592s] -- Symlinking: /home/ros2/dev_ws/install/ros2_objectpose/share/ros2_objectpose/environment/ament_prefix_path.dsv
[33.601s] -- Symlinking: /home/ros2/dev_ws/install/ros2_objectpose/share/ros2_objectpose/environment/path.sh
[33.619s] -- Symlinking: /home/ros2/dev_ws/install/ros2_objectpose/share/ros2_objectpose/environment/path.dsv
[33.633s] -- Symlinking: /home/ros2/dev_ws/install/ros2_objectpose/share/ros2_objectpose/local_setup.bash
[33.647s] -- Symlinking: /home/ros2/dev_ws/install/ros2_objectpose/share/ros2_objectpose/local_setup.sh
[33.660s] -- Symlinking: /home/ros2/dev_ws/install/ros2_objectpose/share/ros2_objectpose/local_setup.zsh
[33.671s] -- Symlinking: /home/ros2/dev_ws/install/ros2_objectpose/share/ros2_objectpose/local_setup.dsv
[33.686s] -- Symlinking: /home/ros2/dev_ws/install/ros2_objectpose/share/ros2_objectpose/package.dsv
[33.699s] -- Symlinking: /home/ros2/dev_ws/install/ros2_objectpose/share/ament_index/resource_index/packages/ros2_objectpose
[33.712s] -- Symlinking: /home/ros2/dev_ws/install/ros2_objectpose/share/ros2_objectpose/cmake/ament_cmake_export_libraries-extras.cmake
[33.722s] -- Symlinking: /home/ros2/dev_ws/install/ros2_objectpose/share/ros2_objectpose/cmake/ros2_objectposeConfig.cmake
[33.739s] -- Symlinking: /home/ros2/dev_ws/install/ros2_objectpose/share/ros2_objectpose/cmake/ros2_objectposeConfig-version.cmake
[33.751s] -- Symlinking: /home/ros2/dev_ws/install/ros2_objectpose/share/ros2_objectpose/package.xml
[33.773s] Invoked command in '/home/ros2/dev_ws/build/ros2_objectpose' returned '0': CMAKE_PREFIX_PATH=/home/ros2/dev_ws/install/objectpose_msgs:/home/ros2/dev_ws/install/my_package:/home/ros2/dev_ws/install/ros2srrc_ur5e_moveit2:/home/ros2/dev_ws/install/ros2srrc_ur5e_gazebo:/home/ros2/dev_ws/install/ros2srrc_ur5_moveit2:/home/ros2/dev_ws/install/ros2srrc_ur5_gazebo:/home/ros2/dev_ws/install/ros2srrc_ur3e_moveit2:/home/ros2/dev_ws/install/ros2srrc_ur3e_gazebo:/home/ros2/dev_ws/install/ros2srrc_ur3_moveit2:/home/ros2/dev_ws/install/ros2srrc_ur3_gazebo:/home/ros2/dev_ws/install/ros2srrc_ur20_moveit2:/home/ros2/dev_ws/install/ros2srrc_ur20_gazebo:/home/ros2/dev_ws/install/ros2srrc_ur16e_moveit2:/home/ros2/dev_ws/install/ros2srrc_ur16e_gazebo:/home/ros2/dev_ws/install/ros2srrc_ur10e_moveit2:/home/ros2/dev_ws/install/ros2srrc_ur10e_gazebo:/home/ros2/dev_ws/install/ros2srrc_ur10_moveit2:/home/ros2/dev_ws/install/ros2srrc_ur10_gazebo:/home/ros2/dev_ws/install/ros2srrc_rx160_moveit2:/home/ros2/dev_ws/install/ros2srrc_rx160_gazebo:/home/ros2/dev_ws/install/ros2srrc_robots:/home/ros2/dev_ws/install/ros2srrc_launch:/home/ros2/dev_ws/install/ros2srrc_irb6640_moveit2:/home/ros2/dev_ws/install/ros2srrc_irb6640_gazebo:/home/ros2/dev_ws/install/ros2srrc_irb1600_moveit2:/home/ros2/dev_ws/install/ros2srrc_irb1600_gazebo:/home/ros2/dev_ws/install/ros2srrc_irb120_moveit2:/home/ros2/dev_ws/install/ros2srrc_irb120_gazebo:/home/ros2/dev_ws/install/ros2srrc_irb1200_moveit2:/home/ros2/dev_ws/install/ros2srrc_irb1200_gazebo:/home/ros2/dev_ws/install/ros2srrc_iiwa_moveit2:/home/ros2/dev_ws/install/ros2srrc_iiwa_gazebo:/home/ros2/dev_ws/install/ros2srrc_execution:/home/ros2/dev_ws/install/ros2srrc_endeffectors:/home/ros2/dev_ws/install/ros2srrc_data:/home/ros2/dev_ws/install/ros2_robotiqgripper:/home/ros2/dev_ws/install/ros2_objectpose:/home/ros2/dev_ws/install/ros2_linkpose:/home/ros2/dev_ws/install/ros2_linkattacher:/home/ros2/dev_ws/install/objectpose_gazebo:/home/ros2/dev_ws/install/linkpose_msgs:/home/ros2/dev_ws/install/linkpose_gazebo:/home/ros2/dev_ws/install/linkattacher_msgs:/home/ros2/dev_ws/install/gazebo_ros2_control_demos:/home/ros2/dev_ws/install/gazebo_ros2_control:/home/ros2/dev_ws/install/abb_rws_client:/home/ros2/dev_ws/install/abb_ros2:/home/ros2/dev_ws/install/abb_robot_msgs:/home/ros2/dev_ws/install/abb_resources:/home/ros2/dev_ws/install/abb_rapid_sm_addin_msgs:/home/ros2/dev_ws/install/abb_rapid_msgs:/home/ros2/dev_ws/install/abb_hardware_interface:/home/ros2/dev_ws/install/abb_egm_rws_managers:/home/ros2/dev_ws/install/abb_librws:/home/ros2/dev_ws/install/abb_libegm:/home/ros2/dev_ws/install/abb_irb4600_support:/home/ros2/dev_ws/install/abb_irb1200_5_90_moveit_config:/home/ros2/dev_ws/install/abb_irb1200_support:/home/ros2/dev_ws/install/abb_egm_msgs:/home/ros2/dev_ws/install/abb_bringup:/opt/ros/humble LD_LIBRARY_PATH=/home/ros2/dev_ws/install/objectpose_msgs/lib:/home/ros2/dev_ws/install/ros2srrc_data/lib:/home/ros2/dev_ws/install/ros2_robotiqgripper/lib:/home/ros2/dev_ws/install/ros2_objectpose/lib:/home/ros2/dev_ws/install/ros2_linkpose/lib:/home/ros2/dev_ws/install/ros2_linkattacher/lib:/home/ros2/dev_ws/install/linkpose_msgs/lib:/home/ros2/dev_ws/install/linkattacher_msgs/lib:/home/ros2/dev_ws/install/gazebo_ros2_control/lib:/home/ros2/dev_ws/install/abb_robot_msgs/lib:/home/ros2/dev_ws/install/abb_rapid_sm_addin_msgs/lib:/home/ros2/dev_ws/install/abb_rapid_msgs/lib:/home/ros2/dev_ws/install/abb_hardware_interface/lib:/home/ros2/dev_ws/install/abb_egm_rws_managers/lib:/home/ros2/dev_ws/install/abb_librws/lib:/home/ros2/dev_ws/install/abb_libegm/lib:/home/ros2/dev_ws/install/abb_egm_msgs/lib:/usr/lib/x86_64-linux-gnu/gazebo-11/plugins:/opt/ros/humble/opt/rviz_ogre_vendor/lib:/opt/ros/humble/lib/x86_64-linux-gnu:/opt/ros/humble/lib /usr/bin/cmake --install /home/ros2/dev_ws/build/ros2_objectpose
