[0.197s] Invoking command in '/home/ros2/dev_ws/build/ros2srrc_ur20_moveit2': CMAKE_PREFIX_PATH=/opt/ros/humble /usr/bin/cmake /home/ros2/dev_ws/src/ros2_SimRealRobotControl/packages/ur20/ros2srrc_ur20_moveit2 -DAMENT_CMAKE_SYMLINK_INSTALL=1 -DCMAKE_INSTALL_PREFIX=/home/ros2/dev_ws/install/ros2srrc_ur20_moveit2
[0.440s] -- The C compiler identification is GNU 11.4.0
[0.440s] -- The CXX compiler identification is GNU 11.4.0
[0.442s] -- Detecting C compiler ABI info
[0.582s] -- Detecting C compiler ABI info - done
[0.595s] -- Check for working C compiler: /usr/bin/cc - skipped
[0.595s] -- Detecting C compile features
[0.595s] -- Detecting C compile features - done
[0.616s] -- Detecting CXX compiler ABI info
[0.784s] -- Detecting CXX compiler ABI info - done
[0.796s] -- Check for working CXX compiler: /usr/bin/c++ - skipped
[0.798s] -- Detecting CXX compile features
[0.799s] -- Detecting CXX compile features - done
[0.803s] -- Found ament_cmake: 1.3.11 (/opt/ros/humble/share/ament_cmake/cmake)
[1.159s] -- Found Python3: /usr/bin/python3 (found version "3.10.12") found components: Interpreter 
[1.331s] -- Override CMake install command with custom implementation using symlinks instead of copying resources
[1.359s] -- Found ament_lint_auto: 0.12.12 (/opt/ros/humble/share/ament_lint_auto/cmake)
[1.507s] -- Added test 'copyright' to check source files copyright and LICENSE
[1.509s] -- Added test 'lint_cmake' to check CMake code style
[1.514s] -- Added test 'xmllint' to check XML markup files
[1.516s] -- Configuring done
[1.528s] -- Generating done
[1.530s] -- Build files have been written to: /home/ros2/dev_ws/build/ros2srrc_ur20_moveit2
[1.543s] Invoked command in '/home/ros2/dev_ws/build/ros2srrc_ur20_moveit2' returned '0': CMAKE_PREFIX_PATH=/opt/ros/humble /usr/bin/cmake /home/ros2/dev_ws/src/ros2_SimRealRobotControl/packages/ur20/ros2srrc_ur20_moveit2 -DAMENT_CMAKE_SYMLINK_INSTALL=1 -DCMAKE_INSTALL_PREFIX=/home/ros2/dev_ws/install/ros2srrc_ur20_moveit2
[1.556s] Invoking command in '/home/ros2/dev_ws/build/ros2srrc_ur20_moveit2': CMAKE_PREFIX_PATH=/opt/ros/humble /usr/bin/cmake --build /home/ros2/dev_ws/build/ros2srrc_ur20_moveit2 -- -j16 -l16
[2.137s] Invoked command in '/home/ros2/dev_ws/build/ros2srrc_ur20_moveit2' returned '0': CMAKE_PREFIX_PATH=/opt/ros/humble /usr/bin/cmake --build /home/ros2/dev_ws/build/ros2srrc_ur20_moveit2 -- -j16 -l16
[2.138s] Invoking command in '/home/ros2/dev_ws/build/ros2srrc_ur20_moveit2': CMAKE_PREFIX_PATH=/opt/ros/humble /usr/bin/cmake --install /home/ros2/dev_ws/build/ros2srrc_ur20_moveit2
[2.320s] -- Install configuration: ""
[2.324s] -- Execute custom install script
[2.326s] -- Symlinking: /home/ros2/dev_ws/install/ros2srrc_ur20_moveit2/share/ros2srrc_ur20_moveit2/config/ur20.srdf
[2.326s] -- Symlinking: /home/ros2/dev_ws/install/ros2srrc_ur20_moveit2/share/ros2srrc_ur20_moveit2/config/ur20_moveit2.rviz
[2.327s] -- Symlinking: /home/ros2/dev_ws/install/ros2srrc_ur20_moveit2/share/ros2srrc_ur20_moveit2/config/ur20robotiq_2f85.srdf
[2.327s] -- Symlinking: /home/ros2/dev_ws/install/ros2srrc_ur20_moveit2/share/ros2srrc_ur20_moveit2/config/ur20robotiq_2f85_moveit2.rviz
[2.327s] -- Symlinking: /home/ros2/dev_ws/install/ros2srrc_ur20_moveit2/share/ros2srrc_ur20_moveit2/config/ur20robotiq_hande.srdf
[2.327s] -- Symlinking: /home/ros2/dev_ws/install/ros2srrc_ur20_moveit2/share/ros2srrc_ur20_moveit2/config/ur20robotiq_hande_moveit2.rviz
[2.327s] -- Symlinking: /home/ros2/dev_ws/install/ros2srrc_ur20_moveit2/share/ament_index/resource_index/package_run_dependencies/ros2srrc_ur20_moveit2
[2.331s] -- Symlinking: /home/ros2/dev_ws/install/ros2srrc_ur20_moveit2/share/ament_index/resource_index/parent_prefix_path/ros2srrc_ur20_moveit2
[2.354s] -- Symlinking: /home/ros2/dev_ws/install/ros2srrc_ur20_moveit2/share/ros2srrc_ur20_moveit2/environment/ament_prefix_path.sh
[2.370s] -- Symlinking: /home/ros2/dev_ws/install/ros2srrc_ur20_moveit2/share/ros2srrc_ur20_moveit2/environment/ament_prefix_path.dsv
[2.395s] -- Symlinking: /home/ros2/dev_ws/install/ros2srrc_ur20_moveit2/share/ros2srrc_ur20_moveit2/environment/path.sh
[2.420s] -- Symlinking: /home/ros2/dev_ws/install/ros2srrc_ur20_moveit2/share/ros2srrc_ur20_moveit2/environment/path.dsv
[2.445s] -- Symlinking: /home/ros2/dev_ws/install/ros2srrc_ur20_moveit2/share/ros2srrc_ur20_moveit2/local_setup.bash
[2.470s] -- Symlinking: /home/ros2/dev_ws/install/ros2srrc_ur20_moveit2/share/ros2srrc_ur20_moveit2/local_setup.sh
[2.496s] -- Symlinking: /home/ros2/dev_ws/install/ros2srrc_ur20_moveit2/share/ros2srrc_ur20_moveit2/local_setup.zsh
[2.548s] -- Symlinking: /home/ros2/dev_ws/install/ros2srrc_ur20_moveit2/share/ros2srrc_ur20_moveit2/local_setup.dsv
[2.578s] -- Symlinking: /home/ros2/dev_ws/install/ros2srrc_ur20_moveit2/share/ros2srrc_ur20_moveit2/package.dsv
[2.604s] -- Symlinking: /home/ros2/dev_ws/install/ros2srrc_ur20_moveit2/share/ament_index/resource_index/packages/ros2srrc_ur20_moveit2
[2.630s] -- Symlinking: /home/ros2/dev_ws/install/ros2srrc_ur20_moveit2/share/ros2srrc_ur20_moveit2/cmake/ros2srrc_ur20_moveit2Config.cmake
[2.667s] -- Symlinking: /home/ros2/dev_ws/install/ros2srrc_ur20_moveit2/share/ros2srrc_ur20_moveit2/cmake/ros2srrc_ur20_moveit2Config-version.cmake
[2.713s] -- Symlinking: /home/ros2/dev_ws/install/ros2srrc_ur20_moveit2/share/ros2srrc_ur20_moveit2/package.xml
[2.875s] Invoked command in '/home/ros2/dev_ws/build/ros2srrc_ur20_moveit2' returned '0': CMAKE_PREFIX_PATH=/opt/ros/humble /usr/bin/cmake --install /home/ros2/dev_ws/build/ros2srrc_ur20_moveit2
