[0.023s] Invoking command in '/home/ros2/dev_ws/build/abb_rws_client': AMENT_PREFIX_PATH=/home/ros2/dev_ws/install/abb_hardware_interface:/home/ros2/dev_ws/install/abb_rapid_sm_addin_msgs:/home/ros2/dev_ws/install/abb_robot_msgs:/home/ros2/dev_ws/install/abb_rapid_msgs:/home/ros2/dev_ws/install/abb_egm_msgs:${AMENT_PREFIX_PATH} CMAKE_MODULE_PATH=/home/ros2/dev_ws/install/abb_librws/share/abb_librws/cmake CMAKE_PREFIX_PATH=/home/ros2/dev_ws/install/abb_hardware_interface:/home/ros2/dev_ws/install/abb_rapid_sm_addin_msgs:/home/ros2/dev_ws/install/abb_egm_rws_managers:/home/ros2/dev_ws/install/abb_robot_msgs:/home/ros2/dev_ws/install/abb_rapid_msgs:/home/ros2/dev_ws/install/abb_librws:/home/ros2/dev_ws/install/abb_libegm:/home/ros2/dev_ws/install/abb_egm_msgs:/opt/ros/humble LD_LIBRARY_PATH=/home/ros2/dev_ws/install/abb_hardware_interface/lib:/home/ros2/dev_ws/install/abb_rapid_sm_addin_msgs/lib:/home/ros2/dev_ws/install/abb_egm_rws_managers/lib:/home/ros2/dev_ws/install/abb_robot_msgs/lib:/home/ros2/dev_ws/install/abb_rapid_msgs/lib:/home/ros2/dev_ws/install/abb_librws/lib:/home/ros2/dev_ws/install/abb_libegm/lib:/home/ros2/dev_ws/install/abb_egm_msgs/lib:${LD_LIBRARY_PATH} PKG_CONFIG_PATH=/home/ros2/dev_ws/install/abb_egm_rws_managers/lib/x86_64-linux-gnu/pkgconfig:/home/ros2/dev_ws/install/abb_egm_rws_managers/lib/pkgconfig:/home/ros2/dev_ws/install/abb_librws/lib/x86_64-linux-gnu/pkgconfig:/home/ros2/dev_ws/install/abb_librws/lib/pkgconfig:/home/ros2/dev_ws/install/abb_libegm/lib/x86_64-linux-gnu/pkgconfig:/home/ros2/dev_ws/install/abb_libegm/lib/pkgconfig PYTHONPATH=/home/ros2/dev_ws/install/abb_rapid_sm_addin_msgs/local/lib/python3.10/dist-packages:/home/ros2/dev_ws/install/abb_robot_msgs/local/lib/python3.10/dist-packages:/home/ros2/dev_ws/install/abb_rapid_msgs/local/lib/python3.10/dist-packages:/home/ros2/dev_ws/install/abb_egm_msgs/local/lib/python3.10/dist-packages:${PYTHONPATH} /usr/bin/cmake /home/ros2/dev_ws/src/ABBDriver/abb_ros2/abb_rws_client -DAMENT_CMAKE_SYMLINK_INSTALL=1 -DCMAKE_INSTALL_PREFIX=/home/ros2/dev_ws/install/abb_rws_client
[0.073s] -- The C compiler identification is GNU 11.4.0
[0.135s] -- The CXX compiler identification is GNU 11.4.0
[0.142s] -- Detecting C compiler ABI info
[0.209s] -- Detecting C compiler ABI info - done
[0.215s] -- Check for working C compiler: /usr/bin/cc - skipped
[0.215s] -- Detecting C compile features
[0.216s] -- Detecting C compile features - done
[0.219s] -- Detecting CXX compiler ABI info
[0.292s] -- Detecting CXX compiler ABI info - done
[0.302s] -- Check for working CXX compiler: /usr/bin/c++ - skipped
[0.302s] -- Detecting CXX compile features
[0.303s] -- Detecting CXX compile features - done
[0.306s] -- Found ament_cmake: 1.3.11 (/opt/ros/humble/share/ament_cmake/cmake)
[0.455s] -- Found Python3: /usr/bin/python3 (found version "3.10.12") found components: Interpreter 
[0.534s] -- Override CMake install command with custom implementation using symlinks instead of copying resources
[0.565s] -- Looking for pthread.h
[0.639s] -- Looking for pthread.h - found
[0.639s] -- Performing Test CMAKE_HAVE_LIBC_PTHREAD
[0.706s] -- Performing Test CMAKE_HAVE_LIBC_PTHREAD - Success
[0.707s] -- Found Threads: TRUE  
[0.723s] -- Found Boost: /usr/lib/x86_64-linux-gnu/cmake/Boost-1.74.0/BoostConfig.cmake (found version "1.74.0") found components: regex system thread 
[0.726s] -- Searching for Poco library...
[0.735s] --   Found Poco!
[0.735s] -- components found: Foundation, Net, Util, XML.
[0.747s] -- Found Protobuf: /usr/lib/x86_64-linux-gnu/libprotobuf.so (found version "3.12.4") 
[0.749s] -- Found abb_egm_msgs: 1.0.0 (/home/ros2/dev_ws/install/abb_egm_msgs/share/abb_egm_msgs/cmake)
[0.777s] -- Found rosidl_generator_c: 3.1.6 (/opt/ros/humble/share/rosidl_generator_c/cmake)
[0.782s] -- Found rosidl_adapter: 3.1.6 (/opt/ros/humble/share/rosidl_adapter/cmake)
[0.790s] -- Found rosidl_generator_cpp: 3.1.6 (/opt/ros/humble/share/rosidl_generator_cpp/cmake)
[0.801s] -- Using all available rosidl_typesupport_c: rosidl_typesupport_fastrtps_c;rosidl_typesupport_introspection_c
[0.816s] -- Using all available rosidl_typesupport_cpp: rosidl_typesupport_fastrtps_cpp;rosidl_typesupport_introspection_cpp
[0.864s] -- Found abb_robot_msgs: 1.0.0 (/home/ros2/dev_ws/install/abb_robot_msgs/share/abb_robot_msgs/cmake)
[0.874s] -- Found abb_rapid_msgs: 1.0.0 (/home/ros2/dev_ws/install/abb_rapid_msgs/share/abb_rapid_msgs/cmake)
[0.882s] -- Found abb_rapid_sm_addin_msgs: 1.0.0 (/home/ros2/dev_ws/install/abb_rapid_sm_addin_msgs/share/abb_rapid_sm_addin_msgs/cmake)
[0.894s] -- Found abb_hardware_interface: 0.0.0 (/home/ros2/dev_ws/install/abb_hardware_interface/share/abb_hardware_interface/cmake)
[1.070s] -- Found rmw_implementation_cmake: 6.1.2 (/opt/ros/humble/share/rmw_implementation_cmake/cmake)
[1.073s] -- Found rmw_cyclonedds_cpp: 1.3.4 (/opt/ros/humble/share/rmw_cyclonedds_cpp/cmake)
[1.094s] -- Using RMW implementation 'rmw_cyclonedds_cpp' as default
[1.162s] -- Found ament_lint_auto: 0.12.12 (/opt/ros/humble/share/ament_lint_auto/cmake)
[1.256s] -- Added test 'cppcheck' to perform static code analysis on C / C++ code
[1.257s] -- Configured cppcheck include dirs: /home/ros2/dev_ws/src/ABBDriver/abb_ros2/abb_rws_client/include
[1.257s] -- Configured cppcheck exclude dirs and/or files: 
[1.258s] -- Added test 'lint_cmake' to check CMake code style
[1.259s] -- Added test 'xmllint' to check XML markup files
[1.263s] -- Configuring done
[1.304s] -- Generating done
[1.311s] -- Build files have been written to: /home/ros2/dev_ws/build/abb_rws_client
[1.325s] Invoked command in '/home/ros2/dev_ws/build/abb_rws_client' returned '0': AMENT_PREFIX_PATH=/home/ros2/dev_ws/install/abb_hardware_interface:/home/ros2/dev_ws/install/abb_rapid_sm_addin_msgs:/home/ros2/dev_ws/install/abb_robot_msgs:/home/ros2/dev_ws/install/abb_rapid_msgs:/home/ros2/dev_ws/install/abb_egm_msgs:${AMENT_PREFIX_PATH} CMAKE_MODULE_PATH=/home/ros2/dev_ws/install/abb_librws/share/abb_librws/cmake CMAKE_PREFIX_PATH=/home/ros2/dev_ws/install/abb_hardware_interface:/home/ros2/dev_ws/install/abb_rapid_sm_addin_msgs:/home/ros2/dev_ws/install/abb_egm_rws_managers:/home/ros2/dev_ws/install/abb_robot_msgs:/home/ros2/dev_ws/install/abb_rapid_msgs:/home/ros2/dev_ws/install/abb_librws:/home/ros2/dev_ws/install/abb_libegm:/home/ros2/dev_ws/install/abb_egm_msgs:/opt/ros/humble LD_LIBRARY_PATH=/home/ros2/dev_ws/install/abb_hardware_interface/lib:/home/ros2/dev_ws/install/abb_rapid_sm_addin_msgs/lib:/home/ros2/dev_ws/install/abb_egm_rws_managers/lib:/home/ros2/dev_ws/install/abb_robot_msgs/lib:/home/ros2/dev_ws/install/abb_rapid_msgs/lib:/home/ros2/dev_ws/install/abb_librws/lib:/home/ros2/dev_ws/install/abb_libegm/lib:/home/ros2/dev_ws/install/abb_egm_msgs/lib:${LD_LIBRARY_PATH} PKG_CONFIG_PATH=/home/ros2/dev_ws/install/abb_egm_rws_managers/lib/x86_64-linux-gnu/pkgconfig:/home/ros2/dev_ws/install/abb_egm_rws_managers/lib/pkgconfig:/home/ros2/dev_ws/install/abb_librws/lib/x86_64-linux-gnu/pkgconfig:/home/ros2/dev_ws/install/abb_librws/lib/pkgconfig:/home/ros2/dev_ws/install/abb_libegm/lib/x86_64-linux-gnu/pkgconfig:/home/ros2/dev_ws/install/abb_libegm/lib/pkgconfig PYTHONPATH=/home/ros2/dev_ws/install/abb_rapid_sm_addin_msgs/local/lib/python3.10/dist-packages:/home/ros2/dev_ws/install/abb_robot_msgs/local/lib/python3.10/dist-packages:/home/ros2/dev_ws/install/abb_rapid_msgs/local/lib/python3.10/dist-packages:/home/ros2/dev_ws/install/abb_egm_msgs/local/lib/python3.10/dist-packages:${PYTHONPATH} /usr/bin/cmake /home/ros2/dev_ws/src/ABBDriver/abb_ros2/abb_rws_client -DAMENT_CMAKE_SYMLINK_INSTALL=1 -DCMAKE_INSTALL_PREFIX=/home/ros2/dev_ws/install/abb_rws_client
[1.326s] Invoking command in '/home/ros2/dev_ws/build/abb_rws_client': AMENT_PREFIX_PATH=/home/ros2/dev_ws/install/abb_hardware_interface:/home/ros2/dev_ws/install/abb_rapid_sm_addin_msgs:/home/ros2/dev_ws/install/abb_robot_msgs:/home/ros2/dev_ws/install/abb_rapid_msgs:/home/ros2/dev_ws/install/abb_egm_msgs:${AMENT_PREFIX_PATH} CMAKE_MODULE_PATH=/home/ros2/dev_ws/install/abb_librws/share/abb_librws/cmake CMAKE_PREFIX_PATH=/home/ros2/dev_ws/install/abb_hardware_interface:/home/ros2/dev_ws/install/abb_rapid_sm_addin_msgs:/home/ros2/dev_ws/install/abb_egm_rws_managers:/home/ros2/dev_ws/install/abb_robot_msgs:/home/ros2/dev_ws/install/abb_rapid_msgs:/home/ros2/dev_ws/install/abb_librws:/home/ros2/dev_ws/install/abb_libegm:/home/ros2/dev_ws/install/abb_egm_msgs:/opt/ros/humble LD_LIBRARY_PATH=/home/ros2/dev_ws/install/abb_hardware_interface/lib:/home/ros2/dev_ws/install/abb_rapid_sm_addin_msgs/lib:/home/ros2/dev_ws/install/abb_egm_rws_managers/lib:/home/ros2/dev_ws/install/abb_robot_msgs/lib:/home/ros2/dev_ws/install/abb_rapid_msgs/lib:/home/ros2/dev_ws/install/abb_librws/lib:/home/ros2/dev_ws/install/abb_libegm/lib:/home/ros2/dev_ws/install/abb_egm_msgs/lib:${LD_LIBRARY_PATH} PKG_CONFIG_PATH=/home/ros2/dev_ws/install/abb_egm_rws_managers/lib/x86_64-linux-gnu/pkgconfig:/home/ros2/dev_ws/install/abb_egm_rws_managers/lib/pkgconfig:/home/ros2/dev_ws/install/abb_librws/lib/x86_64-linux-gnu/pkgconfig:/home/ros2/dev_ws/install/abb_librws/lib/pkgconfig:/home/ros2/dev_ws/install/abb_libegm/lib/x86_64-linux-gnu/pkgconfig:/home/ros2/dev_ws/install/abb_libegm/lib/pkgconfig PYTHONPATH=/home/ros2/dev_ws/install/abb_rapid_sm_addin_msgs/local/lib/python3.10/dist-packages:/home/ros2/dev_ws/install/abb_robot_msgs/local/lib/python3.10/dist-packages:/home/ros2/dev_ws/install/abb_rapid_msgs/local/lib/python3.10/dist-packages:/home/ros2/dev_ws/install/abb_egm_msgs/local/lib/python3.10/dist-packages:${PYTHONPATH} /usr/bin/cmake --build /home/ros2/dev_ws/build/abb_rws_client -- -j16 -l16
[1.374s] [ 50%] [32mBuilding CXX object CMakeFiles/rws_client_lib.dir/src/rws_service_provider_ros.cpp.o[0m
[1.375s] [ 50%] [32mBuilding CXX object CMakeFiles/rws_client_lib.dir/src/rws_state_publisher_ros.cpp.o[0m
[1.375s] [ 50%] [32mBuilding CXX object CMakeFiles/rws_client_lib.dir/src/mapping.cpp.o[0m
[28.812s] [ 66%] [32m[1mLinking CXX static library librws_client_lib.a[0m
[29.262s] [ 66%] Built target rws_client_lib
[29.279s] [ 83%] [32mBuilding CXX object CMakeFiles/rws_client.dir/src/rws_client_node.cpp.o[0m
[35.058s] [100%] [32m[1mLinking CXX executable rws_client[0m
[37.382s] [100%] Built target rws_client
[37.392s] Invoked command in '/home/ros2/dev_ws/build/abb_rws_client' returned '0': AMENT_PREFIX_PATH=/home/ros2/dev_ws/install/abb_hardware_interface:/home/ros2/dev_ws/install/abb_rapid_sm_addin_msgs:/home/ros2/dev_ws/install/abb_robot_msgs:/home/ros2/dev_ws/install/abb_rapid_msgs:/home/ros2/dev_ws/install/abb_egm_msgs:${AMENT_PREFIX_PATH} CMAKE_MODULE_PATH=/home/ros2/dev_ws/install/abb_librws/share/abb_librws/cmake CMAKE_PREFIX_PATH=/home/ros2/dev_ws/install/abb_hardware_interface:/home/ros2/dev_ws/install/abb_rapid_sm_addin_msgs:/home/ros2/dev_ws/install/abb_egm_rws_managers:/home/ros2/dev_ws/install/abb_robot_msgs:/home/ros2/dev_ws/install/abb_rapid_msgs:/home/ros2/dev_ws/install/abb_librws:/home/ros2/dev_ws/install/abb_libegm:/home/ros2/dev_ws/install/abb_egm_msgs:/opt/ros/humble LD_LIBRARY_PATH=/home/ros2/dev_ws/install/abb_hardware_interface/lib:/home/ros2/dev_ws/install/abb_rapid_sm_addin_msgs/lib:/home/ros2/dev_ws/install/abb_egm_rws_managers/lib:/home/ros2/dev_ws/install/abb_robot_msgs/lib:/home/ros2/dev_ws/install/abb_rapid_msgs/lib:/home/ros2/dev_ws/install/abb_librws/lib:/home/ros2/dev_ws/install/abb_libegm/lib:/home/ros2/dev_ws/install/abb_egm_msgs/lib:${LD_LIBRARY_PATH} PKG_CONFIG_PATH=/home/ros2/dev_ws/install/abb_egm_rws_managers/lib/x86_64-linux-gnu/pkgconfig:/home/ros2/dev_ws/install/abb_egm_rws_managers/lib/pkgconfig:/home/ros2/dev_ws/install/abb_librws/lib/x86_64-linux-gnu/pkgconfig:/home/ros2/dev_ws/install/abb_librws/lib/pkgconfig:/home/ros2/dev_ws/install/abb_libegm/lib/x86_64-linux-gnu/pkgconfig:/home/ros2/dev_ws/install/abb_libegm/lib/pkgconfig PYTHONPATH=/home/ros2/dev_ws/install/abb_rapid_sm_addin_msgs/local/lib/python3.10/dist-packages:/home/ros2/dev_ws/install/abb_robot_msgs/local/lib/python3.10/dist-packages:/home/ros2/dev_ws/install/abb_rapid_msgs/local/lib/python3.10/dist-packages:/home/ros2/dev_ws/install/abb_egm_msgs/local/lib/python3.10/dist-packages:${PYTHONPATH} /usr/bin/cmake --build /home/ros2/dev_ws/build/abb_rws_client -- -j16 -l16
[37.393s] Invoking command in '/home/ros2/dev_ws/build/abb_rws_client': AMENT_PREFIX_PATH=/home/ros2/dev_ws/install/abb_hardware_interface:/home/ros2/dev_ws/install/abb_rapid_sm_addin_msgs:/home/ros2/dev_ws/install/abb_robot_msgs:/home/ros2/dev_ws/install/abb_rapid_msgs:/home/ros2/dev_ws/install/abb_egm_msgs:${AMENT_PREFIX_PATH} CMAKE_MODULE_PATH=/home/ros2/dev_ws/install/abb_librws/share/abb_librws/cmake CMAKE_PREFIX_PATH=/home/ros2/dev_ws/install/abb_hardware_interface:/home/ros2/dev_ws/install/abb_rapid_sm_addin_msgs:/home/ros2/dev_ws/install/abb_egm_rws_managers:/home/ros2/dev_ws/install/abb_robot_msgs:/home/ros2/dev_ws/install/abb_rapid_msgs:/home/ros2/dev_ws/install/abb_librws:/home/ros2/dev_ws/install/abb_libegm:/home/ros2/dev_ws/install/abb_egm_msgs:/opt/ros/humble LD_LIBRARY_PATH=/home/ros2/dev_ws/install/abb_hardware_interface/lib:/home/ros2/dev_ws/install/abb_rapid_sm_addin_msgs/lib:/home/ros2/dev_ws/install/abb_egm_rws_managers/lib:/home/ros2/dev_ws/install/abb_robot_msgs/lib:/home/ros2/dev_ws/install/abb_rapid_msgs/lib:/home/ros2/dev_ws/install/abb_librws/lib:/home/ros2/dev_ws/install/abb_libegm/lib:/home/ros2/dev_ws/install/abb_egm_msgs/lib:${LD_LIBRARY_PATH} PKG_CONFIG_PATH=/home/ros2/dev_ws/install/abb_egm_rws_managers/lib/x86_64-linux-gnu/pkgconfig:/home/ros2/dev_ws/install/abb_egm_rws_managers/lib/pkgconfig:/home/ros2/dev_ws/install/abb_librws/lib/x86_64-linux-gnu/pkgconfig:/home/ros2/dev_ws/install/abb_librws/lib/pkgconfig:/home/ros2/dev_ws/install/abb_libegm/lib/x86_64-linux-gnu/pkgconfig:/home/ros2/dev_ws/install/abb_libegm/lib/pkgconfig PYTHONPATH=/home/ros2/dev_ws/install/abb_rapid_sm_addin_msgs/local/lib/python3.10/dist-packages:/home/ros2/dev_ws/install/abb_robot_msgs/local/lib/python3.10/dist-packages:/home/ros2/dev_ws/install/abb_rapid_msgs/local/lib/python3.10/dist-packages:/home/ros2/dev_ws/install/abb_egm_msgs/local/lib/python3.10/dist-packages:${PYTHONPATH} /usr/bin/cmake --install /home/ros2/dev_ws/build/abb_rws_client
[37.399s] -- Install configuration: ""
[37.400s] -- Execute custom install script
[37.400s] -- Symlinking: /home/ros2/dev_ws/install/abb_rws_client/lib/abb_rws_client/rws_client
[37.407s] -- Symlinking: /home/ros2/dev_ws/install/abb_rws_client/lib/librws_client_lib.a
[37.413s] -- Symlinking: /home/ros2/dev_ws/install/abb_rws_client/share/ament_index/resource_index/package_run_dependencies/abb_rws_client
[37.420s] -- Symlinking: /home/ros2/dev_ws/install/abb_rws_client/share/ament_index/resource_index/parent_prefix_path/abb_rws_client
[37.428s] -- Symlinking: /home/ros2/dev_ws/install/abb_rws_client/share/abb_rws_client/environment/ament_prefix_path.sh
[37.435s] -- Symlinking: /home/ros2/dev_ws/install/abb_rws_client/share/abb_rws_client/environment/ament_prefix_path.dsv
[37.442s] -- Symlinking: /home/ros2/dev_ws/install/abb_rws_client/share/abb_rws_client/environment/path.sh
[37.449s] -- Symlinking: /home/ros2/dev_ws/install/abb_rws_client/share/abb_rws_client/environment/path.dsv
[37.457s] -- Symlinking: /home/ros2/dev_ws/install/abb_rws_client/share/abb_rws_client/local_setup.bash
[37.463s] -- Symlinking: /home/ros2/dev_ws/install/abb_rws_client/share/abb_rws_client/local_setup.sh
[37.471s] -- Symlinking: /home/ros2/dev_ws/install/abb_rws_client/share/abb_rws_client/local_setup.zsh
[37.477s] -- Symlinking: /home/ros2/dev_ws/install/abb_rws_client/share/abb_rws_client/local_setup.dsv
[37.484s] -- Symlinking: /home/ros2/dev_ws/install/abb_rws_client/share/abb_rws_client/package.dsv
[37.491s] -- Symlinking: /home/ros2/dev_ws/install/abb_rws_client/share/ament_index/resource_index/packages/abb_rws_client
[37.499s] -- Symlinking: /home/ros2/dev_ws/install/abb_rws_client/share/abb_rws_client/cmake/ament_cmake_export_include_directories-extras.cmake
[37.506s] -- Symlinking: /home/ros2/dev_ws/install/abb_rws_client/share/abb_rws_client/cmake/ament_cmake_export_dependencies-extras.cmake
[37.512s] -- Symlinking: /home/ros2/dev_ws/install/abb_rws_client/share/abb_rws_client/cmake/abb_rws_clientConfig.cmake
[37.519s] -- Symlinking: /home/ros2/dev_ws/install/abb_rws_client/share/abb_rws_client/cmake/abb_rws_clientConfig-version.cmake
[37.526s] -- Symlinking: /home/ros2/dev_ws/install/abb_rws_client/share/abb_rws_client/package.xml
[37.535s] Invoked command in '/home/ros2/dev_ws/build/abb_rws_client' returned '0': AMENT_PREFIX_PATH=/home/ros2/dev_ws/install/abb_hardware_interface:/home/ros2/dev_ws/install/abb_rapid_sm_addin_msgs:/home/ros2/dev_ws/install/abb_robot_msgs:/home/ros2/dev_ws/install/abb_rapid_msgs:/home/ros2/dev_ws/install/abb_egm_msgs:${AMENT_PREFIX_PATH} CMAKE_MODULE_PATH=/home/ros2/dev_ws/install/abb_librws/share/abb_librws/cmake CMAKE_PREFIX_PATH=/home/ros2/dev_ws/install/abb_hardware_interface:/home/ros2/dev_ws/install/abb_rapid_sm_addin_msgs:/home/ros2/dev_ws/install/abb_egm_rws_managers:/home/ros2/dev_ws/install/abb_robot_msgs:/home/ros2/dev_ws/install/abb_rapid_msgs:/home/ros2/dev_ws/install/abb_librws:/home/ros2/dev_ws/install/abb_libegm:/home/ros2/dev_ws/install/abb_egm_msgs:/opt/ros/humble LD_LIBRARY_PATH=/home/ros2/dev_ws/install/abb_hardware_interface/lib:/home/ros2/dev_ws/install/abb_rapid_sm_addin_msgs/lib:/home/ros2/dev_ws/install/abb_egm_rws_managers/lib:/home/ros2/dev_ws/install/abb_robot_msgs/lib:/home/ros2/dev_ws/install/abb_rapid_msgs/lib:/home/ros2/dev_ws/install/abb_librws/lib:/home/ros2/dev_ws/install/abb_libegm/lib:/home/ros2/dev_ws/install/abb_egm_msgs/lib:${LD_LIBRARY_PATH} PKG_CONFIG_PATH=/home/ros2/dev_ws/install/abb_egm_rws_managers/lib/x86_64-linux-gnu/pkgconfig:/home/ros2/dev_ws/install/abb_egm_rws_managers/lib/pkgconfig:/home/ros2/dev_ws/install/abb_librws/lib/x86_64-linux-gnu/pkgconfig:/home/ros2/dev_ws/install/abb_librws/lib/pkgconfig:/home/ros2/dev_ws/install/abb_libegm/lib/x86_64-linux-gnu/pkgconfig:/home/ros2/dev_ws/install/abb_libegm/lib/pkgconfig PYTHONPATH=/home/ros2/dev_ws/install/abb_rapid_sm_addin_msgs/local/lib/python3.10/dist-packages:/home/ros2/dev_ws/install/abb_robot_msgs/local/lib/python3.10/dist-packages:/home/ros2/dev_ws/install/abb_rapid_msgs/local/lib/python3.10/dist-packages:/home/ros2/dev_ws/install/abb_egm_msgs/local/lib/python3.10/dist-packages:${PYTHONPATH} /usr/bin/cmake --install /home/ros2/dev_ws/build/abb_rws_client
