[0.573s] Invoking command in '/home/ros2/dev_ws/build/ros2srrc_ur5e_gazebo': CMAKE_PREFIX_PATH=/opt/ros/humble /usr/bin/cmake /home/ros2/dev_ws/src/ros2_SimRealRobotControl/packages/ur5e/ros2srrc_ur5e_gazebo -DAMENT_CMAKE_SYMLINK_INSTALL=1 -DCMAKE_INSTALL_PREFIX=/home/ros2/dev_ws/install/ros2srrc_ur5e_gazebo
[1.163s] -- The C compiler identification is GNU 11.4.0
[1.163s] -- The CXX compiler identification is GNU 11.4.0
[1.163s] -- Detecting C compiler ABI info
[1.208s] -- Detecting C compiler ABI info - done
[1.242s] -- Check for working C compiler: /usr/bin/cc - skipped
[1.242s] -- Detecting C compile features
[1.242s] -- Detecting C compile features - done
[1.250s] -- Detecting CXX compiler ABI info
[1.510s] -- Detecting CXX compiler ABI info - done
[1.528s] -- Check for working CXX compiler: /usr/bin/c++ - skipped
[1.528s] -- Detecting CXX compile features
[1.531s] -- Detecting CXX compile features - done
[1.535s] -- Found ament_cmake: 1.3.11 (/opt/ros/humble/share/ament_cmake/cmake)
[2.054s] -- Found Python3: /usr/bin/python3 (found version "3.10.12") found components: Interpreter 
[2.314s] -- Override CMake install command with custom implementation using symlinks instead of copying resources
[2.405s] -- Found ament_lint_auto: 0.12.12 (/opt/ros/humble/share/ament_lint_auto/cmake)
[2.640s] -- Added test 'copyright' to check source files copyright and LICENSE
[2.645s] -- Added test 'lint_cmake' to check CMake code style
[2.649s] -- Added test 'xmllint' to check XML markup files
[2.660s] -- Configuring done
[2.683s] -- Generating done
[2.692s] -- Build files have been written to: /home/ros2/dev_ws/build/ros2srrc_ur5e_gazebo
[2.724s] Invoked command in '/home/ros2/dev_ws/build/ros2srrc_ur5e_gazebo' returned '0': CMAKE_PREFIX_PATH=/opt/ros/humble /usr/bin/cmake /home/ros2/dev_ws/src/ros2_SimRealRobotControl/packages/ur5e/ros2srrc_ur5e_gazebo -DAMENT_CMAKE_SYMLINK_INSTALL=1 -DCMAKE_INSTALL_PREFIX=/home/ros2/dev_ws/install/ros2srrc_ur5e_gazebo
[2.725s] Invoking command in '/home/ros2/dev_ws/build/ros2srrc_ur5e_gazebo': CMAKE_PREFIX_PATH=/opt/ros/humble /usr/bin/cmake --build /home/ros2/dev_ws/build/ros2srrc_ur5e_gazebo -- -j16 -l16
[5.538s] Invoked command in '/home/ros2/dev_ws/build/ros2srrc_ur5e_gazebo' returned '0': CMAKE_PREFIX_PATH=/opt/ros/humble /usr/bin/cmake --build /home/ros2/dev_ws/build/ros2srrc_ur5e_gazebo -- -j16 -l16
[5.541s] Invoking command in '/home/ros2/dev_ws/build/ros2srrc_ur5e_gazebo': CMAKE_PREFIX_PATH=/opt/ros/humble /usr/bin/cmake --install /home/ros2/dev_ws/build/ros2srrc_ur5e_gazebo
[5.564s] -- Install configuration: ""
[5.564s] -- Execute custom install script
[5.564s] -- Symlinking: /home/ros2/dev_ws/install/ros2srrc_ur5e_gazebo/share/ros2srrc_ur5e_gazebo/config/configurations.yaml
[5.591s] -- Symlinking: /home/ros2/dev_ws/install/ros2srrc_ur5e_gazebo/share/ros2srrc_ur5e_gazebo/urdf/ur5e.urdf.xacro
[5.615s] -- Symlinking: /home/ros2/dev_ws/install/ros2srrc_ur5e_gazebo/share/ros2srrc_ur5e_gazebo/urdf/ur5e_robotiq_2f85.urdf.xacro
[5.636s] -- Symlinking: /home/ros2/dev_ws/install/ros2srrc_ur5e_gazebo/share/ros2srrc_ur5e_gazebo/urdf/ur5e_robotiq_hande.urdf.xacro
[5.658s] -- Symlinking: /home/ros2/dev_ws/install/ros2srrc_ur5e_gazebo/share/ros2srrc_ur5e_gazebo/worlds/ros2srrc_ur5e.world
[5.679s] -- Symlinking: /home/ros2/dev_ws/install/ros2srrc_ur5e_gazebo/share/ament_index/resource_index/package_run_dependencies/ros2srrc_ur5e_gazebo
[5.697s] -- Symlinking: /home/ros2/dev_ws/install/ros2srrc_ur5e_gazebo/share/ament_index/resource_index/parent_prefix_path/ros2srrc_ur5e_gazebo
[5.717s] -- Symlinking: /home/ros2/dev_ws/install/ros2srrc_ur5e_gazebo/share/ros2srrc_ur5e_gazebo/environment/ament_prefix_path.sh
[5.738s] -- Symlinking: /home/ros2/dev_ws/install/ros2srrc_ur5e_gazebo/share/ros2srrc_ur5e_gazebo/environment/ament_prefix_path.dsv
[5.756s] -- Symlinking: /home/ros2/dev_ws/install/ros2srrc_ur5e_gazebo/share/ros2srrc_ur5e_gazebo/environment/path.sh
[5.776s] -- Symlinking: /home/ros2/dev_ws/install/ros2srrc_ur5e_gazebo/share/ros2srrc_ur5e_gazebo/environment/path.dsv
[5.789s] -- Symlinking: /home/ros2/dev_ws/install/ros2srrc_ur5e_gazebo/share/ros2srrc_ur5e_gazebo/local_setup.bash
[5.809s] -- Symlinking: /home/ros2/dev_ws/install/ros2srrc_ur5e_gazebo/share/ros2srrc_ur5e_gazebo/local_setup.sh
[5.829s] -- Symlinking: /home/ros2/dev_ws/install/ros2srrc_ur5e_gazebo/share/ros2srrc_ur5e_gazebo/local_setup.zsh
[5.842s] -- Symlinking: /home/ros2/dev_ws/install/ros2srrc_ur5e_gazebo/share/ros2srrc_ur5e_gazebo/local_setup.dsv
[5.858s] -- Symlinking: /home/ros2/dev_ws/install/ros2srrc_ur5e_gazebo/share/ros2srrc_ur5e_gazebo/package.dsv
[5.880s] -- Symlinking: /home/ros2/dev_ws/install/ros2srrc_ur5e_gazebo/share/ament_index/resource_index/packages/ros2srrc_ur5e_gazebo
[6.049s] -- Symlinking: /home/ros2/dev_ws/install/ros2srrc_ur5e_gazebo/share/ros2srrc_ur5e_gazebo/cmake/ros2srrc_ur5e_gazeboConfig.cmake
[6.071s] -- Symlinking: /home/ros2/dev_ws/install/ros2srrc_ur5e_gazebo/share/ros2srrc_ur5e_gazebo/cmake/ros2srrc_ur5e_gazeboConfig-version.cmake
[6.257s] -- Symlinking: /home/ros2/dev_ws/install/ros2srrc_ur5e_gazebo/share/ros2srrc_ur5e_gazebo/package.xml
[6.361s] Invoked command in '/home/ros2/dev_ws/build/ros2srrc_ur5e_gazebo' returned '0': CMAKE_PREFIX_PATH=/opt/ros/humble /usr/bin/cmake --install /home/ros2/dev_ws/build/ros2srrc_ur5e_gazebo
