[0.134s] Invoking command in '/home/ros2/dev_ws/build/ros2srrc_irb1600_moveit2': CMAKE_PREFIX_PATH=/opt/ros/humble /usr/bin/cmake /home/ros2/dev_ws/src/ros2_SimRealRobotControl/packages/irb1600/ros2srrc_irb1600_moveit2 -DAMENT_CMAKE_SYMLINK_INSTALL=1 -DCMAKE_INSTALL_PREFIX=/home/ros2/dev_ws/install/ros2srrc_irb1600_moveit2
[1.675s] -- The C compiler identification is GNU 11.4.0
[1.675s] -- The CXX compiler identification is GNU 11.4.0
[1.675s] -- Detecting C compiler ABI info
[1.675s] -- Detecting C compiler ABI info - done
[1.675s] -- Check for working C compiler: /usr/bin/cc - skipped
[1.675s] -- Detecting C compile features
[1.675s] -- Detecting C compile features - done
[1.675s] -- Detecting CXX compiler ABI info
[1.675s] -- Detecting CXX compiler ABI info - done
[1.675s] -- Check for working CXX compiler: /usr/bin/c++ - skipped
[1.675s] -- Detecting CXX compile features
[1.675s] -- Detecting CXX compile features - done
[1.675s] -- Found ament_cmake: 1.3.11 (/opt/ros/humble/share/ament_cmake/cmake)
[1.675s] -- Found Python3: /usr/bin/python3 (found version "3.10.12") found components: Interpreter 
[1.848s] -- Override CMake install command with custom implementation using symlinks instead of copying resources
[1.946s] -- Found ament_lint_auto: 0.12.12 (/opt/ros/humble/share/ament_lint_auto/cmake)
[2.280s] -- Added test 'copyright' to check source files copyright and LICENSE
[2.293s] -- Added test 'lint_cmake' to check CMake code style
[2.293s] -- Added test 'xmllint' to check XML markup files
[2.298s] -- Configuring done
[2.308s] -- Generating done
[2.311s] -- Build files have been written to: /home/ros2/dev_ws/build/ros2srrc_irb1600_moveit2
[2.435s] Invoked command in '/home/ros2/dev_ws/build/ros2srrc_irb1600_moveit2' returned '0': CMAKE_PREFIX_PATH=/opt/ros/humble /usr/bin/cmake /home/ros2/dev_ws/src/ros2_SimRealRobotControl/packages/irb1600/ros2srrc_irb1600_moveit2 -DAMENT_CMAKE_SYMLINK_INSTALL=1 -DCMAKE_INSTALL_PREFIX=/home/ros2/dev_ws/install/ros2srrc_irb1600_moveit2
[2.441s] Invoking command in '/home/ros2/dev_ws/build/ros2srrc_irb1600_moveit2': CMAKE_PREFIX_PATH=/opt/ros/humble /usr/bin/cmake --build /home/ros2/dev_ws/build/ros2srrc_irb1600_moveit2 -- -j16 -l16
[2.792s] Invoked command in '/home/ros2/dev_ws/build/ros2srrc_irb1600_moveit2' returned '0': CMAKE_PREFIX_PATH=/opt/ros/humble /usr/bin/cmake --build /home/ros2/dev_ws/build/ros2srrc_irb1600_moveit2 -- -j16 -l16
[2.793s] Invoking command in '/home/ros2/dev_ws/build/ros2srrc_irb1600_moveit2': CMAKE_PREFIX_PATH=/opt/ros/humble /usr/bin/cmake --install /home/ros2/dev_ws/build/ros2srrc_irb1600_moveit2
[4.857s] -- Install configuration: ""
[4.858s] -- Execute custom install script
[4.858s] -- Symlinking: /home/ros2/dev_ws/install/ros2srrc_irb1600_moveit2/share/ros2srrc_irb1600_moveit2/config/irb1600.srdf
[4.858s] -- Symlinking: /home/ros2/dev_ws/install/ros2srrc_irb1600_moveit2/share/ros2srrc_irb1600_moveit2/config/irb1600_moveit2.rviz
[4.858s] -- Symlinking: /home/ros2/dev_ws/install/ros2srrc_irb1600_moveit2/share/ament_index/resource_index/package_run_dependencies/ros2srrc_irb1600_moveit2
[4.875s] -- Symlinking: /home/ros2/dev_ws/install/ros2srrc_irb1600_moveit2/share/ament_index/resource_index/parent_prefix_path/ros2srrc_irb1600_moveit2
[4.876s] -- Symlinking: /home/ros2/dev_ws/install/ros2srrc_irb1600_moveit2/share/ros2srrc_irb1600_moveit2/environment/ament_prefix_path.sh
[4.876s] -- Symlinking: /home/ros2/dev_ws/install/ros2srrc_irb1600_moveit2/share/ros2srrc_irb1600_moveit2/environment/ament_prefix_path.dsv
[4.876s] -- Symlinking: /home/ros2/dev_ws/install/ros2srrc_irb1600_moveit2/share/ros2srrc_irb1600_moveit2/environment/path.sh
[4.876s] -- Symlinking: /home/ros2/dev_ws/install/ros2srrc_irb1600_moveit2/share/ros2srrc_irb1600_moveit2/environment/path.dsv
[4.876s] -- Symlinking: /home/ros2/dev_ws/install/ros2srrc_irb1600_moveit2/share/ros2srrc_irb1600_moveit2/local_setup.bash
[4.876s] -- Symlinking: /home/ros2/dev_ws/install/ros2srrc_irb1600_moveit2/share/ros2srrc_irb1600_moveit2/local_setup.sh
[4.876s] -- Symlinking: /home/ros2/dev_ws/install/ros2srrc_irb1600_moveit2/share/ros2srrc_irb1600_moveit2/local_setup.zsh
[4.876s] -- Symlinking: /home/ros2/dev_ws/install/ros2srrc_irb1600_moveit2/share/ros2srrc_irb1600_moveit2/local_setup.dsv
[4.876s] -- Symlinking: /home/ros2/dev_ws/install/ros2srrc_irb1600_moveit2/share/ros2srrc_irb1600_moveit2/package.dsv
[4.876s] -- Symlinking: /home/ros2/dev_ws/install/ros2srrc_irb1600_moveit2/share/ament_index/resource_index/packages/ros2srrc_irb1600_moveit2
[4.876s] -- Symlinking: /home/ros2/dev_ws/install/ros2srrc_irb1600_moveit2/share/ros2srrc_irb1600_moveit2/cmake/ros2srrc_irb1600_moveit2Config.cmake
[4.877s] -- Symlinking: /home/ros2/dev_ws/install/ros2srrc_irb1600_moveit2/share/ros2srrc_irb1600_moveit2/cmake/ros2srrc_irb1600_moveit2Config-version.cmake
[4.877s] -- Symlinking: /home/ros2/dev_ws/install/ros2srrc_irb1600_moveit2/share/ros2srrc_irb1600_moveit2/package.xml
[5.064s] Invoked command in '/home/ros2/dev_ws/build/ros2srrc_irb1600_moveit2' returned '0': CMAKE_PREFIX_PATH=/opt/ros/humble /usr/bin/cmake --install /home/ros2/dev_ws/build/ros2srrc_irb1600_moveit2
