[0.052s] Invoking command in '/home/ros2/dev_ws/build/abb_irb4600_support': CMAKE_PREFIX_PATH=${CMAKE_PREFIX_PATH}:/opt/ros/humble /usr/bin/cmake /home/ros2/dev_ws/src/ABBDriver/abb_ros2/robot_specific_config/abb_irb4600_support -DAMENT_CMAKE_SYMLINK_INSTALL=1 -DCMAKE_INSTALL_PREFIX=/home/ros2/dev_ws/install/abb_irb4600_support
[1.181s] -- The C compiler identification is GNU 11.4.0
[1.181s] -- The CXX compiler identification is GNU 11.4.0
[1.181s] -- Detecting C compiler ABI info
[1.182s] -- Detecting C compiler ABI info - done
[1.182s] -- Check for working C compiler: /usr/bin/cc - skipped
[1.182s] -- Detecting C compile features
[1.182s] -- Detecting C compile features - done
[1.182s] -- Detecting CXX compiler ABI info
[1.182s] -- Detecting CXX compiler ABI info - done
[1.182s] -- Check for working CXX compiler: /usr/bin/c++ - skipped
[1.182s] -- Detecting CXX compile features
[1.182s] -- Detecting CXX compile features - done
[1.182s] -- Found ament_cmake: 1.3.11 (/opt/ros/humble/share/ament_cmake/cmake)
[1.183s] -- Found Python3: /usr/bin/python3 (found version "3.10.12") found components: Interpreter 
[1.183s] -- Override CMake install command with custom implementation using symlinks instead of copying resources
[1.183s] -- Configuring done
[1.183s] -- Generating done
[1.183s] -- Build files have been written to: /home/ros2/dev_ws/build/abb_irb4600_support
[1.192s] Invoked command in '/home/ros2/dev_ws/build/abb_irb4600_support' returned '0': CMAKE_PREFIX_PATH=${CMAKE_PREFIX_PATH}:/opt/ros/humble /usr/bin/cmake /home/ros2/dev_ws/src/ABBDriver/abb_ros2/robot_specific_config/abb_irb4600_support -DAMENT_CMAKE_SYMLINK_INSTALL=1 -DCMAKE_INSTALL_PREFIX=/home/ros2/dev_ws/install/abb_irb4600_support
[1.193s] Invoking command in '/home/ros2/dev_ws/build/abb_irb4600_support': CMAKE_PREFIX_PATH=${CMAKE_PREFIX_PATH}:/opt/ros/humble /usr/bin/cmake --build /home/ros2/dev_ws/build/abb_irb4600_support -- -j16 -l16
[3.092s] Invoked command in '/home/ros2/dev_ws/build/abb_irb4600_support' returned '0': CMAKE_PREFIX_PATH=${CMAKE_PREFIX_PATH}:/opt/ros/humble /usr/bin/cmake --build /home/ros2/dev_ws/build/abb_irb4600_support -- -j16 -l16
[3.093s] Invoking command in '/home/ros2/dev_ws/build/abb_irb4600_support': CMAKE_PREFIX_PATH=${CMAKE_PREFIX_PATH}:/opt/ros/humble /usr/bin/cmake --install /home/ros2/dev_ws/build/abb_irb4600_support
[3.358s] -- Install configuration: ""
[3.358s] -- Execute custom install script
[3.358s] -- Symlinking: /home/ros2/dev_ws/install/abb_irb4600_support/share/ament_index/resource_index/package_run_dependencies/abb_irb4600_support
[3.358s] -- Symlinking: /home/ros2/dev_ws/install/abb_irb4600_support/share/ament_index/resource_index/parent_prefix_path/abb_irb4600_support
[3.359s] -- Symlinking: /home/ros2/dev_ws/install/abb_irb4600_support/share/abb_irb4600_support/environment/ament_prefix_path.sh
[3.359s] -- Symlinking: /home/ros2/dev_ws/install/abb_irb4600_support/share/abb_irb4600_support/environment/ament_prefix_path.dsv
[3.359s] -- Symlinking: /home/ros2/dev_ws/install/abb_irb4600_support/share/abb_irb4600_support/environment/path.sh
[3.359s] -- Symlinking: /home/ros2/dev_ws/install/abb_irb4600_support/share/abb_irb4600_support/environment/path.dsv
[3.359s] -- Symlinking: /home/ros2/dev_ws/install/abb_irb4600_support/share/abb_irb4600_support/local_setup.bash
[3.359s] -- Symlinking: /home/ros2/dev_ws/install/abb_irb4600_support/share/abb_irb4600_support/local_setup.sh
[3.359s] -- Symlinking: /home/ros2/dev_ws/install/abb_irb4600_support/share/abb_irb4600_support/local_setup.zsh
[3.359s] -- Symlinking: /home/ros2/dev_ws/install/abb_irb4600_support/share/abb_irb4600_support/local_setup.dsv
[3.359s] -- Symlinking: /home/ros2/dev_ws/install/abb_irb4600_support/share/abb_irb4600_support/package.dsv
[3.382s] -- Symlinking: /home/ros2/dev_ws/install/abb_irb4600_support/share/ament_index/resource_index/packages/abb_irb4600_support
[3.427s] -- Symlinking: /home/ros2/dev_ws/install/abb_irb4600_support/share/abb_irb4600_support/cmake/abb_irb4600_supportConfig.cmake
[3.456s] -- Symlinking: /home/ros2/dev_ws/install/abb_irb4600_support/share/abb_irb4600_support/cmake/abb_irb4600_supportConfig-version.cmake
[3.483s] -- Symlinking: /home/ros2/dev_ws/install/abb_irb4600_support/share/abb_irb4600_support/package.xml
[3.524s] -- Symlinking: /home/ros2/dev_ws/install/abb_irb4600_support/share/abb_irb4600_support/launch/view_robot.launch.py
[3.561s] -- Symlinking: /home/ros2/dev_ws/install/abb_irb4600_support/share/abb_irb4600_support/meshes/irb4600/collision/base_link.stl
[3.599s] -- Symlinking: /home/ros2/dev_ws/install/abb_irb4600_support/share/abb_irb4600_support/meshes/irb4600/collision/link_1.stl
[3.629s] -- Symlinking: /home/ros2/dev_ws/install/abb_irb4600_support/share/abb_irb4600_support/meshes/irb4600/visual/base_link.dae
[3.672s] -- Symlinking: /home/ros2/dev_ws/install/abb_irb4600_support/share/abb_irb4600_support/meshes/irb4600/visual/link_1.dae
[3.710s] -- Symlinking: /home/ros2/dev_ws/install/abb_irb4600_support/share/abb_irb4600_support/meshes/irb4600_20_250/collision/link_2.stl
[3.738s] -- Symlinking: /home/ros2/dev_ws/install/abb_irb4600_support/share/abb_irb4600_support/meshes/irb4600_20_250/collision/link_3.stl
[3.771s] -- Symlinking: /home/ros2/dev_ws/install/abb_irb4600_support/share/abb_irb4600_support/meshes/irb4600_20_250/collision/link_4.stl
[3.792s] -- Symlinking: /home/ros2/dev_ws/install/abb_irb4600_support/share/abb_irb4600_support/meshes/irb4600_20_250/collision/link_5.stl
[3.812s] -- Symlinking: /home/ros2/dev_ws/install/abb_irb4600_support/share/abb_irb4600_support/meshes/irb4600_20_250/collision/link_6.stl
[3.848s] -- Symlinking: /home/ros2/dev_ws/install/abb_irb4600_support/share/abb_irb4600_support/meshes/irb4600_20_250/visual/link_2.dae
[3.881s] -- Symlinking: /home/ros2/dev_ws/install/abb_irb4600_support/share/abb_irb4600_support/meshes/irb4600_20_250/visual/link_3.dae
[3.903s] -- Symlinking: /home/ros2/dev_ws/install/abb_irb4600_support/share/abb_irb4600_support/meshes/irb4600_20_250/visual/link_4.dae
[3.923s] -- Symlinking: /home/ros2/dev_ws/install/abb_irb4600_support/share/abb_irb4600_support/meshes/irb4600_20_250/visual/link_5.dae
[3.952s] -- Symlinking: /home/ros2/dev_ws/install/abb_irb4600_support/share/abb_irb4600_support/meshes/irb4600_20_250/visual/link_6.dae
[3.979s] -- Symlinking: /home/ros2/dev_ws/install/abb_irb4600_support/share/abb_irb4600_support/meshes/irb4600_40_255/collision/link_2.stl
[4.016s] -- Symlinking: /home/ros2/dev_ws/install/abb_irb4600_support/share/abb_irb4600_support/meshes/irb4600_40_255/collision/link_3.stl
[4.033s] -- Symlinking: /home/ros2/dev_ws/install/abb_irb4600_support/share/abb_irb4600_support/meshes/irb4600_40_255/collision/link_4.stl
[4.054s] -- Symlinking: /home/ros2/dev_ws/install/abb_irb4600_support/share/abb_irb4600_support/meshes/irb4600_40_255/collision/link_5.stl
[4.085s] -- Symlinking: /home/ros2/dev_ws/install/abb_irb4600_support/share/abb_irb4600_support/meshes/irb4600_40_255/collision/link_6.stl
[4.110s] -- Symlinking: /home/ros2/dev_ws/install/abb_irb4600_support/share/abb_irb4600_support/meshes/irb4600_40_255/visual/link_2.dae
[4.165s] -- Symlinking: /home/ros2/dev_ws/install/abb_irb4600_support/share/abb_irb4600_support/meshes/irb4600_40_255/visual/link_3.dae
[4.197s] -- Symlinking: /home/ros2/dev_ws/install/abb_irb4600_support/share/abb_irb4600_support/meshes/irb4600_40_255/visual/link_4.dae
[4.247s] -- Symlinking: /home/ros2/dev_ws/install/abb_irb4600_support/share/abb_irb4600_support/meshes/irb4600_40_255/visual/link_5.dae
[4.272s] -- Symlinking: /home/ros2/dev_ws/install/abb_irb4600_support/share/abb_irb4600_support/meshes/irb4600_40_255/visual/link_6.dae
[4.316s] -- Symlinking: /home/ros2/dev_ws/install/abb_irb4600_support/share/abb_irb4600_support/meshes/irb4600_60_205/collision/link_2.stl
[4.352s] -- Symlinking: /home/ros2/dev_ws/install/abb_irb4600_support/share/abb_irb4600_support/meshes/irb4600_60_205/collision/link_3.stl
[4.378s] -- Symlinking: /home/ros2/dev_ws/install/abb_irb4600_support/share/abb_irb4600_support/meshes/irb4600_60_205/collision/link_4.stl
[4.403s] -- Symlinking: /home/ros2/dev_ws/install/abb_irb4600_support/share/abb_irb4600_support/meshes/irb4600_60_205/collision/link_5.stl
[4.436s] -- Symlinking: /home/ros2/dev_ws/install/abb_irb4600_support/share/abb_irb4600_support/meshes/irb4600_60_205/collision/link_6.stl
[4.510s] -- Symlinking: /home/ros2/dev_ws/install/abb_irb4600_support/share/abb_irb4600_support/meshes/irb4600_60_205/visual/link_2.dae
[4.564s] -- Symlinking: /home/ros2/dev_ws/install/abb_irb4600_support/share/abb_irb4600_support/meshes/irb4600_60_205/visual/link_3.dae
[4.626s] -- Symlinking: /home/ros2/dev_ws/install/abb_irb4600_support/share/abb_irb4600_support/meshes/irb4600_60_205/visual/link_4.dae
[4.685s] -- Symlinking: /home/ros2/dev_ws/install/abb_irb4600_support/share/abb_irb4600_support/meshes/irb4600_60_205/visual/link_5.dae
[4.775s] -- Symlinking: /home/ros2/dev_ws/install/abb_irb4600_support/share/abb_irb4600_support/meshes/irb4600_60_205/visual/link_6.dae
[4.824s] -- Symlinking: /home/ros2/dev_ws/install/abb_irb4600_support/share/abb_irb4600_support/rviz/urdf_description.rviz
[4.886s] -- Symlinking: /home/ros2/dev_ws/install/abb_irb4600_support/share/abb_irb4600_support/urdf/irb4600.ros2_control.xacro
[4.914s] -- Symlinking: /home/ros2/dev_ws/install/abb_irb4600_support/share/abb_irb4600_support/urdf/irb4600_20_250.xacro
[4.940s] -- Symlinking: /home/ros2/dev_ws/install/abb_irb4600_support/share/abb_irb4600_support/urdf/irb4600_20_250_macro.xacro
[4.978s] -- Symlinking: /home/ros2/dev_ws/install/abb_irb4600_support/share/abb_irb4600_support/urdf/irb4600_40_255.xacro
[5.004s] -- Symlinking: /home/ros2/dev_ws/install/abb_irb4600_support/share/abb_irb4600_support/urdf/irb4600_40_255_macro.xacro
[5.032s] -- Symlinking: /home/ros2/dev_ws/install/abb_irb4600_support/share/abb_irb4600_support/urdf/irb4600_60_205.xacro
[5.064s] -- Symlinking: /home/ros2/dev_ws/install/abb_irb4600_support/share/abb_irb4600_support/urdf/irb4600_60_205_macro.xacro
[5.130s] Invoked command in '/home/ros2/dev_ws/build/abb_irb4600_support' returned '0': CMAKE_PREFIX_PATH=${CMAKE_PREFIX_PATH}:/opt/ros/humble /usr/bin/cmake --install /home/ros2/dev_ws/build/abb_irb4600_support
