[0.031s] Invoking command in '/home/ros2/dev_ws/build/ros2_linkpose': AMENT_PREFIX_PATH=/home/ros2/dev_ws/install/linkpose_msgs:${AMENT_PREFIX_PATH} CMAKE_PREFIX_PATH=/home/ros2/dev_ws/install/linkpose_msgs:/opt/ros/humble LD_LIBRARY_PATH=/home/ros2/dev_ws/install/linkpose_msgs/lib:${LD_LIBRARY_PATH} PYTHONPATH=/home/ros2/dev_ws/install/linkpose_msgs/local/lib/python3.10/dist-packages:${PYTHONPATH} /usr/bin/cmake /home/ros2/dev_ws/src/IFRA_LinkPose/ros2_linkpose -DAMENT_CMAKE_SYMLINK_INSTALL=1 -DCMAKE_INSTALL_PREFIX=/home/ros2/dev_ws/install/ros2_linkpose
[1.164s] -- The C compiler identification is GNU 11.4.0
[1.164s] -- The CXX compiler identification is GNU 11.4.0
[1.164s] -- Detecting C compiler ABI info
[1.164s] -- Detecting C compiler ABI info - done
[1.164s] -- Check for working C compiler: /usr/bin/cc - skipped
[1.165s] -- Detecting C compile features
[1.165s] -- Detecting C compile features - done
[1.165s] -- Detecting CXX compiler ABI info
[1.165s] -- Detecting CXX compiler ABI info - done
[1.165s] -- Check for working CXX compiler: /usr/bin/c++ - skipped
[1.165s] -- Detecting CXX compile features
[1.165s] -- Detecting CXX compile features - done
[1.165s] -- Found ament_cmake: 1.3.11 (/opt/ros/humble/share/ament_cmake/cmake)
[1.731s] -- Found Python3: /usr/bin/python3 (found version "3.10.12") found components: Interpreter 
[2.024s] -- Override CMake install command with custom implementation using symlinks instead of copying resources
[2.134s] -- Found ament_lint_auto: 0.12.12 (/opt/ros/humble/share/ament_lint_auto/cmake)
[2.437s] -- Found gazebo_ros: 3.9.0 (/opt/ros/humble/share/gazebo_ros/cmake)
[2.684s] -- Found rosidl_generator_c: 3.1.6 (/opt/ros/humble/share/rosidl_generator_c/cmake)
[2.713s] -- Found rosidl_adapter: 3.1.6 (/opt/ros/humble/share/rosidl_adapter/cmake)
[2.751s] -- Found rosidl_generator_cpp: 3.1.6 (/opt/ros/humble/share/rosidl_generator_cpp/cmake)
[2.822s] -- Using all available rosidl_typesupport_c: rosidl_typesupport_fastrtps_c;rosidl_typesupport_introspection_c
[2.930s] -- Using all available rosidl_typesupport_cpp: rosidl_typesupport_fastrtps_cpp;rosidl_typesupport_introspection_cpp
[3.205s] -- Found rmw_implementation_cmake: 6.1.2 (/opt/ros/humble/share/rmw_implementation_cmake/cmake)
[3.217s] -- Found rmw_cyclonedds_cpp: 1.3.4 (/opt/ros/humble/share/rmw_cyclonedds_cpp/cmake)
[3.337s] -- Using RMW implementation 'rmw_cyclonedds_cpp' as default
[3.382s] -- Looking for pthread.h
[3.664s] -- Looking for pthread.h - found
[3.664s] -- Performing Test CMAKE_HAVE_LIBC_PTHREAD
[4.034s] -- Performing Test CMAKE_HAVE_LIBC_PTHREAD - Success
[4.055s] -- Found Threads: TRUE  
[4.219s] -- Found PkgConfig: /usr/bin/pkg-config (found version "0.29.2") 
[4.220s] -- Checking for module 'bullet>=2.82'
[4.277s] --   Found bullet, version 3.05
[4.716s] -- Found fcl: /usr/include (found suitable version "0.7.0", minimum required is "0.5.0") 
[4.908s] -- Found assimp: /usr/include (found version "5.2.0") 
[4.967s] -- Found DART: /usr/include (Required is at least version "6.6") found components: dart 
[5.037s] -- Found Boost: /usr/lib/x86_64-linux-gnu/cmake/Boost-1.74.0/BoostConfig.cmake (found suitable version "1.74.0", minimum required is "1.40.0") found components: thread system filesystem program_options regex iostreams date_time 
[5.098s] -- Found Protobuf: /usr/lib/x86_64-linux-gnu/libprotobuf.so (found version "3.12.4") 
[5.108s] -- Looking for ignition-math6 -- found version 6.15.1
[5.130s] -- Searching for dependencies of ignition-math6
[5.130s] -- Looking for OGRE...
[5.130s] -- OGRE_PREFIX_WATCH changed.
[5.144s] -- Checking for module 'OGRE'
[5.192s] --   Found OGRE, version 1.9.0
[5.307s] -- Found Ogre Ghadamon (1.9.0)
[5.344s] -- Found OGRE: optimized;/usr/lib/x86_64-linux-gnu/libOgreMain.so;debug;/usr/lib/x86_64-linux-gnu/libOgreMain.so
[5.382s] -- Looking for OGRE_Paging...
[5.420s] -- Found OGRE_Paging: optimized;/usr/lib/x86_64-linux-gnu/libOgrePaging.so;debug;/usr/lib/x86_64-linux-gnu/libOgrePaging.so
[5.421s] -- Looking for OGRE_Terrain...
[5.451s] -- Found OGRE_Terrain: optimized;/usr/lib/x86_64-linux-gnu/libOgreTerrain.so;debug;/usr/lib/x86_64-linux-gnu/libOgreTerrain.so
[5.452s] -- Looking for OGRE_Property...
[5.481s] -- Found OGRE_Property: optimized;/usr/lib/x86_64-linux-gnu/libOgreProperty.so;debug;/usr/lib/x86_64-linux-gnu/libOgreProperty.so
[5.481s] -- Looking for OGRE_RTShaderSystem...
[5.500s] -- Found OGRE_RTShaderSystem: optimized;/usr/lib/x86_64-linux-gnu/libOgreRTShaderSystem.so;debug;/usr/lib/x86_64-linux-gnu/libOgreRTShaderSystem.so
[5.500s] -- Looking for OGRE_Volume...
[5.534s] -- Found OGRE_Volume: optimized;/usr/lib/x86_64-linux-gnu/libOgreVolume.so;debug;/usr/lib/x86_64-linux-gnu/libOgreVolume.so
[5.534s] -- Looking for OGRE_Overlay...
[5.565s] -- Found OGRE_Overlay: optimized;/usr/lib/x86_64-linux-gnu/libOgreOverlay.so;debug;/usr/lib/x86_64-linux-gnu/libOgreOverlay.so
[6.353s] -- Looking for ignition-math6 -- found version 6.15.1
[6.353s] -- Looking for ignition-transport8 -- found version 8.2.1
[6.353s] -- Searching for dependencies of ignition-transport8
[6.364s] -- Found Protobuf: /usr/lib/x86_64-linux-gnu/libprotobuf.so (found suitable version "3.12.4", minimum required is "3") 
[6.402s] -- Config-file not installed for ZeroMQ -- checking for pkg-config
[6.422s] -- Checking for module 'libzmq >= 4'
[6.460s] --   Found libzmq , version 4.3.4
[6.591s] -- Found ZeroMQ: TRUE (Required is at least version "4") 
[6.610s] -- Checking for module 'uuid'
[6.652s] --   Found uuid, version 2.37.2
[6.724s] -- Found UUID: TRUE  
[6.728s] -- Looking for ignition-msgs5 -- found version 5.8.1
[6.735s] -- Searching for dependencies of ignition-msgs5
[6.774s] -- Looking for ignition-math6 -- found version 6.15.1
[6.783s] -- Checking for module 'tinyxml2'
[6.823s] --   Found tinyxml2, version 9.0.0
[6.925s] -- Looking for ignition-msgs5 -- found version 5.8.1
[6.933s] -- Looking for ignition-common3 -- found version 3.14.0
[6.934s] -- Searching for dependencies of ignition-common3
[6.935s] -- Looking for dlfcn.h - found
[6.940s] -- Looking for libdl - found
[6.941s] -- Found DL: TRUE  
[6.970s] -- Found tinyobjloader: /usr/lib/x86_64-linux-gnu/cmake/tinyobjloader/tinyobjloader-config.cmake (found version "2.0.0") 
[6.972s] -- Searching for <ignition-common3> component [graphics]
[6.978s] -- Looking for ignition-common3-graphics -- found version 3.14.0
[6.979s] -- Searching for dependencies of ignition-common3-graphics
[6.980s] -- Looking for ignition-math6 -- found version 6.15.1
[6.986s] -- Looking for ignition-fuel_tools4 -- found version 4.4.0
[6.986s] -- Searching for dependencies of ignition-fuel_tools4
[7.159s] -- Found CURL: /usr/lib/x86_64-linux-gnu/libcurl.so (found version "7.81.0")  
[7.172s] -- Checking for module 'jsoncpp'
[7.212s] --   Found jsoncpp, version 1.9.5
[7.272s] -- Found JSONCPP: TRUE  
[7.275s] -- Checking for module 'libzip'
[7.296s] --   Found libzip, version 1.7.3
[7.354s] -- Found ZIP: TRUE  
[7.354s] -- Looking for ignition-common3 -- found version 3.14.0
[7.354s] -- Looking for ignition-math6 -- found version 6.15.1
[7.354s] -- Looking for ignition-msgs5 -- found version 5.8.1
[7.364s] -- Gazebo version: 11.10
[7.364s] -- Checking for module 'tbb'
[7.386s] --   Found tbb, version 2021.5.0
[7.472s] -- Found gazebo_msgs: 3.9.0 (/opt/ros/humble/share/gazebo_msgs/cmake)
[7.553s] -- Found linkpose_msgs: 0.0.0 (/home/ros2/dev_ws/install/linkpose_msgs/share/linkpose_msgs/cmake)
[7.592s] -- Added test 'copyright' to check source files copyright and LICENSE
[7.595s] -- Added test 'cppcheck' to perform static code analysis on C / C++ code
[7.596s] -- Configured cppcheck include dirs: /home/ros2/dev_ws/src/IFRA_LinkPose/ros2_linkpose/include
[7.596s] -- Configured cppcheck exclude dirs and/or files: 
[7.597s] -- Added test 'cpplint' to check C / C++ code against the Google style
[7.607s] -- Configured cpplint exclude dirs and/or files: 
[7.614s] -- Added test 'flake8' to check Python code syntax and style conventions
[7.614s] -- Added test 'lint_cmake' to check CMake code style
[7.614s] -- Added test 'pep257' to check Python code against some of the docstring style conventions in PEP 257
[7.614s] -- Added test 'uncrustify' to check C / C++ code style
[7.614s] -- Configured uncrustify additional arguments: 
[7.614s] -- Added test 'xmllint' to check XML markup files
[7.614s] -- Configuring done
[7.644s] -- Generating done
[7.653s] -- Build files have been written to: /home/ros2/dev_ws/build/ros2_linkpose
[7.686s] Invoked command in '/home/ros2/dev_ws/build/ros2_linkpose' returned '0': AMENT_PREFIX_PATH=/home/ros2/dev_ws/install/linkpose_msgs:${AMENT_PREFIX_PATH} CMAKE_PREFIX_PATH=/home/ros2/dev_ws/install/linkpose_msgs:/opt/ros/humble LD_LIBRARY_PATH=/home/ros2/dev_ws/install/linkpose_msgs/lib:${LD_LIBRARY_PATH} PYTHONPATH=/home/ros2/dev_ws/install/linkpose_msgs/local/lib/python3.10/dist-packages:${PYTHONPATH} /usr/bin/cmake /home/ros2/dev_ws/src/IFRA_LinkPose/ros2_linkpose -DAMENT_CMAKE_SYMLINK_INSTALL=1 -DCMAKE_INSTALL_PREFIX=/home/ros2/dev_ws/install/ros2_linkpose
[7.699s] Invoking command in '/home/ros2/dev_ws/build/ros2_linkpose': AMENT_PREFIX_PATH=/home/ros2/dev_ws/install/linkpose_msgs:${AMENT_PREFIX_PATH} CMAKE_PREFIX_PATH=/home/ros2/dev_ws/install/linkpose_msgs:/opt/ros/humble LD_LIBRARY_PATH=/home/ros2/dev_ws/install/linkpose_msgs/lib:${LD_LIBRARY_PATH} PYTHONPATH=/home/ros2/dev_ws/install/linkpose_msgs/local/lib/python3.10/dist-packages:${PYTHONPATH} /usr/bin/cmake --build /home/ros2/dev_ws/build/ros2_linkpose -- -j16 -l16
[8.925s] [ 50%] [32mBuilding CXX object CMakeFiles/ros2_linkpose_plugin.dir/src/ros2_linkpose_plugin.cpp.o[0m
[38.263s] [100%] [32m[1mLinking CXX shared library libros2_linkpose_plugin.so[0m
[39.425s] [100%] Built target ros2_linkpose_plugin
[39.440s] Invoked command in '/home/ros2/dev_ws/build/ros2_linkpose' returned '0': AMENT_PREFIX_PATH=/home/ros2/dev_ws/install/linkpose_msgs:${AMENT_PREFIX_PATH} CMAKE_PREFIX_PATH=/home/ros2/dev_ws/install/linkpose_msgs:/opt/ros/humble LD_LIBRARY_PATH=/home/ros2/dev_ws/install/linkpose_msgs/lib:${LD_LIBRARY_PATH} PYTHONPATH=/home/ros2/dev_ws/install/linkpose_msgs/local/lib/python3.10/dist-packages:${PYTHONPATH} /usr/bin/cmake --build /home/ros2/dev_ws/build/ros2_linkpose -- -j16 -l16
[39.441s] Invoking command in '/home/ros2/dev_ws/build/ros2_linkpose': AMENT_PREFIX_PATH=/home/ros2/dev_ws/install/linkpose_msgs:${AMENT_PREFIX_PATH} CMAKE_PREFIX_PATH=/home/ros2/dev_ws/install/linkpose_msgs:/opt/ros/humble LD_LIBRARY_PATH=/home/ros2/dev_ws/install/linkpose_msgs/lib:${LD_LIBRARY_PATH} PYTHONPATH=/home/ros2/dev_ws/install/linkpose_msgs/local/lib/python3.10/dist-packages:${PYTHONPATH} /usr/bin/cmake --install /home/ros2/dev_ws/build/ros2_linkpose
[39.448s] -- Install configuration: ""
[39.448s] -- Execute custom install script
[39.448s] -- Symlinking: /home/ros2/dev_ws/install/ros2_linkpose/share/ros2_linkpose/environment/library_path.sh
[39.457s] -- Symlinking: /home/ros2/dev_ws/install/ros2_linkpose/share/ros2_linkpose/environment/library_path.dsv
[39.466s] -- Symlinking: /home/ros2/dev_ws/install/ros2_linkpose/lib/libros2_linkpose_plugin.so
[39.478s] -- Symlinking: /home/ros2/dev_ws/install/ros2_linkpose/share/ros2_linkpose/python/SpawnObject.py
[39.486s] -- Symlinking: /home/ros2/dev_ws/install/ros2_linkpose/lib/ros2_linkpose/SpawnObject.py
[39.494s] -- Symlinking: /home/ros2/dev_ws/install/ros2_linkpose/share/ament_index/resource_index/package_run_dependencies/ros2_linkpose
[39.502s] -- Symlinking: /home/ros2/dev_ws/install/ros2_linkpose/share/ament_index/resource_index/parent_prefix_path/ros2_linkpose
[39.511s] -- Symlinking: /home/ros2/dev_ws/install/ros2_linkpose/share/ros2_linkpose/environment/ament_prefix_path.sh
[39.520s] -- Symlinking: /home/ros2/dev_ws/install/ros2_linkpose/share/ros2_linkpose/environment/ament_prefix_path.dsv
[39.531s] -- Symlinking: /home/ros2/dev_ws/install/ros2_linkpose/share/ros2_linkpose/environment/path.sh
[39.540s] -- Symlinking: /home/ros2/dev_ws/install/ros2_linkpose/share/ros2_linkpose/environment/path.dsv
[39.548s] -- Symlinking: /home/ros2/dev_ws/install/ros2_linkpose/share/ros2_linkpose/local_setup.bash
[39.557s] -- Symlinking: /home/ros2/dev_ws/install/ros2_linkpose/share/ros2_linkpose/local_setup.sh
[39.566s] -- Symlinking: /home/ros2/dev_ws/install/ros2_linkpose/share/ros2_linkpose/local_setup.zsh
[39.574s] -- Symlinking: /home/ros2/dev_ws/install/ros2_linkpose/share/ros2_linkpose/local_setup.dsv
[39.584s] -- Symlinking: /home/ros2/dev_ws/install/ros2_linkpose/share/ros2_linkpose/package.dsv
[39.590s] -- Symlinking: /home/ros2/dev_ws/install/ros2_linkpose/share/ament_index/resource_index/packages/ros2_linkpose
[39.601s] -- Symlinking: /home/ros2/dev_ws/install/ros2_linkpose/share/ros2_linkpose/cmake/ament_cmake_export_libraries-extras.cmake
[39.612s] -- Symlinking: /home/ros2/dev_ws/install/ros2_linkpose/share/ros2_linkpose/cmake/ros2_linkposeConfig.cmake
[39.624s] -- Symlinking: /home/ros2/dev_ws/install/ros2_linkpose/share/ros2_linkpose/cmake/ros2_linkposeConfig-version.cmake
[39.635s] -- Symlinking: /home/ros2/dev_ws/install/ros2_linkpose/share/ros2_linkpose/package.xml
[39.668s] Invoked command in '/home/ros2/dev_ws/build/ros2_linkpose' returned '0': AMENT_PREFIX_PATH=/home/ros2/dev_ws/install/linkpose_msgs:${AMENT_PREFIX_PATH} CMAKE_PREFIX_PATH=/home/ros2/dev_ws/install/linkpose_msgs:/opt/ros/humble LD_LIBRARY_PATH=/home/ros2/dev_ws/install/linkpose_msgs/lib:${LD_LIBRARY_PATH} PYTHONPATH=/home/ros2/dev_ws/install/linkpose_msgs/local/lib/python3.10/dist-packages:${PYTHONPATH} /usr/bin/cmake --install /home/ros2/dev_ws/build/ros2_linkpose
