[0.184s] Invoking command in '/home/ros2/dev_ws/build/ros2srrc_rx160_gazebo': CMAKE_PREFIX_PATH=/opt/ros/humble /usr/bin/cmake /home/ros2/dev_ws/src/ros2_SimRealRobotControl/packages/rx160/ros2srrc_rx160_gazebo -DAMENT_CMAKE_SYMLINK_INSTALL=1 -DCMAKE_INSTALL_PREFIX=/home/ros2/dev_ws/install/ros2srrc_rx160_gazebo
[0.359s] -- The C compiler identification is GNU 11.4.0
[0.513s] -- The CXX compiler identification is GNU 11.4.0
[0.559s] -- Detecting C compiler ABI info
[0.867s] -- Detecting C compiler ABI info - done
[0.907s] -- Check for working C compiler: /usr/bin/cc - skipped
[0.907s] -- Detecting C compile features
[0.909s] -- Detecting C compile features - done
[0.921s] -- Detecting CXX compiler ABI info
[1.228s] -- Detecting CXX compiler ABI info - done
[1.246s] -- Check for working CXX compiler: /usr/bin/c++ - skipped
[1.250s] -- Detecting CXX compile features
[1.250s] -- Detecting CXX compile features - done
[1.262s] -- Found ament_cmake: 1.3.11 (/opt/ros/humble/share/ament_cmake/cmake)
[1.762s] -- Found Python3: /usr/bin/python3 (found version "3.10.12") found components: Interpreter 
[2.007s] -- Override CMake install command with custom implementation using symlinks instead of copying resources
[2.093s] -- Found ament_lint_auto: 0.12.12 (/opt/ros/humble/share/ament_lint_auto/cmake)
[2.387s] -- Added test 'copyright' to check source files copyright and LICENSE
[2.395s] -- Added test 'lint_cmake' to check CMake code style
[2.396s] -- Added test 'xmllint' to check XML markup files
[2.407s] -- Configuring done
[2.417s] -- Generating done
[2.424s] -- Build files have been written to: /home/ros2/dev_ws/build/ros2srrc_rx160_gazebo
[2.459s] Invoked command in '/home/ros2/dev_ws/build/ros2srrc_rx160_gazebo' returned '0': CMAKE_PREFIX_PATH=/opt/ros/humble /usr/bin/cmake /home/ros2/dev_ws/src/ros2_SimRealRobotControl/packages/rx160/ros2srrc_rx160_gazebo -DAMENT_CMAKE_SYMLINK_INSTALL=1 -DCMAKE_INSTALL_PREFIX=/home/ros2/dev_ws/install/ros2srrc_rx160_gazebo
[2.466s] Invoking command in '/home/ros2/dev_ws/build/ros2srrc_rx160_gazebo': CMAKE_PREFIX_PATH=/opt/ros/humble /usr/bin/cmake --build /home/ros2/dev_ws/build/ros2srrc_rx160_gazebo -- -j16 -l16
[2.855s] Invoked command in '/home/ros2/dev_ws/build/ros2srrc_rx160_gazebo' returned '0': CMAKE_PREFIX_PATH=/opt/ros/humble /usr/bin/cmake --build /home/ros2/dev_ws/build/ros2srrc_rx160_gazebo -- -j16 -l16
[2.855s] Invoking command in '/home/ros2/dev_ws/build/ros2srrc_rx160_gazebo': CMAKE_PREFIX_PATH=/opt/ros/humble /usr/bin/cmake --install /home/ros2/dev_ws/build/ros2srrc_rx160_gazebo
[3.251s] -- Install configuration: ""
[3.251s] -- Execute custom install script
[3.251s] -- Symlinking: /home/ros2/dev_ws/install/ros2srrc_rx160_gazebo/share/ros2srrc_rx160_gazebo/config/configurations.yaml
[3.252s] -- Symlinking: /home/ros2/dev_ws/install/ros2srrc_rx160_gazebo/share/ros2srrc_rx160_gazebo/urdf/rx160.urdf.xacro
[3.252s] -- Symlinking: /home/ros2/dev_ws/install/ros2srrc_rx160_gazebo/share/ros2srrc_rx160_gazebo/worlds/ros2srrc_rx160.world
[3.252s] -- Symlinking: /home/ros2/dev_ws/install/ros2srrc_rx160_gazebo/share/ament_index/resource_index/package_run_dependencies/ros2srrc_rx160_gazebo
[3.252s] -- Symlinking: /home/ros2/dev_ws/install/ros2srrc_rx160_gazebo/share/ament_index/resource_index/parent_prefix_path/ros2srrc_rx160_gazebo
[3.252s] -- Symlinking: /home/ros2/dev_ws/install/ros2srrc_rx160_gazebo/share/ros2srrc_rx160_gazebo/environment/ament_prefix_path.sh
[3.252s] -- Symlinking: /home/ros2/dev_ws/install/ros2srrc_rx160_gazebo/share/ros2srrc_rx160_gazebo/environment/ament_prefix_path.dsv
[3.252s] -- Symlinking: /home/ros2/dev_ws/install/ros2srrc_rx160_gazebo/share/ros2srrc_rx160_gazebo/environment/path.sh
[3.252s] -- Symlinking: /home/ros2/dev_ws/install/ros2srrc_rx160_gazebo/share/ros2srrc_rx160_gazebo/environment/path.dsv
[3.252s] -- Symlinking: /home/ros2/dev_ws/install/ros2srrc_rx160_gazebo/share/ros2srrc_rx160_gazebo/local_setup.bash
[3.252s] -- Symlinking: /home/ros2/dev_ws/install/ros2srrc_rx160_gazebo/share/ros2srrc_rx160_gazebo/local_setup.sh
[3.253s] -- Symlinking: /home/ros2/dev_ws/install/ros2srrc_rx160_gazebo/share/ros2srrc_rx160_gazebo/local_setup.zsh
[3.253s] -- Symlinking: /home/ros2/dev_ws/install/ros2srrc_rx160_gazebo/share/ros2srrc_rx160_gazebo/local_setup.dsv
[3.253s] -- Symlinking: /home/ros2/dev_ws/install/ros2srrc_rx160_gazebo/share/ros2srrc_rx160_gazebo/package.dsv
[3.253s] -- Symlinking: /home/ros2/dev_ws/install/ros2srrc_rx160_gazebo/share/ament_index/resource_index/packages/ros2srrc_rx160_gazebo
[3.253s] -- Symlinking: /home/ros2/dev_ws/install/ros2srrc_rx160_gazebo/share/ros2srrc_rx160_gazebo/cmake/ros2srrc_rx160_gazeboConfig.cmake
[3.253s] -- Symlinking: /home/ros2/dev_ws/install/ros2srrc_rx160_gazebo/share/ros2srrc_rx160_gazebo/cmake/ros2srrc_rx160_gazeboConfig-version.cmake
[3.257s] -- Symlinking: /home/ros2/dev_ws/install/ros2srrc_rx160_gazebo/share/ros2srrc_rx160_gazebo/package.xml
[3.327s] Invoked command in '/home/ros2/dev_ws/build/ros2srrc_rx160_gazebo' returned '0': CMAKE_PREFIX_PATH=/opt/ros/humble /usr/bin/cmake --install /home/ros2/dev_ws/build/ros2srrc_rx160_gazebo
