[0.038s] Invoking command in '/home/ros2/dev_ws/build/ros2srrc_ur20_moveit2': CMAKE_PREFIX_PATH=${CMAKE_PREFIX_PATH}:/opt/ros/humble /usr/bin/cmake /home/ros2/dev_ws/src/ros2_SimRealRobotControl/packages/ur20/ros2srrc_ur20_moveit2 -DAMENT_CMAKE_SYMLINK_INSTALL=1 -DCMAKE_INSTALL_PREFIX=/home/ros2/dev_ws/install/ros2srrc_ur20_moveit2
[0.825s] -- The C compiler identification is GNU 11.4.0
[0.825s] -- The CXX compiler identification is GNU 11.4.0
[0.825s] -- Detecting C compiler ABI info
[0.825s] -- Detecting C compiler ABI info - done
[0.826s] -- Check for working C compiler: /usr/bin/cc - skipped
[0.826s] -- Detecting C compile features
[0.826s] -- Detecting C compile features - done
[0.826s] -- Detecting CXX compiler ABI info
[0.826s] -- Detecting CXX compiler ABI info - done
[0.826s] -- Check for working CXX compiler: /usr/bin/c++ - skipped
[0.826s] -- Detecting CXX compile features
[0.826s] -- Detecting CXX compile features - done
[0.826s] -- Found ament_cmake: 1.3.11 (/opt/ros/humble/share/ament_cmake/cmake)
[1.301s] -- Found Python3: /usr/bin/python3 (found version "3.10.12") found components: Interpreter 
[1.554s] -- Override CMake install command with custom implementation using symlinks instead of copying resources
[1.725s] -- Found ament_lint_auto: 0.12.12 (/opt/ros/humble/share/ament_lint_auto/cmake)
[2.173s] -- Added test 'copyright' to check source files copyright and LICENSE
[2.185s] -- Added test 'lint_cmake' to check CMake code style
[2.188s] -- Added test 'xmllint' to check XML markup files
[2.197s] -- Configuring done
[2.212s] -- Generating done
[2.217s] -- Build files have been written to: /home/ros2/dev_ws/build/ros2srrc_ur20_moveit2
[2.300s] Invoked command in '/home/ros2/dev_ws/build/ros2srrc_ur20_moveit2' returned '0': CMAKE_PREFIX_PATH=${CMAKE_PREFIX_PATH}:/opt/ros/humble /usr/bin/cmake /home/ros2/dev_ws/src/ros2_SimRealRobotControl/packages/ur20/ros2srrc_ur20_moveit2 -DAMENT_CMAKE_SYMLINK_INSTALL=1 -DCMAKE_INSTALL_PREFIX=/home/ros2/dev_ws/install/ros2srrc_ur20_moveit2
[2.300s] Invoking command in '/home/ros2/dev_ws/build/ros2srrc_ur20_moveit2': CMAKE_PREFIX_PATH=${CMAKE_PREFIX_PATH}:/opt/ros/humble /usr/bin/cmake --build /home/ros2/dev_ws/build/ros2srrc_ur20_moveit2 -- -j16 -l16
[3.440s] Invoked command in '/home/ros2/dev_ws/build/ros2srrc_ur20_moveit2' returned '0': CMAKE_PREFIX_PATH=${CMAKE_PREFIX_PATH}:/opt/ros/humble /usr/bin/cmake --build /home/ros2/dev_ws/build/ros2srrc_ur20_moveit2 -- -j16 -l16
[3.445s] Invoking command in '/home/ros2/dev_ws/build/ros2srrc_ur20_moveit2': CMAKE_PREFIX_PATH=${CMAKE_PREFIX_PATH}:/opt/ros/humble /usr/bin/cmake --install /home/ros2/dev_ws/build/ros2srrc_ur20_moveit2
[4.434s] -- Install configuration: ""
[4.434s] -- Execute custom install script
[4.435s] -- Symlinking: /home/ros2/dev_ws/install/ros2srrc_ur20_moveit2/share/ros2srrc_ur20_moveit2/config/ur20.srdf
[4.435s] -- Symlinking: /home/ros2/dev_ws/install/ros2srrc_ur20_moveit2/share/ros2srrc_ur20_moveit2/config/ur20_moveit2.rviz
[4.435s] -- Symlinking: /home/ros2/dev_ws/install/ros2srrc_ur20_moveit2/share/ros2srrc_ur20_moveit2/config/ur20robotiq_2f85.srdf
[4.435s] -- Symlinking: /home/ros2/dev_ws/install/ros2srrc_ur20_moveit2/share/ros2srrc_ur20_moveit2/config/ur20robotiq_2f85_moveit2.rviz
[4.435s] -- Symlinking: /home/ros2/dev_ws/install/ros2srrc_ur20_moveit2/share/ros2srrc_ur20_moveit2/config/ur20robotiq_hande.srdf
[4.435s] -- Symlinking: /home/ros2/dev_ws/install/ros2srrc_ur20_moveit2/share/ros2srrc_ur20_moveit2/config/ur20robotiq_hande_moveit2.rviz
[4.439s] -- Symlinking: /home/ros2/dev_ws/install/ros2srrc_ur20_moveit2/share/ament_index/resource_index/package_run_dependencies/ros2srrc_ur20_moveit2
[4.439s] -- Symlinking: /home/ros2/dev_ws/install/ros2srrc_ur20_moveit2/share/ament_index/resource_index/parent_prefix_path/ros2srrc_ur20_moveit2
[4.439s] -- Symlinking: /home/ros2/dev_ws/install/ros2srrc_ur20_moveit2/share/ros2srrc_ur20_moveit2/environment/ament_prefix_path.sh
[4.439s] -- Symlinking: /home/ros2/dev_ws/install/ros2srrc_ur20_moveit2/share/ros2srrc_ur20_moveit2/environment/ament_prefix_path.dsv
[4.440s] -- Symlinking: /home/ros2/dev_ws/install/ros2srrc_ur20_moveit2/share/ros2srrc_ur20_moveit2/environment/path.sh
[4.440s] -- Symlinking: /home/ros2/dev_ws/install/ros2srrc_ur20_moveit2/share/ros2srrc_ur20_moveit2/environment/path.dsv
[4.440s] -- Symlinking: /home/ros2/dev_ws/install/ros2srrc_ur20_moveit2/share/ros2srrc_ur20_moveit2/local_setup.bash
[4.453s] -- Symlinking: /home/ros2/dev_ws/install/ros2srrc_ur20_moveit2/share/ros2srrc_ur20_moveit2/local_setup.sh
[4.453s] -- Symlinking: /home/ros2/dev_ws/install/ros2srrc_ur20_moveit2/share/ros2srrc_ur20_moveit2/local_setup.zsh
[4.454s] -- Symlinking: /home/ros2/dev_ws/install/ros2srrc_ur20_moveit2/share/ros2srrc_ur20_moveit2/local_setup.dsv
[4.454s] -- Symlinking: /home/ros2/dev_ws/install/ros2srrc_ur20_moveit2/share/ros2srrc_ur20_moveit2/package.dsv
[4.454s] -- Symlinking: /home/ros2/dev_ws/install/ros2srrc_ur20_moveit2/share/ament_index/resource_index/packages/ros2srrc_ur20_moveit2
[4.454s] -- Symlinking: /home/ros2/dev_ws/install/ros2srrc_ur20_moveit2/share/ros2srrc_ur20_moveit2/cmake/ros2srrc_ur20_moveit2Config.cmake
[4.454s] -- Symlinking: /home/ros2/dev_ws/install/ros2srrc_ur20_moveit2/share/ros2srrc_ur20_moveit2/cmake/ros2srrc_ur20_moveit2Config-version.cmake
[4.454s] -- Symlinking: /home/ros2/dev_ws/install/ros2srrc_ur20_moveit2/share/ros2srrc_ur20_moveit2/package.xml
[4.509s] Invoked command in '/home/ros2/dev_ws/build/ros2srrc_ur20_moveit2' returned '0': CMAKE_PREFIX_PATH=${CMAKE_PREFIX_PATH}:/opt/ros/humble /usr/bin/cmake --install /home/ros2/dev_ws/build/ros2srrc_ur20_moveit2
