[0.021s] Invoking command in '/home/ros2/dev_ws/build/ros2srrc_irb1200_gazebo': CMAKE_PREFIX_PATH=/opt/ros/humble /usr/bin/cmake /home/ros2/dev_ws/src/ros2_SimRealRobotControl/packages/irb1200/ros2srrc_irb1200_gazebo -DAMENT_CMAKE_SYMLINK_INSTALL=1 -DCMAKE_INSTALL_PREFIX=/home/ros2/dev_ws/install/ros2srrc_irb1200_gazebo
[1.277s] -- The C compiler identification is GNU 11.4.0
[1.277s] -- The CXX compiler identification is GNU 11.4.0
[1.277s] -- Detecting C compiler ABI info
[1.277s] -- Detecting C compiler ABI info - done
[1.277s] -- Check for working C compiler: /usr/bin/cc - skipped
[1.277s] -- Detecting C compile features
[1.278s] -- Detecting C compile features - done
[1.278s] -- Detecting CXX compiler ABI info
[1.278s] -- Detecting CXX compiler ABI info - done
[1.278s] -- Check for working CXX compiler: /usr/bin/c++ - skipped
[1.278s] -- Detecting CXX compile features
[1.278s] -- Detecting CXX compile features - done
[1.278s] -- Found ament_cmake: 1.3.11 (/opt/ros/humble/share/ament_cmake/cmake)
[1.629s] -- Found Python3: /usr/bin/python3 (found version "3.10.12") found components: Interpreter 
[1.899s] -- Override CMake install command with custom implementation using symlinks instead of copying resources
[1.981s] -- Found ament_lint_auto: 0.12.12 (/opt/ros/humble/share/ament_lint_auto/cmake)
[2.275s] -- Added test 'copyright' to check source files copyright and LICENSE
[2.286s] -- Added test 'lint_cmake' to check CMake code style
[2.289s] -- Added test 'xmllint' to check XML markup files
[2.296s] -- Configuring done
[2.305s] -- Generating done
[2.312s] -- Build files have been written to: /home/ros2/dev_ws/build/ros2srrc_irb1200_gazebo
[2.329s] Invoked command in '/home/ros2/dev_ws/build/ros2srrc_irb1200_gazebo' returned '0': CMAKE_PREFIX_PATH=/opt/ros/humble /usr/bin/cmake /home/ros2/dev_ws/src/ros2_SimRealRobotControl/packages/irb1200/ros2srrc_irb1200_gazebo -DAMENT_CMAKE_SYMLINK_INSTALL=1 -DCMAKE_INSTALL_PREFIX=/home/ros2/dev_ws/install/ros2srrc_irb1200_gazebo
[2.330s] Invoking command in '/home/ros2/dev_ws/build/ros2srrc_irb1200_gazebo': CMAKE_PREFIX_PATH=/opt/ros/humble /usr/bin/cmake --build /home/ros2/dev_ws/build/ros2srrc_irb1200_gazebo -- -j16 -l16
[4.310s] Invoked command in '/home/ros2/dev_ws/build/ros2srrc_irb1200_gazebo' returned '0': CMAKE_PREFIX_PATH=/opt/ros/humble /usr/bin/cmake --build /home/ros2/dev_ws/build/ros2srrc_irb1200_gazebo -- -j16 -l16
[4.313s] Invoking command in '/home/ros2/dev_ws/build/ros2srrc_irb1200_gazebo': CMAKE_PREFIX_PATH=/opt/ros/humble /usr/bin/cmake --install /home/ros2/dev_ws/build/ros2srrc_irb1200_gazebo
[4.817s] -- Install configuration: ""
[4.817s] -- Execute custom install script
[4.817s] -- Symlinking: /home/ros2/dev_ws/install/ros2srrc_irb1200_gazebo/share/ros2srrc_irb1200_gazebo/config/configurations.yaml
[4.817s] -- Symlinking: /home/ros2/dev_ws/install/ros2srrc_irb1200_gazebo/share/ros2srrc_irb1200_gazebo/urdf/irb1200.urdf.xacro
[4.818s] -- Symlinking: /home/ros2/dev_ws/install/ros2srrc_irb1200_gazebo/share/ros2srrc_irb1200_gazebo/urdf/irb1200_egp64.urdf.xacro
[4.818s] -- Symlinking: /home/ros2/dev_ws/install/ros2srrc_irb1200_gazebo/share/ros2srrc_irb1200_gazebo/worlds/ros2srrc_irb1200.world
[4.818s] -- Symlinking: /home/ros2/dev_ws/install/ros2srrc_irb1200_gazebo/share/ament_index/resource_index/package_run_dependencies/ros2srrc_irb1200_gazebo
[4.818s] -- Symlinking: /home/ros2/dev_ws/install/ros2srrc_irb1200_gazebo/share/ament_index/resource_index/parent_prefix_path/ros2srrc_irb1200_gazebo
[4.818s] -- Symlinking: /home/ros2/dev_ws/install/ros2srrc_irb1200_gazebo/share/ros2srrc_irb1200_gazebo/environment/ament_prefix_path.sh
[4.818s] -- Symlinking: /home/ros2/dev_ws/install/ros2srrc_irb1200_gazebo/share/ros2srrc_irb1200_gazebo/environment/ament_prefix_path.dsv
[4.818s] -- Symlinking: /home/ros2/dev_ws/install/ros2srrc_irb1200_gazebo/share/ros2srrc_irb1200_gazebo/environment/path.sh
[4.818s] -- Symlinking: /home/ros2/dev_ws/install/ros2srrc_irb1200_gazebo/share/ros2srrc_irb1200_gazebo/environment/path.dsv
[4.818s] -- Symlinking: /home/ros2/dev_ws/install/ros2srrc_irb1200_gazebo/share/ros2srrc_irb1200_gazebo/local_setup.bash
[4.818s] -- Symlinking: /home/ros2/dev_ws/install/ros2srrc_irb1200_gazebo/share/ros2srrc_irb1200_gazebo/local_setup.sh
[4.818s] -- Symlinking: /home/ros2/dev_ws/install/ros2srrc_irb1200_gazebo/share/ros2srrc_irb1200_gazebo/local_setup.zsh
[4.818s] -- Symlinking: /home/ros2/dev_ws/install/ros2srrc_irb1200_gazebo/share/ros2srrc_irb1200_gazebo/local_setup.dsv
[4.818s] -- Symlinking: /home/ros2/dev_ws/install/ros2srrc_irb1200_gazebo/share/ros2srrc_irb1200_gazebo/package.dsv
[4.819s] -- Symlinking: /home/ros2/dev_ws/install/ros2srrc_irb1200_gazebo/share/ament_index/resource_index/packages/ros2srrc_irb1200_gazebo
[4.819s] -- Symlinking: /home/ros2/dev_ws/install/ros2srrc_irb1200_gazebo/share/ros2srrc_irb1200_gazebo/cmake/ros2srrc_irb1200_gazeboConfig.cmake
[4.819s] -- Symlinking: /home/ros2/dev_ws/install/ros2srrc_irb1200_gazebo/share/ros2srrc_irb1200_gazebo/cmake/ros2srrc_irb1200_gazeboConfig-version.cmake
[4.819s] -- Symlinking: /home/ros2/dev_ws/install/ros2srrc_irb1200_gazebo/share/ros2srrc_irb1200_gazebo/package.xml
[4.880s] Invoked command in '/home/ros2/dev_ws/build/ros2srrc_irb1200_gazebo' returned '0': CMAKE_PREFIX_PATH=/opt/ros/humble /usr/bin/cmake --install /home/ros2/dev_ws/build/ros2srrc_irb1200_gazebo
