[0.031s] Invoking command in '/home/ros2/dev_ws/build/ros2srrc_ur16e_moveit2': CMAKE_PREFIX_PATH=/opt/ros/humble /usr/bin/cmake /home/ros2/dev_ws/src/ros2_SimRealRobotControl/packages/ur16e/ros2srrc_ur16e_moveit2 -DAMENT_CMAKE_SYMLINK_INSTALL=1 -DCMAKE_INSTALL_PREFIX=/home/ros2/dev_ws/install/ros2srrc_ur16e_moveit2
[1.628s] -- The C compiler identification is GNU 11.4.0
[1.628s] -- The CXX compiler identification is GNU 11.4.0
[1.628s] -- Detecting C compiler ABI info
[1.628s] -- Detecting C compiler ABI info - done
[1.628s] -- Check for working C compiler: /usr/bin/cc - skipped
[1.629s] -- Detecting C compile features
[1.629s] -- Detecting C compile features - done
[1.629s] -- Detecting CXX compiler ABI info
[1.629s] -- Detecting CXX compiler ABI info - done
[1.629s] -- Check for working CXX compiler: /usr/bin/c++ - skipped
[1.629s] -- Detecting CXX compile features
[1.629s] -- Detecting CXX compile features - done
[1.629s] -- Found ament_cmake: 1.3.11 (/opt/ros/humble/share/ament_cmake/cmake)
[1.629s] -- Found Python3: /usr/bin/python3 (found version "3.10.12") found components: Interpreter 
[1.704s] -- Override CMake install command with custom implementation using symlinks instead of copying resources
[1.765s] -- Found ament_lint_auto: 0.12.12 (/opt/ros/humble/share/ament_lint_auto/cmake)
[1.977s] -- Added test 'copyright' to check source files copyright and LICENSE
[1.988s] -- Added test 'lint_cmake' to check CMake code style
[1.990s] -- Added test 'xmllint' to check XML markup files
[1.990s] -- Configuring done
[2.006s] -- Generating done
[2.012s] -- Build files have been written to: /home/ros2/dev_ws/build/ros2srrc_ur16e_moveit2
[2.042s] Invoked command in '/home/ros2/dev_ws/build/ros2srrc_ur16e_moveit2' returned '0': CMAKE_PREFIX_PATH=/opt/ros/humble /usr/bin/cmake /home/ros2/dev_ws/src/ros2_SimRealRobotControl/packages/ur16e/ros2srrc_ur16e_moveit2 -DAMENT_CMAKE_SYMLINK_INSTALL=1 -DCMAKE_INSTALL_PREFIX=/home/ros2/dev_ws/install/ros2srrc_ur16e_moveit2
[2.052s] Invoking command in '/home/ros2/dev_ws/build/ros2srrc_ur16e_moveit2': CMAKE_PREFIX_PATH=/opt/ros/humble /usr/bin/cmake --build /home/ros2/dev_ws/build/ros2srrc_ur16e_moveit2 -- -j16 -l16
[2.517s] Invoked command in '/home/ros2/dev_ws/build/ros2srrc_ur16e_moveit2' returned '0': CMAKE_PREFIX_PATH=/opt/ros/humble /usr/bin/cmake --build /home/ros2/dev_ws/build/ros2srrc_ur16e_moveit2 -- -j16 -l16
[2.517s] Invoking command in '/home/ros2/dev_ws/build/ros2srrc_ur16e_moveit2': CMAKE_PREFIX_PATH=/opt/ros/humble /usr/bin/cmake --install /home/ros2/dev_ws/build/ros2srrc_ur16e_moveit2
[2.635s] -- Install configuration: ""
[2.637s] -- Execute custom install script
[2.638s] -- Symlinking: /home/ros2/dev_ws/install/ros2srrc_ur16e_moveit2/share/ros2srrc_ur16e_moveit2/config/ur16e.srdf
[2.638s] -- Symlinking: /home/ros2/dev_ws/install/ros2srrc_ur16e_moveit2/share/ros2srrc_ur16e_moveit2/config/ur16e_moveit2.rviz
[2.638s] -- Symlinking: /home/ros2/dev_ws/install/ros2srrc_ur16e_moveit2/share/ros2srrc_ur16e_moveit2/config/ur16erobotiq_2f85.srdf
[2.639s] -- Symlinking: /home/ros2/dev_ws/install/ros2srrc_ur16e_moveit2/share/ros2srrc_ur16e_moveit2/config/ur16erobotiq_2f85_moveit2.rviz
[2.645s] -- Symlinking: /home/ros2/dev_ws/install/ros2srrc_ur16e_moveit2/share/ros2srrc_ur16e_moveit2/config/ur16erobotiq_hande.srdf
[2.645s] -- Symlinking: /home/ros2/dev_ws/install/ros2srrc_ur16e_moveit2/share/ros2srrc_ur16e_moveit2/config/ur16erobotiq_hande_moveit2.rviz
[2.645s] -- Symlinking: /home/ros2/dev_ws/install/ros2srrc_ur16e_moveit2/share/ament_index/resource_index/package_run_dependencies/ros2srrc_ur16e_moveit2
[2.645s] -- Symlinking: /home/ros2/dev_ws/install/ros2srrc_ur16e_moveit2/share/ament_index/resource_index/parent_prefix_path/ros2srrc_ur16e_moveit2
[2.645s] -- Symlinking: /home/ros2/dev_ws/install/ros2srrc_ur16e_moveit2/share/ros2srrc_ur16e_moveit2/environment/ament_prefix_path.sh
[2.646s] -- Symlinking: /home/ros2/dev_ws/install/ros2srrc_ur16e_moveit2/share/ros2srrc_ur16e_moveit2/environment/ament_prefix_path.dsv
[2.654s] -- Symlinking: /home/ros2/dev_ws/install/ros2srrc_ur16e_moveit2/share/ros2srrc_ur16e_moveit2/environment/path.sh
[2.677s] -- Symlinking: /home/ros2/dev_ws/install/ros2srrc_ur16e_moveit2/share/ros2srrc_ur16e_moveit2/environment/path.dsv
[2.712s] -- Symlinking: /home/ros2/dev_ws/install/ros2srrc_ur16e_moveit2/share/ros2srrc_ur16e_moveit2/local_setup.bash
[2.732s] -- Symlinking: /home/ros2/dev_ws/install/ros2srrc_ur16e_moveit2/share/ros2srrc_ur16e_moveit2/local_setup.sh
[2.760s] -- Symlinking: /home/ros2/dev_ws/install/ros2srrc_ur16e_moveit2/share/ros2srrc_ur16e_moveit2/local_setup.zsh
[2.795s] -- Symlinking: /home/ros2/dev_ws/install/ros2srrc_ur16e_moveit2/share/ros2srrc_ur16e_moveit2/local_setup.dsv
[2.826s] -- Symlinking: /home/ros2/dev_ws/install/ros2srrc_ur16e_moveit2/share/ros2srrc_ur16e_moveit2/package.dsv
[2.835s] -- Symlinking: /home/ros2/dev_ws/install/ros2srrc_ur16e_moveit2/share/ament_index/resource_index/packages/ros2srrc_ur16e_moveit2
[2.854s] -- Symlinking: /home/ros2/dev_ws/install/ros2srrc_ur16e_moveit2/share/ros2srrc_ur16e_moveit2/cmake/ros2srrc_ur16e_moveit2Config.cmake
[2.878s] -- Symlinking: /home/ros2/dev_ws/install/ros2srrc_ur16e_moveit2/share/ros2srrc_ur16e_moveit2/cmake/ros2srrc_ur16e_moveit2Config-version.cmake
[2.895s] -- Symlinking: /home/ros2/dev_ws/install/ros2srrc_ur16e_moveit2/share/ros2srrc_ur16e_moveit2/package.xml
[2.920s] Invoked command in '/home/ros2/dev_ws/build/ros2srrc_ur16e_moveit2' returned '0': CMAKE_PREFIX_PATH=/opt/ros/humble /usr/bin/cmake --install /home/ros2/dev_ws/build/ros2srrc_ur16e_moveit2
