[0.079s] Invoking command in '/home/ros2/dev_ws/build/ros2srrc_rx160_gazebo': CMAKE_PREFIX_PATH=${CMAKE_PREFIX_PATH}:/opt/ros/humble /usr/bin/cmake /home/ros2/dev_ws/src/ros2_SimRealRobotControl/packages/rx160/ros2srrc_rx160_gazebo -DAMENT_CMAKE_SYMLINK_INSTALL=1 -DCMAKE_INSTALL_PREFIX=/home/ros2/dev_ws/install/ros2srrc_rx160_gazebo
[1.028s] -- The C compiler identification is GNU 11.4.0
[1.028s] -- The CXX compiler identification is GNU 11.4.0
[1.028s] -- Detecting C compiler ABI info
[1.029s] -- Detecting C compiler ABI info - done
[1.029s] -- Check for working C compiler: /usr/bin/cc - skipped
[1.029s] -- Detecting C compile features
[1.029s] -- Detecting C compile features - done
[1.029s] -- Detecting CXX compiler ABI info
[1.285s] -- Detecting CXX compiler ABI info - done
[1.301s] -- Check for working CXX compiler: /usr/bin/c++ - skipped
[1.301s] -- Detecting CXX compile features
[1.303s] -- Detecting CXX compile features - done
[1.307s] -- Found ament_cmake: 1.3.11 (/opt/ros/humble/share/ament_cmake/cmake)
[1.883s] -- Found Python3: /usr/bin/python3 (found version "3.10.12") found components: Interpreter 
[2.170s] -- Override CMake install command with custom implementation using symlinks instead of copying resources
[2.349s] -- Found ament_lint_auto: 0.12.12 (/opt/ros/humble/share/ament_lint_auto/cmake)
[2.706s] -- Added test 'copyright' to check source files copyright and LICENSE
[2.713s] -- Added test 'lint_cmake' to check CMake code style
[2.719s] -- Added test 'xmllint' to check XML markup files
[2.727s] -- Configuring done
[2.734s] -- Generating done
[2.739s] -- Build files have been written to: /home/ros2/dev_ws/build/ros2srrc_rx160_gazebo
[2.752s] Invoked command in '/home/ros2/dev_ws/build/ros2srrc_rx160_gazebo' returned '0': CMAKE_PREFIX_PATH=${CMAKE_PREFIX_PATH}:/opt/ros/humble /usr/bin/cmake /home/ros2/dev_ws/src/ros2_SimRealRobotControl/packages/rx160/ros2srrc_rx160_gazebo -DAMENT_CMAKE_SYMLINK_INSTALL=1 -DCMAKE_INSTALL_PREFIX=/home/ros2/dev_ws/install/ros2srrc_rx160_gazebo
[2.755s] Invoking command in '/home/ros2/dev_ws/build/ros2srrc_rx160_gazebo': CMAKE_PREFIX_PATH=${CMAKE_PREFIX_PATH}:/opt/ros/humble /usr/bin/cmake --build /home/ros2/dev_ws/build/ros2srrc_rx160_gazebo -- -j16 -l16
[3.195s] Invoked command in '/home/ros2/dev_ws/build/ros2srrc_rx160_gazebo' returned '0': CMAKE_PREFIX_PATH=${CMAKE_PREFIX_PATH}:/opt/ros/humble /usr/bin/cmake --build /home/ros2/dev_ws/build/ros2srrc_rx160_gazebo -- -j16 -l16
[3.196s] Invoking command in '/home/ros2/dev_ws/build/ros2srrc_rx160_gazebo': CMAKE_PREFIX_PATH=${CMAKE_PREFIX_PATH}:/opt/ros/humble /usr/bin/cmake --install /home/ros2/dev_ws/build/ros2srrc_rx160_gazebo
[3.407s] -- Install configuration: ""
[3.407s] -- Execute custom install script
[3.407s] -- Symlinking: /home/ros2/dev_ws/install/ros2srrc_rx160_gazebo/share/ros2srrc_rx160_gazebo/config/configurations.yaml
[3.408s] -- Symlinking: /home/ros2/dev_ws/install/ros2srrc_rx160_gazebo/share/ros2srrc_rx160_gazebo/urdf/rx160.urdf.xacro
[3.408s] -- Symlinking: /home/ros2/dev_ws/install/ros2srrc_rx160_gazebo/share/ros2srrc_rx160_gazebo/worlds/ros2srrc_rx160.world
[3.408s] -- Symlinking: /home/ros2/dev_ws/install/ros2srrc_rx160_gazebo/share/ament_index/resource_index/package_run_dependencies/ros2srrc_rx160_gazebo
[3.408s] -- Symlinking: /home/ros2/dev_ws/install/ros2srrc_rx160_gazebo/share/ament_index/resource_index/parent_prefix_path/ros2srrc_rx160_gazebo
[3.408s] -- Symlinking: /home/ros2/dev_ws/install/ros2srrc_rx160_gazebo/share/ros2srrc_rx160_gazebo/environment/ament_prefix_path.sh
[3.408s] -- Symlinking: /home/ros2/dev_ws/install/ros2srrc_rx160_gazebo/share/ros2srrc_rx160_gazebo/environment/ament_prefix_path.dsv
[3.417s] -- Symlinking: /home/ros2/dev_ws/install/ros2srrc_rx160_gazebo/share/ros2srrc_rx160_gazebo/environment/path.sh
[3.431s] -- Symlinking: /home/ros2/dev_ws/install/ros2srrc_rx160_gazebo/share/ros2srrc_rx160_gazebo/environment/path.dsv
[3.452s] -- Symlinking: /home/ros2/dev_ws/install/ros2srrc_rx160_gazebo/share/ros2srrc_rx160_gazebo/local_setup.bash
[3.490s] -- Symlinking: /home/ros2/dev_ws/install/ros2srrc_rx160_gazebo/share/ros2srrc_rx160_gazebo/local_setup.sh
[3.520s] -- Symlinking: /home/ros2/dev_ws/install/ros2srrc_rx160_gazebo/share/ros2srrc_rx160_gazebo/local_setup.zsh
[3.542s] -- Symlinking: /home/ros2/dev_ws/install/ros2srrc_rx160_gazebo/share/ros2srrc_rx160_gazebo/local_setup.dsv
[3.576s] -- Symlinking: /home/ros2/dev_ws/install/ros2srrc_rx160_gazebo/share/ros2srrc_rx160_gazebo/package.dsv
[3.600s] -- Symlinking: /home/ros2/dev_ws/install/ros2srrc_rx160_gazebo/share/ament_index/resource_index/packages/ros2srrc_rx160_gazebo
[3.620s] -- Symlinking: /home/ros2/dev_ws/install/ros2srrc_rx160_gazebo/share/ros2srrc_rx160_gazebo/cmake/ros2srrc_rx160_gazeboConfig.cmake
[3.651s] -- Symlinking: /home/ros2/dev_ws/install/ros2srrc_rx160_gazebo/share/ros2srrc_rx160_gazebo/cmake/ros2srrc_rx160_gazeboConfig-version.cmake
[3.669s] -- Symlinking: /home/ros2/dev_ws/install/ros2srrc_rx160_gazebo/share/ros2srrc_rx160_gazebo/package.xml
[3.714s] Invoked command in '/home/ros2/dev_ws/build/ros2srrc_rx160_gazebo' returned '0': CMAKE_PREFIX_PATH=${CMAKE_PREFIX_PATH}:/opt/ros/humble /usr/bin/cmake --install /home/ros2/dev_ws/build/ros2srrc_rx160_gazebo
