[0.042s] Invoking command in '/home/ros2/dev_ws/build/objectpose_msgs': CMAKE_PREFIX_PATH=/opt/ros/humble /usr/bin/cmake /home/ros2/dev_ws/src/IFRA_ObjectPose/objectpose_msgs -DAMENT_CMAKE_SYMLINK_INSTALL=1 -DCMAKE_INSTALL_PREFIX=/home/ros2/dev_ws/install/objectpose_msgs
[0.109s] -- The C compiler identification is GNU 11.4.0
[0.174s] -- The CXX compiler identification is GNU 11.4.0
[0.180s] -- Detecting C compiler ABI info
[0.274s] -- Detecting C compiler ABI info - done
[0.282s] -- Check for working C compiler: /usr/bin/cc - skipped
[0.282s] -- Detecting C compile features
[0.282s] -- Detecting C compile features - done
[0.287s] -- Detecting CXX compiler ABI info
[0.387s] -- Detecting CXX compiler ABI info - done
[0.392s] -- Check for working CXX compiler: /usr/bin/c++ - skipped
[0.395s] -- Detecting CXX compile features
[0.395s] -- Detecting CXX compile features - done
[0.396s] -- Found ament_cmake: 1.3.11 (/opt/ros/humble/share/ament_cmake/cmake)
[0.598s] -- Found Python3: /usr/bin/python3 (found version "3.10.12") found components: Interpreter 
[0.678s] -- Override CMake install command with custom implementation using symlinks instead of copying resources
[0.727s] -- Found ament_lint_auto: 0.12.12 (/opt/ros/humble/share/ament_lint_auto/cmake)
[0.889s] -- Found rosidl_default_generators: 1.2.0 (/opt/ros/humble/share/rosidl_default_generators/cmake)
[0.889s] -- Using all available rosidl_typesupport_c: rosidl_typesupport_fastrtps_c;rosidl_typesupport_introspection_c
[0.894s] -- Found rosidl_adapter: 3.1.6 (/opt/ros/humble/share/rosidl_adapter/cmake)
[0.952s] -- Using all available rosidl_typesupport_cpp: rosidl_typesupport_fastrtps_cpp;rosidl_typesupport_introspection_cpp
[1.350s] -- Found ament_cmake_ros: 0.10.0 (/opt/ros/humble/share/ament_cmake_ros/cmake)
[1.725s] -- Using all available rosidl_typesupport_c: rosidl_typesupport_fastrtps_c;rosidl_typesupport_introspection_c
[2.238s] -- Using all available rosidl_typesupport_cpp: rosidl_typesupport_fastrtps_cpp;rosidl_typesupport_introspection_cpp
[2.273s] -- Found PythonInterp: /usr/bin/python3 (found suitable version "3.10.12", minimum required is "3.6") 
[2.275s] -- Found python_cmake_module: 0.10.0 (/opt/ros/humble/share/python_cmake_module/cmake)
[2.314s] -- Found PythonLibs: /usr/lib/x86_64-linux-gnu/libpython3.10.so (found suitable version "3.10.12", minimum required is "3.5") 
[2.318s] -- Using PYTHON_EXECUTABLE: /usr/bin/python3
[2.318s] -- Using PYTHON_INCLUDE_DIRS: /usr/include/python3.10
[2.318s] -- Using PYTHON_LIBRARIES: /usr/lib/x86_64-linux-gnu/libpython3.10.so
[2.376s] -- Found PythonExtra: .so  
[2.484s] -- Added test 'copyright' to check source files copyright and LICENSE
[2.488s] -- Added test 'lint_cmake' to check CMake code style
[2.500s] -- Added test 'xmllint' to check XML markup files
[2.511s] -- Configuring done
[2.563s] -- Generating done
[2.591s] -- Build files have been written to: /home/ros2/dev_ws/build/objectpose_msgs
[2.667s] Invoked command in '/home/ros2/dev_ws/build/objectpose_msgs' returned '0': CMAKE_PREFIX_PATH=/opt/ros/humble /usr/bin/cmake /home/ros2/dev_ws/src/IFRA_ObjectPose/objectpose_msgs -DAMENT_CMAKE_SYMLINK_INSTALL=1 -DCMAKE_INSTALL_PREFIX=/home/ros2/dev_ws/install/objectpose_msgs
[2.669s] Invoking command in '/home/ros2/dev_ws/build/objectpose_msgs': CMAKE_PREFIX_PATH=/opt/ros/humble /usr/bin/cmake --build /home/ros2/dev_ws/build/objectpose_msgs -- -j16 -l16
[2.908s] [  3%] [34m[1mGenerating C code for ROS interfaces[0m
[2.908s] [  6%] [34m[1mGenerating C++ code for ROS interfaces[0m
[2.908s] [  6%] Built target ament_cmake_python_symlink_objectpose_msgs
[3.659s] running egg_info
[3.660s] creating objectpose_msgs.egg-info
[3.661s] writing objectpose_msgs.egg-info/PKG-INFO
[3.661s] writing dependency_links to objectpose_msgs.egg-info/dependency_links.txt
[3.661s] writing top-level names to objectpose_msgs.egg-info/top_level.txt
[3.662s] writing manifest file 'objectpose_msgs.egg-info/SOURCES.txt'
[3.666s] reading manifest file 'objectpose_msgs.egg-info/SOURCES.txt'
[3.666s] writing manifest file 'objectpose_msgs.egg-info/SOURCES.txt'
[3.703s] [  9%] [32mBuilding C object CMakeFiles/objectpose_msgs__rosidl_generator_c.dir/rosidl_generator_c/objectpose_msgs/msg/detail/object_pose__functions.c.o[0m
[3.712s] [  9%] Built target objectpose_msgs__cpp
[3.744s] [  9%] Built target ament_cmake_python_build_objectpose_msgs_egg
[3.762s] [ 12%] [34m[1mGenerating C++ type support dispatch for ROS interfaces[0m
[3.772s] [ 16%] [34m[1mGenerating C++ type support for eProsima Fast-RTPS[0m
[3.787s] [ 19%] [34m[1mGenerating C++ introspection for ROS interfaces[0m
[3.923s] [ 22%] [32m[1mLinking C shared library libobjectpose_msgs__rosidl_generator_c.so[0m
[4.078s] [ 22%] Built target objectpose_msgs__rosidl_generator_c
[4.110s] [ 25%] [34m[1mGenerating C type support dispatch for ROS interfaces[0m
[4.116s] [ 29%] [34m[1mGenerating C type support for eProsima Fast-RTPS[0m
[4.118s] [ 32%] [34m[1mGenerating C introspection for ROS interfaces[0m
[4.378s] [ 35%] [32mBuilding CXX object CMakeFiles/objectpose_msgs__rosidl_typesupport_cpp.dir/rosidl_typesupport_cpp/objectpose_msgs/msg/object_pose__type_support.cpp.o[0m
[4.440s] [ 38%] [32mBuilding CXX object CMakeFiles/objectpose_msgs__rosidl_typesupport_fastrtps_cpp.dir/rosidl_typesupport_fastrtps_cpp/objectpose_msgs/msg/detail/dds_fastrtps/object_pose__type_support.cpp.o[0m
[4.695s] [ 41%] [32mBuilding CXX object CMakeFiles/objectpose_msgs__rosidl_typesupport_c.dir/rosidl_typesupport_c/objectpose_msgs/msg/object_pose__type_support.cpp.o[0m
[4.778s] [ 45%] [32mBuilding CXX object CMakeFiles/objectpose_msgs__rosidl_typesupport_introspection_cpp.dir/rosidl_typesupport_introspection_cpp/objectpose_msgs/msg/detail/object_pose__type_support.cpp.o[0m
[4.800s] [ 48%] [32m[1mLinking CXX shared library libobjectpose_msgs__rosidl_typesupport_c.so[0m
[4.838s] [ 51%] [32mBuilding C object CMakeFiles/objectpose_msgs__rosidl_typesupport_introspection_c.dir/rosidl_typesupport_introspection_c/objectpose_msgs/msg/detail/object_pose__type_support.c.o[0m
[4.923s] [ 51%] Built target objectpose_msgs__rosidl_typesupport_c
[4.985s] [ 54%] [32m[1mLinking C shared library libobjectpose_msgs__rosidl_typesupport_introspection_c.so[0m
[5.060s] [ 54%] Built target objectpose_msgs__rosidl_typesupport_introspection_c
[5.175s] [ 58%] [32mBuilding CXX object CMakeFiles/objectpose_msgs__rosidl_typesupport_fastrtps_c.dir/rosidl_typesupport_fastrtps_c/objectpose_msgs/msg/detail/object_pose__type_support_c.cpp.o[0m
[5.294s] [ 61%] [32m[1mLinking CXX shared library libobjectpose_msgs__rosidl_typesupport_fastrtps_cpp.so[0m
[5.636s] [ 64%] [32m[1mLinking CXX shared library libobjectpose_msgs__rosidl_typesupport_cpp.so[0m
[5.723s] [ 67%] [32m[1mLinking CXX shared library libobjectpose_msgs__rosidl_typesupport_introspection_cpp.so[0m
[5.763s] [ 67%] Built target objectpose_msgs__rosidl_typesupport_fastrtps_cpp
[5.871s] [ 67%] Built target objectpose_msgs__rosidl_typesupport_cpp
[6.121s] [ 67%] Built target objectpose_msgs__rosidl_typesupport_introspection_cpp
[6.551s] [ 70%] [32m[1mLinking CXX shared library libobjectpose_msgs__rosidl_typesupport_fastrtps_c.so[0m
[6.867s] [ 70%] Built target objectpose_msgs__rosidl_typesupport_fastrtps_c
[6.938s] [ 70%] Built target objectpose_msgs
[6.994s] [ 74%] [34m[1mGenerating Python code for ROS interfaces[0m
[8.153s] [ 74%] Built target objectpose_msgs__py
[8.199s] [ 77%] [32mBuilding C object CMakeFiles/objectpose_msgs__rosidl_generator_py.dir/rosidl_generator_py/objectpose_msgs/msg/_object_pose_s.c.o[0m
[8.365s] [ 80%] [32m[1mLinking C shared library rosidl_generator_py/objectpose_msgs/libobjectpose_msgs__rosidl_generator_py.so[0m
[8.501s] [ 80%] Built target objectpose_msgs__rosidl_generator_py
[8.570s] [ 83%] [32mBuilding C object CMakeFiles/objectpose_msgs__rosidl_typesupport_introspection_c__pyext.dir/rosidl_generator_py/objectpose_msgs/_objectpose_msgs_s.ep.rosidl_typesupport_introspection_c.c.o[0m
[8.582s] [ 87%] [32mBuilding C object CMakeFiles/objectpose_msgs__rosidl_typesupport_c__pyext.dir/rosidl_generator_py/objectpose_msgs/_objectpose_msgs_s.ep.rosidl_typesupport_c.c.o[0m
[8.586s] [ 90%] [32mBuilding C object CMakeFiles/objectpose_msgs__rosidl_typesupport_fastrtps_c__pyext.dir/rosidl_generator_py/objectpose_msgs/_objectpose_msgs_s.ep.rosidl_typesupport_fastrtps_c.c.o[0m
[8.750s] [ 93%] [32m[1mLinking C shared library rosidl_generator_py/objectpose_msgs/objectpose_msgs_s__rosidl_typesupport_introspection_c.cpython-310-x86_64-linux-gnu.so[0m
[8.864s] [ 96%] [32m[1mLinking C shared library rosidl_generator_py/objectpose_msgs/objectpose_msgs_s__rosidl_typesupport_c.cpython-310-x86_64-linux-gnu.so[0m
[8.868s] [100%] [32m[1mLinking C shared library rosidl_generator_py/objectpose_msgs/objectpose_msgs_s__rosidl_typesupport_fastrtps_c.cpython-310-x86_64-linux-gnu.so[0m
[8.877s] [100%] Built target objectpose_msgs__rosidl_typesupport_introspection_c__pyext
[8.973s] [100%] Built target objectpose_msgs__rosidl_typesupport_fastrtps_c__pyext
[8.974s] [100%] Built target objectpose_msgs__rosidl_typesupport_c__pyext
[9.092s] Invoked command in '/home/ros2/dev_ws/build/objectpose_msgs' returned '0': CMAKE_PREFIX_PATH=/opt/ros/humble /usr/bin/cmake --build /home/ros2/dev_ws/build/objectpose_msgs -- -j16 -l16
[9.093s] Invoking command in '/home/ros2/dev_ws/build/objectpose_msgs': CMAKE_PREFIX_PATH=/opt/ros/humble /usr/bin/cmake --install /home/ros2/dev_ws/build/objectpose_msgs
[9.598s] -- Install configuration: ""
[9.598s] -- Execute custom install script
[9.598s] -- Symlinking: /home/ros2/dev_ws/install/objectpose_msgs/share/objectpose_msgs/msg/ObjectPose.msg
[9.598s] -- Symlinking: /home/ros2/dev_ws/install/objectpose_msgs/share/ament_index/resource_index/rosidl_interfaces/objectpose_msgs
[9.598s] -- Symlinking: /home/ros2/dev_ws/install/objectpose_msgs/include/objectpose_msgs/objectpose_msgs/msg/detail/object_pose__functions.h
[9.598s] -- Symlinking: /home/ros2/dev_ws/install/objectpose_msgs/include/objectpose_msgs/objectpose_msgs/msg/detail/object_pose__struct.h
[9.598s] -- Symlinking: /home/ros2/dev_ws/install/objectpose_msgs/include/objectpose_msgs/objectpose_msgs/msg/detail/object_pose__type_support.h
[9.598s] -- Symlinking: /home/ros2/dev_ws/install/objectpose_msgs/include/objectpose_msgs/objectpose_msgs/msg/object_pose.h
[9.598s] -- Symlinking: /home/ros2/dev_ws/install/objectpose_msgs/include/objectpose_msgs/objectpose_msgs/msg/rosidl_generator_c__visibility_control.h
[9.598s] -- Symlinking: /home/ros2/dev_ws/install/objectpose_msgs/share/objectpose_msgs/environment/library_path.sh
[9.598s] -- Symlinking: /home/ros2/dev_ws/install/objectpose_msgs/share/objectpose_msgs/environment/library_path.dsv
[9.599s] -- Symlinking: /home/ros2/dev_ws/install/objectpose_msgs/include/objectpose_msgs/objectpose_msgs/msg/detail/object_pose__rosidl_typesupport_fastrtps_c.h
[9.599s] -- Symlinking: /home/ros2/dev_ws/install/objectpose_msgs/include/objectpose_msgs/objectpose_msgs/msg/rosidl_typesupport_fastrtps_c__visibility_control.h
[9.599s] -- Symlinking: /home/ros2/dev_ws/install/objectpose_msgs/include/objectpose_msgs/objectpose_msgs/msg/detail/object_pose__rosidl_typesupport_introspection_c.h
[9.599s] -- Symlinking: /home/ros2/dev_ws/install/objectpose_msgs/include/objectpose_msgs/objectpose_msgs/msg/rosidl_typesupport_introspection_c__visibility_control.h
[9.599s] -- Symlinking: /home/ros2/dev_ws/install/objectpose_msgs/include/objectpose_msgs/objectpose_msgs/msg/detail/object_pose__builder.hpp
[9.600s] -- Symlinking: /home/ros2/dev_ws/install/objectpose_msgs/include/objectpose_msgs/objectpose_msgs/msg/detail/object_pose__struct.hpp
[9.600s] -- Symlinking: /home/ros2/dev_ws/install/objectpose_msgs/include/objectpose_msgs/objectpose_msgs/msg/detail/object_pose__traits.hpp
[9.601s] -- Symlinking: /home/ros2/dev_ws/install/objectpose_msgs/include/objectpose_msgs/objectpose_msgs/msg/detail/object_pose__type_support.hpp
[9.601s] -- Symlinking: /home/ros2/dev_ws/install/objectpose_msgs/include/objectpose_msgs/objectpose_msgs/msg/object_pose.hpp
[9.601s] -- Symlinking: /home/ros2/dev_ws/install/objectpose_msgs/include/objectpose_msgs/objectpose_msgs/msg/rosidl_generator_cpp__visibility_control.hpp
[9.615s] -- Symlinking: /home/ros2/dev_ws/install/objectpose_msgs/include/objectpose_msgs/objectpose_msgs/msg/detail/object_pose__rosidl_typesupport_fastrtps_cpp.hpp
[9.641s] -- Symlinking: /home/ros2/dev_ws/install/objectpose_msgs/include/objectpose_msgs/objectpose_msgs/msg/rosidl_typesupport_fastrtps_cpp__visibility_control.h
[9.667s] -- Symlinking: /home/ros2/dev_ws/install/objectpose_msgs/include/objectpose_msgs/objectpose_msgs/msg/detail/object_pose__rosidl_typesupport_introspection_cpp.hpp
[9.689s] -- Symlinking: /home/ros2/dev_ws/install/objectpose_msgs/share/objectpose_msgs/environment/pythonpath.sh
[9.721s] -- Symlinking: /home/ros2/dev_ws/install/objectpose_msgs/share/objectpose_msgs/environment/pythonpath.dsv
[9.792s] -- Symlinking: /home/ros2/dev_ws/install/objectpose_msgs/local/lib/python3.10/dist-packages/objectpose_msgs-0.0.0-py3.10.egg-info/PKG-INFO
[9.793s] -- Symlinking: /home/ros2/dev_ws/install/objectpose_msgs/local/lib/python3.10/dist-packages/objectpose_msgs-0.0.0-py3.10.egg-info/SOURCES.txt
[9.801s] -- Symlinking: /home/ros2/dev_ws/install/objectpose_msgs/local/lib/python3.10/dist-packages/objectpose_msgs-0.0.0-py3.10.egg-info/dependency_links.txt
[9.827s] -- Symlinking: /home/ros2/dev_ws/install/objectpose_msgs/local/lib/python3.10/dist-packages/objectpose_msgs-0.0.0-py3.10.egg-info/top_level.txt
[9.869s] -- Symlinking: /home/ros2/dev_ws/install/objectpose_msgs/local/lib/python3.10/dist-packages/objectpose_msgs/__init__.py
[9.889s] -- Symlinking: /home/ros2/dev_ws/install/objectpose_msgs/local/lib/python3.10/dist-packages/objectpose_msgs/_objectpose_msgs_s.ep.rosidl_typesupport_c.c
[9.918s] -- Symlinking: /home/ros2/dev_ws/install/objectpose_msgs/local/lib/python3.10/dist-packages/objectpose_msgs/_objectpose_msgs_s.ep.rosidl_typesupport_fastrtps_c.c
[9.945s] -- Symlinking: /home/ros2/dev_ws/install/objectpose_msgs/local/lib/python3.10/dist-packages/objectpose_msgs/_objectpose_msgs_s.ep.rosidl_typesupport_introspection_c.c
[9.968s] -- Symlinking: /home/ros2/dev_ws/install/objectpose_msgs/local/lib/python3.10/dist-packages/objectpose_msgs/libobjectpose_msgs__rosidl_generator_py.so
[9.995s] -- Symlinking: /home/ros2/dev_ws/install/objectpose_msgs/local/lib/python3.10/dist-packages/objectpose_msgs/msg/__init__.py
[10.022s] -- Symlinking: /home/ros2/dev_ws/install/objectpose_msgs/local/lib/python3.10/dist-packages/objectpose_msgs/msg/_object_pose.py
[10.048s] -- Symlinking: /home/ros2/dev_ws/install/objectpose_msgs/local/lib/python3.10/dist-packages/objectpose_msgs/msg/_object_pose_s.c
[10.070s] -- Symlinking: /home/ros2/dev_ws/install/objectpose_msgs/local/lib/python3.10/dist-packages/objectpose_msgs/objectpose_msgs_s__rosidl_typesupport_c.cpython-310-x86_64-linux-gnu.so
[10.095s] -- Symlinking: /home/ros2/dev_ws/install/objectpose_msgs/local/lib/python3.10/dist-packages/objectpose_msgs/objectpose_msgs_s__rosidl_typesupport_fastrtps_c.cpython-310-x86_64-linux-gnu.so
[10.149s] -- Symlinking: /home/ros2/dev_ws/install/objectpose_msgs/local/lib/python3.10/dist-packages/objectpose_msgs/objectpose_msgs_s__rosidl_typesupport_introspection_c.cpython-310-x86_64-linux-gnu.so
[10.185s] -- Up-to-date symlink: /home/ros2/dev_ws/install/objectpose_msgs/local/lib/python3.10/dist-packages/objectpose_msgs/objectpose_msgs_s__rosidl_typesupport_fastrtps_c.cpython-310-x86_64-linux-gnu.so
[10.197s] -- Up-to-date symlink: /home/ros2/dev_ws/install/objectpose_msgs/local/lib/python3.10/dist-packages/objectpose_msgs/objectpose_msgs_s__rosidl_typesupport_introspection_c.cpython-310-x86_64-linux-gnu.so
[10.197s] -- Up-to-date symlink: /home/ros2/dev_ws/install/objectpose_msgs/local/lib/python3.10/dist-packages/objectpose_msgs/objectpose_msgs_s__rosidl_typesupport_c.cpython-310-x86_64-linux-gnu.so
[10.197s] -- Symlinking: /home/ros2/dev_ws/install/objectpose_msgs/share/objectpose_msgs/msg/ObjectPose.idl
[10.211s] -- Up-to-date symlink: /home/ros2/dev_ws/install/objectpose_msgs/share/objectpose_msgs/msg/ObjectPose.msg
[10.212s] -- Symlinking: /home/ros2/dev_ws/install/objectpose_msgs/share/ament_index/resource_index/package_run_dependencies/objectpose_msgs
[10.239s] -- Symlinking: /home/ros2/dev_ws/install/objectpose_msgs/share/ament_index/resource_index/parent_prefix_path/objectpose_msgs
[10.261s] -- Symlinking: /home/ros2/dev_ws/install/objectpose_msgs/share/objectpose_msgs/environment/ament_prefix_path.sh
[10.295s] -- Symlinking: /home/ros2/dev_ws/install/objectpose_msgs/share/objectpose_msgs/environment/ament_prefix_path.dsv
[10.315s] -- Symlinking: /home/ros2/dev_ws/install/objectpose_msgs/share/objectpose_msgs/environment/path.sh
[10.342s] -- Symlinking: /home/ros2/dev_ws/install/objectpose_msgs/share/objectpose_msgs/environment/path.dsv
[10.355s] -- Symlinking: /home/ros2/dev_ws/install/objectpose_msgs/share/objectpose_msgs/local_setup.bash
[10.368s] -- Symlinking: /home/ros2/dev_ws/install/objectpose_msgs/share/objectpose_msgs/local_setup.sh
[10.378s] -- Symlinking: /home/ros2/dev_ws/install/objectpose_msgs/share/objectpose_msgs/local_setup.zsh
[10.399s] -- Symlinking: /home/ros2/dev_ws/install/objectpose_msgs/share/objectpose_msgs/local_setup.dsv
[10.416s] -- Symlinking: /home/ros2/dev_ws/install/objectpose_msgs/share/objectpose_msgs/package.dsv
[10.434s] -- Symlinking: /home/ros2/dev_ws/install/objectpose_msgs/share/ament_index/resource_index/packages/objectpose_msgs
[10.443s] -- Symlinking: /home/ros2/dev_ws/install/objectpose_msgs/share/objectpose_msgs/cmake/rosidl_cmake-extras.cmake
[10.457s] -- Symlinking: /home/ros2/dev_ws/install/objectpose_msgs/share/objectpose_msgs/cmake/ament_cmake_export_include_directories-extras.cmake
[10.465s] -- Symlinking: /home/ros2/dev_ws/install/objectpose_msgs/share/objectpose_msgs/cmake/ament_cmake_export_libraries-extras.cmake
[10.487s] -- Symlinking: /home/ros2/dev_ws/install/objectpose_msgs/share/objectpose_msgs/cmake/ament_cmake_export_targets-extras.cmake
[10.500s] -- Symlinking: /home/ros2/dev_ws/install/objectpose_msgs/share/objectpose_msgs/cmake/rosidl_cmake_export_typesupport_targets-extras.cmake
[10.510s] -- Symlinking: /home/ros2/dev_ws/install/objectpose_msgs/share/objectpose_msgs/cmake/ament_cmake_export_dependencies-extras.cmake
[10.522s] -- Symlinking: /home/ros2/dev_ws/install/objectpose_msgs/share/objectpose_msgs/cmake/rosidl_cmake_export_typesupport_libraries-extras.cmake
[10.534s] -- Symlinking: /home/ros2/dev_ws/install/objectpose_msgs/share/objectpose_msgs/cmake/objectpose_msgsConfig.cmake
[10.561s] -- Symlinking: /home/ros2/dev_ws/install/objectpose_msgs/share/objectpose_msgs/cmake/objectpose_msgsConfig-version.cmake
[10.586s] -- Symlinking: /home/ros2/dev_ws/install/objectpose_msgs/share/objectpose_msgs/package.xml
[10.609s] -- Installing: /home/ros2/dev_ws/install/objectpose_msgs/lib/libobjectpose_msgs__rosidl_generator_c.so
[10.612s] -- Set runtime path of "/home/ros2/dev_ws/install/objectpose_msgs/lib/libobjectpose_msgs__rosidl_generator_c.so" to ""
[10.612s] -- Installing: /home/ros2/dev_ws/install/objectpose_msgs/lib/libobjectpose_msgs__rosidl_typesupport_fastrtps_c.so
[10.612s] -- Set runtime path of "/home/ros2/dev_ws/install/objectpose_msgs/lib/libobjectpose_msgs__rosidl_typesupport_fastrtps_c.so" to ""
[10.612s] -- Installing: /home/ros2/dev_ws/install/objectpose_msgs/lib/libobjectpose_msgs__rosidl_typesupport_introspection_c.so
[10.616s] -- Set runtime path of "/home/ros2/dev_ws/install/objectpose_msgs/lib/libobjectpose_msgs__rosidl_typesupport_introspection_c.so" to ""
[10.616s] -- Installing: /home/ros2/dev_ws/install/objectpose_msgs/lib/libobjectpose_msgs__rosidl_typesupport_c.so
[10.616s] -- Set runtime path of "/home/ros2/dev_ws/install/objectpose_msgs/lib/libobjectpose_msgs__rosidl_typesupport_c.so" to ""
[10.617s] -- Installing: /home/ros2/dev_ws/install/objectpose_msgs/lib/libobjectpose_msgs__rosidl_typesupport_fastrtps_cpp.so
[10.617s] -- Set runtime path of "/home/ros2/dev_ws/install/objectpose_msgs/lib/libobjectpose_msgs__rosidl_typesupport_fastrtps_cpp.so" to ""
[10.617s] -- Installing: /home/ros2/dev_ws/install/objectpose_msgs/lib/libobjectpose_msgs__rosidl_typesupport_introspection_cpp.so
[10.617s] -- Set runtime path of "/home/ros2/dev_ws/install/objectpose_msgs/lib/libobjectpose_msgs__rosidl_typesupport_introspection_cpp.so" to ""
[10.617s] -- Installing: /home/ros2/dev_ws/install/objectpose_msgs/lib/libobjectpose_msgs__rosidl_typesupport_cpp.so
[10.618s] -- Set runtime path of "/home/ros2/dev_ws/install/objectpose_msgs/lib/libobjectpose_msgs__rosidl_typesupport_cpp.so" to ""
[10.710s] Listing '/home/ros2/dev_ws/install/objectpose_msgs/local/lib/python3.10/dist-packages/objectpose_msgs'...
[10.710s] Compiling '/home/ros2/dev_ws/install/objectpose_msgs/local/lib/python3.10/dist-packages/objectpose_msgs/__init__.py'...
[10.710s] Listing '/home/ros2/dev_ws/install/objectpose_msgs/local/lib/python3.10/dist-packages/objectpose_msgs/msg'...
[10.710s] Compiling '/home/ros2/dev_ws/install/objectpose_msgs/local/lib/python3.10/dist-packages/objectpose_msgs/msg/__init__.py'...
[10.710s] Compiling '/home/ros2/dev_ws/install/objectpose_msgs/local/lib/python3.10/dist-packages/objectpose_msgs/msg/_object_pose.py'...
[10.731s] -- Installing: /home/ros2/dev_ws/install/objectpose_msgs/lib/libobjectpose_msgs__rosidl_generator_py.so
[10.731s] -- Set runtime path of "/home/ros2/dev_ws/install/objectpose_msgs/lib/libobjectpose_msgs__rosidl_generator_py.so" to ""
[10.731s] -- Installing: /home/ros2/dev_ws/install/objectpose_msgs/share/objectpose_msgs/cmake/export_objectpose_msgs__rosidl_generator_cExport.cmake
[10.731s] -- Installing: /home/ros2/dev_ws/install/objectpose_msgs/share/objectpose_msgs/cmake/export_objectpose_msgs__rosidl_generator_cExport-noconfig.cmake
[10.731s] -- Installing: /home/ros2/dev_ws/install/objectpose_msgs/share/objectpose_msgs/cmake/export_objectpose_msgs__rosidl_typesupport_fastrtps_cExport.cmake
[10.732s] -- Installing: /home/ros2/dev_ws/install/objectpose_msgs/share/objectpose_msgs/cmake/export_objectpose_msgs__rosidl_typesupport_fastrtps_cExport-noconfig.cmake
[10.732s] -- Installing: /home/ros2/dev_ws/install/objectpose_msgs/share/objectpose_msgs/cmake/objectpose_msgs__rosidl_typesupport_introspection_cExport.cmake
[10.732s] -- Installing: /home/ros2/dev_ws/install/objectpose_msgs/share/objectpose_msgs/cmake/objectpose_msgs__rosidl_typesupport_introspection_cExport-noconfig.cmake
[10.732s] -- Installing: /home/ros2/dev_ws/install/objectpose_msgs/share/objectpose_msgs/cmake/objectpose_msgs__rosidl_typesupport_cExport.cmake
[10.732s] -- Installing: /home/ros2/dev_ws/install/objectpose_msgs/share/objectpose_msgs/cmake/objectpose_msgs__rosidl_typesupport_cExport-noconfig.cmake
[10.732s] -- Installing: /home/ros2/dev_ws/install/objectpose_msgs/share/objectpose_msgs/cmake/export_objectpose_msgs__rosidl_generator_cppExport.cmake
[10.732s] -- Installing: /home/ros2/dev_ws/install/objectpose_msgs/share/objectpose_msgs/cmake/export_objectpose_msgs__rosidl_typesupport_fastrtps_cppExport.cmake
[10.735s] -- Installing: /home/ros2/dev_ws/install/objectpose_msgs/share/objectpose_msgs/cmake/export_objectpose_msgs__rosidl_typesupport_fastrtps_cppExport-noconfig.cmake
[10.736s] -- Installing: /home/ros2/dev_ws/install/objectpose_msgs/share/objectpose_msgs/cmake/objectpose_msgs__rosidl_typesupport_introspection_cppExport.cmake
[10.737s] -- Installing: /home/ros2/dev_ws/install/objectpose_msgs/share/objectpose_msgs/cmake/objectpose_msgs__rosidl_typesupport_introspection_cppExport-noconfig.cmake
[10.737s] -- Installing: /home/ros2/dev_ws/install/objectpose_msgs/share/objectpose_msgs/cmake/objectpose_msgs__rosidl_typesupport_cppExport.cmake
[10.737s] -- Installing: /home/ros2/dev_ws/install/objectpose_msgs/share/objectpose_msgs/cmake/objectpose_msgs__rosidl_typesupport_cppExport-noconfig.cmake
[10.737s] -- Installing: /home/ros2/dev_ws/install/objectpose_msgs/share/objectpose_msgs/cmake/export_objectpose_msgs__rosidl_generator_pyExport.cmake
[10.742s] -- Installing: /home/ros2/dev_ws/install/objectpose_msgs/share/objectpose_msgs/cmake/export_objectpose_msgs__rosidl_generator_pyExport-noconfig.cmake
[10.777s] Invoked command in '/home/ros2/dev_ws/build/objectpose_msgs' returned '0': CMAKE_PREFIX_PATH=/opt/ros/humble /usr/bin/cmake --install /home/ros2/dev_ws/build/objectpose_msgs
