[0.011s] Invoking command in '/home/ros2/dev_ws/build/my_package': CMAKE_PREFIX_PATH=${CMAKE_PREFIX_PATH}:/opt/ros/humble /usr/bin/cmake /home/ros2/dev_ws/src/my_package -DCMAKE_INSTALL_PREFIX=/home/ros2/dev_ws/install/my_package
[0.023s] -- Found ament_cmake: 1.3.11 (/opt/ros/humble/share/ament_cmake/cmake)
[0.122s] -- Override CMake install command with custom implementation using symlinks instead of copying resources
[0.128s] -- Found ament_lint_auto: 0.12.12 (/opt/ros/humble/share/ament_lint_auto/cmake)
[0.185s] -- Added test 'cppcheck' to perform static code analysis on C / C++ code
[0.185s] -- Configured cppcheck include dirs: $<BUILD_INTERFACE:/home/ros2/dev_ws/src/my_package/include>
[0.185s] -- Configured cppcheck exclude dirs and/or files: 
[0.185s] -- Added test 'lint_cmake' to check CMake code style
[0.186s] -- Added test 'uncrustify' to check C / C++ code style
[0.186s] -- Configured uncrustify additional arguments: 
[0.186s] -- Added test 'xmllint' to check XML markup files
[0.187s] -- Configuring done
[0.190s] -- Generating done
[0.192s] -- Build files have been written to: /home/ros2/dev_ws/build/my_package
[0.195s] Invoked command in '/home/ros2/dev_ws/build/my_package' returned '0': CMAKE_PREFIX_PATH=${CMAKE_PREFIX_PATH}:/opt/ros/humble /usr/bin/cmake /home/ros2/dev_ws/src/my_package -DCMAKE_INSTALL_PREFIX=/home/ros2/dev_ws/install/my_package
[0.197s] Invoking command in '/home/ros2/dev_ws/build/my_package': CMAKE_PREFIX_PATH=${CMAKE_PREFIX_PATH}:/opt/ros/humble /usr/bin/cmake --build /home/ros2/dev_ws/build/my_package -- -j16 -l16
[0.229s] [35m[1mConsolidate compiler generated dependencies of target my_node[0m
[0.240s] [100%] Built target my_node
[0.250s] Invoked command in '/home/ros2/dev_ws/build/my_package' returned '0': CMAKE_PREFIX_PATH=${CMAKE_PREFIX_PATH}:/opt/ros/humble /usr/bin/cmake --build /home/ros2/dev_ws/build/my_package -- -j16 -l16
[0.260s] Invoking command in '/home/ros2/dev_ws/build/my_package': CMAKE_PREFIX_PATH=${CMAKE_PREFIX_PATH}:/opt/ros/humble /usr/bin/cmake --install /home/ros2/dev_ws/build/my_package
[0.266s] -- Install configuration: ""
[0.266s] -- Execute custom install script
[0.267s] -- Up-to-date symlink: /home/ros2/dev_ws/install/my_package/lib/my_package/my_node
[0.267s] -- Symlinking: /home/ros2/dev_ws/install/my_package/share/my_package/programs/test_1.yaml
[0.275s] -- Up-to-date symlink: /home/ros2/dev_ws/install/my_package/share/ament_index/resource_index/package_run_dependencies/my_package
[0.275s] -- Up-to-date symlink: /home/ros2/dev_ws/install/my_package/share/ament_index/resource_index/parent_prefix_path/my_package
[0.275s] -- Up-to-date symlink: /home/ros2/dev_ws/install/my_package/share/my_package/environment/ament_prefix_path.sh
[0.275s] -- Up-to-date symlink: /home/ros2/dev_ws/install/my_package/share/my_package/environment/ament_prefix_path.dsv
[0.275s] -- Up-to-date symlink: /home/ros2/dev_ws/install/my_package/share/my_package/environment/path.sh
[0.276s] -- Up-to-date symlink: /home/ros2/dev_ws/install/my_package/share/my_package/environment/path.dsv
[0.276s] -- Up-to-date symlink: /home/ros2/dev_ws/install/my_package/share/my_package/local_setup.bash
[0.276s] -- Up-to-date symlink: /home/ros2/dev_ws/install/my_package/share/my_package/local_setup.sh
[0.276s] -- Up-to-date symlink: /home/ros2/dev_ws/install/my_package/share/my_package/local_setup.zsh
[0.276s] -- Up-to-date symlink: /home/ros2/dev_ws/install/my_package/share/my_package/local_setup.dsv
[0.276s] -- Symlinking: /home/ros2/dev_ws/install/my_package/share/my_package/package.dsv
[0.284s] -- Up-to-date symlink: /home/ros2/dev_ws/install/my_package/share/ament_index/resource_index/packages/my_package
[0.284s] -- Up-to-date symlink: /home/ros2/dev_ws/install/my_package/share/my_package/cmake/my_packageConfig.cmake
[0.284s] -- Up-to-date symlink: /home/ros2/dev_ws/install/my_package/share/my_package/cmake/my_packageConfig-version.cmake
[0.284s] -- Up-to-date symlink: /home/ros2/dev_ws/install/my_package/share/my_package/package.xml
[0.286s] Invoked command in '/home/ros2/dev_ws/build/my_package' returned '0': CMAKE_PREFIX_PATH=${CMAKE_PREFIX_PATH}:/opt/ros/humble /usr/bin/cmake --install /home/ros2/dev_ws/build/my_package
