[0.036s] Invoking command in '/home/ros2/dev_ws/build/ros2srrc_irb120_moveit2': CMAKE_PREFIX_PATH=/opt/ros/humble /usr/bin/cmake /home/ros2/dev_ws/src/ros2_SimRealRobotControl/packages/irb120/ros2srrc_irb120_moveit2 -DAMENT_CMAKE_SYMLINK_INSTALL=1 -DCMAKE_INSTALL_PREFIX=/home/ros2/dev_ws/install/ros2srrc_irb120_moveit2
[0.539s] -- The C compiler identification is GNU 11.4.0
[0.539s] -- The CXX compiler identification is GNU 11.4.0
[0.539s] -- Detecting C compiler ABI info
[0.610s] -- Detecting C compiler ABI info - done
[0.629s] -- Check for working C compiler: /usr/bin/cc - skipped
[0.629s] -- Detecting C compile features
[0.634s] -- Detecting C compile features - done
[0.637s] -- Detecting CXX compiler ABI info
[0.831s] -- Detecting CXX compiler ABI info - done
[0.857s] -- Check for working CXX compiler: /usr/bin/c++ - skipped
[0.858s] -- Detecting CXX compile features
[0.858s] -- Detecting CXX compile features - done
[0.867s] -- Found ament_cmake: 1.3.11 (/opt/ros/humble/share/ament_cmake/cmake)
[1.377s] -- Found Python3: /usr/bin/python3 (found version "3.10.12") found components: Interpreter 
[1.709s] -- Override CMake install command with custom implementation using symlinks instead of copying resources
[1.807s] -- Found ament_lint_auto: 0.12.12 (/opt/ros/humble/share/ament_lint_auto/cmake)
[2.086s] -- Added test 'copyright' to check source files copyright and LICENSE
[2.087s] -- Added test 'lint_cmake' to check CMake code style
[2.092s] -- Added test 'xmllint' to check XML markup files
[2.098s] -- Configuring done
[2.107s] -- Generating done
[2.116s] -- Build files have been written to: /home/ros2/dev_ws/build/ros2srrc_irb120_moveit2
[2.136s] Invoked command in '/home/ros2/dev_ws/build/ros2srrc_irb120_moveit2' returned '0': CMAKE_PREFIX_PATH=/opt/ros/humble /usr/bin/cmake /home/ros2/dev_ws/src/ros2_SimRealRobotControl/packages/irb120/ros2srrc_irb120_moveit2 -DAMENT_CMAKE_SYMLINK_INSTALL=1 -DCMAKE_INSTALL_PREFIX=/home/ros2/dev_ws/install/ros2srrc_irb120_moveit2
[2.144s] Invoking command in '/home/ros2/dev_ws/build/ros2srrc_irb120_moveit2': CMAKE_PREFIX_PATH=/opt/ros/humble /usr/bin/cmake --build /home/ros2/dev_ws/build/ros2srrc_irb120_moveit2 -- -j16 -l16
[2.882s] Invoked command in '/home/ros2/dev_ws/build/ros2srrc_irb120_moveit2' returned '0': CMAKE_PREFIX_PATH=/opt/ros/humble /usr/bin/cmake --build /home/ros2/dev_ws/build/ros2srrc_irb120_moveit2 -- -j16 -l16
[2.899s] Invoking command in '/home/ros2/dev_ws/build/ros2srrc_irb120_moveit2': CMAKE_PREFIX_PATH=/opt/ros/humble /usr/bin/cmake --install /home/ros2/dev_ws/build/ros2srrc_irb120_moveit2
[5.027s] -- Install configuration: ""
[5.027s] -- Execute custom install script
[5.027s] -- Symlinking: /home/ros2/dev_ws/install/ros2srrc_irb120_moveit2/share/ros2srrc_irb120_moveit2/config/irb120.srdf
[5.027s] -- Symlinking: /home/ros2/dev_ws/install/ros2srrc_irb120_moveit2/share/ros2srrc_irb120_moveit2/config/irb120_moveit2.rviz
[5.027s] -- Symlinking: /home/ros2/dev_ws/install/ros2srrc_irb120_moveit2/share/ros2srrc_irb120_moveit2/config/irb120egp64.srdf
[5.027s] -- Symlinking: /home/ros2/dev_ws/install/ros2srrc_irb120_moveit2/share/ros2srrc_irb120_moveit2/config/irb120egp64_moveit2.rviz
[5.027s] -- Symlinking: /home/ros2/dev_ws/install/ros2srrc_irb120_moveit2/share/ros2srrc_irb120_moveit2/config/irb120ls_vgr.srdf
[5.027s] -- Symlinking: /home/ros2/dev_ws/install/ros2srrc_irb120_moveit2/share/ros2srrc_irb120_moveit2/config/irb120ls_vgr_moveit2.rviz
[5.027s] -- Symlinking: /home/ros2/dev_ws/install/ros2srrc_irb120_moveit2/share/ament_index/resource_index/package_run_dependencies/ros2srrc_irb120_moveit2
[5.027s] -- Symlinking: /home/ros2/dev_ws/install/ros2srrc_irb120_moveit2/share/ament_index/resource_index/parent_prefix_path/ros2srrc_irb120_moveit2
[5.027s] -- Symlinking: /home/ros2/dev_ws/install/ros2srrc_irb120_moveit2/share/ros2srrc_irb120_moveit2/environment/ament_prefix_path.sh
[5.028s] -- Symlinking: /home/ros2/dev_ws/install/ros2srrc_irb120_moveit2/share/ros2srrc_irb120_moveit2/environment/ament_prefix_path.dsv
[5.028s] -- Symlinking: /home/ros2/dev_ws/install/ros2srrc_irb120_moveit2/share/ros2srrc_irb120_moveit2/environment/path.sh
[5.028s] -- Symlinking: /home/ros2/dev_ws/install/ros2srrc_irb120_moveit2/share/ros2srrc_irb120_moveit2/environment/path.dsv
[5.028s] -- Symlinking: /home/ros2/dev_ws/install/ros2srrc_irb120_moveit2/share/ros2srrc_irb120_moveit2/local_setup.bash
[5.028s] -- Symlinking: /home/ros2/dev_ws/install/ros2srrc_irb120_moveit2/share/ros2srrc_irb120_moveit2/local_setup.sh
[5.028s] -- Symlinking: /home/ros2/dev_ws/install/ros2srrc_irb120_moveit2/share/ros2srrc_irb120_moveit2/local_setup.zsh
[5.028s] -- Symlinking: /home/ros2/dev_ws/install/ros2srrc_irb120_moveit2/share/ros2srrc_irb120_moveit2/local_setup.dsv
[5.028s] -- Symlinking: /home/ros2/dev_ws/install/ros2srrc_irb120_moveit2/share/ros2srrc_irb120_moveit2/package.dsv
[5.028s] -- Symlinking: /home/ros2/dev_ws/install/ros2srrc_irb120_moveit2/share/ament_index/resource_index/packages/ros2srrc_irb120_moveit2
[5.028s] -- Symlinking: /home/ros2/dev_ws/install/ros2srrc_irb120_moveit2/share/ros2srrc_irb120_moveit2/cmake/ros2srrc_irb120_moveit2Config.cmake
[5.028s] -- Symlinking: /home/ros2/dev_ws/install/ros2srrc_irb120_moveit2/share/ros2srrc_irb120_moveit2/cmake/ros2srrc_irb120_moveit2Config-version.cmake
[5.028s] -- Symlinking: /home/ros2/dev_ws/install/ros2srrc_irb120_moveit2/share/ros2srrc_irb120_moveit2/package.xml
[5.079s] Invoked command in '/home/ros2/dev_ws/build/ros2srrc_irb120_moveit2' returned '0': CMAKE_PREFIX_PATH=/opt/ros/humble /usr/bin/cmake --install /home/ros2/dev_ws/build/ros2srrc_irb120_moveit2
