[0.056s] Invoking command in '/home/ros2/dev_ws/build/ros2srrc_irb6640_gazebo': CMAKE_PREFIX_PATH=/opt/ros/humble /usr/bin/cmake /home/ros2/dev_ws/src/ros2_SimRealRobotControl/packages/irb6640/ros2srrc_irb6640_gazebo -DAMENT_CMAKE_SYMLINK_INSTALL=1 -DCMAKE_INSTALL_PREFIX=/home/ros2/dev_ws/install/ros2srrc_irb6640_gazebo
[1.867s] -- The C compiler identification is GNU 11.4.0
[1.867s] -- The CXX compiler identification is GNU 11.4.0
[1.867s] -- Detecting C compiler ABI info
[1.868s] -- Detecting C compiler ABI info - done
[1.868s] -- Check for working C compiler: /usr/bin/cc - skipped
[1.868s] -- Detecting C compile features
[1.868s] -- Detecting C compile features - done
[1.868s] -- Detecting CXX compiler ABI info
[1.868s] -- Detecting CXX compiler ABI info - done
[1.868s] -- Check for working CXX compiler: /usr/bin/c++ - skipped
[1.868s] -- Detecting CXX compile features
[1.868s] -- Detecting CXX compile features - done
[1.868s] -- Found ament_cmake: 1.3.11 (/opt/ros/humble/share/ament_cmake/cmake)
[1.868s] -- Found Python3: /usr/bin/python3 (found version "3.10.12") found components: Interpreter 
[1.868s] -- Override CMake install command with custom implementation using symlinks instead of copying resources
[1.889s] -- Found ament_lint_auto: 0.12.12 (/opt/ros/humble/share/ament_lint_auto/cmake)
[2.131s] -- Added test 'copyright' to check source files copyright and LICENSE
[2.131s] -- Added test 'lint_cmake' to check CMake code style
[2.132s] -- Added test 'xmllint' to check XML markup files
[2.147s] -- Configuring done
[2.153s] -- Generating done
[2.153s] -- Build files have been written to: /home/ros2/dev_ws/build/ros2srrc_irb6640_gazebo
[2.363s] Invoked command in '/home/ros2/dev_ws/build/ros2srrc_irb6640_gazebo' returned '0': CMAKE_PREFIX_PATH=/opt/ros/humble /usr/bin/cmake /home/ros2/dev_ws/src/ros2_SimRealRobotControl/packages/irb6640/ros2srrc_irb6640_gazebo -DAMENT_CMAKE_SYMLINK_INSTALL=1 -DCMAKE_INSTALL_PREFIX=/home/ros2/dev_ws/install/ros2srrc_irb6640_gazebo
[2.364s] Invoking command in '/home/ros2/dev_ws/build/ros2srrc_irb6640_gazebo': CMAKE_PREFIX_PATH=/opt/ros/humble /usr/bin/cmake --build /home/ros2/dev_ws/build/ros2srrc_irb6640_gazebo -- -j16 -l16
[2.718s] Invoked command in '/home/ros2/dev_ws/build/ros2srrc_irb6640_gazebo' returned '0': CMAKE_PREFIX_PATH=/opt/ros/humble /usr/bin/cmake --build /home/ros2/dev_ws/build/ros2srrc_irb6640_gazebo -- -j16 -l16
[2.719s] Invoking command in '/home/ros2/dev_ws/build/ros2srrc_irb6640_gazebo': CMAKE_PREFIX_PATH=/opt/ros/humble /usr/bin/cmake --install /home/ros2/dev_ws/build/ros2srrc_irb6640_gazebo
[4.784s] -- Install configuration: ""
[4.784s] -- Execute custom install script
[4.784s] -- Symlinking: /home/ros2/dev_ws/install/ros2srrc_irb6640_gazebo/share/ros2srrc_irb6640_gazebo/config/configurations.yaml
[4.784s] -- Symlinking: /home/ros2/dev_ws/install/ros2srrc_irb6640_gazebo/share/ros2srrc_irb6640_gazebo/urdf/irb6640.urdf.xacro
[4.784s] -- Symlinking: /home/ros2/dev_ws/install/ros2srrc_irb6640_gazebo/share/ros2srrc_irb6640_gazebo/urdf/irb6640_gpp5010nc.urdf.xacro
[4.784s] -- Symlinking: /home/ros2/dev_ws/install/ros2srrc_irb6640_gazebo/share/ros2srrc_irb6640_gazebo/worlds/ros2srrc_irb6640.world
[4.784s] -- Symlinking: /home/ros2/dev_ws/install/ros2srrc_irb6640_gazebo/share/ament_index/resource_index/package_run_dependencies/ros2srrc_irb6640_gazebo
[4.785s] -- Symlinking: /home/ros2/dev_ws/install/ros2srrc_irb6640_gazebo/share/ament_index/resource_index/parent_prefix_path/ros2srrc_irb6640_gazebo
[4.785s] -- Symlinking: /home/ros2/dev_ws/install/ros2srrc_irb6640_gazebo/share/ros2srrc_irb6640_gazebo/environment/ament_prefix_path.sh
[4.785s] -- Symlinking: /home/ros2/dev_ws/install/ros2srrc_irb6640_gazebo/share/ros2srrc_irb6640_gazebo/environment/ament_prefix_path.dsv
[4.785s] -- Symlinking: /home/ros2/dev_ws/install/ros2srrc_irb6640_gazebo/share/ros2srrc_irb6640_gazebo/environment/path.sh
[4.785s] -- Symlinking: /home/ros2/dev_ws/install/ros2srrc_irb6640_gazebo/share/ros2srrc_irb6640_gazebo/environment/path.dsv
[4.785s] -- Symlinking: /home/ros2/dev_ws/install/ros2srrc_irb6640_gazebo/share/ros2srrc_irb6640_gazebo/local_setup.bash
[4.785s] -- Symlinking: /home/ros2/dev_ws/install/ros2srrc_irb6640_gazebo/share/ros2srrc_irb6640_gazebo/local_setup.sh
[4.785s] -- Symlinking: /home/ros2/dev_ws/install/ros2srrc_irb6640_gazebo/share/ros2srrc_irb6640_gazebo/local_setup.zsh
[4.785s] -- Symlinking: /home/ros2/dev_ws/install/ros2srrc_irb6640_gazebo/share/ros2srrc_irb6640_gazebo/local_setup.dsv
[4.785s] -- Symlinking: /home/ros2/dev_ws/install/ros2srrc_irb6640_gazebo/share/ros2srrc_irb6640_gazebo/package.dsv
[4.785s] -- Symlinking: /home/ros2/dev_ws/install/ros2srrc_irb6640_gazebo/share/ament_index/resource_index/packages/ros2srrc_irb6640_gazebo
[4.785s] -- Symlinking: /home/ros2/dev_ws/install/ros2srrc_irb6640_gazebo/share/ros2srrc_irb6640_gazebo/cmake/ros2srrc_irb6640_gazeboConfig.cmake
[4.785s] -- Symlinking: /home/ros2/dev_ws/install/ros2srrc_irb6640_gazebo/share/ros2srrc_irb6640_gazebo/cmake/ros2srrc_irb6640_gazeboConfig-version.cmake
[4.786s] -- Symlinking: /home/ros2/dev_ws/install/ros2srrc_irb6640_gazebo/share/ros2srrc_irb6640_gazebo/package.xml
[5.070s] Invoked command in '/home/ros2/dev_ws/build/ros2srrc_irb6640_gazebo' returned '0': CMAKE_PREFIX_PATH=/opt/ros/humble /usr/bin/cmake --install /home/ros2/dev_ws/build/ros2srrc_irb6640_gazebo
