[0.078s] Invoking command in '/home/ros2/dev_ws/build/ros2srrc_ur5e_gazebo': CMAKE_PREFIX_PATH=${CMAKE_PREFIX_PATH}:/opt/ros/humble /usr/bin/cmake /home/ros2/dev_ws/src/ros2_SimRealRobotControl/packages/ur5e/ros2srrc_ur5e_gazebo -DAMENT_CMAKE_SYMLINK_INSTALL=1 -DCMAKE_INSTALL_PREFIX=/home/ros2/dev_ws/install/ros2srrc_ur5e_gazebo
[1.262s] -- The C compiler identification is GNU 11.4.0
[1.262s] -- The CXX compiler identification is GNU 11.4.0
[1.262s] -- Detecting C compiler ABI info
[1.262s] -- Detecting C compiler ABI info - done
[1.263s] -- Check for working C compiler: /usr/bin/cc - skipped
[1.264s] -- Detecting C compile features
[1.264s] -- Detecting C compile features - done
[1.264s] -- Detecting CXX compiler ABI info
[1.264s] -- Detecting CXX compiler ABI info - done
[1.264s] -- Check for working CXX compiler: /usr/bin/c++ - skipped
[1.264s] -- Detecting CXX compile features
[1.264s] -- Detecting CXX compile features - done
[1.264s] -- Found ament_cmake: 1.3.11 (/opt/ros/humble/share/ament_cmake/cmake)
[1.675s] -- Found Python3: /usr/bin/python3 (found version "3.10.12") found components: Interpreter 
[1.827s] -- Override CMake install command with custom implementation using symlinks instead of copying resources
[1.987s] -- Found ament_lint_auto: 0.12.12 (/opt/ros/humble/share/ament_lint_auto/cmake)
[2.284s] -- Added test 'copyright' to check source files copyright and LICENSE
[2.284s] -- Added test 'lint_cmake' to check CMake code style
[2.284s] -- Added test 'xmllint' to check XML markup files
[2.291s] -- Configuring done
[2.294s] -- Generating done
[2.299s] -- Build files have been written to: /home/ros2/dev_ws/build/ros2srrc_ur5e_gazebo
[2.326s] Invoked command in '/home/ros2/dev_ws/build/ros2srrc_ur5e_gazebo' returned '0': CMAKE_PREFIX_PATH=${CMAKE_PREFIX_PATH}:/opt/ros/humble /usr/bin/cmake /home/ros2/dev_ws/src/ros2_SimRealRobotControl/packages/ur5e/ros2srrc_ur5e_gazebo -DAMENT_CMAKE_SYMLINK_INSTALL=1 -DCMAKE_INSTALL_PREFIX=/home/ros2/dev_ws/install/ros2srrc_ur5e_gazebo
[2.327s] Invoking command in '/home/ros2/dev_ws/build/ros2srrc_ur5e_gazebo': CMAKE_PREFIX_PATH=${CMAKE_PREFIX_PATH}:/opt/ros/humble /usr/bin/cmake --build /home/ros2/dev_ws/build/ros2srrc_ur5e_gazebo -- -j16 -l16
[4.698s] Invoked command in '/home/ros2/dev_ws/build/ros2srrc_ur5e_gazebo' returned '0': CMAKE_PREFIX_PATH=${CMAKE_PREFIX_PATH}:/opt/ros/humble /usr/bin/cmake --build /home/ros2/dev_ws/build/ros2srrc_ur5e_gazebo -- -j16 -l16
[4.699s] Invoking command in '/home/ros2/dev_ws/build/ros2srrc_ur5e_gazebo': CMAKE_PREFIX_PATH=${CMAKE_PREFIX_PATH}:/opt/ros/humble /usr/bin/cmake --install /home/ros2/dev_ws/build/ros2srrc_ur5e_gazebo
[5.202s] -- Install configuration: ""
[5.202s] -- Execute custom install script
[5.202s] -- Symlinking: /home/ros2/dev_ws/install/ros2srrc_ur5e_gazebo/share/ros2srrc_ur5e_gazebo/config/configurations.yaml
[5.202s] -- Symlinking: /home/ros2/dev_ws/install/ros2srrc_ur5e_gazebo/share/ros2srrc_ur5e_gazebo/urdf/ur5e.urdf.xacro
[5.202s] -- Symlinking: /home/ros2/dev_ws/install/ros2srrc_ur5e_gazebo/share/ros2srrc_ur5e_gazebo/urdf/ur5e_robotiq_2f85.urdf.xacro
[5.202s] -- Symlinking: /home/ros2/dev_ws/install/ros2srrc_ur5e_gazebo/share/ros2srrc_ur5e_gazebo/urdf/ur5e_robotiq_hande.urdf.xacro
[5.203s] -- Symlinking: /home/ros2/dev_ws/install/ros2srrc_ur5e_gazebo/share/ros2srrc_ur5e_gazebo/worlds/ros2srrc_ur5e.world
[5.203s] -- Symlinking: /home/ros2/dev_ws/install/ros2srrc_ur5e_gazebo/share/ament_index/resource_index/package_run_dependencies/ros2srrc_ur5e_gazebo
[5.203s] -- Symlinking: /home/ros2/dev_ws/install/ros2srrc_ur5e_gazebo/share/ament_index/resource_index/parent_prefix_path/ros2srrc_ur5e_gazebo
[5.203s] -- Symlinking: /home/ros2/dev_ws/install/ros2srrc_ur5e_gazebo/share/ros2srrc_ur5e_gazebo/environment/ament_prefix_path.sh
[5.203s] -- Symlinking: /home/ros2/dev_ws/install/ros2srrc_ur5e_gazebo/share/ros2srrc_ur5e_gazebo/environment/ament_prefix_path.dsv
[5.203s] -- Symlinking: /home/ros2/dev_ws/install/ros2srrc_ur5e_gazebo/share/ros2srrc_ur5e_gazebo/environment/path.sh
[5.203s] -- Symlinking: /home/ros2/dev_ws/install/ros2srrc_ur5e_gazebo/share/ros2srrc_ur5e_gazebo/environment/path.dsv
[5.203s] -- Symlinking: /home/ros2/dev_ws/install/ros2srrc_ur5e_gazebo/share/ros2srrc_ur5e_gazebo/local_setup.bash
[5.205s] -- Symlinking: /home/ros2/dev_ws/install/ros2srrc_ur5e_gazebo/share/ros2srrc_ur5e_gazebo/local_setup.sh
[5.205s] -- Symlinking: /home/ros2/dev_ws/install/ros2srrc_ur5e_gazebo/share/ros2srrc_ur5e_gazebo/local_setup.zsh
[5.205s] -- Symlinking: /home/ros2/dev_ws/install/ros2srrc_ur5e_gazebo/share/ros2srrc_ur5e_gazebo/local_setup.dsv
[5.205s] -- Symlinking: /home/ros2/dev_ws/install/ros2srrc_ur5e_gazebo/share/ros2srrc_ur5e_gazebo/package.dsv
[5.205s] -- Symlinking: /home/ros2/dev_ws/install/ros2srrc_ur5e_gazebo/share/ament_index/resource_index/packages/ros2srrc_ur5e_gazebo
[5.205s] -- Symlinking: /home/ros2/dev_ws/install/ros2srrc_ur5e_gazebo/share/ros2srrc_ur5e_gazebo/cmake/ros2srrc_ur5e_gazeboConfig.cmake
[5.205s] -- Symlinking: /home/ros2/dev_ws/install/ros2srrc_ur5e_gazebo/share/ros2srrc_ur5e_gazebo/cmake/ros2srrc_ur5e_gazeboConfig-version.cmake
[5.205s] -- Symlinking: /home/ros2/dev_ws/install/ros2srrc_ur5e_gazebo/share/ros2srrc_ur5e_gazebo/package.xml
[5.233s] Invoked command in '/home/ros2/dev_ws/build/ros2srrc_ur5e_gazebo' returned '0': CMAKE_PREFIX_PATH=${CMAKE_PREFIX_PATH}:/opt/ros/humble /usr/bin/cmake --install /home/ros2/dev_ws/build/ros2srrc_ur5e_gazebo
