[0.028s] Invoking command in '/home/ros2/dev_ws/build/ros2srrc_ur16e_gazebo': CMAKE_PREFIX_PATH=${CMAKE_PREFIX_PATH}:/opt/ros/humble /usr/bin/cmake /home/ros2/dev_ws/src/ros2_SimRealRobotControl/packages/ur16e/ros2srrc_ur16e_gazebo -DAMENT_CMAKE_SYMLINK_INSTALL=1 -DCMAKE_INSTALL_PREFIX=/home/ros2/dev_ws/install/ros2srrc_ur16e_gazebo
[0.216s] -- The C compiler identification is GNU 11.4.0
[0.340s] -- The CXX compiler identification is GNU 11.4.0
[0.370s] -- Detecting C compiler ABI info
[0.574s] -- Detecting C compiler ABI info - done
[0.598s] -- Check for working C compiler: /usr/bin/cc - skipped
[0.598s] -- Detecting C compile features
[0.598s] -- Detecting C compile features - done
[0.605s] -- Detecting CXX compiler ABI info
[0.836s] -- Detecting CXX compiler ABI info - done
[0.850s] -- Check for working CXX compiler: /usr/bin/c++ - skipped
[0.850s] -- Detecting CXX compile features
[0.850s] -- Detecting CXX compile features - done
[0.860s] -- Found ament_cmake: 1.3.11 (/opt/ros/humble/share/ament_cmake/cmake)
[1.173s] -- Found Python3: /usr/bin/python3 (found version "3.10.12") found components: Interpreter 
[1.312s] -- Override CMake install command with custom implementation using symlinks instead of copying resources
[1.450s] -- Found ament_lint_auto: 0.12.12 (/opt/ros/humble/share/ament_lint_auto/cmake)
[1.629s] -- Added test 'copyright' to check source files copyright and LICENSE
[1.636s] -- Added test 'lint_cmake' to check CMake code style
[1.640s] -- Added test 'xmllint' to check XML markup files
[1.647s] -- Configuring done
[1.654s] -- Generating done
[1.654s] -- Build files have been written to: /home/ros2/dev_ws/build/ros2srrc_ur16e_gazebo
[1.680s] Invoked command in '/home/ros2/dev_ws/build/ros2srrc_ur16e_gazebo' returned '0': CMAKE_PREFIX_PATH=${CMAKE_PREFIX_PATH}:/opt/ros/humble /usr/bin/cmake /home/ros2/dev_ws/src/ros2_SimRealRobotControl/packages/ur16e/ros2srrc_ur16e_gazebo -DAMENT_CMAKE_SYMLINK_INSTALL=1 -DCMAKE_INSTALL_PREFIX=/home/ros2/dev_ws/install/ros2srrc_ur16e_gazebo
[1.681s] Invoking command in '/home/ros2/dev_ws/build/ros2srrc_ur16e_gazebo': CMAKE_PREFIX_PATH=${CMAKE_PREFIX_PATH}:/opt/ros/humble /usr/bin/cmake --build /home/ros2/dev_ws/build/ros2srrc_ur16e_gazebo -- -j16 -l16
[2.534s] Invoked command in '/home/ros2/dev_ws/build/ros2srrc_ur16e_gazebo' returned '0': CMAKE_PREFIX_PATH=${CMAKE_PREFIX_PATH}:/opt/ros/humble /usr/bin/cmake --build /home/ros2/dev_ws/build/ros2srrc_ur16e_gazebo -- -j16 -l16
[2.539s] Invoking command in '/home/ros2/dev_ws/build/ros2srrc_ur16e_gazebo': CMAKE_PREFIX_PATH=${CMAKE_PREFIX_PATH}:/opt/ros/humble /usr/bin/cmake --install /home/ros2/dev_ws/build/ros2srrc_ur16e_gazebo
[3.243s] -- Install configuration: ""
[3.243s] -- Execute custom install script
[3.243s] -- Symlinking: /home/ros2/dev_ws/install/ros2srrc_ur16e_gazebo/share/ros2srrc_ur16e_gazebo/config/configurations.yaml
[3.244s] -- Symlinking: /home/ros2/dev_ws/install/ros2srrc_ur16e_gazebo/share/ros2srrc_ur16e_gazebo/urdf/ur16e.urdf.xacro
[3.244s] -- Symlinking: /home/ros2/dev_ws/install/ros2srrc_ur16e_gazebo/share/ros2srrc_ur16e_gazebo/urdf/ur16e_robotiq_2f85.urdf.xacro
[3.244s] -- Symlinking: /home/ros2/dev_ws/install/ros2srrc_ur16e_gazebo/share/ros2srrc_ur16e_gazebo/urdf/ur16e_robotiq_hande.urdf.xacro
[3.244s] -- Symlinking: /home/ros2/dev_ws/install/ros2srrc_ur16e_gazebo/share/ros2srrc_ur16e_gazebo/worlds/ros2srrc_ur16e.world
[3.244s] -- Symlinking: /home/ros2/dev_ws/install/ros2srrc_ur16e_gazebo/share/ament_index/resource_index/package_run_dependencies/ros2srrc_ur16e_gazebo
[3.244s] -- Symlinking: /home/ros2/dev_ws/install/ros2srrc_ur16e_gazebo/share/ament_index/resource_index/parent_prefix_path/ros2srrc_ur16e_gazebo
[3.244s] -- Symlinking: /home/ros2/dev_ws/install/ros2srrc_ur16e_gazebo/share/ros2srrc_ur16e_gazebo/environment/ament_prefix_path.sh
[3.244s] -- Symlinking: /home/ros2/dev_ws/install/ros2srrc_ur16e_gazebo/share/ros2srrc_ur16e_gazebo/environment/ament_prefix_path.dsv
[3.244s] -- Symlinking: /home/ros2/dev_ws/install/ros2srrc_ur16e_gazebo/share/ros2srrc_ur16e_gazebo/environment/path.sh
[3.244s] -- Symlinking: /home/ros2/dev_ws/install/ros2srrc_ur16e_gazebo/share/ros2srrc_ur16e_gazebo/environment/path.dsv
[3.244s] -- Symlinking: /home/ros2/dev_ws/install/ros2srrc_ur16e_gazebo/share/ros2srrc_ur16e_gazebo/local_setup.bash
[3.244s] -- Symlinking: /home/ros2/dev_ws/install/ros2srrc_ur16e_gazebo/share/ros2srrc_ur16e_gazebo/local_setup.sh
[3.245s] -- Symlinking: /home/ros2/dev_ws/install/ros2srrc_ur16e_gazebo/share/ros2srrc_ur16e_gazebo/local_setup.zsh
[3.245s] -- Symlinking: /home/ros2/dev_ws/install/ros2srrc_ur16e_gazebo/share/ros2srrc_ur16e_gazebo/local_setup.dsv
[3.245s] -- Symlinking: /home/ros2/dev_ws/install/ros2srrc_ur16e_gazebo/share/ros2srrc_ur16e_gazebo/package.dsv
[3.245s] -- Symlinking: /home/ros2/dev_ws/install/ros2srrc_ur16e_gazebo/share/ament_index/resource_index/packages/ros2srrc_ur16e_gazebo
[3.245s] -- Symlinking: /home/ros2/dev_ws/install/ros2srrc_ur16e_gazebo/share/ros2srrc_ur16e_gazebo/cmake/ros2srrc_ur16e_gazeboConfig.cmake
[3.245s] -- Symlinking: /home/ros2/dev_ws/install/ros2srrc_ur16e_gazebo/share/ros2srrc_ur16e_gazebo/cmake/ros2srrc_ur16e_gazeboConfig-version.cmake
[3.245s] -- Symlinking: /home/ros2/dev_ws/install/ros2srrc_ur16e_gazebo/share/ros2srrc_ur16e_gazebo/package.xml
[3.273s] Invoked command in '/home/ros2/dev_ws/build/ros2srrc_ur16e_gazebo' returned '0': CMAKE_PREFIX_PATH=${CMAKE_PREFIX_PATH}:/opt/ros/humble /usr/bin/cmake --install /home/ros2/dev_ws/build/ros2srrc_ur16e_gazebo
