[0.050s] Invoking command in '/home/ros2/dev_ws/build/gazebo_ros2_control': CMAKE_PREFIX_PATH=${CMAKE_PREFIX_PATH}:/opt/ros/humble /usr/bin/cmake /home/ros2/dev_ws/src/gazebo_ros2_control/gazebo_ros2_control -DAMENT_CMAKE_SYMLINK_INSTALL=1 -DCMAKE_INSTALL_PREFIX=/home/ros2/dev_ws/install/gazebo_ros2_control
[0.811s] -- The C compiler identification is GNU 11.4.0
[0.811s] -- The CXX compiler identification is GNU 11.4.0
[0.811s] -- Detecting C compiler ABI info
[0.811s] -- Detecting C compiler ABI info - done
[0.811s] -- Check for working C compiler: /usr/bin/cc - skipped
[0.811s] -- Detecting C compile features
[0.811s] -- Detecting C compile features - done
[0.811s] -- Detecting CXX compiler ABI info
[0.811s] -- Detecting CXX compiler ABI info - done
[0.811s] -- Check for working CXX compiler: /usr/bin/c++ - skipped
[0.811s] -- Detecting CXX compile features
[0.811s] -- Detecting CXX compile features - done
[0.811s] -- Found ament_cmake: 1.3.11 (/opt/ros/humble/share/ament_cmake/cmake)
[0.811s] -- Found Python3: /usr/bin/python3 (found version "3.10.12") found components: Interpreter 
[0.858s] -- Override CMake install command with custom implementation using symlinks instead of copying resources
[0.893s] -- Found angles: 1.15.0 (/opt/ros/humble/share/angles/cmake)
[0.900s] -- Found controller_manager: 2.51.0 (/opt/ros/humble/share/controller_manager/cmake)
[0.954s] -- Found rosidl_generator_c: 3.1.6 (/opt/ros/humble/share/rosidl_generator_c/cmake)
[0.964s] -- Found rosidl_adapter: 3.1.6 (/opt/ros/humble/share/rosidl_adapter/cmake)
[0.973s] -- Found rosidl_generator_cpp: 3.1.6 (/opt/ros/humble/share/rosidl_generator_cpp/cmake)
[1.000s] -- Using all available rosidl_typesupport_c: rosidl_typesupport_fastrtps_c;rosidl_typesupport_introspection_c
[1.021s] -- Using all available rosidl_typesupport_cpp: rosidl_typesupport_fastrtps_cpp;rosidl_typesupport_introspection_cpp
[1.310s] -- Found rmw_implementation_cmake: 6.1.2 (/opt/ros/humble/share/rmw_implementation_cmake/cmake)
[1.318s] -- Found rmw_cyclonedds_cpp: 1.3.4 (/opt/ros/humble/share/rmw_cyclonedds_cpp/cmake)
[1.348s] -- Using RMW implementation 'rmw_cyclonedds_cpp' as default
[1.363s] -- Looking for pthread.h
[1.560s] -- Looking for pthread.h - found
[1.561s] -- Performing Test CMAKE_HAVE_LIBC_PTHREAD
[1.758s] -- Performing Test CMAKE_HAVE_LIBC_PTHREAD - Success
[1.759s] -- Found Threads: TRUE  
[1.984s] -- Found gazebo_dev: 3.9.0 (/opt/ros/humble/share/gazebo_dev/cmake)
[2.000s] -- Found PkgConfig: /usr/bin/pkg-config (found version "0.29.2") 
[2.003s] -- Checking for module 'bullet>=2.82'
[2.058s] --   Found bullet, version 3.05
[2.359s] -- Found fcl: /usr/include (found suitable version "0.7.0", minimum required is "0.5.0") 
[2.513s] -- Found assimp: /usr/include (found version "5.2.0") 
[2.550s] -- Found DART: /usr/include (Required is at least version "6.6") found components: dart 
[2.637s] -- Found Boost: /usr/lib/x86_64-linux-gnu/cmake/Boost-1.74.0/BoostConfig.cmake (found suitable version "1.74.0", minimum required is "1.40.0") found components: thread system filesystem program_options regex iostreams date_time 
[2.710s] -- Found Protobuf: /usr/lib/x86_64-linux-gnu/libprotobuf.so (found version "3.12.4") 
[2.721s] -- Looking for ignition-math6 -- found version 6.15.1
[2.735s] -- Searching for dependencies of ignition-math6
[2.737s] -- Looking for OGRE...
[2.738s] -- OGRE_PREFIX_WATCH changed.
[2.755s] -- Checking for module 'OGRE'
[2.792s] --   Found OGRE, version 1.9.0
[2.923s] -- Found Ogre Ghadamon (1.9.0)
[2.973s] -- Found OGRE: optimized;/usr/lib/x86_64-linux-gnu/libOgreMain.so;debug;/usr/lib/x86_64-linux-gnu/libOgreMain.so
[2.997s] -- Looking for OGRE_Paging...
[3.050s] -- Found OGRE_Paging: optimized;/usr/lib/x86_64-linux-gnu/libOgrePaging.so;debug;/usr/lib/x86_64-linux-gnu/libOgrePaging.so
[3.050s] -- Looking for OGRE_Terrain...
[3.103s] -- Found OGRE_Terrain: optimized;/usr/lib/x86_64-linux-gnu/libOgreTerrain.so;debug;/usr/lib/x86_64-linux-gnu/libOgreTerrain.so
[3.103s] -- Looking for OGRE_Property...
[3.145s] -- Found OGRE_Property: optimized;/usr/lib/x86_64-linux-gnu/libOgreProperty.so;debug;/usr/lib/x86_64-linux-gnu/libOgreProperty.so
[3.146s] -- Looking for OGRE_RTShaderSystem...
[3.200s] -- Found OGRE_RTShaderSystem: optimized;/usr/lib/x86_64-linux-gnu/libOgreRTShaderSystem.so;debug;/usr/lib/x86_64-linux-gnu/libOgreRTShaderSystem.so
[3.205s] -- Looking for OGRE_Volume...
[3.286s] -- Found OGRE_Volume: optimized;/usr/lib/x86_64-linux-gnu/libOgreVolume.so;debug;/usr/lib/x86_64-linux-gnu/libOgreVolume.so
[3.286s] -- Looking for OGRE_Overlay...
[3.347s] -- Found OGRE_Overlay: optimized;/usr/lib/x86_64-linux-gnu/libOgreOverlay.so;debug;/usr/lib/x86_64-linux-gnu/libOgreOverlay.so
[4.747s] -- Looking for ignition-math6 -- found version 6.15.1
[4.755s] -- Looking for ignition-transport8 -- found version 8.2.1
[4.769s] -- Searching for dependencies of ignition-transport8
[4.845s] -- Found Protobuf: /usr/lib/x86_64-linux-gnu/libprotobuf.so (found suitable version "3.12.4", minimum required is "3") 
[4.912s] -- Config-file not installed for ZeroMQ -- checking for pkg-config
[4.924s] -- Checking for module 'libzmq >= 4'
[5.028s] --   Found libzmq , version 4.3.4
[5.248s] -- Found ZeroMQ: TRUE (Required is at least version "4") 
[5.291s] -- Checking for module 'uuid'
[5.372s] --   Found uuid, version 2.37.2
[5.544s] -- Found UUID: TRUE  
[5.554s] -- Looking for ignition-msgs5 -- found version 5.8.1
[5.554s] -- Searching for dependencies of ignition-msgs5
[5.624s] -- Looking for ignition-math6 -- found version 6.15.1
[5.647s] -- Checking for module 'tinyxml2'
[5.729s] --   Found tinyxml2, version 9.0.0
[5.907s] -- Looking for ignition-msgs5 -- found version 5.8.1
[5.920s] -- Looking for ignition-common3 -- found version 3.14.0
[5.920s] -- Searching for dependencies of ignition-common3
[5.923s] -- Looking for dlfcn.h - found
[5.929s] -- Looking for libdl - found
[5.929s] -- Found DL: TRUE  
[5.979s] -- Found tinyobjloader: /usr/lib/x86_64-linux-gnu/cmake/tinyobjloader/tinyobjloader-config.cmake (found version "2.0.0") 
[5.979s] -- Searching for <ignition-common3> component [graphics]
[5.979s] -- Looking for ignition-common3-graphics -- found version 3.14.0
[5.981s] -- Searching for dependencies of ignition-common3-graphics
[5.981s] -- Looking for ignition-math6 -- found version 6.15.1
[5.994s] -- Looking for ignition-fuel_tools4 -- found version 4.4.0
[5.994s] -- Searching for dependencies of ignition-fuel_tools4
[6.285s] -- Found CURL: /usr/lib/x86_64-linux-gnu/libcurl.so (found version "7.81.0")  
[6.304s] -- Checking for module 'jsoncpp'
[6.366s] --   Found jsoncpp, version 1.9.5
[6.548s] -- Found JSONCPP: TRUE  
[6.580s] -- Checking for module 'libzip'
[6.670s] --   Found libzip, version 1.7.3
[6.834s] -- Found ZIP: TRUE  
[6.834s] -- Looking for ignition-common3 -- found version 3.14.0
[6.835s] -- Looking for ignition-math6 -- found version 6.15.1
[6.839s] -- Looking for ignition-msgs5 -- found version 5.8.1
[6.847s] -- Gazebo version: 11.10
[6.849s] -- Checking for module 'tbb'
[6.919s] --   Found tbb, version 2021.5.0
[7.036s] -- Found gazebo_ros: 3.9.0 (/opt/ros/humble/share/gazebo_ros/cmake)
[7.046s] -- Found yaml_cpp_vendor: 8.0.2 (/opt/ros/humble/share/yaml_cpp_vendor/cmake)
[7.241s] -- Found ament_cmake_gtest: 1.3.11 (/opt/ros/humble/share/ament_cmake_gtest/cmake)
[7.243s] -- Found ament_lint_auto: 0.12.12 (/opt/ros/humble/share/ament_lint_auto/cmake)
[7.542s] -- Added test 'copyright' to check source files copyright and LICENSE
[7.545s] -- Added test 'cppcheck' to perform static code analysis on C / C++ code
[7.547s] -- Configured cppcheck include dirs: /home/ros2/dev_ws/src/gazebo_ros2_control/gazebo_ros2_control/include
[7.548s] -- Configured cppcheck exclude dirs and/or files: 
[7.551s] -- Added test 'cpplint' to check C / C++ code against the Google style
[7.553s] -- Configured cpplint exclude dirs and/or files: 
[7.557s] -- Added test 'lint_cmake' to check CMake code style
[7.563s] -- Added test 'uncrustify' to check C / C++ code style
[7.563s] -- Configured uncrustify additional arguments: 
[7.569s] -- Added test 'xmllint' to check XML markup files
[7.580s] -- Configuring done
[7.667s] -- Generating done
[7.699s] -- Build files have been written to: /home/ros2/dev_ws/build/gazebo_ros2_control
[7.833s] Invoked command in '/home/ros2/dev_ws/build/gazebo_ros2_control' returned '0': CMAKE_PREFIX_PATH=${CMAKE_PREFIX_PATH}:/opt/ros/humble /usr/bin/cmake /home/ros2/dev_ws/src/gazebo_ros2_control/gazebo_ros2_control -DAMENT_CMAKE_SYMLINK_INSTALL=1 -DCMAKE_INSTALL_PREFIX=/home/ros2/dev_ws/install/gazebo_ros2_control
[7.834s] Invoking command in '/home/ros2/dev_ws/build/gazebo_ros2_control': CMAKE_PREFIX_PATH=${CMAKE_PREFIX_PATH}:/opt/ros/humble /usr/bin/cmake --build /home/ros2/dev_ws/build/gazebo_ros2_control -- -j16 -l16
[8.130s] [ 25%] [32mBuilding CXX object CMakeFiles/gazebo_ros2_control.dir/src/gazebo_ros2_control_plugin.cpp.o[0m
[8.130s] [ 50%] [32mBuilding CXX object CMakeFiles/gazebo_hardware_plugins.dir/src/gazebo_system.cpp.o[0m
[38.189s] [ 75%] [32m[1mLinking CXX shared library libgazebo_hardware_plugins.so[0m
[38.929s] [ 75%] Built target gazebo_hardware_plugins
[40.233s] [100%] [32m[1mLinking CXX shared library libgazebo_ros2_control.so[0m
[41.293s] [100%] Built target gazebo_ros2_control
[41.305s] Invoked command in '/home/ros2/dev_ws/build/gazebo_ros2_control' returned '0': CMAKE_PREFIX_PATH=${CMAKE_PREFIX_PATH}:/opt/ros/humble /usr/bin/cmake --build /home/ros2/dev_ws/build/gazebo_ros2_control -- -j16 -l16
[41.307s] Invoking command in '/home/ros2/dev_ws/build/gazebo_ros2_control': CMAKE_PREFIX_PATH=${CMAKE_PREFIX_PATH}:/opt/ros/humble /usr/bin/cmake --install /home/ros2/dev_ws/build/gazebo_ros2_control
[41.315s] -- Install configuration: ""
[41.315s] -- Execute custom install script
[41.315s] -- Symlinking: /home/ros2/dev_ws/install/gazebo_ros2_control/lib/libgazebo_ros2_control.so
[41.325s] -- Symlinking: /home/ros2/dev_ws/install/gazebo_ros2_control/lib/libgazebo_hardware_plugins.so
[41.334s] -- Symlinking: /home/ros2/dev_ws/install/gazebo_ros2_control/share/gazebo_ros2_control/environment/library_path.sh
[41.346s] -- Symlinking: /home/ros2/dev_ws/install/gazebo_ros2_control/share/gazebo_ros2_control/environment/library_path.dsv
[41.354s] -- Symlinking: /home/ros2/dev_ws/install/gazebo_ros2_control/include/gazebo_ros2_control/gazebo_ros2_control_plugin.hpp
[41.362s] -- Symlinking: /home/ros2/dev_ws/install/gazebo_ros2_control/include/gazebo_ros2_control/gazebo_system.hpp
[41.370s] -- Symlinking: /home/ros2/dev_ws/install/gazebo_ros2_control/include/gazebo_ros2_control/gazebo_system_interface.hpp
[41.380s] -- Symlinking: /home/ros2/dev_ws/install/gazebo_ros2_control/share/gazebo_ros2_control//gazebo_hardware_plugins.xml
[41.389s] -- Symlinking: /home/ros2/dev_ws/install/gazebo_ros2_control/share/ament_index/resource_index/package_run_dependencies/gazebo_ros2_control
[41.401s] -- Symlinking: /home/ros2/dev_ws/install/gazebo_ros2_control/share/ament_index/resource_index/parent_prefix_path/gazebo_ros2_control
[41.410s] -- Symlinking: /home/ros2/dev_ws/install/gazebo_ros2_control/share/gazebo_ros2_control/environment/ament_prefix_path.sh
[41.419s] -- Symlinking: /home/ros2/dev_ws/install/gazebo_ros2_control/share/gazebo_ros2_control/environment/ament_prefix_path.dsv
[41.428s] -- Symlinking: /home/ros2/dev_ws/install/gazebo_ros2_control/share/gazebo_ros2_control/environment/path.sh
[41.440s] -- Symlinking: /home/ros2/dev_ws/install/gazebo_ros2_control/share/gazebo_ros2_control/environment/path.dsv
[41.449s] -- Symlinking: /home/ros2/dev_ws/install/gazebo_ros2_control/share/gazebo_ros2_control/local_setup.bash
[41.458s] -- Symlinking: /home/ros2/dev_ws/install/gazebo_ros2_control/share/gazebo_ros2_control/local_setup.sh
[41.466s] -- Symlinking: /home/ros2/dev_ws/install/gazebo_ros2_control/share/gazebo_ros2_control/local_setup.zsh
[41.475s] -- Symlinking: /home/ros2/dev_ws/install/gazebo_ros2_control/share/gazebo_ros2_control/local_setup.dsv
[41.484s] -- Symlinking: /home/ros2/dev_ws/install/gazebo_ros2_control/share/gazebo_ros2_control/package.dsv
[41.494s] -- Symlinking: /home/ros2/dev_ws/install/gazebo_ros2_control/share/ament_index/resource_index/packages/gazebo_ros2_control
[41.503s] -- Symlinking: /home/ros2/dev_ws/install/gazebo_ros2_control/share/ament_index/resource_index/gazebo_ros2_control__pluginlib__plugin/gazebo_ros2_control
[41.515s] -- Symlinking: /home/ros2/dev_ws/install/gazebo_ros2_control/share/gazebo_ros2_control/cmake/ament_cmake_export_include_directories-extras.cmake
[41.523s] -- Symlinking: /home/ros2/dev_ws/install/gazebo_ros2_control/share/gazebo_ros2_control/cmake/ament_cmake_export_dependencies-extras.cmake
[41.534s] -- Symlinking: /home/ros2/dev_ws/install/gazebo_ros2_control/share/gazebo_ros2_control/cmake/ament_cmake_export_libraries-extras.cmake
[41.545s] -- Symlinking: /home/ros2/dev_ws/install/gazebo_ros2_control/share/gazebo_ros2_control/cmake/gazebo_ros2_controlConfig.cmake
[41.555s] -- Symlinking: /home/ros2/dev_ws/install/gazebo_ros2_control/share/gazebo_ros2_control/cmake/gazebo_ros2_controlConfig-version.cmake
[41.564s] -- Symlinking: /home/ros2/dev_ws/install/gazebo_ros2_control/share/gazebo_ros2_control/package.xml
[41.576s] Invoked command in '/home/ros2/dev_ws/build/gazebo_ros2_control' returned '0': CMAKE_PREFIX_PATH=${CMAKE_PREFIX_PATH}:/opt/ros/humble /usr/bin/cmake --install /home/ros2/dev_ws/build/gazebo_ros2_control
