[0.189s] Invoking command in '/home/ros2/dev_ws/build/ros2srrc_iiwa_gazebo': CMAKE_PREFIX_PATH=/opt/ros/humble /usr/bin/cmake /home/ros2/dev_ws/src/ros2_SimRealRobotControl/packages/iiwa/ros2srrc_iiwa_gazebo -DAMENT_CMAKE_SYMLINK_INSTALL=1 -DCMAKE_INSTALL_PREFIX=/home/ros2/dev_ws/install/ros2srrc_iiwa_gazebo
[1.829s] -- The C compiler identification is GNU 11.4.0
[1.830s] -- The CXX compiler identification is GNU 11.4.0
[1.830s] -- Detecting C compiler ABI info
[1.830s] -- Detecting C compiler ABI info - done
[1.830s] -- Check for working C compiler: /usr/bin/cc - skipped
[1.830s] -- Detecting C compile features
[1.830s] -- Detecting C compile features - done
[1.830s] -- Detecting CXX compiler ABI info
[1.830s] -- Detecting CXX compiler ABI info - done
[1.830s] -- Check for working CXX compiler: /usr/bin/c++ - skipped
[1.830s] -- Detecting CXX compile features
[1.830s] -- Detecting CXX compile features - done
[1.830s] -- Found ament_cmake: 1.3.11 (/opt/ros/humble/share/ament_cmake/cmake)
[1.921s] -- Found Python3: /usr/bin/python3 (found version "3.10.12") found components: Interpreter 
[2.039s] -- Override CMake install command with custom implementation using symlinks instead of copying resources
[2.114s] -- Found ament_lint_auto: 0.12.12 (/opt/ros/humble/share/ament_lint_auto/cmake)
[2.401s] -- Added test 'copyright' to check source files copyright and LICENSE
[2.405s] -- Added test 'lint_cmake' to check CMake code style
[2.413s] -- Added test 'xmllint' to check XML markup files
[2.414s] -- Configuring done
[2.419s] -- Generating done
[2.424s] -- Build files have been written to: /home/ros2/dev_ws/build/ros2srrc_iiwa_gazebo
[2.456s] Invoked command in '/home/ros2/dev_ws/build/ros2srrc_iiwa_gazebo' returned '0': CMAKE_PREFIX_PATH=/opt/ros/humble /usr/bin/cmake /home/ros2/dev_ws/src/ros2_SimRealRobotControl/packages/iiwa/ros2srrc_iiwa_gazebo -DAMENT_CMAKE_SYMLINK_INSTALL=1 -DCMAKE_INSTALL_PREFIX=/home/ros2/dev_ws/install/ros2srrc_iiwa_gazebo
[2.457s] Invoking command in '/home/ros2/dev_ws/build/ros2srrc_iiwa_gazebo': CMAKE_PREFIX_PATH=/opt/ros/humble /usr/bin/cmake --build /home/ros2/dev_ws/build/ros2srrc_iiwa_gazebo -- -j16 -l16
[5.781s] Invoked command in '/home/ros2/dev_ws/build/ros2srrc_iiwa_gazebo' returned '0': CMAKE_PREFIX_PATH=/opt/ros/humble /usr/bin/cmake --build /home/ros2/dev_ws/build/ros2srrc_iiwa_gazebo -- -j16 -l16
[5.790s] Invoking command in '/home/ros2/dev_ws/build/ros2srrc_iiwa_gazebo': CMAKE_PREFIX_PATH=/opt/ros/humble /usr/bin/cmake --install /home/ros2/dev_ws/build/ros2srrc_iiwa_gazebo
[5.847s] -- Install configuration: ""
[5.847s] -- Execute custom install script
[5.847s] -- Symlinking: /home/ros2/dev_ws/install/ros2srrc_iiwa_gazebo/share/ros2srrc_iiwa_gazebo/config/configurations.yaml
[5.850s] -- Symlinking: /home/ros2/dev_ws/install/ros2srrc_iiwa_gazebo/share/ros2srrc_iiwa_gazebo/urdf/iiwa.urdf.xacro
[5.850s] -- Symlinking: /home/ros2/dev_ws/install/ros2srrc_iiwa_gazebo/share/ros2srrc_iiwa_gazebo/urdf/iiwa_robotiq_2f85.urdf.xacro
[5.862s] -- Symlinking: /home/ros2/dev_ws/install/ros2srrc_iiwa_gazebo/share/ros2srrc_iiwa_gazebo/worlds/ros2srrc_iiwa.world
[5.881s] -- Symlinking: /home/ros2/dev_ws/install/ros2srrc_iiwa_gazebo/share/ament_index/resource_index/package_run_dependencies/ros2srrc_iiwa_gazebo
[5.916s] -- Symlinking: /home/ros2/dev_ws/install/ros2srrc_iiwa_gazebo/share/ament_index/resource_index/parent_prefix_path/ros2srrc_iiwa_gazebo
[5.937s] -- Symlinking: /home/ros2/dev_ws/install/ros2srrc_iiwa_gazebo/share/ros2srrc_iiwa_gazebo/environment/ament_prefix_path.sh
[5.983s] -- Symlinking: /home/ros2/dev_ws/install/ros2srrc_iiwa_gazebo/share/ros2srrc_iiwa_gazebo/environment/ament_prefix_path.dsv
[6.003s] -- Symlinking: /home/ros2/dev_ws/install/ros2srrc_iiwa_gazebo/share/ros2srrc_iiwa_gazebo/environment/path.sh
[6.038s] -- Symlinking: /home/ros2/dev_ws/install/ros2srrc_iiwa_gazebo/share/ros2srrc_iiwa_gazebo/environment/path.dsv
[6.066s] -- Symlinking: /home/ros2/dev_ws/install/ros2srrc_iiwa_gazebo/share/ros2srrc_iiwa_gazebo/local_setup.bash
[6.098s] -- Symlinking: /home/ros2/dev_ws/install/ros2srrc_iiwa_gazebo/share/ros2srrc_iiwa_gazebo/local_setup.sh
[6.112s] -- Symlinking: /home/ros2/dev_ws/install/ros2srrc_iiwa_gazebo/share/ros2srrc_iiwa_gazebo/local_setup.zsh
[6.134s] -- Symlinking: /home/ros2/dev_ws/install/ros2srrc_iiwa_gazebo/share/ros2srrc_iiwa_gazebo/local_setup.dsv
[6.152s] -- Symlinking: /home/ros2/dev_ws/install/ros2srrc_iiwa_gazebo/share/ros2srrc_iiwa_gazebo/package.dsv
[6.179s] -- Symlinking: /home/ros2/dev_ws/install/ros2srrc_iiwa_gazebo/share/ament_index/resource_index/packages/ros2srrc_iiwa_gazebo
[6.198s] -- Symlinking: /home/ros2/dev_ws/install/ros2srrc_iiwa_gazebo/share/ros2srrc_iiwa_gazebo/cmake/ros2srrc_iiwa_gazeboConfig.cmake
[6.218s] -- Symlinking: /home/ros2/dev_ws/install/ros2srrc_iiwa_gazebo/share/ros2srrc_iiwa_gazebo/cmake/ros2srrc_iiwa_gazeboConfig-version.cmake
[6.238s] -- Symlinking: /home/ros2/dev_ws/install/ros2srrc_iiwa_gazebo/share/ros2srrc_iiwa_gazebo/package.xml
[6.278s] Invoked command in '/home/ros2/dev_ws/build/ros2srrc_iiwa_gazebo' returned '0': CMAKE_PREFIX_PATH=/opt/ros/humble /usr/bin/cmake --install /home/ros2/dev_ws/build/ros2srrc_iiwa_gazebo
