[0.069s] Invoking command in '/home/ros2/dev_ws/build/abb_egm_rws_managers': CMAKE_MODULE_PATH=/home/ros2/dev_ws/install/abb_librws/share/abb_librws/cmake CMAKE_PREFIX_PATH=/home/ros2/dev_ws/install/abb_librws:/home/ros2/dev_ws/install/abb_libegm:/opt/ros/humble LD_LIBRARY_PATH=/home/ros2/dev_ws/install/abb_librws/lib:/home/ros2/dev_ws/install/abb_libegm/lib:${LD_LIBRARY_PATH} PKG_CONFIG_PATH=/home/ros2/dev_ws/install/abb_librws/lib/x86_64-linux-gnu/pkgconfig:/home/ros2/dev_ws/install/abb_librws/lib/pkgconfig:/home/ros2/dev_ws/install/abb_libegm/lib/x86_64-linux-gnu/pkgconfig:/home/ros2/dev_ws/install/abb_libegm/lib/pkgconfig /usr/bin/cmake /home/ros2/dev_ws/src/ABBDriver/abb_egm_rws_managers -DCMAKE_INSTALL_PREFIX=/home/ros2/dev_ws/install/abb_egm_rws_managers
[0.390s] -- The CXX compiler identification is GNU 11.4.0
[0.390s] -- Detecting CXX compiler ABI info
[0.470s] -- Detecting CXX compiler ABI info - done
[0.496s] -- Check for working CXX compiler: /usr/bin/c++ - skipped
[0.496s] -- Detecting CXX compile features
[0.496s] -- Detecting CXX compile features - done
[0.497s] -- Looking for C++ include pthread.h
[0.738s] -- Looking for C++ include pthread.h - found
[0.738s] -- Performing Test CMAKE_HAVE_LIBC_PTHREAD
[0.901s] -- Performing Test CMAKE_HAVE_LIBC_PTHREAD - Success
[0.901s] -- Found Threads: TRUE  
[0.936s] -- Found Boost: /usr/lib/x86_64-linux-gnu/cmake/Boost-1.74.0/BoostConfig.cmake (found version "1.74.0") found components: regex system thread 
[0.936s] -- Searching for Poco library...
[0.952s] --   Found Poco!
[0.952s] -- components found: Foundation, Net, Util, XML.
[0.974s] -- Found Protobuf: /usr/lib/x86_64-linux-gnu/libprotobuf.so (found version "3.12.4") 
[0.978s] -- Generating protobuf C++ for: proto/robot_controller_description.proto
[0.978s] -- abb_egm_rws_managers: Defaulting build type to RelWithDebInfo
[0.978s] -- Performing Test COMPILER_HAS_HIDDEN_VISIBILITY
[1.102s] -- Performing Test COMPILER_HAS_HIDDEN_VISIBILITY - Success
[1.102s] -- Performing Test COMPILER_HAS_HIDDEN_INLINE_VISIBILITY
[1.271s] -- Performing Test COMPILER_HAS_HIDDEN_INLINE_VISIBILITY - Success
[1.272s] -- Performing Test COMPILER_HAS_DEPRECATED_ATTR
[1.456s] -- Performing Test COMPILER_HAS_DEPRECATED_ATTR - Success
[1.467s] -- Configuring done
[1.473s] -- Generating done
[1.486s] -- Build files have been written to: /home/ros2/dev_ws/build/abb_egm_rws_managers
[1.497s] Invoked command in '/home/ros2/dev_ws/build/abb_egm_rws_managers' returned '0': CMAKE_MODULE_PATH=/home/ros2/dev_ws/install/abb_librws/share/abb_librws/cmake CMAKE_PREFIX_PATH=/home/ros2/dev_ws/install/abb_librws:/home/ros2/dev_ws/install/abb_libegm:/opt/ros/humble LD_LIBRARY_PATH=/home/ros2/dev_ws/install/abb_librws/lib:/home/ros2/dev_ws/install/abb_libegm/lib:${LD_LIBRARY_PATH} PKG_CONFIG_PATH=/home/ros2/dev_ws/install/abb_librws/lib/x86_64-linux-gnu/pkgconfig:/home/ros2/dev_ws/install/abb_librws/lib/pkgconfig:/home/ros2/dev_ws/install/abb_libegm/lib/x86_64-linux-gnu/pkgconfig:/home/ros2/dev_ws/install/abb_libegm/lib/pkgconfig /usr/bin/cmake /home/ros2/dev_ws/src/ABBDriver/abb_egm_rws_managers -DCMAKE_INSTALL_PREFIX=/home/ros2/dev_ws/install/abb_egm_rws_managers
[1.506s] Invoking command in '/home/ros2/dev_ws/build/abb_egm_rws_managers': CMAKE_MODULE_PATH=/home/ros2/dev_ws/install/abb_librws/share/abb_librws/cmake CMAKE_PREFIX_PATH=/home/ros2/dev_ws/install/abb_librws:/home/ros2/dev_ws/install/abb_libegm:/opt/ros/humble LD_LIBRARY_PATH=/home/ros2/dev_ws/install/abb_librws/lib:/home/ros2/dev_ws/install/abb_libegm/lib:${LD_LIBRARY_PATH} PKG_CONFIG_PATH=/home/ros2/dev_ws/install/abb_librws/lib/x86_64-linux-gnu/pkgconfig:/home/ros2/dev_ws/install/abb_librws/lib/pkgconfig:/home/ros2/dev_ws/install/abb_libegm/lib/x86_64-linux-gnu/pkgconfig:/home/ros2/dev_ws/install/abb_libegm/lib/pkgconfig /usr/bin/cmake --build /home/ros2/dev_ws/build/abb_egm_rws_managers -- -j16 -l16
[2.790s] [ 14%] [34m[1mRunning cpp protocol buffer compiler on proto/robot_controller_description.proto[0m
[2.790s] [ 28%] [32mBuilding CXX object CMakeFiles/abb_egm_rws_managers.dir/src/egm_manager.cpp.o[0m
[2.791s] [ 42%] [32mBuilding CXX object CMakeFiles/abb_egm_rws_managers.dir/src/rws_manager.cpp.o[0m
[2.791s] [ 57%] [32mBuilding CXX object CMakeFiles/abb_egm_rws_managers.dir/src/system_data_parser.cpp.o[0m
[2.791s] [ 71%] [32mBuilding CXX object CMakeFiles/abb_egm_rws_managers.dir/src/utilities.cpp.o[0m
[2.791s] [ 85%] [32mBuilding CXX object CMakeFiles/abb_egm_rws_managers.dir/robot_controller_description.pb.cc.o[0m
[26.738s] [100%] [32m[1mLinking CXX shared library libabb_egm_rws_managers.so[0m
[27.027s] [100%] Built target abb_egm_rws_managers
[27.039s] Invoked command in '/home/ros2/dev_ws/build/abb_egm_rws_managers' returned '0': CMAKE_MODULE_PATH=/home/ros2/dev_ws/install/abb_librws/share/abb_librws/cmake CMAKE_PREFIX_PATH=/home/ros2/dev_ws/install/abb_librws:/home/ros2/dev_ws/install/abb_libegm:/opt/ros/humble LD_LIBRARY_PATH=/home/ros2/dev_ws/install/abb_librws/lib:/home/ros2/dev_ws/install/abb_libegm/lib:${LD_LIBRARY_PATH} PKG_CONFIG_PATH=/home/ros2/dev_ws/install/abb_librws/lib/x86_64-linux-gnu/pkgconfig:/home/ros2/dev_ws/install/abb_librws/lib/pkgconfig:/home/ros2/dev_ws/install/abb_libegm/lib/x86_64-linux-gnu/pkgconfig:/home/ros2/dev_ws/install/abb_libegm/lib/pkgconfig /usr/bin/cmake --build /home/ros2/dev_ws/build/abb_egm_rws_managers -- -j16 -l16
[27.040s] Invoking command in '/home/ros2/dev_ws/build/abb_egm_rws_managers': CMAKE_MODULE_PATH=/home/ros2/dev_ws/install/abb_librws/share/abb_librws/cmake CMAKE_PREFIX_PATH=/home/ros2/dev_ws/install/abb_librws:/home/ros2/dev_ws/install/abb_libegm:/opt/ros/humble LD_LIBRARY_PATH=/home/ros2/dev_ws/install/abb_librws/lib:/home/ros2/dev_ws/install/abb_libegm/lib:${LD_LIBRARY_PATH} PKG_CONFIG_PATH=/home/ros2/dev_ws/install/abb_librws/lib/x86_64-linux-gnu/pkgconfig:/home/ros2/dev_ws/install/abb_librws/lib/pkgconfig:/home/ros2/dev_ws/install/abb_libegm/lib/x86_64-linux-gnu/pkgconfig:/home/ros2/dev_ws/install/abb_libegm/lib/pkgconfig /usr/bin/cmake --install /home/ros2/dev_ws/build/abb_egm_rws_managers
[27.047s] -- Install configuration: "RelWithDebInfo"
[27.047s] -- Installing: /home/ros2/dev_ws/install/abb_egm_rws_managers/include
[27.048s] -- Installing: /home/ros2/dev_ws/install/abb_egm_rws_managers/include/abb_egm_rws_managers
[27.048s] -- Installing: /home/ros2/dev_ws/install/abb_egm_rws_managers/include/abb_egm_rws_managers/egm_manager.h
[27.048s] -- Installing: /home/ros2/dev_ws/install/abb_egm_rws_managers/include/abb_egm_rws_managers/system_data_parser.h
[27.048s] -- Installing: /home/ros2/dev_ws/install/abb_egm_rws_managers/include/abb_egm_rws_managers/rws_manager.h
[27.048s] -- Installing: /home/ros2/dev_ws/install/abb_egm_rws_managers/include/abb_egm_rws_managers/data_containers.h
[27.048s] -- Installing: /home/ros2/dev_ws/install/abb_egm_rws_managers/include/abb_egm_rws_managers/utilities.h
[27.048s] -- Installing: /home/ros2/dev_ws/install/abb_egm_rws_managers/include/abb_egm_rws_managers/robot_controller_description.proto
[27.048s] -- Installing: /home/ros2/dev_ws/install/abb_egm_rws_managers/include/abb_egm_rws_managers/robot_controller_description.pb.h
[27.048s] -- Installing: /home/ros2/dev_ws/install/abb_egm_rws_managers/include/abb_egm_rws_managers/abb_egm_rws_managers_export.h
[27.048s] -- Installing: /home/ros2/dev_ws/install/abb_egm_rws_managers/share/abb_egm_rws_managers/abb_egm_rws_managersConfig.cmake
[27.048s] -- Installing: /home/ros2/dev_ws/install/abb_egm_rws_managers/share/abb_egm_rws_managers/abb_egm_rws_managersConfigVersion.cmake
[27.049s] -- Installing: /home/ros2/dev_ws/install/abb_egm_rws_managers/share/abb_egm_rws_managers/package.xml
[27.049s] -- Installing: /home/ros2/dev_ws/install/abb_egm_rws_managers/lib/libabb_egm_rws_managers.so
[27.057s] -- Set runtime path of "/home/ros2/dev_ws/install/abb_egm_rws_managers/lib/libabb_egm_rws_managers.so" to ""
[27.057s] -- Installing: /home/ros2/dev_ws/install/abb_egm_rws_managers/share/abb_egm_rws_managers/abb_egm_rws_managersTargets.cmake
[27.057s] -- Installing: /home/ros2/dev_ws/install/abb_egm_rws_managers/share/abb_egm_rws_managers/abb_egm_rws_managersTargets-relwithdebinfo.cmake
[27.060s] Invoked command in '/home/ros2/dev_ws/build/abb_egm_rws_managers' returned '0': CMAKE_MODULE_PATH=/home/ros2/dev_ws/install/abb_librws/share/abb_librws/cmake CMAKE_PREFIX_PATH=/home/ros2/dev_ws/install/abb_librws:/home/ros2/dev_ws/install/abb_libegm:/opt/ros/humble LD_LIBRARY_PATH=/home/ros2/dev_ws/install/abb_librws/lib:/home/ros2/dev_ws/install/abb_libegm/lib:${LD_LIBRARY_PATH} PKG_CONFIG_PATH=/home/ros2/dev_ws/install/abb_librws/lib/x86_64-linux-gnu/pkgconfig:/home/ros2/dev_ws/install/abb_librws/lib/pkgconfig:/home/ros2/dev_ws/install/abb_libegm/lib/x86_64-linux-gnu/pkgconfig:/home/ros2/dev_ws/install/abb_libegm/lib/pkgconfig /usr/bin/cmake --install /home/ros2/dev_ws/build/abb_egm_rws_managers
