[0.051s] Invoking command in '/home/ros2/dev_ws/build/ros2srrc_data': CMAKE_PREFIX_PATH=${CMAKE_PREFIX_PATH}:/opt/ros/humble /usr/bin/cmake /home/ros2/dev_ws/src/ros2_SimRealRobotControl/ros2srrc_data -DAMENT_CMAKE_SYMLINK_INSTALL=1 -DCMAKE_INSTALL_PREFIX=/home/ros2/dev_ws/install/ros2srrc_data
[0.994s] -- The C compiler identification is GNU 11.4.0
[0.994s] -- The CXX compiler identification is GNU 11.4.0
[0.995s] -- Detecting C compiler ABI info
[0.995s] -- Detecting C compiler ABI info - done
[0.995s] -- Check for working C compiler: /usr/bin/cc - skipped
[0.995s] -- Detecting C compile features
[0.995s] -- Detecting C compile features - done
[0.995s] -- Detecting CXX compiler ABI info
[0.996s] -- Detecting CXX compiler ABI info - done
[0.996s] -- Check for working CXX compiler: /usr/bin/c++ - skipped
[0.996s] -- Detecting CXX compile features
[0.996s] -- Detecting CXX compile features - done
[0.996s] -- Found ament_cmake: 1.3.11 (/opt/ros/humble/share/ament_cmake/cmake)
[0.996s] -- Found Python3: /usr/bin/python3 (found version "3.10.12") found components: Interpreter 
[0.996s] -- Override CMake install command with custom implementation using symlinks instead of copying resources
[0.996s] -- Found ament_lint_auto: 0.12.12 (/opt/ros/humble/share/ament_lint_auto/cmake)
[1.042s] -- Found rosidl_default_generators: 1.2.0 (/opt/ros/humble/share/rosidl_default_generators/cmake)
[1.067s] -- Using all available rosidl_typesupport_c: rosidl_typesupport_fastrtps_c;rosidl_typesupport_introspection_c
[1.085s] -- Found rosidl_adapter: 3.1.6 (/opt/ros/humble/share/rosidl_adapter/cmake)
[1.138s] -- Using all available rosidl_typesupport_cpp: rosidl_typesupport_fastrtps_cpp;rosidl_typesupport_introspection_cpp
[1.953s] -- Found ament_cmake_ros: 0.10.0 (/opt/ros/humble/share/ament_cmake_ros/cmake)
[2.448s] -- Using all available rosidl_typesupport_c: rosidl_typesupport_fastrtps_c;rosidl_typesupport_introspection_c
[3.154s] -- Using all available rosidl_typesupport_cpp: rosidl_typesupport_fastrtps_cpp;rosidl_typesupport_introspection_cpp
[3.234s] -- Found PythonInterp: /usr/bin/python3 (found suitable version "3.10.12", minimum required is "3.6") 
[3.234s] -- Found python_cmake_module: 0.10.0 (/opt/ros/humble/share/python_cmake_module/cmake)
[3.326s] -- Found PythonLibs: /usr/lib/x86_64-linux-gnu/libpython3.10.so (found suitable version "3.10.12", minimum required is "3.5") 
[3.327s] -- Using PYTHON_EXECUTABLE: /usr/bin/python3
[3.327s] -- Using PYTHON_INCLUDE_DIRS: /usr/include/python3.10
[3.327s] -- Using PYTHON_LIBRARIES: /usr/lib/x86_64-linux-gnu/libpython3.10.so
[3.377s] -- Found PythonExtra: .so  
[3.628s] -- Added test 'copyright' to check source files copyright and LICENSE
[3.628s] -- Added test 'lint_cmake' to check CMake code style
[3.630s] -- Added test 'xmllint' to check XML markup files
[3.670s] -- Configuring done
[3.790s] -- Generating done
[3.810s] -- Build files have been written to: /home/ros2/dev_ws/build/ros2srrc_data
[3.920s] Invoked command in '/home/ros2/dev_ws/build/ros2srrc_data' returned '0': CMAKE_PREFIX_PATH=${CMAKE_PREFIX_PATH}:/opt/ros/humble /usr/bin/cmake /home/ros2/dev_ws/src/ros2_SimRealRobotControl/ros2srrc_data -DAMENT_CMAKE_SYMLINK_INSTALL=1 -DCMAKE_INSTALL_PREFIX=/home/ros2/dev_ws/install/ros2srrc_data
[3.921s] Invoking command in '/home/ros2/dev_ws/build/ros2srrc_data': CMAKE_PREFIX_PATH=${CMAKE_PREFIX_PATH}:/opt/ros/humble /usr/bin/cmake --build /home/ros2/dev_ws/build/ros2srrc_data -- -j16 -l16
[6.365s] [  1%] [34m[1mGenerating C code for ROS interfaces[0m
[6.365s] [  1%] [34m[1mGenerating C++ code for ROS interfaces[0m
[6.366s] [  1%] Built target ament_cmake_python_symlink_ros2srrc_data
[6.366s] running egg_info
[6.366s] creating ros2srrc_data.egg-info
[6.366s] writing ros2srrc_data.egg-info/PKG-INFO
[6.366s] writing dependency_links to ros2srrc_data.egg-info/dependency_links.txt
[6.366s] writing top-level names to ros2srrc_data.egg-info/top_level.txt
[6.366s] writing manifest file 'ros2srrc_data.egg-info/SOURCES.txt'
[6.366s] reading manifest file 'ros2srrc_data.egg-info/SOURCES.txt'
[6.368s] writing manifest file 'ros2srrc_data.egg-info/SOURCES.txt'
[6.368s] [  1%] Built target ament_cmake_python_build_ros2srrc_data_egg
[8.067s] [  2%] [32mBuilding C object CMakeFiles/ros2srrc_data__rosidl_generator_c.dir/rosidl_generator_c/ros2srrc_data/msg/detail/xyz__functions.c.o[0m
[8.068s] [  3%] [32mBuilding C object CMakeFiles/ros2srrc_data__rosidl_generator_c.dir/rosidl_generator_c/ros2srrc_data/msg/detail/specs__functions.c.o[0m
[8.080s] [  4%] [32mBuilding C object CMakeFiles/ros2srrc_data__rosidl_generator_c.dir/rosidl_generator_c/ros2srrc_data/msg/detail/joints__functions.c.o[0m
[8.081s] [  4%] [32mBuilding C object CMakeFiles/ros2srrc_data__rosidl_generator_c.dir/rosidl_generator_c/ros2srrc_data/msg/detail/robmove__functions.c.o[0m
[8.081s] [  5%] [32mBuilding C object CMakeFiles/ros2srrc_data__rosidl_generator_c.dir/rosidl_generator_c/ros2srrc_data/msg/detail/xyzypr__functions.c.o[0m
[8.087s] [  4%] [32mBuilding C object CMakeFiles/ros2srrc_data__rosidl_generator_c.dir/rosidl_generator_c/ros2srrc_data/msg/detail/ypr__functions.c.o[0m
[8.095s] [  7%] [32mBuilding C object CMakeFiles/ros2srrc_data__rosidl_generator_c.dir/rosidl_generator_c/ros2srrc_data/msg/detail/linkattacher__functions.c.o[0m
[8.095s] [  7%] [32mBuilding C object CMakeFiles/ros2srrc_data__rosidl_generator_c.dir/rosidl_generator_c/ros2srrc_data/msg/detail/robpose__functions.c.o[0m
[8.095s] [  8%] [32mBuilding C object CMakeFiles/ros2srrc_data__rosidl_generator_c.dir/rosidl_generator_c/ros2srrc_data/msg/detail/joint__functions.c.o[0m
[8.101s] [  9%] [32mBuilding C object CMakeFiles/ros2srrc_data__rosidl_generator_c.dir/rosidl_generator_c/ros2srrc_data/msg/detail/action__functions.c.o[0m
[8.114s] [ 10%] [32mBuilding C object CMakeFiles/ros2srrc_data__rosidl_generator_c.dir/rosidl_generator_c/ros2srrc_data/action/detail/robmove__functions.c.o[0m
[8.123s] [ 11%] [32mBuilding C object CMakeFiles/ros2srrc_data__rosidl_generator_c.dir/rosidl_generator_c/ros2srrc_data/action/detail/sequence__functions.c.o[0m
[8.124s] [ 11%] [32mBuilding C object CMakeFiles/ros2srrc_data__rosidl_generator_c.dir/rosidl_generator_c/ros2srrc_data/action/detail/move__functions.c.o[0m
[8.530s] [ 12%] [32m[1mLinking C shared library libros2srrc_data__rosidl_generator_c.so[0m
[8.694s] [ 12%] Built target ros2srrc_data__rosidl_generator_c
[8.725s] [ 13%] [34m[1mGenerating C type support for eProsima Fast-RTPS[0m
[8.735s] [ 14%] [34m[1mGenerating C introspection for ROS interfaces[0m
[8.751s] [ 15%] [34m[1mGenerating C type support dispatch for ROS interfaces[0m
[11.565s] [ 15%] Built target ros2srrc_data__cpp
[11.604s] [ 16%] [34m[1mGenerating C++ type support dispatch for ROS interfaces[0m
[11.643s] [ 16%] [34m[1mGenerating C++ introspection for ROS interfaces[0m
[11.643s] [ 17%] [34m[1mGenerating C++ type support for eProsima Fast-RTPS[0m
[13.275s] [ 17%] [32mBuilding CXX object CMakeFiles/ros2srrc_data__rosidl_typesupport_c.dir/rosidl_typesupport_c/ros2srrc_data/msg/specs__type_support.cpp.o[0m
[13.284s] [ 18%] [32mBuilding CXX object CMakeFiles/ros2srrc_data__rosidl_typesupport_c.dir/rosidl_typesupport_c/ros2srrc_data/msg/robmove__type_support.cpp.o[0m
[13.290s] [ 19%] [32mBuilding CXX object CMakeFiles/ros2srrc_data__rosidl_typesupport_c.dir/rosidl_typesupport_c/ros2srrc_data/msg/joints__type_support.cpp.o[0m
[13.298s] [ 19%] [32mBuilding CXX object CMakeFiles/ros2srrc_data__rosidl_typesupport_c.dir/rosidl_typesupport_c/ros2srrc_data/msg/xyzypr__type_support.cpp.o[0m
[13.305s] [ 21%] [32mBuilding CXX object CMakeFiles/ros2srrc_data__rosidl_typesupport_c.dir/rosidl_typesupport_c/ros2srrc_data/msg/joint__type_support.cpp.o[0m
[13.307s] [ 21%] [32mBuilding CXX object CMakeFiles/ros2srrc_data__rosidl_typesupport_c.dir/rosidl_typesupport_c/ros2srrc_data/msg/ypr__type_support.cpp.o[0m
[13.312s] [ 22%] [32mBuilding CXX object CMakeFiles/ros2srrc_data__rosidl_typesupport_c.dir/rosidl_typesupport_c/ros2srrc_data/msg/robpose__type_support.cpp.o[0m
[13.321s] [ 23%] [32mBuilding CXX object CMakeFiles/ros2srrc_data__rosidl_typesupport_c.dir/rosidl_typesupport_c/ros2srrc_data/msg/xyz__type_support.cpp.o[0m
[13.333s] [ 24%] [32mBuilding CXX object CMakeFiles/ros2srrc_data__rosidl_typesupport_c.dir/rosidl_typesupport_c/ros2srrc_data/msg/linkattacher__type_support.cpp.o[0m
[13.349s] [ 25%] [32mBuilding CXX object CMakeFiles/ros2srrc_data__rosidl_typesupport_c.dir/rosidl_typesupport_c/ros2srrc_data/msg/action__type_support.cpp.o[0m
[13.349s] [ 25%] [32mBuilding CXX object CMakeFiles/ros2srrc_data__rosidl_typesupport_c.dir/rosidl_typesupport_c/ros2srrc_data/action/move__type_support.cpp.o[0m
[13.395s] [ 26%] [32mBuilding CXX object CMakeFiles/ros2srrc_data__rosidl_typesupport_c.dir/rosidl_typesupport_c/ros2srrc_data/action/sequence__type_support.cpp.o[0m
[13.405s] [ 27%] [32mBuilding CXX object CMakeFiles/ros2srrc_data__rosidl_typesupport_c.dir/rosidl_typesupport_c/ros2srrc_data/action/robmove__type_support.cpp.o[0m
[13.601s] [ 28%] [32m[1mLinking CXX shared library libros2srrc_data__rosidl_typesupport_c.so[0m
[13.737s] [ 28%] Built target ros2srrc_data__rosidl_typesupport_c
[14.282s] [ 29%] [32mBuilding C object CMakeFiles/ros2srrc_data__rosidl_typesupport_introspection_c.dir/rosidl_typesupport_introspection_c/ros2srrc_data/msg/detail/robmove__type_support.c.o[0m
[14.287s] [ 29%] [32mBuilding C object CMakeFiles/ros2srrc_data__rosidl_typesupport_introspection_c.dir/rosidl_typesupport_introspection_c/ros2srrc_data/msg/detail/joint__type_support.c.o[0m
[14.290s] [ 30%] [32mBuilding C object CMakeFiles/ros2srrc_data__rosidl_typesupport_introspection_c.dir/rosidl_typesupport_introspection_c/ros2srrc_data/msg/detail/specs__type_support.c.o[0m
[14.325s] [ 31%] [32mBuilding C object CMakeFiles/ros2srrc_data__rosidl_typesupport_introspection_c.dir/rosidl_typesupport_introspection_c/ros2srrc_data/msg/detail/joints__type_support.c.o[0m
[14.325s] [ 31%] [32mBuilding C object CMakeFiles/ros2srrc_data__rosidl_typesupport_introspection_c.dir/rosidl_typesupport_introspection_c/ros2srrc_data/msg/detail/action__type_support.c.o[0m
[14.325s] [ 32%] [32mBuilding C object CMakeFiles/ros2srrc_data__rosidl_typesupport_introspection_c.dir/rosidl_typesupport_introspection_c/ros2srrc_data/msg/detail/xyz__type_support.c.o[0m
[14.331s] [ 33%] [32mBuilding C object CMakeFiles/ros2srrc_data__rosidl_typesupport_introspection_c.dir/rosidl_typesupport_introspection_c/ros2srrc_data/msg/detail/ypr__type_support.c.o[0m
[14.356s] [ 34%] [32mBuilding C object CMakeFiles/ros2srrc_data__rosidl_typesupport_introspection_c.dir/rosidl_typesupport_introspection_c/ros2srrc_data/msg/detail/xyzypr__type_support.c.o[0m
[14.362s] [ 35%] [32mBuilding C object CMakeFiles/ros2srrc_data__rosidl_typesupport_introspection_c.dir/rosidl_typesupport_introspection_c/ros2srrc_data/action/detail/sequence__type_support.c.o[0m
[14.362s] [ 36%] [32mBuilding C object CMakeFiles/ros2srrc_data__rosidl_typesupport_introspection_c.dir/rosidl_typesupport_introspection_c/ros2srrc_data/action/detail/move__type_support.c.o[0m
[14.424s] [ 37%] [32mBuilding C object CMakeFiles/ros2srrc_data__rosidl_typesupport_introspection_c.dir/rosidl_typesupport_introspection_c/ros2srrc_data/msg/detail/linkattacher__type_support.c.o[0m
[14.431s] [ 38%] [32mBuilding C object CMakeFiles/ros2srrc_data__rosidl_typesupport_introspection_c.dir/rosidl_typesupport_introspection_c/ros2srrc_data/msg/detail/robpose__type_support.c.o[0m
[14.431s] [ 38%] [32mBuilding C object CMakeFiles/ros2srrc_data__rosidl_typesupport_introspection_c.dir/rosidl_typesupport_introspection_c/ros2srrc_data/action/detail/robmove__type_support.c.o[0m
[14.640s] [ 39%] [32m[1mLinking C shared library libros2srrc_data__rosidl_typesupport_introspection_c.so[0m
[14.812s] [ 39%] Built target ros2srrc_data__rosidl_typesupport_introspection_c
[15.106s] [ 40%] [32mBuilding CXX object CMakeFiles/ros2srrc_data__rosidl_typesupport_cpp.dir/rosidl_typesupport_cpp/ros2srrc_data/msg/specs__type_support.cpp.o[0m
[15.114s] [ 41%] [32mBuilding CXX object CMakeFiles/ros2srrc_data__rosidl_typesupport_cpp.dir/rosidl_typesupport_cpp/ros2srrc_data/msg/robmove__type_support.cpp.o[0m
[15.132s] [ 42%] [32mBuilding CXX object CMakeFiles/ros2srrc_data__rosidl_typesupport_cpp.dir/rosidl_typesupport_cpp/ros2srrc_data/msg/joints__type_support.cpp.o[0m
[15.142s] [ 43%] [32mBuilding CXX object CMakeFiles/ros2srrc_data__rosidl_typesupport_cpp.dir/rosidl_typesupport_cpp/ros2srrc_data/msg/xyz__type_support.cpp.o[0m
[15.163s] [ 43%] [32mBuilding CXX object CMakeFiles/ros2srrc_data__rosidl_typesupport_cpp.dir/rosidl_typesupport_cpp/ros2srrc_data/msg/joint__type_support.cpp.o[0m
[15.166s] [ 44%] [32mBuilding CXX object CMakeFiles/ros2srrc_data__rosidl_typesupport_cpp.dir/rosidl_typesupport_cpp/ros2srrc_data/msg/linkattacher__type_support.cpp.o[0m
[15.167s] [ 45%] [32mBuilding CXX object CMakeFiles/ros2srrc_data__rosidl_typesupport_cpp.dir/rosidl_typesupport_cpp/ros2srrc_data/msg/xyzypr__type_support.cpp.o[0m
[15.171s] [ 45%] [32mBuilding CXX object CMakeFiles/ros2srrc_data__rosidl_typesupport_cpp.dir/rosidl_typesupport_cpp/ros2srrc_data/action/robmove__type_support.cpp.o[0m
[15.192s] [ 46%] [32mBuilding CXX object CMakeFiles/ros2srrc_data__rosidl_typesupport_cpp.dir/rosidl_typesupport_cpp/ros2srrc_data/msg/robpose__type_support.cpp.o[0m
[15.193s] [ 47%] [32mBuilding CXX object CMakeFiles/ros2srrc_data__rosidl_typesupport_cpp.dir/rosidl_typesupport_cpp/ros2srrc_data/action/sequence__type_support.cpp.o[0m
[15.198s] [ 48%] [32mBuilding CXX object CMakeFiles/ros2srrc_data__rosidl_typesupport_cpp.dir/rosidl_typesupport_cpp/ros2srrc_data/action/move__type_support.cpp.o[0m
[15.202s] [ 49%] [32mBuilding CXX object CMakeFiles/ros2srrc_data__rosidl_typesupport_cpp.dir/rosidl_typesupport_cpp/ros2srrc_data/msg/ypr__type_support.cpp.o[0m
[15.212s] [ 49%] [32mBuilding CXX object CMakeFiles/ros2srrc_data__rosidl_typesupport_cpp.dir/rosidl_typesupport_cpp/ros2srrc_data/msg/action__type_support.cpp.o[0m
[16.145s] [ 50%] [32mBuilding CXX object CMakeFiles/ros2srrc_data__rosidl_typesupport_fastrtps_c.dir/rosidl_typesupport_fastrtps_c/ros2srrc_data/msg/detail/specs__type_support_c.cpp.o[0m
[16.223s] [ 51%] [32mBuilding CXX object CMakeFiles/ros2srrc_data__rosidl_typesupport_fastrtps_c.dir/rosidl_typesupport_fastrtps_c/ros2srrc_data/msg/detail/joint__type_support_c.cpp.o[0m
[16.238s] [ 53%] [32mBuilding CXX object CMakeFiles/ros2srrc_data__rosidl_typesupport_fastrtps_c.dir/rosidl_typesupport_fastrtps_c/ros2srrc_data/msg/detail/joints__type_support_c.cpp.o[0m
[16.238s] [ 53%] [32mBuilding CXX object CMakeFiles/ros2srrc_data__rosidl_typesupport_fastrtps_c.dir/rosidl_typesupport_fastrtps_c/ros2srrc_data/msg/detail/xyz__type_support_c.cpp.o[0m
[16.238s] [ 54%] [32mBuilding CXX object CMakeFiles/ros2srrc_data__rosidl_typesupport_fastrtps_c.dir/rosidl_typesupport_fastrtps_c/ros2srrc_data/msg/detail/xyzypr__type_support_c.cpp.o[0m
[16.253s] [ 54%] [32mBuilding CXX object CMakeFiles/ros2srrc_data__rosidl_typesupport_fastrtps_c.dir/rosidl_typesupport_fastrtps_c/ros2srrc_data/msg/detail/robmove__type_support_c.cpp.o[0m
[16.306s] [ 54%] [32mBuilding CXX object CMakeFiles/ros2srrc_data__rosidl_typesupport_fastrtps_c.dir/rosidl_typesupport_fastrtps_c/ros2srrc_data/msg/detail/ypr__type_support_c.cpp.o[0m
[16.319s] [ 55%] [32mBuilding CXX object CMakeFiles/ros2srrc_data__rosidl_typesupport_fastrtps_cpp.dir/rosidl_typesupport_fastrtps_cpp/ros2srrc_data/msg/detail/dds_fastrtps/specs__type_support.cpp.o[0m
[16.527s] [ 56%] [32mBuilding CXX object CMakeFiles/ros2srrc_data__rosidl_typesupport_fastrtps_cpp.dir/rosidl_typesupport_fastrtps_cpp/ros2srrc_data/msg/detail/dds_fastrtps/robmove__type_support.cpp.o[0m
[16.727s] [ 57%] [32mBuilding CXX object CMakeFiles/ros2srrc_data__rosidl_typesupport_fastrtps_c.dir/rosidl_typesupport_fastrtps_c/ros2srrc_data/msg/detail/action__type_support_c.cpp.o[0m
[16.975s] [ 58%] [32mBuilding CXX object CMakeFiles/ros2srrc_data__rosidl_typesupport_fastrtps_c.dir/rosidl_typesupport_fastrtps_c/ros2srrc_data/msg/detail/linkattacher__type_support_c.cpp.o[0m
[16.996s] [ 59%] [32mBuilding CXX object CMakeFiles/ros2srrc_data__rosidl_typesupport_fastrtps_c.dir/rosidl_typesupport_fastrtps_c/ros2srrc_data/msg/detail/robpose__type_support_c.cpp.o[0m
[17.010s] [ 60%] [32mBuilding CXX object CMakeFiles/ros2srrc_data__rosidl_typesupport_fastrtps_c.dir/rosidl_typesupport_fastrtps_c/ros2srrc_data/action/detail/move__type_support_c.cpp.o[0m
[17.010s] [ 61%] [32mBuilding CXX object CMakeFiles/ros2srrc_data__rosidl_typesupport_fastrtps_cpp.dir/rosidl_typesupport_fastrtps_cpp/ros2srrc_data/msg/detail/dds_fastrtps/joint__type_support.cpp.o[0m
[17.010s] [ 62%] [32m[1mLinking CXX shared library libros2srrc_data__rosidl_typesupport_cpp.so[0m
[17.142s] [ 62%] Built target ros2srrc_data__rosidl_typesupport_cpp
[17.180s] [ 62%] [32mBuilding CXX object CMakeFiles/ros2srrc_data__rosidl_typesupport_fastrtps_c.dir/rosidl_typesupport_fastrtps_c/ros2srrc_data/action/detail/sequence__type_support_c.cpp.o[0m
[17.192s] [ 62%] [32mBuilding CXX object CMakeFiles/ros2srrc_data__rosidl_typesupport_fastrtps_cpp.dir/rosidl_typesupport_fastrtps_cpp/ros2srrc_data/msg/detail/dds_fastrtps/joints__type_support.cpp.o[0m
[17.294s] [ 63%] [32mBuilding CXX object CMakeFiles/ros2srrc_data__rosidl_typesupport_fastrtps_c.dir/rosidl_typesupport_fastrtps_c/ros2srrc_data/action/detail/robmove__type_support_c.cpp.o[0m
[17.419s] [ 64%] [32mBuilding CXX object CMakeFiles/ros2srrc_data__rosidl_typesupport_fastrtps_cpp.dir/rosidl_typesupport_fastrtps_cpp/ros2srrc_data/msg/detail/dds_fastrtps/xyz__type_support.cpp.o[0m
[17.517s] [ 65%] [32mBuilding CXX object CMakeFiles/ros2srrc_data__rosidl_typesupport_fastrtps_cpp.dir/rosidl_typesupport_fastrtps_cpp/ros2srrc_data/msg/detail/dds_fastrtps/xyzypr__type_support.cpp.o[0m
[17.625s] [ 66%] [32mBuilding CXX object CMakeFiles/ros2srrc_data__rosidl_typesupport_fastrtps_cpp.dir/rosidl_typesupport_fastrtps_cpp/ros2srrc_data/msg/detail/dds_fastrtps/ypr__type_support.cpp.o[0m
[17.682s] [ 67%] [32mBuilding CXX object CMakeFiles/ros2srrc_data__rosidl_typesupport_fastrtps_cpp.dir/rosidl_typesupport_fastrtps_cpp/ros2srrc_data/msg/detail/dds_fastrtps/action__type_support.cpp.o[0m
[17.717s] [ 68%] [32mBuilding CXX object CMakeFiles/ros2srrc_data__rosidl_typesupport_introspection_cpp.dir/rosidl_typesupport_introspection_cpp/ros2srrc_data/msg/detail/specs__type_support.cpp.o[0m
[17.789s] [ 68%] [32mBuilding CXX object CMakeFiles/ros2srrc_data__rosidl_typesupport_fastrtps_cpp.dir/rosidl_typesupport_fastrtps_cpp/ros2srrc_data/msg/detail/dds_fastrtps/linkattacher__type_support.cpp.o[0m
[17.830s] [ 69%] [32mBuilding CXX object CMakeFiles/ros2srrc_data__rosidl_typesupport_fastrtps_cpp.dir/rosidl_typesupport_fastrtps_cpp/ros2srrc_data/msg/detail/dds_fastrtps/robpose__type_support.cpp.o[0m
[17.847s] [ 71%] [32mBuilding CXX object CMakeFiles/ros2srrc_data__rosidl_typesupport_introspection_cpp.dir/rosidl_typesupport_introspection_cpp/ros2srrc_data/msg/detail/robmove__type_support.cpp.o[0m
[17.847s] [ 71%] [32mBuilding CXX object CMakeFiles/ros2srrc_data__rosidl_typesupport_introspection_cpp.dir/rosidl_typesupport_introspection_cpp/ros2srrc_data/msg/detail/joint__type_support.cpp.o[0m
[17.947s] [ 72%] [32mBuilding CXX object CMakeFiles/ros2srrc_data__rosidl_typesupport_fastrtps_cpp.dir/rosidl_typesupport_fastrtps_cpp/ros2srrc_data/action/detail/dds_fastrtps/sequence__type_support.cpp.o[0m
[17.953s] [ 73%] [32mBuilding CXX object CMakeFiles/ros2srrc_data__rosidl_typesupport_fastrtps_cpp.dir/rosidl_typesupport_fastrtps_cpp/ros2srrc_data/action/detail/dds_fastrtps/move__type_support.cpp.o[0m
[18.416s] [ 74%] [32mBuilding CXX object CMakeFiles/ros2srrc_data__rosidl_typesupport_fastrtps_cpp.dir/rosidl_typesupport_fastrtps_cpp/ros2srrc_data/action/detail/dds_fastrtps/robmove__type_support.cpp.o[0m
[18.452s] [ 75%] [32mBuilding CXX object CMakeFiles/ros2srrc_data__rosidl_typesupport_introspection_cpp.dir/rosidl_typesupport_introspection_cpp/ros2srrc_data/msg/detail/joints__type_support.cpp.o[0m
[18.529s] [ 75%] [32mBuilding CXX object CMakeFiles/ros2srrc_data__rosidl_typesupport_introspection_cpp.dir/rosidl_typesupport_introspection_cpp/ros2srrc_data/msg/detail/xyz__type_support.cpp.o[0m
[18.756s] [ 76%] [32mBuilding CXX object CMakeFiles/ros2srrc_data__rosidl_typesupport_introspection_cpp.dir/rosidl_typesupport_introspection_cpp/ros2srrc_data/msg/detail/xyzypr__type_support.cpp.o[0m
[18.779s] [ 77%] [32mBuilding CXX object CMakeFiles/ros2srrc_data__rosidl_typesupport_introspection_cpp.dir/rosidl_typesupport_introspection_cpp/ros2srrc_data/msg/detail/ypr__type_support.cpp.o[0m
[18.799s] [ 78%] [32mBuilding CXX object CMakeFiles/ros2srrc_data__rosidl_typesupport_introspection_cpp.dir/rosidl_typesupport_introspection_cpp/ros2srrc_data/msg/detail/action__type_support.cpp.o[0m
[18.931s] [ 79%] [32m[1mLinking CXX shared library libros2srrc_data__rosidl_typesupport_fastrtps_c.so[0m
[19.146s] [ 80%] [32mBuilding CXX object CMakeFiles/ros2srrc_data__rosidl_typesupport_introspection_cpp.dir/rosidl_typesupport_introspection_cpp/ros2srrc_data/msg/detail/linkattacher__type_support.cpp.o[0m
[19.303s] [ 80%] [32mBuilding CXX object CMakeFiles/ros2srrc_data__rosidl_typesupport_introspection_cpp.dir/rosidl_typesupport_introspection_cpp/ros2srrc_data/msg/detail/robpose__type_support.cpp.o[0m
[19.400s] [ 80%] Built target ros2srrc_data__rosidl_typesupport_fastrtps_c
[19.409s] [ 81%] [32mBuilding CXX object CMakeFiles/ros2srrc_data__rosidl_typesupport_introspection_cpp.dir/rosidl_typesupport_introspection_cpp/ros2srrc_data/action/detail/move__type_support.cpp.o[0m
[19.421s] [ 82%] [32mBuilding CXX object CMakeFiles/ros2srrc_data__rosidl_typesupport_introspection_cpp.dir/rosidl_typesupport_introspection_cpp/ros2srrc_data/action/detail/sequence__type_support.cpp.o[0m
[19.432s] [ 83%] [32mBuilding CXX object CMakeFiles/ros2srrc_data__rosidl_typesupport_introspection_cpp.dir/rosidl_typesupport_introspection_cpp/ros2srrc_data/action/detail/robmove__type_support.cpp.o[0m
[20.102s] [ 83%] [32m[1mLinking CXX shared library libros2srrc_data__rosidl_typesupport_fastrtps_cpp.so[0m
[20.344s] [ 83%] Built target ros2srrc_data__rosidl_typesupport_fastrtps_cpp
[20.895s] [ 84%] [32m[1mLinking CXX shared library libros2srrc_data__rosidl_typesupport_introspection_cpp.so[0m
[21.077s] [ 84%] Built target ros2srrc_data__rosidl_typesupport_introspection_cpp
[21.116s] [ 84%] Built target ros2srrc_data
[21.144s] [ 85%] [34m[1mGenerating Python code for ROS interfaces[0m
[28.678s] [ 85%] Built target ros2srrc_data__py
[28.732s] [ 86%] [32mBuilding C object CMakeFiles/ros2srrc_data__rosidl_generator_py.dir/rosidl_generator_py/ros2srrc_data/msg/_specs_s.c.o[0m
[28.907s] [ 87%] [32mBuilding C object CMakeFiles/ros2srrc_data__rosidl_generator_py.dir/rosidl_generator_py/ros2srrc_data/action/_robmove_s.c.o[0m
[29.237s] [ 87%] [32mBuilding C object CMakeFiles/ros2srrc_data__rosidl_generator_py.dir/rosidl_generator_py/ros2srrc_data/action/_sequence_s.c.o[0m
[29.517s] [ 88%] [32mBuilding C object CMakeFiles/ros2srrc_data__rosidl_generator_py.dir/rosidl_generator_py/ros2srrc_data/action/_move_s.c.o[0m
[29.722s] [ 89%] [32mBuilding C object CMakeFiles/ros2srrc_data__rosidl_generator_py.dir/rosidl_generator_py/ros2srrc_data/msg/_robpose_s.c.o[0m
[29.845s] [ 90%] [32mBuilding C object CMakeFiles/ros2srrc_data__rosidl_generator_py.dir/rosidl_generator_py/ros2srrc_data/msg/_linkattacher_s.c.o[0m
[30.001s] [ 91%] [32mBuilding C object CMakeFiles/ros2srrc_data__rosidl_generator_py.dir/rosidl_generator_py/ros2srrc_data/msg/_action_s.c.o[0m
[30.154s] [ 91%] [32mBuilding C object CMakeFiles/ros2srrc_data__rosidl_generator_py.dir/rosidl_generator_py/ros2srrc_data/msg/_ypr_s.c.o[0m
[30.289s] [ 92%] [32mBuilding C object CMakeFiles/ros2srrc_data__rosidl_generator_py.dir/rosidl_generator_py/ros2srrc_data/msg/_xyzypr_s.c.o[0m
[30.433s] [ 93%] [32mBuilding C object CMakeFiles/ros2srrc_data__rosidl_generator_py.dir/rosidl_generator_py/ros2srrc_data/msg/_xyz_s.c.o[0m
[30.584s] [ 94%] [32mBuilding C object CMakeFiles/ros2srrc_data__rosidl_generator_py.dir/rosidl_generator_py/ros2srrc_data/msg/_joints_s.c.o[0m
[30.722s] [ 95%] [32mBuilding C object CMakeFiles/ros2srrc_data__rosidl_generator_py.dir/rosidl_generator_py/ros2srrc_data/msg/_joint_s.c.o[0m
[30.874s] [ 95%] [32mBuilding C object CMakeFiles/ros2srrc_data__rosidl_generator_py.dir/rosidl_generator_py/ros2srrc_data/msg/_robmove_s.c.o[0m
[31.006s] [ 96%] [32m[1mLinking C shared library rosidl_generator_py/ros2srrc_data/libros2srrc_data__rosidl_generator_py.so[0m
[31.092s] [ 96%] Built target ros2srrc_data__rosidl_generator_py
[31.127s] [ 97%] [32mBuilding C object CMakeFiles/ros2srrc_data__rosidl_typesupport_fastrtps_c__pyext.dir/rosidl_generator_py/ros2srrc_data/_ros2srrc_data_s.ep.rosidl_typesupport_fastrtps_c.c.o[0m
[31.414s] [ 97%] [32m[1mLinking C shared library rosidl_generator_py/ros2srrc_data/ros2srrc_data_s__rosidl_typesupport_fastrtps_c.cpython-310-x86_64-linux-gnu.so[0m
[31.466s] [ 97%] Built target ros2srrc_data__rosidl_typesupport_fastrtps_c__pyext
[31.495s] [ 98%] [32mBuilding C object CMakeFiles/ros2srrc_data__rosidl_typesupport_c__pyext.dir/rosidl_generator_py/ros2srrc_data/_ros2srrc_data_s.ep.rosidl_typesupport_c.c.o[0m
[31.759s] [ 98%] [32m[1mLinking C shared library rosidl_generator_py/ros2srrc_data/ros2srrc_data_s__rosidl_typesupport_c.cpython-310-x86_64-linux-gnu.so[0m
[31.841s] [ 98%] Built target ros2srrc_data__rosidl_typesupport_c__pyext
[31.880s] [ 99%] [32mBuilding C object CMakeFiles/ros2srrc_data__rosidl_typesupport_introspection_c__pyext.dir/rosidl_generator_py/ros2srrc_data/_ros2srrc_data_s.ep.rosidl_typesupport_introspection_c.c.o[0m
[32.176s] [100%] [32m[1mLinking C shared library rosidl_generator_py/ros2srrc_data/ros2srrc_data_s__rosidl_typesupport_introspection_c.cpython-310-x86_64-linux-gnu.so[0m
[32.244s] [100%] Built target ros2srrc_data__rosidl_typesupport_introspection_c__pyext
[32.269s] Invoked command in '/home/ros2/dev_ws/build/ros2srrc_data' returned '0': CMAKE_PREFIX_PATH=${CMAKE_PREFIX_PATH}:/opt/ros/humble /usr/bin/cmake --build /home/ros2/dev_ws/build/ros2srrc_data -- -j16 -l16
[32.270s] Invoking command in '/home/ros2/dev_ws/build/ros2srrc_data': CMAKE_PREFIX_PATH=${CMAKE_PREFIX_PATH}:/opt/ros/humble /usr/bin/cmake --install /home/ros2/dev_ws/build/ros2srrc_data
[32.280s] -- Install configuration: ""
[32.280s] -- Execute custom install script
[32.283s] -- Symlinking: /home/ros2/dev_ws/install/ros2srrc_data/share/ros2srrc_data/action/Move.action
[32.296s] -- Symlinking: /home/ros2/dev_ws/install/ros2srrc_data/share/ros2srrc_data/action/Robmove.action
[32.309s] -- Symlinking: /home/ros2/dev_ws/install/ros2srrc_data/share/ros2srrc_data/action/Sequence.action
[32.321s] -- Symlinking: /home/ros2/dev_ws/install/ros2srrc_data/share/ros2srrc_data/msg/Action.msg
[32.337s] -- Symlinking: /home/ros2/dev_ws/install/ros2srrc_data/share/ros2srrc_data/msg/Joint.msg
[32.352s] -- Symlinking: /home/ros2/dev_ws/install/ros2srrc_data/share/ros2srrc_data/msg/Joints.msg
[32.365s] -- Symlinking: /home/ros2/dev_ws/install/ros2srrc_data/share/ros2srrc_data/msg/Linkattacher.msg
[32.379s] -- Symlinking: /home/ros2/dev_ws/install/ros2srrc_data/share/ros2srrc_data/msg/Robmove.msg
[32.393s] -- Symlinking: /home/ros2/dev_ws/install/ros2srrc_data/share/ros2srrc_data/msg/Robpose.msg
[32.406s] -- Symlinking: /home/ros2/dev_ws/install/ros2srrc_data/share/ros2srrc_data/msg/Specs.msg
[32.420s] -- Symlinking: /home/ros2/dev_ws/install/ros2srrc_data/share/ros2srrc_data/msg/Xyz.msg
[32.434s] -- Symlinking: /home/ros2/dev_ws/install/ros2srrc_data/share/ros2srrc_data/msg/Xyzypr.msg
[32.452s] -- Symlinking: /home/ros2/dev_ws/install/ros2srrc_data/share/ros2srrc_data/msg/Ypr.msg
[32.470s] -- Symlinking: /home/ros2/dev_ws/install/ros2srrc_data/share/ament_index/resource_index/rosidl_interfaces/ros2srrc_data
[32.483s] -- Symlinking: /home/ros2/dev_ws/install/ros2srrc_data/include/ros2srrc_data/ros2srrc_data/action/detail/move__functions.h
[32.496s] -- Symlinking: /home/ros2/dev_ws/install/ros2srrc_data/include/ros2srrc_data/ros2srrc_data/action/detail/move__struct.h
[32.512s] -- Symlinking: /home/ros2/dev_ws/install/ros2srrc_data/include/ros2srrc_data/ros2srrc_data/action/detail/move__type_support.h
[32.528s] -- Symlinking: /home/ros2/dev_ws/install/ros2srrc_data/include/ros2srrc_data/ros2srrc_data/action/detail/robmove__functions.h
[32.542s] -- Symlinking: /home/ros2/dev_ws/install/ros2srrc_data/include/ros2srrc_data/ros2srrc_data/action/detail/robmove__struct.h
[32.557s] -- Symlinking: /home/ros2/dev_ws/install/ros2srrc_data/include/ros2srrc_data/ros2srrc_data/action/detail/robmove__type_support.h
[32.571s] -- Symlinking: /home/ros2/dev_ws/install/ros2srrc_data/include/ros2srrc_data/ros2srrc_data/action/detail/sequence__functions.h
[32.583s] -- Symlinking: /home/ros2/dev_ws/install/ros2srrc_data/include/ros2srrc_data/ros2srrc_data/action/detail/sequence__struct.h
[32.596s] -- Symlinking: /home/ros2/dev_ws/install/ros2srrc_data/include/ros2srrc_data/ros2srrc_data/action/detail/sequence__type_support.h
[32.612s] -- Symlinking: /home/ros2/dev_ws/install/ros2srrc_data/include/ros2srrc_data/ros2srrc_data/action/move.h
[32.623s] -- Symlinking: /home/ros2/dev_ws/install/ros2srrc_data/include/ros2srrc_data/ros2srrc_data/action/robmove.h
[32.638s] -- Symlinking: /home/ros2/dev_ws/install/ros2srrc_data/include/ros2srrc_data/ros2srrc_data/action/sequence.h
[32.655s] -- Symlinking: /home/ros2/dev_ws/install/ros2srrc_data/include/ros2srrc_data/ros2srrc_data/msg/action.h
[32.670s] -- Symlinking: /home/ros2/dev_ws/install/ros2srrc_data/include/ros2srrc_data/ros2srrc_data/msg/detail/action__functions.h
[32.689s] -- Symlinking: /home/ros2/dev_ws/install/ros2srrc_data/include/ros2srrc_data/ros2srrc_data/msg/detail/action__struct.h
[32.705s] -- Symlinking: /home/ros2/dev_ws/install/ros2srrc_data/include/ros2srrc_data/ros2srrc_data/msg/detail/action__type_support.h
[32.721s] -- Symlinking: /home/ros2/dev_ws/install/ros2srrc_data/include/ros2srrc_data/ros2srrc_data/msg/detail/joint__functions.h
[32.741s] -- Symlinking: /home/ros2/dev_ws/install/ros2srrc_data/include/ros2srrc_data/ros2srrc_data/msg/detail/joint__struct.h
[32.754s] -- Symlinking: /home/ros2/dev_ws/install/ros2srrc_data/include/ros2srrc_data/ros2srrc_data/msg/detail/joint__type_support.h
[32.770s] -- Symlinking: /home/ros2/dev_ws/install/ros2srrc_data/include/ros2srrc_data/ros2srrc_data/msg/detail/joints__functions.h
[32.787s] -- Symlinking: /home/ros2/dev_ws/install/ros2srrc_data/include/ros2srrc_data/ros2srrc_data/msg/detail/joints__struct.h
[32.801s] -- Symlinking: /home/ros2/dev_ws/install/ros2srrc_data/include/ros2srrc_data/ros2srrc_data/msg/detail/joints__type_support.h
[32.813s] -- Symlinking: /home/ros2/dev_ws/install/ros2srrc_data/include/ros2srrc_data/ros2srrc_data/msg/detail/linkattacher__functions.h
[32.827s] -- Symlinking: /home/ros2/dev_ws/install/ros2srrc_data/include/ros2srrc_data/ros2srrc_data/msg/detail/linkattacher__struct.h
[32.847s] -- Symlinking: /home/ros2/dev_ws/install/ros2srrc_data/include/ros2srrc_data/ros2srrc_data/msg/detail/linkattacher__type_support.h
[32.864s] -- Symlinking: /home/ros2/dev_ws/install/ros2srrc_data/include/ros2srrc_data/ros2srrc_data/msg/detail/robmove__functions.h
[32.879s] -- Symlinking: /home/ros2/dev_ws/install/ros2srrc_data/include/ros2srrc_data/ros2srrc_data/msg/detail/robmove__struct.h
[32.897s] -- Symlinking: /home/ros2/dev_ws/install/ros2srrc_data/include/ros2srrc_data/ros2srrc_data/msg/detail/robmove__type_support.h
[32.912s] -- Symlinking: /home/ros2/dev_ws/install/ros2srrc_data/include/ros2srrc_data/ros2srrc_data/msg/detail/robpose__functions.h
[32.929s] -- Symlinking: /home/ros2/dev_ws/install/ros2srrc_data/include/ros2srrc_data/ros2srrc_data/msg/detail/robpose__struct.h
[32.947s] -- Symlinking: /home/ros2/dev_ws/install/ros2srrc_data/include/ros2srrc_data/ros2srrc_data/msg/detail/robpose__type_support.h
[32.965s] -- Symlinking: /home/ros2/dev_ws/install/ros2srrc_data/include/ros2srrc_data/ros2srrc_data/msg/detail/specs__functions.h
[32.978s] -- Symlinking: /home/ros2/dev_ws/install/ros2srrc_data/include/ros2srrc_data/ros2srrc_data/msg/detail/specs__struct.h
[32.994s] -- Symlinking: /home/ros2/dev_ws/install/ros2srrc_data/include/ros2srrc_data/ros2srrc_data/msg/detail/specs__type_support.h
[33.010s] -- Symlinking: /home/ros2/dev_ws/install/ros2srrc_data/include/ros2srrc_data/ros2srrc_data/msg/detail/xyz__functions.h
[33.024s] -- Symlinking: /home/ros2/dev_ws/install/ros2srrc_data/include/ros2srrc_data/ros2srrc_data/msg/detail/xyz__struct.h
[33.038s] -- Symlinking: /home/ros2/dev_ws/install/ros2srrc_data/include/ros2srrc_data/ros2srrc_data/msg/detail/xyz__type_support.h
[33.055s] -- Symlinking: /home/ros2/dev_ws/install/ros2srrc_data/include/ros2srrc_data/ros2srrc_data/msg/detail/xyzypr__functions.h
[33.067s] -- Symlinking: /home/ros2/dev_ws/install/ros2srrc_data/include/ros2srrc_data/ros2srrc_data/msg/detail/xyzypr__struct.h
[33.084s] -- Symlinking: /home/ros2/dev_ws/install/ros2srrc_data/include/ros2srrc_data/ros2srrc_data/msg/detail/xyzypr__type_support.h
[33.098s] -- Symlinking: /home/ros2/dev_ws/install/ros2srrc_data/include/ros2srrc_data/ros2srrc_data/msg/detail/ypr__functions.h
[33.111s] -- Symlinking: /home/ros2/dev_ws/install/ros2srrc_data/include/ros2srrc_data/ros2srrc_data/msg/detail/ypr__struct.h
[33.127s] -- Symlinking: /home/ros2/dev_ws/install/ros2srrc_data/include/ros2srrc_data/ros2srrc_data/msg/detail/ypr__type_support.h
[33.139s] -- Symlinking: /home/ros2/dev_ws/install/ros2srrc_data/include/ros2srrc_data/ros2srrc_data/msg/joint.h
[33.155s] -- Symlinking: /home/ros2/dev_ws/install/ros2srrc_data/include/ros2srrc_data/ros2srrc_data/msg/joints.h
[33.170s] -- Symlinking: /home/ros2/dev_ws/install/ros2srrc_data/include/ros2srrc_data/ros2srrc_data/msg/linkattacher.h
[33.182s] -- Symlinking: /home/ros2/dev_ws/install/ros2srrc_data/include/ros2srrc_data/ros2srrc_data/msg/robmove.h
[33.199s] -- Symlinking: /home/ros2/dev_ws/install/ros2srrc_data/include/ros2srrc_data/ros2srrc_data/msg/robpose.h
[33.213s] -- Symlinking: /home/ros2/dev_ws/install/ros2srrc_data/include/ros2srrc_data/ros2srrc_data/msg/rosidl_generator_c__visibility_control.h
[33.230s] -- Symlinking: /home/ros2/dev_ws/install/ros2srrc_data/include/ros2srrc_data/ros2srrc_data/msg/specs.h
[33.245s] -- Symlinking: /home/ros2/dev_ws/install/ros2srrc_data/include/ros2srrc_data/ros2srrc_data/msg/xyz.h
[33.258s] -- Symlinking: /home/ros2/dev_ws/install/ros2srrc_data/include/ros2srrc_data/ros2srrc_data/msg/xyzypr.h
[33.270s] -- Symlinking: /home/ros2/dev_ws/install/ros2srrc_data/include/ros2srrc_data/ros2srrc_data/msg/ypr.h
[33.281s] -- Symlinking: /home/ros2/dev_ws/install/ros2srrc_data/share/ros2srrc_data/environment/library_path.sh
[33.296s] -- Symlinking: /home/ros2/dev_ws/install/ros2srrc_data/share/ros2srrc_data/environment/library_path.dsv
[33.308s] -- Symlinking: /home/ros2/dev_ws/install/ros2srrc_data/include/ros2srrc_data/ros2srrc_data/action/detail/move__rosidl_typesupport_fastrtps_c.h
[33.318s] -- Symlinking: /home/ros2/dev_ws/install/ros2srrc_data/include/ros2srrc_data/ros2srrc_data/action/detail/robmove__rosidl_typesupport_fastrtps_c.h
[33.331s] -- Symlinking: /home/ros2/dev_ws/install/ros2srrc_data/include/ros2srrc_data/ros2srrc_data/action/detail/sequence__rosidl_typesupport_fastrtps_c.h
[33.344s] -- Symlinking: /home/ros2/dev_ws/install/ros2srrc_data/include/ros2srrc_data/ros2srrc_data/msg/detail/action__rosidl_typesupport_fastrtps_c.h
[33.356s] -- Symlinking: /home/ros2/dev_ws/install/ros2srrc_data/include/ros2srrc_data/ros2srrc_data/msg/detail/joint__rosidl_typesupport_fastrtps_c.h
[33.374s] -- Symlinking: /home/ros2/dev_ws/install/ros2srrc_data/include/ros2srrc_data/ros2srrc_data/msg/detail/joints__rosidl_typesupport_fastrtps_c.h
[33.388s] -- Symlinking: /home/ros2/dev_ws/install/ros2srrc_data/include/ros2srrc_data/ros2srrc_data/msg/detail/linkattacher__rosidl_typesupport_fastrtps_c.h
[33.400s] -- Symlinking: /home/ros2/dev_ws/install/ros2srrc_data/include/ros2srrc_data/ros2srrc_data/msg/detail/robmove__rosidl_typesupport_fastrtps_c.h
[33.416s] -- Symlinking: /home/ros2/dev_ws/install/ros2srrc_data/include/ros2srrc_data/ros2srrc_data/msg/detail/robpose__rosidl_typesupport_fastrtps_c.h
[33.437s] -- Symlinking: /home/ros2/dev_ws/install/ros2srrc_data/include/ros2srrc_data/ros2srrc_data/msg/detail/specs__rosidl_typesupport_fastrtps_c.h
[33.452s] -- Symlinking: /home/ros2/dev_ws/install/ros2srrc_data/include/ros2srrc_data/ros2srrc_data/msg/detail/xyz__rosidl_typesupport_fastrtps_c.h
[33.470s] -- Symlinking: /home/ros2/dev_ws/install/ros2srrc_data/include/ros2srrc_data/ros2srrc_data/msg/detail/xyzypr__rosidl_typesupport_fastrtps_c.h
[33.483s] -- Symlinking: /home/ros2/dev_ws/install/ros2srrc_data/include/ros2srrc_data/ros2srrc_data/msg/detail/ypr__rosidl_typesupport_fastrtps_c.h
[33.499s] -- Symlinking: /home/ros2/dev_ws/install/ros2srrc_data/include/ros2srrc_data/ros2srrc_data/msg/rosidl_typesupport_fastrtps_c__visibility_control.h
[33.514s] -- Symlinking: /home/ros2/dev_ws/install/ros2srrc_data/include/ros2srrc_data/ros2srrc_data/action/detail/move__rosidl_typesupport_introspection_c.h
[33.528s] -- Symlinking: /home/ros2/dev_ws/install/ros2srrc_data/include/ros2srrc_data/ros2srrc_data/action/detail/robmove__rosidl_typesupport_introspection_c.h
[33.541s] -- Symlinking: /home/ros2/dev_ws/install/ros2srrc_data/include/ros2srrc_data/ros2srrc_data/action/detail/sequence__rosidl_typesupport_introspection_c.h
[33.557s] -- Symlinking: /home/ros2/dev_ws/install/ros2srrc_data/include/ros2srrc_data/ros2srrc_data/msg/detail/action__rosidl_typesupport_introspection_c.h
[33.577s] -- Symlinking: /home/ros2/dev_ws/install/ros2srrc_data/include/ros2srrc_data/ros2srrc_data/msg/detail/joint__rosidl_typesupport_introspection_c.h
[33.595s] -- Symlinking: /home/ros2/dev_ws/install/ros2srrc_data/include/ros2srrc_data/ros2srrc_data/msg/detail/joints__rosidl_typesupport_introspection_c.h
[33.612s] -- Symlinking: /home/ros2/dev_ws/install/ros2srrc_data/include/ros2srrc_data/ros2srrc_data/msg/detail/linkattacher__rosidl_typesupport_introspection_c.h
[33.626s] -- Symlinking: /home/ros2/dev_ws/install/ros2srrc_data/include/ros2srrc_data/ros2srrc_data/msg/detail/robmove__rosidl_typesupport_introspection_c.h
[33.638s] -- Symlinking: /home/ros2/dev_ws/install/ros2srrc_data/include/ros2srrc_data/ros2srrc_data/msg/detail/robpose__rosidl_typesupport_introspection_c.h
[33.655s] -- Symlinking: /home/ros2/dev_ws/install/ros2srrc_data/include/ros2srrc_data/ros2srrc_data/msg/detail/specs__rosidl_typesupport_introspection_c.h
[33.672s] -- Symlinking: /home/ros2/dev_ws/install/ros2srrc_data/include/ros2srrc_data/ros2srrc_data/msg/detail/xyz__rosidl_typesupport_introspection_c.h
[33.688s] -- Symlinking: /home/ros2/dev_ws/install/ros2srrc_data/include/ros2srrc_data/ros2srrc_data/msg/detail/xyzypr__rosidl_typesupport_introspection_c.h
[33.700s] -- Symlinking: /home/ros2/dev_ws/install/ros2srrc_data/include/ros2srrc_data/ros2srrc_data/msg/detail/ypr__rosidl_typesupport_introspection_c.h
[33.710s] -- Symlinking: /home/ros2/dev_ws/install/ros2srrc_data/include/ros2srrc_data/ros2srrc_data/msg/rosidl_typesupport_introspection_c__visibility_control.h
[33.723s] -- Symlinking: /home/ros2/dev_ws/install/ros2srrc_data/include/ros2srrc_data/ros2srrc_data/action/detail/move__builder.hpp
[33.736s] -- Symlinking: /home/ros2/dev_ws/install/ros2srrc_data/include/ros2srrc_data/ros2srrc_data/action/detail/move__struct.hpp
[33.750s] -- Symlinking: /home/ros2/dev_ws/install/ros2srrc_data/include/ros2srrc_data/ros2srrc_data/action/detail/move__traits.hpp
[33.770s] -- Symlinking: /home/ros2/dev_ws/install/ros2srrc_data/include/ros2srrc_data/ros2srrc_data/action/detail/move__type_support.hpp
[33.782s] -- Symlinking: /home/ros2/dev_ws/install/ros2srrc_data/include/ros2srrc_data/ros2srrc_data/action/detail/robmove__builder.hpp
[33.796s] -- Symlinking: /home/ros2/dev_ws/install/ros2srrc_data/include/ros2srrc_data/ros2srrc_data/action/detail/robmove__struct.hpp
[33.810s] -- Symlinking: /home/ros2/dev_ws/install/ros2srrc_data/include/ros2srrc_data/ros2srrc_data/action/detail/robmove__traits.hpp
[33.825s] -- Symlinking: /home/ros2/dev_ws/install/ros2srrc_data/include/ros2srrc_data/ros2srrc_data/action/detail/robmove__type_support.hpp
[33.839s] -- Symlinking: /home/ros2/dev_ws/install/ros2srrc_data/include/ros2srrc_data/ros2srrc_data/action/detail/sequence__builder.hpp
[33.858s] -- Symlinking: /home/ros2/dev_ws/install/ros2srrc_data/include/ros2srrc_data/ros2srrc_data/action/detail/sequence__struct.hpp
[33.870s] -- Symlinking: /home/ros2/dev_ws/install/ros2srrc_data/include/ros2srrc_data/ros2srrc_data/action/detail/sequence__traits.hpp
[33.883s] -- Symlinking: /home/ros2/dev_ws/install/ros2srrc_data/include/ros2srrc_data/ros2srrc_data/action/detail/sequence__type_support.hpp
[33.899s] -- Symlinking: /home/ros2/dev_ws/install/ros2srrc_data/include/ros2srrc_data/ros2srrc_data/action/move.hpp
[33.910s] -- Symlinking: /home/ros2/dev_ws/install/ros2srrc_data/include/ros2srrc_data/ros2srrc_data/action/robmove.hpp
[33.927s] -- Symlinking: /home/ros2/dev_ws/install/ros2srrc_data/include/ros2srrc_data/ros2srrc_data/action/sequence.hpp
[33.940s] -- Symlinking: /home/ros2/dev_ws/install/ros2srrc_data/include/ros2srrc_data/ros2srrc_data/msg/action.hpp
[33.954s] -- Symlinking: /home/ros2/dev_ws/install/ros2srrc_data/include/ros2srrc_data/ros2srrc_data/msg/detail/action__builder.hpp
[33.969s] -- Symlinking: /home/ros2/dev_ws/install/ros2srrc_data/include/ros2srrc_data/ros2srrc_data/msg/detail/action__struct.hpp
[33.988s] -- Symlinking: /home/ros2/dev_ws/install/ros2srrc_data/include/ros2srrc_data/ros2srrc_data/msg/detail/action__traits.hpp
[33.999s] -- Symlinking: /home/ros2/dev_ws/install/ros2srrc_data/include/ros2srrc_data/ros2srrc_data/msg/detail/action__type_support.hpp
[34.011s] -- Symlinking: /home/ros2/dev_ws/install/ros2srrc_data/include/ros2srrc_data/ros2srrc_data/msg/detail/joint__builder.hpp
[34.021s] -- Symlinking: /home/ros2/dev_ws/install/ros2srrc_data/include/ros2srrc_data/ros2srrc_data/msg/detail/joint__struct.hpp
[34.031s] -- Symlinking: /home/ros2/dev_ws/install/ros2srrc_data/include/ros2srrc_data/ros2srrc_data/msg/detail/joint__traits.hpp
[34.043s] -- Symlinking: /home/ros2/dev_ws/install/ros2srrc_data/include/ros2srrc_data/ros2srrc_data/msg/detail/joint__type_support.hpp
[34.057s] -- Symlinking: /home/ros2/dev_ws/install/ros2srrc_data/include/ros2srrc_data/ros2srrc_data/msg/detail/joints__builder.hpp
[34.068s] -- Symlinking: /home/ros2/dev_ws/install/ros2srrc_data/include/ros2srrc_data/ros2srrc_data/msg/detail/joints__struct.hpp
[34.080s] -- Symlinking: /home/ros2/dev_ws/install/ros2srrc_data/include/ros2srrc_data/ros2srrc_data/msg/detail/joints__traits.hpp
[34.091s] -- Symlinking: /home/ros2/dev_ws/install/ros2srrc_data/include/ros2srrc_data/ros2srrc_data/msg/detail/joints__type_support.hpp
[34.100s] -- Symlinking: /home/ros2/dev_ws/install/ros2srrc_data/include/ros2srrc_data/ros2srrc_data/msg/detail/linkattacher__builder.hpp
[34.112s] -- Symlinking: /home/ros2/dev_ws/install/ros2srrc_data/include/ros2srrc_data/ros2srrc_data/msg/detail/linkattacher__struct.hpp
[34.124s] -- Symlinking: /home/ros2/dev_ws/install/ros2srrc_data/include/ros2srrc_data/ros2srrc_data/msg/detail/linkattacher__traits.hpp
[34.133s] -- Symlinking: /home/ros2/dev_ws/install/ros2srrc_data/include/ros2srrc_data/ros2srrc_data/msg/detail/linkattacher__type_support.hpp
[34.148s] -- Symlinking: /home/ros2/dev_ws/install/ros2srrc_data/include/ros2srrc_data/ros2srrc_data/msg/detail/robmove__builder.hpp
[34.158s] -- Symlinking: /home/ros2/dev_ws/install/ros2srrc_data/include/ros2srrc_data/ros2srrc_data/msg/detail/robmove__struct.hpp
[34.168s] -- Symlinking: /home/ros2/dev_ws/install/ros2srrc_data/include/ros2srrc_data/ros2srrc_data/msg/detail/robmove__traits.hpp
[34.183s] -- Symlinking: /home/ros2/dev_ws/install/ros2srrc_data/include/ros2srrc_data/ros2srrc_data/msg/detail/robmove__type_support.hpp
[34.197s] -- Symlinking: /home/ros2/dev_ws/install/ros2srrc_data/include/ros2srrc_data/ros2srrc_data/msg/detail/robpose__builder.hpp
[34.211s] -- Symlinking: /home/ros2/dev_ws/install/ros2srrc_data/include/ros2srrc_data/ros2srrc_data/msg/detail/robpose__struct.hpp
[34.222s] -- Symlinking: /home/ros2/dev_ws/install/ros2srrc_data/include/ros2srrc_data/ros2srrc_data/msg/detail/robpose__traits.hpp
[34.234s] -- Symlinking: /home/ros2/dev_ws/install/ros2srrc_data/include/ros2srrc_data/ros2srrc_data/msg/detail/robpose__type_support.hpp
[34.245s] -- Symlinking: /home/ros2/dev_ws/install/ros2srrc_data/include/ros2srrc_data/ros2srrc_data/msg/detail/specs__builder.hpp
[34.256s] -- Symlinking: /home/ros2/dev_ws/install/ros2srrc_data/include/ros2srrc_data/ros2srrc_data/msg/detail/specs__struct.hpp
[34.270s] -- Symlinking: /home/ros2/dev_ws/install/ros2srrc_data/include/ros2srrc_data/ros2srrc_data/msg/detail/specs__traits.hpp
[34.282s] -- Symlinking: /home/ros2/dev_ws/install/ros2srrc_data/include/ros2srrc_data/ros2srrc_data/msg/detail/specs__type_support.hpp
[34.294s] -- Symlinking: /home/ros2/dev_ws/install/ros2srrc_data/include/ros2srrc_data/ros2srrc_data/msg/detail/xyz__builder.hpp
[34.303s] -- Symlinking: /home/ros2/dev_ws/install/ros2srrc_data/include/ros2srrc_data/ros2srrc_data/msg/detail/xyz__struct.hpp
[34.318s] -- Symlinking: /home/ros2/dev_ws/install/ros2srrc_data/include/ros2srrc_data/ros2srrc_data/msg/detail/xyz__traits.hpp
[34.333s] -- Symlinking: /home/ros2/dev_ws/install/ros2srrc_data/include/ros2srrc_data/ros2srrc_data/msg/detail/xyz__type_support.hpp
[34.345s] -- Symlinking: /home/ros2/dev_ws/install/ros2srrc_data/include/ros2srrc_data/ros2srrc_data/msg/detail/xyzypr__builder.hpp
[34.359s] -- Symlinking: /home/ros2/dev_ws/install/ros2srrc_data/include/ros2srrc_data/ros2srrc_data/msg/detail/xyzypr__struct.hpp
[34.377s] -- Symlinking: /home/ros2/dev_ws/install/ros2srrc_data/include/ros2srrc_data/ros2srrc_data/msg/detail/xyzypr__traits.hpp
[34.397s] -- Symlinking: /home/ros2/dev_ws/install/ros2srrc_data/include/ros2srrc_data/ros2srrc_data/msg/detail/xyzypr__type_support.hpp
[34.410s] -- Symlinking: /home/ros2/dev_ws/install/ros2srrc_data/include/ros2srrc_data/ros2srrc_data/msg/detail/ypr__builder.hpp
[34.423s] -- Symlinking: /home/ros2/dev_ws/install/ros2srrc_data/include/ros2srrc_data/ros2srrc_data/msg/detail/ypr__struct.hpp
[34.434s] -- Symlinking: /home/ros2/dev_ws/install/ros2srrc_data/include/ros2srrc_data/ros2srrc_data/msg/detail/ypr__traits.hpp
[34.444s] -- Symlinking: /home/ros2/dev_ws/install/ros2srrc_data/include/ros2srrc_data/ros2srrc_data/msg/detail/ypr__type_support.hpp
[34.454s] -- Symlinking: /home/ros2/dev_ws/install/ros2srrc_data/include/ros2srrc_data/ros2srrc_data/msg/joint.hpp
[34.470s] -- Symlinking: /home/ros2/dev_ws/install/ros2srrc_data/include/ros2srrc_data/ros2srrc_data/msg/joints.hpp
[34.480s] -- Symlinking: /home/ros2/dev_ws/install/ros2srrc_data/include/ros2srrc_data/ros2srrc_data/msg/linkattacher.hpp
[34.489s] -- Symlinking: /home/ros2/dev_ws/install/ros2srrc_data/include/ros2srrc_data/ros2srrc_data/msg/robmove.hpp
[34.503s] -- Symlinking: /home/ros2/dev_ws/install/ros2srrc_data/include/ros2srrc_data/ros2srrc_data/msg/robpose.hpp
[34.514s] -- Symlinking: /home/ros2/dev_ws/install/ros2srrc_data/include/ros2srrc_data/ros2srrc_data/msg/rosidl_generator_cpp__visibility_control.hpp
[34.527s] -- Symlinking: /home/ros2/dev_ws/install/ros2srrc_data/include/ros2srrc_data/ros2srrc_data/msg/specs.hpp
[34.541s] -- Symlinking: /home/ros2/dev_ws/install/ros2srrc_data/include/ros2srrc_data/ros2srrc_data/msg/xyz.hpp
[34.553s] -- Symlinking: /home/ros2/dev_ws/install/ros2srrc_data/include/ros2srrc_data/ros2srrc_data/msg/xyzypr.hpp
[34.568s] -- Symlinking: /home/ros2/dev_ws/install/ros2srrc_data/include/ros2srrc_data/ros2srrc_data/msg/ypr.hpp
[34.580s] -- Symlinking: /home/ros2/dev_ws/install/ros2srrc_data/include/ros2srrc_data/ros2srrc_data/action/detail/move__rosidl_typesupport_fastrtps_cpp.hpp
[34.595s] -- Symlinking: /home/ros2/dev_ws/install/ros2srrc_data/include/ros2srrc_data/ros2srrc_data/action/detail/robmove__rosidl_typesupport_fastrtps_cpp.hpp
[34.608s] -- Symlinking: /home/ros2/dev_ws/install/ros2srrc_data/include/ros2srrc_data/ros2srrc_data/action/detail/sequence__rosidl_typesupport_fastrtps_cpp.hpp
[34.622s] -- Symlinking: /home/ros2/dev_ws/install/ros2srrc_data/include/ros2srrc_data/ros2srrc_data/msg/detail/action__rosidl_typesupport_fastrtps_cpp.hpp
[34.631s] -- Symlinking: /home/ros2/dev_ws/install/ros2srrc_data/include/ros2srrc_data/ros2srrc_data/msg/detail/joint__rosidl_typesupport_fastrtps_cpp.hpp
[34.643s] -- Symlinking: /home/ros2/dev_ws/install/ros2srrc_data/include/ros2srrc_data/ros2srrc_data/msg/detail/joints__rosidl_typesupport_fastrtps_cpp.hpp
[34.656s] -- Symlinking: /home/ros2/dev_ws/install/ros2srrc_data/include/ros2srrc_data/ros2srrc_data/msg/detail/linkattacher__rosidl_typesupport_fastrtps_cpp.hpp
[34.670s] -- Symlinking: /home/ros2/dev_ws/install/ros2srrc_data/include/ros2srrc_data/ros2srrc_data/msg/detail/robmove__rosidl_typesupport_fastrtps_cpp.hpp
[34.684s] -- Symlinking: /home/ros2/dev_ws/install/ros2srrc_data/include/ros2srrc_data/ros2srrc_data/msg/detail/robpose__rosidl_typesupport_fastrtps_cpp.hpp
[34.696s] -- Symlinking: /home/ros2/dev_ws/install/ros2srrc_data/include/ros2srrc_data/ros2srrc_data/msg/detail/specs__rosidl_typesupport_fastrtps_cpp.hpp
[34.706s] -- Symlinking: /home/ros2/dev_ws/install/ros2srrc_data/include/ros2srrc_data/ros2srrc_data/msg/detail/xyz__rosidl_typesupport_fastrtps_cpp.hpp
[34.718s] -- Symlinking: /home/ros2/dev_ws/install/ros2srrc_data/include/ros2srrc_data/ros2srrc_data/msg/detail/xyzypr__rosidl_typesupport_fastrtps_cpp.hpp
[34.732s] -- Symlinking: /home/ros2/dev_ws/install/ros2srrc_data/include/ros2srrc_data/ros2srrc_data/msg/detail/ypr__rosidl_typesupport_fastrtps_cpp.hpp
[34.747s] -- Symlinking: /home/ros2/dev_ws/install/ros2srrc_data/include/ros2srrc_data/ros2srrc_data/msg/rosidl_typesupport_fastrtps_cpp__visibility_control.h
[34.763s] -- Symlinking: /home/ros2/dev_ws/install/ros2srrc_data/include/ros2srrc_data/ros2srrc_data/action/detail/move__rosidl_typesupport_introspection_cpp.hpp
[34.775s] -- Symlinking: /home/ros2/dev_ws/install/ros2srrc_data/include/ros2srrc_data/ros2srrc_data/action/detail/robmove__rosidl_typesupport_introspection_cpp.hpp
[34.787s] -- Symlinking: /home/ros2/dev_ws/install/ros2srrc_data/include/ros2srrc_data/ros2srrc_data/action/detail/sequence__rosidl_typesupport_introspection_cpp.hpp
[34.797s] -- Symlinking: /home/ros2/dev_ws/install/ros2srrc_data/include/ros2srrc_data/ros2srrc_data/msg/detail/action__rosidl_typesupport_introspection_cpp.hpp
[34.806s] -- Symlinking: /home/ros2/dev_ws/install/ros2srrc_data/include/ros2srrc_data/ros2srrc_data/msg/detail/joint__rosidl_typesupport_introspection_cpp.hpp
[34.817s] -- Symlinking: /home/ros2/dev_ws/install/ros2srrc_data/include/ros2srrc_data/ros2srrc_data/msg/detail/joints__rosidl_typesupport_introspection_cpp.hpp
[34.829s] -- Symlinking: /home/ros2/dev_ws/install/ros2srrc_data/include/ros2srrc_data/ros2srrc_data/msg/detail/linkattacher__rosidl_typesupport_introspection_cpp.hpp
[34.845s] -- Symlinking: /home/ros2/dev_ws/install/ros2srrc_data/include/ros2srrc_data/ros2srrc_data/msg/detail/robmove__rosidl_typesupport_introspection_cpp.hpp
[34.860s] -- Symlinking: /home/ros2/dev_ws/install/ros2srrc_data/include/ros2srrc_data/ros2srrc_data/msg/detail/robpose__rosidl_typesupport_introspection_cpp.hpp
[34.870s] -- Symlinking: /home/ros2/dev_ws/install/ros2srrc_data/include/ros2srrc_data/ros2srrc_data/msg/detail/specs__rosidl_typesupport_introspection_cpp.hpp
[34.880s] -- Symlinking: /home/ros2/dev_ws/install/ros2srrc_data/include/ros2srrc_data/ros2srrc_data/msg/detail/xyz__rosidl_typesupport_introspection_cpp.hpp
[34.892s] -- Symlinking: /home/ros2/dev_ws/install/ros2srrc_data/include/ros2srrc_data/ros2srrc_data/msg/detail/xyzypr__rosidl_typesupport_introspection_cpp.hpp
[34.902s] -- Symlinking: /home/ros2/dev_ws/install/ros2srrc_data/include/ros2srrc_data/ros2srrc_data/msg/detail/ypr__rosidl_typesupport_introspection_cpp.hpp
[34.915s] -- Symlinking: /home/ros2/dev_ws/install/ros2srrc_data/share/ros2srrc_data/environment/pythonpath.sh
[34.927s] -- Symlinking: /home/ros2/dev_ws/install/ros2srrc_data/share/ros2srrc_data/environment/pythonpath.dsv
[34.942s] -- Symlinking: /home/ros2/dev_ws/install/ros2srrc_data/local/lib/python3.10/dist-packages/ros2srrc_data-0.0.0-py3.10.egg-info/PKG-INFO
[34.954s] -- Symlinking: /home/ros2/dev_ws/install/ros2srrc_data/local/lib/python3.10/dist-packages/ros2srrc_data-0.0.0-py3.10.egg-info/SOURCES.txt
[34.963s] -- Symlinking: /home/ros2/dev_ws/install/ros2srrc_data/local/lib/python3.10/dist-packages/ros2srrc_data-0.0.0-py3.10.egg-info/dependency_links.txt
[34.975s] -- Symlinking: /home/ros2/dev_ws/install/ros2srrc_data/local/lib/python3.10/dist-packages/ros2srrc_data-0.0.0-py3.10.egg-info/top_level.txt
[34.987s] -- Symlinking: /home/ros2/dev_ws/install/ros2srrc_data/local/lib/python3.10/dist-packages/ros2srrc_data/__init__.py
[35.000s] -- Symlinking: /home/ros2/dev_ws/install/ros2srrc_data/local/lib/python3.10/dist-packages/ros2srrc_data/_ros2srrc_data_s.ep.rosidl_typesupport_c.c
[35.011s] -- Symlinking: /home/ros2/dev_ws/install/ros2srrc_data/local/lib/python3.10/dist-packages/ros2srrc_data/_ros2srrc_data_s.ep.rosidl_typesupport_fastrtps_c.c
[35.022s] -- Symlinking: /home/ros2/dev_ws/install/ros2srrc_data/local/lib/python3.10/dist-packages/ros2srrc_data/_ros2srrc_data_s.ep.rosidl_typesupport_introspection_c.c
[35.035s] -- Symlinking: /home/ros2/dev_ws/install/ros2srrc_data/local/lib/python3.10/dist-packages/ros2srrc_data/action/__init__.py
[35.049s] -- Symlinking: /home/ros2/dev_ws/install/ros2srrc_data/local/lib/python3.10/dist-packages/ros2srrc_data/action/_move.py
[35.061s] -- Symlinking: /home/ros2/dev_ws/install/ros2srrc_data/local/lib/python3.10/dist-packages/ros2srrc_data/action/_move_s.c
[35.075s] -- Symlinking: /home/ros2/dev_ws/install/ros2srrc_data/local/lib/python3.10/dist-packages/ros2srrc_data/action/_robmove.py
[35.085s] -- Symlinking: /home/ros2/dev_ws/install/ros2srrc_data/local/lib/python3.10/dist-packages/ros2srrc_data/action/_robmove_s.c
[35.097s] -- Symlinking: /home/ros2/dev_ws/install/ros2srrc_data/local/lib/python3.10/dist-packages/ros2srrc_data/action/_sequence.py
[35.109s] -- Symlinking: /home/ros2/dev_ws/install/ros2srrc_data/local/lib/python3.10/dist-packages/ros2srrc_data/action/_sequence_s.c
[35.116s] -- Symlinking: /home/ros2/dev_ws/install/ros2srrc_data/local/lib/python3.10/dist-packages/ros2srrc_data/libros2srrc_data__rosidl_generator_py.so
[35.127s] -- Symlinking: /home/ros2/dev_ws/install/ros2srrc_data/local/lib/python3.10/dist-packages/ros2srrc_data/msg/__init__.py
[35.141s] -- Symlinking: /home/ros2/dev_ws/install/ros2srrc_data/local/lib/python3.10/dist-packages/ros2srrc_data/msg/_action.py
[35.155s] -- Symlinking: /home/ros2/dev_ws/install/ros2srrc_data/local/lib/python3.10/dist-packages/ros2srrc_data/msg/_action_s.c
[35.173s] -- Symlinking: /home/ros2/dev_ws/install/ros2srrc_data/local/lib/python3.10/dist-packages/ros2srrc_data/msg/_joint.py
[35.187s] -- Symlinking: /home/ros2/dev_ws/install/ros2srrc_data/local/lib/python3.10/dist-packages/ros2srrc_data/msg/_joint_s.c
[35.197s] -- Symlinking: /home/ros2/dev_ws/install/ros2srrc_data/local/lib/python3.10/dist-packages/ros2srrc_data/msg/_joints.py
[35.210s] -- Symlinking: /home/ros2/dev_ws/install/ros2srrc_data/local/lib/python3.10/dist-packages/ros2srrc_data/msg/_joints_s.c
[35.220s] -- Symlinking: /home/ros2/dev_ws/install/ros2srrc_data/local/lib/python3.10/dist-packages/ros2srrc_data/msg/_linkattacher.py
[35.232s] -- Symlinking: /home/ros2/dev_ws/install/ros2srrc_data/local/lib/python3.10/dist-packages/ros2srrc_data/msg/_linkattacher_s.c
[35.245s] -- Symlinking: /home/ros2/dev_ws/install/ros2srrc_data/local/lib/python3.10/dist-packages/ros2srrc_data/msg/_robmove.py
[35.256s] -- Symlinking: /home/ros2/dev_ws/install/ros2srrc_data/local/lib/python3.10/dist-packages/ros2srrc_data/msg/_robmove_s.c
[35.268s] -- Symlinking: /home/ros2/dev_ws/install/ros2srrc_data/local/lib/python3.10/dist-packages/ros2srrc_data/msg/_robpose.py
[35.279s] -- Symlinking: /home/ros2/dev_ws/install/ros2srrc_data/local/lib/python3.10/dist-packages/ros2srrc_data/msg/_robpose_s.c
[35.294s] -- Symlinking: /home/ros2/dev_ws/install/ros2srrc_data/local/lib/python3.10/dist-packages/ros2srrc_data/msg/_specs.py
[35.303s] -- Symlinking: /home/ros2/dev_ws/install/ros2srrc_data/local/lib/python3.10/dist-packages/ros2srrc_data/msg/_specs_s.c
[35.314s] -- Symlinking: /home/ros2/dev_ws/install/ros2srrc_data/local/lib/python3.10/dist-packages/ros2srrc_data/msg/_xyz.py
[35.329s] -- Symlinking: /home/ros2/dev_ws/install/ros2srrc_data/local/lib/python3.10/dist-packages/ros2srrc_data/msg/_xyz_s.c
[35.341s] -- Symlinking: /home/ros2/dev_ws/install/ros2srrc_data/local/lib/python3.10/dist-packages/ros2srrc_data/msg/_xyzypr.py
[35.353s] -- Symlinking: /home/ros2/dev_ws/install/ros2srrc_data/local/lib/python3.10/dist-packages/ros2srrc_data/msg/_xyzypr_s.c
[35.370s] -- Symlinking: /home/ros2/dev_ws/install/ros2srrc_data/local/lib/python3.10/dist-packages/ros2srrc_data/msg/_ypr.py
[35.383s] -- Symlinking: /home/ros2/dev_ws/install/ros2srrc_data/local/lib/python3.10/dist-packages/ros2srrc_data/msg/_ypr_s.c
[35.396s] -- Symlinking: /home/ros2/dev_ws/install/ros2srrc_data/local/lib/python3.10/dist-packages/ros2srrc_data/ros2srrc_data_s__rosidl_typesupport_c.cpython-310-x86_64-linux-gnu.so
[35.409s] -- Symlinking: /home/ros2/dev_ws/install/ros2srrc_data/local/lib/python3.10/dist-packages/ros2srrc_data/ros2srrc_data_s__rosidl_typesupport_fastrtps_c.cpython-310-x86_64-linux-gnu.so
[35.421s] -- Symlinking: /home/ros2/dev_ws/install/ros2srrc_data/local/lib/python3.10/dist-packages/ros2srrc_data/ros2srrc_data_s__rosidl_typesupport_introspection_c.cpython-310-x86_64-linux-gnu.so
[35.435s] -- Up-to-date symlink: /home/ros2/dev_ws/install/ros2srrc_data/local/lib/python3.10/dist-packages/ros2srrc_data/ros2srrc_data_s__rosidl_typesupport_fastrtps_c.cpython-310-x86_64-linux-gnu.so
[35.435s] -- Up-to-date symlink: /home/ros2/dev_ws/install/ros2srrc_data/local/lib/python3.10/dist-packages/ros2srrc_data/ros2srrc_data_s__rosidl_typesupport_introspection_c.cpython-310-x86_64-linux-gnu.so
[35.435s] -- Up-to-date symlink: /home/ros2/dev_ws/install/ros2srrc_data/local/lib/python3.10/dist-packages/ros2srrc_data/ros2srrc_data_s__rosidl_typesupport_c.cpython-310-x86_64-linux-gnu.so
[35.437s] -- Symlinking: /home/ros2/dev_ws/install/ros2srrc_data/share/ros2srrc_data/msg/Specs.idl
[35.450s] -- Symlinking: /home/ros2/dev_ws/install/ros2srrc_data/share/ros2srrc_data/msg/Robmove.idl
[35.461s] -- Symlinking: /home/ros2/dev_ws/install/ros2srrc_data/share/ros2srrc_data/msg/Joint.idl
[35.476s] -- Symlinking: /home/ros2/dev_ws/install/ros2srrc_data/share/ros2srrc_data/msg/Joints.idl
[35.488s] -- Symlinking: /home/ros2/dev_ws/install/ros2srrc_data/share/ros2srrc_data/msg/Xyz.idl
[35.503s] -- Symlinking: /home/ros2/dev_ws/install/ros2srrc_data/share/ros2srrc_data/msg/Xyzypr.idl
[35.519s] -- Symlinking: /home/ros2/dev_ws/install/ros2srrc_data/share/ros2srrc_data/msg/Ypr.idl
[35.529s] -- Symlinking: /home/ros2/dev_ws/install/ros2srrc_data/share/ros2srrc_data/msg/Action.idl
[35.546s] -- Symlinking: /home/ros2/dev_ws/install/ros2srrc_data/share/ros2srrc_data/msg/Linkattacher.idl
[35.562s] -- Symlinking: /home/ros2/dev_ws/install/ros2srrc_data/share/ros2srrc_data/msg/Robpose.idl
[35.577s] -- Symlinking: /home/ros2/dev_ws/install/ros2srrc_data/share/ros2srrc_data/action/Move.idl
[35.592s] -- Symlinking: /home/ros2/dev_ws/install/ros2srrc_data/share/ros2srrc_data/action/Sequence.idl
[35.608s] -- Symlinking: /home/ros2/dev_ws/install/ros2srrc_data/share/ros2srrc_data/action/Robmove.idl
[35.623s] -- Up-to-date symlink: /home/ros2/dev_ws/install/ros2srrc_data/share/ros2srrc_data/msg/Specs.msg
[35.623s] -- Up-to-date symlink: /home/ros2/dev_ws/install/ros2srrc_data/share/ros2srrc_data/msg/Robmove.msg
[35.623s] -- Up-to-date symlink: /home/ros2/dev_ws/install/ros2srrc_data/share/ros2srrc_data/msg/Joint.msg
[35.624s] -- Up-to-date symlink: /home/ros2/dev_ws/install/ros2srrc_data/share/ros2srrc_data/msg/Joints.msg
[35.624s] -- Up-to-date symlink: /home/ros2/dev_ws/install/ros2srrc_data/share/ros2srrc_data/msg/Xyz.msg
[35.624s] -- Up-to-date symlink: /home/ros2/dev_ws/install/ros2srrc_data/share/ros2srrc_data/msg/Xyzypr.msg
[35.624s] -- Up-to-date symlink: /home/ros2/dev_ws/install/ros2srrc_data/share/ros2srrc_data/msg/Ypr.msg
[35.625s] -- Up-to-date symlink: /home/ros2/dev_ws/install/ros2srrc_data/share/ros2srrc_data/msg/Action.msg
[35.625s] -- Up-to-date symlink: /home/ros2/dev_ws/install/ros2srrc_data/share/ros2srrc_data/msg/Linkattacher.msg
[35.625s] -- Up-to-date symlink: /home/ros2/dev_ws/install/ros2srrc_data/share/ros2srrc_data/msg/Robpose.msg
[35.625s] -- Up-to-date symlink: /home/ros2/dev_ws/install/ros2srrc_data/share/ros2srrc_data/action/Move.action
[35.625s] -- Up-to-date symlink: /home/ros2/dev_ws/install/ros2srrc_data/share/ros2srrc_data/action/Sequence.action
[35.625s] -- Up-to-date symlink: /home/ros2/dev_ws/install/ros2srrc_data/share/ros2srrc_data/action/Robmove.action
[35.625s] -- Symlinking: /home/ros2/dev_ws/install/ros2srrc_data/share/ament_index/resource_index/package_run_dependencies/ros2srrc_data
[35.637s] -- Symlinking: /home/ros2/dev_ws/install/ros2srrc_data/share/ament_index/resource_index/parent_prefix_path/ros2srrc_data
[35.652s] -- Symlinking: /home/ros2/dev_ws/install/ros2srrc_data/share/ros2srrc_data/environment/ament_prefix_path.sh
[35.663s] -- Symlinking: /home/ros2/dev_ws/install/ros2srrc_data/share/ros2srrc_data/environment/ament_prefix_path.dsv
[35.672s] -- Symlinking: /home/ros2/dev_ws/install/ros2srrc_data/share/ros2srrc_data/environment/path.sh
[35.685s] -- Symlinking: /home/ros2/dev_ws/install/ros2srrc_data/share/ros2srrc_data/environment/path.dsv
[35.696s] -- Symlinking: /home/ros2/dev_ws/install/ros2srrc_data/share/ros2srrc_data/local_setup.bash
[35.710s] -- Symlinking: /home/ros2/dev_ws/install/ros2srrc_data/share/ros2srrc_data/local_setup.sh
[35.724s] -- Symlinking: /home/ros2/dev_ws/install/ros2srrc_data/share/ros2srrc_data/local_setup.zsh
[35.734s] -- Symlinking: /home/ros2/dev_ws/install/ros2srrc_data/share/ros2srrc_data/local_setup.dsv
[35.744s] -- Symlinking: /home/ros2/dev_ws/install/ros2srrc_data/share/ros2srrc_data/package.dsv
[35.756s] -- Symlinking: /home/ros2/dev_ws/install/ros2srrc_data/share/ament_index/resource_index/packages/ros2srrc_data
[35.772s] -- Symlinking: /home/ros2/dev_ws/install/ros2srrc_data/share/ros2srrc_data/cmake/rosidl_cmake-extras.cmake
[35.795s] -- Symlinking: /home/ros2/dev_ws/install/ros2srrc_data/share/ros2srrc_data/cmake/ament_cmake_export_dependencies-extras.cmake
[35.809s] -- Symlinking: /home/ros2/dev_ws/install/ros2srrc_data/share/ros2srrc_data/cmake/ament_cmake_export_include_directories-extras.cmake
[35.821s] -- Symlinking: /home/ros2/dev_ws/install/ros2srrc_data/share/ros2srrc_data/cmake/ament_cmake_export_libraries-extras.cmake
[35.832s] -- Symlinking: /home/ros2/dev_ws/install/ros2srrc_data/share/ros2srrc_data/cmake/ament_cmake_export_targets-extras.cmake
[35.845s] -- Symlinking: /home/ros2/dev_ws/install/ros2srrc_data/share/ros2srrc_data/cmake/rosidl_cmake_export_typesupport_targets-extras.cmake
[35.857s] -- Symlinking: /home/ros2/dev_ws/install/ros2srrc_data/share/ros2srrc_data/cmake/rosidl_cmake_export_typesupport_libraries-extras.cmake
[35.870s] -- Symlinking: /home/ros2/dev_ws/install/ros2srrc_data/share/ros2srrc_data/cmake/ros2srrc_dataConfig.cmake
[35.880s] -- Symlinking: /home/ros2/dev_ws/install/ros2srrc_data/share/ros2srrc_data/cmake/ros2srrc_dataConfig-version.cmake
[35.891s] -- Symlinking: /home/ros2/dev_ws/install/ros2srrc_data/share/ros2srrc_data/package.xml
[35.903s] -- Installing: /home/ros2/dev_ws/install/ros2srrc_data/lib/libros2srrc_data__rosidl_generator_c.so
[35.904s] -- Set runtime path of "/home/ros2/dev_ws/install/ros2srrc_data/lib/libros2srrc_data__rosidl_generator_c.so" to ""
[35.904s] -- Installing: /home/ros2/dev_ws/install/ros2srrc_data/lib/libros2srrc_data__rosidl_typesupport_fastrtps_c.so
[35.908s] -- Set runtime path of "/home/ros2/dev_ws/install/ros2srrc_data/lib/libros2srrc_data__rosidl_typesupport_fastrtps_c.so" to ""
[35.910s] -- Installing: /home/ros2/dev_ws/install/ros2srrc_data/lib/libros2srrc_data__rosidl_typesupport_introspection_c.so
[35.911s] -- Set runtime path of "/home/ros2/dev_ws/install/ros2srrc_data/lib/libros2srrc_data__rosidl_typesupport_introspection_c.so" to ""
[35.911s] -- Installing: /home/ros2/dev_ws/install/ros2srrc_data/lib/libros2srrc_data__rosidl_typesupport_c.so
[35.912s] -- Set runtime path of "/home/ros2/dev_ws/install/ros2srrc_data/lib/libros2srrc_data__rosidl_typesupport_c.so" to ""
[35.912s] -- Installing: /home/ros2/dev_ws/install/ros2srrc_data/lib/libros2srrc_data__rosidl_typesupport_fastrtps_cpp.so
[35.912s] -- Set runtime path of "/home/ros2/dev_ws/install/ros2srrc_data/lib/libros2srrc_data__rosidl_typesupport_fastrtps_cpp.so" to ""
[35.913s] -- Installing: /home/ros2/dev_ws/install/ros2srrc_data/lib/libros2srrc_data__rosidl_typesupport_introspection_cpp.so
[35.913s] -- Set runtime path of "/home/ros2/dev_ws/install/ros2srrc_data/lib/libros2srrc_data__rosidl_typesupport_introspection_cpp.so" to ""
[35.914s] -- Installing: /home/ros2/dev_ws/install/ros2srrc_data/lib/libros2srrc_data__rosidl_typesupport_cpp.so
[35.914s] -- Set runtime path of "/home/ros2/dev_ws/install/ros2srrc_data/lib/libros2srrc_data__rosidl_typesupport_cpp.so" to ""
[36.428s] Listing '/home/ros2/dev_ws/install/ros2srrc_data/local/lib/python3.10/dist-packages/ros2srrc_data'...
[36.428s] Compiling '/home/ros2/dev_ws/install/ros2srrc_data/local/lib/python3.10/dist-packages/ros2srrc_data/__init__.py'...
[36.428s] Listing '/home/ros2/dev_ws/install/ros2srrc_data/local/lib/python3.10/dist-packages/ros2srrc_data/action'...
[36.428s] Compiling '/home/ros2/dev_ws/install/ros2srrc_data/local/lib/python3.10/dist-packages/ros2srrc_data/action/__init__.py'...
[36.428s] Compiling '/home/ros2/dev_ws/install/ros2srrc_data/local/lib/python3.10/dist-packages/ros2srrc_data/action/_move.py'...
[36.428s] Compiling '/home/ros2/dev_ws/install/ros2srrc_data/local/lib/python3.10/dist-packages/ros2srrc_data/action/_robmove.py'...
[36.429s] Compiling '/home/ros2/dev_ws/install/ros2srrc_data/local/lib/python3.10/dist-packages/ros2srrc_data/action/_sequence.py'...
[36.429s] Listing '/home/ros2/dev_ws/install/ros2srrc_data/local/lib/python3.10/dist-packages/ros2srrc_data/msg'...
[36.429s] Compiling '/home/ros2/dev_ws/install/ros2srrc_data/local/lib/python3.10/dist-packages/ros2srrc_data/msg/__init__.py'...
[36.429s] Compiling '/home/ros2/dev_ws/install/ros2srrc_data/local/lib/python3.10/dist-packages/ros2srrc_data/msg/_action.py'...
[36.429s] Compiling '/home/ros2/dev_ws/install/ros2srrc_data/local/lib/python3.10/dist-packages/ros2srrc_data/msg/_joint.py'...
[36.429s] Compiling '/home/ros2/dev_ws/install/ros2srrc_data/local/lib/python3.10/dist-packages/ros2srrc_data/msg/_joints.py'...
[36.429s] Compiling '/home/ros2/dev_ws/install/ros2srrc_data/local/lib/python3.10/dist-packages/ros2srrc_data/msg/_linkattacher.py'...
[36.429s] Compiling '/home/ros2/dev_ws/install/ros2srrc_data/local/lib/python3.10/dist-packages/ros2srrc_data/msg/_robmove.py'...
[36.429s] Compiling '/home/ros2/dev_ws/install/ros2srrc_data/local/lib/python3.10/dist-packages/ros2srrc_data/msg/_robpose.py'...
[36.429s] Compiling '/home/ros2/dev_ws/install/ros2srrc_data/local/lib/python3.10/dist-packages/ros2srrc_data/msg/_specs.py'...
[36.429s] Compiling '/home/ros2/dev_ws/install/ros2srrc_data/local/lib/python3.10/dist-packages/ros2srrc_data/msg/_xyz.py'...
[36.429s] Compiling '/home/ros2/dev_ws/install/ros2srrc_data/local/lib/python3.10/dist-packages/ros2srrc_data/msg/_xyzypr.py'...
[36.429s] Compiling '/home/ros2/dev_ws/install/ros2srrc_data/local/lib/python3.10/dist-packages/ros2srrc_data/msg/_ypr.py'...
[36.433s] -- Installing: /home/ros2/dev_ws/install/ros2srrc_data/lib/libros2srrc_data__rosidl_generator_py.so
[36.434s] -- Set runtime path of "/home/ros2/dev_ws/install/ros2srrc_data/lib/libros2srrc_data__rosidl_generator_py.so" to ""
[36.434s] -- Installing: /home/ros2/dev_ws/install/ros2srrc_data/share/ros2srrc_data/cmake/export_ros2srrc_data__rosidl_generator_cExport.cmake
[36.434s] -- Installing: /home/ros2/dev_ws/install/ros2srrc_data/share/ros2srrc_data/cmake/export_ros2srrc_data__rosidl_generator_cExport-noconfig.cmake
[36.435s] -- Installing: /home/ros2/dev_ws/install/ros2srrc_data/share/ros2srrc_data/cmake/export_ros2srrc_data__rosidl_typesupport_fastrtps_cExport.cmake
[36.437s] -- Installing: /home/ros2/dev_ws/install/ros2srrc_data/share/ros2srrc_data/cmake/export_ros2srrc_data__rosidl_typesupport_fastrtps_cExport-noconfig.cmake
[36.437s] -- Installing: /home/ros2/dev_ws/install/ros2srrc_data/share/ros2srrc_data/cmake/ros2srrc_data__rosidl_typesupport_introspection_cExport.cmake
[36.437s] -- Installing: /home/ros2/dev_ws/install/ros2srrc_data/share/ros2srrc_data/cmake/ros2srrc_data__rosidl_typesupport_introspection_cExport-noconfig.cmake
[36.438s] -- Installing: /home/ros2/dev_ws/install/ros2srrc_data/share/ros2srrc_data/cmake/ros2srrc_data__rosidl_typesupport_cExport.cmake
[36.438s] -- Installing: /home/ros2/dev_ws/install/ros2srrc_data/share/ros2srrc_data/cmake/ros2srrc_data__rosidl_typesupport_cExport-noconfig.cmake
[36.438s] -- Installing: /home/ros2/dev_ws/install/ros2srrc_data/share/ros2srrc_data/cmake/export_ros2srrc_data__rosidl_generator_cppExport.cmake
[36.438s] -- Installing: /home/ros2/dev_ws/install/ros2srrc_data/share/ros2srrc_data/cmake/export_ros2srrc_data__rosidl_typesupport_fastrtps_cppExport.cmake
[36.438s] -- Installing: /home/ros2/dev_ws/install/ros2srrc_data/share/ros2srrc_data/cmake/export_ros2srrc_data__rosidl_typesupport_fastrtps_cppExport-noconfig.cmake
[36.438s] -- Installing: /home/ros2/dev_ws/install/ros2srrc_data/share/ros2srrc_data/cmake/ros2srrc_data__rosidl_typesupport_introspection_cppExport.cmake
[36.438s] -- Installing: /home/ros2/dev_ws/install/ros2srrc_data/share/ros2srrc_data/cmake/ros2srrc_data__rosidl_typesupport_introspection_cppExport-noconfig.cmake
[36.438s] -- Installing: /home/ros2/dev_ws/install/ros2srrc_data/share/ros2srrc_data/cmake/ros2srrc_data__rosidl_typesupport_cppExport.cmake
[36.440s] -- Installing: /home/ros2/dev_ws/install/ros2srrc_data/share/ros2srrc_data/cmake/ros2srrc_data__rosidl_typesupport_cppExport-noconfig.cmake
[36.441s] -- Installing: /home/ros2/dev_ws/install/ros2srrc_data/share/ros2srrc_data/cmake/export_ros2srrc_data__rosidl_generator_pyExport.cmake
[36.441s] -- Installing: /home/ros2/dev_ws/install/ros2srrc_data/share/ros2srrc_data/cmake/export_ros2srrc_data__rosidl_generator_pyExport-noconfig.cmake
[36.444s] Invoked command in '/home/ros2/dev_ws/build/ros2srrc_data' returned '0': CMAKE_PREFIX_PATH=${CMAKE_PREFIX_PATH}:/opt/ros/humble /usr/bin/cmake --install /home/ros2/dev_ws/build/ros2srrc_data
