[0.050s] Invoking command in '/home/ros2/dev_ws/build/objectpose_msgs': CMAKE_PREFIX_PATH=${CMAKE_PREFIX_PATH}:/opt/ros/humble /usr/bin/cmake /home/ros2/dev_ws/src/IFRA_ObjectPose/objectpose_msgs -DAMENT_CMAKE_SYMLINK_INSTALL=1 -DCMAKE_INSTALL_PREFIX=/home/ros2/dev_ws/install/objectpose_msgs
[0.148s] -- The C compiler identification is GNU 11.4.0
[0.233s] -- The CXX compiler identification is GNU 11.4.0
[0.242s] -- Detecting C compiler ABI info
[0.368s] -- Detecting C compiler ABI info - done
[0.377s] -- Check for working C compiler: /usr/bin/cc - skipped
[0.379s] -- Detecting C compile features
[0.379s] -- Detecting C compile features - done
[0.380s] -- Detecting CXX compiler ABI info
[0.514s] -- Detecting CXX compiler ABI info - done
[0.526s] -- Check for working CXX compiler: /usr/bin/c++ - skipped
[0.526s] -- Detecting CXX compile features
[0.527s] -- Detecting CXX compile features - done
[0.530s] -- Found ament_cmake: 1.3.11 (/opt/ros/humble/share/ament_cmake/cmake)
[0.794s] -- Found Python3: /usr/bin/python3 (found version "3.10.12") found components: Interpreter 
[0.897s] -- Override CMake install command with custom implementation using symlinks instead of copying resources
[0.930s] -- Found ament_lint_auto: 0.12.12 (/opt/ros/humble/share/ament_lint_auto/cmake)
[1.132s] -- Found rosidl_default_generators: 1.2.0 (/opt/ros/humble/share/rosidl_default_generators/cmake)
[1.143s] -- Using all available rosidl_typesupport_c: rosidl_typesupport_fastrtps_c;rosidl_typesupport_introspection_c
[1.151s] -- Found rosidl_adapter: 3.1.6 (/opt/ros/humble/share/rosidl_adapter/cmake)
[1.222s] -- Using all available rosidl_typesupport_cpp: rosidl_typesupport_fastrtps_cpp;rosidl_typesupport_introspection_cpp
[1.655s] -- Found ament_cmake_ros: 0.10.0 (/opt/ros/humble/share/ament_cmake_ros/cmake)
[2.190s] -- Using all available rosidl_typesupport_c: rosidl_typesupport_fastrtps_c;rosidl_typesupport_introspection_c
[2.782s] -- Using all available rosidl_typesupport_cpp: rosidl_typesupport_fastrtps_cpp;rosidl_typesupport_introspection_cpp
[2.857s] -- Found PythonInterp: /usr/bin/python3 (found suitable version "3.10.12", minimum required is "3.6") 
[2.858s] -- Found python_cmake_module: 0.10.0 (/opt/ros/humble/share/python_cmake_module/cmake)
[2.943s] -- Found PythonLibs: /usr/lib/x86_64-linux-gnu/libpython3.10.so (found suitable version "3.10.12", minimum required is "3.5") 
[2.943s] -- Using PYTHON_EXECUTABLE: /usr/bin/python3
[2.943s] -- Using PYTHON_INCLUDE_DIRS: /usr/include/python3.10
[2.943s] -- Using PYTHON_LIBRARIES: /usr/lib/x86_64-linux-gnu/libpython3.10.so
[3.010s] -- Found PythonExtra: .so  
[3.214s] -- Added test 'copyright' to check source files copyright and LICENSE
[3.218s] -- Added test 'lint_cmake' to check CMake code style
[3.218s] -- Added test 'xmllint' to check XML markup files
[3.224s] -- Configuring done
[3.323s] -- Generating done
[3.373s] -- Build files have been written to: /home/ros2/dev_ws/build/objectpose_msgs
[3.432s] Invoked command in '/home/ros2/dev_ws/build/objectpose_msgs' returned '0': CMAKE_PREFIX_PATH=${CMAKE_PREFIX_PATH}:/opt/ros/humble /usr/bin/cmake /home/ros2/dev_ws/src/IFRA_ObjectPose/objectpose_msgs -DAMENT_CMAKE_SYMLINK_INSTALL=1 -DCMAKE_INSTALL_PREFIX=/home/ros2/dev_ws/install/objectpose_msgs
[3.439s] Invoking command in '/home/ros2/dev_ws/build/objectpose_msgs': CMAKE_PREFIX_PATH=${CMAKE_PREFIX_PATH}:/opt/ros/humble /usr/bin/cmake --build /home/ros2/dev_ws/build/objectpose_msgs -- -j16 -l16
[4.237s] [  3%] [34m[1mGenerating C code for ROS interfaces[0m
[4.237s] [  6%] [34m[1mGenerating C++ code for ROS interfaces[0m
[4.238s] [  6%] Built target ament_cmake_python_symlink_objectpose_msgs
[4.456s] [  9%] [32mBuilding C object CMakeFiles/objectpose_msgs__rosidl_generator_c.dir/rosidl_generator_c/objectpose_msgs/msg/detail/object_pose__functions.c.o[0m
[4.700s] [ 12%] [32m[1mLinking C shared library libobjectpose_msgs__rosidl_generator_c.so[0m
[4.880s] running egg_info
[4.880s] creating objectpose_msgs.egg-info
[4.888s] writing objectpose_msgs.egg-info/PKG-INFO
[4.888s] writing dependency_links to objectpose_msgs.egg-info/dependency_links.txt
[4.888s] writing top-level names to objectpose_msgs.egg-info/top_level.txt
[4.888s] writing manifest file 'objectpose_msgs.egg-info/SOURCES.txt'
[4.898s] reading manifest file 'objectpose_msgs.egg-info/SOURCES.txt'
[4.903s] writing manifest file 'objectpose_msgs.egg-info/SOURCES.txt'
[4.918s] [ 12%] Built target objectpose_msgs__rosidl_generator_c
[4.960s] [ 16%] [34m[1mGenerating C introspection for ROS interfaces[0m
[4.967s] [ 19%] [34m[1mGenerating C type support for eProsima Fast-RTPS[0m
[4.976s] [ 22%] [34m[1mGenerating C type support dispatch for ROS interfaces[0m
[5.103s] [ 22%] Built target objectpose_msgs__cpp
[5.158s] [ 25%] [34m[1mGenerating C++ type support for eProsima Fast-RTPS[0m
[5.159s] [ 29%] [34m[1mGenerating C++ type support dispatch for ROS interfaces[0m
[5.173s] [ 32%] [34m[1mGenerating C++ introspection for ROS interfaces[0m
[5.194s] [ 32%] Built target ament_cmake_python_build_objectpose_msgs_egg
[5.805s] [ 35%] [32mBuilding CXX object CMakeFiles/objectpose_msgs__rosidl_typesupport_fastrtps_cpp.dir/rosidl_typesupport_fastrtps_cpp/objectpose_msgs/msg/detail/dds_fastrtps/object_pose__type_support.cpp.o[0m
[6.370s] [ 38%] [32mBuilding C object CMakeFiles/objectpose_msgs__rosidl_typesupport_introspection_c.dir/rosidl_typesupport_introspection_c/objectpose_msgs/msg/detail/object_pose__type_support.c.o[0m
[6.406s] [ 41%] [32mBuilding CXX object CMakeFiles/objectpose_msgs__rosidl_typesupport_cpp.dir/rosidl_typesupport_cpp/objectpose_msgs/msg/object_pose__type_support.cpp.o[0m
[6.467s] [ 45%] [32m[1mLinking C shared library libobjectpose_msgs__rosidl_typesupport_introspection_c.so[0m
[6.638s] [ 45%] Built target objectpose_msgs__rosidl_typesupport_introspection_c
[6.638s] [ 48%] [32mBuilding CXX object CMakeFiles/objectpose_msgs__rosidl_typesupport_c.dir/rosidl_typesupport_c/objectpose_msgs/msg/object_pose__type_support.cpp.o[0m
[6.771s] [ 51%] [32m[1mLinking CXX shared library libobjectpose_msgs__rosidl_typesupport_c.so[0m
[6.816s] [ 54%] [32mBuilding CXX object CMakeFiles/objectpose_msgs__rosidl_typesupport_fastrtps_c.dir/rosidl_typesupport_fastrtps_c/objectpose_msgs/msg/detail/object_pose__type_support_c.cpp.o[0m
[6.913s] [ 54%] Built target objectpose_msgs__rosidl_typesupport_c
[6.954s] [ 58%] [32mBuilding CXX object CMakeFiles/objectpose_msgs__rosidl_typesupport_introspection_cpp.dir/rosidl_typesupport_introspection_cpp/objectpose_msgs/msg/detail/object_pose__type_support.cpp.o[0m
[7.661s] [ 61%] [32m[1mLinking CXX shared library libobjectpose_msgs__rosidl_typesupport_fastrtps_c.so[0m
[7.863s] [ 64%] [32m[1mLinking CXX shared library libobjectpose_msgs__rosidl_typesupport_cpp.so[0m
[7.876s] [ 64%] Built target objectpose_msgs__rosidl_typesupport_fastrtps_c
[7.977s] [ 64%] Built target objectpose_msgs__rosidl_typesupport_cpp
[8.228s] [ 67%] [32m[1mLinking CXX shared library libobjectpose_msgs__rosidl_typesupport_fastrtps_cpp.so[0m
[8.453s] [ 67%] Built target objectpose_msgs__rosidl_typesupport_fastrtps_cpp
[8.932s] [ 70%] [32m[1mLinking CXX shared library libobjectpose_msgs__rosidl_typesupport_introspection_cpp.so[0m
[9.156s] [ 70%] Built target objectpose_msgs__rosidl_typesupport_introspection_cpp
[9.192s] [ 70%] Built target objectpose_msgs
[9.271s] [ 74%] [34m[1mGenerating Python code for ROS interfaces[0m
[10.076s] [ 74%] Built target objectpose_msgs__py
[10.141s] [ 77%] [32mBuilding C object CMakeFiles/objectpose_msgs__rosidl_generator_py.dir/rosidl_generator_py/objectpose_msgs/msg/_object_pose_s.c.o[0m
[10.434s] [ 80%] [32m[1mLinking C shared library rosidl_generator_py/objectpose_msgs/libobjectpose_msgs__rosidl_generator_py.so[0m
[10.576s] [ 80%] Built target objectpose_msgs__rosidl_generator_py
[10.644s] [ 83%] [32mBuilding C object CMakeFiles/objectpose_msgs__rosidl_typesupport_fastrtps_c__pyext.dir/rosidl_generator_py/objectpose_msgs/_objectpose_msgs_s.ep.rosidl_typesupport_fastrtps_c.c.o[0m
[10.646s] [ 87%] [32mBuilding C object CMakeFiles/objectpose_msgs__rosidl_typesupport_c__pyext.dir/rosidl_generator_py/objectpose_msgs/_objectpose_msgs_s.ep.rosidl_typesupport_c.c.o[0m
[10.654s] [ 90%] [32mBuilding C object CMakeFiles/objectpose_msgs__rosidl_typesupport_introspection_c__pyext.dir/rosidl_generator_py/objectpose_msgs/_objectpose_msgs_s.ep.rosidl_typesupport_introspection_c.c.o[0m
[10.855s] [ 93%] [32m[1mLinking C shared library rosidl_generator_py/objectpose_msgs/objectpose_msgs_s__rosidl_typesupport_c.cpython-310-x86_64-linux-gnu.so[0m
[10.896s] [ 96%] [32m[1mLinking C shared library rosidl_generator_py/objectpose_msgs/objectpose_msgs_s__rosidl_typesupport_introspection_c.cpython-310-x86_64-linux-gnu.so[0m
[10.928s] [100%] [32m[1mLinking C shared library rosidl_generator_py/objectpose_msgs/objectpose_msgs_s__rosidl_typesupport_fastrtps_c.cpython-310-x86_64-linux-gnu.so[0m
[11.008s] [100%] Built target objectpose_msgs__rosidl_typesupport_c__pyext
[11.016s] [100%] Built target objectpose_msgs__rosidl_typesupport_introspection_c__pyext
[11.054s] [100%] Built target objectpose_msgs__rosidl_typesupport_fastrtps_c__pyext
[11.252s] Invoked command in '/home/ros2/dev_ws/build/objectpose_msgs' returned '0': CMAKE_PREFIX_PATH=${CMAKE_PREFIX_PATH}:/opt/ros/humble /usr/bin/cmake --build /home/ros2/dev_ws/build/objectpose_msgs -- -j16 -l16
[11.268s] Invoking command in '/home/ros2/dev_ws/build/objectpose_msgs': CMAKE_PREFIX_PATH=${CMAKE_PREFIX_PATH}:/opt/ros/humble /usr/bin/cmake --install /home/ros2/dev_ws/build/objectpose_msgs
[11.618s] -- Install configuration: ""
[11.618s] -- Execute custom install script
[11.618s] -- Symlinking: /home/ros2/dev_ws/install/objectpose_msgs/share/objectpose_msgs/msg/ObjectPose.msg
[11.618s] -- Symlinking: /home/ros2/dev_ws/install/objectpose_msgs/share/ament_index/resource_index/rosidl_interfaces/objectpose_msgs
[11.619s] -- Symlinking: /home/ros2/dev_ws/install/objectpose_msgs/include/objectpose_msgs/objectpose_msgs/msg/detail/object_pose__functions.h
[11.619s] -- Symlinking: /home/ros2/dev_ws/install/objectpose_msgs/include/objectpose_msgs/objectpose_msgs/msg/detail/object_pose__struct.h
[11.619s] -- Symlinking: /home/ros2/dev_ws/install/objectpose_msgs/include/objectpose_msgs/objectpose_msgs/msg/detail/object_pose__type_support.h
[11.619s] -- Symlinking: /home/ros2/dev_ws/install/objectpose_msgs/include/objectpose_msgs/objectpose_msgs/msg/object_pose.h
[11.619s] -- Symlinking: /home/ros2/dev_ws/install/objectpose_msgs/include/objectpose_msgs/objectpose_msgs/msg/rosidl_generator_c__visibility_control.h
[11.619s] -- Symlinking: /home/ros2/dev_ws/install/objectpose_msgs/share/objectpose_msgs/environment/library_path.sh
[11.619s] -- Symlinking: /home/ros2/dev_ws/install/objectpose_msgs/share/objectpose_msgs/environment/library_path.dsv
[11.619s] -- Symlinking: /home/ros2/dev_ws/install/objectpose_msgs/include/objectpose_msgs/objectpose_msgs/msg/detail/object_pose__rosidl_typesupport_fastrtps_c.h
[11.619s] -- Symlinking: /home/ros2/dev_ws/install/objectpose_msgs/include/objectpose_msgs/objectpose_msgs/msg/rosidl_typesupport_fastrtps_c__visibility_control.h
[11.669s] -- Symlinking: /home/ros2/dev_ws/install/objectpose_msgs/include/objectpose_msgs/objectpose_msgs/msg/detail/object_pose__rosidl_typesupport_introspection_c.h
[11.705s] -- Symlinking: /home/ros2/dev_ws/install/objectpose_msgs/include/objectpose_msgs/objectpose_msgs/msg/rosidl_typesupport_introspection_c__visibility_control.h
[11.760s] -- Symlinking: /home/ros2/dev_ws/install/objectpose_msgs/include/objectpose_msgs/objectpose_msgs/msg/detail/object_pose__builder.hpp
[11.789s] -- Symlinking: /home/ros2/dev_ws/install/objectpose_msgs/include/objectpose_msgs/objectpose_msgs/msg/detail/object_pose__struct.hpp
[11.837s] -- Symlinking: /home/ros2/dev_ws/install/objectpose_msgs/include/objectpose_msgs/objectpose_msgs/msg/detail/object_pose__traits.hpp
[11.881s] -- Symlinking: /home/ros2/dev_ws/install/objectpose_msgs/include/objectpose_msgs/objectpose_msgs/msg/detail/object_pose__type_support.hpp
[11.935s] -- Symlinking: /home/ros2/dev_ws/install/objectpose_msgs/include/objectpose_msgs/objectpose_msgs/msg/object_pose.hpp
[11.982s] -- Symlinking: /home/ros2/dev_ws/install/objectpose_msgs/include/objectpose_msgs/objectpose_msgs/msg/rosidl_generator_cpp__visibility_control.hpp
[12.031s] -- Symlinking: /home/ros2/dev_ws/install/objectpose_msgs/include/objectpose_msgs/objectpose_msgs/msg/detail/object_pose__rosidl_typesupport_fastrtps_cpp.hpp
[12.072s] -- Symlinking: /home/ros2/dev_ws/install/objectpose_msgs/include/objectpose_msgs/objectpose_msgs/msg/rosidl_typesupport_fastrtps_cpp__visibility_control.h
[12.118s] -- Symlinking: /home/ros2/dev_ws/install/objectpose_msgs/include/objectpose_msgs/objectpose_msgs/msg/detail/object_pose__rosidl_typesupport_introspection_cpp.hpp
[12.194s] -- Symlinking: /home/ros2/dev_ws/install/objectpose_msgs/share/objectpose_msgs/environment/pythonpath.sh
[12.216s] -- Symlinking: /home/ros2/dev_ws/install/objectpose_msgs/share/objectpose_msgs/environment/pythonpath.dsv
[12.267s] -- Symlinking: /home/ros2/dev_ws/install/objectpose_msgs/local/lib/python3.10/dist-packages/objectpose_msgs-0.0.0-py3.10.egg-info/PKG-INFO
[12.301s] -- Symlinking: /home/ros2/dev_ws/install/objectpose_msgs/local/lib/python3.10/dist-packages/objectpose_msgs-0.0.0-py3.10.egg-info/SOURCES.txt
[12.333s] -- Symlinking: /home/ros2/dev_ws/install/objectpose_msgs/local/lib/python3.10/dist-packages/objectpose_msgs-0.0.0-py3.10.egg-info/dependency_links.txt
[12.373s] -- Symlinking: /home/ros2/dev_ws/install/objectpose_msgs/local/lib/python3.10/dist-packages/objectpose_msgs-0.0.0-py3.10.egg-info/top_level.txt
[12.428s] -- Symlinking: /home/ros2/dev_ws/install/objectpose_msgs/local/lib/python3.10/dist-packages/objectpose_msgs/__init__.py
[12.472s] -- Symlinking: /home/ros2/dev_ws/install/objectpose_msgs/local/lib/python3.10/dist-packages/objectpose_msgs/_objectpose_msgs_s.ep.rosidl_typesupport_c.c
[12.506s] -- Symlinking: /home/ros2/dev_ws/install/objectpose_msgs/local/lib/python3.10/dist-packages/objectpose_msgs/_objectpose_msgs_s.ep.rosidl_typesupport_fastrtps_c.c
[12.546s] -- Symlinking: /home/ros2/dev_ws/install/objectpose_msgs/local/lib/python3.10/dist-packages/objectpose_msgs/_objectpose_msgs_s.ep.rosidl_typesupport_introspection_c.c
[12.576s] -- Symlinking: /home/ros2/dev_ws/install/objectpose_msgs/local/lib/python3.10/dist-packages/objectpose_msgs/libobjectpose_msgs__rosidl_generator_py.so
[12.608s] -- Symlinking: /home/ros2/dev_ws/install/objectpose_msgs/local/lib/python3.10/dist-packages/objectpose_msgs/msg/__init__.py
[12.642s] -- Symlinking: /home/ros2/dev_ws/install/objectpose_msgs/local/lib/python3.10/dist-packages/objectpose_msgs/msg/_object_pose.py
[12.673s] -- Symlinking: /home/ros2/dev_ws/install/objectpose_msgs/local/lib/python3.10/dist-packages/objectpose_msgs/msg/_object_pose_s.c
[12.725s] -- Symlinking: /home/ros2/dev_ws/install/objectpose_msgs/local/lib/python3.10/dist-packages/objectpose_msgs/objectpose_msgs_s__rosidl_typesupport_c.cpython-310-x86_64-linux-gnu.so
[12.751s] -- Symlinking: /home/ros2/dev_ws/install/objectpose_msgs/local/lib/python3.10/dist-packages/objectpose_msgs/objectpose_msgs_s__rosidl_typesupport_fastrtps_c.cpython-310-x86_64-linux-gnu.so
[12.782s] -- Symlinking: /home/ros2/dev_ws/install/objectpose_msgs/local/lib/python3.10/dist-packages/objectpose_msgs/objectpose_msgs_s__rosidl_typesupport_introspection_c.cpython-310-x86_64-linux-gnu.so
[12.823s] -- Up-to-date symlink: /home/ros2/dev_ws/install/objectpose_msgs/local/lib/python3.10/dist-packages/objectpose_msgs/objectpose_msgs_s__rosidl_typesupport_fastrtps_c.cpython-310-x86_64-linux-gnu.so
[12.825s] -- Up-to-date symlink: /home/ros2/dev_ws/install/objectpose_msgs/local/lib/python3.10/dist-packages/objectpose_msgs/objectpose_msgs_s__rosidl_typesupport_introspection_c.cpython-310-x86_64-linux-gnu.so
[12.825s] -- Up-to-date symlink: /home/ros2/dev_ws/install/objectpose_msgs/local/lib/python3.10/dist-packages/objectpose_msgs/objectpose_msgs_s__rosidl_typesupport_c.cpython-310-x86_64-linux-gnu.so
[12.826s] -- Symlinking: /home/ros2/dev_ws/install/objectpose_msgs/share/objectpose_msgs/msg/ObjectPose.idl
[12.863s] -- Up-to-date symlink: /home/ros2/dev_ws/install/objectpose_msgs/share/objectpose_msgs/msg/ObjectPose.msg
[12.866s] -- Symlinking: /home/ros2/dev_ws/install/objectpose_msgs/share/ament_index/resource_index/package_run_dependencies/objectpose_msgs
[12.912s] -- Symlinking: /home/ros2/dev_ws/install/objectpose_msgs/share/ament_index/resource_index/parent_prefix_path/objectpose_msgs
[12.954s] -- Symlinking: /home/ros2/dev_ws/install/objectpose_msgs/share/objectpose_msgs/environment/ament_prefix_path.sh
[12.995s] -- Symlinking: /home/ros2/dev_ws/install/objectpose_msgs/share/objectpose_msgs/environment/ament_prefix_path.dsv
[13.036s] -- Symlinking: /home/ros2/dev_ws/install/objectpose_msgs/share/objectpose_msgs/environment/path.sh
[13.066s] -- Symlinking: /home/ros2/dev_ws/install/objectpose_msgs/share/objectpose_msgs/environment/path.dsv
[13.092s] -- Symlinking: /home/ros2/dev_ws/install/objectpose_msgs/share/objectpose_msgs/local_setup.bash
[13.135s] -- Symlinking: /home/ros2/dev_ws/install/objectpose_msgs/share/objectpose_msgs/local_setup.sh
[13.162s] -- Symlinking: /home/ros2/dev_ws/install/objectpose_msgs/share/objectpose_msgs/local_setup.zsh
[13.182s] -- Symlinking: /home/ros2/dev_ws/install/objectpose_msgs/share/objectpose_msgs/local_setup.dsv
[13.190s] -- Symlinking: /home/ros2/dev_ws/install/objectpose_msgs/share/objectpose_msgs/package.dsv
[13.220s] -- Symlinking: /home/ros2/dev_ws/install/objectpose_msgs/share/ament_index/resource_index/packages/objectpose_msgs
[13.247s] -- Symlinking: /home/ros2/dev_ws/install/objectpose_msgs/share/objectpose_msgs/cmake/rosidl_cmake-extras.cmake
[13.279s] -- Symlinking: /home/ros2/dev_ws/install/objectpose_msgs/share/objectpose_msgs/cmake/ament_cmake_export_include_directories-extras.cmake
[13.321s] -- Symlinking: /home/ros2/dev_ws/install/objectpose_msgs/share/objectpose_msgs/cmake/ament_cmake_export_libraries-extras.cmake
[13.395s] -- Symlinking: /home/ros2/dev_ws/install/objectpose_msgs/share/objectpose_msgs/cmake/ament_cmake_export_targets-extras.cmake
[13.435s] -- Symlinking: /home/ros2/dev_ws/install/objectpose_msgs/share/objectpose_msgs/cmake/rosidl_cmake_export_typesupport_targets-extras.cmake
[13.462s] -- Symlinking: /home/ros2/dev_ws/install/objectpose_msgs/share/objectpose_msgs/cmake/ament_cmake_export_dependencies-extras.cmake
[13.482s] -- Symlinking: /home/ros2/dev_ws/install/objectpose_msgs/share/objectpose_msgs/cmake/rosidl_cmake_export_typesupport_libraries-extras.cmake
[13.503s] -- Symlinking: /home/ros2/dev_ws/install/objectpose_msgs/share/objectpose_msgs/cmake/objectpose_msgsConfig.cmake
[13.532s] -- Symlinking: /home/ros2/dev_ws/install/objectpose_msgs/share/objectpose_msgs/cmake/objectpose_msgsConfig-version.cmake
[13.550s] -- Symlinking: /home/ros2/dev_ws/install/objectpose_msgs/share/objectpose_msgs/package.xml
[13.582s] -- Installing: /home/ros2/dev_ws/install/objectpose_msgs/lib/libobjectpose_msgs__rosidl_generator_c.so
[13.583s] -- Set runtime path of "/home/ros2/dev_ws/install/objectpose_msgs/lib/libobjectpose_msgs__rosidl_generator_c.so" to ""
[13.583s] -- Installing: /home/ros2/dev_ws/install/objectpose_msgs/lib/libobjectpose_msgs__rosidl_typesupport_fastrtps_c.so
[13.583s] -- Set runtime path of "/home/ros2/dev_ws/install/objectpose_msgs/lib/libobjectpose_msgs__rosidl_typesupport_fastrtps_c.so" to ""
[13.583s] -- Installing: /home/ros2/dev_ws/install/objectpose_msgs/lib/libobjectpose_msgs__rosidl_typesupport_introspection_c.so
[13.583s] -- Set runtime path of "/home/ros2/dev_ws/install/objectpose_msgs/lib/libobjectpose_msgs__rosidl_typesupport_introspection_c.so" to ""
[13.583s] -- Installing: /home/ros2/dev_ws/install/objectpose_msgs/lib/libobjectpose_msgs__rosidl_typesupport_c.so
[13.583s] -- Set runtime path of "/home/ros2/dev_ws/install/objectpose_msgs/lib/libobjectpose_msgs__rosidl_typesupport_c.so" to ""
[13.583s] -- Installing: /home/ros2/dev_ws/install/objectpose_msgs/lib/libobjectpose_msgs__rosidl_typesupport_fastrtps_cpp.so
[13.587s] -- Set runtime path of "/home/ros2/dev_ws/install/objectpose_msgs/lib/libobjectpose_msgs__rosidl_typesupport_fastrtps_cpp.so" to ""
[13.587s] -- Installing: /home/ros2/dev_ws/install/objectpose_msgs/lib/libobjectpose_msgs__rosidl_typesupport_introspection_cpp.so
[13.615s] -- Set runtime path of "/home/ros2/dev_ws/install/objectpose_msgs/lib/libobjectpose_msgs__rosidl_typesupport_introspection_cpp.so" to ""
[13.616s] -- Installing: /home/ros2/dev_ws/install/objectpose_msgs/lib/libobjectpose_msgs__rosidl_typesupport_cpp.so
[13.623s] -- Set runtime path of "/home/ros2/dev_ws/install/objectpose_msgs/lib/libobjectpose_msgs__rosidl_typesupport_cpp.so" to ""
[13.691s] Listing '/home/ros2/dev_ws/install/objectpose_msgs/local/lib/python3.10/dist-packages/objectpose_msgs'...
[13.691s] Compiling '/home/ros2/dev_ws/install/objectpose_msgs/local/lib/python3.10/dist-packages/objectpose_msgs/__init__.py'...
[13.691s] Listing '/home/ros2/dev_ws/install/objectpose_msgs/local/lib/python3.10/dist-packages/objectpose_msgs/msg'...
[13.692s] Compiling '/home/ros2/dev_ws/install/objectpose_msgs/local/lib/python3.10/dist-packages/objectpose_msgs/msg/__init__.py'...
[13.692s] Compiling '/home/ros2/dev_ws/install/objectpose_msgs/local/lib/python3.10/dist-packages/objectpose_msgs/msg/_object_pose.py'...
[13.704s] -- Installing: /home/ros2/dev_ws/install/objectpose_msgs/lib/libobjectpose_msgs__rosidl_generator_py.so
[13.705s] -- Set runtime path of "/home/ros2/dev_ws/install/objectpose_msgs/lib/libobjectpose_msgs__rosidl_generator_py.so" to ""
[13.705s] -- Installing: /home/ros2/dev_ws/install/objectpose_msgs/share/objectpose_msgs/cmake/export_objectpose_msgs__rosidl_generator_cExport.cmake
[13.705s] -- Installing: /home/ros2/dev_ws/install/objectpose_msgs/share/objectpose_msgs/cmake/export_objectpose_msgs__rosidl_generator_cExport-noconfig.cmake
[13.705s] -- Installing: /home/ros2/dev_ws/install/objectpose_msgs/share/objectpose_msgs/cmake/export_objectpose_msgs__rosidl_typesupport_fastrtps_cExport.cmake
[13.705s] -- Installing: /home/ros2/dev_ws/install/objectpose_msgs/share/objectpose_msgs/cmake/export_objectpose_msgs__rosidl_typesupport_fastrtps_cExport-noconfig.cmake
[13.705s] -- Installing: /home/ros2/dev_ws/install/objectpose_msgs/share/objectpose_msgs/cmake/objectpose_msgs__rosidl_typesupport_introspection_cExport.cmake
[13.706s] -- Installing: /home/ros2/dev_ws/install/objectpose_msgs/share/objectpose_msgs/cmake/objectpose_msgs__rosidl_typesupport_introspection_cExport-noconfig.cmake
[13.706s] -- Installing: /home/ros2/dev_ws/install/objectpose_msgs/share/objectpose_msgs/cmake/objectpose_msgs__rosidl_typesupport_cExport.cmake
[13.706s] -- Installing: /home/ros2/dev_ws/install/objectpose_msgs/share/objectpose_msgs/cmake/objectpose_msgs__rosidl_typesupport_cExport-noconfig.cmake
[13.706s] -- Installing: /home/ros2/dev_ws/install/objectpose_msgs/share/objectpose_msgs/cmake/export_objectpose_msgs__rosidl_generator_cppExport.cmake
[13.707s] -- Installing: /home/ros2/dev_ws/install/objectpose_msgs/share/objectpose_msgs/cmake/export_objectpose_msgs__rosidl_typesupport_fastrtps_cppExport.cmake
[13.708s] -- Installing: /home/ros2/dev_ws/install/objectpose_msgs/share/objectpose_msgs/cmake/export_objectpose_msgs__rosidl_typesupport_fastrtps_cppExport-noconfig.cmake
[13.709s] -- Installing: /home/ros2/dev_ws/install/objectpose_msgs/share/objectpose_msgs/cmake/objectpose_msgs__rosidl_typesupport_introspection_cppExport.cmake
[13.709s] -- Installing: /home/ros2/dev_ws/install/objectpose_msgs/share/objectpose_msgs/cmake/objectpose_msgs__rosidl_typesupport_introspection_cppExport-noconfig.cmake
[13.711s] -- Installing: /home/ros2/dev_ws/install/objectpose_msgs/share/objectpose_msgs/cmake/objectpose_msgs__rosidl_typesupport_cppExport.cmake
[13.711s] -- Installing: /home/ros2/dev_ws/install/objectpose_msgs/share/objectpose_msgs/cmake/objectpose_msgs__rosidl_typesupport_cppExport-noconfig.cmake
[13.712s] -- Installing: /home/ros2/dev_ws/install/objectpose_msgs/share/objectpose_msgs/cmake/export_objectpose_msgs__rosidl_generator_pyExport.cmake
[13.712s] -- Installing: /home/ros2/dev_ws/install/objectpose_msgs/share/objectpose_msgs/cmake/export_objectpose_msgs__rosidl_generator_pyExport-noconfig.cmake
[13.734s] Invoked command in '/home/ros2/dev_ws/build/objectpose_msgs' returned '0': CMAKE_PREFIX_PATH=${CMAKE_PREFIX_PATH}:/opt/ros/humble /usr/bin/cmake --install /home/ros2/dev_ws/build/objectpose_msgs
