[0.038s] Invoking command in '/home/ros2/dev_ws/build/ros2srrc_ur10e_moveit2': CMAKE_PREFIX_PATH=${CMAKE_PREFIX_PATH}:/opt/ros/humble /usr/bin/cmake /home/ros2/dev_ws/src/ros2_SimRealRobotControl/packages/ur10e/ros2srrc_ur10e_moveit2 -DAMENT_CMAKE_SYMLINK_INSTALL=1 -DCMAKE_INSTALL_PREFIX=/home/ros2/dev_ws/install/ros2srrc_ur10e_moveit2
[1.716s] -- The C compiler identification is GNU 11.4.0
[1.716s] -- The CXX compiler identification is GNU 11.4.0
[1.716s] -- Detecting C compiler ABI info
[1.716s] -- Detecting C compiler ABI info - done
[1.716s] -- Check for working C compiler: /usr/bin/cc - skipped
[1.717s] -- Detecting C compile features
[1.725s] -- Detecting C compile features - done
[1.726s] -- Detecting CXX compiler ABI info
[1.726s] -- Detecting CXX compiler ABI info - done
[1.726s] -- Check for working CXX compiler: /usr/bin/c++ - skipped
[1.726s] -- Detecting CXX compile features
[1.726s] -- Detecting CXX compile features - done
[1.726s] -- Found ament_cmake: 1.3.11 (/opt/ros/humble/share/ament_cmake/cmake)
[1.726s] -- Found Python3: /usr/bin/python3 (found version "3.10.12") found components: Interpreter 
[1.726s] -- Override CMake install command with custom implementation using symlinks instead of copying resources
[1.754s] -- Found ament_lint_auto: 0.12.12 (/opt/ros/humble/share/ament_lint_auto/cmake)
[2.052s] -- Added test 'copyright' to check source files copyright and LICENSE
[2.054s] -- Added test 'lint_cmake' to check CMake code style
[2.063s] -- Added test 'xmllint' to check XML markup files
[2.066s] -- Configuring done
[2.077s] -- Generating done
[2.082s] -- Build files have been written to: /home/ros2/dev_ws/build/ros2srrc_ur10e_moveit2
[2.140s] Invoked command in '/home/ros2/dev_ws/build/ros2srrc_ur10e_moveit2' returned '0': CMAKE_PREFIX_PATH=${CMAKE_PREFIX_PATH}:/opt/ros/humble /usr/bin/cmake /home/ros2/dev_ws/src/ros2_SimRealRobotControl/packages/ur10e/ros2srrc_ur10e_moveit2 -DAMENT_CMAKE_SYMLINK_INSTALL=1 -DCMAKE_INSTALL_PREFIX=/home/ros2/dev_ws/install/ros2srrc_ur10e_moveit2
[2.147s] Invoking command in '/home/ros2/dev_ws/build/ros2srrc_ur10e_moveit2': CMAKE_PREFIX_PATH=${CMAKE_PREFIX_PATH}:/opt/ros/humble /usr/bin/cmake --build /home/ros2/dev_ws/build/ros2srrc_ur10e_moveit2 -- -j16 -l16
[2.427s] Invoked command in '/home/ros2/dev_ws/build/ros2srrc_ur10e_moveit2' returned '0': CMAKE_PREFIX_PATH=${CMAKE_PREFIX_PATH}:/opt/ros/humble /usr/bin/cmake --build /home/ros2/dev_ws/build/ros2srrc_ur10e_moveit2 -- -j16 -l16
[2.428s] Invoking command in '/home/ros2/dev_ws/build/ros2srrc_ur10e_moveit2': CMAKE_PREFIX_PATH=${CMAKE_PREFIX_PATH}:/opt/ros/humble /usr/bin/cmake --install /home/ros2/dev_ws/build/ros2srrc_ur10e_moveit2
[3.440s] -- Install configuration: ""
[3.450s] -- Execute custom install script
[3.450s] -- Symlinking: /home/ros2/dev_ws/install/ros2srrc_ur10e_moveit2/share/ros2srrc_ur10e_moveit2/config/ur10e.srdf
[3.457s] -- Symlinking: /home/ros2/dev_ws/install/ros2srrc_ur10e_moveit2/share/ros2srrc_ur10e_moveit2/config/ur10e_moveit2.rviz
[3.457s] -- Symlinking: /home/ros2/dev_ws/install/ros2srrc_ur10e_moveit2/share/ros2srrc_ur10e_moveit2/config/ur10erobotiq_2f85.srdf
[3.457s] -- Symlinking: /home/ros2/dev_ws/install/ros2srrc_ur10e_moveit2/share/ros2srrc_ur10e_moveit2/config/ur10erobotiq_2f85_moveit2.rviz
[3.457s] -- Symlinking: /home/ros2/dev_ws/install/ros2srrc_ur10e_moveit2/share/ros2srrc_ur10e_moveit2/config/ur10erobotiq_hande.srdf
[3.458s] -- Symlinking: /home/ros2/dev_ws/install/ros2srrc_ur10e_moveit2/share/ros2srrc_ur10e_moveit2/config/ur10erobotiq_hande_moveit2.rviz
[3.458s] -- Symlinking: /home/ros2/dev_ws/install/ros2srrc_ur10e_moveit2/share/ament_index/resource_index/package_run_dependencies/ros2srrc_ur10e_moveit2
[3.458s] -- Symlinking: /home/ros2/dev_ws/install/ros2srrc_ur10e_moveit2/share/ament_index/resource_index/parent_prefix_path/ros2srrc_ur10e_moveit2
[3.458s] -- Symlinking: /home/ros2/dev_ws/install/ros2srrc_ur10e_moveit2/share/ros2srrc_ur10e_moveit2/environment/ament_prefix_path.sh
[3.458s] -- Symlinking: /home/ros2/dev_ws/install/ros2srrc_ur10e_moveit2/share/ros2srrc_ur10e_moveit2/environment/ament_prefix_path.dsv
[3.458s] -- Symlinking: /home/ros2/dev_ws/install/ros2srrc_ur10e_moveit2/share/ros2srrc_ur10e_moveit2/environment/path.sh
[3.458s] -- Symlinking: /home/ros2/dev_ws/install/ros2srrc_ur10e_moveit2/share/ros2srrc_ur10e_moveit2/environment/path.dsv
[3.458s] -- Symlinking: /home/ros2/dev_ws/install/ros2srrc_ur10e_moveit2/share/ros2srrc_ur10e_moveit2/local_setup.bash
[3.458s] -- Symlinking: /home/ros2/dev_ws/install/ros2srrc_ur10e_moveit2/share/ros2srrc_ur10e_moveit2/local_setup.sh
[3.458s] -- Symlinking: /home/ros2/dev_ws/install/ros2srrc_ur10e_moveit2/share/ros2srrc_ur10e_moveit2/local_setup.zsh
[3.458s] -- Symlinking: /home/ros2/dev_ws/install/ros2srrc_ur10e_moveit2/share/ros2srrc_ur10e_moveit2/local_setup.dsv
[3.458s] -- Symlinking: /home/ros2/dev_ws/install/ros2srrc_ur10e_moveit2/share/ros2srrc_ur10e_moveit2/package.dsv
[3.458s] -- Symlinking: /home/ros2/dev_ws/install/ros2srrc_ur10e_moveit2/share/ament_index/resource_index/packages/ros2srrc_ur10e_moveit2
[3.458s] -- Symlinking: /home/ros2/dev_ws/install/ros2srrc_ur10e_moveit2/share/ros2srrc_ur10e_moveit2/cmake/ros2srrc_ur10e_moveit2Config.cmake
[3.458s] -- Symlinking: /home/ros2/dev_ws/install/ros2srrc_ur10e_moveit2/share/ros2srrc_ur10e_moveit2/cmake/ros2srrc_ur10e_moveit2Config-version.cmake
[3.458s] -- Symlinking: /home/ros2/dev_ws/install/ros2srrc_ur10e_moveit2/share/ros2srrc_ur10e_moveit2/package.xml
[3.478s] Invoked command in '/home/ros2/dev_ws/build/ros2srrc_ur10e_moveit2' returned '0': CMAKE_PREFIX_PATH=${CMAKE_PREFIX_PATH}:/opt/ros/humble /usr/bin/cmake --install /home/ros2/dev_ws/build/ros2srrc_ur10e_moveit2
