[0.050s] Invoking command in '/home/ros2/dev_ws/build/ros2srrc_launch': CMAKE_PREFIX_PATH=/opt/ros/humble /usr/bin/cmake /home/ros2/dev_ws/src/ros2_SimRealRobotControl/ros2srrc_launch -DAMENT_CMAKE_SYMLINK_INSTALL=1 -DCMAKE_INSTALL_PREFIX=/home/ros2/dev_ws/install/ros2srrc_launch
[1.267s] -- The C compiler identification is GNU 11.4.0
[1.267s] -- The CXX compiler identification is GNU 11.4.0
[1.267s] -- Detecting C compiler ABI info
[1.267s] -- Detecting C compiler ABI info - done
[1.267s] -- Check for working C compiler: /usr/bin/cc - skipped
[1.267s] -- Detecting C compile features
[1.267s] -- Detecting C compile features - done
[1.267s] -- Detecting CXX compiler ABI info
[1.268s] -- Detecting CXX compiler ABI info - done
[1.268s] -- Check for working CXX compiler: /usr/bin/c++ - skipped
[1.268s] -- Detecting CXX compile features
[1.268s] -- Detecting CXX compile features - done
[1.268s] -- Found ament_cmake: 1.3.11 (/opt/ros/humble/share/ament_cmake/cmake)
[1.640s] -- Found Python3: /usr/bin/python3 (found version "3.10.12") found components: Interpreter 
[2.034s] -- Override CMake install command with custom implementation using symlinks instead of copying resources
[2.124s] -- Found ament_lint_auto: 0.12.12 (/opt/ros/humble/share/ament_lint_auto/cmake)
[2.358s] -- Added test 'copyright' to check source files copyright and LICENSE
[2.359s] -- Added test 'flake8' to check Python code syntax and style conventions
[2.365s] -- Added test 'lint_cmake' to check CMake code style
[2.365s] -- Added test 'pep257' to check Python code against some of the docstring style conventions in PEP 257
[2.367s] -- Added test 'xmllint' to check XML markup files
[2.369s] -- Configuring done
[2.373s] -- Generating done
[2.375s] -- Build files have been written to: /home/ros2/dev_ws/build/ros2srrc_launch
[2.396s] Invoked command in '/home/ros2/dev_ws/build/ros2srrc_launch' returned '0': CMAKE_PREFIX_PATH=/opt/ros/humble /usr/bin/cmake /home/ros2/dev_ws/src/ros2_SimRealRobotControl/ros2srrc_launch -DAMENT_CMAKE_SYMLINK_INSTALL=1 -DCMAKE_INSTALL_PREFIX=/home/ros2/dev_ws/install/ros2srrc_launch
[2.397s] Invoking command in '/home/ros2/dev_ws/build/ros2srrc_launch': CMAKE_PREFIX_PATH=/opt/ros/humble /usr/bin/cmake --build /home/ros2/dev_ws/build/ros2srrc_launch -- -j16 -l16
[4.051s] Invoked command in '/home/ros2/dev_ws/build/ros2srrc_launch' returned '0': CMAKE_PREFIX_PATH=/opt/ros/humble /usr/bin/cmake --build /home/ros2/dev_ws/build/ros2srrc_launch -- -j16 -l16
[4.059s] Invoking command in '/home/ros2/dev_ws/build/ros2srrc_launch': CMAKE_PREFIX_PATH=/opt/ros/humble /usr/bin/cmake --install /home/ros2/dev_ws/build/ros2srrc_launch
[4.189s] -- Install configuration: ""
[4.189s] -- Execute custom install script
[4.189s] -- Symlinking: /home/ros2/dev_ws/install/ros2srrc_launch/share/ros2srrc_launch/gazebo/simulation.launch.py
[4.189s] -- Symlinking: /home/ros2/dev_ws/install/ros2srrc_launch/share/ros2srrc_launch/moveit2/moveit2.launch.py
[4.189s] -- Symlinking: /home/ros2/dev_ws/install/ros2srrc_launch/share/ros2srrc_launch/bringup/bringup_abb.launch.py
[4.200s] -- Symlinking: /home/ros2/dev_ws/install/ros2srrc_launch/share/ros2srrc_launch/bringup/bringup_ur.launch.py
[4.235s] -- Symlinking: /home/ros2/dev_ws/install/ros2srrc_launch/share/ament_index/resource_index/package_run_dependencies/ros2srrc_launch
[4.260s] -- Symlinking: /home/ros2/dev_ws/install/ros2srrc_launch/share/ament_index/resource_index/parent_prefix_path/ros2srrc_launch
[4.325s] -- Symlinking: /home/ros2/dev_ws/install/ros2srrc_launch/share/ros2srrc_launch/environment/ament_prefix_path.sh
[4.348s] -- Symlinking: /home/ros2/dev_ws/install/ros2srrc_launch/share/ros2srrc_launch/environment/ament_prefix_path.dsv
[4.389s] -- Symlinking: /home/ros2/dev_ws/install/ros2srrc_launch/share/ros2srrc_launch/environment/path.sh
[4.435s] -- Symlinking: /home/ros2/dev_ws/install/ros2srrc_launch/share/ros2srrc_launch/environment/path.dsv
[4.471s] -- Symlinking: /home/ros2/dev_ws/install/ros2srrc_launch/share/ros2srrc_launch/local_setup.bash
[4.499s] -- Symlinking: /home/ros2/dev_ws/install/ros2srrc_launch/share/ros2srrc_launch/local_setup.sh
[4.546s] -- Symlinking: /home/ros2/dev_ws/install/ros2srrc_launch/share/ros2srrc_launch/local_setup.zsh
[4.581s] -- Symlinking: /home/ros2/dev_ws/install/ros2srrc_launch/share/ros2srrc_launch/local_setup.dsv
[4.624s] -- Symlinking: /home/ros2/dev_ws/install/ros2srrc_launch/share/ros2srrc_launch/package.dsv
[4.644s] -- Symlinking: /home/ros2/dev_ws/install/ros2srrc_launch/share/ament_index/resource_index/packages/ros2srrc_launch
[4.668s] -- Symlinking: /home/ros2/dev_ws/install/ros2srrc_launch/share/ros2srrc_launch/cmake/ros2srrc_launchConfig.cmake
[4.711s] -- Symlinking: /home/ros2/dev_ws/install/ros2srrc_launch/share/ros2srrc_launch/cmake/ros2srrc_launchConfig-version.cmake
[4.772s] -- Symlinking: /home/ros2/dev_ws/install/ros2srrc_launch/share/ros2srrc_launch/package.xml
[4.829s] Invoked command in '/home/ros2/dev_ws/build/ros2srrc_launch' returned '0': CMAKE_PREFIX_PATH=/opt/ros/humble /usr/bin/cmake --install /home/ros2/dev_ws/build/ros2srrc_launch
