[0.037s] Invoking command in '/home/ros2/dev_ws/build/ros2srrc_irb6640_moveit2': CMAKE_PREFIX_PATH=${CMAKE_PREFIX_PATH}:/opt/ros/humble /usr/bin/cmake /home/ros2/dev_ws/src/ros2_SimRealRobotControl/packages/irb6640/ros2srrc_irb6640_moveit2 -DAMENT_CMAKE_SYMLINK_INSTALL=1 -DCMAKE_INSTALL_PREFIX=/home/ros2/dev_ws/install/ros2srrc_irb6640_moveit2
[1.829s] -- The C compiler identification is GNU 11.4.0
[1.829s] -- The CXX compiler identification is GNU 11.4.0
[1.829s] -- Detecting C compiler ABI info
[1.829s] -- Detecting C compiler ABI info - done
[1.830s] -- Check for working C compiler: /usr/bin/cc - skipped
[1.830s] -- Detecting C compile features
[1.830s] -- Detecting C compile features - done
[1.830s] -- Detecting CXX compiler ABI info
[1.830s] -- Detecting CXX compiler ABI info - done
[1.830s] -- Check for working CXX compiler: /usr/bin/c++ - skipped
[1.830s] -- Detecting CXX compile features
[1.830s] -- Detecting CXX compile features - done
[1.830s] -- Found ament_cmake: 1.3.11 (/opt/ros/humble/share/ament_cmake/cmake)
[1.938s] -- Found Python3: /usr/bin/python3 (found version "3.10.12") found components: Interpreter 
[2.243s] -- Override CMake install command with custom implementation using symlinks instead of copying resources
[2.482s] -- Found ament_lint_auto: 0.12.12 (/opt/ros/humble/share/ament_lint_auto/cmake)
[3.069s] -- Added test 'copyright' to check source files copyright and LICENSE
[3.069s] -- Added test 'lint_cmake' to check CMake code style
[3.082s] -- Added test 'xmllint' to check XML markup files
[3.095s] -- Configuring done
[3.128s] -- Generating done
[3.131s] -- Build files have been written to: /home/ros2/dev_ws/build/ros2srrc_irb6640_moveit2
[3.278s] Invoked command in '/home/ros2/dev_ws/build/ros2srrc_irb6640_moveit2' returned '0': CMAKE_PREFIX_PATH=${CMAKE_PREFIX_PATH}:/opt/ros/humble /usr/bin/cmake /home/ros2/dev_ws/src/ros2_SimRealRobotControl/packages/irb6640/ros2srrc_irb6640_moveit2 -DAMENT_CMAKE_SYMLINK_INSTALL=1 -DCMAKE_INSTALL_PREFIX=/home/ros2/dev_ws/install/ros2srrc_irb6640_moveit2
[3.279s] Invoking command in '/home/ros2/dev_ws/build/ros2srrc_irb6640_moveit2': CMAKE_PREFIX_PATH=${CMAKE_PREFIX_PATH}:/opt/ros/humble /usr/bin/cmake --build /home/ros2/dev_ws/build/ros2srrc_irb6640_moveit2 -- -j16 -l16
[4.506s] Invoked command in '/home/ros2/dev_ws/build/ros2srrc_irb6640_moveit2' returned '0': CMAKE_PREFIX_PATH=${CMAKE_PREFIX_PATH}:/opt/ros/humble /usr/bin/cmake --build /home/ros2/dev_ws/build/ros2srrc_irb6640_moveit2 -- -j16 -l16
[4.507s] Invoking command in '/home/ros2/dev_ws/build/ros2srrc_irb6640_moveit2': CMAKE_PREFIX_PATH=${CMAKE_PREFIX_PATH}:/opt/ros/humble /usr/bin/cmake --install /home/ros2/dev_ws/build/ros2srrc_irb6640_moveit2
[5.622s] -- Install configuration: ""
[5.622s] -- Execute custom install script
[5.622s] -- Symlinking: /home/ros2/dev_ws/install/ros2srrc_irb6640_moveit2/share/ros2srrc_irb6640_moveit2/config/irb6640.srdf
[5.622s] -- Symlinking: /home/ros2/dev_ws/install/ros2srrc_irb6640_moveit2/share/ros2srrc_irb6640_moveit2/config/irb6640_moveit2.rviz
[5.622s] -- Symlinking: /home/ros2/dev_ws/install/ros2srrc_irb6640_moveit2/share/ros2srrc_irb6640_moveit2/config/irb6640gpp5010nc.srdf
[5.622s] -- Symlinking: /home/ros2/dev_ws/install/ros2srrc_irb6640_moveit2/share/ros2srrc_irb6640_moveit2/config/irb6640gpp5010nc_moveit2.rviz
[5.622s] -- Symlinking: /home/ros2/dev_ws/install/ros2srrc_irb6640_moveit2/share/ament_index/resource_index/package_run_dependencies/ros2srrc_irb6640_moveit2
[5.622s] -- Symlinking: /home/ros2/dev_ws/install/ros2srrc_irb6640_moveit2/share/ament_index/resource_index/parent_prefix_path/ros2srrc_irb6640_moveit2
[5.622s] -- Symlinking: /home/ros2/dev_ws/install/ros2srrc_irb6640_moveit2/share/ros2srrc_irb6640_moveit2/environment/ament_prefix_path.sh
[5.622s] -- Symlinking: /home/ros2/dev_ws/install/ros2srrc_irb6640_moveit2/share/ros2srrc_irb6640_moveit2/environment/ament_prefix_path.dsv
[5.623s] -- Symlinking: /home/ros2/dev_ws/install/ros2srrc_irb6640_moveit2/share/ros2srrc_irb6640_moveit2/environment/path.sh
[5.623s] -- Symlinking: /home/ros2/dev_ws/install/ros2srrc_irb6640_moveit2/share/ros2srrc_irb6640_moveit2/environment/path.dsv
[5.623s] -- Symlinking: /home/ros2/dev_ws/install/ros2srrc_irb6640_moveit2/share/ros2srrc_irb6640_moveit2/local_setup.bash
[5.623s] -- Symlinking: /home/ros2/dev_ws/install/ros2srrc_irb6640_moveit2/share/ros2srrc_irb6640_moveit2/local_setup.sh
[5.623s] -- Symlinking: /home/ros2/dev_ws/install/ros2srrc_irb6640_moveit2/share/ros2srrc_irb6640_moveit2/local_setup.zsh
[5.623s] -- Symlinking: /home/ros2/dev_ws/install/ros2srrc_irb6640_moveit2/share/ros2srrc_irb6640_moveit2/local_setup.dsv
[5.623s] -- Symlinking: /home/ros2/dev_ws/install/ros2srrc_irb6640_moveit2/share/ros2srrc_irb6640_moveit2/package.dsv
[5.623s] -- Symlinking: /home/ros2/dev_ws/install/ros2srrc_irb6640_moveit2/share/ament_index/resource_index/packages/ros2srrc_irb6640_moveit2
[5.623s] -- Symlinking: /home/ros2/dev_ws/install/ros2srrc_irb6640_moveit2/share/ros2srrc_irb6640_moveit2/cmake/ros2srrc_irb6640_moveit2Config.cmake
[5.623s] -- Symlinking: /home/ros2/dev_ws/install/ros2srrc_irb6640_moveit2/share/ros2srrc_irb6640_moveit2/cmake/ros2srrc_irb6640_moveit2Config-version.cmake
[5.623s] -- Symlinking: /home/ros2/dev_ws/install/ros2srrc_irb6640_moveit2/share/ros2srrc_irb6640_moveit2/package.xml
[5.636s] Invoked command in '/home/ros2/dev_ws/build/ros2srrc_irb6640_moveit2' returned '0': CMAKE_PREFIX_PATH=${CMAKE_PREFIX_PATH}:/opt/ros/humble /usr/bin/cmake --install /home/ros2/dev_ws/build/ros2srrc_irb6640_moveit2
