[0.167s] Invoking command in '/home/ros2/dev_ws/build/ros2srrc_ur3_gazebo': CMAKE_PREFIX_PATH=/opt/ros/humble /usr/bin/cmake /home/ros2/dev_ws/src/ros2_SimRealRobotControl/packages/ur3/ros2srrc_ur3_gazebo -DAMENT_CMAKE_SYMLINK_INSTALL=1 -DCMAKE_INSTALL_PREFIX=/home/ros2/dev_ws/install/ros2srrc_ur3_gazebo
[0.434s] -- The C compiler identification is GNU 11.4.0
[0.434s] -- The CXX compiler identification is GNU 11.4.0
[0.434s] -- Detecting C compiler ABI info
[0.578s] -- Detecting C compiler ABI info - done
[0.588s] -- Check for working C compiler: /usr/bin/cc - skipped
[0.588s] -- Detecting C compile features
[0.588s] -- Detecting C compile features - done
[0.588s] -- Detecting CXX compiler ABI info
[0.780s] -- Detecting CXX compiler ABI info - done
[0.798s] -- Check for working CXX compiler: /usr/bin/c++ - skipped
[0.798s] -- Detecting CXX compile features
[0.799s] -- Detecting CXX compile features - done
[0.806s] -- Found ament_cmake: 1.3.11 (/opt/ros/humble/share/ament_cmake/cmake)
[1.238s] -- Found Python3: /usr/bin/python3 (found version "3.10.12") found components: Interpreter 
[1.433s] -- Override CMake install command with custom implementation using symlinks instead of copying resources
[1.491s] -- Found ament_lint_auto: 0.12.12 (/opt/ros/humble/share/ament_lint_auto/cmake)
[1.628s] -- Added test 'copyright' to check source files copyright and LICENSE
[1.628s] -- Added test 'lint_cmake' to check CMake code style
[1.628s] -- Added test 'xmllint' to check XML markup files
[1.629s] -- Configuring done
[1.632s] -- Generating done
[1.638s] -- Build files have been written to: /home/ros2/dev_ws/build/ros2srrc_ur3_gazebo
[1.649s] Invoked command in '/home/ros2/dev_ws/build/ros2srrc_ur3_gazebo' returned '0': CMAKE_PREFIX_PATH=/opt/ros/humble /usr/bin/cmake /home/ros2/dev_ws/src/ros2_SimRealRobotControl/packages/ur3/ros2srrc_ur3_gazebo -DAMENT_CMAKE_SYMLINK_INSTALL=1 -DCMAKE_INSTALL_PREFIX=/home/ros2/dev_ws/install/ros2srrc_ur3_gazebo
[1.650s] Invoking command in '/home/ros2/dev_ws/build/ros2srrc_ur3_gazebo': CMAKE_PREFIX_PATH=/opt/ros/humble /usr/bin/cmake --build /home/ros2/dev_ws/build/ros2srrc_ur3_gazebo -- -j16 -l16
[2.101s] Invoked command in '/home/ros2/dev_ws/build/ros2srrc_ur3_gazebo' returned '0': CMAKE_PREFIX_PATH=/opt/ros/humble /usr/bin/cmake --build /home/ros2/dev_ws/build/ros2srrc_ur3_gazebo -- -j16 -l16
[2.109s] Invoking command in '/home/ros2/dev_ws/build/ros2srrc_ur3_gazebo': CMAKE_PREFIX_PATH=/opt/ros/humble /usr/bin/cmake --install /home/ros2/dev_ws/build/ros2srrc_ur3_gazebo
[2.639s] -- Install configuration: ""
[2.639s] -- Execute custom install script
[2.639s] -- Symlinking: /home/ros2/dev_ws/install/ros2srrc_ur3_gazebo/share/ros2srrc_ur3_gazebo/config/configurations.yaml
[2.639s] -- Symlinking: /home/ros2/dev_ws/install/ros2srrc_ur3_gazebo/share/ros2srrc_ur3_gazebo/urdf/ur3.urdf.xacro
[2.639s] -- Symlinking: /home/ros2/dev_ws/install/ros2srrc_ur3_gazebo/share/ros2srrc_ur3_gazebo/urdf/ur3_robotiq_2f85.urdf.xacro
[2.639s] -- Symlinking: /home/ros2/dev_ws/install/ros2srrc_ur3_gazebo/share/ros2srrc_ur3_gazebo/urdf/ur3_robotiq_hande.urdf.xacro
[2.639s] -- Symlinking: /home/ros2/dev_ws/install/ros2srrc_ur3_gazebo/share/ros2srrc_ur3_gazebo/worlds/ros2srrc_ur3.world
[2.639s] -- Symlinking: /home/ros2/dev_ws/install/ros2srrc_ur3_gazebo/share/ament_index/resource_index/package_run_dependencies/ros2srrc_ur3_gazebo
[2.640s] -- Symlinking: /home/ros2/dev_ws/install/ros2srrc_ur3_gazebo/share/ament_index/resource_index/parent_prefix_path/ros2srrc_ur3_gazebo
[2.640s] -- Symlinking: /home/ros2/dev_ws/install/ros2srrc_ur3_gazebo/share/ros2srrc_ur3_gazebo/environment/ament_prefix_path.sh
[2.640s] -- Symlinking: /home/ros2/dev_ws/install/ros2srrc_ur3_gazebo/share/ros2srrc_ur3_gazebo/environment/ament_prefix_path.dsv
[2.640s] -- Symlinking: /home/ros2/dev_ws/install/ros2srrc_ur3_gazebo/share/ros2srrc_ur3_gazebo/environment/path.sh
[2.641s] -- Symlinking: /home/ros2/dev_ws/install/ros2srrc_ur3_gazebo/share/ros2srrc_ur3_gazebo/environment/path.dsv
[2.641s] -- Symlinking: /home/ros2/dev_ws/install/ros2srrc_ur3_gazebo/share/ros2srrc_ur3_gazebo/local_setup.bash
[2.658s] -- Symlinking: /home/ros2/dev_ws/install/ros2srrc_ur3_gazebo/share/ros2srrc_ur3_gazebo/local_setup.sh
[2.658s] -- Symlinking: /home/ros2/dev_ws/install/ros2srrc_ur3_gazebo/share/ros2srrc_ur3_gazebo/local_setup.zsh
[2.658s] -- Symlinking: /home/ros2/dev_ws/install/ros2srrc_ur3_gazebo/share/ros2srrc_ur3_gazebo/local_setup.dsv
[2.658s] -- Symlinking: /home/ros2/dev_ws/install/ros2srrc_ur3_gazebo/share/ros2srrc_ur3_gazebo/package.dsv
[2.658s] -- Symlinking: /home/ros2/dev_ws/install/ros2srrc_ur3_gazebo/share/ament_index/resource_index/packages/ros2srrc_ur3_gazebo
[2.659s] -- Symlinking: /home/ros2/dev_ws/install/ros2srrc_ur3_gazebo/share/ros2srrc_ur3_gazebo/cmake/ros2srrc_ur3_gazeboConfig.cmake
[2.659s] -- Symlinking: /home/ros2/dev_ws/install/ros2srrc_ur3_gazebo/share/ros2srrc_ur3_gazebo/cmake/ros2srrc_ur3_gazeboConfig-version.cmake
[2.676s] -- Symlinking: /home/ros2/dev_ws/install/ros2srrc_ur3_gazebo/share/ros2srrc_ur3_gazebo/package.xml
[2.792s] Invoked command in '/home/ros2/dev_ws/build/ros2srrc_ur3_gazebo' returned '0': CMAKE_PREFIX_PATH=/opt/ros/humble /usr/bin/cmake --install /home/ros2/dev_ws/build/ros2srrc_ur3_gazebo
