[0.025s] Invoking command in '/home/ros2/dev_ws/build/ros2srrc_ur3_gazebo': CMAKE_PREFIX_PATH=${CMAKE_PREFIX_PATH}:/opt/ros/humble /usr/bin/cmake /home/ros2/dev_ws/src/ros2_SimRealRobotControl/packages/ur3/ros2srrc_ur3_gazebo -DAMENT_CMAKE_SYMLINK_INSTALL=1 -DCMAKE_INSTALL_PREFIX=/home/ros2/dev_ws/install/ros2srrc_ur3_gazebo
[1.304s] -- The C compiler identification is GNU 11.4.0
[1.304s] -- The CXX compiler identification is GNU 11.4.0
[1.304s] -- Detecting C compiler ABI info
[1.305s] -- Detecting C compiler ABI info - done
[1.305s] -- Check for working C compiler: /usr/bin/cc - skipped
[1.305s] -- Detecting C compile features
[1.305s] -- Detecting C compile features - done
[1.305s] -- Detecting CXX compiler ABI info
[1.305s] -- Detecting CXX compiler ABI info - done
[1.305s] -- Check for working CXX compiler: /usr/bin/c++ - skipped
[1.305s] -- Detecting CXX compile features
[1.306s] -- Detecting CXX compile features - done
[1.306s] -- Found ament_cmake: 1.3.11 (/opt/ros/humble/share/ament_cmake/cmake)
[1.436s] -- Found Python3: /usr/bin/python3 (found version "3.10.12") found components: Interpreter 
[1.569s] -- Override CMake install command with custom implementation using symlinks instead of copying resources
[1.659s] -- Found ament_lint_auto: 0.12.12 (/opt/ros/humble/share/ament_lint_auto/cmake)
[2.069s] -- Added test 'copyright' to check source files copyright and LICENSE
[2.077s] -- Added test 'lint_cmake' to check CMake code style
[2.079s] -- Added test 'xmllint' to check XML markup files
[2.083s] -- Configuring done
[2.089s] -- Generating done
[2.097s] -- Build files have been written to: /home/ros2/dev_ws/build/ros2srrc_ur3_gazebo
[2.141s] Invoked command in '/home/ros2/dev_ws/build/ros2srrc_ur3_gazebo' returned '0': CMAKE_PREFIX_PATH=${CMAKE_PREFIX_PATH}:/opt/ros/humble /usr/bin/cmake /home/ros2/dev_ws/src/ros2_SimRealRobotControl/packages/ur3/ros2srrc_ur3_gazebo -DAMENT_CMAKE_SYMLINK_INSTALL=1 -DCMAKE_INSTALL_PREFIX=/home/ros2/dev_ws/install/ros2srrc_ur3_gazebo
[2.142s] Invoking command in '/home/ros2/dev_ws/build/ros2srrc_ur3_gazebo': CMAKE_PREFIX_PATH=${CMAKE_PREFIX_PATH}:/opt/ros/humble /usr/bin/cmake --build /home/ros2/dev_ws/build/ros2srrc_ur3_gazebo -- -j16 -l16
[3.242s] Invoked command in '/home/ros2/dev_ws/build/ros2srrc_ur3_gazebo' returned '0': CMAKE_PREFIX_PATH=${CMAKE_PREFIX_PATH}:/opt/ros/humble /usr/bin/cmake --build /home/ros2/dev_ws/build/ros2srrc_ur3_gazebo -- -j16 -l16
[3.246s] Invoking command in '/home/ros2/dev_ws/build/ros2srrc_ur3_gazebo': CMAKE_PREFIX_PATH=${CMAKE_PREFIX_PATH}:/opt/ros/humble /usr/bin/cmake --install /home/ros2/dev_ws/build/ros2srrc_ur3_gazebo
[4.361s] -- Install configuration: ""
[4.361s] -- Execute custom install script
[4.361s] -- Symlinking: /home/ros2/dev_ws/install/ros2srrc_ur3_gazebo/share/ros2srrc_ur3_gazebo/config/configurations.yaml
[4.361s] -- Symlinking: /home/ros2/dev_ws/install/ros2srrc_ur3_gazebo/share/ros2srrc_ur3_gazebo/urdf/ur3.urdf.xacro
[4.362s] -- Symlinking: /home/ros2/dev_ws/install/ros2srrc_ur3_gazebo/share/ros2srrc_ur3_gazebo/urdf/ur3_robotiq_2f85.urdf.xacro
[4.362s] -- Symlinking: /home/ros2/dev_ws/install/ros2srrc_ur3_gazebo/share/ros2srrc_ur3_gazebo/urdf/ur3_robotiq_hande.urdf.xacro
[4.362s] -- Symlinking: /home/ros2/dev_ws/install/ros2srrc_ur3_gazebo/share/ros2srrc_ur3_gazebo/worlds/ros2srrc_ur3.world
[4.362s] -- Symlinking: /home/ros2/dev_ws/install/ros2srrc_ur3_gazebo/share/ament_index/resource_index/package_run_dependencies/ros2srrc_ur3_gazebo
[4.362s] -- Symlinking: /home/ros2/dev_ws/install/ros2srrc_ur3_gazebo/share/ament_index/resource_index/parent_prefix_path/ros2srrc_ur3_gazebo
[4.362s] -- Symlinking: /home/ros2/dev_ws/install/ros2srrc_ur3_gazebo/share/ros2srrc_ur3_gazebo/environment/ament_prefix_path.sh
[4.362s] -- Symlinking: /home/ros2/dev_ws/install/ros2srrc_ur3_gazebo/share/ros2srrc_ur3_gazebo/environment/ament_prefix_path.dsv
[4.362s] -- Symlinking: /home/ros2/dev_ws/install/ros2srrc_ur3_gazebo/share/ros2srrc_ur3_gazebo/environment/path.sh
[4.362s] -- Symlinking: /home/ros2/dev_ws/install/ros2srrc_ur3_gazebo/share/ros2srrc_ur3_gazebo/environment/path.dsv
[4.362s] -- Symlinking: /home/ros2/dev_ws/install/ros2srrc_ur3_gazebo/share/ros2srrc_ur3_gazebo/local_setup.bash
[4.362s] -- Symlinking: /home/ros2/dev_ws/install/ros2srrc_ur3_gazebo/share/ros2srrc_ur3_gazebo/local_setup.sh
[4.362s] -- Symlinking: /home/ros2/dev_ws/install/ros2srrc_ur3_gazebo/share/ros2srrc_ur3_gazebo/local_setup.zsh
[4.362s] -- Symlinking: /home/ros2/dev_ws/install/ros2srrc_ur3_gazebo/share/ros2srrc_ur3_gazebo/local_setup.dsv
[4.363s] -- Symlinking: /home/ros2/dev_ws/install/ros2srrc_ur3_gazebo/share/ros2srrc_ur3_gazebo/package.dsv
[4.363s] -- Symlinking: /home/ros2/dev_ws/install/ros2srrc_ur3_gazebo/share/ament_index/resource_index/packages/ros2srrc_ur3_gazebo
[4.363s] -- Symlinking: /home/ros2/dev_ws/install/ros2srrc_ur3_gazebo/share/ros2srrc_ur3_gazebo/cmake/ros2srrc_ur3_gazeboConfig.cmake
[4.363s] -- Symlinking: /home/ros2/dev_ws/install/ros2srrc_ur3_gazebo/share/ros2srrc_ur3_gazebo/cmake/ros2srrc_ur3_gazeboConfig-version.cmake
[4.363s] -- Symlinking: /home/ros2/dev_ws/install/ros2srrc_ur3_gazebo/share/ros2srrc_ur3_gazebo/package.xml
[4.390s] Invoked command in '/home/ros2/dev_ws/build/ros2srrc_ur3_gazebo' returned '0': CMAKE_PREFIX_PATH=${CMAKE_PREFIX_PATH}:/opt/ros/humble /usr/bin/cmake --install /home/ros2/dev_ws/build/ros2srrc_ur3_gazebo
