[0.047s] Invoking command in '/home/ros2/dev_ws/build/abb_libegm': CMAKE_PREFIX_PATH=/opt/ros/humble /usr/bin/cmake /home/ros2/dev_ws/src/ABBDriver/abb_libegm -DCMAKE_INSTALL_PREFIX=/home/ros2/dev_ws/install/abb_libegm
[0.132s] -- The CXX compiler identification is GNU 11.4.0
[0.141s] -- Detecting CXX compiler ABI info
[0.250s] -- Detecting CXX compiler ABI info - done
[0.259s] -- Check for working CXX compiler: /usr/bin/c++ - skipped
[0.260s] -- Detecting CXX compile features
[0.261s] -- Detecting CXX compile features - done
[0.478s] -- Found Boost: /usr/lib/x86_64-linux-gnu/cmake/Boost-1.74.0/BoostConfig.cmake (found version "1.74.0") found components: regex system thread 
[0.505s] -- Found Protobuf: /usr/lib/x86_64-linux-gnu/libprotobuf.so (found version "3.12.4") 
[0.505s] -- Generating protobuf C++ for: proto/egm.proto;proto/egm_wrapper.proto;proto/egm_wrapper_trajectory.proto
[0.505s] -- Found Threads: TRUE  
[0.507s] -- Performing Test COMPILER_HAS_HIDDEN_VISIBILITY
[0.616s] -- Performing Test COMPILER_HAS_HIDDEN_VISIBILITY - Success
[0.618s] -- Performing Test COMPILER_HAS_HIDDEN_INLINE_VISIBILITY
[0.734s] -- Performing Test COMPILER_HAS_HIDDEN_INLINE_VISIBILITY - Success
[0.734s] -- Performing Test COMPILER_HAS_DEPRECATED_ATTR
[0.866s] -- Performing Test COMPILER_HAS_DEPRECATED_ATTR - Success
[0.867s] -- Configuring done
[0.879s] -- Generating done
[0.880s] -- Build files have been written to: /home/ros2/dev_ws/build/abb_libegm
[0.895s] Invoked command in '/home/ros2/dev_ws/build/abb_libegm' returned '0': CMAKE_PREFIX_PATH=/opt/ros/humble /usr/bin/cmake /home/ros2/dev_ws/src/ABBDriver/abb_libegm -DCMAKE_INSTALL_PREFIX=/home/ros2/dev_ws/install/abb_libegm
[0.895s] Invoking command in '/home/ros2/dev_ws/build/abb_libegm': CMAKE_PREFIX_PATH=/opt/ros/humble /usr/bin/cmake --build /home/ros2/dev_ws/build/abb_libegm -- -j16 -l16
[2.644s] [  6%] [34m[1mRunning cpp protocol buffer compiler on proto/egm_wrapper_trajectory.proto[0m
[2.644s] [ 13%] [34m[1mRunning cpp protocol buffer compiler on proto/egm.proto[0m
[2.644s] [ 20%] [34m[1mRunning cpp protocol buffer compiler on proto/egm_wrapper.proto[0m
[2.644s] [ 26%] [32mBuilding CXX object CMakeFiles/abb_libegm.dir/src/egm_base_interface.cpp.o[0m
[2.644s] [ 33%] [32mBuilding CXX object CMakeFiles/abb_libegm.dir/src/egm_common.cpp.o[0m
[2.644s] [ 40%] [32mBuilding CXX object CMakeFiles/abb_libegm.dir/src/egm_controller_interface.cpp.o[0m
[2.645s] [ 46%] [32mBuilding CXX object CMakeFiles/abb_libegm.dir/egm.pb.cc.o[0m
[2.645s] [ 53%] [32mBuilding CXX object CMakeFiles/abb_libegm.dir/src/egm_udp_server.cpp.o[0m
[2.645s] [ 60%] [32mBuilding CXX object CMakeFiles/abb_libegm.dir/src/egm_logger.cpp.o[0m
[2.645s] [ 66%] [32mBuilding CXX object CMakeFiles/abb_libegm.dir/src/egm_common_auxiliary.cpp.o[0m
[2.645s] [ 73%] [32mBuilding CXX object CMakeFiles/abb_libegm.dir/egm_wrapper.pb.cc.o[0m
[2.645s] [ 80%] [32mBuilding CXX object CMakeFiles/abb_libegm.dir/src/egm_interpolator.cpp.o[0m
[2.645s] [ 86%] [32mBuilding CXX object CMakeFiles/abb_libegm.dir/src/egm_trajectory_interface.cpp.o[0m
[2.646s] [ 93%] [32mBuilding CXX object CMakeFiles/abb_libegm.dir/egm_wrapper_trajectory.pb.cc.o[0m
[2.647s] In file included from [01m[K/usr/include/boost/bind.hpp:30[m[K,
[2.647s]                  from [01m[K/home/ros2/dev_ws/src/ABBDriver/abb_libegm/src/egm_udp_server.cpp:37[m[K:
[2.647s] [01m[K/usr/include/boost/bind.hpp:36:1:[m[K [01;36m[Knote: [m[K‘[01m[K#pragma message: The practice of declaring the Bind placeholders (_1, _2, ...) in the global namespace is deprecated. Please use <boost/bind/bind.hpp> + using namespace boost::placeholders, or define BOOST_BIND_GLOBAL_PLACEHOLDERS to retain the current behavior.[m[K’
[2.647s]    36 | [01;36m[KBOOST_PRAGMA_MESSAGE[m[K(
[2.647s]       | [01;36m[K^~~~~~~~~~~~~~~~~~~~[m[K
[14.242s] [100%] [32m[1mLinking CXX shared library libabb_libegm.so[0m
[15.296s] [100%] Built target abb_libegm
[15.337s] Invoked command in '/home/ros2/dev_ws/build/abb_libegm' returned '0': CMAKE_PREFIX_PATH=/opt/ros/humble /usr/bin/cmake --build /home/ros2/dev_ws/build/abb_libegm -- -j16 -l16
[15.350s] Invoking command in '/home/ros2/dev_ws/build/abb_libegm': CMAKE_PREFIX_PATH=/opt/ros/humble /usr/bin/cmake --install /home/ros2/dev_ws/build/abb_libegm
[17.282s] -- Install configuration: ""
[17.282s] -- Installing: /home/ros2/dev_ws/install/abb_libegm/include
[17.282s] -- Installing: /home/ros2/dev_ws/install/abb_libegm/include/abb_libegm
[17.282s] -- Installing: /home/ros2/dev_ws/install/abb_libegm/include/abb_libegm/egm_trajectory_interface.h
[17.282s] -- Installing: /home/ros2/dev_ws/install/abb_libegm/include/abb_libegm/egm_common.h
[17.283s] -- Installing: /home/ros2/dev_ws/install/abb_libegm/include/abb_libegm/egm_logger.h
[17.283s] -- Installing: /home/ros2/dev_ws/install/abb_libegm/include/abb_libegm/egm_base_interface.h
[17.283s] -- Installing: /home/ros2/dev_ws/install/abb_libegm/include/abb_libegm/egm_interpolator.h
[17.283s] -- Installing: /home/ros2/dev_ws/install/abb_libegm/include/abb_libegm/egm_controller_interface.h
[17.283s] -- Installing: /home/ros2/dev_ws/install/abb_libegm/include/abb_libegm/egm_udp_server.h
[17.283s] -- Installing: /home/ros2/dev_ws/install/abb_libegm/include/abb_libegm/egm_common_auxiliary.h
[17.283s] -- Installing: /home/ros2/dev_ws/install/abb_libegm/include/abb_libegm/egm.proto
[17.283s] -- Installing: /home/ros2/dev_ws/install/abb_libegm/include/abb_libegm/egm_wrapper.proto
[17.283s] -- Installing: /home/ros2/dev_ws/install/abb_libegm/include/abb_libegm/egm_wrapper_trajectory.proto
[17.283s] -- Installing: /home/ros2/dev_ws/install/abb_libegm/include/abb_libegm/egm.pb.h
[17.283s] -- Installing: /home/ros2/dev_ws/install/abb_libegm/include/abb_libegm/egm_wrapper.pb.h
[17.283s] -- Installing: /home/ros2/dev_ws/install/abb_libegm/include/abb_libegm/egm_wrapper_trajectory.pb.h
[17.283s] -- Installing: /home/ros2/dev_ws/install/abb_libegm/include/abb_libegm/abb_libegm_export.h
[17.283s] -- Installing: /home/ros2/dev_ws/install/abb_libegm/lib/libabb_libegm.so
[17.283s] -- Installing: /home/ros2/dev_ws/install/abb_libegm/share/abb_libegm/abb_libegmConfig.cmake
[17.283s] -- Installing: /home/ros2/dev_ws/install/abb_libegm/share/abb_libegm/abb_libegmConfigVersion.cmake
[17.283s] -- Installing: /home/ros2/dev_ws/install/abb_libegm/share/abb_libegm/package.xml
[17.283s] -- Installing: /home/ros2/dev_ws/install/abb_libegm/share/abb_libegm/abb_libegmTargets.cmake
[17.284s] -- Installing: /home/ros2/dev_ws/install/abb_libegm/share/abb_libegm/abb_libegmTargets-noconfig.cmake
[17.352s] Invoked command in '/home/ros2/dev_ws/build/abb_libegm' returned '0': CMAKE_PREFIX_PATH=/opt/ros/humble /usr/bin/cmake --install /home/ros2/dev_ws/build/abb_libegm
