[0.044s] Invoking command in '/home/ros2/dev_ws/build/abb_irb1200_support': CMAKE_PREFIX_PATH=/opt/ros/humble /usr/bin/cmake /home/ros2/dev_ws/src/ABBDriver/abb_ros2/robot_specific_config/abb_irb1200_support -DAMENT_CMAKE_SYMLINK_INSTALL=1 -DCMAKE_INSTALL_PREFIX=/home/ros2/dev_ws/install/abb_irb1200_support
[0.109s] -- The C compiler identification is GNU 11.4.0
[0.181s] -- The CXX compiler identification is GNU 11.4.0
[0.190s] -- Detecting C compiler ABI info
[0.272s] -- Detecting C compiler ABI info - done
[0.278s] -- Check for working C compiler: /usr/bin/cc - skipped
[0.279s] -- Detecting C compile features
[0.279s] -- Detecting C compile features - done
[0.282s] -- Detecting CXX compiler ABI info
[0.380s] -- Detecting CXX compiler ABI info - done
[0.392s] -- Check for working CXX compiler: /usr/bin/c++ - skipped
[0.392s] -- Detecting CXX compile features
[0.392s] -- Detecting CXX compile features - done
[0.392s] -- Found ament_cmake: 1.3.11 (/opt/ros/humble/share/ament_cmake/cmake)
[0.583s] -- Found Python3: /usr/bin/python3 (found version "3.10.12") found components: Interpreter 
[0.664s] -- Override CMake install command with custom implementation using symlinks instead of copying resources
[0.777s] -- Configuring done
[0.780s] -- Generating done
[0.781s] -- Build files have been written to: /home/ros2/dev_ws/build/abb_irb1200_support
[0.795s] Invoked command in '/home/ros2/dev_ws/build/abb_irb1200_support' returned '0': CMAKE_PREFIX_PATH=/opt/ros/humble /usr/bin/cmake /home/ros2/dev_ws/src/ABBDriver/abb_ros2/robot_specific_config/abb_irb1200_support -DAMENT_CMAKE_SYMLINK_INSTALL=1 -DCMAKE_INSTALL_PREFIX=/home/ros2/dev_ws/install/abb_irb1200_support
[0.795s] Invoking command in '/home/ros2/dev_ws/build/abb_irb1200_support': CMAKE_PREFIX_PATH=/opt/ros/humble /usr/bin/cmake --build /home/ros2/dev_ws/build/abb_irb1200_support -- -j16 -l16
[2.637s] Invoked command in '/home/ros2/dev_ws/build/abb_irb1200_support' returned '0': CMAKE_PREFIX_PATH=/opt/ros/humble /usr/bin/cmake --build /home/ros2/dev_ws/build/abb_irb1200_support -- -j16 -l16
[2.661s] Invoking command in '/home/ros2/dev_ws/build/abb_irb1200_support': CMAKE_PREFIX_PATH=/opt/ros/humble /usr/bin/cmake --install /home/ros2/dev_ws/build/abb_irb1200_support
[2.797s] -- Install configuration: ""
[2.797s] -- Execute custom install script
[2.797s] -- Symlinking: /home/ros2/dev_ws/install/abb_irb1200_support/share/ament_index/resource_index/package_run_dependencies/abb_irb1200_support
[2.798s] -- Symlinking: /home/ros2/dev_ws/install/abb_irb1200_support/share/ament_index/resource_index/parent_prefix_path/abb_irb1200_support
[2.798s] -- Symlinking: /home/ros2/dev_ws/install/abb_irb1200_support/share/abb_irb1200_support/environment/ament_prefix_path.sh
[2.798s] -- Symlinking: /home/ros2/dev_ws/install/abb_irb1200_support/share/abb_irb1200_support/environment/ament_prefix_path.dsv
[2.798s] -- Symlinking: /home/ros2/dev_ws/install/abb_irb1200_support/share/abb_irb1200_support/environment/path.sh
[2.798s] -- Symlinking: /home/ros2/dev_ws/install/abb_irb1200_support/share/abb_irb1200_support/environment/path.dsv
[2.798s] -- Symlinking: /home/ros2/dev_ws/install/abb_irb1200_support/share/abb_irb1200_support/local_setup.bash
[2.814s] -- Symlinking: /home/ros2/dev_ws/install/abb_irb1200_support/share/abb_irb1200_support/local_setup.sh
[2.834s] -- Symlinking: /home/ros2/dev_ws/install/abb_irb1200_support/share/abb_irb1200_support/local_setup.zsh
[2.848s] -- Symlinking: /home/ros2/dev_ws/install/abb_irb1200_support/share/abb_irb1200_support/local_setup.dsv
[2.865s] -- Symlinking: /home/ros2/dev_ws/install/abb_irb1200_support/share/abb_irb1200_support/package.dsv
[2.898s] -- Symlinking: /home/ros2/dev_ws/install/abb_irb1200_support/share/ament_index/resource_index/packages/abb_irb1200_support
[2.916s] -- Symlinking: /home/ros2/dev_ws/install/abb_irb1200_support/share/abb_irb1200_support/cmake/abb_irb1200_supportConfig.cmake
[2.947s] -- Symlinking: /home/ros2/dev_ws/install/abb_irb1200_support/share/abb_irb1200_support/cmake/abb_irb1200_supportConfig-version.cmake
[2.963s] -- Symlinking: /home/ros2/dev_ws/install/abb_irb1200_support/share/abb_irb1200_support/package.xml
[2.992s] -- Symlinking: /home/ros2/dev_ws/install/abb_irb1200_support/share/abb_irb1200_support/launch/view_robot.launch.py
[3.017s] -- Symlinking: /home/ros2/dev_ws/install/abb_irb1200_support/share/abb_irb1200_support/meshes/irb1200_5_90/collision/base_link.stl
[3.038s] -- Symlinking: /home/ros2/dev_ws/install/abb_irb1200_support/share/abb_irb1200_support/meshes/irb1200_5_90/collision/link_1.stl
[3.074s] -- Symlinking: /home/ros2/dev_ws/install/abb_irb1200_support/share/abb_irb1200_support/meshes/irb1200_5_90/collision/link_2.stl
[3.101s] -- Symlinking: /home/ros2/dev_ws/install/abb_irb1200_support/share/abb_irb1200_support/meshes/irb1200_5_90/collision/link_3.stl
[3.129s] -- Symlinking: /home/ros2/dev_ws/install/abb_irb1200_support/share/abb_irb1200_support/meshes/irb1200_5_90/collision/link_4.stl
[3.150s] -- Symlinking: /home/ros2/dev_ws/install/abb_irb1200_support/share/abb_irb1200_support/meshes/irb1200_5_90/collision/link_5.stl
[3.180s] -- Symlinking: /home/ros2/dev_ws/install/abb_irb1200_support/share/abb_irb1200_support/meshes/irb1200_5_90/collision/link_6.stl
[3.196s] -- Symlinking: /home/ros2/dev_ws/install/abb_irb1200_support/share/abb_irb1200_support/meshes/irb1200_5_90/visual/base_link.dae
[3.209s] -- Symlinking: /home/ros2/dev_ws/install/abb_irb1200_support/share/abb_irb1200_support/meshes/irb1200_5_90/visual/link_1.dae
[3.229s] -- Symlinking: /home/ros2/dev_ws/install/abb_irb1200_support/share/abb_irb1200_support/meshes/irb1200_5_90/visual/link_2.dae
[3.271s] -- Symlinking: /home/ros2/dev_ws/install/abb_irb1200_support/share/abb_irb1200_support/meshes/irb1200_5_90/visual/link_3.dae
[3.292s] -- Symlinking: /home/ros2/dev_ws/install/abb_irb1200_support/share/abb_irb1200_support/meshes/irb1200_5_90/visual/link_4.dae
[3.330s] -- Symlinking: /home/ros2/dev_ws/install/abb_irb1200_support/share/abb_irb1200_support/meshes/irb1200_5_90/visual/link_5.dae
[3.336s] -- Symlinking: /home/ros2/dev_ws/install/abb_irb1200_support/share/abb_irb1200_support/meshes/irb1200_5_90/visual/link_6.dae
[3.350s] -- Symlinking: /home/ros2/dev_ws/install/abb_irb1200_support/share/abb_irb1200_support/rviz/urdf_description.rviz
[3.386s] -- Symlinking: /home/ros2/dev_ws/install/abb_irb1200_support/share/abb_irb1200_support/urdf/irb1200.ros2_control.xacro
[3.448s] -- Symlinking: /home/ros2/dev_ws/install/abb_irb1200_support/share/abb_irb1200_support/urdf/irb1200_5_90.xacro
[3.475s] -- Symlinking: /home/ros2/dev_ws/install/abb_irb1200_support/share/abb_irb1200_support/urdf/irb1200_5_90_macro.xacro
[3.531s] Invoked command in '/home/ros2/dev_ws/build/abb_irb1200_support' returned '0': CMAKE_PREFIX_PATH=/opt/ros/humble /usr/bin/cmake --install /home/ros2/dev_ws/build/abb_irb1200_support
