[0.146s] Invoking command in '/home/ros2/dev_ws/build/ros2srrc_irb1600_gazebo': CMAKE_PREFIX_PATH=/opt/ros/humble /usr/bin/cmake /home/ros2/dev_ws/src/ros2_SimRealRobotControl/packages/irb1600/ros2srrc_irb1600_gazebo -DAMENT_CMAKE_SYMLINK_INSTALL=1 -DCMAKE_INSTALL_PREFIX=/home/ros2/dev_ws/install/ros2srrc_irb1600_gazebo
[1.228s] -- The C compiler identification is GNU 11.4.0
[1.228s] -- The CXX compiler identification is GNU 11.4.0
[1.228s] -- Detecting C compiler ABI info
[1.228s] -- Detecting C compiler ABI info - done
[1.228s] -- Check for working C compiler: /usr/bin/cc - skipped
[1.228s] -- Detecting C compile features
[1.228s] -- Detecting C compile features - done
[1.228s] -- Detecting CXX compiler ABI info
[1.229s] -- Detecting CXX compiler ABI info - done
[1.229s] -- Check for working CXX compiler: /usr/bin/c++ - skipped
[1.229s] -- Detecting CXX compile features
[1.229s] -- Detecting CXX compile features - done
[1.229s] -- Found ament_cmake: 1.3.11 (/opt/ros/humble/share/ament_cmake/cmake)
[1.442s] -- Found Python3: /usr/bin/python3 (found version "3.10.12") found components: Interpreter 
[1.744s] -- Override CMake install command with custom implementation using symlinks instead of copying resources
[1.822s] -- Found ament_lint_auto: 0.12.12 (/opt/ros/humble/share/ament_lint_auto/cmake)
[2.022s] -- Added test 'copyright' to check source files copyright and LICENSE
[2.024s] -- Added test 'lint_cmake' to check CMake code style
[2.026s] -- Added test 'xmllint' to check XML markup files
[2.031s] -- Configuring done
[2.040s] -- Generating done
[2.044s] -- Build files have been written to: /home/ros2/dev_ws/build/ros2srrc_irb1600_gazebo
[2.097s] Invoked command in '/home/ros2/dev_ws/build/ros2srrc_irb1600_gazebo' returned '0': CMAKE_PREFIX_PATH=/opt/ros/humble /usr/bin/cmake /home/ros2/dev_ws/src/ros2_SimRealRobotControl/packages/irb1600/ros2srrc_irb1600_gazebo -DAMENT_CMAKE_SYMLINK_INSTALL=1 -DCMAKE_INSTALL_PREFIX=/home/ros2/dev_ws/install/ros2srrc_irb1600_gazebo
[2.098s] Invoking command in '/home/ros2/dev_ws/build/ros2srrc_irb1600_gazebo': CMAKE_PREFIX_PATH=/opt/ros/humble /usr/bin/cmake --build /home/ros2/dev_ws/build/ros2srrc_irb1600_gazebo -- -j16 -l16
[2.806s] Invoked command in '/home/ros2/dev_ws/build/ros2srrc_irb1600_gazebo' returned '0': CMAKE_PREFIX_PATH=/opt/ros/humble /usr/bin/cmake --build /home/ros2/dev_ws/build/ros2srrc_irb1600_gazebo -- -j16 -l16
[2.806s] Invoking command in '/home/ros2/dev_ws/build/ros2srrc_irb1600_gazebo': CMAKE_PREFIX_PATH=/opt/ros/humble /usr/bin/cmake --install /home/ros2/dev_ws/build/ros2srrc_irb1600_gazebo
[4.883s] -- Install configuration: ""
[4.883s] -- Execute custom install script
[4.883s] -- Symlinking: /home/ros2/dev_ws/install/ros2srrc_irb1600_gazebo/share/ros2srrc_irb1600_gazebo/config/configurations.yaml
[4.883s] -- Symlinking: /home/ros2/dev_ws/install/ros2srrc_irb1600_gazebo/share/ros2srrc_irb1600_gazebo/urdf/irb1600.urdf.xacro
[4.883s] -- Symlinking: /home/ros2/dev_ws/install/ros2srrc_irb1600_gazebo/share/ros2srrc_irb1600_gazebo/worlds/ros2srrc_irb1600.world
[4.883s] -- Symlinking: /home/ros2/dev_ws/install/ros2srrc_irb1600_gazebo/share/ament_index/resource_index/package_run_dependencies/ros2srrc_irb1600_gazebo
[4.883s] -- Symlinking: /home/ros2/dev_ws/install/ros2srrc_irb1600_gazebo/share/ament_index/resource_index/parent_prefix_path/ros2srrc_irb1600_gazebo
[4.883s] -- Symlinking: /home/ros2/dev_ws/install/ros2srrc_irb1600_gazebo/share/ros2srrc_irb1600_gazebo/environment/ament_prefix_path.sh
[4.883s] -- Symlinking: /home/ros2/dev_ws/install/ros2srrc_irb1600_gazebo/share/ros2srrc_irb1600_gazebo/environment/ament_prefix_path.dsv
[4.884s] -- Symlinking: /home/ros2/dev_ws/install/ros2srrc_irb1600_gazebo/share/ros2srrc_irb1600_gazebo/environment/path.sh
[4.884s] -- Symlinking: /home/ros2/dev_ws/install/ros2srrc_irb1600_gazebo/share/ros2srrc_irb1600_gazebo/environment/path.dsv
[4.884s] -- Symlinking: /home/ros2/dev_ws/install/ros2srrc_irb1600_gazebo/share/ros2srrc_irb1600_gazebo/local_setup.bash
[4.884s] -- Symlinking: /home/ros2/dev_ws/install/ros2srrc_irb1600_gazebo/share/ros2srrc_irb1600_gazebo/local_setup.sh
[4.884s] -- Symlinking: /home/ros2/dev_ws/install/ros2srrc_irb1600_gazebo/share/ros2srrc_irb1600_gazebo/local_setup.zsh
[4.884s] -- Symlinking: /home/ros2/dev_ws/install/ros2srrc_irb1600_gazebo/share/ros2srrc_irb1600_gazebo/local_setup.dsv
[4.884s] -- Symlinking: /home/ros2/dev_ws/install/ros2srrc_irb1600_gazebo/share/ros2srrc_irb1600_gazebo/package.dsv
[4.884s] -- Symlinking: /home/ros2/dev_ws/install/ros2srrc_irb1600_gazebo/share/ament_index/resource_index/packages/ros2srrc_irb1600_gazebo
[4.884s] -- Symlinking: /home/ros2/dev_ws/install/ros2srrc_irb1600_gazebo/share/ros2srrc_irb1600_gazebo/cmake/ros2srrc_irb1600_gazeboConfig.cmake
[4.884s] -- Symlinking: /home/ros2/dev_ws/install/ros2srrc_irb1600_gazebo/share/ros2srrc_irb1600_gazebo/cmake/ros2srrc_irb1600_gazeboConfig-version.cmake
[4.884s] -- Symlinking: /home/ros2/dev_ws/install/ros2srrc_irb1600_gazebo/share/ros2srrc_irb1600_gazebo/package.xml
[4.989s] Invoked command in '/home/ros2/dev_ws/build/ros2srrc_irb1600_gazebo' returned '0': CMAKE_PREFIX_PATH=/opt/ros/humble /usr/bin/cmake --install /home/ros2/dev_ws/build/ros2srrc_irb1600_gazebo
