[0.177s] Invoking command in '/home/ros2/dev_ws/build/ros2srrc_ur10_moveit2': CMAKE_PREFIX_PATH=/opt/ros/humble /usr/bin/cmake /home/ros2/dev_ws/src/ros2_SimRealRobotControl/packages/ur10/ros2srrc_ur10_moveit2 -DAMENT_CMAKE_SYMLINK_INSTALL=1 -DCMAKE_INSTALL_PREFIX=/home/ros2/dev_ws/install/ros2srrc_ur10_moveit2
[0.708s] -- The C compiler identification is GNU 11.4.0
[0.708s] -- The CXX compiler identification is GNU 11.4.0
[0.708s] -- Detecting C compiler ABI info
[0.892s] -- Detecting C compiler ABI info - done
[0.931s] -- Check for working C compiler: /usr/bin/cc - skipped
[0.931s] -- Detecting C compile features
[0.932s] -- Detecting C compile features - done
[0.947s] -- Detecting CXX compiler ABI info
[1.216s] -- Detecting CXX compiler ABI info - done
[1.237s] -- Check for working CXX compiler: /usr/bin/c++ - skipped
[1.239s] -- Detecting CXX compile features
[1.239s] -- Detecting CXX compile features - done
[1.247s] -- Found ament_cmake: 1.3.11 (/opt/ros/humble/share/ament_cmake/cmake)
[1.862s] -- Found Python3: /usr/bin/python3 (found version "3.10.12") found components: Interpreter 
[2.012s] -- Override CMake install command with custom implementation using symlinks instead of copying resources
[2.058s] -- Found ament_lint_auto: 0.12.12 (/opt/ros/humble/share/ament_lint_auto/cmake)
[2.336s] -- Added test 'copyright' to check source files copyright and LICENSE
[2.336s] -- Added test 'lint_cmake' to check CMake code style
[2.336s] -- Added test 'xmllint' to check XML markup files
[2.337s] -- Configuring done
[2.337s] -- Generating done
[2.337s] -- Build files have been written to: /home/ros2/dev_ws/build/ros2srrc_ur10_moveit2
[2.366s] Invoked command in '/home/ros2/dev_ws/build/ros2srrc_ur10_moveit2' returned '0': CMAKE_PREFIX_PATH=/opt/ros/humble /usr/bin/cmake /home/ros2/dev_ws/src/ros2_SimRealRobotControl/packages/ur10/ros2srrc_ur10_moveit2 -DAMENT_CMAKE_SYMLINK_INSTALL=1 -DCMAKE_INSTALL_PREFIX=/home/ros2/dev_ws/install/ros2srrc_ur10_moveit2
[2.367s] Invoking command in '/home/ros2/dev_ws/build/ros2srrc_ur10_moveit2': CMAKE_PREFIX_PATH=/opt/ros/humble /usr/bin/cmake --build /home/ros2/dev_ws/build/ros2srrc_ur10_moveit2 -- -j16 -l16
[2.766s] Invoked command in '/home/ros2/dev_ws/build/ros2srrc_ur10_moveit2' returned '0': CMAKE_PREFIX_PATH=/opt/ros/humble /usr/bin/cmake --build /home/ros2/dev_ws/build/ros2srrc_ur10_moveit2 -- -j16 -l16
[2.767s] Invoking command in '/home/ros2/dev_ws/build/ros2srrc_ur10_moveit2': CMAKE_PREFIX_PATH=/opt/ros/humble /usr/bin/cmake --install /home/ros2/dev_ws/build/ros2srrc_ur10_moveit2
[3.132s] -- Install configuration: ""
[3.132s] -- Execute custom install script
[3.133s] -- Symlinking: /home/ros2/dev_ws/install/ros2srrc_ur10_moveit2/share/ros2srrc_ur10_moveit2/config/ur10.srdf
[3.133s] -- Symlinking: /home/ros2/dev_ws/install/ros2srrc_ur10_moveit2/share/ros2srrc_ur10_moveit2/config/ur10_moveit2.rviz
[3.133s] -- Symlinking: /home/ros2/dev_ws/install/ros2srrc_ur10_moveit2/share/ros2srrc_ur10_moveit2/config/ur10robotiq_2f85.srdf
[3.134s] -- Symlinking: /home/ros2/dev_ws/install/ros2srrc_ur10_moveit2/share/ros2srrc_ur10_moveit2/config/ur10robotiq_2f85_moveit2.rviz
[3.134s] -- Symlinking: /home/ros2/dev_ws/install/ros2srrc_ur10_moveit2/share/ros2srrc_ur10_moveit2/config/ur10robotiq_hande.srdf
[3.134s] -- Symlinking: /home/ros2/dev_ws/install/ros2srrc_ur10_moveit2/share/ros2srrc_ur10_moveit2/config/ur10robotiq_hande_moveit2.rviz
[3.134s] -- Symlinking: /home/ros2/dev_ws/install/ros2srrc_ur10_moveit2/share/ament_index/resource_index/package_run_dependencies/ros2srrc_ur10_moveit2
[3.134s] -- Symlinking: /home/ros2/dev_ws/install/ros2srrc_ur10_moveit2/share/ament_index/resource_index/parent_prefix_path/ros2srrc_ur10_moveit2
[3.134s] -- Symlinking: /home/ros2/dev_ws/install/ros2srrc_ur10_moveit2/share/ros2srrc_ur10_moveit2/environment/ament_prefix_path.sh
[3.135s] -- Symlinking: /home/ros2/dev_ws/install/ros2srrc_ur10_moveit2/share/ros2srrc_ur10_moveit2/environment/ament_prefix_path.dsv
[3.135s] -- Symlinking: /home/ros2/dev_ws/install/ros2srrc_ur10_moveit2/share/ros2srrc_ur10_moveit2/environment/path.sh
[3.140s] -- Symlinking: /home/ros2/dev_ws/install/ros2srrc_ur10_moveit2/share/ros2srrc_ur10_moveit2/environment/path.dsv
[3.140s] -- Symlinking: /home/ros2/dev_ws/install/ros2srrc_ur10_moveit2/share/ros2srrc_ur10_moveit2/local_setup.bash
[3.140s] -- Symlinking: /home/ros2/dev_ws/install/ros2srrc_ur10_moveit2/share/ros2srrc_ur10_moveit2/local_setup.sh
[3.140s] -- Symlinking: /home/ros2/dev_ws/install/ros2srrc_ur10_moveit2/share/ros2srrc_ur10_moveit2/local_setup.zsh
[3.140s] -- Symlinking: /home/ros2/dev_ws/install/ros2srrc_ur10_moveit2/share/ros2srrc_ur10_moveit2/local_setup.dsv
[3.140s] -- Symlinking: /home/ros2/dev_ws/install/ros2srrc_ur10_moveit2/share/ros2srrc_ur10_moveit2/package.dsv
[3.142s] -- Symlinking: /home/ros2/dev_ws/install/ros2srrc_ur10_moveit2/share/ament_index/resource_index/packages/ros2srrc_ur10_moveit2
[3.165s] -- Symlinking: /home/ros2/dev_ws/install/ros2srrc_ur10_moveit2/share/ros2srrc_ur10_moveit2/cmake/ros2srrc_ur10_moveit2Config.cmake
[3.180s] -- Symlinking: /home/ros2/dev_ws/install/ros2srrc_ur10_moveit2/share/ros2srrc_ur10_moveit2/cmake/ros2srrc_ur10_moveit2Config-version.cmake
[3.208s] -- Symlinking: /home/ros2/dev_ws/install/ros2srrc_ur10_moveit2/share/ros2srrc_ur10_moveit2/package.xml
[3.351s] Invoked command in '/home/ros2/dev_ws/build/ros2srrc_ur10_moveit2' returned '0': CMAKE_PREFIX_PATH=/opt/ros/humble /usr/bin/cmake --install /home/ros2/dev_ws/build/ros2srrc_ur10_moveit2
