[0.050s] Invoking command in '/home/ros2/dev_ws/build/linkpose_msgs': CMAKE_PREFIX_PATH=${CMAKE_PREFIX_PATH}:/opt/ros/humble /usr/bin/cmake /home/ros2/dev_ws/src/IFRA_LinkPose/linkpose_msgs -DAMENT_CMAKE_SYMLINK_INSTALL=1 -DCMAKE_INSTALL_PREFIX=/home/ros2/dev_ws/install/linkpose_msgs
[0.132s] -- The C compiler identification is GNU 11.4.0
[0.226s] -- The CXX compiler identification is GNU 11.4.0
[0.236s] -- Detecting C compiler ABI info
[0.348s] -- Detecting C compiler ABI info - done
[0.358s] -- Check for working C compiler: /usr/bin/cc - skipped
[0.359s] -- Detecting C compile features
[0.360s] -- Detecting C compile features - done
[0.362s] -- Detecting CXX compiler ABI info
[0.497s] -- Detecting CXX compiler ABI info - done
[0.505s] -- Check for working CXX compiler: /usr/bin/c++ - skipped
[0.505s] -- Detecting CXX compile features
[0.505s] -- Detecting CXX compile features - done
[0.508s] -- Found ament_cmake: 1.3.11 (/opt/ros/humble/share/ament_cmake/cmake)
[0.756s] -- Found Python3: /usr/bin/python3 (found version "3.10.12") found components: Interpreter 
[0.863s] -- Override CMake install command with custom implementation using symlinks instead of copying resources
[0.905s] -- Found ament_lint_auto: 0.12.12 (/opt/ros/humble/share/ament_lint_auto/cmake)
[1.021s] -- Found rosidl_default_generators: 1.2.0 (/opt/ros/humble/share/rosidl_default_generators/cmake)
[1.029s] -- Using all available rosidl_typesupport_c: rosidl_typesupport_fastrtps_c;rosidl_typesupport_introspection_c
[1.038s] -- Found rosidl_adapter: 3.1.6 (/opt/ros/humble/share/rosidl_adapter/cmake)
[1.094s] -- Using all available rosidl_typesupport_cpp: rosidl_typesupport_fastrtps_cpp;rosidl_typesupport_introspection_cpp
[1.455s] -- Found ament_cmake_ros: 0.10.0 (/opt/ros/humble/share/ament_cmake_ros/cmake)
[1.986s] -- Using all available rosidl_typesupport_c: rosidl_typesupport_fastrtps_c;rosidl_typesupport_introspection_c
[2.743s] -- Using all available rosidl_typesupport_cpp: rosidl_typesupport_fastrtps_cpp;rosidl_typesupport_introspection_cpp
[2.782s] -- Found PythonInterp: /usr/bin/python3 (found suitable version "3.10.12", minimum required is "3.6") 
[2.784s] -- Found python_cmake_module: 0.10.0 (/opt/ros/humble/share/python_cmake_module/cmake)
[2.831s] -- Found PythonLibs: /usr/lib/x86_64-linux-gnu/libpython3.10.so (found suitable version "3.10.12", minimum required is "3.5") 
[2.831s] -- Using PYTHON_EXECUTABLE: /usr/bin/python3
[2.831s] -- Using PYTHON_INCLUDE_DIRS: /usr/include/python3.10
[2.832s] -- Using PYTHON_LIBRARIES: /usr/lib/x86_64-linux-gnu/libpython3.10.so
[2.915s] -- Found PythonExtra: .so  
[3.017s] -- Added test 'copyright' to check source files copyright and LICENSE
[3.021s] -- Added test 'lint_cmake' to check CMake code style
[3.023s] -- Added test 'xmllint' to check XML markup files
[3.033s] -- Configuring done
[3.074s] -- Generating done
[3.103s] -- Build files have been written to: /home/ros2/dev_ws/build/linkpose_msgs
[3.162s] Invoked command in '/home/ros2/dev_ws/build/linkpose_msgs' returned '0': CMAKE_PREFIX_PATH=${CMAKE_PREFIX_PATH}:/opt/ros/humble /usr/bin/cmake /home/ros2/dev_ws/src/IFRA_LinkPose/linkpose_msgs -DAMENT_CMAKE_SYMLINK_INSTALL=1 -DCMAKE_INSTALL_PREFIX=/home/ros2/dev_ws/install/linkpose_msgs
[3.169s] Invoking command in '/home/ros2/dev_ws/build/linkpose_msgs': CMAKE_PREFIX_PATH=${CMAKE_PREFIX_PATH}:/opt/ros/humble /usr/bin/cmake --build /home/ros2/dev_ws/build/linkpose_msgs -- -j16 -l16
[3.902s] [  3%] [34m[1mGenerating C code for ROS interfaces[0m
[3.903s] [  6%] [34m[1mGenerating C++ code for ROS interfaces[0m
[3.903s] [  6%] Built target ament_cmake_python_symlink_linkpose_msgs
[4.350s] [  6%] Built target linkpose_msgs__cpp
[4.410s] [  9%] [34m[1mGenerating C++ type support for eProsima Fast-RTPS[0m
[4.410s] [ 12%] [34m[1mGenerating C++ introspection for ROS interfaces[0m
[4.411s] [ 16%] [34m[1mGenerating C++ type support dispatch for ROS interfaces[0m
[4.467s] [ 19%] [32mBuilding C object CMakeFiles/linkpose_msgs__rosidl_generator_c.dir/rosidl_generator_c/linkpose_msgs/msg/detail/link_pose__functions.c.o[0m
[4.514s] running egg_info
[4.515s] creating linkpose_msgs.egg-info
[4.515s] writing linkpose_msgs.egg-info/PKG-INFO
[4.515s] writing dependency_links to linkpose_msgs.egg-info/dependency_links.txt
[4.516s] writing top-level names to linkpose_msgs.egg-info/top_level.txt
[4.516s] writing manifest file 'linkpose_msgs.egg-info/SOURCES.txt'
[4.537s] reading manifest file 'linkpose_msgs.egg-info/SOURCES.txt'
[4.537s] writing manifest file 'linkpose_msgs.egg-info/SOURCES.txt'
[4.676s] [ 22%] [32m[1mLinking C shared library liblinkpose_msgs__rosidl_generator_c.so[0m
[4.827s] [ 22%] Built target ament_cmake_python_build_linkpose_msgs_egg
[4.845s] [ 22%] Built target linkpose_msgs__rosidl_generator_c
[4.873s] [ 25%] [34m[1mGenerating C type support for eProsima Fast-RTPS[0m
[4.878s] [ 29%] [34m[1mGenerating C introspection for ROS interfaces[0m
[4.925s] [ 32%] [34m[1mGenerating C type support dispatch for ROS interfaces[0m
[5.374s] [ 35%] [32mBuilding CXX object CMakeFiles/linkpose_msgs__rosidl_typesupport_fastrtps_cpp.dir/rosidl_typesupport_fastrtps_cpp/linkpose_msgs/msg/detail/dds_fastrtps/link_pose__type_support.cpp.o[0m
[5.796s] [ 38%] [32mBuilding CXX object CMakeFiles/linkpose_msgs__rosidl_typesupport_cpp.dir/rosidl_typesupport_cpp/linkpose_msgs/msg/link_pose__type_support.cpp.o[0m
[5.971s] [ 41%] [32mBuilding CXX object CMakeFiles/linkpose_msgs__rosidl_typesupport_introspection_cpp.dir/rosidl_typesupport_introspection_cpp/linkpose_msgs/msg/detail/link_pose__type_support.cpp.o[0m
[6.240s] [ 45%] [32mBuilding CXX object CMakeFiles/linkpose_msgs__rosidl_typesupport_fastrtps_c.dir/rosidl_typesupport_fastrtps_c/linkpose_msgs/msg/detail/link_pose__type_support_c.cpp.o[0m
[6.284s] [ 48%] [32m[1mLinking CXX shared library liblinkpose_msgs__rosidl_typesupport_fastrtps_cpp.so[0m
[6.284s] [ 51%] [32mBuilding CXX object CMakeFiles/linkpose_msgs__rosidl_typesupport_c.dir/rosidl_typesupport_c/linkpose_msgs/msg/link_pose__type_support.cpp.o[0m
[6.382s] [ 54%] [32mBuilding C object CMakeFiles/linkpose_msgs__rosidl_typesupport_introspection_c.dir/rosidl_typesupport_introspection_c/linkpose_msgs/msg/detail/link_pose__type_support.c.o[0m
[6.396s] [ 58%] [32m[1mLinking CXX shared library liblinkpose_msgs__rosidl_typesupport_c.so[0m
[6.481s] [ 61%] [32m[1mLinking CXX shared library liblinkpose_msgs__rosidl_typesupport_cpp.so[0m
[6.579s] [ 61%] Built target linkpose_msgs__rosidl_typesupport_c
[6.609s] [ 64%] [32m[1mLinking C shared library liblinkpose_msgs__rosidl_typesupport_introspection_c.so[0m
[6.706s] [ 64%] Built target linkpose_msgs__rosidl_typesupport_cpp
[6.714s] [ 64%] Built target linkpose_msgs__rosidl_typesupport_fastrtps_cpp
[6.760s] [ 64%] Built target linkpose_msgs__rosidl_typesupport_introspection_c
[7.934s] [ 67%] [32m[1mLinking CXX shared library liblinkpose_msgs__rosidl_typesupport_introspection_cpp.so[0m
[8.015s] [ 70%] [32m[1mLinking CXX shared library liblinkpose_msgs__rosidl_typesupport_fastrtps_c.so[0m
[8.125s] [ 70%] Built target linkpose_msgs__rosidl_typesupport_introspection_cpp
[8.239s] [ 70%] Built target linkpose_msgs__rosidl_typesupport_fastrtps_c
[8.299s] [ 70%] Built target linkpose_msgs
[8.374s] [ 74%] [34m[1mGenerating Python code for ROS interfaces[0m
[9.131s] [ 74%] Built target linkpose_msgs__py
[9.190s] [ 77%] [32mBuilding C object CMakeFiles/linkpose_msgs__rosidl_generator_py.dir/rosidl_generator_py/linkpose_msgs/msg/_link_pose_s.c.o[0m
[9.486s] [ 80%] [32m[1mLinking C shared library rosidl_generator_py/linkpose_msgs/liblinkpose_msgs__rosidl_generator_py.so[0m
[9.638s] [ 80%] Built target linkpose_msgs__rosidl_generator_py
[9.690s] [ 83%] [32mBuilding C object CMakeFiles/linkpose_msgs__rosidl_typesupport_fastrtps_c__pyext.dir/rosidl_generator_py/linkpose_msgs/_linkpose_msgs_s.ep.rosidl_typesupport_fastrtps_c.c.o[0m
[9.706s] [ 87%] [32mBuilding C object CMakeFiles/linkpose_msgs__rosidl_typesupport_introspection_c__pyext.dir/rosidl_generator_py/linkpose_msgs/_linkpose_msgs_s.ep.rosidl_typesupport_introspection_c.c.o[0m
[9.722s] [ 90%] [32mBuilding C object CMakeFiles/linkpose_msgs__rosidl_typesupport_c__pyext.dir/rosidl_generator_py/linkpose_msgs/_linkpose_msgs_s.ep.rosidl_typesupport_c.c.o[0m
[9.945s] [ 93%] [32m[1mLinking C shared library rosidl_generator_py/linkpose_msgs/linkpose_msgs_s__rosidl_typesupport_fastrtps_c.cpython-310-x86_64-linux-gnu.so[0m
[9.953s] [ 96%] [32m[1mLinking C shared library rosidl_generator_py/linkpose_msgs/linkpose_msgs_s__rosidl_typesupport_c.cpython-310-x86_64-linux-gnu.so[0m
[9.973s] [100%] [32m[1mLinking C shared library rosidl_generator_py/linkpose_msgs/linkpose_msgs_s__rosidl_typesupport_introspection_c.cpython-310-x86_64-linux-gnu.so[0m
[10.044s] [100%] Built target linkpose_msgs__rosidl_typesupport_fastrtps_c__pyext
[10.052s] [100%] Built target linkpose_msgs__rosidl_typesupport_c__pyext
[10.095s] [100%] Built target linkpose_msgs__rosidl_typesupport_introspection_c__pyext
[10.140s] Invoked command in '/home/ros2/dev_ws/build/linkpose_msgs' returned '0': CMAKE_PREFIX_PATH=${CMAKE_PREFIX_PATH}:/opt/ros/humble /usr/bin/cmake --build /home/ros2/dev_ws/build/linkpose_msgs -- -j16 -l16
[10.143s] Invoking command in '/home/ros2/dev_ws/build/linkpose_msgs': CMAKE_PREFIX_PATH=${CMAKE_PREFIX_PATH}:/opt/ros/humble /usr/bin/cmake --install /home/ros2/dev_ws/build/linkpose_msgs
[11.135s] -- Install configuration: ""
[11.135s] -- Execute custom install script
[11.135s] -- Symlinking: /home/ros2/dev_ws/install/linkpose_msgs/share/linkpose_msgs/msg/LinkPose.msg
[11.135s] -- Symlinking: /home/ros2/dev_ws/install/linkpose_msgs/share/ament_index/resource_index/rosidl_interfaces/linkpose_msgs
[11.143s] -- Symlinking: /home/ros2/dev_ws/install/linkpose_msgs/include/linkpose_msgs/linkpose_msgs/msg/detail/link_pose__functions.h
[11.143s] -- Symlinking: /home/ros2/dev_ws/install/linkpose_msgs/include/linkpose_msgs/linkpose_msgs/msg/detail/link_pose__struct.h
[11.143s] -- Symlinking: /home/ros2/dev_ws/install/linkpose_msgs/include/linkpose_msgs/linkpose_msgs/msg/detail/link_pose__type_support.h
[11.143s] -- Symlinking: /home/ros2/dev_ws/install/linkpose_msgs/include/linkpose_msgs/linkpose_msgs/msg/link_pose.h
[11.144s] -- Symlinking: /home/ros2/dev_ws/install/linkpose_msgs/include/linkpose_msgs/linkpose_msgs/msg/rosidl_generator_c__visibility_control.h
[11.144s] -- Symlinking: /home/ros2/dev_ws/install/linkpose_msgs/share/linkpose_msgs/environment/library_path.sh
[11.144s] -- Symlinking: /home/ros2/dev_ws/install/linkpose_msgs/share/linkpose_msgs/environment/library_path.dsv
[11.144s] -- Symlinking: /home/ros2/dev_ws/install/linkpose_msgs/include/linkpose_msgs/linkpose_msgs/msg/detail/link_pose__rosidl_typesupport_fastrtps_c.h
[11.144s] -- Symlinking: /home/ros2/dev_ws/install/linkpose_msgs/include/linkpose_msgs/linkpose_msgs/msg/rosidl_typesupport_fastrtps_c__visibility_control.h
[11.144s] -- Symlinking: /home/ros2/dev_ws/install/linkpose_msgs/include/linkpose_msgs/linkpose_msgs/msg/detail/link_pose__rosidl_typesupport_introspection_c.h
[11.144s] -- Symlinking: /home/ros2/dev_ws/install/linkpose_msgs/include/linkpose_msgs/linkpose_msgs/msg/rosidl_typesupport_introspection_c__visibility_control.h
[11.144s] -- Symlinking: /home/ros2/dev_ws/install/linkpose_msgs/include/linkpose_msgs/linkpose_msgs/msg/detail/link_pose__builder.hpp
[11.145s] -- Symlinking: /home/ros2/dev_ws/install/linkpose_msgs/include/linkpose_msgs/linkpose_msgs/msg/detail/link_pose__struct.hpp
[11.145s] -- Symlinking: /home/ros2/dev_ws/install/linkpose_msgs/include/linkpose_msgs/linkpose_msgs/msg/detail/link_pose__traits.hpp
[11.145s] -- Symlinking: /home/ros2/dev_ws/install/linkpose_msgs/include/linkpose_msgs/linkpose_msgs/msg/detail/link_pose__type_support.hpp
[11.145s] -- Symlinking: /home/ros2/dev_ws/install/linkpose_msgs/include/linkpose_msgs/linkpose_msgs/msg/link_pose.hpp
[11.145s] -- Symlinking: /home/ros2/dev_ws/install/linkpose_msgs/include/linkpose_msgs/linkpose_msgs/msg/rosidl_generator_cpp__visibility_control.hpp
[11.145s] -- Symlinking: /home/ros2/dev_ws/install/linkpose_msgs/include/linkpose_msgs/linkpose_msgs/msg/detail/link_pose__rosidl_typesupport_fastrtps_cpp.hpp
[11.145s] -- Symlinking: /home/ros2/dev_ws/install/linkpose_msgs/include/linkpose_msgs/linkpose_msgs/msg/rosidl_typesupport_fastrtps_cpp__visibility_control.h
[11.145s] -- Symlinking: /home/ros2/dev_ws/install/linkpose_msgs/include/linkpose_msgs/linkpose_msgs/msg/detail/link_pose__rosidl_typesupport_introspection_cpp.hpp
[11.145s] -- Symlinking: /home/ros2/dev_ws/install/linkpose_msgs/share/linkpose_msgs/environment/pythonpath.sh
[11.145s] -- Symlinking: /home/ros2/dev_ws/install/linkpose_msgs/share/linkpose_msgs/environment/pythonpath.dsv
[11.145s] -- Symlinking: /home/ros2/dev_ws/install/linkpose_msgs/local/lib/python3.10/dist-packages/linkpose_msgs-0.0.0-py3.10.egg-info/PKG-INFO
[11.146s] -- Symlinking: /home/ros2/dev_ws/install/linkpose_msgs/local/lib/python3.10/dist-packages/linkpose_msgs-0.0.0-py3.10.egg-info/SOURCES.txt
[11.146s] -- Symlinking: /home/ros2/dev_ws/install/linkpose_msgs/local/lib/python3.10/dist-packages/linkpose_msgs-0.0.0-py3.10.egg-info/dependency_links.txt
[11.146s] -- Symlinking: /home/ros2/dev_ws/install/linkpose_msgs/local/lib/python3.10/dist-packages/linkpose_msgs-0.0.0-py3.10.egg-info/top_level.txt
[11.146s] -- Symlinking: /home/ros2/dev_ws/install/linkpose_msgs/local/lib/python3.10/dist-packages/linkpose_msgs/__init__.py
[11.146s] -- Symlinking: /home/ros2/dev_ws/install/linkpose_msgs/local/lib/python3.10/dist-packages/linkpose_msgs/_linkpose_msgs_s.ep.rosidl_typesupport_c.c
[11.146s] -- Symlinking: /home/ros2/dev_ws/install/linkpose_msgs/local/lib/python3.10/dist-packages/linkpose_msgs/_linkpose_msgs_s.ep.rosidl_typesupport_fastrtps_c.c
[11.146s] -- Symlinking: /home/ros2/dev_ws/install/linkpose_msgs/local/lib/python3.10/dist-packages/linkpose_msgs/_linkpose_msgs_s.ep.rosidl_typesupport_introspection_c.c
[11.146s] -- Symlinking: /home/ros2/dev_ws/install/linkpose_msgs/local/lib/python3.10/dist-packages/linkpose_msgs/liblinkpose_msgs__rosidl_generator_py.so
[11.160s] -- Symlinking: /home/ros2/dev_ws/install/linkpose_msgs/local/lib/python3.10/dist-packages/linkpose_msgs/linkpose_msgs_s__rosidl_typesupport_c.cpython-310-x86_64-linux-gnu.so
[11.160s] -- Symlinking: /home/ros2/dev_ws/install/linkpose_msgs/local/lib/python3.10/dist-packages/linkpose_msgs/linkpose_msgs_s__rosidl_typesupport_fastrtps_c.cpython-310-x86_64-linux-gnu.so
[11.160s] -- Symlinking: /home/ros2/dev_ws/install/linkpose_msgs/local/lib/python3.10/dist-packages/linkpose_msgs/linkpose_msgs_s__rosidl_typesupport_introspection_c.cpython-310-x86_64-linux-gnu.so
[11.193s] -- Symlinking: /home/ros2/dev_ws/install/linkpose_msgs/local/lib/python3.10/dist-packages/linkpose_msgs/msg/__init__.py
[11.238s] -- Symlinking: /home/ros2/dev_ws/install/linkpose_msgs/local/lib/python3.10/dist-packages/linkpose_msgs/msg/_link_pose.py
[11.319s] -- Symlinking: /home/ros2/dev_ws/install/linkpose_msgs/local/lib/python3.10/dist-packages/linkpose_msgs/msg/_link_pose_s.c
[11.350s] -- Up-to-date symlink: /home/ros2/dev_ws/install/linkpose_msgs/local/lib/python3.10/dist-packages/linkpose_msgs/linkpose_msgs_s__rosidl_typesupport_fastrtps_c.cpython-310-x86_64-linux-gnu.so
[11.351s] -- Up-to-date symlink: /home/ros2/dev_ws/install/linkpose_msgs/local/lib/python3.10/dist-packages/linkpose_msgs/linkpose_msgs_s__rosidl_typesupport_introspection_c.cpython-310-x86_64-linux-gnu.so
[11.360s] -- Up-to-date symlink: /home/ros2/dev_ws/install/linkpose_msgs/local/lib/python3.10/dist-packages/linkpose_msgs/linkpose_msgs_s__rosidl_typesupport_c.cpython-310-x86_64-linux-gnu.so
[11.360s] -- Symlinking: /home/ros2/dev_ws/install/linkpose_msgs/share/linkpose_msgs/msg/LinkPose.idl
[11.410s] -- Up-to-date symlink: /home/ros2/dev_ws/install/linkpose_msgs/share/linkpose_msgs/msg/LinkPose.msg
[11.410s] -- Symlinking: /home/ros2/dev_ws/install/linkpose_msgs/share/ament_index/resource_index/package_run_dependencies/linkpose_msgs
[11.444s] -- Symlinking: /home/ros2/dev_ws/install/linkpose_msgs/share/ament_index/resource_index/parent_prefix_path/linkpose_msgs
[11.489s] -- Symlinking: /home/ros2/dev_ws/install/linkpose_msgs/share/linkpose_msgs/environment/ament_prefix_path.sh
[11.542s] -- Symlinking: /home/ros2/dev_ws/install/linkpose_msgs/share/linkpose_msgs/environment/ament_prefix_path.dsv
[11.580s] -- Symlinking: /home/ros2/dev_ws/install/linkpose_msgs/share/linkpose_msgs/environment/path.sh
[11.607s] -- Symlinking: /home/ros2/dev_ws/install/linkpose_msgs/share/linkpose_msgs/environment/path.dsv
[11.662s] -- Symlinking: /home/ros2/dev_ws/install/linkpose_msgs/share/linkpose_msgs/local_setup.bash
[11.673s] -- Symlinking: /home/ros2/dev_ws/install/linkpose_msgs/share/linkpose_msgs/local_setup.sh
[11.740s] -- Symlinking: /home/ros2/dev_ws/install/linkpose_msgs/share/linkpose_msgs/local_setup.zsh
[11.806s] -- Symlinking: /home/ros2/dev_ws/install/linkpose_msgs/share/linkpose_msgs/local_setup.dsv
[11.861s] -- Symlinking: /home/ros2/dev_ws/install/linkpose_msgs/share/linkpose_msgs/package.dsv
[11.918s] -- Symlinking: /home/ros2/dev_ws/install/linkpose_msgs/share/ament_index/resource_index/packages/linkpose_msgs
[11.976s] -- Symlinking: /home/ros2/dev_ws/install/linkpose_msgs/share/linkpose_msgs/cmake/rosidl_cmake-extras.cmake
[12.015s] -- Symlinking: /home/ros2/dev_ws/install/linkpose_msgs/share/linkpose_msgs/cmake/ament_cmake_export_include_directories-extras.cmake
[12.043s] -- Symlinking: /home/ros2/dev_ws/install/linkpose_msgs/share/linkpose_msgs/cmake/ament_cmake_export_libraries-extras.cmake
[12.081s] -- Symlinking: /home/ros2/dev_ws/install/linkpose_msgs/share/linkpose_msgs/cmake/ament_cmake_export_targets-extras.cmake
[12.124s] -- Symlinking: /home/ros2/dev_ws/install/linkpose_msgs/share/linkpose_msgs/cmake/rosidl_cmake_export_typesupport_targets-extras.cmake
[12.197s] -- Symlinking: /home/ros2/dev_ws/install/linkpose_msgs/share/linkpose_msgs/cmake/ament_cmake_export_dependencies-extras.cmake
[12.255s] -- Symlinking: /home/ros2/dev_ws/install/linkpose_msgs/share/linkpose_msgs/cmake/rosidl_cmake_export_typesupport_libraries-extras.cmake
[12.288s] -- Symlinking: /home/ros2/dev_ws/install/linkpose_msgs/share/linkpose_msgs/cmake/linkpose_msgsConfig.cmake
[12.324s] -- Symlinking: /home/ros2/dev_ws/install/linkpose_msgs/share/linkpose_msgs/cmake/linkpose_msgsConfig-version.cmake
[12.366s] -- Symlinking: /home/ros2/dev_ws/install/linkpose_msgs/share/linkpose_msgs/package.xml
[12.388s] -- Installing: /home/ros2/dev_ws/install/linkpose_msgs/lib/liblinkpose_msgs__rosidl_generator_c.so
[12.388s] -- Set runtime path of "/home/ros2/dev_ws/install/linkpose_msgs/lib/liblinkpose_msgs__rosidl_generator_c.so" to ""
[12.388s] -- Installing: /home/ros2/dev_ws/install/linkpose_msgs/lib/liblinkpose_msgs__rosidl_typesupport_fastrtps_c.so
[12.388s] -- Set runtime path of "/home/ros2/dev_ws/install/linkpose_msgs/lib/liblinkpose_msgs__rosidl_typesupport_fastrtps_c.so" to ""
[12.388s] -- Installing: /home/ros2/dev_ws/install/linkpose_msgs/lib/liblinkpose_msgs__rosidl_typesupport_introspection_c.so
[12.394s] -- Set runtime path of "/home/ros2/dev_ws/install/linkpose_msgs/lib/liblinkpose_msgs__rosidl_typesupport_introspection_c.so" to ""
[12.394s] -- Installing: /home/ros2/dev_ws/install/linkpose_msgs/lib/liblinkpose_msgs__rosidl_typesupport_c.so
[12.395s] -- Set runtime path of "/home/ros2/dev_ws/install/linkpose_msgs/lib/liblinkpose_msgs__rosidl_typesupport_c.so" to ""
[12.395s] -- Installing: /home/ros2/dev_ws/install/linkpose_msgs/lib/liblinkpose_msgs__rosidl_typesupport_fastrtps_cpp.so
[12.398s] -- Set runtime path of "/home/ros2/dev_ws/install/linkpose_msgs/lib/liblinkpose_msgs__rosidl_typesupport_fastrtps_cpp.so" to ""
[12.398s] -- Installing: /home/ros2/dev_ws/install/linkpose_msgs/lib/liblinkpose_msgs__rosidl_typesupport_introspection_cpp.so
[12.398s] -- Set runtime path of "/home/ros2/dev_ws/install/linkpose_msgs/lib/liblinkpose_msgs__rosidl_typesupport_introspection_cpp.so" to ""
[12.399s] -- Installing: /home/ros2/dev_ws/install/linkpose_msgs/lib/liblinkpose_msgs__rosidl_typesupport_cpp.so
[12.399s] -- Set runtime path of "/home/ros2/dev_ws/install/linkpose_msgs/lib/liblinkpose_msgs__rosidl_typesupport_cpp.so" to ""
[12.507s] Listing '/home/ros2/dev_ws/install/linkpose_msgs/local/lib/python3.10/dist-packages/linkpose_msgs'...
[12.508s] Compiling '/home/ros2/dev_ws/install/linkpose_msgs/local/lib/python3.10/dist-packages/linkpose_msgs/__init__.py'...
[12.508s] Listing '/home/ros2/dev_ws/install/linkpose_msgs/local/lib/python3.10/dist-packages/linkpose_msgs/msg'...
[12.508s] Compiling '/home/ros2/dev_ws/install/linkpose_msgs/local/lib/python3.10/dist-packages/linkpose_msgs/msg/__init__.py'...
[12.508s] Compiling '/home/ros2/dev_ws/install/linkpose_msgs/local/lib/python3.10/dist-packages/linkpose_msgs/msg/_link_pose.py'...
[12.548s] -- Installing: /home/ros2/dev_ws/install/linkpose_msgs/lib/liblinkpose_msgs__rosidl_generator_py.so
[12.549s] -- Set runtime path of "/home/ros2/dev_ws/install/linkpose_msgs/lib/liblinkpose_msgs__rosidl_generator_py.so" to ""
[12.554s] -- Installing: /home/ros2/dev_ws/install/linkpose_msgs/share/linkpose_msgs/cmake/export_linkpose_msgs__rosidl_generator_cExport.cmake
[12.554s] -- Installing: /home/ros2/dev_ws/install/linkpose_msgs/share/linkpose_msgs/cmake/export_linkpose_msgs__rosidl_generator_cExport-noconfig.cmake
[12.554s] -- Installing: /home/ros2/dev_ws/install/linkpose_msgs/share/linkpose_msgs/cmake/export_linkpose_msgs__rosidl_typesupport_fastrtps_cExport.cmake
[12.555s] -- Installing: /home/ros2/dev_ws/install/linkpose_msgs/share/linkpose_msgs/cmake/export_linkpose_msgs__rosidl_typesupport_fastrtps_cExport-noconfig.cmake
[12.555s] -- Installing: /home/ros2/dev_ws/install/linkpose_msgs/share/linkpose_msgs/cmake/linkpose_msgs__rosidl_typesupport_introspection_cExport.cmake
[12.561s] -- Installing: /home/ros2/dev_ws/install/linkpose_msgs/share/linkpose_msgs/cmake/linkpose_msgs__rosidl_typesupport_introspection_cExport-noconfig.cmake
[12.561s] -- Installing: /home/ros2/dev_ws/install/linkpose_msgs/share/linkpose_msgs/cmake/linkpose_msgs__rosidl_typesupport_cExport.cmake
[12.561s] -- Installing: /home/ros2/dev_ws/install/linkpose_msgs/share/linkpose_msgs/cmake/linkpose_msgs__rosidl_typesupport_cExport-noconfig.cmake
[12.561s] -- Installing: /home/ros2/dev_ws/install/linkpose_msgs/share/linkpose_msgs/cmake/export_linkpose_msgs__rosidl_generator_cppExport.cmake
[12.561s] -- Installing: /home/ros2/dev_ws/install/linkpose_msgs/share/linkpose_msgs/cmake/export_linkpose_msgs__rosidl_typesupport_fastrtps_cppExport.cmake
[12.564s] -- Installing: /home/ros2/dev_ws/install/linkpose_msgs/share/linkpose_msgs/cmake/export_linkpose_msgs__rosidl_typesupport_fastrtps_cppExport-noconfig.cmake
[12.568s] -- Installing: /home/ros2/dev_ws/install/linkpose_msgs/share/linkpose_msgs/cmake/linkpose_msgs__rosidl_typesupport_introspection_cppExport.cmake
[12.569s] -- Installing: /home/ros2/dev_ws/install/linkpose_msgs/share/linkpose_msgs/cmake/linkpose_msgs__rosidl_typesupport_introspection_cppExport-noconfig.cmake
[12.569s] -- Installing: /home/ros2/dev_ws/install/linkpose_msgs/share/linkpose_msgs/cmake/linkpose_msgs__rosidl_typesupport_cppExport.cmake
[12.569s] -- Installing: /home/ros2/dev_ws/install/linkpose_msgs/share/linkpose_msgs/cmake/linkpose_msgs__rosidl_typesupport_cppExport-noconfig.cmake
[12.569s] -- Installing: /home/ros2/dev_ws/install/linkpose_msgs/share/linkpose_msgs/cmake/export_linkpose_msgs__rosidl_generator_pyExport.cmake
[12.569s] -- Installing: /home/ros2/dev_ws/install/linkpose_msgs/share/linkpose_msgs/cmake/export_linkpose_msgs__rosidl_generator_pyExport-noconfig.cmake
[12.585s] Invoked command in '/home/ros2/dev_ws/build/linkpose_msgs' returned '0': CMAKE_PREFIX_PATH=${CMAKE_PREFIX_PATH}:/opt/ros/humble /usr/bin/cmake --install /home/ros2/dev_ws/build/linkpose_msgs
