[0.043s] Invoking command in '/home/ros2/dev_ws/build/abb_rapid_msgs': CMAKE_PREFIX_PATH=/opt/ros/humble /usr/bin/cmake /home/ros2/dev_ws/src/ABBDriver/abb_ros2_msgs/abb_rapid_msgs -DAMENT_CMAKE_SYMLINK_INSTALL=1 -DCMAKE_INSTALL_PREFIX=/home/ros2/dev_ws/install/abb_rapid_msgs
[0.099s] -- The C compiler identification is GNU 11.4.0
[0.174s] -- The CXX compiler identification is GNU 11.4.0
[0.182s] -- Detecting C compiler ABI info
[0.271s] -- Detecting C compiler ABI info - done
[0.283s] -- Check for working C compiler: /usr/bin/cc - skipped
[0.283s] -- Detecting C compile features
[0.284s] -- Detecting C compile features - done
[0.286s] -- Detecting CXX compiler ABI info
[0.384s] -- Detecting CXX compiler ABI info - done
[0.395s] -- Check for working CXX compiler: /usr/bin/c++ - skipped
[0.395s] -- Detecting CXX compile features
[0.396s] -- Detecting CXX compile features - done
[0.400s] -- Found rosidl_default_generators: 1.2.0 (/opt/ros/humble/share/rosidl_default_generators/cmake)
[0.402s] -- Found ament_cmake_core: 1.3.11 (/opt/ros/humble/share/ament_cmake_core/cmake)
[0.607s] -- Found Python3: /usr/bin/python3 (found version "3.10.12") found components: Interpreter 
[0.691s] -- Override CMake install command with custom implementation using symlinks instead of copying resources
[0.692s] -- Using all available rosidl_typesupport_c: rosidl_typesupport_fastrtps_c;rosidl_typesupport_introspection_c
[0.708s] -- Found rosidl_adapter: 3.1.6 (/opt/ros/humble/share/rosidl_adapter/cmake)
[0.802s] -- Using all available rosidl_typesupport_cpp: rosidl_typesupport_fastrtps_cpp;rosidl_typesupport_introspection_cpp
[1.588s] -- Found ament_cmake_ros: 0.10.0 (/opt/ros/humble/share/ament_cmake_ros/cmake)
[2.000s] -- Using all available rosidl_typesupport_c: rosidl_typesupport_fastrtps_c;rosidl_typesupport_introspection_c
[2.560s] -- Using all available rosidl_typesupport_cpp: rosidl_typesupport_fastrtps_cpp;rosidl_typesupport_introspection_cpp
[2.613s] -- Found PythonInterp: /usr/bin/python3 (found suitable version "3.10.12", minimum required is "3.6") 
[2.620s] -- Found python_cmake_module: 0.10.0 (/opt/ros/humble/share/python_cmake_module/cmake)
[2.690s] -- Found PythonLibs: /usr/lib/x86_64-linux-gnu/libpython3.10.so (found suitable version "3.10.12", minimum required is "3.5") 
[2.690s] -- Using PYTHON_EXECUTABLE: /usr/bin/python3
[2.690s] -- Using PYTHON_INCLUDE_DIRS: /usr/include/python3.10
[2.690s] -- Using PYTHON_LIBRARIES: /usr/lib/x86_64-linux-gnu/libpython3.10.so
[2.789s] -- Found PythonExtra: .so  
[2.840s] -- Configuring done
[2.938s] -- Generating done
[2.945s] -- Build files have been written to: /home/ros2/dev_ws/build/abb_rapid_msgs
[2.978s] Invoked command in '/home/ros2/dev_ws/build/abb_rapid_msgs' returned '0': CMAKE_PREFIX_PATH=/opt/ros/humble /usr/bin/cmake /home/ros2/dev_ws/src/ABBDriver/abb_ros2_msgs/abb_rapid_msgs -DAMENT_CMAKE_SYMLINK_INSTALL=1 -DCMAKE_INSTALL_PREFIX=/home/ros2/dev_ws/install/abb_rapid_msgs
[2.978s] Invoking command in '/home/ros2/dev_ws/build/abb_rapid_msgs': CMAKE_PREFIX_PATH=/opt/ros/humble /usr/bin/cmake --build /home/ros2/dev_ws/build/abb_rapid_msgs -- -j16 -l16
[4.176s] [  1%] [34m[1mGenerating C code for ROS interfaces[0m
[4.176s] [  1%] [34m[1mGenerating C++ code for ROS interfaces[0m
[4.176s] [  1%] Built target ament_cmake_python_symlink_abb_rapid_msgs
[4.333s] running egg_info
[4.338s] creating abb_rapid_msgs.egg-info
[4.338s] writing abb_rapid_msgs.egg-info/PKG-INFO
[4.339s] writing dependency_links to abb_rapid_msgs.egg-info/dependency_links.txt
[4.339s] writing top-level names to abb_rapid_msgs.egg-info/top_level.txt
[4.339s] writing manifest file 'abb_rapid_msgs.egg-info/SOURCES.txt'
[4.352s] reading manifest file 'abb_rapid_msgs.egg-info/SOURCES.txt'
[4.355s] writing manifest file 'abb_rapid_msgs.egg-info/SOURCES.txt'
[4.515s] [  1%] Built target ament_cmake_python_build_abb_rapid_msgs_egg
[8.062s] [  1%] Built target abb_rapid_msgs__cpp
[8.072s] [  2%] [32mBuilding C object CMakeFiles/abb_rapid_msgs__rosidl_generator_c.dir/rosidl_generator_c/abb_rapid_msgs/msg/detail/conf_data__functions.c.o[0m
[8.072s] [  3%] [32mBuilding C object CMakeFiles/abb_rapid_msgs__rosidl_generator_c.dir/rosidl_generator_c/abb_rapid_msgs/msg/detail/ext_joint__functions.c.o[0m
[8.074s] [  4%] [32mBuilding C object CMakeFiles/abb_rapid_msgs__rosidl_generator_c.dir/rosidl_generator_c/abb_rapid_msgs/msg/detail/joint_target__functions.c.o[0m
[8.076s] [  5%] [32mBuilding C object CMakeFiles/abb_rapid_msgs__rosidl_generator_c.dir/rosidl_generator_c/abb_rapid_msgs/msg/detail/orient__functions.c.o[0m
[8.082s] [  6%] [32mBuilding C object CMakeFiles/abb_rapid_msgs__rosidl_generator_c.dir/rosidl_generator_c/abb_rapid_msgs/msg/detail/pos__functions.c.o[0m
[8.082s] [  7%] [32mBuilding C object CMakeFiles/abb_rapid_msgs__rosidl_generator_c.dir/rosidl_generator_c/abb_rapid_msgs/msg/detail/load_data__functions.c.o[0m
[8.091s] [  7%] [32mBuilding C object CMakeFiles/abb_rapid_msgs__rosidl_generator_c.dir/rosidl_generator_c/abb_rapid_msgs/msg/detail/rob_joint__functions.c.o[0m
[8.093s] [  8%] [32mBuilding C object CMakeFiles/abb_rapid_msgs__rosidl_generator_c.dir/rosidl_generator_c/abb_rapid_msgs/msg/detail/tool_data__functions.c.o[0m
[8.098s] [  9%] [32mBuilding C object CMakeFiles/abb_rapid_msgs__rosidl_generator_c.dir/rosidl_generator_c/abb_rapid_msgs/msg/detail/rob_target__functions.c.o[0m
[8.098s] [ 10%] [34m[1mGenerating C++ introspection for ROS interfaces[0m
[8.099s] [ 10%] [34m[1mGenerating C++ type support for eProsima Fast-RTPS[0m
[8.099s] [ 11%] [32mBuilding C object CMakeFiles/abb_rapid_msgs__rosidl_generator_c.dir/rosidl_generator_c/abb_rapid_msgs/msg/detail/pose__functions.c.o[0m
[8.101s] [ 12%] [34m[1mGenerating C++ type support dispatch for ROS interfaces[0m
[8.163s] [ 13%] [32mBuilding C object CMakeFiles/abb_rapid_msgs__rosidl_generator_c.dir/rosidl_generator_c/abb_rapid_msgs/msg/detail/w_obj_data__functions.c.o[0m
[8.290s] [ 14%] [32m[1mLinking C shared library libabb_rapid_msgs__rosidl_generator_c.so[0m
[8.406s] [ 14%] Built target abb_rapid_msgs__rosidl_generator_c
[8.434s] [ 15%] [34m[1mGenerating C type support for eProsima Fast-RTPS[0m
[8.438s] [ 16%] [34m[1mGenerating C introspection for ROS interfaces[0m
[8.447s] [ 17%] [34m[1mGenerating C type support dispatch for ROS interfaces[0m
[10.752s] [ 18%] [32mBuilding CXX object CMakeFiles/abb_rapid_msgs__rosidl_typesupport_cpp.dir/rosidl_typesupport_cpp/abb_rapid_msgs/msg/conf_data__type_support.cpp.o[0m
[10.752s] [ 19%] [32mBuilding CXX object CMakeFiles/abb_rapid_msgs__rosidl_typesupport_cpp.dir/rosidl_typesupport_cpp/abb_rapid_msgs/msg/ext_joint__type_support.cpp.o[0m
[10.775s] [ 20%] [32mBuilding CXX object CMakeFiles/abb_rapid_msgs__rosidl_typesupport_cpp.dir/rosidl_typesupport_cpp/abb_rapid_msgs/msg/joint_target__type_support.cpp.o[0m
[10.775s] [ 21%] [32mBuilding CXX object CMakeFiles/abb_rapid_msgs__rosidl_typesupport_cpp.dir/rosidl_typesupport_cpp/abb_rapid_msgs/msg/load_data__type_support.cpp.o[0m
[10.775s] [ 22%] [32mBuilding CXX object CMakeFiles/abb_rapid_msgs__rosidl_typesupport_c.dir/rosidl_typesupport_c/abb_rapid_msgs/msg/conf_data__type_support.cpp.o[0m
[10.788s] [ 23%] [32mBuilding CXX object CMakeFiles/abb_rapid_msgs__rosidl_typesupport_c.dir/rosidl_typesupport_c/abb_rapid_msgs/msg/ext_joint__type_support.cpp.o[0m
[10.788s] [ 24%] [32mBuilding CXX object CMakeFiles/abb_rapid_msgs__rosidl_typesupport_cpp.dir/rosidl_typesupport_cpp/abb_rapid_msgs/msg/orient__type_support.cpp.o[0m
[10.788s] [ 25%] [32mBuilding CXX object CMakeFiles/abb_rapid_msgs__rosidl_typesupport_cpp.dir/rosidl_typesupport_cpp/abb_rapid_msgs/msg/pos__type_support.cpp.o[0m
[10.838s] [ 25%] [32mBuilding CXX object CMakeFiles/abb_rapid_msgs__rosidl_typesupport_c.dir/rosidl_typesupport_c/abb_rapid_msgs/msg/joint_target__type_support.cpp.o[0m
[10.838s] [ 26%] [32mBuilding CXX object CMakeFiles/abb_rapid_msgs__rosidl_typesupport_cpp.dir/rosidl_typesupport_cpp/abb_rapid_msgs/msg/pose__type_support.cpp.o[0m
[10.838s] [ 27%] [32mBuilding CXX object CMakeFiles/abb_rapid_msgs__rosidl_typesupport_c.dir/rosidl_typesupport_c/abb_rapid_msgs/msg/load_data__type_support.cpp.o[0m
[10.838s] [ 28%] [32mBuilding CXX object CMakeFiles/abb_rapid_msgs__rosidl_typesupport_c.dir/rosidl_typesupport_c/abb_rapid_msgs/msg/orient__type_support.cpp.o[0m
[10.864s] [ 28%] [32mBuilding CXX object CMakeFiles/abb_rapid_msgs__rosidl_typesupport_cpp.dir/rosidl_typesupport_cpp/abb_rapid_msgs/msg/rob_joint__type_support.cpp.o[0m
[10.879s] [ 29%] [32mBuilding CXX object CMakeFiles/abb_rapid_msgs__rosidl_typesupport_c.dir/rosidl_typesupport_c/abb_rapid_msgs/msg/pos__type_support.cpp.o[0m
[10.918s] [ 30%] [32mBuilding CXX object CMakeFiles/abb_rapid_msgs__rosidl_typesupport_cpp.dir/rosidl_typesupport_cpp/abb_rapid_msgs/msg/rob_target__type_support.cpp.o[0m
[10.935s] [ 31%] [32mBuilding CXX object CMakeFiles/abb_rapid_msgs__rosidl_typesupport_c.dir/rosidl_typesupport_c/abb_rapid_msgs/msg/pose__type_support.cpp.o[0m
[10.944s] [ 32%] [32mBuilding CXX object CMakeFiles/abb_rapid_msgs__rosidl_typesupport_introspection_cpp.dir/rosidl_typesupport_introspection_cpp/abb_rapid_msgs/msg/detail/conf_data__type_support.cpp.o[0m
[10.968s] [ 33%] [32mBuilding CXX object CMakeFiles/abb_rapid_msgs__rosidl_typesupport_c.dir/rosidl_typesupport_c/abb_rapid_msgs/msg/rob_joint__type_support.cpp.o[0m
[11.009s] [ 34%] [32mBuilding CXX object CMakeFiles/abb_rapid_msgs__rosidl_typesupport_c.dir/rosidl_typesupport_c/abb_rapid_msgs/msg/rob_target__type_support.cpp.o[0m
[11.061s] [ 35%] [32mBuilding CXX object CMakeFiles/abb_rapid_msgs__rosidl_typesupport_cpp.dir/rosidl_typesupport_cpp/abb_rapid_msgs/msg/tool_data__type_support.cpp.o[0m
[11.076s] [ 36%] [32mBuilding CXX object CMakeFiles/abb_rapid_msgs__rosidl_typesupport_c.dir/rosidl_typesupport_c/abb_rapid_msgs/msg/tool_data__type_support.cpp.o[0m
[11.087s] [ 36%] [32mBuilding CXX object CMakeFiles/abb_rapid_msgs__rosidl_typesupport_introspection_cpp.dir/rosidl_typesupport_introspection_cpp/abb_rapid_msgs/msg/detail/ext_joint__type_support.cpp.o[0m
[11.173s] [ 37%] [32mBuilding CXX object CMakeFiles/abb_rapid_msgs__rosidl_typesupport_c.dir/rosidl_typesupport_c/abb_rapid_msgs/msg/w_obj_data__type_support.cpp.o[0m
[11.258s] [ 38%] [32m[1mLinking CXX shared library libabb_rapid_msgs__rosidl_typesupport_c.so[0m
[11.373s] [ 39%] [32mBuilding CXX object CMakeFiles/abb_rapid_msgs__rosidl_typesupport_cpp.dir/rosidl_typesupport_cpp/abb_rapid_msgs/msg/w_obj_data__type_support.cpp.o[0m
[11.414s] [ 39%] Built target abb_rapid_msgs__rosidl_typesupport_c
[11.445s] [ 40%] [32mBuilding CXX object CMakeFiles/abb_rapid_msgs__rosidl_typesupport_introspection_cpp.dir/rosidl_typesupport_introspection_cpp/abb_rapid_msgs/msg/detail/joint_target__type_support.cpp.o[0m
[11.481s] [ 41%] [32mBuilding CXX object CMakeFiles/abb_rapid_msgs__rosidl_typesupport_introspection_cpp.dir/rosidl_typesupport_introspection_cpp/abb_rapid_msgs/msg/detail/load_data__type_support.cpp.o[0m
[11.555s] [ 42%] [32mBuilding CXX object CMakeFiles/abb_rapid_msgs__rosidl_typesupport_introspection_cpp.dir/rosidl_typesupport_introspection_cpp/abb_rapid_msgs/msg/detail/orient__type_support.cpp.o[0m
[11.592s] [ 43%] [32mBuilding CXX object CMakeFiles/abb_rapid_msgs__rosidl_typesupport_introspection_cpp.dir/rosidl_typesupport_introspection_cpp/abb_rapid_msgs/msg/detail/pos__type_support.cpp.o[0m
[11.747s] [ 44%] [32mBuilding CXX object CMakeFiles/abb_rapid_msgs__rosidl_typesupport_introspection_cpp.dir/rosidl_typesupport_introspection_cpp/abb_rapid_msgs/msg/detail/rob_joint__type_support.cpp.o[0m
[11.757s] [ 45%] [32mBuilding CXX object CMakeFiles/abb_rapid_msgs__rosidl_typesupport_introspection_cpp.dir/rosidl_typesupport_introspection_cpp/abb_rapid_msgs/msg/detail/pose__type_support.cpp.o[0m
[11.923s] [ 46%] [32mBuilding CXX object CMakeFiles/abb_rapid_msgs__rosidl_typesupport_introspection_cpp.dir/rosidl_typesupport_introspection_cpp/abb_rapid_msgs/msg/detail/rob_target__type_support.cpp.o[0m
[11.933s] [ 47%] [32mBuilding CXX object CMakeFiles/abb_rapid_msgs__rosidl_typesupport_introspection_cpp.dir/rosidl_typesupport_introspection_cpp/abb_rapid_msgs/msg/detail/tool_data__type_support.cpp.o[0m
[12.019s] [ 48%] [32mBuilding CXX object CMakeFiles/abb_rapid_msgs__rosidl_typesupport_introspection_cpp.dir/rosidl_typesupport_introspection_cpp/abb_rapid_msgs/msg/detail/w_obj_data__type_support.cpp.o[0m
[12.073s] [ 49%] [32mBuilding CXX object CMakeFiles/abb_rapid_msgs__rosidl_typesupport_fastrtps_c.dir/rosidl_typesupport_fastrtps_c/abb_rapid_msgs/msg/detail/conf_data__type_support_c.cpp.o[0m
[12.073s] [ 50%] [32mBuilding C object CMakeFiles/abb_rapid_msgs__rosidl_typesupport_introspection_c.dir/rosidl_typesupport_introspection_c/abb_rapid_msgs/msg/detail/ext_joint__type_support.c.o[0m
[12.090s] [ 51%] [32mBuilding C object CMakeFiles/abb_rapid_msgs__rosidl_typesupport_introspection_c.dir/rosidl_typesupport_introspection_c/abb_rapid_msgs/msg/detail/conf_data__type_support.c.o[0m
[12.117s] [ 52%] [32mBuilding CXX object CMakeFiles/abb_rapid_msgs__rosidl_typesupport_fastrtps_cpp.dir/rosidl_typesupport_fastrtps_cpp/abb_rapid_msgs/msg/detail/dds_fastrtps/conf_data__type_support.cpp.o[0m
[12.185s] [ 53%] [32mBuilding C object CMakeFiles/abb_rapid_msgs__rosidl_typesupport_introspection_c.dir/rosidl_typesupport_introspection_c/abb_rapid_msgs/msg/detail/joint_target__type_support.c.o[0m
[12.201s] [ 54%] [32mBuilding C object CMakeFiles/abb_rapid_msgs__rosidl_typesupport_introspection_c.dir/rosidl_typesupport_introspection_c/abb_rapid_msgs/msg/detail/load_data__type_support.c.o[0m
[12.288s] [ 55%] [32mBuilding C object CMakeFiles/abb_rapid_msgs__rosidl_typesupport_introspection_c.dir/rosidl_typesupport_introspection_c/abb_rapid_msgs/msg/detail/orient__type_support.c.o[0m
[12.316s] [ 56%] [32mBuilding CXX object CMakeFiles/abb_rapid_msgs__rosidl_typesupport_fastrtps_cpp.dir/rosidl_typesupport_fastrtps_cpp/abb_rapid_msgs/msg/detail/dds_fastrtps/ext_joint__type_support.cpp.o[0m
[12.317s] [ 57%] [32m[1mLinking CXX shared library libabb_rapid_msgs__rosidl_typesupport_cpp.so[0m
[12.419s] [ 58%] [32mBuilding C object CMakeFiles/abb_rapid_msgs__rosidl_typesupport_introspection_c.dir/rosidl_typesupport_introspection_c/abb_rapid_msgs/msg/detail/pos__type_support.c.o[0m
[12.468s] [ 58%] Built target abb_rapid_msgs__rosidl_typesupport_cpp
[12.509s] [ 58%] [32mBuilding C object CMakeFiles/abb_rapid_msgs__rosidl_typesupport_introspection_c.dir/rosidl_typesupport_introspection_c/abb_rapid_msgs/msg/detail/pose__type_support.c.o[0m
[12.524s] [ 59%] [32mBuilding CXX object CMakeFiles/abb_rapid_msgs__rosidl_typesupport_fastrtps_c.dir/rosidl_typesupport_fastrtps_c/abb_rapid_msgs/msg/detail/ext_joint__type_support_c.cpp.o[0m
[12.561s] [ 60%] [32mBuilding C object CMakeFiles/abb_rapid_msgs__rosidl_typesupport_introspection_c.dir/rosidl_typesupport_introspection_c/abb_rapid_msgs/msg/detail/rob_joint__type_support.c.o[0m
[12.579s] [ 61%] [32mBuilding CXX object CMakeFiles/abb_rapid_msgs__rosidl_typesupport_fastrtps_cpp.dir/rosidl_typesupport_fastrtps_cpp/abb_rapid_msgs/msg/detail/dds_fastrtps/joint_target__type_support.cpp.o[0m
[12.618s] [ 62%] [32mBuilding CXX object CMakeFiles/abb_rapid_msgs__rosidl_typesupport_fastrtps_cpp.dir/rosidl_typesupport_fastrtps_cpp/abb_rapid_msgs/msg/detail/dds_fastrtps/load_data__type_support.cpp.o[0m
[12.661s] [ 63%] [32mBuilding CXX object CMakeFiles/abb_rapid_msgs__rosidl_typesupport_fastrtps_cpp.dir/rosidl_typesupport_fastrtps_cpp/abb_rapid_msgs/msg/detail/dds_fastrtps/orient__type_support.cpp.o[0m
[12.692s] [ 64%] [32mBuilding C object CMakeFiles/abb_rapid_msgs__rosidl_typesupport_introspection_c.dir/rosidl_typesupport_introspection_c/abb_rapid_msgs/msg/detail/rob_target__type_support.c.o[0m
[12.769s] [ 65%] [32mBuilding CXX object CMakeFiles/abb_rapid_msgs__rosidl_typesupport_fastrtps_cpp.dir/rosidl_typesupport_fastrtps_cpp/abb_rapid_msgs/msg/detail/dds_fastrtps/pos__type_support.cpp.o[0m
[12.844s] [ 66%] [32mBuilding C object CMakeFiles/abb_rapid_msgs__rosidl_typesupport_introspection_c.dir/rosidl_typesupport_introspection_c/abb_rapid_msgs/msg/detail/tool_data__type_support.c.o[0m
[12.919s] [ 67%] [32mBuilding C object CMakeFiles/abb_rapid_msgs__rosidl_typesupport_introspection_c.dir/rosidl_typesupport_introspection_c/abb_rapid_msgs/msg/detail/w_obj_data__type_support.c.o[0m
[12.986s] [ 68%] [32mBuilding CXX object CMakeFiles/abb_rapid_msgs__rosidl_typesupport_fastrtps_c.dir/rosidl_typesupport_fastrtps_c/abb_rapid_msgs/msg/detail/joint_target__type_support_c.cpp.o[0m
[12.998s] [ 69%] [32mBuilding CXX object CMakeFiles/abb_rapid_msgs__rosidl_typesupport_fastrtps_cpp.dir/rosidl_typesupport_fastrtps_cpp/abb_rapid_msgs/msg/detail/dds_fastrtps/pose__type_support.cpp.o[0m
[13.023s] [ 70%] [32m[1mLinking C shared library libabb_rapid_msgs__rosidl_typesupport_introspection_c.so[0m
[13.146s] [ 70%] Built target abb_rapid_msgs__rosidl_typesupport_introspection_c
[13.168s] [ 71%] [32mBuilding CXX object CMakeFiles/abb_rapid_msgs__rosidl_typesupport_fastrtps_c.dir/rosidl_typesupport_fastrtps_c/abb_rapid_msgs/msg/detail/load_data__type_support_c.cpp.o[0m
[13.243s] [ 71%] [32mBuilding CXX object CMakeFiles/abb_rapid_msgs__rosidl_typesupport_fastrtps_c.dir/rosidl_typesupport_fastrtps_c/abb_rapid_msgs/msg/detail/orient__type_support_c.cpp.o[0m
[13.284s] [ 72%] [32mBuilding CXX object CMakeFiles/abb_rapid_msgs__rosidl_typesupport_fastrtps_cpp.dir/rosidl_typesupport_fastrtps_cpp/abb_rapid_msgs/msg/detail/dds_fastrtps/rob_target__type_support.cpp.o[0m
[13.284s] [ 73%] [32mBuilding CXX object CMakeFiles/abb_rapid_msgs__rosidl_typesupport_fastrtps_cpp.dir/rosidl_typesupport_fastrtps_cpp/abb_rapid_msgs/msg/detail/dds_fastrtps/rob_joint__type_support.cpp.o[0m
[13.315s] [ 74%] [32mBuilding CXX object CMakeFiles/abb_rapid_msgs__rosidl_typesupport_fastrtps_c.dir/rosidl_typesupport_fastrtps_c/abb_rapid_msgs/msg/detail/pos__type_support_c.cpp.o[0m
[13.316s] [ 74%] [32mBuilding CXX object CMakeFiles/abb_rapid_msgs__rosidl_typesupport_fastrtps_cpp.dir/rosidl_typesupport_fastrtps_cpp/abb_rapid_msgs/msg/detail/dds_fastrtps/tool_data__type_support.cpp.o[0m
[13.688s] [ 75%] [32mBuilding CXX object CMakeFiles/abb_rapid_msgs__rosidl_typesupport_fastrtps_cpp.dir/rosidl_typesupport_fastrtps_cpp/abb_rapid_msgs/msg/detail/dds_fastrtps/w_obj_data__type_support.cpp.o[0m
[13.694s] [ 76%] [32mBuilding CXX object CMakeFiles/abb_rapid_msgs__rosidl_typesupport_fastrtps_c.dir/rosidl_typesupport_fastrtps_c/abb_rapid_msgs/msg/detail/pose__type_support_c.cpp.o[0m
[13.808s] [ 77%] [32m[1mLinking CXX shared library libabb_rapid_msgs__rosidl_typesupport_introspection_cpp.so[0m
[13.856s] [ 78%] [32mBuilding CXX object CMakeFiles/abb_rapid_msgs__rosidl_typesupport_fastrtps_c.dir/rosidl_typesupport_fastrtps_c/abb_rapid_msgs/msg/detail/rob_joint__type_support_c.cpp.o[0m
[14.055s] [ 79%] [32mBuilding CXX object CMakeFiles/abb_rapid_msgs__rosidl_typesupport_fastrtps_c.dir/rosidl_typesupport_fastrtps_c/abb_rapid_msgs/msg/detail/rob_target__type_support_c.cpp.o[0m
[14.080s] [ 80%] [32mBuilding CXX object CMakeFiles/abb_rapid_msgs__rosidl_typesupport_fastrtps_c.dir/rosidl_typesupport_fastrtps_c/abb_rapid_msgs/msg/detail/tool_data__type_support_c.cpp.o[0m
[14.115s] [ 81%] [32mBuilding CXX object CMakeFiles/abb_rapid_msgs__rosidl_typesupport_fastrtps_c.dir/rosidl_typesupport_fastrtps_c/abb_rapid_msgs/msg/detail/w_obj_data__type_support_c.cpp.o[0m
[14.281s] [ 81%] Built target abb_rapid_msgs__rosidl_typesupport_introspection_cpp
[15.414s] [ 82%] [32m[1mLinking CXX shared library libabb_rapid_msgs__rosidl_typesupport_fastrtps_cpp.so[0m
[15.679s] [ 83%] [32m[1mLinking CXX shared library libabb_rapid_msgs__rosidl_typesupport_fastrtps_c.so[0m
[15.796s] [ 83%] Built target abb_rapid_msgs__rosidl_typesupport_fastrtps_cpp
[15.970s] [ 83%] Built target abb_rapid_msgs__rosidl_typesupport_fastrtps_c
[16.040s] [ 83%] Built target abb_rapid_msgs
[16.133s] [ 84%] [34m[1mGenerating Python code for ROS interfaces[0m
[20.981s] [ 84%] Built target abb_rapid_msgs__py
[21.068s] [ 85%] [32mBuilding C object CMakeFiles/abb_rapid_msgs__rosidl_generator_py.dir/rosidl_generator_py/abb_rapid_msgs/msg/_conf_data_s.c.o[0m
[21.068s] [ 86%] [32mBuilding C object CMakeFiles/abb_rapid_msgs__rosidl_generator_py.dir/rosidl_generator_py/abb_rapid_msgs/msg/_orient_s.c.o[0m
[21.068s] [ 87%] [32mBuilding C object CMakeFiles/abb_rapid_msgs__rosidl_generator_py.dir/rosidl_generator_py/abb_rapid_msgs/msg/_load_data_s.c.o[0m
[21.068s] [ 87%] [32mBuilding C object CMakeFiles/abb_rapid_msgs__rosidl_generator_py.dir/rosidl_generator_py/abb_rapid_msgs/msg/_pos_s.c.o[0m
[21.068s] [ 88%] [32mBuilding C object CMakeFiles/abb_rapid_msgs__rosidl_generator_py.dir/rosidl_generator_py/abb_rapid_msgs/msg/_pose_s.c.o[0m
[21.068s] [ 89%] [32mBuilding C object CMakeFiles/abb_rapid_msgs__rosidl_generator_py.dir/rosidl_generator_py/abb_rapid_msgs/msg/_ext_joint_s.c.o[0m
[21.088s] [ 90%] [32mBuilding C object CMakeFiles/abb_rapid_msgs__rosidl_generator_py.dir/rosidl_generator_py/abb_rapid_msgs/msg/_joint_target_s.c.o[0m
[21.088s] [ 91%] [32mBuilding C object CMakeFiles/abb_rapid_msgs__rosidl_generator_py.dir/rosidl_generator_py/abb_rapid_msgs/msg/_rob_joint_s.c.o[0m
[21.103s] [ 92%] [32mBuilding C object CMakeFiles/abb_rapid_msgs__rosidl_generator_py.dir/rosidl_generator_py/abb_rapid_msgs/msg/_rob_target_s.c.o[0m
[21.107s] [ 93%] [32mBuilding C object CMakeFiles/abb_rapid_msgs__rosidl_generator_py.dir/rosidl_generator_py/abb_rapid_msgs/msg/_w_obj_data_s.c.o[0m
[21.107s] [ 94%] [32mBuilding C object CMakeFiles/abb_rapid_msgs__rosidl_generator_py.dir/rosidl_generator_py/abb_rapid_msgs/msg/_tool_data_s.c.o[0m
[21.494s] [ 95%] [32m[1mLinking C shared library rosidl_generator_py/abb_rapid_msgs/libabb_rapid_msgs__rosidl_generator_py.so[0m
[21.675s] [ 95%] Built target abb_rapid_msgs__rosidl_generator_py
[21.742s] [ 96%] [32mBuilding C object CMakeFiles/abb_rapid_msgs__rosidl_typesupport_fastrtps_c__pyext.dir/rosidl_generator_py/abb_rapid_msgs/_abb_rapid_msgs_s.ep.rosidl_typesupport_fastrtps_c.c.o[0m
[21.758s] [ 96%] [32mBuilding C object CMakeFiles/abb_rapid_msgs__rosidl_typesupport_c__pyext.dir/rosidl_generator_py/abb_rapid_msgs/_abb_rapid_msgs_s.ep.rosidl_typesupport_c.c.o[0m
[21.758s] [ 97%] [32mBuilding C object CMakeFiles/abb_rapid_msgs__rosidl_typesupport_introspection_c__pyext.dir/rosidl_generator_py/abb_rapid_msgs/_abb_rapid_msgs_s.ep.rosidl_typesupport_introspection_c.c.o[0m
[22.091s] [ 98%] [32m[1mLinking C shared library rosidl_generator_py/abb_rapid_msgs/abb_rapid_msgs_s__rosidl_typesupport_fastrtps_c.cpython-310-x86_64-linux-gnu.so[0m
[22.119s] [ 99%] [32m[1mLinking C shared library rosidl_generator_py/abb_rapid_msgs/abb_rapid_msgs_s__rosidl_typesupport_c.cpython-310-x86_64-linux-gnu.so[0m
[22.180s] [100%] [32m[1mLinking C shared library rosidl_generator_py/abb_rapid_msgs/abb_rapid_msgs_s__rosidl_typesupport_introspection_c.cpython-310-x86_64-linux-gnu.so[0m
[22.181s] [100%] Built target abb_rapid_msgs__rosidl_typesupport_fastrtps_c__pyext
[22.218s] [100%] Built target abb_rapid_msgs__rosidl_typesupport_c__pyext
[22.264s] [100%] Built target abb_rapid_msgs__rosidl_typesupport_introspection_c__pyext
[22.312s] Invoked command in '/home/ros2/dev_ws/build/abb_rapid_msgs' returned '0': CMAKE_PREFIX_PATH=/opt/ros/humble /usr/bin/cmake --build /home/ros2/dev_ws/build/abb_rapid_msgs -- -j16 -l16
[22.313s] Invoking command in '/home/ros2/dev_ws/build/abb_rapid_msgs': CMAKE_PREFIX_PATH=/opt/ros/humble /usr/bin/cmake --install /home/ros2/dev_ws/build/abb_rapid_msgs
[24.075s] -- Install configuration: ""
[24.075s] -- Execute custom install script
[24.075s] -- Symlinking: /home/ros2/dev_ws/install/abb_rapid_msgs/share/ament_index/resource_index/rosidl_interfaces/abb_rapid_msgs
[24.075s] -- Symlinking: /home/ros2/dev_ws/install/abb_rapid_msgs/include/abb_rapid_msgs/abb_rapid_msgs/msg/conf_data.h
[24.075s] -- Symlinking: /home/ros2/dev_ws/install/abb_rapid_msgs/include/abb_rapid_msgs/abb_rapid_msgs/msg/detail/conf_data__functions.h
[24.075s] -- Symlinking: /home/ros2/dev_ws/install/abb_rapid_msgs/include/abb_rapid_msgs/abb_rapid_msgs/msg/detail/conf_data__struct.h
[24.075s] -- Symlinking: /home/ros2/dev_ws/install/abb_rapid_msgs/include/abb_rapid_msgs/abb_rapid_msgs/msg/detail/conf_data__type_support.h
[24.075s] -- Symlinking: /home/ros2/dev_ws/install/abb_rapid_msgs/include/abb_rapid_msgs/abb_rapid_msgs/msg/detail/ext_joint__functions.h
[24.075s] -- Symlinking: /home/ros2/dev_ws/install/abb_rapid_msgs/include/abb_rapid_msgs/abb_rapid_msgs/msg/detail/ext_joint__struct.h
[24.075s] -- Symlinking: /home/ros2/dev_ws/install/abb_rapid_msgs/include/abb_rapid_msgs/abb_rapid_msgs/msg/detail/ext_joint__type_support.h
[24.075s] -- Symlinking: /home/ros2/dev_ws/install/abb_rapid_msgs/include/abb_rapid_msgs/abb_rapid_msgs/msg/detail/joint_target__functions.h
[24.075s] -- Symlinking: /home/ros2/dev_ws/install/abb_rapid_msgs/include/abb_rapid_msgs/abb_rapid_msgs/msg/detail/joint_target__struct.h
[24.075s] -- Symlinking: /home/ros2/dev_ws/install/abb_rapid_msgs/include/abb_rapid_msgs/abb_rapid_msgs/msg/detail/joint_target__type_support.h
[24.075s] -- Symlinking: /home/ros2/dev_ws/install/abb_rapid_msgs/include/abb_rapid_msgs/abb_rapid_msgs/msg/detail/load_data__functions.h
[24.075s] -- Symlinking: /home/ros2/dev_ws/install/abb_rapid_msgs/include/abb_rapid_msgs/abb_rapid_msgs/msg/detail/load_data__struct.h
[24.075s] -- Symlinking: /home/ros2/dev_ws/install/abb_rapid_msgs/include/abb_rapid_msgs/abb_rapid_msgs/msg/detail/load_data__type_support.h
[24.075s] -- Symlinking: /home/ros2/dev_ws/install/abb_rapid_msgs/include/abb_rapid_msgs/abb_rapid_msgs/msg/detail/orient__functions.h
[24.076s] -- Symlinking: /home/ros2/dev_ws/install/abb_rapid_msgs/include/abb_rapid_msgs/abb_rapid_msgs/msg/detail/orient__struct.h
[24.076s] -- Symlinking: /home/ros2/dev_ws/install/abb_rapid_msgs/include/abb_rapid_msgs/abb_rapid_msgs/msg/detail/orient__type_support.h
[24.076s] -- Symlinking: /home/ros2/dev_ws/install/abb_rapid_msgs/include/abb_rapid_msgs/abb_rapid_msgs/msg/detail/pos__functions.h
[24.076s] -- Symlinking: /home/ros2/dev_ws/install/abb_rapid_msgs/include/abb_rapid_msgs/abb_rapid_msgs/msg/detail/pos__struct.h
[24.076s] -- Symlinking: /home/ros2/dev_ws/install/abb_rapid_msgs/include/abb_rapid_msgs/abb_rapid_msgs/msg/detail/pos__type_support.h
[24.076s] -- Symlinking: /home/ros2/dev_ws/install/abb_rapid_msgs/include/abb_rapid_msgs/abb_rapid_msgs/msg/detail/pose__functions.h
[24.076s] -- Symlinking: /home/ros2/dev_ws/install/abb_rapid_msgs/include/abb_rapid_msgs/abb_rapid_msgs/msg/detail/pose__struct.h
[24.076s] -- Symlinking: /home/ros2/dev_ws/install/abb_rapid_msgs/include/abb_rapid_msgs/abb_rapid_msgs/msg/detail/pose__type_support.h
[24.076s] -- Symlinking: /home/ros2/dev_ws/install/abb_rapid_msgs/include/abb_rapid_msgs/abb_rapid_msgs/msg/detail/rob_joint__functions.h
[24.076s] -- Symlinking: /home/ros2/dev_ws/install/abb_rapid_msgs/include/abb_rapid_msgs/abb_rapid_msgs/msg/detail/rob_joint__struct.h
[24.076s] -- Symlinking: /home/ros2/dev_ws/install/abb_rapid_msgs/include/abb_rapid_msgs/abb_rapid_msgs/msg/detail/rob_joint__type_support.h
[24.076s] -- Symlinking: /home/ros2/dev_ws/install/abb_rapid_msgs/include/abb_rapid_msgs/abb_rapid_msgs/msg/detail/rob_target__functions.h
[24.076s] -- Symlinking: /home/ros2/dev_ws/install/abb_rapid_msgs/include/abb_rapid_msgs/abb_rapid_msgs/msg/detail/rob_target__struct.h
[24.076s] -- Symlinking: /home/ros2/dev_ws/install/abb_rapid_msgs/include/abb_rapid_msgs/abb_rapid_msgs/msg/detail/rob_target__type_support.h
[24.076s] -- Symlinking: /home/ros2/dev_ws/install/abb_rapid_msgs/include/abb_rapid_msgs/abb_rapid_msgs/msg/detail/tool_data__functions.h
[24.076s] -- Symlinking: /home/ros2/dev_ws/install/abb_rapid_msgs/include/abb_rapid_msgs/abb_rapid_msgs/msg/detail/tool_data__struct.h
[24.076s] -- Symlinking: /home/ros2/dev_ws/install/abb_rapid_msgs/include/abb_rapid_msgs/abb_rapid_msgs/msg/detail/tool_data__type_support.h
[24.076s] -- Symlinking: /home/ros2/dev_ws/install/abb_rapid_msgs/include/abb_rapid_msgs/abb_rapid_msgs/msg/detail/w_obj_data__functions.h
[24.076s] -- Symlinking: /home/ros2/dev_ws/install/abb_rapid_msgs/include/abb_rapid_msgs/abb_rapid_msgs/msg/detail/w_obj_data__struct.h
[24.076s] -- Symlinking: /home/ros2/dev_ws/install/abb_rapid_msgs/include/abb_rapid_msgs/abb_rapid_msgs/msg/detail/w_obj_data__type_support.h
[24.076s] -- Symlinking: /home/ros2/dev_ws/install/abb_rapid_msgs/include/abb_rapid_msgs/abb_rapid_msgs/msg/ext_joint.h
[24.076s] -- Symlinking: /home/ros2/dev_ws/install/abb_rapid_msgs/include/abb_rapid_msgs/abb_rapid_msgs/msg/joint_target.h
[24.077s] -- Symlinking: /home/ros2/dev_ws/install/abb_rapid_msgs/include/abb_rapid_msgs/abb_rapid_msgs/msg/load_data.h
[24.077s] -- Symlinking: /home/ros2/dev_ws/install/abb_rapid_msgs/include/abb_rapid_msgs/abb_rapid_msgs/msg/orient.h
[24.121s] -- Symlinking: /home/ros2/dev_ws/install/abb_rapid_msgs/include/abb_rapid_msgs/abb_rapid_msgs/msg/pos.h
[24.138s] -- Symlinking: /home/ros2/dev_ws/install/abb_rapid_msgs/include/abb_rapid_msgs/abb_rapid_msgs/msg/pose.h
[24.206s] -- Symlinking: /home/ros2/dev_ws/install/abb_rapid_msgs/include/abb_rapid_msgs/abb_rapid_msgs/msg/rob_joint.h
[24.214s] -- Symlinking: /home/ros2/dev_ws/install/abb_rapid_msgs/include/abb_rapid_msgs/abb_rapid_msgs/msg/rob_target.h
[24.229s] -- Symlinking: /home/ros2/dev_ws/install/abb_rapid_msgs/include/abb_rapid_msgs/abb_rapid_msgs/msg/rosidl_generator_c__visibility_control.h
[24.237s] -- Symlinking: /home/ros2/dev_ws/install/abb_rapid_msgs/include/abb_rapid_msgs/abb_rapid_msgs/msg/tool_data.h
[24.245s] -- Symlinking: /home/ros2/dev_ws/install/abb_rapid_msgs/include/abb_rapid_msgs/abb_rapid_msgs/msg/w_obj_data.h
[24.253s] -- Symlinking: /home/ros2/dev_ws/install/abb_rapid_msgs/share/abb_rapid_msgs/environment/library_path.sh
[24.261s] -- Symlinking: /home/ros2/dev_ws/install/abb_rapid_msgs/share/abb_rapid_msgs/environment/library_path.dsv
[24.270s] -- Symlinking: /home/ros2/dev_ws/install/abb_rapid_msgs/include/abb_rapid_msgs/abb_rapid_msgs/msg/detail/conf_data__rosidl_typesupport_fastrtps_c.h
[24.278s] -- Symlinking: /home/ros2/dev_ws/install/abb_rapid_msgs/include/abb_rapid_msgs/abb_rapid_msgs/msg/detail/ext_joint__rosidl_typesupport_fastrtps_c.h
[24.291s] -- Symlinking: /home/ros2/dev_ws/install/abb_rapid_msgs/include/abb_rapid_msgs/abb_rapid_msgs/msg/detail/joint_target__rosidl_typesupport_fastrtps_c.h
[24.326s] -- Symlinking: /home/ros2/dev_ws/install/abb_rapid_msgs/include/abb_rapid_msgs/abb_rapid_msgs/msg/detail/load_data__rosidl_typesupport_fastrtps_c.h
[24.380s] -- Symlinking: /home/ros2/dev_ws/install/abb_rapid_msgs/include/abb_rapid_msgs/abb_rapid_msgs/msg/detail/orient__rosidl_typesupport_fastrtps_c.h
[24.519s] -- Symlinking: /home/ros2/dev_ws/install/abb_rapid_msgs/include/abb_rapid_msgs/abb_rapid_msgs/msg/detail/pos__rosidl_typesupport_fastrtps_c.h
[24.528s] -- Symlinking: /home/ros2/dev_ws/install/abb_rapid_msgs/include/abb_rapid_msgs/abb_rapid_msgs/msg/detail/pose__rosidl_typesupport_fastrtps_c.h
[24.790s] -- Symlinking: /home/ros2/dev_ws/install/abb_rapid_msgs/include/abb_rapid_msgs/abb_rapid_msgs/msg/detail/rob_joint__rosidl_typesupport_fastrtps_c.h
[24.860s] -- Symlinking: /home/ros2/dev_ws/install/abb_rapid_msgs/include/abb_rapid_msgs/abb_rapid_msgs/msg/detail/rob_target__rosidl_typesupport_fastrtps_c.h
[24.867s] -- Symlinking: /home/ros2/dev_ws/install/abb_rapid_msgs/include/abb_rapid_msgs/abb_rapid_msgs/msg/detail/tool_data__rosidl_typesupport_fastrtps_c.h
[24.881s] -- Symlinking: /home/ros2/dev_ws/install/abb_rapid_msgs/include/abb_rapid_msgs/abb_rapid_msgs/msg/detail/w_obj_data__rosidl_typesupport_fastrtps_c.h
[24.940s] -- Symlinking: /home/ros2/dev_ws/install/abb_rapid_msgs/include/abb_rapid_msgs/abb_rapid_msgs/msg/rosidl_typesupport_fastrtps_c__visibility_control.h
[25.054s] -- Symlinking: /home/ros2/dev_ws/install/abb_rapid_msgs/include/abb_rapid_msgs/abb_rapid_msgs/msg/detail/conf_data__rosidl_typesupport_introspection_c.h
[25.210s] -- Symlinking: /home/ros2/dev_ws/install/abb_rapid_msgs/include/abb_rapid_msgs/abb_rapid_msgs/msg/detail/ext_joint__rosidl_typesupport_introspection_c.h
[25.451s] -- Symlinking: /home/ros2/dev_ws/install/abb_rapid_msgs/include/abb_rapid_msgs/abb_rapid_msgs/msg/detail/joint_target__rosidl_typesupport_introspection_c.h
[25.574s] -- Symlinking: /home/ros2/dev_ws/install/abb_rapid_msgs/include/abb_rapid_msgs/abb_rapid_msgs/msg/detail/load_data__rosidl_typesupport_introspection_c.h
[25.774s] -- Symlinking: /home/ros2/dev_ws/install/abb_rapid_msgs/include/abb_rapid_msgs/abb_rapid_msgs/msg/detail/orient__rosidl_typesupport_introspection_c.h
[25.899s] -- Symlinking: /home/ros2/dev_ws/install/abb_rapid_msgs/include/abb_rapid_msgs/abb_rapid_msgs/msg/detail/pos__rosidl_typesupport_introspection_c.h
[25.918s] -- Symlinking: /home/ros2/dev_ws/install/abb_rapid_msgs/include/abb_rapid_msgs/abb_rapid_msgs/msg/detail/pose__rosidl_typesupport_introspection_c.h
[25.936s] -- Symlinking: /home/ros2/dev_ws/install/abb_rapid_msgs/include/abb_rapid_msgs/abb_rapid_msgs/msg/detail/rob_joint__rosidl_typesupport_introspection_c.h
[25.972s] -- Symlinking: /home/ros2/dev_ws/install/abb_rapid_msgs/include/abb_rapid_msgs/abb_rapid_msgs/msg/detail/rob_target__rosidl_typesupport_introspection_c.h
[25.990s] -- Symlinking: /home/ros2/dev_ws/install/abb_rapid_msgs/include/abb_rapid_msgs/abb_rapid_msgs/msg/detail/tool_data__rosidl_typesupport_introspection_c.h
[26.015s] -- Symlinking: /home/ros2/dev_ws/install/abb_rapid_msgs/include/abb_rapid_msgs/abb_rapid_msgs/msg/detail/w_obj_data__rosidl_typesupport_introspection_c.h
[26.055s] -- Symlinking: /home/ros2/dev_ws/install/abb_rapid_msgs/include/abb_rapid_msgs/abb_rapid_msgs/msg/rosidl_typesupport_introspection_c__visibility_control.h
[26.080s] -- Symlinking: /home/ros2/dev_ws/install/abb_rapid_msgs/include/abb_rapid_msgs/abb_rapid_msgs/msg/conf_data.hpp
[26.130s] -- Symlinking: /home/ros2/dev_ws/install/abb_rapid_msgs/include/abb_rapid_msgs/abb_rapid_msgs/msg/detail/conf_data__builder.hpp
[26.164s] -- Symlinking: /home/ros2/dev_ws/install/abb_rapid_msgs/include/abb_rapid_msgs/abb_rapid_msgs/msg/detail/conf_data__struct.hpp
[26.186s] -- Symlinking: /home/ros2/dev_ws/install/abb_rapid_msgs/include/abb_rapid_msgs/abb_rapid_msgs/msg/detail/conf_data__traits.hpp
[26.246s] -- Symlinking: /home/ros2/dev_ws/install/abb_rapid_msgs/include/abb_rapid_msgs/abb_rapid_msgs/msg/detail/conf_data__type_support.hpp
[26.288s] -- Symlinking: /home/ros2/dev_ws/install/abb_rapid_msgs/include/abb_rapid_msgs/abb_rapid_msgs/msg/detail/ext_joint__builder.hpp
[26.368s] -- Symlinking: /home/ros2/dev_ws/install/abb_rapid_msgs/include/abb_rapid_msgs/abb_rapid_msgs/msg/detail/ext_joint__struct.hpp
[26.388s] -- Symlinking: /home/ros2/dev_ws/install/abb_rapid_msgs/include/abb_rapid_msgs/abb_rapid_msgs/msg/detail/ext_joint__traits.hpp
[26.409s] -- Symlinking: /home/ros2/dev_ws/install/abb_rapid_msgs/include/abb_rapid_msgs/abb_rapid_msgs/msg/detail/ext_joint__type_support.hpp
[26.433s] -- Symlinking: /home/ros2/dev_ws/install/abb_rapid_msgs/include/abb_rapid_msgs/abb_rapid_msgs/msg/detail/joint_target__builder.hpp
[26.452s] -- Symlinking: /home/ros2/dev_ws/install/abb_rapid_msgs/include/abb_rapid_msgs/abb_rapid_msgs/msg/detail/joint_target__struct.hpp
[26.475s] -- Symlinking: /home/ros2/dev_ws/install/abb_rapid_msgs/include/abb_rapid_msgs/abb_rapid_msgs/msg/detail/joint_target__traits.hpp
[26.573s] -- Symlinking: /home/ros2/dev_ws/install/abb_rapid_msgs/include/abb_rapid_msgs/abb_rapid_msgs/msg/detail/joint_target__type_support.hpp
[26.576s] -- Symlinking: /home/ros2/dev_ws/install/abb_rapid_msgs/include/abb_rapid_msgs/abb_rapid_msgs/msg/detail/load_data__builder.hpp
[26.588s] -- Symlinking: /home/ros2/dev_ws/install/abb_rapid_msgs/include/abb_rapid_msgs/abb_rapid_msgs/msg/detail/load_data__struct.hpp
[26.595s] -- Symlinking: /home/ros2/dev_ws/install/abb_rapid_msgs/include/abb_rapid_msgs/abb_rapid_msgs/msg/detail/load_data__traits.hpp
[26.617s] -- Symlinking: /home/ros2/dev_ws/install/abb_rapid_msgs/include/abb_rapid_msgs/abb_rapid_msgs/msg/detail/load_data__type_support.hpp
[26.704s] -- Symlinking: /home/ros2/dev_ws/install/abb_rapid_msgs/include/abb_rapid_msgs/abb_rapid_msgs/msg/detail/orient__builder.hpp
[26.860s] -- Symlinking: /home/ros2/dev_ws/install/abb_rapid_msgs/include/abb_rapid_msgs/abb_rapid_msgs/msg/detail/orient__struct.hpp
[26.962s] -- Symlinking: /home/ros2/dev_ws/install/abb_rapid_msgs/include/abb_rapid_msgs/abb_rapid_msgs/msg/detail/orient__traits.hpp
[27.052s] -- Symlinking: /home/ros2/dev_ws/install/abb_rapid_msgs/include/abb_rapid_msgs/abb_rapid_msgs/msg/detail/orient__type_support.hpp
[27.074s] -- Symlinking: /home/ros2/dev_ws/install/abb_rapid_msgs/include/abb_rapid_msgs/abb_rapid_msgs/msg/detail/pos__builder.hpp
[27.172s] -- Symlinking: /home/ros2/dev_ws/install/abb_rapid_msgs/include/abb_rapid_msgs/abb_rapid_msgs/msg/detail/pos__struct.hpp
[27.251s] -- Symlinking: /home/ros2/dev_ws/install/abb_rapid_msgs/include/abb_rapid_msgs/abb_rapid_msgs/msg/detail/pos__traits.hpp
[27.422s] -- Symlinking: /home/ros2/dev_ws/install/abb_rapid_msgs/include/abb_rapid_msgs/abb_rapid_msgs/msg/detail/pos__type_support.hpp
[27.552s] -- Symlinking: /home/ros2/dev_ws/install/abb_rapid_msgs/include/abb_rapid_msgs/abb_rapid_msgs/msg/detail/pose__builder.hpp
[27.570s] -- Symlinking: /home/ros2/dev_ws/install/abb_rapid_msgs/include/abb_rapid_msgs/abb_rapid_msgs/msg/detail/pose__struct.hpp
[27.597s] -- Symlinking: /home/ros2/dev_ws/install/abb_rapid_msgs/include/abb_rapid_msgs/abb_rapid_msgs/msg/detail/pose__traits.hpp
[27.611s] -- Symlinking: /home/ros2/dev_ws/install/abb_rapid_msgs/include/abb_rapid_msgs/abb_rapid_msgs/msg/detail/pose__type_support.hpp
[27.616s] -- Symlinking: /home/ros2/dev_ws/install/abb_rapid_msgs/include/abb_rapid_msgs/abb_rapid_msgs/msg/detail/rob_joint__builder.hpp
[27.640s] -- Symlinking: /home/ros2/dev_ws/install/abb_rapid_msgs/include/abb_rapid_msgs/abb_rapid_msgs/msg/detail/rob_joint__struct.hpp
[27.660s] -- Symlinking: /home/ros2/dev_ws/install/abb_rapid_msgs/include/abb_rapid_msgs/abb_rapid_msgs/msg/detail/rob_joint__traits.hpp
[27.683s] -- Symlinking: /home/ros2/dev_ws/install/abb_rapid_msgs/include/abb_rapid_msgs/abb_rapid_msgs/msg/detail/rob_joint__type_support.hpp
[27.710s] -- Symlinking: /home/ros2/dev_ws/install/abb_rapid_msgs/include/abb_rapid_msgs/abb_rapid_msgs/msg/detail/rob_target__builder.hpp
[27.728s] -- Symlinking: /home/ros2/dev_ws/install/abb_rapid_msgs/include/abb_rapid_msgs/abb_rapid_msgs/msg/detail/rob_target__struct.hpp
[27.752s] -- Symlinking: /home/ros2/dev_ws/install/abb_rapid_msgs/include/abb_rapid_msgs/abb_rapid_msgs/msg/detail/rob_target__traits.hpp
[27.770s] -- Symlinking: /home/ros2/dev_ws/install/abb_rapid_msgs/include/abb_rapid_msgs/abb_rapid_msgs/msg/detail/rob_target__type_support.hpp
[27.790s] -- Symlinking: /home/ros2/dev_ws/install/abb_rapid_msgs/include/abb_rapid_msgs/abb_rapid_msgs/msg/detail/tool_data__builder.hpp
[27.847s] -- Symlinking: /home/ros2/dev_ws/install/abb_rapid_msgs/include/abb_rapid_msgs/abb_rapid_msgs/msg/detail/tool_data__struct.hpp
[27.861s] -- Symlinking: /home/ros2/dev_ws/install/abb_rapid_msgs/include/abb_rapid_msgs/abb_rapid_msgs/msg/detail/tool_data__traits.hpp
[27.984s] -- Symlinking: /home/ros2/dev_ws/install/abb_rapid_msgs/include/abb_rapid_msgs/abb_rapid_msgs/msg/detail/tool_data__type_support.hpp
[28.044s] -- Symlinking: /home/ros2/dev_ws/install/abb_rapid_msgs/include/abb_rapid_msgs/abb_rapid_msgs/msg/detail/w_obj_data__builder.hpp
[28.057s] -- Symlinking: /home/ros2/dev_ws/install/abb_rapid_msgs/include/abb_rapid_msgs/abb_rapid_msgs/msg/detail/w_obj_data__struct.hpp
[28.181s] -- Symlinking: /home/ros2/dev_ws/install/abb_rapid_msgs/include/abb_rapid_msgs/abb_rapid_msgs/msg/detail/w_obj_data__traits.hpp
[28.478s] -- Symlinking: /home/ros2/dev_ws/install/abb_rapid_msgs/include/abb_rapid_msgs/abb_rapid_msgs/msg/detail/w_obj_data__type_support.hpp
[28.672s] -- Symlinking: /home/ros2/dev_ws/install/abb_rapid_msgs/include/abb_rapid_msgs/abb_rapid_msgs/msg/ext_joint.hpp
[28.768s] -- Symlinking: /home/ros2/dev_ws/install/abb_rapid_msgs/include/abb_rapid_msgs/abb_rapid_msgs/msg/joint_target.hpp
[28.840s] -- Symlinking: /home/ros2/dev_ws/install/abb_rapid_msgs/include/abb_rapid_msgs/abb_rapid_msgs/msg/load_data.hpp
[29.001s] -- Symlinking: /home/ros2/dev_ws/install/abb_rapid_msgs/include/abb_rapid_msgs/abb_rapid_msgs/msg/orient.hpp
[29.022s] -- Symlinking: /home/ros2/dev_ws/install/abb_rapid_msgs/include/abb_rapid_msgs/abb_rapid_msgs/msg/pos.hpp
[29.038s] -- Symlinking: /home/ros2/dev_ws/install/abb_rapid_msgs/include/abb_rapid_msgs/abb_rapid_msgs/msg/pose.hpp
[29.054s] -- Symlinking: /home/ros2/dev_ws/install/abb_rapid_msgs/include/abb_rapid_msgs/abb_rapid_msgs/msg/rob_joint.hpp
[29.070s] -- Symlinking: /home/ros2/dev_ws/install/abb_rapid_msgs/include/abb_rapid_msgs/abb_rapid_msgs/msg/rob_target.hpp
[29.085s] -- Symlinking: /home/ros2/dev_ws/install/abb_rapid_msgs/include/abb_rapid_msgs/abb_rapid_msgs/msg/rosidl_generator_cpp__visibility_control.hpp
[29.227s] -- Symlinking: /home/ros2/dev_ws/install/abb_rapid_msgs/include/abb_rapid_msgs/abb_rapid_msgs/msg/tool_data.hpp
[29.246s] -- Symlinking: /home/ros2/dev_ws/install/abb_rapid_msgs/include/abb_rapid_msgs/abb_rapid_msgs/msg/w_obj_data.hpp
[29.426s] -- Symlinking: /home/ros2/dev_ws/install/abb_rapid_msgs/include/abb_rapid_msgs/abb_rapid_msgs/msg/detail/conf_data__rosidl_typesupport_fastrtps_cpp.hpp
[29.473s] -- Symlinking: /home/ros2/dev_ws/install/abb_rapid_msgs/include/abb_rapid_msgs/abb_rapid_msgs/msg/detail/ext_joint__rosidl_typesupport_fastrtps_cpp.hpp
[29.487s] -- Symlinking: /home/ros2/dev_ws/install/abb_rapid_msgs/include/abb_rapid_msgs/abb_rapid_msgs/msg/detail/joint_target__rosidl_typesupport_fastrtps_cpp.hpp
[29.586s] -- Symlinking: /home/ros2/dev_ws/install/abb_rapid_msgs/include/abb_rapid_msgs/abb_rapid_msgs/msg/detail/load_data__rosidl_typesupport_fastrtps_cpp.hpp
[29.595s] -- Symlinking: /home/ros2/dev_ws/install/abb_rapid_msgs/include/abb_rapid_msgs/abb_rapid_msgs/msg/detail/orient__rosidl_typesupport_fastrtps_cpp.hpp
[29.604s] -- Symlinking: /home/ros2/dev_ws/install/abb_rapid_msgs/include/abb_rapid_msgs/abb_rapid_msgs/msg/detail/pos__rosidl_typesupport_fastrtps_cpp.hpp
[29.613s] -- Symlinking: /home/ros2/dev_ws/install/abb_rapid_msgs/include/abb_rapid_msgs/abb_rapid_msgs/msg/detail/pose__rosidl_typesupport_fastrtps_cpp.hpp
[29.622s] -- Symlinking: /home/ros2/dev_ws/install/abb_rapid_msgs/include/abb_rapid_msgs/abb_rapid_msgs/msg/detail/rob_joint__rosidl_typesupport_fastrtps_cpp.hpp
[29.630s] -- Symlinking: /home/ros2/dev_ws/install/abb_rapid_msgs/include/abb_rapid_msgs/abb_rapid_msgs/msg/detail/rob_target__rosidl_typesupport_fastrtps_cpp.hpp
[29.638s] -- Symlinking: /home/ros2/dev_ws/install/abb_rapid_msgs/include/abb_rapid_msgs/abb_rapid_msgs/msg/detail/tool_data__rosidl_typesupport_fastrtps_cpp.hpp
[29.646s] -- Symlinking: /home/ros2/dev_ws/install/abb_rapid_msgs/include/abb_rapid_msgs/abb_rapid_msgs/msg/detail/w_obj_data__rosidl_typesupport_fastrtps_cpp.hpp
[29.653s] -- Symlinking: /home/ros2/dev_ws/install/abb_rapid_msgs/include/abb_rapid_msgs/abb_rapid_msgs/msg/rosidl_typesupport_fastrtps_cpp__visibility_control.h
[29.662s] -- Symlinking: /home/ros2/dev_ws/install/abb_rapid_msgs/include/abb_rapid_msgs/abb_rapid_msgs/msg/detail/conf_data__rosidl_typesupport_introspection_cpp.hpp
[29.670s] -- Symlinking: /home/ros2/dev_ws/install/abb_rapid_msgs/include/abb_rapid_msgs/abb_rapid_msgs/msg/detail/ext_joint__rosidl_typesupport_introspection_cpp.hpp
[29.678s] -- Symlinking: /home/ros2/dev_ws/install/abb_rapid_msgs/include/abb_rapid_msgs/abb_rapid_msgs/msg/detail/joint_target__rosidl_typesupport_introspection_cpp.hpp
[29.686s] -- Symlinking: /home/ros2/dev_ws/install/abb_rapid_msgs/include/abb_rapid_msgs/abb_rapid_msgs/msg/detail/load_data__rosidl_typesupport_introspection_cpp.hpp
[29.694s] -- Symlinking: /home/ros2/dev_ws/install/abb_rapid_msgs/include/abb_rapid_msgs/abb_rapid_msgs/msg/detail/orient__rosidl_typesupport_introspection_cpp.hpp
[29.706s] -- Symlinking: /home/ros2/dev_ws/install/abb_rapid_msgs/include/abb_rapid_msgs/abb_rapid_msgs/msg/detail/pos__rosidl_typesupport_introspection_cpp.hpp
[29.720s] -- Symlinking: /home/ros2/dev_ws/install/abb_rapid_msgs/include/abb_rapid_msgs/abb_rapid_msgs/msg/detail/pose__rosidl_typesupport_introspection_cpp.hpp
[29.732s] -- Symlinking: /home/ros2/dev_ws/install/abb_rapid_msgs/include/abb_rapid_msgs/abb_rapid_msgs/msg/detail/rob_joint__rosidl_typesupport_introspection_cpp.hpp
[29.748s] -- Symlinking: /home/ros2/dev_ws/install/abb_rapid_msgs/include/abb_rapid_msgs/abb_rapid_msgs/msg/detail/rob_target__rosidl_typesupport_introspection_cpp.hpp
[29.758s] -- Symlinking: /home/ros2/dev_ws/install/abb_rapid_msgs/include/abb_rapid_msgs/abb_rapid_msgs/msg/detail/tool_data__rosidl_typesupport_introspection_cpp.hpp
[30.061s] -- Symlinking: /home/ros2/dev_ws/install/abb_rapid_msgs/include/abb_rapid_msgs/abb_rapid_msgs/msg/detail/w_obj_data__rosidl_typesupport_introspection_cpp.hpp
[30.147s] -- Symlinking: /home/ros2/dev_ws/install/abb_rapid_msgs/share/abb_rapid_msgs/environment/pythonpath.sh
[30.155s] -- Symlinking: /home/ros2/dev_ws/install/abb_rapid_msgs/share/abb_rapid_msgs/environment/pythonpath.dsv
[30.166s] -- Symlinking: /home/ros2/dev_ws/install/abb_rapid_msgs/local/lib/python3.10/dist-packages/abb_rapid_msgs-1.0.0-py3.10.egg-info/PKG-INFO
[30.178s] -- Symlinking: /home/ros2/dev_ws/install/abb_rapid_msgs/local/lib/python3.10/dist-packages/abb_rapid_msgs-1.0.0-py3.10.egg-info/SOURCES.txt
[30.186s] -- Symlinking: /home/ros2/dev_ws/install/abb_rapid_msgs/local/lib/python3.10/dist-packages/abb_rapid_msgs-1.0.0-py3.10.egg-info/dependency_links.txt
[30.194s] -- Symlinking: /home/ros2/dev_ws/install/abb_rapid_msgs/local/lib/python3.10/dist-packages/abb_rapid_msgs-1.0.0-py3.10.egg-info/top_level.txt
[30.202s] -- Symlinking: /home/ros2/dev_ws/install/abb_rapid_msgs/local/lib/python3.10/dist-packages/abb_rapid_msgs/__init__.py
[30.210s] -- Symlinking: /home/ros2/dev_ws/install/abb_rapid_msgs/local/lib/python3.10/dist-packages/abb_rapid_msgs/_abb_rapid_msgs_s.ep.rosidl_typesupport_c.c
[30.223s] -- Symlinking: /home/ros2/dev_ws/install/abb_rapid_msgs/local/lib/python3.10/dist-packages/abb_rapid_msgs/_abb_rapid_msgs_s.ep.rosidl_typesupport_fastrtps_c.c
[30.392s] -- Symlinking: /home/ros2/dev_ws/install/abb_rapid_msgs/local/lib/python3.10/dist-packages/abb_rapid_msgs/_abb_rapid_msgs_s.ep.rosidl_typesupport_introspection_c.c
[30.425s] -- Symlinking: /home/ros2/dev_ws/install/abb_rapid_msgs/local/lib/python3.10/dist-packages/abb_rapid_msgs/abb_rapid_msgs_s__rosidl_typesupport_c.cpython-310-x86_64-linux-gnu.so
[30.588s] -- Symlinking: /home/ros2/dev_ws/install/abb_rapid_msgs/local/lib/python3.10/dist-packages/abb_rapid_msgs/abb_rapid_msgs_s__rosidl_typesupport_fastrtps_c.cpython-310-x86_64-linux-gnu.so
[30.728s] -- Symlinking: /home/ros2/dev_ws/install/abb_rapid_msgs/local/lib/python3.10/dist-packages/abb_rapid_msgs/abb_rapid_msgs_s__rosidl_typesupport_introspection_c.cpython-310-x86_64-linux-gnu.so
[30.740s] -- Symlinking: /home/ros2/dev_ws/install/abb_rapid_msgs/local/lib/python3.10/dist-packages/abb_rapid_msgs/libabb_rapid_msgs__rosidl_generator_py.so
[30.757s] -- Symlinking: /home/ros2/dev_ws/install/abb_rapid_msgs/local/lib/python3.10/dist-packages/abb_rapid_msgs/msg/__init__.py
[30.778s] -- Symlinking: /home/ros2/dev_ws/install/abb_rapid_msgs/local/lib/python3.10/dist-packages/abb_rapid_msgs/msg/_conf_data.py
[30.918s] -- Symlinking: /home/ros2/dev_ws/install/abb_rapid_msgs/local/lib/python3.10/dist-packages/abb_rapid_msgs/msg/_conf_data_s.c
[30.942s] -- Symlinking: /home/ros2/dev_ws/install/abb_rapid_msgs/local/lib/python3.10/dist-packages/abb_rapid_msgs/msg/_ext_joint.py
[30.972s] -- Symlinking: /home/ros2/dev_ws/install/abb_rapid_msgs/local/lib/python3.10/dist-packages/abb_rapid_msgs/msg/_ext_joint_s.c
[31.036s] -- Symlinking: /home/ros2/dev_ws/install/abb_rapid_msgs/local/lib/python3.10/dist-packages/abb_rapid_msgs/msg/_joint_target.py
[31.055s] -- Symlinking: /home/ros2/dev_ws/install/abb_rapid_msgs/local/lib/python3.10/dist-packages/abb_rapid_msgs/msg/_joint_target_s.c
[31.073s] -- Symlinking: /home/ros2/dev_ws/install/abb_rapid_msgs/local/lib/python3.10/dist-packages/abb_rapid_msgs/msg/_load_data.py
[31.093s] -- Symlinking: /home/ros2/dev_ws/install/abb_rapid_msgs/local/lib/python3.10/dist-packages/abb_rapid_msgs/msg/_load_data_s.c
[31.116s] -- Symlinking: /home/ros2/dev_ws/install/abb_rapid_msgs/local/lib/python3.10/dist-packages/abb_rapid_msgs/msg/_orient.py
[31.134s] -- Symlinking: /home/ros2/dev_ws/install/abb_rapid_msgs/local/lib/python3.10/dist-packages/abb_rapid_msgs/msg/_orient_s.c
[31.157s] -- Symlinking: /home/ros2/dev_ws/install/abb_rapid_msgs/local/lib/python3.10/dist-packages/abb_rapid_msgs/msg/_pos.py
[31.235s] -- Symlinking: /home/ros2/dev_ws/install/abb_rapid_msgs/local/lib/python3.10/dist-packages/abb_rapid_msgs/msg/_pos_s.c
[31.255s] -- Symlinking: /home/ros2/dev_ws/install/abb_rapid_msgs/local/lib/python3.10/dist-packages/abb_rapid_msgs/msg/_pose.py
[31.280s] -- Symlinking: /home/ros2/dev_ws/install/abb_rapid_msgs/local/lib/python3.10/dist-packages/abb_rapid_msgs/msg/_pose_s.c
[31.302s] -- Symlinking: /home/ros2/dev_ws/install/abb_rapid_msgs/local/lib/python3.10/dist-packages/abb_rapid_msgs/msg/_rob_joint.py
[31.325s] -- Symlinking: /home/ros2/dev_ws/install/abb_rapid_msgs/local/lib/python3.10/dist-packages/abb_rapid_msgs/msg/_rob_joint_s.c
[31.346s] -- Symlinking: /home/ros2/dev_ws/install/abb_rapid_msgs/local/lib/python3.10/dist-packages/abb_rapid_msgs/msg/_rob_target.py
[31.369s] -- Symlinking: /home/ros2/dev_ws/install/abb_rapid_msgs/local/lib/python3.10/dist-packages/abb_rapid_msgs/msg/_rob_target_s.c
[31.392s] -- Symlinking: /home/ros2/dev_ws/install/abb_rapid_msgs/local/lib/python3.10/dist-packages/abb_rapid_msgs/msg/_tool_data.py
[31.417s] -- Symlinking: /home/ros2/dev_ws/install/abb_rapid_msgs/local/lib/python3.10/dist-packages/abb_rapid_msgs/msg/_tool_data_s.c
[31.427s] -- Symlinking: /home/ros2/dev_ws/install/abb_rapid_msgs/local/lib/python3.10/dist-packages/abb_rapid_msgs/msg/_w_obj_data.py
[31.436s] -- Symlinking: /home/ros2/dev_ws/install/abb_rapid_msgs/local/lib/python3.10/dist-packages/abb_rapid_msgs/msg/_w_obj_data_s.c
[31.446s] -- Up-to-date symlink: /home/ros2/dev_ws/install/abb_rapid_msgs/local/lib/python3.10/dist-packages/abb_rapid_msgs/abb_rapid_msgs_s__rosidl_typesupport_fastrtps_c.cpython-310-x86_64-linux-gnu.so
[31.447s] -- Up-to-date symlink: /home/ros2/dev_ws/install/abb_rapid_msgs/local/lib/python3.10/dist-packages/abb_rapid_msgs/abb_rapid_msgs_s__rosidl_typesupport_introspection_c.cpython-310-x86_64-linux-gnu.so
[31.447s] -- Up-to-date symlink: /home/ros2/dev_ws/install/abb_rapid_msgs/local/lib/python3.10/dist-packages/abb_rapid_msgs/abb_rapid_msgs_s__rosidl_typesupport_c.cpython-310-x86_64-linux-gnu.so
[31.447s] -- Symlinking: /home/ros2/dev_ws/install/abb_rapid_msgs/share/abb_rapid_msgs/msg/ConfData.idl
[31.459s] -- Symlinking: /home/ros2/dev_ws/install/abb_rapid_msgs/share/abb_rapid_msgs/msg/ExtJoint.idl
[31.470s] -- Symlinking: /home/ros2/dev_ws/install/abb_rapid_msgs/share/abb_rapid_msgs/msg/JointTarget.idl
[31.481s] -- Symlinking: /home/ros2/dev_ws/install/abb_rapid_msgs/share/abb_rapid_msgs/msg/LoadData.idl
[31.490s] -- Symlinking: /home/ros2/dev_ws/install/abb_rapid_msgs/share/abb_rapid_msgs/msg/Orient.idl
[31.501s] -- Symlinking: /home/ros2/dev_ws/install/abb_rapid_msgs/share/abb_rapid_msgs/msg/Pos.idl
[31.511s] -- Symlinking: /home/ros2/dev_ws/install/abb_rapid_msgs/share/abb_rapid_msgs/msg/Pose.idl
[31.525s] -- Symlinking: /home/ros2/dev_ws/install/abb_rapid_msgs/share/abb_rapid_msgs/msg/RobJoint.idl
[31.531s] -- Symlinking: /home/ros2/dev_ws/install/abb_rapid_msgs/share/abb_rapid_msgs/msg/RobTarget.idl
[31.544s] -- Symlinking: /home/ros2/dev_ws/install/abb_rapid_msgs/share/abb_rapid_msgs/msg/ToolData.idl
[31.553s] -- Symlinking: /home/ros2/dev_ws/install/abb_rapid_msgs/share/abb_rapid_msgs/msg/WObjData.idl
[31.564s] -- Symlinking: /home/ros2/dev_ws/install/abb_rapid_msgs/share/abb_rapid_msgs/msg/ConfData.msg
[31.577s] -- Symlinking: /home/ros2/dev_ws/install/abb_rapid_msgs/share/abb_rapid_msgs/msg/ExtJoint.msg
[31.594s] -- Symlinking: /home/ros2/dev_ws/install/abb_rapid_msgs/share/abb_rapid_msgs/msg/JointTarget.msg
[31.608s] -- Symlinking: /home/ros2/dev_ws/install/abb_rapid_msgs/share/abb_rapid_msgs/msg/LoadData.msg
[31.628s] -- Symlinking: /home/ros2/dev_ws/install/abb_rapid_msgs/share/abb_rapid_msgs/msg/Orient.msg
[31.646s] -- Symlinking: /home/ros2/dev_ws/install/abb_rapid_msgs/share/abb_rapid_msgs/msg/Pos.msg
[31.885s] -- Symlinking: /home/ros2/dev_ws/install/abb_rapid_msgs/share/abb_rapid_msgs/msg/Pose.msg
[31.905s] -- Symlinking: /home/ros2/dev_ws/install/abb_rapid_msgs/share/abb_rapid_msgs/msg/RobJoint.msg
[32.016s] -- Symlinking: /home/ros2/dev_ws/install/abb_rapid_msgs/share/abb_rapid_msgs/msg/RobTarget.msg
[32.032s] -- Symlinking: /home/ros2/dev_ws/install/abb_rapid_msgs/share/abb_rapid_msgs/msg/ToolData.msg
[32.047s] -- Symlinking: /home/ros2/dev_ws/install/abb_rapid_msgs/share/abb_rapid_msgs/msg/WObjData.msg
[32.062s] -- Symlinking: /home/ros2/dev_ws/install/abb_rapid_msgs/share/ament_index/resource_index/package_run_dependencies/abb_rapid_msgs
[32.258s] -- Symlinking: /home/ros2/dev_ws/install/abb_rapid_msgs/share/ament_index/resource_index/parent_prefix_path/abb_rapid_msgs
[32.326s] -- Symlinking: /home/ros2/dev_ws/install/abb_rapid_msgs/share/abb_rapid_msgs/environment/ament_prefix_path.sh
[32.435s] -- Symlinking: /home/ros2/dev_ws/install/abb_rapid_msgs/share/abb_rapid_msgs/environment/ament_prefix_path.dsv
[32.671s] -- Symlinking: /home/ros2/dev_ws/install/abb_rapid_msgs/share/abb_rapid_msgs/environment/path.sh
[32.769s] -- Symlinking: /home/ros2/dev_ws/install/abb_rapid_msgs/share/abb_rapid_msgs/environment/path.dsv
[32.788s] -- Symlinking: /home/ros2/dev_ws/install/abb_rapid_msgs/share/abb_rapid_msgs/local_setup.bash
[32.805s] -- Symlinking: /home/ros2/dev_ws/install/abb_rapid_msgs/share/abb_rapid_msgs/local_setup.sh
[32.955s] -- Symlinking: /home/ros2/dev_ws/install/abb_rapid_msgs/share/abb_rapid_msgs/local_setup.zsh
[33.059s] -- Symlinking: /home/ros2/dev_ws/install/abb_rapid_msgs/share/abb_rapid_msgs/local_setup.dsv
[33.067s] -- Symlinking: /home/ros2/dev_ws/install/abb_rapid_msgs/share/abb_rapid_msgs/package.dsv
[33.082s] -- Symlinking: /home/ros2/dev_ws/install/abb_rapid_msgs/share/ament_index/resource_index/packages/abb_rapid_msgs
[33.102s] -- Symlinking: /home/ros2/dev_ws/install/abb_rapid_msgs/share/abb_rapid_msgs/cmake/rosidl_cmake-extras.cmake
[33.126s] -- Symlinking: /home/ros2/dev_ws/install/abb_rapid_msgs/share/abb_rapid_msgs/cmake/ament_cmake_export_include_directories-extras.cmake
[33.149s] -- Symlinking: /home/ros2/dev_ws/install/abb_rapid_msgs/share/abb_rapid_msgs/cmake/ament_cmake_export_libraries-extras.cmake
[33.184s] -- Symlinking: /home/ros2/dev_ws/install/abb_rapid_msgs/share/abb_rapid_msgs/cmake/ament_cmake_export_targets-extras.cmake
[33.203s] -- Symlinking: /home/ros2/dev_ws/install/abb_rapid_msgs/share/abb_rapid_msgs/cmake/rosidl_cmake_export_typesupport_targets-extras.cmake
[33.219s] -- Symlinking: /home/ros2/dev_ws/install/abb_rapid_msgs/share/abb_rapid_msgs/cmake/ament_cmake_export_dependencies-extras.cmake
[33.240s] -- Symlinking: /home/ros2/dev_ws/install/abb_rapid_msgs/share/abb_rapid_msgs/cmake/rosidl_cmake_export_typesupport_libraries-extras.cmake
[33.263s] -- Symlinking: /home/ros2/dev_ws/install/abb_rapid_msgs/share/abb_rapid_msgs/cmake/abb_rapid_msgsConfig.cmake
[33.289s] -- Symlinking: /home/ros2/dev_ws/install/abb_rapid_msgs/share/abb_rapid_msgs/cmake/abb_rapid_msgsConfig-version.cmake
[33.320s] -- Symlinking: /home/ros2/dev_ws/install/abb_rapid_msgs/share/abb_rapid_msgs/package.xml
[33.343s] -- Installing: /home/ros2/dev_ws/install/abb_rapid_msgs/lib/libabb_rapid_msgs__rosidl_generator_c.so
[33.349s] -- Set runtime path of "/home/ros2/dev_ws/install/abb_rapid_msgs/lib/libabb_rapid_msgs__rosidl_generator_c.so" to ""
[33.349s] -- Installing: /home/ros2/dev_ws/install/abb_rapid_msgs/lib/libabb_rapid_msgs__rosidl_typesupport_fastrtps_c.so
[33.349s] -- Set runtime path of "/home/ros2/dev_ws/install/abb_rapid_msgs/lib/libabb_rapid_msgs__rosidl_typesupport_fastrtps_c.so" to ""
[33.349s] -- Installing: /home/ros2/dev_ws/install/abb_rapid_msgs/lib/libabb_rapid_msgs__rosidl_typesupport_introspection_c.so
[33.349s] -- Set runtime path of "/home/ros2/dev_ws/install/abb_rapid_msgs/lib/libabb_rapid_msgs__rosidl_typesupport_introspection_c.so" to ""
[33.349s] -- Installing: /home/ros2/dev_ws/install/abb_rapid_msgs/lib/libabb_rapid_msgs__rosidl_typesupport_c.so
[33.349s] -- Set runtime path of "/home/ros2/dev_ws/install/abb_rapid_msgs/lib/libabb_rapid_msgs__rosidl_typesupport_c.so" to ""
[33.350s] -- Installing: /home/ros2/dev_ws/install/abb_rapid_msgs/lib/libabb_rapid_msgs__rosidl_typesupport_fastrtps_cpp.so
[33.359s] -- Set runtime path of "/home/ros2/dev_ws/install/abb_rapid_msgs/lib/libabb_rapid_msgs__rosidl_typesupport_fastrtps_cpp.so" to ""
[33.359s] -- Installing: /home/ros2/dev_ws/install/abb_rapid_msgs/lib/libabb_rapid_msgs__rosidl_typesupport_introspection_cpp.so
[33.363s] -- Set runtime path of "/home/ros2/dev_ws/install/abb_rapid_msgs/lib/libabb_rapid_msgs__rosidl_typesupport_introspection_cpp.so" to ""
[33.364s] -- Installing: /home/ros2/dev_ws/install/abb_rapid_msgs/lib/libabb_rapid_msgs__rosidl_typesupport_cpp.so
[33.365s] -- Set runtime path of "/home/ros2/dev_ws/install/abb_rapid_msgs/lib/libabb_rapid_msgs__rosidl_typesupport_cpp.so" to ""
[33.484s] Listing '/home/ros2/dev_ws/install/abb_rapid_msgs/local/lib/python3.10/dist-packages/abb_rapid_msgs'...
[33.484s] Compiling '/home/ros2/dev_ws/install/abb_rapid_msgs/local/lib/python3.10/dist-packages/abb_rapid_msgs/__init__.py'...
[33.484s] Listing '/home/ros2/dev_ws/install/abb_rapid_msgs/local/lib/python3.10/dist-packages/abb_rapid_msgs/msg'...
[33.484s] Compiling '/home/ros2/dev_ws/install/abb_rapid_msgs/local/lib/python3.10/dist-packages/abb_rapid_msgs/msg/__init__.py'...
[33.484s] Compiling '/home/ros2/dev_ws/install/abb_rapid_msgs/local/lib/python3.10/dist-packages/abb_rapid_msgs/msg/_conf_data.py'...
[33.485s] Compiling '/home/ros2/dev_ws/install/abb_rapid_msgs/local/lib/python3.10/dist-packages/abb_rapid_msgs/msg/_ext_joint.py'...
[33.485s] Compiling '/home/ros2/dev_ws/install/abb_rapid_msgs/local/lib/python3.10/dist-packages/abb_rapid_msgs/msg/_joint_target.py'...
[33.485s] Compiling '/home/ros2/dev_ws/install/abb_rapid_msgs/local/lib/python3.10/dist-packages/abb_rapid_msgs/msg/_load_data.py'...
[33.485s] Compiling '/home/ros2/dev_ws/install/abb_rapid_msgs/local/lib/python3.10/dist-packages/abb_rapid_msgs/msg/_orient.py'...
[33.485s] Compiling '/home/ros2/dev_ws/install/abb_rapid_msgs/local/lib/python3.10/dist-packages/abb_rapid_msgs/msg/_pos.py'...
[33.485s] Compiling '/home/ros2/dev_ws/install/abb_rapid_msgs/local/lib/python3.10/dist-packages/abb_rapid_msgs/msg/_pose.py'...
[33.485s] Compiling '/home/ros2/dev_ws/install/abb_rapid_msgs/local/lib/python3.10/dist-packages/abb_rapid_msgs/msg/_rob_joint.py'...
[33.485s] Compiling '/home/ros2/dev_ws/install/abb_rapid_msgs/local/lib/python3.10/dist-packages/abb_rapid_msgs/msg/_rob_target.py'...
[33.485s] Compiling '/home/ros2/dev_ws/install/abb_rapid_msgs/local/lib/python3.10/dist-packages/abb_rapid_msgs/msg/_tool_data.py'...
[33.485s] Compiling '/home/ros2/dev_ws/install/abb_rapid_msgs/local/lib/python3.10/dist-packages/abb_rapid_msgs/msg/_w_obj_data.py'...
[33.504s] -- Installing: /home/ros2/dev_ws/install/abb_rapid_msgs/lib/libabb_rapid_msgs__rosidl_generator_py.so
[33.506s] -- Set runtime path of "/home/ros2/dev_ws/install/abb_rapid_msgs/lib/libabb_rapid_msgs__rosidl_generator_py.so" to ""
[33.506s] -- Installing: /home/ros2/dev_ws/install/abb_rapid_msgs/share/abb_rapid_msgs/cmake/export_abb_rapid_msgs__rosidl_generator_cExport.cmake
[33.506s] -- Installing: /home/ros2/dev_ws/install/abb_rapid_msgs/share/abb_rapid_msgs/cmake/export_abb_rapid_msgs__rosidl_generator_cExport-noconfig.cmake
[33.506s] -- Installing: /home/ros2/dev_ws/install/abb_rapid_msgs/share/abb_rapid_msgs/cmake/export_abb_rapid_msgs__rosidl_typesupport_fastrtps_cExport.cmake
[33.506s] -- Installing: /home/ros2/dev_ws/install/abb_rapid_msgs/share/abb_rapid_msgs/cmake/export_abb_rapid_msgs__rosidl_typesupport_fastrtps_cExport-noconfig.cmake
[33.506s] -- Installing: /home/ros2/dev_ws/install/abb_rapid_msgs/share/abb_rapid_msgs/cmake/abb_rapid_msgs__rosidl_typesupport_introspection_cExport.cmake
[33.506s] -- Installing: /home/ros2/dev_ws/install/abb_rapid_msgs/share/abb_rapid_msgs/cmake/abb_rapid_msgs__rosidl_typesupport_introspection_cExport-noconfig.cmake
[33.506s] -- Installing: /home/ros2/dev_ws/install/abb_rapid_msgs/share/abb_rapid_msgs/cmake/abb_rapid_msgs__rosidl_typesupport_cExport.cmake
[33.506s] -- Installing: /home/ros2/dev_ws/install/abb_rapid_msgs/share/abb_rapid_msgs/cmake/abb_rapid_msgs__rosidl_typesupport_cExport-noconfig.cmake
[33.507s] -- Installing: /home/ros2/dev_ws/install/abb_rapid_msgs/share/abb_rapid_msgs/cmake/export_abb_rapid_msgs__rosidl_generator_cppExport.cmake
[33.507s] -- Installing: /home/ros2/dev_ws/install/abb_rapid_msgs/share/abb_rapid_msgs/cmake/export_abb_rapid_msgs__rosidl_typesupport_fastrtps_cppExport.cmake
[33.507s] -- Installing: /home/ros2/dev_ws/install/abb_rapid_msgs/share/abb_rapid_msgs/cmake/export_abb_rapid_msgs__rosidl_typesupport_fastrtps_cppExport-noconfig.cmake
[33.507s] -- Installing: /home/ros2/dev_ws/install/abb_rapid_msgs/share/abb_rapid_msgs/cmake/abb_rapid_msgs__rosidl_typesupport_introspection_cppExport.cmake
[33.507s] -- Installing: /home/ros2/dev_ws/install/abb_rapid_msgs/share/abb_rapid_msgs/cmake/abb_rapid_msgs__rosidl_typesupport_introspection_cppExport-noconfig.cmake
[33.508s] -- Installing: /home/ros2/dev_ws/install/abb_rapid_msgs/share/abb_rapid_msgs/cmake/abb_rapid_msgs__rosidl_typesupport_cppExport.cmake
[33.508s] -- Installing: /home/ros2/dev_ws/install/abb_rapid_msgs/share/abb_rapid_msgs/cmake/abb_rapid_msgs__rosidl_typesupport_cppExport-noconfig.cmake
[33.508s] -- Installing: /home/ros2/dev_ws/install/abb_rapid_msgs/share/abb_rapid_msgs/cmake/export_abb_rapid_msgs__rosidl_generator_pyExport.cmake
[33.514s] -- Installing: /home/ros2/dev_ws/install/abb_rapid_msgs/share/abb_rapid_msgs/cmake/export_abb_rapid_msgs__rosidl_generator_pyExport-noconfig.cmake
[33.522s] Invoked command in '/home/ros2/dev_ws/build/abb_rapid_msgs' returned '0': CMAKE_PREFIX_PATH=/opt/ros/humble /usr/bin/cmake --install /home/ros2/dev_ws/build/abb_rapid_msgs
