[0.044s] Invoking command in '/home/ros2/dev_ws/build/ros2srrc_ur3e_gazebo': CMAKE_PREFIX_PATH=${CMAKE_PREFIX_PATH}:/opt/ros/humble /usr/bin/cmake /home/ros2/dev_ws/src/ros2_SimRealRobotControl/packages/ur3e/ros2srrc_ur3e_gazebo -DAMENT_CMAKE_SYMLINK_INSTALL=1 -DCMAKE_INSTALL_PREFIX=/home/ros2/dev_ws/install/ros2srrc_ur3e_gazebo
[0.745s] -- The C compiler identification is GNU 11.4.0
[0.745s] -- The CXX compiler identification is GNU 11.4.0
[0.745s] -- Detecting C compiler ABI info
[0.745s] -- Detecting C compiler ABI info - done
[0.746s] -- Check for working C compiler: /usr/bin/cc - skipped
[0.746s] -- Detecting C compile features
[0.746s] -- Detecting C compile features - done
[0.746s] -- Detecting CXX compiler ABI info
[0.998s] -- Detecting CXX compiler ABI info - done
[1.018s] -- Check for working CXX compiler: /usr/bin/c++ - skipped
[1.018s] -- Detecting CXX compile features
[1.018s] -- Detecting CXX compile features - done
[1.023s] -- Found ament_cmake: 1.3.11 (/opt/ros/humble/share/ament_cmake/cmake)
[1.505s] -- Found Python3: /usr/bin/python3 (found version "3.10.12") found components: Interpreter 
[1.696s] -- Override CMake install command with custom implementation using symlinks instead of copying resources
[1.850s] -- Found ament_lint_auto: 0.12.12 (/opt/ros/humble/share/ament_lint_auto/cmake)
[2.217s] -- Added test 'copyright' to check source files copyright and LICENSE
[2.226s] -- Added test 'lint_cmake' to check CMake code style
[2.230s] -- Added test 'xmllint' to check XML markup files
[2.246s] -- Configuring done
[2.249s] -- Generating done
[2.256s] -- Build files have been written to: /home/ros2/dev_ws/build/ros2srrc_ur3e_gazebo
[2.278s] Invoked command in '/home/ros2/dev_ws/build/ros2srrc_ur3e_gazebo' returned '0': CMAKE_PREFIX_PATH=${CMAKE_PREFIX_PATH}:/opt/ros/humble /usr/bin/cmake /home/ros2/dev_ws/src/ros2_SimRealRobotControl/packages/ur3e/ros2srrc_ur3e_gazebo -DAMENT_CMAKE_SYMLINK_INSTALL=1 -DCMAKE_INSTALL_PREFIX=/home/ros2/dev_ws/install/ros2srrc_ur3e_gazebo
[2.279s] Invoking command in '/home/ros2/dev_ws/build/ros2srrc_ur3e_gazebo': CMAKE_PREFIX_PATH=${CMAKE_PREFIX_PATH}:/opt/ros/humble /usr/bin/cmake --build /home/ros2/dev_ws/build/ros2srrc_ur3e_gazebo -- -j16 -l16
[3.513s] Invoked command in '/home/ros2/dev_ws/build/ros2srrc_ur3e_gazebo' returned '0': CMAKE_PREFIX_PATH=${CMAKE_PREFIX_PATH}:/opt/ros/humble /usr/bin/cmake --build /home/ros2/dev_ws/build/ros2srrc_ur3e_gazebo -- -j16 -l16
[3.513s] Invoking command in '/home/ros2/dev_ws/build/ros2srrc_ur3e_gazebo': CMAKE_PREFIX_PATH=${CMAKE_PREFIX_PATH}:/opt/ros/humble /usr/bin/cmake --install /home/ros2/dev_ws/build/ros2srrc_ur3e_gazebo
[4.202s] -- Install configuration: ""
[4.203s] -- Execute custom install script
[4.203s] -- Symlinking: /home/ros2/dev_ws/install/ros2srrc_ur3e_gazebo/share/ros2srrc_ur3e_gazebo/config/configurations.yaml
[4.203s] -- Symlinking: /home/ros2/dev_ws/install/ros2srrc_ur3e_gazebo/share/ros2srrc_ur3e_gazebo/urdf/ur3e.urdf.xacro
[4.203s] -- Symlinking: /home/ros2/dev_ws/install/ros2srrc_ur3e_gazebo/share/ros2srrc_ur3e_gazebo/urdf/ur3e_robotiq_2f85.urdf.xacro
[4.203s] -- Symlinking: /home/ros2/dev_ws/install/ros2srrc_ur3e_gazebo/share/ros2srrc_ur3e_gazebo/urdf/ur3e_robotiq_hande.urdf.xacro
[4.203s] -- Symlinking: /home/ros2/dev_ws/install/ros2srrc_ur3e_gazebo/share/ros2srrc_ur3e_gazebo/worlds/ros2srrc_ur3e.world
[4.203s] -- Symlinking: /home/ros2/dev_ws/install/ros2srrc_ur3e_gazebo/share/ament_index/resource_index/package_run_dependencies/ros2srrc_ur3e_gazebo
[4.203s] -- Symlinking: /home/ros2/dev_ws/install/ros2srrc_ur3e_gazebo/share/ament_index/resource_index/parent_prefix_path/ros2srrc_ur3e_gazebo
[4.203s] -- Symlinking: /home/ros2/dev_ws/install/ros2srrc_ur3e_gazebo/share/ros2srrc_ur3e_gazebo/environment/ament_prefix_path.sh
[4.203s] -- Symlinking: /home/ros2/dev_ws/install/ros2srrc_ur3e_gazebo/share/ros2srrc_ur3e_gazebo/environment/ament_prefix_path.dsv
[4.203s] -- Symlinking: /home/ros2/dev_ws/install/ros2srrc_ur3e_gazebo/share/ros2srrc_ur3e_gazebo/environment/path.sh
[4.203s] -- Symlinking: /home/ros2/dev_ws/install/ros2srrc_ur3e_gazebo/share/ros2srrc_ur3e_gazebo/environment/path.dsv
[4.204s] -- Symlinking: /home/ros2/dev_ws/install/ros2srrc_ur3e_gazebo/share/ros2srrc_ur3e_gazebo/local_setup.bash
[4.204s] -- Symlinking: /home/ros2/dev_ws/install/ros2srrc_ur3e_gazebo/share/ros2srrc_ur3e_gazebo/local_setup.sh
[4.204s] -- Symlinking: /home/ros2/dev_ws/install/ros2srrc_ur3e_gazebo/share/ros2srrc_ur3e_gazebo/local_setup.zsh
[4.204s] -- Symlinking: /home/ros2/dev_ws/install/ros2srrc_ur3e_gazebo/share/ros2srrc_ur3e_gazebo/local_setup.dsv
[4.204s] -- Symlinking: /home/ros2/dev_ws/install/ros2srrc_ur3e_gazebo/share/ros2srrc_ur3e_gazebo/package.dsv
[4.204s] -- Symlinking: /home/ros2/dev_ws/install/ros2srrc_ur3e_gazebo/share/ament_index/resource_index/packages/ros2srrc_ur3e_gazebo
[4.204s] -- Symlinking: /home/ros2/dev_ws/install/ros2srrc_ur3e_gazebo/share/ros2srrc_ur3e_gazebo/cmake/ros2srrc_ur3e_gazeboConfig.cmake
[4.204s] -- Symlinking: /home/ros2/dev_ws/install/ros2srrc_ur3e_gazebo/share/ros2srrc_ur3e_gazebo/cmake/ros2srrc_ur3e_gazeboConfig-version.cmake
[4.226s] -- Symlinking: /home/ros2/dev_ws/install/ros2srrc_ur3e_gazebo/share/ros2srrc_ur3e_gazebo/package.xml
[4.288s] Invoked command in '/home/ros2/dev_ws/build/ros2srrc_ur3e_gazebo' returned '0': CMAKE_PREFIX_PATH=${CMAKE_PREFIX_PATH}:/opt/ros/humble /usr/bin/cmake --install /home/ros2/dev_ws/build/ros2srrc_ur3e_gazebo
