[0.050s] Invoking command in '/home/ros2/dev_ws/build/ros2srrc_irb6640_gazebo': CMAKE_PREFIX_PATH=${CMAKE_PREFIX_PATH}:/opt/ros/humble /usr/bin/cmake /home/ros2/dev_ws/src/ros2_SimRealRobotControl/packages/irb6640/ros2srrc_irb6640_gazebo -DAMENT_CMAKE_SYMLINK_INSTALL=1 -DCMAKE_INSTALL_PREFIX=/home/ros2/dev_ws/install/ros2srrc_irb6640_gazebo
[2.119s] -- The C compiler identification is GNU 11.4.0
[2.119s] -- The CXX compiler identification is GNU 11.4.0
[2.120s] -- Detecting C compiler ABI info
[2.120s] -- Detecting C compiler ABI info - done
[2.120s] -- Check for working C compiler: /usr/bin/cc - skipped
[2.120s] -- Detecting C compile features
[2.120s] -- Detecting C compile features - done
[2.120s] -- Detecting CXX compiler ABI info
[2.120s] -- Detecting CXX compiler ABI info - done
[2.120s] -- Check for working CXX compiler: /usr/bin/c++ - skipped
[2.120s] -- Detecting CXX compile features
[2.120s] -- Detecting CXX compile features - done
[2.120s] -- Found ament_cmake: 1.3.11 (/opt/ros/humble/share/ament_cmake/cmake)
[2.120s] -- Found Python3: /usr/bin/python3 (found version "3.10.12") found components: Interpreter 
[2.129s] -- Override CMake install command with custom implementation using symlinks instead of copying resources
[2.256s] -- Found ament_lint_auto: 0.12.12 (/opt/ros/humble/share/ament_lint_auto/cmake)
[2.790s] -- Added test 'copyright' to check source files copyright and LICENSE
[2.794s] -- Added test 'lint_cmake' to check CMake code style
[2.798s] -- Added test 'xmllint' to check XML markup files
[2.807s] -- Configuring done
[2.818s] -- Generating done
[2.826s] -- Build files have been written to: /home/ros2/dev_ws/build/ros2srrc_irb6640_gazebo
[2.840s] Invoked command in '/home/ros2/dev_ws/build/ros2srrc_irb6640_gazebo' returned '0': CMAKE_PREFIX_PATH=${CMAKE_PREFIX_PATH}:/opt/ros/humble /usr/bin/cmake /home/ros2/dev_ws/src/ros2_SimRealRobotControl/packages/irb6640/ros2srrc_irb6640_gazebo -DAMENT_CMAKE_SYMLINK_INSTALL=1 -DCMAKE_INSTALL_PREFIX=/home/ros2/dev_ws/install/ros2srrc_irb6640_gazebo
[2.847s] Invoking command in '/home/ros2/dev_ws/build/ros2srrc_irb6640_gazebo': CMAKE_PREFIX_PATH=${CMAKE_PREFIX_PATH}:/opt/ros/humble /usr/bin/cmake --build /home/ros2/dev_ws/build/ros2srrc_irb6640_gazebo -- -j16 -l16
[4.749s] Invoked command in '/home/ros2/dev_ws/build/ros2srrc_irb6640_gazebo' returned '0': CMAKE_PREFIX_PATH=${CMAKE_PREFIX_PATH}:/opt/ros/humble /usr/bin/cmake --build /home/ros2/dev_ws/build/ros2srrc_irb6640_gazebo -- -j16 -l16
[4.769s] Invoking command in '/home/ros2/dev_ws/build/ros2srrc_irb6640_gazebo': CMAKE_PREFIX_PATH=${CMAKE_PREFIX_PATH}:/opt/ros/humble /usr/bin/cmake --install /home/ros2/dev_ws/build/ros2srrc_irb6640_gazebo
[5.755s] -- Install configuration: ""
[5.755s] -- Execute custom install script
[5.756s] -- Symlinking: /home/ros2/dev_ws/install/ros2srrc_irb6640_gazebo/share/ros2srrc_irb6640_gazebo/config/configurations.yaml
[5.756s] -- Symlinking: /home/ros2/dev_ws/install/ros2srrc_irb6640_gazebo/share/ros2srrc_irb6640_gazebo/urdf/irb6640.urdf.xacro
[5.756s] -- Symlinking: /home/ros2/dev_ws/install/ros2srrc_irb6640_gazebo/share/ros2srrc_irb6640_gazebo/urdf/irb6640_gpp5010nc.urdf.xacro
[5.756s] -- Symlinking: /home/ros2/dev_ws/install/ros2srrc_irb6640_gazebo/share/ros2srrc_irb6640_gazebo/worlds/ros2srrc_irb6640.world
[5.756s] -- Symlinking: /home/ros2/dev_ws/install/ros2srrc_irb6640_gazebo/share/ament_index/resource_index/package_run_dependencies/ros2srrc_irb6640_gazebo
[5.756s] -- Symlinking: /home/ros2/dev_ws/install/ros2srrc_irb6640_gazebo/share/ament_index/resource_index/parent_prefix_path/ros2srrc_irb6640_gazebo
[5.757s] -- Symlinking: /home/ros2/dev_ws/install/ros2srrc_irb6640_gazebo/share/ros2srrc_irb6640_gazebo/environment/ament_prefix_path.sh
[5.757s] -- Symlinking: /home/ros2/dev_ws/install/ros2srrc_irb6640_gazebo/share/ros2srrc_irb6640_gazebo/environment/ament_prefix_path.dsv
[5.757s] -- Symlinking: /home/ros2/dev_ws/install/ros2srrc_irb6640_gazebo/share/ros2srrc_irb6640_gazebo/environment/path.sh
[5.757s] -- Symlinking: /home/ros2/dev_ws/install/ros2srrc_irb6640_gazebo/share/ros2srrc_irb6640_gazebo/environment/path.dsv
[5.762s] -- Symlinking: /home/ros2/dev_ws/install/ros2srrc_irb6640_gazebo/share/ros2srrc_irb6640_gazebo/local_setup.bash
[5.763s] -- Symlinking: /home/ros2/dev_ws/install/ros2srrc_irb6640_gazebo/share/ros2srrc_irb6640_gazebo/local_setup.sh
[5.763s] -- Symlinking: /home/ros2/dev_ws/install/ros2srrc_irb6640_gazebo/share/ros2srrc_irb6640_gazebo/local_setup.zsh
[5.763s] -- Symlinking: /home/ros2/dev_ws/install/ros2srrc_irb6640_gazebo/share/ros2srrc_irb6640_gazebo/local_setup.dsv
[5.763s] -- Symlinking: /home/ros2/dev_ws/install/ros2srrc_irb6640_gazebo/share/ros2srrc_irb6640_gazebo/package.dsv
[5.763s] -- Symlinking: /home/ros2/dev_ws/install/ros2srrc_irb6640_gazebo/share/ament_index/resource_index/packages/ros2srrc_irb6640_gazebo
[5.764s] -- Symlinking: /home/ros2/dev_ws/install/ros2srrc_irb6640_gazebo/share/ros2srrc_irb6640_gazebo/cmake/ros2srrc_irb6640_gazeboConfig.cmake
[5.764s] -- Symlinking: /home/ros2/dev_ws/install/ros2srrc_irb6640_gazebo/share/ros2srrc_irb6640_gazebo/cmake/ros2srrc_irb6640_gazeboConfig-version.cmake
[5.764s] -- Symlinking: /home/ros2/dev_ws/install/ros2srrc_irb6640_gazebo/share/ros2srrc_irb6640_gazebo/package.xml
[5.843s] Invoked command in '/home/ros2/dev_ws/build/ros2srrc_irb6640_gazebo' returned '0': CMAKE_PREFIX_PATH=${CMAKE_PREFIX_PATH}:/opt/ros/humble /usr/bin/cmake --install /home/ros2/dev_ws/build/ros2srrc_irb6640_gazebo
