[0.129s] Invoking command in '/home/ros2/dev_ws/build/ros2srrc_ur10e_moveit2': CMAKE_PREFIX_PATH=/opt/ros/humble /usr/bin/cmake /home/ros2/dev_ws/src/ros2_SimRealRobotControl/packages/ur10e/ros2srrc_ur10e_moveit2 -DAMENT_CMAKE_SYMLINK_INSTALL=1 -DCMAKE_INSTALL_PREFIX=/home/ros2/dev_ws/install/ros2srrc_ur10e_moveit2
[1.828s] -- The C compiler identification is GNU 11.4.0
[1.828s] -- The CXX compiler identification is GNU 11.4.0
[1.828s] -- Detecting C compiler ABI info
[1.828s] -- Detecting C compiler ABI info - done
[1.828s] -- Check for working C compiler: /usr/bin/cc - skipped
[1.828s] -- Detecting C compile features
[1.828s] -- Detecting C compile features - done
[1.829s] -- Detecting CXX compiler ABI info
[1.829s] -- Detecting CXX compiler ABI info - done
[1.829s] -- Check for working CXX compiler: /usr/bin/c++ - skipped
[1.829s] -- Detecting CXX compile features
[1.829s] -- Detecting CXX compile features - done
[1.829s] -- Found ament_cmake: 1.3.11 (/opt/ros/humble/share/ament_cmake/cmake)
[1.829s] -- Found Python3: /usr/bin/python3 (found version "3.10.12") found components: Interpreter 
[1.829s] -- Override CMake install command with custom implementation using symlinks instead of copying resources
[1.871s] -- Found ament_lint_auto: 0.12.12 (/opt/ros/humble/share/ament_lint_auto/cmake)
[2.141s] -- Added test 'copyright' to check source files copyright and LICENSE
[2.146s] -- Added test 'lint_cmake' to check CMake code style
[2.152s] -- Added test 'xmllint' to check XML markup files
[2.154s] -- Configuring done
[2.163s] -- Generating done
[2.172s] -- Build files have been written to: /home/ros2/dev_ws/build/ros2srrc_ur10e_moveit2
[2.191s] Invoked command in '/home/ros2/dev_ws/build/ros2srrc_ur10e_moveit2' returned '0': CMAKE_PREFIX_PATH=/opt/ros/humble /usr/bin/cmake /home/ros2/dev_ws/src/ros2_SimRealRobotControl/packages/ur10e/ros2srrc_ur10e_moveit2 -DAMENT_CMAKE_SYMLINK_INSTALL=1 -DCMAKE_INSTALL_PREFIX=/home/ros2/dev_ws/install/ros2srrc_ur10e_moveit2
[2.197s] Invoking command in '/home/ros2/dev_ws/build/ros2srrc_ur10e_moveit2': CMAKE_PREFIX_PATH=/opt/ros/humble /usr/bin/cmake --build /home/ros2/dev_ws/build/ros2srrc_ur10e_moveit2 -- -j16 -l16
[2.320s] Invoked command in '/home/ros2/dev_ws/build/ros2srrc_ur10e_moveit2' returned '0': CMAKE_PREFIX_PATH=/opt/ros/humble /usr/bin/cmake --build /home/ros2/dev_ws/build/ros2srrc_ur10e_moveit2 -- -j16 -l16
[2.320s] Invoking command in '/home/ros2/dev_ws/build/ros2srrc_ur10e_moveit2': CMAKE_PREFIX_PATH=/opt/ros/humble /usr/bin/cmake --install /home/ros2/dev_ws/build/ros2srrc_ur10e_moveit2
[2.711s] -- Install configuration: ""
[2.711s] -- Execute custom install script
[2.711s] -- Symlinking: /home/ros2/dev_ws/install/ros2srrc_ur10e_moveit2/share/ros2srrc_ur10e_moveit2/config/ur10e.srdf
[2.712s] -- Symlinking: /home/ros2/dev_ws/install/ros2srrc_ur10e_moveit2/share/ros2srrc_ur10e_moveit2/config/ur10e_moveit2.rviz
[2.712s] -- Symlinking: /home/ros2/dev_ws/install/ros2srrc_ur10e_moveit2/share/ros2srrc_ur10e_moveit2/config/ur10erobotiq_2f85.srdf
[2.713s] -- Symlinking: /home/ros2/dev_ws/install/ros2srrc_ur10e_moveit2/share/ros2srrc_ur10e_moveit2/config/ur10erobotiq_2f85_moveit2.rviz
[2.713s] -- Symlinking: /home/ros2/dev_ws/install/ros2srrc_ur10e_moveit2/share/ros2srrc_ur10e_moveit2/config/ur10erobotiq_hande.srdf
[2.714s] -- Symlinking: /home/ros2/dev_ws/install/ros2srrc_ur10e_moveit2/share/ros2srrc_ur10e_moveit2/config/ur10erobotiq_hande_moveit2.rviz
[2.714s] -- Symlinking: /home/ros2/dev_ws/install/ros2srrc_ur10e_moveit2/share/ament_index/resource_index/package_run_dependencies/ros2srrc_ur10e_moveit2
[2.715s] -- Symlinking: /home/ros2/dev_ws/install/ros2srrc_ur10e_moveit2/share/ament_index/resource_index/parent_prefix_path/ros2srrc_ur10e_moveit2
[2.715s] -- Symlinking: /home/ros2/dev_ws/install/ros2srrc_ur10e_moveit2/share/ros2srrc_ur10e_moveit2/environment/ament_prefix_path.sh
[2.715s] -- Symlinking: /home/ros2/dev_ws/install/ros2srrc_ur10e_moveit2/share/ros2srrc_ur10e_moveit2/environment/ament_prefix_path.dsv
[2.715s] -- Symlinking: /home/ros2/dev_ws/install/ros2srrc_ur10e_moveit2/share/ros2srrc_ur10e_moveit2/environment/path.sh
[2.715s] -- Symlinking: /home/ros2/dev_ws/install/ros2srrc_ur10e_moveit2/share/ros2srrc_ur10e_moveit2/environment/path.dsv
[2.715s] -- Symlinking: /home/ros2/dev_ws/install/ros2srrc_ur10e_moveit2/share/ros2srrc_ur10e_moveit2/local_setup.bash
[2.715s] -- Symlinking: /home/ros2/dev_ws/install/ros2srrc_ur10e_moveit2/share/ros2srrc_ur10e_moveit2/local_setup.sh
[2.715s] -- Symlinking: /home/ros2/dev_ws/install/ros2srrc_ur10e_moveit2/share/ros2srrc_ur10e_moveit2/local_setup.zsh
[2.715s] -- Symlinking: /home/ros2/dev_ws/install/ros2srrc_ur10e_moveit2/share/ros2srrc_ur10e_moveit2/local_setup.dsv
[2.715s] -- Symlinking: /home/ros2/dev_ws/install/ros2srrc_ur10e_moveit2/share/ros2srrc_ur10e_moveit2/package.dsv
[2.716s] -- Symlinking: /home/ros2/dev_ws/install/ros2srrc_ur10e_moveit2/share/ament_index/resource_index/packages/ros2srrc_ur10e_moveit2
[2.716s] -- Symlinking: /home/ros2/dev_ws/install/ros2srrc_ur10e_moveit2/share/ros2srrc_ur10e_moveit2/cmake/ros2srrc_ur10e_moveit2Config.cmake
[2.716s] -- Symlinking: /home/ros2/dev_ws/install/ros2srrc_ur10e_moveit2/share/ros2srrc_ur10e_moveit2/cmake/ros2srrc_ur10e_moveit2Config-version.cmake
[2.716s] -- Symlinking: /home/ros2/dev_ws/install/ros2srrc_ur10e_moveit2/share/ros2srrc_ur10e_moveit2/package.xml
[2.770s] Invoked command in '/home/ros2/dev_ws/build/ros2srrc_ur10e_moveit2' returned '0': CMAKE_PREFIX_PATH=/opt/ros/humble /usr/bin/cmake --install /home/ros2/dev_ws/build/ros2srrc_ur10e_moveit2
