[0.068s] Invoking command in '/home/ros2/dev_ws/build/ros2srrc_ur3e_moveit2': CMAKE_PREFIX_PATH=/opt/ros/humble /usr/bin/cmake /home/ros2/dev_ws/src/ros2_SimRealRobotControl/packages/ur3e/ros2srrc_ur3e_moveit2 -DAMENT_CMAKE_SYMLINK_INSTALL=1 -DCMAKE_INSTALL_PREFIX=/home/ros2/dev_ws/install/ros2srrc_ur3e_moveit2
[1.216s] -- The C compiler identification is GNU 11.4.0
[1.216s] -- The CXX compiler identification is GNU 11.4.0
[1.217s] -- Detecting C compiler ABI info
[1.217s] -- Detecting C compiler ABI info - done
[1.217s] -- Check for working C compiler: /usr/bin/cc - skipped
[1.217s] -- Detecting C compile features
[1.217s] -- Detecting C compile features - done
[1.217s] -- Detecting CXX compiler ABI info
[1.217s] -- Detecting CXX compiler ABI info - done
[1.217s] -- Check for working CXX compiler: /usr/bin/c++ - skipped
[1.217s] -- Detecting CXX compile features
[1.217s] -- Detecting CXX compile features - done
[1.217s] -- Found ament_cmake: 1.3.11 (/opt/ros/humble/share/ament_cmake/cmake)
[1.217s] -- Found Python3: /usr/bin/python3 (found version "3.10.12") found components: Interpreter 
[1.386s] -- Override CMake install command with custom implementation using symlinks instead of copying resources
[1.458s] -- Found ament_lint_auto: 0.12.12 (/opt/ros/humble/share/ament_lint_auto/cmake)
[1.705s] -- Added test 'copyright' to check source files copyright and LICENSE
[1.707s] -- Added test 'lint_cmake' to check CMake code style
[1.709s] -- Added test 'xmllint' to check XML markup files
[1.711s] -- Configuring done
[1.714s] -- Generating done
[1.716s] -- Build files have been written to: /home/ros2/dev_ws/build/ros2srrc_ur3e_moveit2
[1.730s] Invoked command in '/home/ros2/dev_ws/build/ros2srrc_ur3e_moveit2' returned '0': CMAKE_PREFIX_PATH=/opt/ros/humble /usr/bin/cmake /home/ros2/dev_ws/src/ros2_SimRealRobotControl/packages/ur3e/ros2srrc_ur3e_moveit2 -DAMENT_CMAKE_SYMLINK_INSTALL=1 -DCMAKE_INSTALL_PREFIX=/home/ros2/dev_ws/install/ros2srrc_ur3e_moveit2
[1.731s] Invoking command in '/home/ros2/dev_ws/build/ros2srrc_ur3e_moveit2': CMAKE_PREFIX_PATH=/opt/ros/humble /usr/bin/cmake --build /home/ros2/dev_ws/build/ros2srrc_ur3e_moveit2 -- -j16 -l16
[1.985s] Invoked command in '/home/ros2/dev_ws/build/ros2srrc_ur3e_moveit2' returned '0': CMAKE_PREFIX_PATH=/opt/ros/humble /usr/bin/cmake --build /home/ros2/dev_ws/build/ros2srrc_ur3e_moveit2 -- -j16 -l16
[1.994s] Invoking command in '/home/ros2/dev_ws/build/ros2srrc_ur3e_moveit2': CMAKE_PREFIX_PATH=/opt/ros/humble /usr/bin/cmake --install /home/ros2/dev_ws/build/ros2srrc_ur3e_moveit2
[2.623s] -- Install configuration: ""
[2.623s] -- Execute custom install script
[2.623s] -- Symlinking: /home/ros2/dev_ws/install/ros2srrc_ur3e_moveit2/share/ros2srrc_ur3e_moveit2/config/ur3e.srdf
[2.624s] -- Symlinking: /home/ros2/dev_ws/install/ros2srrc_ur3e_moveit2/share/ros2srrc_ur3e_moveit2/config/ur3e_moveit2.rviz
[2.624s] -- Symlinking: /home/ros2/dev_ws/install/ros2srrc_ur3e_moveit2/share/ros2srrc_ur3e_moveit2/config/ur3erobotiq_2f85.srdf
[2.624s] -- Symlinking: /home/ros2/dev_ws/install/ros2srrc_ur3e_moveit2/share/ros2srrc_ur3e_moveit2/config/ur3erobotiq_2f85_moveit2.rviz
[2.624s] -- Symlinking: /home/ros2/dev_ws/install/ros2srrc_ur3e_moveit2/share/ros2srrc_ur3e_moveit2/config/ur3erobotiq_hande.srdf
[2.628s] -- Symlinking: /home/ros2/dev_ws/install/ros2srrc_ur3e_moveit2/share/ros2srrc_ur3e_moveit2/config/ur3erobotiq_hande_moveit2.rviz
[2.635s] -- Symlinking: /home/ros2/dev_ws/install/ros2srrc_ur3e_moveit2/share/ament_index/resource_index/package_run_dependencies/ros2srrc_ur3e_moveit2
[2.637s] -- Symlinking: /home/ros2/dev_ws/install/ros2srrc_ur3e_moveit2/share/ament_index/resource_index/parent_prefix_path/ros2srrc_ur3e_moveit2
[2.637s] -- Symlinking: /home/ros2/dev_ws/install/ros2srrc_ur3e_moveit2/share/ros2srrc_ur3e_moveit2/environment/ament_prefix_path.sh
[2.637s] -- Symlinking: /home/ros2/dev_ws/install/ros2srrc_ur3e_moveit2/share/ros2srrc_ur3e_moveit2/environment/ament_prefix_path.dsv
[2.638s] -- Symlinking: /home/ros2/dev_ws/install/ros2srrc_ur3e_moveit2/share/ros2srrc_ur3e_moveit2/environment/path.sh
[2.638s] -- Symlinking: /home/ros2/dev_ws/install/ros2srrc_ur3e_moveit2/share/ros2srrc_ur3e_moveit2/environment/path.dsv
[2.638s] -- Symlinking: /home/ros2/dev_ws/install/ros2srrc_ur3e_moveit2/share/ros2srrc_ur3e_moveit2/local_setup.bash
[2.638s] -- Symlinking: /home/ros2/dev_ws/install/ros2srrc_ur3e_moveit2/share/ros2srrc_ur3e_moveit2/local_setup.sh
[2.638s] -- Symlinking: /home/ros2/dev_ws/install/ros2srrc_ur3e_moveit2/share/ros2srrc_ur3e_moveit2/local_setup.zsh
[2.638s] -- Symlinking: /home/ros2/dev_ws/install/ros2srrc_ur3e_moveit2/share/ros2srrc_ur3e_moveit2/local_setup.dsv
[2.638s] -- Symlinking: /home/ros2/dev_ws/install/ros2srrc_ur3e_moveit2/share/ros2srrc_ur3e_moveit2/package.dsv
[2.638s] -- Symlinking: /home/ros2/dev_ws/install/ros2srrc_ur3e_moveit2/share/ament_index/resource_index/packages/ros2srrc_ur3e_moveit2
[2.638s] -- Symlinking: /home/ros2/dev_ws/install/ros2srrc_ur3e_moveit2/share/ros2srrc_ur3e_moveit2/cmake/ros2srrc_ur3e_moveit2Config.cmake
[2.638s] -- Symlinking: /home/ros2/dev_ws/install/ros2srrc_ur3e_moveit2/share/ros2srrc_ur3e_moveit2/cmake/ros2srrc_ur3e_moveit2Config-version.cmake
[2.638s] -- Symlinking: /home/ros2/dev_ws/install/ros2srrc_ur3e_moveit2/share/ros2srrc_ur3e_moveit2/package.xml
[2.785s] Invoked command in '/home/ros2/dev_ws/build/ros2srrc_ur3e_moveit2' returned '0': CMAKE_PREFIX_PATH=/opt/ros/humble /usr/bin/cmake --install /home/ros2/dev_ws/build/ros2srrc_ur3e_moveit2
