[0.191s] Invoking command in '/home/ros2/dev_ws/build/ros2srrc_endeffectors': CMAKE_PREFIX_PATH=${CMAKE_PREFIX_PATH}:/opt/ros/humble /usr/bin/cmake /home/ros2/dev_ws/src/ros2_SimRealRobotControl/ros2srrc_endeffectors -DAMENT_CMAKE_SYMLINK_INSTALL=1 -DCMAKE_INSTALL_PREFIX=/home/ros2/dev_ws/install/ros2srrc_endeffectors
[0.677s] -- The C compiler identification is GNU 11.4.0
[0.678s] -- The CXX compiler identification is GNU 11.4.0
[0.678s] -- Detecting C compiler ABI info
[0.932s] -- Detecting C compiler ABI info - done
[0.960s] -- Check for working C compiler: /usr/bin/cc - skipped
[0.967s] -- Detecting C compile features
[0.967s] -- Detecting C compile features - done
[0.969s] -- Detecting CXX compiler ABI info
[1.224s] -- Detecting CXX compiler ABI info - done
[1.247s] -- Check for working CXX compiler: /usr/bin/c++ - skipped
[1.250s] -- Detecting CXX compile features
[1.253s] -- Detecting CXX compile features - done
[1.262s] -- Found ament_cmake: 1.3.11 (/opt/ros/humble/share/ament_cmake/cmake)
[1.736s] -- Found Python3: /usr/bin/python3 (found version "3.10.12") found components: Interpreter 
[1.999s] -- Override CMake install command with custom implementation using symlinks instead of copying resources
[2.112s] -- Found ament_lint_auto: 0.12.12 (/opt/ros/humble/share/ament_lint_auto/cmake)
[2.571s] -- Added test 'copyright' to check source files copyright and LICENSE
[2.610s] -- Added test 'lint_cmake' to check CMake code style
[2.651s] -- Added test 'xmllint' to check XML markup files
[2.662s] -- Configuring done
[2.674s] -- Generating done
[2.677s] -- Build files have been written to: /home/ros2/dev_ws/build/ros2srrc_endeffectors
[2.699s] Invoked command in '/home/ros2/dev_ws/build/ros2srrc_endeffectors' returned '0': CMAKE_PREFIX_PATH=${CMAKE_PREFIX_PATH}:/opt/ros/humble /usr/bin/cmake /home/ros2/dev_ws/src/ros2_SimRealRobotControl/ros2srrc_endeffectors -DAMENT_CMAKE_SYMLINK_INSTALL=1 -DCMAKE_INSTALL_PREFIX=/home/ros2/dev_ws/install/ros2srrc_endeffectors
[2.703s] Invoking command in '/home/ros2/dev_ws/build/ros2srrc_endeffectors': CMAKE_PREFIX_PATH=${CMAKE_PREFIX_PATH}:/opt/ros/humble /usr/bin/cmake --build /home/ros2/dev_ws/build/ros2srrc_endeffectors -- -j16 -l16
[4.445s] Invoked command in '/home/ros2/dev_ws/build/ros2srrc_endeffectors' returned '0': CMAKE_PREFIX_PATH=${CMAKE_PREFIX_PATH}:/opt/ros/humble /usr/bin/cmake --build /home/ros2/dev_ws/build/ros2srrc_endeffectors -- -j16 -l16
[4.453s] Invoking command in '/home/ros2/dev_ws/build/ros2srrc_endeffectors': CMAKE_PREFIX_PATH=${CMAKE_PREFIX_PATH}:/opt/ros/humble /usr/bin/cmake --install /home/ros2/dev_ws/build/ros2srrc_endeffectors
[6.514s] -- Install configuration: ""
[6.515s] -- Execute custom install script
[6.515s] -- Symlinking: /home/ros2/dev_ws/install/ros2srrc_endeffectors/share/ros2srrc_endeffectors/egp64/config/controller.yaml
[6.515s] -- Symlinking: /home/ros2/dev_ws/install/ros2srrc_endeffectors/share/ros2srrc_endeffectors/egp64/config/controller_moveit2.yaml
[6.515s] -- Symlinking: /home/ros2/dev_ws/install/ros2srrc_endeffectors/share/ros2srrc_endeffectors/egp64/config/joint_limits.yaml
[6.515s] -- Symlinking: /home/ros2/dev_ws/install/ros2srrc_endeffectors/share/ros2srrc_endeffectors/egp64/config/joint_specifications.yaml
[6.515s] -- Symlinking: /home/ros2/dev_ws/install/ros2srrc_endeffectors/share/ros2srrc_endeffectors/egp64/meshes/00. Schunk Gripper - Component POSES
[6.515s] -- Symlinking: /home/ros2/dev_ws/install/ros2srrc_endeffectors/share/ros2srrc_endeffectors/egp64/meshes/Schunk Gripper - ADAPTER.STL
[6.515s] -- Symlinking: /home/ros2/dev_ws/install/ros2srrc_endeffectors/share/ros2srrc_endeffectors/egp64/meshes/Schunk Gripper - BASE noAdapter.STL
[6.515s] -- Symlinking: /home/ros2/dev_ws/install/ros2srrc_endeffectors/share/ros2srrc_endeffectors/egp64/meshes/Schunk Gripper - BASE.STL
[6.515s] -- Symlinking: /home/ros2/dev_ws/install/ros2srrc_endeffectors/share/ros2srrc_endeffectors/egp64/meshes/Schunk Gripper - Cranfield Robotics.STL
[6.516s] -- Symlinking: /home/ros2/dev_ws/install/ros2srrc_endeffectors/share/ros2srrc_endeffectors/egp64/meshes/Schunk Gripper - LEFT FINGER BASE.STL
[6.516s] -- Symlinking: /home/ros2/dev_ws/install/ros2srrc_endeffectors/share/ros2srrc_endeffectors/egp64/meshes/Schunk Gripper - LEFT FINGER.STL
[6.516s] -- Symlinking: /home/ros2/dev_ws/install/ros2srrc_endeffectors/share/ros2srrc_endeffectors/egp64/meshes/Schunk Gripper - RIGHT FINGER BASE.STL
[6.516s] -- Symlinking: /home/ros2/dev_ws/install/ros2srrc_endeffectors/share/ros2srrc_endeffectors/egp64/meshes/Schunk Gripper - RIGHT FINGER.STL
[6.516s] -- Symlinking: /home/ros2/dev_ws/install/ros2srrc_endeffectors/share/ros2srrc_endeffectors/egp64/meshes/egp64.dae
[6.516s] -- Symlinking: /home/ros2/dev_ws/install/ros2srrc_endeffectors/share/ros2srrc_endeffectors/egp64/meshes/egp64_Adapter.dae
[6.516s] -- Symlinking: /home/ros2/dev_ws/install/ros2srrc_endeffectors/share/ros2srrc_endeffectors/egp64/meshes/egp64_BDFinger.dae
[6.516s] -- Symlinking: /home/ros2/dev_ws/install/ros2srrc_endeffectors/share/ros2srrc_endeffectors/egp64/meshes/egp64_BDFinger_L.dae
[6.516s] -- Symlinking: /home/ros2/dev_ws/install/ros2srrc_endeffectors/share/ros2srrc_endeffectors/egp64/meshes/egp64_BDFinger_R.dae
[6.517s] -- Symlinking: /home/ros2/dev_ws/install/ros2srrc_endeffectors/share/ros2srrc_endeffectors/egp64/meshes/egp64_Base.dae
[6.517s] -- Symlinking: /home/ros2/dev_ws/install/ros2srrc_endeffectors/share/ros2srrc_endeffectors/egp64/meshes/egp64_BaseNoAdapter.dae
[6.517s] -- Symlinking: /home/ros2/dev_ws/install/ros2srrc_endeffectors/share/ros2srrc_endeffectors/egp64/meshes/egp64_FingerCylinder.dae
[6.517s] -- Symlinking: /home/ros2/dev_ws/install/ros2srrc_endeffectors/share/ros2srrc_endeffectors/egp64/meshes/egp64_FingerCylinder.stl
[6.522s] -- Symlinking: /home/ros2/dev_ws/install/ros2srrc_endeffectors/share/ros2srrc_endeffectors/egp64/meshes/egp64_FingerCylinder_L.dae
[6.522s] -- Symlinking: /home/ros2/dev_ws/install/ros2srrc_endeffectors/share/ros2srrc_endeffectors/egp64/meshes/egp64_FingerCylinder_R.dae
[6.522s] -- Symlinking: /home/ros2/dev_ws/install/ros2srrc_endeffectors/share/ros2srrc_endeffectors/egp64/meshes/egp64_LeftFinger.dae
[6.522s] -- Symlinking: /home/ros2/dev_ws/install/ros2srrc_endeffectors/share/ros2srrc_endeffectors/egp64/meshes/egp64_LeftFingerBase.dae
[6.523s] -- Symlinking: /home/ros2/dev_ws/install/ros2srrc_endeffectors/share/ros2srrc_endeffectors/egp64/meshes/egp64_RightFinger.dae
[6.523s] -- Symlinking: /home/ros2/dev_ws/install/ros2srrc_endeffectors/share/ros2srrc_endeffectors/egp64/meshes/egp64_RightFingerBase.dae
[6.523s] -- Symlinking: /home/ros2/dev_ws/install/ros2srrc_endeffectors/share/ros2srrc_endeffectors/egp64/urdf/egp64_macro.urdf.xacro
[6.523s] -- Symlinking: /home/ros2/dev_ws/install/ros2srrc_endeffectors/share/ros2srrc_endeffectors/egp64/urdf/egp64_ros2control.xacro
[6.523s] -- Symlinking: /home/ros2/dev_ws/install/ros2srrc_endeffectors/share/ros2srrc_endeffectors/egp64/urdf/egp64_transmission.xacro
[6.523s] -- Symlinking: /home/ros2/dev_ws/install/ros2srrc_endeffectors/share/ros2srrc_endeffectors/egp64/urdf/egp64v2_macro.urdf.xacro
[6.523s] -- Symlinking: /home/ros2/dev_ws/install/ros2srrc_endeffectors/share/ros2srrc_endeffectors/egp64/urdf/egp64v3_macro.urdf.xacro
[6.523s] -- Symlinking: /home/ros2/dev_ws/install/ros2srrc_endeffectors/share/ros2srrc_endeffectors/gpp5010nc/config/controller.yaml
[6.523s] -- Symlinking: /home/ros2/dev_ws/install/ros2srrc_endeffectors/share/ros2srrc_endeffectors/gpp5010nc/config/controller_moveit2.yaml
[6.523s] -- Symlinking: /home/ros2/dev_ws/install/ros2srrc_endeffectors/share/ros2srrc_endeffectors/gpp5010nc/config/joint_limits.yaml
[6.523s] -- Symlinking: /home/ros2/dev_ws/install/ros2srrc_endeffectors/share/ros2srrc_endeffectors/gpp5010nc/config/joint_specifications.yaml
[6.524s] -- Symlinking: /home/ros2/dev_ws/install/ros2srrc_endeffectors/share/ros2srrc_endeffectors/gpp5010nc/meshes/gpp5010nc_LeftFinger.dae
[6.524s] -- Symlinking: /home/ros2/dev_ws/install/ros2srrc_endeffectors/share/ros2srrc_endeffectors/gpp5010nc/meshes/gpp5010nc_LeftFinger_v2.dae
[6.524s] -- Symlinking: /home/ros2/dev_ws/install/ros2srrc_endeffectors/share/ros2srrc_endeffectors/gpp5010nc/meshes/gpp5010nc_LeftFinger_v3.dae
[6.524s] -- Symlinking: /home/ros2/dev_ws/install/ros2srrc_endeffectors/share/ros2srrc_endeffectors/gpp5010nc/meshes/gpp5010nc_MainBody.dae
[6.524s] -- Symlinking: /home/ros2/dev_ws/install/ros2srrc_endeffectors/share/ros2srrc_endeffectors/gpp5010nc/meshes/gpp5010nc_RightFinger.dae
[6.525s] -- Symlinking: /home/ros2/dev_ws/install/ros2srrc_endeffectors/share/ros2srrc_endeffectors/gpp5010nc/meshes/gpp5010nc_RightFinger_v2.dae
[6.525s] -- Symlinking: /home/ros2/dev_ws/install/ros2srrc_endeffectors/share/ros2srrc_endeffectors/gpp5010nc/meshes/gpp5010nc_RightFinger_v3.dae
[6.525s] -- Symlinking: /home/ros2/dev_ws/install/ros2srrc_endeffectors/share/ros2srrc_endeffectors/gpp5010nc/meshes/gpp5010nc_irb1200_Adapter.dae
[6.525s] -- Symlinking: /home/ros2/dev_ws/install/ros2srrc_endeffectors/share/ros2srrc_endeffectors/gpp5010nc/meshes/gpp5010nc_irb6640_Adapter.dae
[6.525s] -- Symlinking: /home/ros2/dev_ws/install/ros2srrc_endeffectors/share/ros2srrc_endeffectors/gpp5010nc/urdf/gpp5010nc_macro.urdf.xacro
[6.525s] -- Symlinking: /home/ros2/dev_ws/install/ros2srrc_endeffectors/share/ros2srrc_endeffectors/gpp5010nc/urdf/gpp5010nc_ros2control.xacro
[6.525s] -- Symlinking: /home/ros2/dev_ws/install/ros2srrc_endeffectors/share/ros2srrc_endeffectors/gpp5010nc/urdf/gpp5010nc_transmission.xacro
[6.525s] -- Symlinking: /home/ros2/dev_ws/install/ros2srrc_endeffectors/share/ros2srrc_endeffectors/gpp5010nc/urdf/gpp5010ncv2_macro.urdf.xacro
[6.526s] -- Symlinking: /home/ros2/dev_ws/install/ros2srrc_endeffectors/share/ros2srrc_endeffectors/gpp5010nc/urdf/gpp5010ncv3_macro.urdf.xacro
[6.526s] -- Symlinking: /home/ros2/dev_ws/install/ros2srrc_endeffectors/share/ros2srrc_endeffectors/ls_vgr/meshes/ls_vgr.dae
[6.526s] -- Symlinking: /home/ros2/dev_ws/install/ros2srrc_endeffectors/share/ros2srrc_endeffectors/ls_vgr/urdf/ls_vgr_macro.urdf.xacro
[6.526s] -- Symlinking: /home/ros2/dev_ws/install/ros2srrc_endeffectors/share/ros2srrc_endeffectors/ls_vgr/urdf/ls_vgr_ros2control.xacro
[6.526s] -- Symlinking: /home/ros2/dev_ws/install/ros2srrc_endeffectors/share/ros2srrc_endeffectors/ls_vgr/urdf/ls_vgr_transmission.xacro
[6.526s] -- Symlinking: /home/ros2/dev_ws/install/ros2srrc_endeffectors/share/ros2srrc_endeffectors/ls_vgr_amrc/meshes/ls_vgr_amrc.dae
[6.526s] -- Symlinking: /home/ros2/dev_ws/install/ros2srrc_endeffectors/share/ros2srrc_endeffectors/ls_vgr_amrc/urdf/ls_vgr_amrc_macro.urdf.xacro
[6.526s] -- Symlinking: /home/ros2/dev_ws/install/ros2srrc_endeffectors/share/ros2srrc_endeffectors/ls_vgr_amrc/urdf/ls_vgr_amrc_ros2control.xacro
[6.526s] -- Symlinking: /home/ros2/dev_ws/install/ros2srrc_endeffectors/share/ros2srrc_endeffectors/ls_vgr_amrc/urdf/ls_vgr_amrc_transmission.xacro
[6.526s] -- Symlinking: /home/ros2/dev_ws/install/ros2srrc_endeffectors/share/ros2srrc_endeffectors/robotiq_2f85/config/controller.yaml
[6.526s] -- Symlinking: /home/ros2/dev_ws/install/ros2srrc_endeffectors/share/ros2srrc_endeffectors/robotiq_2f85/config/controller_moveit2.yaml
[6.526s] -- Symlinking: /home/ros2/dev_ws/install/ros2srrc_endeffectors/share/ros2srrc_endeffectors/robotiq_2f85/config/joint_limits.yaml
[6.527s] -- Symlinking: /home/ros2/dev_ws/install/ros2srrc_endeffectors/share/ros2srrc_endeffectors/robotiq_2f85/config/joint_specifications.yaml
[6.527s] -- Symlinking: /home/ros2/dev_ws/install/ros2srrc_endeffectors/share/ros2srrc_endeffectors/robotiq_2f85/meshes/collision/robotiq_85_base_link.stl
[6.527s] -- Symlinking: /home/ros2/dev_ws/install/ros2srrc_endeffectors/share/ros2srrc_endeffectors/robotiq_2f85/meshes/collision/robotiq_85_finger_link.stl
[6.527s] -- Symlinking: /home/ros2/dev_ws/install/ros2srrc_endeffectors/share/ros2srrc_endeffectors/robotiq_2f85/meshes/collision/robotiq_85_finger_tip_link.stl
[6.527s] -- Symlinking: /home/ros2/dev_ws/install/ros2srrc_endeffectors/share/ros2srrc_endeffectors/robotiq_2f85/meshes/collision/robotiq_85_inner_knuckle_link.stl
[6.541s] -- Symlinking: /home/ros2/dev_ws/install/ros2srrc_endeffectors/share/ros2srrc_endeffectors/robotiq_2f85/meshes/collision/robotiq_85_knuckle_link.stl
[6.554s] -- Symlinking: /home/ros2/dev_ws/install/ros2srrc_endeffectors/share/ros2srrc_endeffectors/robotiq_2f85/meshes/robotiq_85_coupler.stl
[6.593s] -- Symlinking: /home/ros2/dev_ws/install/ros2srrc_endeffectors/share/ros2srrc_endeffectors/robotiq_2f85/meshes/visual/robotiq_85_base_link.dae
[6.626s] -- Symlinking: /home/ros2/dev_ws/install/ros2srrc_endeffectors/share/ros2srrc_endeffectors/robotiq_2f85/meshes/visual/robotiq_85_finger_link.dae
[6.660s] -- Symlinking: /home/ros2/dev_ws/install/ros2srrc_endeffectors/share/ros2srrc_endeffectors/robotiq_2f85/meshes/visual/robotiq_85_finger_tip_link.dae
[6.685s] -- Symlinking: /home/ros2/dev_ws/install/ros2srrc_endeffectors/share/ros2srrc_endeffectors/robotiq_2f85/meshes/visual/robotiq_85_inner_knuckle_link.dae
[6.717s] -- Symlinking: /home/ros2/dev_ws/install/ros2srrc_endeffectors/share/ros2srrc_endeffectors/robotiq_2f85/meshes/visual/robotiq_85_knuckle_link.dae
[6.743s] -- Symlinking: /home/ros2/dev_ws/install/ros2srrc_endeffectors/share/ros2srrc_endeffectors/robotiq_2f85/urdf/robotiq_2f85_macro.urdf.xacro
[6.770s] -- Symlinking: /home/ros2/dev_ws/install/ros2srrc_endeffectors/share/ros2srrc_endeffectors/robotiq_2f85/urdf/robotiq_2f85_ros2control.xacro
[6.809s] -- Symlinking: /home/ros2/dev_ws/install/ros2srrc_endeffectors/share/ros2srrc_endeffectors/robotiq_2f85/urdf/robotiq_2f85_transmission.xacro
[6.848s] -- Symlinking: /home/ros2/dev_ws/install/ros2srrc_endeffectors/share/ros2srrc_endeffectors/robotiq_hande/config/controller.yaml
[6.870s] -- Symlinking: /home/ros2/dev_ws/install/ros2srrc_endeffectors/share/ros2srrc_endeffectors/robotiq_hande/config/controller_moveit2.yaml
[6.899s] -- Symlinking: /home/ros2/dev_ws/install/ros2srrc_endeffectors/share/ros2srrc_endeffectors/robotiq_hande/config/joint_limits.yaml
[6.927s] -- Symlinking: /home/ros2/dev_ws/install/ros2srrc_endeffectors/share/ros2srrc_endeffectors/robotiq_hande/config/joint_specifications.yaml
[6.953s] -- Symlinking: /home/ros2/dev_ws/install/ros2srrc_endeffectors/share/ros2srrc_endeffectors/robotiq_hande/meshes/finger_1.dae
[6.982s] -- Symlinking: /home/ros2/dev_ws/install/ros2srrc_endeffectors/share/ros2srrc_endeffectors/robotiq_hande/meshes/finger_1v2.dae
[7.005s] -- Symlinking: /home/ros2/dev_ws/install/ros2srrc_endeffectors/share/ros2srrc_endeffectors/robotiq_hande/meshes/finger_2.dae
[7.034s] -- Symlinking: /home/ros2/dev_ws/install/ros2srrc_endeffectors/share/ros2srrc_endeffectors/robotiq_hande/meshes/finger_2v2.dae
[7.063s] -- Symlinking: /home/ros2/dev_ws/install/ros2srrc_endeffectors/share/ros2srrc_endeffectors/robotiq_hande/meshes/hand-e.dae
[7.104s] -- Symlinking: /home/ros2/dev_ws/install/ros2srrc_endeffectors/share/ros2srrc_endeffectors/robotiq_hande/meshes/hande_bracket.dae
[7.130s] -- Symlinking: /home/ros2/dev_ws/install/ros2srrc_endeffectors/share/ros2srrc_endeffectors/robotiq_hande/meshes/robotiq_hande.dae
[7.152s] -- Symlinking: /home/ros2/dev_ws/install/ros2srrc_endeffectors/share/ros2srrc_endeffectors/robotiq_hande/meshes/robotiq_hande_coupler.stl
[7.218s] -- Symlinking: /home/ros2/dev_ws/install/ros2srrc_endeffectors/share/ros2srrc_endeffectors/robotiq_hande/urdf/robotiq_hande_macro.urdf.xacro
[7.267s] -- Symlinking: /home/ros2/dev_ws/install/ros2srrc_endeffectors/share/ros2srrc_endeffectors/robotiq_hande/urdf/robotiq_hande_ros2control.xacro
[7.289s] -- Symlinking: /home/ros2/dev_ws/install/ros2srrc_endeffectors/share/ros2srrc_endeffectors/robotiq_hande/urdf/robotiq_hande_transmission.xacro
[7.314s] -- Symlinking: /home/ros2/dev_ws/install/ros2srrc_endeffectors/share/ros2srrc_endeffectors/robotiq_hande/urdf/robotiq_handev2_macro.urdf.xacro
[7.346s] -- Symlinking: /home/ros2/dev_ws/install/ros2srrc_endeffectors/share/ament_index/resource_index/package_run_dependencies/ros2srrc_endeffectors
[7.376s] -- Symlinking: /home/ros2/dev_ws/install/ros2srrc_endeffectors/share/ament_index/resource_index/parent_prefix_path/ros2srrc_endeffectors
[7.458s] -- Symlinking: /home/ros2/dev_ws/install/ros2srrc_endeffectors/share/ros2srrc_endeffectors/environment/ament_prefix_path.sh
[7.471s] -- Symlinking: /home/ros2/dev_ws/install/ros2srrc_endeffectors/share/ros2srrc_endeffectors/environment/ament_prefix_path.dsv
[7.486s] -- Symlinking: /home/ros2/dev_ws/install/ros2srrc_endeffectors/share/ros2srrc_endeffectors/environment/path.sh
[7.528s] -- Symlinking: /home/ros2/dev_ws/install/ros2srrc_endeffectors/share/ros2srrc_endeffectors/environment/path.dsv
[7.560s] -- Symlinking: /home/ros2/dev_ws/install/ros2srrc_endeffectors/share/ros2srrc_endeffectors/local_setup.bash
[7.596s] -- Symlinking: /home/ros2/dev_ws/install/ros2srrc_endeffectors/share/ros2srrc_endeffectors/local_setup.sh
[7.630s] -- Symlinking: /home/ros2/dev_ws/install/ros2srrc_endeffectors/share/ros2srrc_endeffectors/local_setup.zsh
[7.672s] -- Symlinking: /home/ros2/dev_ws/install/ros2srrc_endeffectors/share/ros2srrc_endeffectors/local_setup.dsv
[7.754s] -- Symlinking: /home/ros2/dev_ws/install/ros2srrc_endeffectors/share/ros2srrc_endeffectors/package.dsv
[7.789s] -- Symlinking: /home/ros2/dev_ws/install/ros2srrc_endeffectors/share/ament_index/resource_index/packages/ros2srrc_endeffectors
[7.815s] -- Symlinking: /home/ros2/dev_ws/install/ros2srrc_endeffectors/share/ros2srrc_endeffectors/cmake/ros2srrc_endeffectorsConfig.cmake
[7.843s] -- Symlinking: /home/ros2/dev_ws/install/ros2srrc_endeffectors/share/ros2srrc_endeffectors/cmake/ros2srrc_endeffectorsConfig-version.cmake
[7.860s] -- Symlinking: /home/ros2/dev_ws/install/ros2srrc_endeffectors/share/ros2srrc_endeffectors/package.xml
[7.934s] Invoked command in '/home/ros2/dev_ws/build/ros2srrc_endeffectors' returned '0': CMAKE_PREFIX_PATH=${CMAKE_PREFIX_PATH}:/opt/ros/humble /usr/bin/cmake --install /home/ros2/dev_ws/build/ros2srrc_endeffectors
