[0.043s] Invoking command in '/home/ros2/dev_ws/build/linkpose_msgs': CMAKE_PREFIX_PATH=/opt/ros/humble /usr/bin/cmake /home/ros2/dev_ws/src/IFRA_LinkPose/linkpose_msgs -DAMENT_CMAKE_SYMLINK_INSTALL=1 -DCMAKE_INSTALL_PREFIX=/home/ros2/dev_ws/install/linkpose_msgs
[0.106s] -- The C compiler identification is GNU 11.4.0
[0.184s] -- The CXX compiler identification is GNU 11.4.0
[0.194s] -- Detecting C compiler ABI info
[0.270s] -- Detecting C compiler ABI info - done
[0.276s] -- Check for working C compiler: /usr/bin/cc - skipped
[0.276s] -- Detecting C compile features
[0.276s] -- Detecting C compile features - done
[0.278s] -- Detecting CXX compiler ABI info
[0.382s] -- Detecting CXX compiler ABI info - done
[0.389s] -- Check for working CXX compiler: /usr/bin/c++ - skipped
[0.389s] -- Detecting CXX compile features
[0.390s] -- Detecting CXX compile features - done
[0.391s] -- Found ament_cmake: 1.3.11 (/opt/ros/humble/share/ament_cmake/cmake)
[0.584s] -- Found Python3: /usr/bin/python3 (found version "3.10.12") found components: Interpreter 
[0.675s] -- Override CMake install command with custom implementation using symlinks instead of copying resources
[0.708s] -- Found ament_lint_auto: 0.12.12 (/opt/ros/humble/share/ament_lint_auto/cmake)
[0.905s] -- Found rosidl_default_generators: 1.2.0 (/opt/ros/humble/share/rosidl_default_generators/cmake)
[0.908s] -- Using all available rosidl_typesupport_c: rosidl_typesupport_fastrtps_c;rosidl_typesupport_introspection_c
[0.916s] -- Found rosidl_adapter: 3.1.6 (/opt/ros/humble/share/rosidl_adapter/cmake)
[0.972s] -- Using all available rosidl_typesupport_cpp: rosidl_typesupport_fastrtps_cpp;rosidl_typesupport_introspection_cpp
[1.387s] -- Found ament_cmake_ros: 0.10.0 (/opt/ros/humble/share/ament_cmake_ros/cmake)
[1.834s] -- Using all available rosidl_typesupport_c: rosidl_typesupport_fastrtps_c;rosidl_typesupport_introspection_c
[2.445s] -- Using all available rosidl_typesupport_cpp: rosidl_typesupport_fastrtps_cpp;rosidl_typesupport_introspection_cpp
[2.491s] -- Found PythonInterp: /usr/bin/python3 (found suitable version "3.10.12", minimum required is "3.6") 
[2.493s] -- Found python_cmake_module: 0.10.0 (/opt/ros/humble/share/python_cmake_module/cmake)
[2.566s] -- Found PythonLibs: /usr/lib/x86_64-linux-gnu/libpython3.10.so (found suitable version "3.10.12", minimum required is "3.5") 
[2.569s] -- Using PYTHON_EXECUTABLE: /usr/bin/python3
[2.570s] -- Using PYTHON_INCLUDE_DIRS: /usr/include/python3.10
[2.570s] -- Using PYTHON_LIBRARIES: /usr/lib/x86_64-linux-gnu/libpython3.10.so
[2.638s] -- Found PythonExtra: .so  
[2.727s] -- Added test 'copyright' to check source files copyright and LICENSE
[2.736s] -- Added test 'lint_cmake' to check CMake code style
[2.782s] -- Added test 'xmllint' to check XML markup files
[2.784s] -- Configuring done
[2.856s] -- Generating done
[2.888s] -- Build files have been written to: /home/ros2/dev_ws/build/linkpose_msgs
[2.925s] Invoked command in '/home/ros2/dev_ws/build/linkpose_msgs' returned '0': CMAKE_PREFIX_PATH=/opt/ros/humble /usr/bin/cmake /home/ros2/dev_ws/src/IFRA_LinkPose/linkpose_msgs -DAMENT_CMAKE_SYMLINK_INSTALL=1 -DCMAKE_INSTALL_PREFIX=/home/ros2/dev_ws/install/linkpose_msgs
[2.929s] Invoking command in '/home/ros2/dev_ws/build/linkpose_msgs': CMAKE_PREFIX_PATH=/opt/ros/humble /usr/bin/cmake --build /home/ros2/dev_ws/build/linkpose_msgs -- -j16 -l16
[3.507s] [  3%] [34m[1mGenerating C code for ROS interfaces[0m
[3.507s] [  6%] [34m[1mGenerating C++ code for ROS interfaces[0m
[3.508s] [  6%] Built target ament_cmake_python_symlink_linkpose_msgs
[3.931s] running egg_info
[3.932s] creating linkpose_msgs.egg-info
[3.932s] writing linkpose_msgs.egg-info/PKG-INFO
[3.939s] writing dependency_links to linkpose_msgs.egg-info/dependency_links.txt
[3.939s] writing top-level names to linkpose_msgs.egg-info/top_level.txt
[3.940s] writing manifest file 'linkpose_msgs.egg-info/SOURCES.txt'
[3.946s] reading manifest file 'linkpose_msgs.egg-info/SOURCES.txt'
[3.947s] writing manifest file 'linkpose_msgs.egg-info/SOURCES.txt'
[4.028s] [  6%] Built target ament_cmake_python_build_linkpose_msgs_egg
[4.058s] [  6%] Built target linkpose_msgs__cpp
[4.102s] [  9%] [32mBuilding C object CMakeFiles/linkpose_msgs__rosidl_generator_c.dir/rosidl_generator_c/linkpose_msgs/msg/detail/link_pose__functions.c.o[0m
[4.102s] [ 12%] [34m[1mGenerating C++ type support for eProsima Fast-RTPS[0m
[4.113s] [ 16%] [34m[1mGenerating C++ introspection for ROS interfaces[0m
[4.118s] [ 19%] [34m[1mGenerating C++ type support dispatch for ROS interfaces[0m
[4.288s] [ 22%] [32m[1mLinking C shared library liblinkpose_msgs__rosidl_generator_c.so[0m
[4.433s] [ 22%] Built target linkpose_msgs__rosidl_generator_c
[4.470s] [ 25%] [34m[1mGenerating C introspection for ROS interfaces[0m
[4.474s] [ 29%] [34m[1mGenerating C type support for eProsima Fast-RTPS[0m
[4.480s] [ 32%] [34m[1mGenerating C type support dispatch for ROS interfaces[0m
[4.831s] [ 35%] [32mBuilding CXX object CMakeFiles/linkpose_msgs__rosidl_typesupport_cpp.dir/rosidl_typesupport_cpp/linkpose_msgs/msg/link_pose__type_support.cpp.o[0m
[5.388s] [ 38%] [32mBuilding CXX object CMakeFiles/linkpose_msgs__rosidl_typesupport_fastrtps_cpp.dir/rosidl_typesupport_fastrtps_cpp/linkpose_msgs/msg/detail/dds_fastrtps/link_pose__type_support.cpp.o[0m
[5.461s] [ 41%] [32mBuilding CXX object CMakeFiles/linkpose_msgs__rosidl_typesupport_introspection_cpp.dir/rosidl_typesupport_introspection_cpp/linkpose_msgs/msg/detail/link_pose__type_support.cpp.o[0m
[5.526s] [ 45%] [32mBuilding CXX object CMakeFiles/linkpose_msgs__rosidl_typesupport_c.dir/rosidl_typesupport_c/linkpose_msgs/msg/link_pose__type_support.cpp.o[0m
[5.604s] [ 48%] [32mBuilding CXX object CMakeFiles/linkpose_msgs__rosidl_typesupport_fastrtps_c.dir/rosidl_typesupport_fastrtps_c/linkpose_msgs/msg/detail/link_pose__type_support_c.cpp.o[0m
[5.650s] [ 51%] [32mBuilding C object CMakeFiles/linkpose_msgs__rosidl_typesupport_introspection_c.dir/rosidl_typesupport_introspection_c/linkpose_msgs/msg/detail/link_pose__type_support.c.o[0m
[5.653s] [ 54%] [32m[1mLinking CXX shared library liblinkpose_msgs__rosidl_typesupport_c.so[0m
[5.780s] [ 58%] [32m[1mLinking C shared library liblinkpose_msgs__rosidl_typesupport_introspection_c.so[0m
[5.822s] [ 58%] Built target linkpose_msgs__rosidl_typesupport_c
[5.902s] [ 58%] Built target linkpose_msgs__rosidl_typesupport_introspection_c
[6.041s] [ 61%] [32m[1mLinking CXX shared library liblinkpose_msgs__rosidl_typesupport_cpp.so[0m
[6.192s] [ 61%] Built target linkpose_msgs__rosidl_typesupport_cpp
[6.529s] [ 64%] [32m[1mLinking CXX shared library liblinkpose_msgs__rosidl_typesupport_fastrtps_c.so[0m
[6.878s] [ 67%] [32m[1mLinking CXX shared library liblinkpose_msgs__rosidl_typesupport_fastrtps_cpp.so[0m
[6.907s] [ 67%] Built target linkpose_msgs__rosidl_typesupport_fastrtps_c
[6.992s] [ 70%] [32m[1mLinking CXX shared library liblinkpose_msgs__rosidl_typesupport_introspection_cpp.so[0m
[7.212s] [ 70%] Built target linkpose_msgs__rosidl_typesupport_introspection_cpp
[7.245s] [ 70%] Built target linkpose_msgs__rosidl_typesupport_fastrtps_cpp
[7.321s] [ 70%] Built target linkpose_msgs
[7.385s] [ 74%] [34m[1mGenerating Python code for ROS interfaces[0m
[8.211s] [ 74%] Built target linkpose_msgs__py
[8.278s] [ 77%] [32mBuilding C object CMakeFiles/linkpose_msgs__rosidl_generator_py.dir/rosidl_generator_py/linkpose_msgs/msg/_link_pose_s.c.o[0m
[8.595s] [ 80%] [32m[1mLinking C shared library rosidl_generator_py/linkpose_msgs/liblinkpose_msgs__rosidl_generator_py.so[0m
[8.736s] [ 80%] Built target linkpose_msgs__rosidl_generator_py
[8.801s] [ 83%] [32mBuilding C object CMakeFiles/linkpose_msgs__rosidl_typesupport_fastrtps_c__pyext.dir/rosidl_generator_py/linkpose_msgs/_linkpose_msgs_s.ep.rosidl_typesupport_fastrtps_c.c.o[0m
[8.801s] [ 87%] [32mBuilding C object CMakeFiles/linkpose_msgs__rosidl_typesupport_c__pyext.dir/rosidl_generator_py/linkpose_msgs/_linkpose_msgs_s.ep.rosidl_typesupport_c.c.o[0m
[8.803s] [ 90%] [32mBuilding C object CMakeFiles/linkpose_msgs__rosidl_typesupport_introspection_c__pyext.dir/rosidl_generator_py/linkpose_msgs/_linkpose_msgs_s.ep.rosidl_typesupport_introspection_c.c.o[0m
[9.051s] [ 93%] [32m[1mLinking C shared library rosidl_generator_py/linkpose_msgs/linkpose_msgs_s__rosidl_typesupport_introspection_c.cpython-310-x86_64-linux-gnu.so[0m
[9.055s] [ 96%] [32m[1mLinking C shared library rosidl_generator_py/linkpose_msgs/linkpose_msgs_s__rosidl_typesupport_fastrtps_c.cpython-310-x86_64-linux-gnu.so[0m
[9.102s] [100%] [32m[1mLinking C shared library rosidl_generator_py/linkpose_msgs/linkpose_msgs_s__rosidl_typesupport_c.cpython-310-x86_64-linux-gnu.so[0m
[9.151s] [100%] Built target linkpose_msgs__rosidl_typesupport_introspection_c__pyext
[9.157s] [100%] Built target linkpose_msgs__rosidl_typesupport_fastrtps_c__pyext
[9.198s] [100%] Built target linkpose_msgs__rosidl_typesupport_c__pyext
[9.239s] Invoked command in '/home/ros2/dev_ws/build/linkpose_msgs' returned '0': CMAKE_PREFIX_PATH=/opt/ros/humble /usr/bin/cmake --build /home/ros2/dev_ws/build/linkpose_msgs -- -j16 -l16
[9.239s] Invoking command in '/home/ros2/dev_ws/build/linkpose_msgs': CMAKE_PREFIX_PATH=/opt/ros/humble /usr/bin/cmake --install /home/ros2/dev_ws/build/linkpose_msgs
[9.754s] -- Install configuration: ""
[9.755s] -- Execute custom install script
[9.755s] -- Symlinking: /home/ros2/dev_ws/install/linkpose_msgs/share/linkpose_msgs/msg/LinkPose.msg
[9.755s] -- Symlinking: /home/ros2/dev_ws/install/linkpose_msgs/share/ament_index/resource_index/rosidl_interfaces/linkpose_msgs
[9.761s] -- Symlinking: /home/ros2/dev_ws/install/linkpose_msgs/include/linkpose_msgs/linkpose_msgs/msg/detail/link_pose__functions.h
[9.764s] -- Symlinking: /home/ros2/dev_ws/install/linkpose_msgs/include/linkpose_msgs/linkpose_msgs/msg/detail/link_pose__struct.h
[9.764s] -- Symlinking: /home/ros2/dev_ws/install/linkpose_msgs/include/linkpose_msgs/linkpose_msgs/msg/detail/link_pose__type_support.h
[9.765s] -- Symlinking: /home/ros2/dev_ws/install/linkpose_msgs/include/linkpose_msgs/linkpose_msgs/msg/link_pose.h
[9.766s] -- Symlinking: /home/ros2/dev_ws/install/linkpose_msgs/include/linkpose_msgs/linkpose_msgs/msg/rosidl_generator_c__visibility_control.h
[9.766s] -- Symlinking: /home/ros2/dev_ws/install/linkpose_msgs/share/linkpose_msgs/environment/library_path.sh
[9.766s] -- Symlinking: /home/ros2/dev_ws/install/linkpose_msgs/share/linkpose_msgs/environment/library_path.dsv
[9.766s] -- Symlinking: /home/ros2/dev_ws/install/linkpose_msgs/include/linkpose_msgs/linkpose_msgs/msg/detail/link_pose__rosidl_typesupport_fastrtps_c.h
[9.766s] -- Symlinking: /home/ros2/dev_ws/install/linkpose_msgs/include/linkpose_msgs/linkpose_msgs/msg/rosidl_typesupport_fastrtps_c__visibility_control.h
[9.766s] -- Symlinking: /home/ros2/dev_ws/install/linkpose_msgs/include/linkpose_msgs/linkpose_msgs/msg/detail/link_pose__rosidl_typesupport_introspection_c.h
[9.767s] -- Symlinking: /home/ros2/dev_ws/install/linkpose_msgs/include/linkpose_msgs/linkpose_msgs/msg/rosidl_typesupport_introspection_c__visibility_control.h
[9.767s] -- Symlinking: /home/ros2/dev_ws/install/linkpose_msgs/include/linkpose_msgs/linkpose_msgs/msg/detail/link_pose__builder.hpp
[9.767s] -- Symlinking: /home/ros2/dev_ws/install/linkpose_msgs/include/linkpose_msgs/linkpose_msgs/msg/detail/link_pose__struct.hpp
[9.777s] -- Symlinking: /home/ros2/dev_ws/install/linkpose_msgs/include/linkpose_msgs/linkpose_msgs/msg/detail/link_pose__traits.hpp
[9.777s] -- Symlinking: /home/ros2/dev_ws/install/linkpose_msgs/include/linkpose_msgs/linkpose_msgs/msg/detail/link_pose__type_support.hpp
[9.778s] -- Symlinking: /home/ros2/dev_ws/install/linkpose_msgs/include/linkpose_msgs/linkpose_msgs/msg/link_pose.hpp
[9.778s] -- Symlinking: /home/ros2/dev_ws/install/linkpose_msgs/include/linkpose_msgs/linkpose_msgs/msg/rosidl_generator_cpp__visibility_control.hpp
[9.778s] -- Symlinking: /home/ros2/dev_ws/install/linkpose_msgs/include/linkpose_msgs/linkpose_msgs/msg/detail/link_pose__rosidl_typesupport_fastrtps_cpp.hpp
[9.781s] -- Symlinking: /home/ros2/dev_ws/install/linkpose_msgs/include/linkpose_msgs/linkpose_msgs/msg/rosidl_typesupport_fastrtps_cpp__visibility_control.h
[9.796s] -- Symlinking: /home/ros2/dev_ws/install/linkpose_msgs/include/linkpose_msgs/linkpose_msgs/msg/detail/link_pose__rosidl_typesupport_introspection_cpp.hpp
[9.805s] -- Symlinking: /home/ros2/dev_ws/install/linkpose_msgs/share/linkpose_msgs/environment/pythonpath.sh
[9.830s] -- Symlinking: /home/ros2/dev_ws/install/linkpose_msgs/share/linkpose_msgs/environment/pythonpath.dsv
[9.857s] -- Symlinking: /home/ros2/dev_ws/install/linkpose_msgs/local/lib/python3.10/dist-packages/linkpose_msgs-0.0.0-py3.10.egg-info/PKG-INFO
[9.885s] -- Symlinking: /home/ros2/dev_ws/install/linkpose_msgs/local/lib/python3.10/dist-packages/linkpose_msgs-0.0.0-py3.10.egg-info/SOURCES.txt
[9.903s] -- Symlinking: /home/ros2/dev_ws/install/linkpose_msgs/local/lib/python3.10/dist-packages/linkpose_msgs-0.0.0-py3.10.egg-info/dependency_links.txt
[9.927s] -- Symlinking: /home/ros2/dev_ws/install/linkpose_msgs/local/lib/python3.10/dist-packages/linkpose_msgs-0.0.0-py3.10.egg-info/top_level.txt
[9.970s] -- Symlinking: /home/ros2/dev_ws/install/linkpose_msgs/local/lib/python3.10/dist-packages/linkpose_msgs/__init__.py
[9.997s] -- Symlinking: /home/ros2/dev_ws/install/linkpose_msgs/local/lib/python3.10/dist-packages/linkpose_msgs/_linkpose_msgs_s.ep.rosidl_typesupport_c.c
[10.040s] -- Symlinking: /home/ros2/dev_ws/install/linkpose_msgs/local/lib/python3.10/dist-packages/linkpose_msgs/_linkpose_msgs_s.ep.rosidl_typesupport_fastrtps_c.c
[10.068s] -- Symlinking: /home/ros2/dev_ws/install/linkpose_msgs/local/lib/python3.10/dist-packages/linkpose_msgs/_linkpose_msgs_s.ep.rosidl_typesupport_introspection_c.c
[10.091s] -- Symlinking: /home/ros2/dev_ws/install/linkpose_msgs/local/lib/python3.10/dist-packages/linkpose_msgs/liblinkpose_msgs__rosidl_generator_py.so
[10.117s] -- Symlinking: /home/ros2/dev_ws/install/linkpose_msgs/local/lib/python3.10/dist-packages/linkpose_msgs/linkpose_msgs_s__rosidl_typesupport_c.cpython-310-x86_64-linux-gnu.so
[10.151s] -- Symlinking: /home/ros2/dev_ws/install/linkpose_msgs/local/lib/python3.10/dist-packages/linkpose_msgs/linkpose_msgs_s__rosidl_typesupport_fastrtps_c.cpython-310-x86_64-linux-gnu.so
[10.186s] -- Symlinking: /home/ros2/dev_ws/install/linkpose_msgs/local/lib/python3.10/dist-packages/linkpose_msgs/linkpose_msgs_s__rosidl_typesupport_introspection_c.cpython-310-x86_64-linux-gnu.so
[10.204s] -- Symlinking: /home/ros2/dev_ws/install/linkpose_msgs/local/lib/python3.10/dist-packages/linkpose_msgs/msg/__init__.py
[10.227s] -- Symlinking: /home/ros2/dev_ws/install/linkpose_msgs/local/lib/python3.10/dist-packages/linkpose_msgs/msg/_link_pose.py
[10.250s] -- Symlinking: /home/ros2/dev_ws/install/linkpose_msgs/local/lib/python3.10/dist-packages/linkpose_msgs/msg/_link_pose_s.c
[10.275s] -- Up-to-date symlink: /home/ros2/dev_ws/install/linkpose_msgs/local/lib/python3.10/dist-packages/linkpose_msgs/linkpose_msgs_s__rosidl_typesupport_fastrtps_c.cpython-310-x86_64-linux-gnu.so
[10.275s] -- Up-to-date symlink: /home/ros2/dev_ws/install/linkpose_msgs/local/lib/python3.10/dist-packages/linkpose_msgs/linkpose_msgs_s__rosidl_typesupport_introspection_c.cpython-310-x86_64-linux-gnu.so
[10.275s] -- Up-to-date symlink: /home/ros2/dev_ws/install/linkpose_msgs/local/lib/python3.10/dist-packages/linkpose_msgs/linkpose_msgs_s__rosidl_typesupport_c.cpython-310-x86_64-linux-gnu.so
[10.276s] -- Symlinking: /home/ros2/dev_ws/install/linkpose_msgs/share/linkpose_msgs/msg/LinkPose.idl
[10.298s] -- Up-to-date symlink: /home/ros2/dev_ws/install/linkpose_msgs/share/linkpose_msgs/msg/LinkPose.msg
[10.299s] -- Symlinking: /home/ros2/dev_ws/install/linkpose_msgs/share/ament_index/resource_index/package_run_dependencies/linkpose_msgs
[10.325s] -- Symlinking: /home/ros2/dev_ws/install/linkpose_msgs/share/ament_index/resource_index/parent_prefix_path/linkpose_msgs
[10.343s] -- Symlinking: /home/ros2/dev_ws/install/linkpose_msgs/share/linkpose_msgs/environment/ament_prefix_path.sh
[10.365s] -- Symlinking: /home/ros2/dev_ws/install/linkpose_msgs/share/linkpose_msgs/environment/ament_prefix_path.dsv
[10.387s] -- Symlinking: /home/ros2/dev_ws/install/linkpose_msgs/share/linkpose_msgs/environment/path.sh
[10.408s] -- Symlinking: /home/ros2/dev_ws/install/linkpose_msgs/share/linkpose_msgs/environment/path.dsv
[10.429s] -- Symlinking: /home/ros2/dev_ws/install/linkpose_msgs/share/linkpose_msgs/local_setup.bash
[10.450s] -- Symlinking: /home/ros2/dev_ws/install/linkpose_msgs/share/linkpose_msgs/local_setup.sh
[10.471s] -- Symlinking: /home/ros2/dev_ws/install/linkpose_msgs/share/linkpose_msgs/local_setup.zsh
[10.496s] -- Symlinking: /home/ros2/dev_ws/install/linkpose_msgs/share/linkpose_msgs/local_setup.dsv
[10.520s] -- Symlinking: /home/ros2/dev_ws/install/linkpose_msgs/share/linkpose_msgs/package.dsv
[10.538s] -- Symlinking: /home/ros2/dev_ws/install/linkpose_msgs/share/ament_index/resource_index/packages/linkpose_msgs
[10.568s] -- Symlinking: /home/ros2/dev_ws/install/linkpose_msgs/share/linkpose_msgs/cmake/rosidl_cmake-extras.cmake
[10.582s] -- Symlinking: /home/ros2/dev_ws/install/linkpose_msgs/share/linkpose_msgs/cmake/ament_cmake_export_include_directories-extras.cmake
[10.595s] -- Symlinking: /home/ros2/dev_ws/install/linkpose_msgs/share/linkpose_msgs/cmake/ament_cmake_export_libraries-extras.cmake
[10.605s] -- Symlinking: /home/ros2/dev_ws/install/linkpose_msgs/share/linkpose_msgs/cmake/ament_cmake_export_targets-extras.cmake
[10.622s] -- Symlinking: /home/ros2/dev_ws/install/linkpose_msgs/share/linkpose_msgs/cmake/rosidl_cmake_export_typesupport_targets-extras.cmake
[10.650s] -- Symlinking: /home/ros2/dev_ws/install/linkpose_msgs/share/linkpose_msgs/cmake/ament_cmake_export_dependencies-extras.cmake
[10.672s] -- Symlinking: /home/ros2/dev_ws/install/linkpose_msgs/share/linkpose_msgs/cmake/rosidl_cmake_export_typesupport_libraries-extras.cmake
[10.689s] -- Symlinking: /home/ros2/dev_ws/install/linkpose_msgs/share/linkpose_msgs/cmake/linkpose_msgsConfig.cmake
[10.711s] -- Symlinking: /home/ros2/dev_ws/install/linkpose_msgs/share/linkpose_msgs/cmake/linkpose_msgsConfig-version.cmake
[10.723s] -- Symlinking: /home/ros2/dev_ws/install/linkpose_msgs/share/linkpose_msgs/package.xml
[10.779s] -- Installing: /home/ros2/dev_ws/install/linkpose_msgs/lib/liblinkpose_msgs__rosidl_generator_c.so
[10.780s] -- Set runtime path of "/home/ros2/dev_ws/install/linkpose_msgs/lib/liblinkpose_msgs__rosidl_generator_c.so" to ""
[10.780s] -- Installing: /home/ros2/dev_ws/install/linkpose_msgs/lib/liblinkpose_msgs__rosidl_typesupport_fastrtps_c.so
[10.780s] -- Set runtime path of "/home/ros2/dev_ws/install/linkpose_msgs/lib/liblinkpose_msgs__rosidl_typesupport_fastrtps_c.so" to ""
[10.780s] -- Installing: /home/ros2/dev_ws/install/linkpose_msgs/lib/liblinkpose_msgs__rosidl_typesupport_introspection_c.so
[10.780s] -- Set runtime path of "/home/ros2/dev_ws/install/linkpose_msgs/lib/liblinkpose_msgs__rosidl_typesupport_introspection_c.so" to ""
[10.780s] -- Installing: /home/ros2/dev_ws/install/linkpose_msgs/lib/liblinkpose_msgs__rosidl_typesupport_c.so
[10.780s] -- Set runtime path of "/home/ros2/dev_ws/install/linkpose_msgs/lib/liblinkpose_msgs__rosidl_typesupport_c.so" to ""
[10.780s] -- Installing: /home/ros2/dev_ws/install/linkpose_msgs/lib/liblinkpose_msgs__rosidl_typesupport_fastrtps_cpp.so
[10.780s] -- Set runtime path of "/home/ros2/dev_ws/install/linkpose_msgs/lib/liblinkpose_msgs__rosidl_typesupport_fastrtps_cpp.so" to ""
[10.780s] -- Installing: /home/ros2/dev_ws/install/linkpose_msgs/lib/liblinkpose_msgs__rosidl_typesupport_introspection_cpp.so
[10.780s] -- Set runtime path of "/home/ros2/dev_ws/install/linkpose_msgs/lib/liblinkpose_msgs__rosidl_typesupport_introspection_cpp.so" to ""
[10.780s] -- Installing: /home/ros2/dev_ws/install/linkpose_msgs/lib/liblinkpose_msgs__rosidl_typesupport_cpp.so
[10.780s] -- Set runtime path of "/home/ros2/dev_ws/install/linkpose_msgs/lib/liblinkpose_msgs__rosidl_typesupport_cpp.so" to ""
[10.850s] Listing '/home/ros2/dev_ws/install/linkpose_msgs/local/lib/python3.10/dist-packages/linkpose_msgs'...
[10.850s] Compiling '/home/ros2/dev_ws/install/linkpose_msgs/local/lib/python3.10/dist-packages/linkpose_msgs/__init__.py'...
[10.850s] Listing '/home/ros2/dev_ws/install/linkpose_msgs/local/lib/python3.10/dist-packages/linkpose_msgs/msg'...
[10.850s] Compiling '/home/ros2/dev_ws/install/linkpose_msgs/local/lib/python3.10/dist-packages/linkpose_msgs/msg/__init__.py'...
[10.850s] Compiling '/home/ros2/dev_ws/install/linkpose_msgs/local/lib/python3.10/dist-packages/linkpose_msgs/msg/_link_pose.py'...
[10.873s] -- Installing: /home/ros2/dev_ws/install/linkpose_msgs/lib/liblinkpose_msgs__rosidl_generator_py.so
[10.873s] -- Set runtime path of "/home/ros2/dev_ws/install/linkpose_msgs/lib/liblinkpose_msgs__rosidl_generator_py.so" to ""
[10.873s] -- Installing: /home/ros2/dev_ws/install/linkpose_msgs/share/linkpose_msgs/cmake/export_linkpose_msgs__rosidl_generator_cExport.cmake
[10.874s] -- Installing: /home/ros2/dev_ws/install/linkpose_msgs/share/linkpose_msgs/cmake/export_linkpose_msgs__rosidl_generator_cExport-noconfig.cmake
[10.874s] -- Installing: /home/ros2/dev_ws/install/linkpose_msgs/share/linkpose_msgs/cmake/export_linkpose_msgs__rosidl_typesupport_fastrtps_cExport.cmake
[10.875s] -- Installing: /home/ros2/dev_ws/install/linkpose_msgs/share/linkpose_msgs/cmake/export_linkpose_msgs__rosidl_typesupport_fastrtps_cExport-noconfig.cmake
[10.875s] -- Installing: /home/ros2/dev_ws/install/linkpose_msgs/share/linkpose_msgs/cmake/linkpose_msgs__rosidl_typesupport_introspection_cExport.cmake
[10.875s] -- Installing: /home/ros2/dev_ws/install/linkpose_msgs/share/linkpose_msgs/cmake/linkpose_msgs__rosidl_typesupport_introspection_cExport-noconfig.cmake
[10.880s] -- Installing: /home/ros2/dev_ws/install/linkpose_msgs/share/linkpose_msgs/cmake/linkpose_msgs__rosidl_typesupport_cExport.cmake
[10.880s] -- Installing: /home/ros2/dev_ws/install/linkpose_msgs/share/linkpose_msgs/cmake/linkpose_msgs__rosidl_typesupport_cExport-noconfig.cmake
[10.880s] -- Installing: /home/ros2/dev_ws/install/linkpose_msgs/share/linkpose_msgs/cmake/export_linkpose_msgs__rosidl_generator_cppExport.cmake
[10.880s] -- Installing: /home/ros2/dev_ws/install/linkpose_msgs/share/linkpose_msgs/cmake/export_linkpose_msgs__rosidl_typesupport_fastrtps_cppExport.cmake
[10.880s] -- Installing: /home/ros2/dev_ws/install/linkpose_msgs/share/linkpose_msgs/cmake/export_linkpose_msgs__rosidl_typesupport_fastrtps_cppExport-noconfig.cmake
[10.880s] -- Installing: /home/ros2/dev_ws/install/linkpose_msgs/share/linkpose_msgs/cmake/linkpose_msgs__rosidl_typesupport_introspection_cppExport.cmake
[10.880s] -- Installing: /home/ros2/dev_ws/install/linkpose_msgs/share/linkpose_msgs/cmake/linkpose_msgs__rosidl_typesupport_introspection_cppExport-noconfig.cmake
[10.881s] -- Installing: /home/ros2/dev_ws/install/linkpose_msgs/share/linkpose_msgs/cmake/linkpose_msgs__rosidl_typesupport_cppExport.cmake
[10.881s] -- Installing: /home/ros2/dev_ws/install/linkpose_msgs/share/linkpose_msgs/cmake/linkpose_msgs__rosidl_typesupport_cppExport-noconfig.cmake
[10.881s] -- Installing: /home/ros2/dev_ws/install/linkpose_msgs/share/linkpose_msgs/cmake/export_linkpose_msgs__rosidl_generator_pyExport.cmake
[10.881s] -- Installing: /home/ros2/dev_ws/install/linkpose_msgs/share/linkpose_msgs/cmake/export_linkpose_msgs__rosidl_generator_pyExport-noconfig.cmake
[10.972s] Invoked command in '/home/ros2/dev_ws/build/linkpose_msgs' returned '0': CMAKE_PREFIX_PATH=/opt/ros/humble /usr/bin/cmake --install /home/ros2/dev_ws/build/linkpose_msgs
