-- The CXX compiler identification is GNU 11.4.0
-- Detecting CXX compiler ABI info
-- Detecting CXX compiler ABI info - done
-- Check for working CXX compiler: /usr/bin/c++ - skipped
-- Detecting CXX compile features
-- Detecting CXX compile features - done
-- Searching for Poco library...
--   Found Poco!
-- components found: Foundation, Net, Util, XML.
-- Performing Test COMPILER_HAS_HIDDEN_VISIBILITY
-- Performing Test COMPILER_HAS_HIDDEN_VISIBILITY - Success
-- Performing Test COMPILER_HAS_HIDDEN_INLINE_VISIBILITY
-- Performing Test COMPILER_HAS_HIDDEN_INLINE_VISIBILITY - Success
-- Performing Test COMPILER_HAS_DEPRECATED_ATTR
-- Performing Test COMPILER_HAS_DEPRECATED_ATTR - Success
-- Configuring done
-- Generating done
-- Build files have been written to: /home/ros2/dev_ws/build/abb_librws
[ 14%] [32mBuilding CXX object CMakeFiles/abb_librws.dir/src/rws_client.cpp.o[0m
[ 28%] [32mBuilding CXX object CMakeFiles/abb_librws.dir/src/rws_common.cpp.o[0m
[ 42%] [32mBuilding CXX object CMakeFiles/abb_librws.dir/src/rws_interface.cpp.o[0m
[ 57%] [32mBuilding CXX object CMakeFiles/abb_librws.dir/src/rws_rapid.cpp.o[0m
[ 71%] [32mBuilding CXX object CMakeFiles/abb_librws.dir/src/rws_state_machine_interface.cpp.o[0m
[ 85%] [32mBuilding CXX object CMakeFiles/abb_librws.dir/src/rws_poco_client.cpp.o[0m
[100%] [32m[1mLinking CXX shared library libabb_librws.so[0m
[100%] Built target abb_librws
-- Install configuration: ""
-- Installing: /home/ros2/dev_ws/install/abb_librws/include
-- Installing: /home/ros2/dev_ws/install/abb_librws/include/abb_librws
-- Installing: /home/ros2/dev_ws/install/abb_librws/include/abb_librws/rws_poco_client.h
-- Installing: /home/ros2/dev_ws/install/abb_librws/include/abb_librws/rws_common.h
-- Installing: /home/ros2/dev_ws/install/abb_librws/include/abb_librws/rws_state_machine_interface.h
-- Installing: /home/ros2/dev_ws/install/abb_librws/include/abb_librws/rws_rapid.h
-- Installing: /home/ros2/dev_ws/install/abb_librws/include/abb_librws/rws_cfg.h
-- Installing: /home/ros2/dev_ws/install/abb_librws/include/abb_librws/rws_client.h
-- Installing: /home/ros2/dev_ws/install/abb_librws/include/abb_librws/rws_interface.h
-- Installing: /home/ros2/dev_ws/install/abb_librws/include/abb_librws/abb_librws_export.h
-- Installing: /home/ros2/dev_ws/install/abb_librws/share/abb_librws/cmake
-- Installing: /home/ros2/dev_ws/install/abb_librws/share/abb_librws/cmake/FindPoco.cmake
-- Installing: /home/ros2/dev_ws/install/abb_librws/share/abb_librws/cmake/README.md
-- Installing: /home/ros2/dev_ws/install/abb_librws/lib/libabb_librws.so
-- Installing: /home/ros2/dev_ws/install/abb_librws/share/abb_librws/abb_librwsConfig.cmake
-- Installing: /home/ros2/dev_ws/install/abb_librws/share/abb_librws/abb_librwsConfigVersion.cmake
-- Installing: /home/ros2/dev_ws/install/abb_librws/share/abb_librws/package.xml
-- Installing: /home/ros2/dev_ws/install/abb_librws/share/abb_librws/abb_librwsTargets.cmake
-- Installing: /home/ros2/dev_ws/install/abb_librws/share/abb_librws/abb_librwsTargets-noconfig.cmake
