[0.111s] Invoking command in '/home/ros2/dev_ws/build/ros2_linkattacher': CMAKE_PREFIX_PATH=/home/ros2/dev_ws/install/linkattacher_msgs:/home/ros2/dev_ws/install/my_package:/home/ros2/dev_ws/install/ros2srrc_ur5e_moveit2:/home/ros2/dev_ws/install/ros2srrc_ur5e_gazebo:/home/ros2/dev_ws/install/ros2srrc_ur5_moveit2:/home/ros2/dev_ws/install/ros2srrc_ur5_gazebo:/home/ros2/dev_ws/install/ros2srrc_ur3e_moveit2:/home/ros2/dev_ws/install/ros2srrc_ur3e_gazebo:/home/ros2/dev_ws/install/ros2srrc_ur3_moveit2:/home/ros2/dev_ws/install/ros2srrc_ur3_gazebo:/home/ros2/dev_ws/install/ros2srrc_ur20_moveit2:/home/ros2/dev_ws/install/ros2srrc_ur20_gazebo:/home/ros2/dev_ws/install/ros2srrc_ur16e_moveit2:/home/ros2/dev_ws/install/ros2srrc_ur16e_gazebo:/home/ros2/dev_ws/install/ros2srrc_ur10e_moveit2:/home/ros2/dev_ws/install/ros2srrc_ur10e_gazebo:/home/ros2/dev_ws/install/ros2srrc_ur10_moveit2:/home/ros2/dev_ws/install/ros2srrc_ur10_gazebo:/home/ros2/dev_ws/install/ros2srrc_rx160_moveit2:/home/ros2/dev_ws/install/ros2srrc_rx160_gazebo:/home/ros2/dev_ws/install/ros2srrc_robots:/home/ros2/dev_ws/install/ros2srrc_launch:/home/ros2/dev_ws/install/ros2srrc_irb6640_moveit2:/home/ros2/dev_ws/install/ros2srrc_irb6640_gazebo:/home/ros2/dev_ws/install/ros2srrc_irb1600_moveit2:/home/ros2/dev_ws/install/ros2srrc_irb1600_gazebo:/home/ros2/dev_ws/install/ros2srrc_irb120_moveit2:/home/ros2/dev_ws/install/ros2srrc_irb120_gazebo:/home/ros2/dev_ws/install/ros2srrc_irb1200_moveit2:/home/ros2/dev_ws/install/ros2srrc_irb1200_gazebo:/home/ros2/dev_ws/install/ros2srrc_iiwa_moveit2:/home/ros2/dev_ws/install/ros2srrc_iiwa_gazebo:/home/ros2/dev_ws/install/ros2srrc_execution:/home/ros2/dev_ws/install/ros2srrc_endeffectors:/home/ros2/dev_ws/install/ros2srrc_data:/home/ros2/dev_ws/install/ros2_robotiqgripper:/home/ros2/dev_ws/install/ros2_objectpose:/home/ros2/dev_ws/install/ros2_linkpose:/home/ros2/dev_ws/install/ros2_linkattacher:/home/ros2/dev_ws/install/objectpose_msgs:/home/ros2/dev_ws/install/objectpose_gazebo:/home/ros2/dev_ws/install/linkpose_msgs:/home/ros2/dev_ws/install/linkpose_gazebo:/home/ros2/dev_ws/install/gazebo_ros2_control_demos:/home/ros2/dev_ws/install/gazebo_ros2_control:/home/ros2/dev_ws/install/abb_rws_client:/home/ros2/dev_ws/install/abb_ros2:/home/ros2/dev_ws/install/abb_robot_msgs:/home/ros2/dev_ws/install/abb_resources:/home/ros2/dev_ws/install/abb_rapid_sm_addin_msgs:/home/ros2/dev_ws/install/abb_rapid_msgs:/home/ros2/dev_ws/install/abb_hardware_interface:/home/ros2/dev_ws/install/abb_egm_rws_managers:/home/ros2/dev_ws/install/abb_librws:/home/ros2/dev_ws/install/abb_libegm:/home/ros2/dev_ws/install/abb_irb4600_support:/home/ros2/dev_ws/install/abb_irb1200_5_90_moveit_config:/home/ros2/dev_ws/install/abb_irb1200_support:/home/ros2/dev_ws/install/abb_egm_msgs:/home/ros2/dev_ws/install/abb_bringup:/opt/ros/humble LD_LIBRARY_PATH=/home/ros2/dev_ws/install/linkattacher_msgs/lib:/home/ros2/dev_ws/install/ros2srrc_data/lib:/home/ros2/dev_ws/install/ros2_robotiqgripper/lib:/home/ros2/dev_ws/install/ros2_objectpose/lib:/home/ros2/dev_ws/install/ros2_linkpose/lib:/home/ros2/dev_ws/install/ros2_linkattacher/lib:/home/ros2/dev_ws/install/objectpose_msgs/lib:/home/ros2/dev_ws/install/linkpose_msgs/lib:/home/ros2/dev_ws/install/gazebo_ros2_control/lib:/home/ros2/dev_ws/install/abb_robot_msgs/lib:/home/ros2/dev_ws/install/abb_rapid_sm_addin_msgs/lib:/home/ros2/dev_ws/install/abb_rapid_msgs/lib:/home/ros2/dev_ws/install/abb_hardware_interface/lib:/home/ros2/dev_ws/install/abb_egm_rws_managers/lib:/home/ros2/dev_ws/install/abb_librws/lib:/home/ros2/dev_ws/install/abb_libegm/lib:/home/ros2/dev_ws/install/abb_egm_msgs/lib:/usr/lib/x86_64-linux-gnu/gazebo-11/plugins:/opt/ros/humble/opt/rviz_ogre_vendor/lib:/opt/ros/humble/lib/x86_64-linux-gnu:/opt/ros/humble/lib /usr/bin/cmake /home/ros2/dev_ws/src/IFRA_LinkAttacher/ros2_LinkAttacher -DAMENT_CMAKE_SYMLINK_INSTALL=1 -DCMAKE_INSTALL_PREFIX=/home/ros2/dev_ws/install/ros2_linkattacher
[1.131s] -- The C compiler identification is GNU 11.4.0
[1.131s] -- The CXX compiler identification is GNU 11.4.0
[1.131s] -- Detecting C compiler ABI info
[1.131s] -- Detecting C compiler ABI info - done
[1.131s] -- Check for working C compiler: /usr/bin/cc - skipped
[1.132s] -- Detecting C compile features
[1.132s] -- Detecting C compile features - done
[1.132s] -- Detecting CXX compiler ABI info
[1.180s] -- Detecting CXX compiler ABI info - done
[1.199s] -- Check for working CXX compiler: /usr/bin/c++ - skipped
[1.200s] -- Detecting CXX compile features
[1.200s] -- Detecting CXX compile features - done
[1.224s] -- Found ament_cmake: 1.3.11 (/opt/ros/humble/share/ament_cmake/cmake)
[1.805s] -- Found Python3: /usr/bin/python3 (found version "3.10.12") found components: Interpreter 
[2.062s] -- Override CMake install command with custom implementation using symlinks instead of copying resources
[2.155s] -- Found ament_lint_auto: 0.12.12 (/opt/ros/humble/share/ament_lint_auto/cmake)
[2.367s] -- Found gazebo_ros: 3.9.0 (/opt/ros/humble/share/gazebo_ros/cmake)
[2.475s] -- Found rosidl_generator_c: 3.1.6 (/opt/ros/humble/share/rosidl_generator_c/cmake)
[2.489s] -- Found rosidl_adapter: 3.1.6 (/opt/ros/humble/share/rosidl_adapter/cmake)
[2.510s] -- Found rosidl_generator_cpp: 3.1.6 (/opt/ros/humble/share/rosidl_generator_cpp/cmake)
[2.536s] -- Using all available rosidl_typesupport_c: rosidl_typesupport_fastrtps_c;rosidl_typesupport_introspection_c
[2.573s] -- Using all available rosidl_typesupport_cpp: rosidl_typesupport_fastrtps_cpp;rosidl_typesupport_introspection_cpp
[2.678s] -- Found rmw_implementation_cmake: 6.1.2 (/opt/ros/humble/share/rmw_implementation_cmake/cmake)
[2.693s] -- Found rmw_cyclonedds_cpp: 1.3.4 (/opt/ros/humble/share/rmw_cyclonedds_cpp/cmake)
[2.751s] -- Using RMW implementation 'rmw_cyclonedds_cpp' as default
[2.772s] -- Looking for pthread.h
[2.912s] -- Looking for pthread.h - found
[2.912s] -- Performing Test CMAKE_HAVE_LIBC_PTHREAD
[3.041s] -- Performing Test CMAKE_HAVE_LIBC_PTHREAD - Success
[3.044s] -- Found Threads: TRUE  
[3.179s] -- Found PkgConfig: /usr/bin/pkg-config (found version "0.29.2") 
[3.181s] -- Checking for module 'bullet>=2.82'
[3.210s] --   Found bullet, version 3.05
[3.406s] -- Found fcl: /usr/include (found suitable version "0.7.0", minimum required is "0.5.0") 
[3.538s] -- Found assimp: /usr/include (found version "5.2.0") 
[3.577s] -- Found DART: /usr/include (Required is at least version "6.6") found components: dart 
[3.636s] -- Found Boost: /usr/lib/x86_64-linux-gnu/cmake/Boost-1.74.0/BoostConfig.cmake (found suitable version "1.74.0", minimum required is "1.40.0") found components: thread system filesystem program_options regex iostreams date_time 
[3.675s] -- Found Protobuf: /usr/lib/x86_64-linux-gnu/libprotobuf.so (found version "3.12.4") 
[3.689s] -- Looking for ignition-math6 -- found version 6.15.1
[3.702s] -- Searching for dependencies of ignition-math6
[3.702s] -- Looking for OGRE...
[3.707s] -- OGRE_PREFIX_WATCH changed.
[3.710s] -- Checking for module 'OGRE'
[3.737s] --   Found OGRE, version 1.9.0
[3.831s] -- Found Ogre Ghadamon (1.9.0)
[3.877s] -- Found OGRE: optimized;/usr/lib/x86_64-linux-gnu/libOgreMain.so;debug;/usr/lib/x86_64-linux-gnu/libOgreMain.so
[3.892s] -- Looking for OGRE_Paging...
[3.912s] -- Found OGRE_Paging: optimized;/usr/lib/x86_64-linux-gnu/libOgrePaging.so;debug;/usr/lib/x86_64-linux-gnu/libOgrePaging.so
[3.912s] -- Looking for OGRE_Terrain...
[3.925s] -- Found OGRE_Terrain: optimized;/usr/lib/x86_64-linux-gnu/libOgreTerrain.so;debug;/usr/lib/x86_64-linux-gnu/libOgreTerrain.so
[3.926s] -- Looking for OGRE_Property...
[3.944s] -- Found OGRE_Property: optimized;/usr/lib/x86_64-linux-gnu/libOgreProperty.so;debug;/usr/lib/x86_64-linux-gnu/libOgreProperty.so
[3.944s] -- Looking for OGRE_RTShaderSystem...
[3.970s] -- Found OGRE_RTShaderSystem: optimized;/usr/lib/x86_64-linux-gnu/libOgreRTShaderSystem.so;debug;/usr/lib/x86_64-linux-gnu/libOgreRTShaderSystem.so
[3.970s] -- Looking for OGRE_Volume...
[3.993s] -- Found OGRE_Volume: optimized;/usr/lib/x86_64-linux-gnu/libOgreVolume.so;debug;/usr/lib/x86_64-linux-gnu/libOgreVolume.so
[3.993s] -- Looking for OGRE_Overlay...
[4.003s] -- Found OGRE_Overlay: optimized;/usr/lib/x86_64-linux-gnu/libOgreOverlay.so;debug;/usr/lib/x86_64-linux-gnu/libOgreOverlay.so
[4.464s] -- Looking for ignition-math6 -- found version 6.15.1
[4.474s] -- Looking for ignition-transport8 -- found version 8.2.1
[4.474s] -- Searching for dependencies of ignition-transport8
[4.495s] -- Found Protobuf: /usr/lib/x86_64-linux-gnu/libprotobuf.so (found suitable version "3.12.4", minimum required is "3") 
[4.511s] -- Config-file not installed for ZeroMQ -- checking for pkg-config
[4.514s] -- Checking for module 'libzmq >= 4'
[4.544s] --   Found libzmq , version 4.3.4
[4.615s] -- Found ZeroMQ: TRUE (Required is at least version "4") 
[4.620s] -- Checking for module 'uuid'
[4.651s] --   Found uuid, version 2.37.2
[4.719s] -- Found UUID: TRUE  
[4.725s] -- Looking for ignition-msgs5 -- found version 5.8.1
[4.725s] -- Searching for dependencies of ignition-msgs5
[4.747s] -- Looking for ignition-math6 -- found version 6.15.1
[4.758s] -- Checking for module 'tinyxml2'
[4.793s] --   Found tinyxml2, version 9.0.0
[4.874s] -- Looking for ignition-msgs5 -- found version 5.8.1
[4.879s] -- Looking for ignition-common3 -- found version 3.14.0
[4.879s] -- Searching for dependencies of ignition-common3
[4.880s] -- Looking for dlfcn.h - found
[4.881s] -- Looking for libdl - found
[4.882s] -- Found DL: TRUE  
[4.906s] -- Found tinyobjloader: /usr/lib/x86_64-linux-gnu/cmake/tinyobjloader/tinyobjloader-config.cmake (found version "2.0.0") 
[4.908s] -- Searching for <ignition-common3> component [graphics]
[4.911s] -- Looking for ignition-common3-graphics -- found version 3.14.0
[4.911s] -- Searching for dependencies of ignition-common3-graphics
[4.912s] -- Looking for ignition-math6 -- found version 6.15.1
[4.918s] -- Looking for ignition-fuel_tools4 -- found version 4.4.0
[4.920s] -- Searching for dependencies of ignition-fuel_tools4
[5.090s] -- Found CURL: /usr/lib/x86_64-linux-gnu/libcurl.so (found version "7.81.0")  
[5.109s] -- Checking for module 'jsoncpp'
[5.136s] --   Found jsoncpp, version 1.9.5
[5.201s] -- Found JSONCPP: TRUE  
[5.216s] -- Checking for module 'libzip'
[5.243s] --   Found libzip, version 1.7.3
[5.317s] -- Found ZIP: TRUE  
[5.317s] -- Looking for ignition-common3 -- found version 3.14.0
[5.317s] -- Looking for ignition-math6 -- found version 6.15.1
[5.317s] -- Looking for ignition-msgs5 -- found version 5.8.1
[5.329s] -- Gazebo version: 11.10
[5.329s] -- Checking for module 'tbb'
[5.364s] --   Found tbb, version 2021.5.0
[5.440s] -- Found gazebo_msgs: 3.9.0 (/opt/ros/humble/share/gazebo_msgs/cmake)
[5.520s] -- Found linkattacher_msgs: 0.0.0 (/home/ros2/dev_ws/install/linkattacher_msgs/share/linkattacher_msgs/cmake)
[5.585s] -- Added test 'copyright' to check source files copyright and LICENSE
[5.585s] -- Added test 'cppcheck' to perform static code analysis on C / C++ code
[5.586s] -- Configured cppcheck include dirs: /home/ros2/dev_ws/src/IFRA_LinkAttacher/ros2_LinkAttacher/include
[5.586s] -- Configured cppcheck exclude dirs and/or files: 
[5.587s] -- Added test 'cpplint' to check C / C++ code against the Google style
[5.587s] -- Configured cpplint exclude dirs and/or files: 
[5.589s] -- Added test 'lint_cmake' to check CMake code style
[5.591s] -- Added test 'uncrustify' to check C / C++ code style
[5.592s] -- Configured uncrustify additional arguments: 
[5.597s] -- Added test 'xmllint' to check XML markup files
[5.598s] -- Configuring done
[5.631s] -- Generating done
[5.640s] -- Build files have been written to: /home/ros2/dev_ws/build/ros2_linkattacher
[5.672s] Invoked command in '/home/ros2/dev_ws/build/ros2_linkattacher' returned '0': CMAKE_PREFIX_PATH=/home/ros2/dev_ws/install/linkattacher_msgs:/home/ros2/dev_ws/install/my_package:/home/ros2/dev_ws/install/ros2srrc_ur5e_moveit2:/home/ros2/dev_ws/install/ros2srrc_ur5e_gazebo:/home/ros2/dev_ws/install/ros2srrc_ur5_moveit2:/home/ros2/dev_ws/install/ros2srrc_ur5_gazebo:/home/ros2/dev_ws/install/ros2srrc_ur3e_moveit2:/home/ros2/dev_ws/install/ros2srrc_ur3e_gazebo:/home/ros2/dev_ws/install/ros2srrc_ur3_moveit2:/home/ros2/dev_ws/install/ros2srrc_ur3_gazebo:/home/ros2/dev_ws/install/ros2srrc_ur20_moveit2:/home/ros2/dev_ws/install/ros2srrc_ur20_gazebo:/home/ros2/dev_ws/install/ros2srrc_ur16e_moveit2:/home/ros2/dev_ws/install/ros2srrc_ur16e_gazebo:/home/ros2/dev_ws/install/ros2srrc_ur10e_moveit2:/home/ros2/dev_ws/install/ros2srrc_ur10e_gazebo:/home/ros2/dev_ws/install/ros2srrc_ur10_moveit2:/home/ros2/dev_ws/install/ros2srrc_ur10_gazebo:/home/ros2/dev_ws/install/ros2srrc_rx160_moveit2:/home/ros2/dev_ws/install/ros2srrc_rx160_gazebo:/home/ros2/dev_ws/install/ros2srrc_robots:/home/ros2/dev_ws/install/ros2srrc_launch:/home/ros2/dev_ws/install/ros2srrc_irb6640_moveit2:/home/ros2/dev_ws/install/ros2srrc_irb6640_gazebo:/home/ros2/dev_ws/install/ros2srrc_irb1600_moveit2:/home/ros2/dev_ws/install/ros2srrc_irb1600_gazebo:/home/ros2/dev_ws/install/ros2srrc_irb120_moveit2:/home/ros2/dev_ws/install/ros2srrc_irb120_gazebo:/home/ros2/dev_ws/install/ros2srrc_irb1200_moveit2:/home/ros2/dev_ws/install/ros2srrc_irb1200_gazebo:/home/ros2/dev_ws/install/ros2srrc_iiwa_moveit2:/home/ros2/dev_ws/install/ros2srrc_iiwa_gazebo:/home/ros2/dev_ws/install/ros2srrc_execution:/home/ros2/dev_ws/install/ros2srrc_endeffectors:/home/ros2/dev_ws/install/ros2srrc_data:/home/ros2/dev_ws/install/ros2_robotiqgripper:/home/ros2/dev_ws/install/ros2_objectpose:/home/ros2/dev_ws/install/ros2_linkpose:/home/ros2/dev_ws/install/ros2_linkattacher:/home/ros2/dev_ws/install/objectpose_msgs:/home/ros2/dev_ws/install/objectpose_gazebo:/home/ros2/dev_ws/install/linkpose_msgs:/home/ros2/dev_ws/install/linkpose_gazebo:/home/ros2/dev_ws/install/gazebo_ros2_control_demos:/home/ros2/dev_ws/install/gazebo_ros2_control:/home/ros2/dev_ws/install/abb_rws_client:/home/ros2/dev_ws/install/abb_ros2:/home/ros2/dev_ws/install/abb_robot_msgs:/home/ros2/dev_ws/install/abb_resources:/home/ros2/dev_ws/install/abb_rapid_sm_addin_msgs:/home/ros2/dev_ws/install/abb_rapid_msgs:/home/ros2/dev_ws/install/abb_hardware_interface:/home/ros2/dev_ws/install/abb_egm_rws_managers:/home/ros2/dev_ws/install/abb_librws:/home/ros2/dev_ws/install/abb_libegm:/home/ros2/dev_ws/install/abb_irb4600_support:/home/ros2/dev_ws/install/abb_irb1200_5_90_moveit_config:/home/ros2/dev_ws/install/abb_irb1200_support:/home/ros2/dev_ws/install/abb_egm_msgs:/home/ros2/dev_ws/install/abb_bringup:/opt/ros/humble LD_LIBRARY_PATH=/home/ros2/dev_ws/install/linkattacher_msgs/lib:/home/ros2/dev_ws/install/ros2srrc_data/lib:/home/ros2/dev_ws/install/ros2_robotiqgripper/lib:/home/ros2/dev_ws/install/ros2_objectpose/lib:/home/ros2/dev_ws/install/ros2_linkpose/lib:/home/ros2/dev_ws/install/ros2_linkattacher/lib:/home/ros2/dev_ws/install/objectpose_msgs/lib:/home/ros2/dev_ws/install/linkpose_msgs/lib:/home/ros2/dev_ws/install/gazebo_ros2_control/lib:/home/ros2/dev_ws/install/abb_robot_msgs/lib:/home/ros2/dev_ws/install/abb_rapid_sm_addin_msgs/lib:/home/ros2/dev_ws/install/abb_rapid_msgs/lib:/home/ros2/dev_ws/install/abb_hardware_interface/lib:/home/ros2/dev_ws/install/abb_egm_rws_managers/lib:/home/ros2/dev_ws/install/abb_librws/lib:/home/ros2/dev_ws/install/abb_libegm/lib:/home/ros2/dev_ws/install/abb_egm_msgs/lib:/usr/lib/x86_64-linux-gnu/gazebo-11/plugins:/opt/ros/humble/opt/rviz_ogre_vendor/lib:/opt/ros/humble/lib/x86_64-linux-gnu:/opt/ros/humble/lib /usr/bin/cmake /home/ros2/dev_ws/src/IFRA_LinkAttacher/ros2_LinkAttacher -DAMENT_CMAKE_SYMLINK_INSTALL=1 -DCMAKE_INSTALL_PREFIX=/home/ros2/dev_ws/install/ros2_linkattacher
[5.674s] Invoking command in '/home/ros2/dev_ws/build/ros2_linkattacher': CMAKE_PREFIX_PATH=/home/ros2/dev_ws/install/linkattacher_msgs:/home/ros2/dev_ws/install/my_package:/home/ros2/dev_ws/install/ros2srrc_ur5e_moveit2:/home/ros2/dev_ws/install/ros2srrc_ur5e_gazebo:/home/ros2/dev_ws/install/ros2srrc_ur5_moveit2:/home/ros2/dev_ws/install/ros2srrc_ur5_gazebo:/home/ros2/dev_ws/install/ros2srrc_ur3e_moveit2:/home/ros2/dev_ws/install/ros2srrc_ur3e_gazebo:/home/ros2/dev_ws/install/ros2srrc_ur3_moveit2:/home/ros2/dev_ws/install/ros2srrc_ur3_gazebo:/home/ros2/dev_ws/install/ros2srrc_ur20_moveit2:/home/ros2/dev_ws/install/ros2srrc_ur20_gazebo:/home/ros2/dev_ws/install/ros2srrc_ur16e_moveit2:/home/ros2/dev_ws/install/ros2srrc_ur16e_gazebo:/home/ros2/dev_ws/install/ros2srrc_ur10e_moveit2:/home/ros2/dev_ws/install/ros2srrc_ur10e_gazebo:/home/ros2/dev_ws/install/ros2srrc_ur10_moveit2:/home/ros2/dev_ws/install/ros2srrc_ur10_gazebo:/home/ros2/dev_ws/install/ros2srrc_rx160_moveit2:/home/ros2/dev_ws/install/ros2srrc_rx160_gazebo:/home/ros2/dev_ws/install/ros2srrc_robots:/home/ros2/dev_ws/install/ros2srrc_launch:/home/ros2/dev_ws/install/ros2srrc_irb6640_moveit2:/home/ros2/dev_ws/install/ros2srrc_irb6640_gazebo:/home/ros2/dev_ws/install/ros2srrc_irb1600_moveit2:/home/ros2/dev_ws/install/ros2srrc_irb1600_gazebo:/home/ros2/dev_ws/install/ros2srrc_irb120_moveit2:/home/ros2/dev_ws/install/ros2srrc_irb120_gazebo:/home/ros2/dev_ws/install/ros2srrc_irb1200_moveit2:/home/ros2/dev_ws/install/ros2srrc_irb1200_gazebo:/home/ros2/dev_ws/install/ros2srrc_iiwa_moveit2:/home/ros2/dev_ws/install/ros2srrc_iiwa_gazebo:/home/ros2/dev_ws/install/ros2srrc_execution:/home/ros2/dev_ws/install/ros2srrc_endeffectors:/home/ros2/dev_ws/install/ros2srrc_data:/home/ros2/dev_ws/install/ros2_robotiqgripper:/home/ros2/dev_ws/install/ros2_objectpose:/home/ros2/dev_ws/install/ros2_linkpose:/home/ros2/dev_ws/install/ros2_linkattacher:/home/ros2/dev_ws/install/objectpose_msgs:/home/ros2/dev_ws/install/objectpose_gazebo:/home/ros2/dev_ws/install/linkpose_msgs:/home/ros2/dev_ws/install/linkpose_gazebo:/home/ros2/dev_ws/install/gazebo_ros2_control_demos:/home/ros2/dev_ws/install/gazebo_ros2_control:/home/ros2/dev_ws/install/abb_rws_client:/home/ros2/dev_ws/install/abb_ros2:/home/ros2/dev_ws/install/abb_robot_msgs:/home/ros2/dev_ws/install/abb_resources:/home/ros2/dev_ws/install/abb_rapid_sm_addin_msgs:/home/ros2/dev_ws/install/abb_rapid_msgs:/home/ros2/dev_ws/install/abb_hardware_interface:/home/ros2/dev_ws/install/abb_egm_rws_managers:/home/ros2/dev_ws/install/abb_librws:/home/ros2/dev_ws/install/abb_libegm:/home/ros2/dev_ws/install/abb_irb4600_support:/home/ros2/dev_ws/install/abb_irb1200_5_90_moveit_config:/home/ros2/dev_ws/install/abb_irb1200_support:/home/ros2/dev_ws/install/abb_egm_msgs:/home/ros2/dev_ws/install/abb_bringup:/opt/ros/humble LD_LIBRARY_PATH=/home/ros2/dev_ws/install/linkattacher_msgs/lib:/home/ros2/dev_ws/install/ros2srrc_data/lib:/home/ros2/dev_ws/install/ros2_robotiqgripper/lib:/home/ros2/dev_ws/install/ros2_objectpose/lib:/home/ros2/dev_ws/install/ros2_linkpose/lib:/home/ros2/dev_ws/install/ros2_linkattacher/lib:/home/ros2/dev_ws/install/objectpose_msgs/lib:/home/ros2/dev_ws/install/linkpose_msgs/lib:/home/ros2/dev_ws/install/gazebo_ros2_control/lib:/home/ros2/dev_ws/install/abb_robot_msgs/lib:/home/ros2/dev_ws/install/abb_rapid_sm_addin_msgs/lib:/home/ros2/dev_ws/install/abb_rapid_msgs/lib:/home/ros2/dev_ws/install/abb_hardware_interface/lib:/home/ros2/dev_ws/install/abb_egm_rws_managers/lib:/home/ros2/dev_ws/install/abb_librws/lib:/home/ros2/dev_ws/install/abb_libegm/lib:/home/ros2/dev_ws/install/abb_egm_msgs/lib:/usr/lib/x86_64-linux-gnu/gazebo-11/plugins:/opt/ros/humble/opt/rviz_ogre_vendor/lib:/opt/ros/humble/lib/x86_64-linux-gnu:/opt/ros/humble/lib /usr/bin/cmake --build /home/ros2/dev_ws/build/ros2_linkattacher -- -j16 -l16
[5.772s] [ 50%] [32mBuilding CXX object CMakeFiles/gazebo_link_attacher.dir/src/gazebo_link_attacher.cpp.o[0m
[24.872s] [100%] [32m[1mLinking CXX shared library libgazebo_link_attacher.so[0m
[25.513s] [100%] Built target gazebo_link_attacher
[25.524s] Invoked command in '/home/ros2/dev_ws/build/ros2_linkattacher' returned '0': CMAKE_PREFIX_PATH=/home/ros2/dev_ws/install/linkattacher_msgs:/home/ros2/dev_ws/install/my_package:/home/ros2/dev_ws/install/ros2srrc_ur5e_moveit2:/home/ros2/dev_ws/install/ros2srrc_ur5e_gazebo:/home/ros2/dev_ws/install/ros2srrc_ur5_moveit2:/home/ros2/dev_ws/install/ros2srrc_ur5_gazebo:/home/ros2/dev_ws/install/ros2srrc_ur3e_moveit2:/home/ros2/dev_ws/install/ros2srrc_ur3e_gazebo:/home/ros2/dev_ws/install/ros2srrc_ur3_moveit2:/home/ros2/dev_ws/install/ros2srrc_ur3_gazebo:/home/ros2/dev_ws/install/ros2srrc_ur20_moveit2:/home/ros2/dev_ws/install/ros2srrc_ur20_gazebo:/home/ros2/dev_ws/install/ros2srrc_ur16e_moveit2:/home/ros2/dev_ws/install/ros2srrc_ur16e_gazebo:/home/ros2/dev_ws/install/ros2srrc_ur10e_moveit2:/home/ros2/dev_ws/install/ros2srrc_ur10e_gazebo:/home/ros2/dev_ws/install/ros2srrc_ur10_moveit2:/home/ros2/dev_ws/install/ros2srrc_ur10_gazebo:/home/ros2/dev_ws/install/ros2srrc_rx160_moveit2:/home/ros2/dev_ws/install/ros2srrc_rx160_gazebo:/home/ros2/dev_ws/install/ros2srrc_robots:/home/ros2/dev_ws/install/ros2srrc_launch:/home/ros2/dev_ws/install/ros2srrc_irb6640_moveit2:/home/ros2/dev_ws/install/ros2srrc_irb6640_gazebo:/home/ros2/dev_ws/install/ros2srrc_irb1600_moveit2:/home/ros2/dev_ws/install/ros2srrc_irb1600_gazebo:/home/ros2/dev_ws/install/ros2srrc_irb120_moveit2:/home/ros2/dev_ws/install/ros2srrc_irb120_gazebo:/home/ros2/dev_ws/install/ros2srrc_irb1200_moveit2:/home/ros2/dev_ws/install/ros2srrc_irb1200_gazebo:/home/ros2/dev_ws/install/ros2srrc_iiwa_moveit2:/home/ros2/dev_ws/install/ros2srrc_iiwa_gazebo:/home/ros2/dev_ws/install/ros2srrc_execution:/home/ros2/dev_ws/install/ros2srrc_endeffectors:/home/ros2/dev_ws/install/ros2srrc_data:/home/ros2/dev_ws/install/ros2_robotiqgripper:/home/ros2/dev_ws/install/ros2_objectpose:/home/ros2/dev_ws/install/ros2_linkpose:/home/ros2/dev_ws/install/ros2_linkattacher:/home/ros2/dev_ws/install/objectpose_msgs:/home/ros2/dev_ws/install/objectpose_gazebo:/home/ros2/dev_ws/install/linkpose_msgs:/home/ros2/dev_ws/install/linkpose_gazebo:/home/ros2/dev_ws/install/gazebo_ros2_control_demos:/home/ros2/dev_ws/install/gazebo_ros2_control:/home/ros2/dev_ws/install/abb_rws_client:/home/ros2/dev_ws/install/abb_ros2:/home/ros2/dev_ws/install/abb_robot_msgs:/home/ros2/dev_ws/install/abb_resources:/home/ros2/dev_ws/install/abb_rapid_sm_addin_msgs:/home/ros2/dev_ws/install/abb_rapid_msgs:/home/ros2/dev_ws/install/abb_hardware_interface:/home/ros2/dev_ws/install/abb_egm_rws_managers:/home/ros2/dev_ws/install/abb_librws:/home/ros2/dev_ws/install/abb_libegm:/home/ros2/dev_ws/install/abb_irb4600_support:/home/ros2/dev_ws/install/abb_irb1200_5_90_moveit_config:/home/ros2/dev_ws/install/abb_irb1200_support:/home/ros2/dev_ws/install/abb_egm_msgs:/home/ros2/dev_ws/install/abb_bringup:/opt/ros/humble LD_LIBRARY_PATH=/home/ros2/dev_ws/install/linkattacher_msgs/lib:/home/ros2/dev_ws/install/ros2srrc_data/lib:/home/ros2/dev_ws/install/ros2_robotiqgripper/lib:/home/ros2/dev_ws/install/ros2_objectpose/lib:/home/ros2/dev_ws/install/ros2_linkpose/lib:/home/ros2/dev_ws/install/ros2_linkattacher/lib:/home/ros2/dev_ws/install/objectpose_msgs/lib:/home/ros2/dev_ws/install/linkpose_msgs/lib:/home/ros2/dev_ws/install/gazebo_ros2_control/lib:/home/ros2/dev_ws/install/abb_robot_msgs/lib:/home/ros2/dev_ws/install/abb_rapid_sm_addin_msgs/lib:/home/ros2/dev_ws/install/abb_rapid_msgs/lib:/home/ros2/dev_ws/install/abb_hardware_interface/lib:/home/ros2/dev_ws/install/abb_egm_rws_managers/lib:/home/ros2/dev_ws/install/abb_librws/lib:/home/ros2/dev_ws/install/abb_libegm/lib:/home/ros2/dev_ws/install/abb_egm_msgs/lib:/usr/lib/x86_64-linux-gnu/gazebo-11/plugins:/opt/ros/humble/opt/rviz_ogre_vendor/lib:/opt/ros/humble/lib/x86_64-linux-gnu:/opt/ros/humble/lib /usr/bin/cmake --build /home/ros2/dev_ws/build/ros2_linkattacher -- -j16 -l16
[25.526s] Invoking command in '/home/ros2/dev_ws/build/ros2_linkattacher': CMAKE_PREFIX_PATH=/home/ros2/dev_ws/install/linkattacher_msgs:/home/ros2/dev_ws/install/my_package:/home/ros2/dev_ws/install/ros2srrc_ur5e_moveit2:/home/ros2/dev_ws/install/ros2srrc_ur5e_gazebo:/home/ros2/dev_ws/install/ros2srrc_ur5_moveit2:/home/ros2/dev_ws/install/ros2srrc_ur5_gazebo:/home/ros2/dev_ws/install/ros2srrc_ur3e_moveit2:/home/ros2/dev_ws/install/ros2srrc_ur3e_gazebo:/home/ros2/dev_ws/install/ros2srrc_ur3_moveit2:/home/ros2/dev_ws/install/ros2srrc_ur3_gazebo:/home/ros2/dev_ws/install/ros2srrc_ur20_moveit2:/home/ros2/dev_ws/install/ros2srrc_ur20_gazebo:/home/ros2/dev_ws/install/ros2srrc_ur16e_moveit2:/home/ros2/dev_ws/install/ros2srrc_ur16e_gazebo:/home/ros2/dev_ws/install/ros2srrc_ur10e_moveit2:/home/ros2/dev_ws/install/ros2srrc_ur10e_gazebo:/home/ros2/dev_ws/install/ros2srrc_ur10_moveit2:/home/ros2/dev_ws/install/ros2srrc_ur10_gazebo:/home/ros2/dev_ws/install/ros2srrc_rx160_moveit2:/home/ros2/dev_ws/install/ros2srrc_rx160_gazebo:/home/ros2/dev_ws/install/ros2srrc_robots:/home/ros2/dev_ws/install/ros2srrc_launch:/home/ros2/dev_ws/install/ros2srrc_irb6640_moveit2:/home/ros2/dev_ws/install/ros2srrc_irb6640_gazebo:/home/ros2/dev_ws/install/ros2srrc_irb1600_moveit2:/home/ros2/dev_ws/install/ros2srrc_irb1600_gazebo:/home/ros2/dev_ws/install/ros2srrc_irb120_moveit2:/home/ros2/dev_ws/install/ros2srrc_irb120_gazebo:/home/ros2/dev_ws/install/ros2srrc_irb1200_moveit2:/home/ros2/dev_ws/install/ros2srrc_irb1200_gazebo:/home/ros2/dev_ws/install/ros2srrc_iiwa_moveit2:/home/ros2/dev_ws/install/ros2srrc_iiwa_gazebo:/home/ros2/dev_ws/install/ros2srrc_execution:/home/ros2/dev_ws/install/ros2srrc_endeffectors:/home/ros2/dev_ws/install/ros2srrc_data:/home/ros2/dev_ws/install/ros2_robotiqgripper:/home/ros2/dev_ws/install/ros2_objectpose:/home/ros2/dev_ws/install/ros2_linkpose:/home/ros2/dev_ws/install/ros2_linkattacher:/home/ros2/dev_ws/install/objectpose_msgs:/home/ros2/dev_ws/install/objectpose_gazebo:/home/ros2/dev_ws/install/linkpose_msgs:/home/ros2/dev_ws/install/linkpose_gazebo:/home/ros2/dev_ws/install/gazebo_ros2_control_demos:/home/ros2/dev_ws/install/gazebo_ros2_control:/home/ros2/dev_ws/install/abb_rws_client:/home/ros2/dev_ws/install/abb_ros2:/home/ros2/dev_ws/install/abb_robot_msgs:/home/ros2/dev_ws/install/abb_resources:/home/ros2/dev_ws/install/abb_rapid_sm_addin_msgs:/home/ros2/dev_ws/install/abb_rapid_msgs:/home/ros2/dev_ws/install/abb_hardware_interface:/home/ros2/dev_ws/install/abb_egm_rws_managers:/home/ros2/dev_ws/install/abb_librws:/home/ros2/dev_ws/install/abb_libegm:/home/ros2/dev_ws/install/abb_irb4600_support:/home/ros2/dev_ws/install/abb_irb1200_5_90_moveit_config:/home/ros2/dev_ws/install/abb_irb1200_support:/home/ros2/dev_ws/install/abb_egm_msgs:/home/ros2/dev_ws/install/abb_bringup:/opt/ros/humble LD_LIBRARY_PATH=/home/ros2/dev_ws/install/linkattacher_msgs/lib:/home/ros2/dev_ws/install/ros2srrc_data/lib:/home/ros2/dev_ws/install/ros2_robotiqgripper/lib:/home/ros2/dev_ws/install/ros2_objectpose/lib:/home/ros2/dev_ws/install/ros2_linkpose/lib:/home/ros2/dev_ws/install/ros2_linkattacher/lib:/home/ros2/dev_ws/install/objectpose_msgs/lib:/home/ros2/dev_ws/install/linkpose_msgs/lib:/home/ros2/dev_ws/install/gazebo_ros2_control/lib:/home/ros2/dev_ws/install/abb_robot_msgs/lib:/home/ros2/dev_ws/install/abb_rapid_sm_addin_msgs/lib:/home/ros2/dev_ws/install/abb_rapid_msgs/lib:/home/ros2/dev_ws/install/abb_hardware_interface/lib:/home/ros2/dev_ws/install/abb_egm_rws_managers/lib:/home/ros2/dev_ws/install/abb_librws/lib:/home/ros2/dev_ws/install/abb_libegm/lib:/home/ros2/dev_ws/install/abb_egm_msgs/lib:/usr/lib/x86_64-linux-gnu/gazebo-11/plugins:/opt/ros/humble/opt/rviz_ogre_vendor/lib:/opt/ros/humble/lib/x86_64-linux-gnu:/opt/ros/humble/lib /usr/bin/cmake --install /home/ros2/dev_ws/build/ros2_linkattacher
[25.534s] -- Install configuration: ""
[25.534s] -- Execute custom install script
[25.535s] -- Symlinking: /home/ros2/dev_ws/install/ros2_linkattacher/share/ros2_linkattacher/environment/library_path.sh
[25.543s] -- Symlinking: /home/ros2/dev_ws/install/ros2_linkattacher/share/ros2_linkattacher/environment/library_path.dsv
[25.551s] -- Symlinking: /home/ros2/dev_ws/install/ros2_linkattacher/lib/libgazebo_link_attacher.so
[25.561s] -- Symlinking: /home/ros2/dev_ws/install/ros2_linkattacher/share/ament_index/resource_index/package_run_dependencies/ros2_linkattacher
[25.572s] -- Symlinking: /home/ros2/dev_ws/install/ros2_linkattacher/share/ament_index/resource_index/parent_prefix_path/ros2_linkattacher
[25.585s] -- Symlinking: /home/ros2/dev_ws/install/ros2_linkattacher/share/ros2_linkattacher/environment/ament_prefix_path.sh
[25.593s] -- Symlinking: /home/ros2/dev_ws/install/ros2_linkattacher/share/ros2_linkattacher/environment/ament_prefix_path.dsv
[25.603s] -- Symlinking: /home/ros2/dev_ws/install/ros2_linkattacher/share/ros2_linkattacher/environment/path.sh
[25.613s] -- Symlinking: /home/ros2/dev_ws/install/ros2_linkattacher/share/ros2_linkattacher/environment/path.dsv
[25.621s] -- Symlinking: /home/ros2/dev_ws/install/ros2_linkattacher/share/ros2_linkattacher/local_setup.bash
[25.630s] -- Symlinking: /home/ros2/dev_ws/install/ros2_linkattacher/share/ros2_linkattacher/local_setup.sh
[25.639s] -- Symlinking: /home/ros2/dev_ws/install/ros2_linkattacher/share/ros2_linkattacher/local_setup.zsh
[25.647s] -- Symlinking: /home/ros2/dev_ws/install/ros2_linkattacher/share/ros2_linkattacher/local_setup.dsv
[25.655s] -- Symlinking: /home/ros2/dev_ws/install/ros2_linkattacher/share/ros2_linkattacher/package.dsv
[25.665s] -- Symlinking: /home/ros2/dev_ws/install/ros2_linkattacher/share/ament_index/resource_index/packages/ros2_linkattacher
[25.673s] -- Symlinking: /home/ros2/dev_ws/install/ros2_linkattacher/share/ros2_linkattacher/cmake/ament_cmake_export_libraries-extras.cmake
[25.682s] -- Symlinking: /home/ros2/dev_ws/install/ros2_linkattacher/share/ros2_linkattacher/cmake/ros2_linkattacherConfig.cmake
[25.691s] -- Symlinking: /home/ros2/dev_ws/install/ros2_linkattacher/share/ros2_linkattacher/cmake/ros2_linkattacherConfig-version.cmake
[25.700s] -- Symlinking: /home/ros2/dev_ws/install/ros2_linkattacher/share/ros2_linkattacher/package.xml
[25.713s] Invoked command in '/home/ros2/dev_ws/build/ros2_linkattacher' returned '0': CMAKE_PREFIX_PATH=/home/ros2/dev_ws/install/linkattacher_msgs:/home/ros2/dev_ws/install/my_package:/home/ros2/dev_ws/install/ros2srrc_ur5e_moveit2:/home/ros2/dev_ws/install/ros2srrc_ur5e_gazebo:/home/ros2/dev_ws/install/ros2srrc_ur5_moveit2:/home/ros2/dev_ws/install/ros2srrc_ur5_gazebo:/home/ros2/dev_ws/install/ros2srrc_ur3e_moveit2:/home/ros2/dev_ws/install/ros2srrc_ur3e_gazebo:/home/ros2/dev_ws/install/ros2srrc_ur3_moveit2:/home/ros2/dev_ws/install/ros2srrc_ur3_gazebo:/home/ros2/dev_ws/install/ros2srrc_ur20_moveit2:/home/ros2/dev_ws/install/ros2srrc_ur20_gazebo:/home/ros2/dev_ws/install/ros2srrc_ur16e_moveit2:/home/ros2/dev_ws/install/ros2srrc_ur16e_gazebo:/home/ros2/dev_ws/install/ros2srrc_ur10e_moveit2:/home/ros2/dev_ws/install/ros2srrc_ur10e_gazebo:/home/ros2/dev_ws/install/ros2srrc_ur10_moveit2:/home/ros2/dev_ws/install/ros2srrc_ur10_gazebo:/home/ros2/dev_ws/install/ros2srrc_rx160_moveit2:/home/ros2/dev_ws/install/ros2srrc_rx160_gazebo:/home/ros2/dev_ws/install/ros2srrc_robots:/home/ros2/dev_ws/install/ros2srrc_launch:/home/ros2/dev_ws/install/ros2srrc_irb6640_moveit2:/home/ros2/dev_ws/install/ros2srrc_irb6640_gazebo:/home/ros2/dev_ws/install/ros2srrc_irb1600_moveit2:/home/ros2/dev_ws/install/ros2srrc_irb1600_gazebo:/home/ros2/dev_ws/install/ros2srrc_irb120_moveit2:/home/ros2/dev_ws/install/ros2srrc_irb120_gazebo:/home/ros2/dev_ws/install/ros2srrc_irb1200_moveit2:/home/ros2/dev_ws/install/ros2srrc_irb1200_gazebo:/home/ros2/dev_ws/install/ros2srrc_iiwa_moveit2:/home/ros2/dev_ws/install/ros2srrc_iiwa_gazebo:/home/ros2/dev_ws/install/ros2srrc_execution:/home/ros2/dev_ws/install/ros2srrc_endeffectors:/home/ros2/dev_ws/install/ros2srrc_data:/home/ros2/dev_ws/install/ros2_robotiqgripper:/home/ros2/dev_ws/install/ros2_objectpose:/home/ros2/dev_ws/install/ros2_linkpose:/home/ros2/dev_ws/install/ros2_linkattacher:/home/ros2/dev_ws/install/objectpose_msgs:/home/ros2/dev_ws/install/objectpose_gazebo:/home/ros2/dev_ws/install/linkpose_msgs:/home/ros2/dev_ws/install/linkpose_gazebo:/home/ros2/dev_ws/install/gazebo_ros2_control_demos:/home/ros2/dev_ws/install/gazebo_ros2_control:/home/ros2/dev_ws/install/abb_rws_client:/home/ros2/dev_ws/install/abb_ros2:/home/ros2/dev_ws/install/abb_robot_msgs:/home/ros2/dev_ws/install/abb_resources:/home/ros2/dev_ws/install/abb_rapid_sm_addin_msgs:/home/ros2/dev_ws/install/abb_rapid_msgs:/home/ros2/dev_ws/install/abb_hardware_interface:/home/ros2/dev_ws/install/abb_egm_rws_managers:/home/ros2/dev_ws/install/abb_librws:/home/ros2/dev_ws/install/abb_libegm:/home/ros2/dev_ws/install/abb_irb4600_support:/home/ros2/dev_ws/install/abb_irb1200_5_90_moveit_config:/home/ros2/dev_ws/install/abb_irb1200_support:/home/ros2/dev_ws/install/abb_egm_msgs:/home/ros2/dev_ws/install/abb_bringup:/opt/ros/humble LD_LIBRARY_PATH=/home/ros2/dev_ws/install/linkattacher_msgs/lib:/home/ros2/dev_ws/install/ros2srrc_data/lib:/home/ros2/dev_ws/install/ros2_robotiqgripper/lib:/home/ros2/dev_ws/install/ros2_objectpose/lib:/home/ros2/dev_ws/install/ros2_linkpose/lib:/home/ros2/dev_ws/install/ros2_linkattacher/lib:/home/ros2/dev_ws/install/objectpose_msgs/lib:/home/ros2/dev_ws/install/linkpose_msgs/lib:/home/ros2/dev_ws/install/gazebo_ros2_control/lib:/home/ros2/dev_ws/install/abb_robot_msgs/lib:/home/ros2/dev_ws/install/abb_rapid_sm_addin_msgs/lib:/home/ros2/dev_ws/install/abb_rapid_msgs/lib:/home/ros2/dev_ws/install/abb_hardware_interface/lib:/home/ros2/dev_ws/install/abb_egm_rws_managers/lib:/home/ros2/dev_ws/install/abb_librws/lib:/home/ros2/dev_ws/install/abb_libegm/lib:/home/ros2/dev_ws/install/abb_egm_msgs/lib:/usr/lib/x86_64-linux-gnu/gazebo-11/plugins:/opt/ros/humble/opt/rviz_ogre_vendor/lib:/opt/ros/humble/lib/x86_64-linux-gnu:/opt/ros/humble/lib /usr/bin/cmake --install /home/ros2/dev_ws/build/ros2_linkattacher
