[0.041s] Invoking command in '/home/ros2/dev_ws/build/abb_irb4600_support': CMAKE_PREFIX_PATH=/opt/ros/humble /usr/bin/cmake /home/ros2/dev_ws/src/ABBDriver/abb_ros2/robot_specific_config/abb_irb4600_support -DAMENT_CMAKE_SYMLINK_INSTALL=1 -DCMAKE_INSTALL_PREFIX=/home/ros2/dev_ws/install/abb_irb4600_support
[0.855s] -- The C compiler identification is GNU 11.4.0
[0.855s] -- The CXX compiler identification is GNU 11.4.0
[0.855s] -- Detecting C compiler ABI info
[0.855s] -- Detecting C compiler ABI info - done
[0.855s] -- Check for working C compiler: /usr/bin/cc - skipped
[0.855s] -- Detecting C compile features
[0.855s] -- Detecting C compile features - done
[0.855s] -- Detecting CXX compiler ABI info
[0.855s] -- Detecting CXX compiler ABI info - done
[0.856s] -- Check for working CXX compiler: /usr/bin/c++ - skipped
[0.856s] -- Detecting CXX compile features
[0.856s] -- Detecting CXX compile features - done
[0.856s] -- Found ament_cmake: 1.3.11 (/opt/ros/humble/share/ament_cmake/cmake)
[0.856s] -- Found Python3: /usr/bin/python3 (found version "3.10.12") found components: Interpreter 
[0.856s] -- Override CMake install command with custom implementation using symlinks instead of copying resources
[0.923s] -- Configuring done
[0.929s] -- Generating done
[0.934s] -- Build files have been written to: /home/ros2/dev_ws/build/abb_irb4600_support
[0.954s] Invoked command in '/home/ros2/dev_ws/build/abb_irb4600_support' returned '0': CMAKE_PREFIX_PATH=/opt/ros/humble /usr/bin/cmake /home/ros2/dev_ws/src/ABBDriver/abb_ros2/robot_specific_config/abb_irb4600_support -DAMENT_CMAKE_SYMLINK_INSTALL=1 -DCMAKE_INSTALL_PREFIX=/home/ros2/dev_ws/install/abb_irb4600_support
[0.960s] Invoking command in '/home/ros2/dev_ws/build/abb_irb4600_support': CMAKE_PREFIX_PATH=/opt/ros/humble /usr/bin/cmake --build /home/ros2/dev_ws/build/abb_irb4600_support -- -j16 -l16
[2.777s] Invoked command in '/home/ros2/dev_ws/build/abb_irb4600_support' returned '0': CMAKE_PREFIX_PATH=/opt/ros/humble /usr/bin/cmake --build /home/ros2/dev_ws/build/abb_irb4600_support -- -j16 -l16
[2.785s] Invoking command in '/home/ros2/dev_ws/build/abb_irb4600_support': CMAKE_PREFIX_PATH=/opt/ros/humble /usr/bin/cmake --install /home/ros2/dev_ws/build/abb_irb4600_support
[3.256s] -- Install configuration: ""
[3.257s] -- Execute custom install script
[3.257s] -- Symlinking: /home/ros2/dev_ws/install/abb_irb4600_support/share/ament_index/resource_index/package_run_dependencies/abb_irb4600_support
[3.257s] -- Symlinking: /home/ros2/dev_ws/install/abb_irb4600_support/share/ament_index/resource_index/parent_prefix_path/abb_irb4600_support
[3.257s] -- Symlinking: /home/ros2/dev_ws/install/abb_irb4600_support/share/abb_irb4600_support/environment/ament_prefix_path.sh
[3.257s] -- Symlinking: /home/ros2/dev_ws/install/abb_irb4600_support/share/abb_irb4600_support/environment/ament_prefix_path.dsv
[3.257s] -- Symlinking: /home/ros2/dev_ws/install/abb_irb4600_support/share/abb_irb4600_support/environment/path.sh
[3.257s] -- Symlinking: /home/ros2/dev_ws/install/abb_irb4600_support/share/abb_irb4600_support/environment/path.dsv
[3.257s] -- Symlinking: /home/ros2/dev_ws/install/abb_irb4600_support/share/abb_irb4600_support/local_setup.bash
[3.257s] -- Symlinking: /home/ros2/dev_ws/install/abb_irb4600_support/share/abb_irb4600_support/local_setup.sh
[3.257s] -- Symlinking: /home/ros2/dev_ws/install/abb_irb4600_support/share/abb_irb4600_support/local_setup.zsh
[3.257s] -- Symlinking: /home/ros2/dev_ws/install/abb_irb4600_support/share/abb_irb4600_support/local_setup.dsv
[3.257s] -- Symlinking: /home/ros2/dev_ws/install/abb_irb4600_support/share/abb_irb4600_support/package.dsv
[3.257s] -- Symlinking: /home/ros2/dev_ws/install/abb_irb4600_support/share/ament_index/resource_index/packages/abb_irb4600_support
[3.258s] -- Symlinking: /home/ros2/dev_ws/install/abb_irb4600_support/share/abb_irb4600_support/cmake/abb_irb4600_supportConfig.cmake
[3.258s] -- Symlinking: /home/ros2/dev_ws/install/abb_irb4600_support/share/abb_irb4600_support/cmake/abb_irb4600_supportConfig-version.cmake
[3.258s] -- Symlinking: /home/ros2/dev_ws/install/abb_irb4600_support/share/abb_irb4600_support/package.xml
[3.258s] -- Symlinking: /home/ros2/dev_ws/install/abb_irb4600_support/share/abb_irb4600_support/launch/view_robot.launch.py
[3.258s] -- Symlinking: /home/ros2/dev_ws/install/abb_irb4600_support/share/abb_irb4600_support/meshes/irb4600/collision/base_link.stl
[3.258s] -- Symlinking: /home/ros2/dev_ws/install/abb_irb4600_support/share/abb_irb4600_support/meshes/irb4600/collision/link_1.stl
[3.273s] -- Symlinking: /home/ros2/dev_ws/install/abb_irb4600_support/share/abb_irb4600_support/meshes/irb4600/visual/base_link.dae
[3.302s] -- Symlinking: /home/ros2/dev_ws/install/abb_irb4600_support/share/abb_irb4600_support/meshes/irb4600/visual/link_1.dae
[3.325s] -- Symlinking: /home/ros2/dev_ws/install/abb_irb4600_support/share/abb_irb4600_support/meshes/irb4600_20_250/collision/link_2.stl
[3.359s] -- Symlinking: /home/ros2/dev_ws/install/abb_irb4600_support/share/abb_irb4600_support/meshes/irb4600_20_250/collision/link_3.stl
[3.404s] -- Symlinking: /home/ros2/dev_ws/install/abb_irb4600_support/share/abb_irb4600_support/meshes/irb4600_20_250/collision/link_4.stl
[3.436s] -- Symlinking: /home/ros2/dev_ws/install/abb_irb4600_support/share/abb_irb4600_support/meshes/irb4600_20_250/collision/link_5.stl
[3.470s] -- Symlinking: /home/ros2/dev_ws/install/abb_irb4600_support/share/abb_irb4600_support/meshes/irb4600_20_250/collision/link_6.stl
[3.507s] -- Symlinking: /home/ros2/dev_ws/install/abb_irb4600_support/share/abb_irb4600_support/meshes/irb4600_20_250/visual/link_2.dae
[3.521s] -- Symlinking: /home/ros2/dev_ws/install/abb_irb4600_support/share/abb_irb4600_support/meshes/irb4600_20_250/visual/link_3.dae
[3.567s] -- Symlinking: /home/ros2/dev_ws/install/abb_irb4600_support/share/abb_irb4600_support/meshes/irb4600_20_250/visual/link_4.dae
[3.572s] -- Symlinking: /home/ros2/dev_ws/install/abb_irb4600_support/share/abb_irb4600_support/meshes/irb4600_20_250/visual/link_5.dae
[3.630s] -- Symlinking: /home/ros2/dev_ws/install/abb_irb4600_support/share/abb_irb4600_support/meshes/irb4600_20_250/visual/link_6.dae
[3.667s] -- Symlinking: /home/ros2/dev_ws/install/abb_irb4600_support/share/abb_irb4600_support/meshes/irb4600_40_255/collision/link_2.stl
[3.711s] -- Symlinking: /home/ros2/dev_ws/install/abb_irb4600_support/share/abb_irb4600_support/meshes/irb4600_40_255/collision/link_3.stl
[3.731s] -- Symlinking: /home/ros2/dev_ws/install/abb_irb4600_support/share/abb_irb4600_support/meshes/irb4600_40_255/collision/link_4.stl
[3.774s] -- Symlinking: /home/ros2/dev_ws/install/abb_irb4600_support/share/abb_irb4600_support/meshes/irb4600_40_255/collision/link_5.stl
[3.819s] -- Symlinking: /home/ros2/dev_ws/install/abb_irb4600_support/share/abb_irb4600_support/meshes/irb4600_40_255/collision/link_6.stl
[3.872s] -- Symlinking: /home/ros2/dev_ws/install/abb_irb4600_support/share/abb_irb4600_support/meshes/irb4600_40_255/visual/link_2.dae
[3.909s] -- Symlinking: /home/ros2/dev_ws/install/abb_irb4600_support/share/abb_irb4600_support/meshes/irb4600_40_255/visual/link_3.dae
[3.954s] -- Symlinking: /home/ros2/dev_ws/install/abb_irb4600_support/share/abb_irb4600_support/meshes/irb4600_40_255/visual/link_4.dae
[4.006s] -- Symlinking: /home/ros2/dev_ws/install/abb_irb4600_support/share/abb_irb4600_support/meshes/irb4600_40_255/visual/link_5.dae
[4.040s] -- Symlinking: /home/ros2/dev_ws/install/abb_irb4600_support/share/abb_irb4600_support/meshes/irb4600_40_255/visual/link_6.dae
[4.070s] -- Symlinking: /home/ros2/dev_ws/install/abb_irb4600_support/share/abb_irb4600_support/meshes/irb4600_60_205/collision/link_2.stl
[4.099s] -- Symlinking: /home/ros2/dev_ws/install/abb_irb4600_support/share/abb_irb4600_support/meshes/irb4600_60_205/collision/link_3.stl
[4.132s] -- Symlinking: /home/ros2/dev_ws/install/abb_irb4600_support/share/abb_irb4600_support/meshes/irb4600_60_205/collision/link_4.stl
[4.168s] -- Symlinking: /home/ros2/dev_ws/install/abb_irb4600_support/share/abb_irb4600_support/meshes/irb4600_60_205/collision/link_5.stl
[4.192s] -- Symlinking: /home/ros2/dev_ws/install/abb_irb4600_support/share/abb_irb4600_support/meshes/irb4600_60_205/collision/link_6.stl
[4.218s] -- Symlinking: /home/ros2/dev_ws/install/abb_irb4600_support/share/abb_irb4600_support/meshes/irb4600_60_205/visual/link_2.dae
[4.250s] -- Symlinking: /home/ros2/dev_ws/install/abb_irb4600_support/share/abb_irb4600_support/meshes/irb4600_60_205/visual/link_3.dae
[4.296s] -- Symlinking: /home/ros2/dev_ws/install/abb_irb4600_support/share/abb_irb4600_support/meshes/irb4600_60_205/visual/link_4.dae
[4.330s] -- Symlinking: /home/ros2/dev_ws/install/abb_irb4600_support/share/abb_irb4600_support/meshes/irb4600_60_205/visual/link_5.dae
[4.361s] -- Symlinking: /home/ros2/dev_ws/install/abb_irb4600_support/share/abb_irb4600_support/meshes/irb4600_60_205/visual/link_6.dae
[4.416s] -- Symlinking: /home/ros2/dev_ws/install/abb_irb4600_support/share/abb_irb4600_support/rviz/urdf_description.rviz
[4.442s] -- Symlinking: /home/ros2/dev_ws/install/abb_irb4600_support/share/abb_irb4600_support/urdf/irb4600.ros2_control.xacro
[4.486s] -- Symlinking: /home/ros2/dev_ws/install/abb_irb4600_support/share/abb_irb4600_support/urdf/irb4600_20_250.xacro
[4.525s] -- Symlinking: /home/ros2/dev_ws/install/abb_irb4600_support/share/abb_irb4600_support/urdf/irb4600_20_250_macro.xacro
[4.551s] -- Symlinking: /home/ros2/dev_ws/install/abb_irb4600_support/share/abb_irb4600_support/urdf/irb4600_40_255.xacro
[4.593s] -- Symlinking: /home/ros2/dev_ws/install/abb_irb4600_support/share/abb_irb4600_support/urdf/irb4600_40_255_macro.xacro
[4.625s] -- Symlinking: /home/ros2/dev_ws/install/abb_irb4600_support/share/abb_irb4600_support/urdf/irb4600_60_205.xacro
[4.664s] -- Symlinking: /home/ros2/dev_ws/install/abb_irb4600_support/share/abb_irb4600_support/urdf/irb4600_60_205_macro.xacro
[4.712s] Invoked command in '/home/ros2/dev_ws/build/abb_irb4600_support' returned '0': CMAKE_PREFIX_PATH=/opt/ros/humble /usr/bin/cmake --install /home/ros2/dev_ws/build/abb_irb4600_support
