[0.024s] Invoking command in '/home/ros2/dev_ws/build/ros2srrc_ur10e_gazebo': CMAKE_PREFIX_PATH=${CMAKE_PREFIX_PATH}:/opt/ros/humble /usr/bin/cmake /home/ros2/dev_ws/src/ros2_SimRealRobotControl/packages/ur10e/ros2srrc_ur10e_gazebo -DAMENT_CMAKE_SYMLINK_INSTALL=1 -DCMAKE_INSTALL_PREFIX=/home/ros2/dev_ws/install/ros2srrc_ur10e_gazebo
[1.864s] -- The C compiler identification is GNU 11.4.0
[1.865s] -- The CXX compiler identification is GNU 11.4.0
[1.865s] -- Detecting C compiler ABI info
[1.865s] -- Detecting C compiler ABI info - done
[1.865s] -- Check for working C compiler: /usr/bin/cc - skipped
[1.865s] -- Detecting C compile features
[1.865s] -- Detecting C compile features - done
[1.865s] -- Detecting CXX compiler ABI info
[1.865s] -- Detecting CXX compiler ABI info - done
[1.865s] -- Check for working CXX compiler: /usr/bin/c++ - skipped
[1.865s] -- Detecting CXX compile features
[1.865s] -- Detecting CXX compile features - done
[1.866s] -- Found ament_cmake: 1.3.11 (/opt/ros/humble/share/ament_cmake/cmake)
[1.866s] -- Found Python3: /usr/bin/python3 (found version "3.10.12") found components: Interpreter 
[1.932s] -- Override CMake install command with custom implementation using symlinks instead of copying resources
[2.054s] -- Found ament_lint_auto: 0.12.12 (/opt/ros/humble/share/ament_lint_auto/cmake)
[2.361s] -- Added test 'copyright' to check source files copyright and LICENSE
[2.366s] -- Added test 'lint_cmake' to check CMake code style
[2.371s] -- Added test 'xmllint' to check XML markup files
[2.383s] -- Configuring done
[2.383s] -- Generating done
[2.385s] -- Build files have been written to: /home/ros2/dev_ws/build/ros2srrc_ur10e_gazebo
[2.407s] Invoked command in '/home/ros2/dev_ws/build/ros2srrc_ur10e_gazebo' returned '0': CMAKE_PREFIX_PATH=${CMAKE_PREFIX_PATH}:/opt/ros/humble /usr/bin/cmake /home/ros2/dev_ws/src/ros2_SimRealRobotControl/packages/ur10e/ros2srrc_ur10e_gazebo -DAMENT_CMAKE_SYMLINK_INSTALL=1 -DCMAKE_INSTALL_PREFIX=/home/ros2/dev_ws/install/ros2srrc_ur10e_gazebo
[2.417s] Invoking command in '/home/ros2/dev_ws/build/ros2srrc_ur10e_gazebo': CMAKE_PREFIX_PATH=${CMAKE_PREFIX_PATH}:/opt/ros/humble /usr/bin/cmake --build /home/ros2/dev_ws/build/ros2srrc_ur10e_gazebo -- -j16 -l16
[2.870s] Invoked command in '/home/ros2/dev_ws/build/ros2srrc_ur10e_gazebo' returned '0': CMAKE_PREFIX_PATH=${CMAKE_PREFIX_PATH}:/opt/ros/humble /usr/bin/cmake --build /home/ros2/dev_ws/build/ros2srrc_ur10e_gazebo -- -j16 -l16
[2.871s] Invoking command in '/home/ros2/dev_ws/build/ros2srrc_ur10e_gazebo': CMAKE_PREFIX_PATH=${CMAKE_PREFIX_PATH}:/opt/ros/humble /usr/bin/cmake --install /home/ros2/dev_ws/build/ros2srrc_ur10e_gazebo
[3.661s] -- Install configuration: ""
[3.661s] -- Execute custom install script
[3.661s] -- Symlinking: /home/ros2/dev_ws/install/ros2srrc_ur10e_gazebo/share/ros2srrc_ur10e_gazebo/config/configurations.yaml
[3.661s] -- Symlinking: /home/ros2/dev_ws/install/ros2srrc_ur10e_gazebo/share/ros2srrc_ur10e_gazebo/urdf/ur10e.urdf.xacro
[3.661s] -- Symlinking: /home/ros2/dev_ws/install/ros2srrc_ur10e_gazebo/share/ros2srrc_ur10e_gazebo/urdf/ur10e_robotiq_2f85.urdf.xacro
[3.661s] -- Symlinking: /home/ros2/dev_ws/install/ros2srrc_ur10e_gazebo/share/ros2srrc_ur10e_gazebo/urdf/ur10e_robotiq_hande.urdf.xacro
[3.661s] -- Symlinking: /home/ros2/dev_ws/install/ros2srrc_ur10e_gazebo/share/ros2srrc_ur10e_gazebo/worlds/ros2srrc_ur10e.world
[3.662s] -- Symlinking: /home/ros2/dev_ws/install/ros2srrc_ur10e_gazebo/share/ament_index/resource_index/package_run_dependencies/ros2srrc_ur10e_gazebo
[3.662s] -- Symlinking: /home/ros2/dev_ws/install/ros2srrc_ur10e_gazebo/share/ament_index/resource_index/parent_prefix_path/ros2srrc_ur10e_gazebo
[3.662s] -- Symlinking: /home/ros2/dev_ws/install/ros2srrc_ur10e_gazebo/share/ros2srrc_ur10e_gazebo/environment/ament_prefix_path.sh
[3.662s] -- Symlinking: /home/ros2/dev_ws/install/ros2srrc_ur10e_gazebo/share/ros2srrc_ur10e_gazebo/environment/ament_prefix_path.dsv
[3.662s] -- Symlinking: /home/ros2/dev_ws/install/ros2srrc_ur10e_gazebo/share/ros2srrc_ur10e_gazebo/environment/path.sh
[3.662s] -- Symlinking: /home/ros2/dev_ws/install/ros2srrc_ur10e_gazebo/share/ros2srrc_ur10e_gazebo/environment/path.dsv
[3.662s] -- Symlinking: /home/ros2/dev_ws/install/ros2srrc_ur10e_gazebo/share/ros2srrc_ur10e_gazebo/local_setup.bash
[3.662s] -- Symlinking: /home/ros2/dev_ws/install/ros2srrc_ur10e_gazebo/share/ros2srrc_ur10e_gazebo/local_setup.sh
[3.662s] -- Symlinking: /home/ros2/dev_ws/install/ros2srrc_ur10e_gazebo/share/ros2srrc_ur10e_gazebo/local_setup.zsh
[3.676s] -- Symlinking: /home/ros2/dev_ws/install/ros2srrc_ur10e_gazebo/share/ros2srrc_ur10e_gazebo/local_setup.dsv
[3.677s] -- Symlinking: /home/ros2/dev_ws/install/ros2srrc_ur10e_gazebo/share/ros2srrc_ur10e_gazebo/package.dsv
[3.677s] -- Symlinking: /home/ros2/dev_ws/install/ros2srrc_ur10e_gazebo/share/ament_index/resource_index/packages/ros2srrc_ur10e_gazebo
[3.677s] -- Symlinking: /home/ros2/dev_ws/install/ros2srrc_ur10e_gazebo/share/ros2srrc_ur10e_gazebo/cmake/ros2srrc_ur10e_gazeboConfig.cmake
[3.677s] -- Symlinking: /home/ros2/dev_ws/install/ros2srrc_ur10e_gazebo/share/ros2srrc_ur10e_gazebo/cmake/ros2srrc_ur10e_gazeboConfig-version.cmake
[3.677s] -- Symlinking: /home/ros2/dev_ws/install/ros2srrc_ur10e_gazebo/share/ros2srrc_ur10e_gazebo/package.xml
[3.722s] Invoked command in '/home/ros2/dev_ws/build/ros2srrc_ur10e_gazebo' returned '0': CMAKE_PREFIX_PATH=${CMAKE_PREFIX_PATH}:/opt/ros/humble /usr/bin/cmake --install /home/ros2/dev_ws/build/ros2srrc_ur10e_gazebo
