[0.043s] Invoking command in '/home/ros2/dev_ws/build/linkattacher_msgs': CMAKE_PREFIX_PATH=/opt/ros/humble /usr/bin/cmake /home/ros2/dev_ws/src/IFRA_LinkAttacher/linkattacher_msgs -DAMENT_CMAKE_SYMLINK_INSTALL=1 -DCMAKE_INSTALL_PREFIX=/home/ros2/dev_ws/install/linkattacher_msgs
[0.108s] -- The C compiler identification is GNU 11.4.0
[0.188s] -- The CXX compiler identification is GNU 11.4.0
[0.194s] -- Detecting C compiler ABI info
[0.278s] -- Detecting C compiler ABI info - done
[0.286s] -- Check for working C compiler: /usr/bin/cc - skipped
[0.287s] -- Detecting C compile features
[0.287s] -- Detecting C compile features - done
[0.293s] -- Detecting CXX compiler ABI info
[0.390s] -- Detecting CXX compiler ABI info - done
[0.396s] -- Check for working CXX compiler: /usr/bin/c++ - skipped
[0.396s] -- Detecting CXX compile features
[0.397s] -- Detecting CXX compile features - done
[0.401s] -- Found ament_cmake: 1.3.11 (/opt/ros/humble/share/ament_cmake/cmake)
[0.612s] -- Found Python3: /usr/bin/python3 (found version "3.10.12") found components: Interpreter 
[0.696s] -- Override CMake install command with custom implementation using symlinks instead of copying resources
[0.719s] -- Found ament_lint_auto: 0.12.12 (/opt/ros/humble/share/ament_lint_auto/cmake)
[0.869s] -- Found rosidl_default_generators: 1.2.0 (/opt/ros/humble/share/rosidl_default_generators/cmake)
[0.880s] -- Using all available rosidl_typesupport_c: rosidl_typesupport_fastrtps_c;rosidl_typesupport_introspection_c
[0.898s] -- Found rosidl_adapter: 3.1.6 (/opt/ros/humble/share/rosidl_adapter/cmake)
[0.987s] -- Using all available rosidl_typesupport_cpp: rosidl_typesupport_fastrtps_cpp;rosidl_typesupport_introspection_cpp
[1.465s] -- Found ament_cmake_ros: 0.10.0 (/opt/ros/humble/share/ament_cmake_ros/cmake)
[1.818s] -- Using all available rosidl_typesupport_c: rosidl_typesupport_fastrtps_c;rosidl_typesupport_introspection_c
[2.327s] -- Using all available rosidl_typesupport_cpp: rosidl_typesupport_fastrtps_cpp;rosidl_typesupport_introspection_cpp
[2.397s] -- Found PythonInterp: /usr/bin/python3 (found suitable version "3.10.12", minimum required is "3.6") 
[2.402s] -- Found python_cmake_module: 0.10.0 (/opt/ros/humble/share/python_cmake_module/cmake)
[2.476s] -- Found PythonLibs: /usr/lib/x86_64-linux-gnu/libpython3.10.so (found suitable version "3.10.12", minimum required is "3.5") 
[2.476s] -- Using PYTHON_EXECUTABLE: /usr/bin/python3
[2.480s] -- Using PYTHON_INCLUDE_DIRS: /usr/include/python3.10
[2.480s] -- Using PYTHON_LIBRARIES: /usr/lib/x86_64-linux-gnu/libpython3.10.so
[2.536s] -- Found PythonExtra: .so  
[2.629s] -- Added test 'copyright' to check source files copyright and LICENSE
[2.630s] -- Added test 'lint_cmake' to check CMake code style
[2.630s] -- Added test 'xmllint' to check XML markup files
[2.643s] -- Configuring done
[2.715s] -- Generating done
[2.783s] -- Build files have been written to: /home/ros2/dev_ws/build/linkattacher_msgs
[2.796s] Invoked command in '/home/ros2/dev_ws/build/linkattacher_msgs' returned '0': CMAKE_PREFIX_PATH=/opt/ros/humble /usr/bin/cmake /home/ros2/dev_ws/src/IFRA_LinkAttacher/linkattacher_msgs -DAMENT_CMAKE_SYMLINK_INSTALL=1 -DCMAKE_INSTALL_PREFIX=/home/ros2/dev_ws/install/linkattacher_msgs
[2.796s] Invoking command in '/home/ros2/dev_ws/build/linkattacher_msgs': CMAKE_PREFIX_PATH=/opt/ros/humble /usr/bin/cmake --build /home/ros2/dev_ws/build/linkattacher_msgs -- -j16 -l16
[3.144s] [  2%] [34m[1mGenerating C code for ROS interfaces[0m
[3.145s] [  5%] [34m[1mGenerating C++ code for ROS interfaces[0m
[3.145s] [  5%] Built target ament_cmake_python_symlink_linkattacher_msgs
[3.538s] running egg_info
[3.538s] creating linkattacher_msgs.egg-info
[3.538s] writing linkattacher_msgs.egg-info/PKG-INFO
[3.538s] writing dependency_links to linkattacher_msgs.egg-info/dependency_links.txt
[3.538s] writing top-level names to linkattacher_msgs.egg-info/top_level.txt
[3.539s] writing manifest file 'linkattacher_msgs.egg-info/SOURCES.txt'
[3.539s] reading manifest file 'linkattacher_msgs.egg-info/SOURCES.txt'
[3.539s] writing manifest file 'linkattacher_msgs.egg-info/SOURCES.txt'
[3.671s] [  5%] Built target ament_cmake_python_build_linkattacher_msgs_egg
[4.752s] [  5%] Built target linkattacher_msgs__cpp
[4.767s] [  7%] [34m[1mGenerating C++ type support for eProsima Fast-RTPS[0m
[4.801s] [ 10%] [34m[1mGenerating C++ type support dispatch for ROS interfaces[0m
[4.809s] [ 12%] [34m[1mGenerating C++ introspection for ROS interfaces[0m
[4.909s] [ 15%] [32mBuilding C object CMakeFiles/linkattacher_msgs__rosidl_generator_c.dir/rosidl_generator_c/linkattacher_msgs/srv/detail/attach_link__functions.c.o[0m
[4.915s] [ 17%] [32mBuilding C object CMakeFiles/linkattacher_msgs__rosidl_generator_c.dir/rosidl_generator_c/linkattacher_msgs/srv/detail/detach_link__functions.c.o[0m
[5.113s] [ 20%] [32m[1mLinking C shared library liblinkattacher_msgs__rosidl_generator_c.so[0m
[5.240s] [ 20%] Built target linkattacher_msgs__rosidl_generator_c
[5.256s] [ 23%] [34m[1mGenerating C type support for eProsima Fast-RTPS[0m
[5.272s] [ 25%] [34m[1mGenerating C introspection for ROS interfaces[0m
[5.277s] [ 28%] [34m[1mGenerating C type support dispatch for ROS interfaces[0m
[6.155s] [ 30%] [32mBuilding CXX object CMakeFiles/linkattacher_msgs__rosidl_typesupport_introspection_cpp.dir/rosidl_typesupport_introspection_cpp/linkattacher_msgs/srv/detail/attach_link__type_support.cpp.o[0m
[6.159s] [ 33%] [32mBuilding CXX object CMakeFiles/linkattacher_msgs__rosidl_typesupport_introspection_cpp.dir/rosidl_typesupport_introspection_cpp/linkattacher_msgs/srv/detail/detach_link__type_support.cpp.o[0m
[6.307s] [ 35%] [32mBuilding CXX object CMakeFiles/linkattacher_msgs__rosidl_typesupport_cpp.dir/rosidl_typesupport_cpp/linkattacher_msgs/srv/attach_link__type_support.cpp.o[0m
[6.314s] [ 38%] [32mBuilding CXX object CMakeFiles/linkattacher_msgs__rosidl_typesupport_cpp.dir/rosidl_typesupport_cpp/linkattacher_msgs/srv/detach_link__type_support.cpp.o[0m
[6.869s] [ 41%] [32mBuilding CXX object CMakeFiles/linkattacher_msgs__rosidl_typesupport_fastrtps_cpp.dir/rosidl_typesupport_fastrtps_cpp/linkattacher_msgs/srv/detail/dds_fastrtps/attach_link__type_support.cpp.o[0m
[6.874s] [ 43%] [32mBuilding CXX object CMakeFiles/linkattacher_msgs__rosidl_typesupport_fastrtps_cpp.dir/rosidl_typesupport_fastrtps_cpp/linkattacher_msgs/srv/detail/dds_fastrtps/detach_link__type_support.cpp.o[0m
[6.916s] [ 46%] [32mBuilding CXX object CMakeFiles/linkattacher_msgs__rosidl_typesupport_c.dir/rosidl_typesupport_c/linkattacher_msgs/srv/detach_link__type_support.cpp.o[0m
[6.921s] [ 48%] [32mBuilding CXX object CMakeFiles/linkattacher_msgs__rosidl_typesupport_c.dir/rosidl_typesupport_c/linkattacher_msgs/srv/attach_link__type_support.cpp.o[0m
[7.032s] [ 51%] [32m[1mLinking CXX shared library liblinkattacher_msgs__rosidl_typesupport_c.so[0m
[7.106s] [ 53%] [32mBuilding C object CMakeFiles/linkattacher_msgs__rosidl_typesupport_introspection_c.dir/rosidl_typesupport_introspection_c/linkattacher_msgs/srv/detail/detach_link__type_support.c.o[0m
[7.123s] [ 56%] [32mBuilding C object CMakeFiles/linkattacher_msgs__rosidl_typesupport_introspection_c.dir/rosidl_typesupport_introspection_c/linkattacher_msgs/srv/detail/attach_link__type_support.c.o[0m
[7.168s] [ 58%] [32mBuilding CXX object CMakeFiles/linkattacher_msgs__rosidl_typesupport_fastrtps_c.dir/rosidl_typesupport_fastrtps_c/linkattacher_msgs/srv/detail/attach_link__type_support_c.cpp.o[0m
[7.171s] [ 61%] [32mBuilding CXX object CMakeFiles/linkattacher_msgs__rosidl_typesupport_fastrtps_c.dir/rosidl_typesupport_fastrtps_c/linkattacher_msgs/srv/detail/detach_link__type_support_c.cpp.o[0m
[7.194s] [ 61%] Built target linkattacher_msgs__rosidl_typesupport_c
[7.241s] [ 64%] [32m[1mLinking C shared library liblinkattacher_msgs__rosidl_typesupport_introspection_c.so[0m
[7.259s] [ 66%] [32m[1mLinking CXX shared library liblinkattacher_msgs__rosidl_typesupport_cpp.so[0m
[7.326s] [ 66%] Built target linkattacher_msgs__rosidl_typesupport_introspection_c
[7.403s] [ 66%] Built target linkattacher_msgs__rosidl_typesupport_cpp
[7.706s] [ 69%] [32m[1mLinking CXX shared library liblinkattacher_msgs__rosidl_typesupport_introspection_cpp.so[0m
[7.952s] [ 69%] Built target linkattacher_msgs__rosidl_typesupport_introspection_cpp
[8.201s] [ 71%] [32m[1mLinking CXX shared library liblinkattacher_msgs__rosidl_typesupport_fastrtps_c.so[0m
[8.271s] [ 74%] [32m[1mLinking CXX shared library liblinkattacher_msgs__rosidl_typesupport_fastrtps_cpp.so[0m
[8.450s] [ 74%] Built target linkattacher_msgs__rosidl_typesupport_fastrtps_c
[8.483s] [ 74%] Built target linkattacher_msgs__rosidl_typesupport_fastrtps_cpp
[8.548s] [ 74%] Built target linkattacher_msgs
[8.626s] [ 76%] [34m[1mGenerating Python code for ROS interfaces[0m
[10.254s] [ 76%] Built target linkattacher_msgs__py
[10.308s] [ 79%] [32mBuilding C object CMakeFiles/linkattacher_msgs__rosidl_generator_py.dir/rosidl_generator_py/linkattacher_msgs/srv/_attach_link_s.c.o[0m
[10.320s] [ 82%] [32mBuilding C object CMakeFiles/linkattacher_msgs__rosidl_generator_py.dir/rosidl_generator_py/linkattacher_msgs/srv/_detach_link_s.c.o[0m
[10.637s] [ 84%] [32m[1mLinking C shared library rosidl_generator_py/linkattacher_msgs/liblinkattacher_msgs__rosidl_generator_py.so[0m
[10.770s] [ 84%] Built target linkattacher_msgs__rosidl_generator_py
[10.822s] [ 87%] [32mBuilding C object CMakeFiles/linkattacher_msgs__rosidl_typesupport_introspection_c__pyext.dir/rosidl_generator_py/linkattacher_msgs/_linkattacher_msgs_s.ep.rosidl_typesupport_introspection_c.c.o[0m
[10.822s] [ 89%] [32mBuilding C object CMakeFiles/linkattacher_msgs__rosidl_typesupport_fastrtps_c__pyext.dir/rosidl_generator_py/linkattacher_msgs/_linkattacher_msgs_s.ep.rosidl_typesupport_fastrtps_c.c.o[0m
[10.833s] [ 92%] [32mBuilding C object CMakeFiles/linkattacher_msgs__rosidl_typesupport_c__pyext.dir/rosidl_generator_py/linkattacher_msgs/_linkattacher_msgs_s.ep.rosidl_typesupport_c.c.o[0m
[11.181s] [ 94%] [32m[1mLinking C shared library rosidl_generator_py/linkattacher_msgs/linkattacher_msgs_s__rosidl_typesupport_fastrtps_c.cpython-310-x86_64-linux-gnu.so[0m
[11.203s] [ 97%] [32m[1mLinking C shared library rosidl_generator_py/linkattacher_msgs/linkattacher_msgs_s__rosidl_typesupport_c.cpython-310-x86_64-linux-gnu.so[0m
[11.222s] [100%] [32m[1mLinking C shared library rosidl_generator_py/linkattacher_msgs/linkattacher_msgs_s__rosidl_typesupport_introspection_c.cpython-310-x86_64-linux-gnu.so[0m
[11.285s] [100%] Built target linkattacher_msgs__rosidl_typesupport_fastrtps_c__pyext
[11.319s] [100%] Built target linkattacher_msgs__rosidl_typesupport_introspection_c__pyext
[11.354s] [100%] Built target linkattacher_msgs__rosidl_typesupport_c__pyext
[11.437s] Invoked command in '/home/ros2/dev_ws/build/linkattacher_msgs' returned '0': CMAKE_PREFIX_PATH=/opt/ros/humble /usr/bin/cmake --build /home/ros2/dev_ws/build/linkattacher_msgs -- -j16 -l16
[11.438s] Invoking command in '/home/ros2/dev_ws/build/linkattacher_msgs': CMAKE_PREFIX_PATH=/opt/ros/humble /usr/bin/cmake --install /home/ros2/dev_ws/build/linkattacher_msgs
[12.401s] -- Install configuration: ""
[12.402s] -- Execute custom install script
[12.402s] -- Symlinking: /home/ros2/dev_ws/install/linkattacher_msgs/share/linkattacher_msgs/srv/AttachLink.srv
[12.408s] -- Symlinking: /home/ros2/dev_ws/install/linkattacher_msgs/share/linkattacher_msgs/srv/DetachLink.srv
[12.408s] -- Symlinking: /home/ros2/dev_ws/install/linkattacher_msgs/share/ament_index/resource_index/rosidl_interfaces/linkattacher_msgs
[12.409s] -- Symlinking: /home/ros2/dev_ws/install/linkattacher_msgs/include/linkattacher_msgs/linkattacher_msgs/msg/rosidl_generator_c__visibility_control.h
[12.409s] -- Symlinking: /home/ros2/dev_ws/install/linkattacher_msgs/include/linkattacher_msgs/linkattacher_msgs/srv/attach_link.h
[12.409s] -- Symlinking: /home/ros2/dev_ws/install/linkattacher_msgs/include/linkattacher_msgs/linkattacher_msgs/srv/detach_link.h
[12.409s] -- Symlinking: /home/ros2/dev_ws/install/linkattacher_msgs/include/linkattacher_msgs/linkattacher_msgs/srv/detail/attach_link__functions.h
[12.409s] -- Symlinking: /home/ros2/dev_ws/install/linkattacher_msgs/include/linkattacher_msgs/linkattacher_msgs/srv/detail/attach_link__struct.h
[12.409s] -- Symlinking: /home/ros2/dev_ws/install/linkattacher_msgs/include/linkattacher_msgs/linkattacher_msgs/srv/detail/attach_link__type_support.h
[12.409s] -- Symlinking: /home/ros2/dev_ws/install/linkattacher_msgs/include/linkattacher_msgs/linkattacher_msgs/srv/detail/detach_link__functions.h
[12.409s] -- Symlinking: /home/ros2/dev_ws/install/linkattacher_msgs/include/linkattacher_msgs/linkattacher_msgs/srv/detail/detach_link__struct.h
[12.409s] -- Symlinking: /home/ros2/dev_ws/install/linkattacher_msgs/include/linkattacher_msgs/linkattacher_msgs/srv/detail/detach_link__type_support.h
[12.409s] -- Symlinking: /home/ros2/dev_ws/install/linkattacher_msgs/share/linkattacher_msgs/environment/library_path.sh
[12.409s] -- Symlinking: /home/ros2/dev_ws/install/linkattacher_msgs/share/linkattacher_msgs/environment/library_path.dsv
[12.409s] -- Symlinking: /home/ros2/dev_ws/install/linkattacher_msgs/include/linkattacher_msgs/linkattacher_msgs/msg/rosidl_typesupport_fastrtps_c__visibility_control.h
[12.410s] -- Symlinking: /home/ros2/dev_ws/install/linkattacher_msgs/include/linkattacher_msgs/linkattacher_msgs/srv/detail/attach_link__rosidl_typesupport_fastrtps_c.h
[12.410s] -- Symlinking: /home/ros2/dev_ws/install/linkattacher_msgs/include/linkattacher_msgs/linkattacher_msgs/srv/detail/detach_link__rosidl_typesupport_fastrtps_c.h
[12.410s] -- Symlinking: /home/ros2/dev_ws/install/linkattacher_msgs/include/linkattacher_msgs/linkattacher_msgs/msg/rosidl_typesupport_introspection_c__visibility_control.h
[12.410s] -- Symlinking: /home/ros2/dev_ws/install/linkattacher_msgs/include/linkattacher_msgs/linkattacher_msgs/srv/detail/attach_link__rosidl_typesupport_introspection_c.h
[12.410s] -- Symlinking: /home/ros2/dev_ws/install/linkattacher_msgs/include/linkattacher_msgs/linkattacher_msgs/srv/detail/detach_link__rosidl_typesupport_introspection_c.h
[12.410s] -- Symlinking: /home/ros2/dev_ws/install/linkattacher_msgs/include/linkattacher_msgs/linkattacher_msgs/msg/rosidl_generator_cpp__visibility_control.hpp
[12.410s] -- Symlinking: /home/ros2/dev_ws/install/linkattacher_msgs/include/linkattacher_msgs/linkattacher_msgs/srv/attach_link.hpp
[12.410s] -- Symlinking: /home/ros2/dev_ws/install/linkattacher_msgs/include/linkattacher_msgs/linkattacher_msgs/srv/detach_link.hpp
[12.410s] -- Symlinking: /home/ros2/dev_ws/install/linkattacher_msgs/include/linkattacher_msgs/linkattacher_msgs/srv/detail/attach_link__builder.hpp
[12.410s] -- Symlinking: /home/ros2/dev_ws/install/linkattacher_msgs/include/linkattacher_msgs/linkattacher_msgs/srv/detail/attach_link__struct.hpp
[12.410s] -- Symlinking: /home/ros2/dev_ws/install/linkattacher_msgs/include/linkattacher_msgs/linkattacher_msgs/srv/detail/attach_link__traits.hpp
[12.410s] -- Symlinking: /home/ros2/dev_ws/install/linkattacher_msgs/include/linkattacher_msgs/linkattacher_msgs/srv/detail/attach_link__type_support.hpp
[12.411s] -- Symlinking: /home/ros2/dev_ws/install/linkattacher_msgs/include/linkattacher_msgs/linkattacher_msgs/srv/detail/detach_link__builder.hpp
[12.411s] -- Symlinking: /home/ros2/dev_ws/install/linkattacher_msgs/include/linkattacher_msgs/linkattacher_msgs/srv/detail/detach_link__struct.hpp
[12.411s] -- Symlinking: /home/ros2/dev_ws/install/linkattacher_msgs/include/linkattacher_msgs/linkattacher_msgs/srv/detail/detach_link__traits.hpp
[12.411s] -- Symlinking: /home/ros2/dev_ws/install/linkattacher_msgs/include/linkattacher_msgs/linkattacher_msgs/srv/detail/detach_link__type_support.hpp
[12.439s] -- Symlinking: /home/ros2/dev_ws/install/linkattacher_msgs/include/linkattacher_msgs/linkattacher_msgs/msg/rosidl_typesupport_fastrtps_cpp__visibility_control.h
[12.470s] -- Symlinking: /home/ros2/dev_ws/install/linkattacher_msgs/include/linkattacher_msgs/linkattacher_msgs/srv/detail/attach_link__rosidl_typesupport_fastrtps_cpp.hpp
[12.501s] -- Symlinking: /home/ros2/dev_ws/install/linkattacher_msgs/include/linkattacher_msgs/linkattacher_msgs/srv/detail/detach_link__rosidl_typesupport_fastrtps_cpp.hpp
[12.502s] -- Symlinking: /home/ros2/dev_ws/install/linkattacher_msgs/include/linkattacher_msgs/linkattacher_msgs/srv/detail/attach_link__rosidl_typesupport_introspection_cpp.hpp
[12.541s] -- Symlinking: /home/ros2/dev_ws/install/linkattacher_msgs/include/linkattacher_msgs/linkattacher_msgs/srv/detail/detach_link__rosidl_typesupport_introspection_cpp.hpp
[12.574s] -- Symlinking: /home/ros2/dev_ws/install/linkattacher_msgs/share/linkattacher_msgs/environment/pythonpath.sh
[12.613s] -- Symlinking: /home/ros2/dev_ws/install/linkattacher_msgs/share/linkattacher_msgs/environment/pythonpath.dsv
[12.669s] -- Symlinking: /home/ros2/dev_ws/install/linkattacher_msgs/local/lib/python3.10/dist-packages/linkattacher_msgs-0.0.0-py3.10.egg-info/PKG-INFO
[12.705s] -- Symlinking: /home/ros2/dev_ws/install/linkattacher_msgs/local/lib/python3.10/dist-packages/linkattacher_msgs-0.0.0-py3.10.egg-info/SOURCES.txt
[12.740s] -- Symlinking: /home/ros2/dev_ws/install/linkattacher_msgs/local/lib/python3.10/dist-packages/linkattacher_msgs-0.0.0-py3.10.egg-info/dependency_links.txt
[12.768s] -- Symlinking: /home/ros2/dev_ws/install/linkattacher_msgs/local/lib/python3.10/dist-packages/linkattacher_msgs-0.0.0-py3.10.egg-info/top_level.txt
[12.813s] -- Symlinking: /home/ros2/dev_ws/install/linkattacher_msgs/local/lib/python3.10/dist-packages/linkattacher_msgs/__init__.py
[12.846s] -- Symlinking: /home/ros2/dev_ws/install/linkattacher_msgs/local/lib/python3.10/dist-packages/linkattacher_msgs/_linkattacher_msgs_s.ep.rosidl_typesupport_c.c
[12.882s] -- Symlinking: /home/ros2/dev_ws/install/linkattacher_msgs/local/lib/python3.10/dist-packages/linkattacher_msgs/_linkattacher_msgs_s.ep.rosidl_typesupport_fastrtps_c.c
[12.923s] -- Symlinking: /home/ros2/dev_ws/install/linkattacher_msgs/local/lib/python3.10/dist-packages/linkattacher_msgs/_linkattacher_msgs_s.ep.rosidl_typesupport_introspection_c.c
[12.962s] -- Symlinking: /home/ros2/dev_ws/install/linkattacher_msgs/local/lib/python3.10/dist-packages/linkattacher_msgs/liblinkattacher_msgs__rosidl_generator_py.so
[12.998s] -- Symlinking: /home/ros2/dev_ws/install/linkattacher_msgs/local/lib/python3.10/dist-packages/linkattacher_msgs/linkattacher_msgs_s__rosidl_typesupport_c.cpython-310-x86_64-linux-gnu.so
[13.033s] -- Symlinking: /home/ros2/dev_ws/install/linkattacher_msgs/local/lib/python3.10/dist-packages/linkattacher_msgs/linkattacher_msgs_s__rosidl_typesupport_fastrtps_c.cpython-310-x86_64-linux-gnu.so
[13.075s] -- Symlinking: /home/ros2/dev_ws/install/linkattacher_msgs/local/lib/python3.10/dist-packages/linkattacher_msgs/linkattacher_msgs_s__rosidl_typesupport_introspection_c.cpython-310-x86_64-linux-gnu.so
[13.104s] -- Symlinking: /home/ros2/dev_ws/install/linkattacher_msgs/local/lib/python3.10/dist-packages/linkattacher_msgs/srv/__init__.py
[13.141s] -- Symlinking: /home/ros2/dev_ws/install/linkattacher_msgs/local/lib/python3.10/dist-packages/linkattacher_msgs/srv/_attach_link.py
[13.165s] -- Symlinking: /home/ros2/dev_ws/install/linkattacher_msgs/local/lib/python3.10/dist-packages/linkattacher_msgs/srv/_attach_link_s.c
[13.205s] -- Symlinking: /home/ros2/dev_ws/install/linkattacher_msgs/local/lib/python3.10/dist-packages/linkattacher_msgs/srv/_detach_link.py
[13.245s] -- Symlinking: /home/ros2/dev_ws/install/linkattacher_msgs/local/lib/python3.10/dist-packages/linkattacher_msgs/srv/_detach_link_s.c
[13.274s] -- Up-to-date symlink: /home/ros2/dev_ws/install/linkattacher_msgs/local/lib/python3.10/dist-packages/linkattacher_msgs/linkattacher_msgs_s__rosidl_typesupport_fastrtps_c.cpython-310-x86_64-linux-gnu.so
[13.274s] -- Up-to-date symlink: /home/ros2/dev_ws/install/linkattacher_msgs/local/lib/python3.10/dist-packages/linkattacher_msgs/linkattacher_msgs_s__rosidl_typesupport_introspection_c.cpython-310-x86_64-linux-gnu.so
[13.275s] -- Up-to-date symlink: /home/ros2/dev_ws/install/linkattacher_msgs/local/lib/python3.10/dist-packages/linkattacher_msgs/linkattacher_msgs_s__rosidl_typesupport_c.cpython-310-x86_64-linux-gnu.so
[13.275s] -- Symlinking: /home/ros2/dev_ws/install/linkattacher_msgs/share/linkattacher_msgs/srv/AttachLink.idl
[13.310s] -- Symlinking: /home/ros2/dev_ws/install/linkattacher_msgs/share/linkattacher_msgs/srv/DetachLink.idl
[13.342s] -- Up-to-date symlink: /home/ros2/dev_ws/install/linkattacher_msgs/share/linkattacher_msgs/srv/AttachLink.srv
[13.342s] -- Symlinking: /home/ros2/dev_ws/install/linkattacher_msgs/share/linkattacher_msgs/srv/AttachLink_Request.msg
[13.364s] -- Symlinking: /home/ros2/dev_ws/install/linkattacher_msgs/share/linkattacher_msgs/srv/AttachLink_Response.msg
[13.390s] -- Up-to-date symlink: /home/ros2/dev_ws/install/linkattacher_msgs/share/linkattacher_msgs/srv/DetachLink.srv
[13.390s] -- Symlinking: /home/ros2/dev_ws/install/linkattacher_msgs/share/linkattacher_msgs/srv/DetachLink_Request.msg
[13.421s] -- Symlinking: /home/ros2/dev_ws/install/linkattacher_msgs/share/linkattacher_msgs/srv/DetachLink_Response.msg
[13.448s] -- Symlinking: /home/ros2/dev_ws/install/linkattacher_msgs/share/ament_index/resource_index/package_run_dependencies/linkattacher_msgs
[13.473s] -- Symlinking: /home/ros2/dev_ws/install/linkattacher_msgs/share/ament_index/resource_index/parent_prefix_path/linkattacher_msgs
[13.543s] -- Symlinking: /home/ros2/dev_ws/install/linkattacher_msgs/share/linkattacher_msgs/environment/ament_prefix_path.sh
[13.589s] -- Symlinking: /home/ros2/dev_ws/install/linkattacher_msgs/share/linkattacher_msgs/environment/ament_prefix_path.dsv
[13.614s] -- Symlinking: /home/ros2/dev_ws/install/linkattacher_msgs/share/linkattacher_msgs/environment/path.sh
[13.645s] -- Symlinking: /home/ros2/dev_ws/install/linkattacher_msgs/share/linkattacher_msgs/environment/path.dsv
[13.669s] -- Symlinking: /home/ros2/dev_ws/install/linkattacher_msgs/share/linkattacher_msgs/local_setup.bash
[13.693s] -- Symlinking: /home/ros2/dev_ws/install/linkattacher_msgs/share/linkattacher_msgs/local_setup.sh
[13.742s] -- Symlinking: /home/ros2/dev_ws/install/linkattacher_msgs/share/linkattacher_msgs/local_setup.zsh
[13.775s] -- Symlinking: /home/ros2/dev_ws/install/linkattacher_msgs/share/linkattacher_msgs/local_setup.dsv
[13.801s] -- Symlinking: /home/ros2/dev_ws/install/linkattacher_msgs/share/linkattacher_msgs/package.dsv
[13.847s] -- Symlinking: /home/ros2/dev_ws/install/linkattacher_msgs/share/ament_index/resource_index/packages/linkattacher_msgs
[13.892s] -- Symlinking: /home/ros2/dev_ws/install/linkattacher_msgs/share/linkattacher_msgs/cmake/rosidl_cmake-extras.cmake
[13.943s] -- Symlinking: /home/ros2/dev_ws/install/linkattacher_msgs/share/linkattacher_msgs/cmake/ament_cmake_export_include_directories-extras.cmake
[13.997s] -- Symlinking: /home/ros2/dev_ws/install/linkattacher_msgs/share/linkattacher_msgs/cmake/ament_cmake_export_libraries-extras.cmake
[14.047s] -- Symlinking: /home/ros2/dev_ws/install/linkattacher_msgs/share/linkattacher_msgs/cmake/ament_cmake_export_targets-extras.cmake
[14.074s] -- Symlinking: /home/ros2/dev_ws/install/linkattacher_msgs/share/linkattacher_msgs/cmake/rosidl_cmake_export_typesupport_targets-extras.cmake
[14.106s] -- Symlinking: /home/ros2/dev_ws/install/linkattacher_msgs/share/linkattacher_msgs/cmake/ament_cmake_export_dependencies-extras.cmake
[14.167s] -- Symlinking: /home/ros2/dev_ws/install/linkattacher_msgs/share/linkattacher_msgs/cmake/rosidl_cmake_export_typesupport_libraries-extras.cmake
[14.257s] -- Symlinking: /home/ros2/dev_ws/install/linkattacher_msgs/share/linkattacher_msgs/cmake/linkattacher_msgsConfig.cmake
[14.288s] -- Symlinking: /home/ros2/dev_ws/install/linkattacher_msgs/share/linkattacher_msgs/cmake/linkattacher_msgsConfig-version.cmake
[14.328s] -- Symlinking: /home/ros2/dev_ws/install/linkattacher_msgs/share/linkattacher_msgs/package.xml
[14.372s] -- Installing: /home/ros2/dev_ws/install/linkattacher_msgs/lib/liblinkattacher_msgs__rosidl_generator_c.so
[14.372s] -- Set runtime path of "/home/ros2/dev_ws/install/linkattacher_msgs/lib/liblinkattacher_msgs__rosidl_generator_c.so" to ""
[14.372s] -- Installing: /home/ros2/dev_ws/install/linkattacher_msgs/lib/liblinkattacher_msgs__rosidl_typesupport_fastrtps_c.so
[14.372s] -- Set runtime path of "/home/ros2/dev_ws/install/linkattacher_msgs/lib/liblinkattacher_msgs__rosidl_typesupport_fastrtps_c.so" to ""
[14.372s] -- Installing: /home/ros2/dev_ws/install/linkattacher_msgs/lib/liblinkattacher_msgs__rosidl_typesupport_introspection_c.so
[14.372s] -- Set runtime path of "/home/ros2/dev_ws/install/linkattacher_msgs/lib/liblinkattacher_msgs__rosidl_typesupport_introspection_c.so" to ""
[14.373s] -- Installing: /home/ros2/dev_ws/install/linkattacher_msgs/lib/liblinkattacher_msgs__rosidl_typesupport_c.so
[14.373s] -- Set runtime path of "/home/ros2/dev_ws/install/linkattacher_msgs/lib/liblinkattacher_msgs__rosidl_typesupport_c.so" to ""
[14.373s] -- Installing: /home/ros2/dev_ws/install/linkattacher_msgs/lib/liblinkattacher_msgs__rosidl_typesupport_fastrtps_cpp.so
[14.373s] -- Set runtime path of "/home/ros2/dev_ws/install/linkattacher_msgs/lib/liblinkattacher_msgs__rosidl_typesupport_fastrtps_cpp.so" to ""
[14.373s] -- Installing: /home/ros2/dev_ws/install/linkattacher_msgs/lib/liblinkattacher_msgs__rosidl_typesupport_introspection_cpp.so
[14.381s] -- Set runtime path of "/home/ros2/dev_ws/install/linkattacher_msgs/lib/liblinkattacher_msgs__rosidl_typesupport_introspection_cpp.so" to ""
[14.381s] -- Installing: /home/ros2/dev_ws/install/linkattacher_msgs/lib/liblinkattacher_msgs__rosidl_typesupport_cpp.so
[14.381s] -- Set runtime path of "/home/ros2/dev_ws/install/linkattacher_msgs/lib/liblinkattacher_msgs__rosidl_typesupport_cpp.so" to ""
[14.545s] Listing '/home/ros2/dev_ws/install/linkattacher_msgs/local/lib/python3.10/dist-packages/linkattacher_msgs'...
[14.545s] Compiling '/home/ros2/dev_ws/install/linkattacher_msgs/local/lib/python3.10/dist-packages/linkattacher_msgs/__init__.py'...
[14.545s] Listing '/home/ros2/dev_ws/install/linkattacher_msgs/local/lib/python3.10/dist-packages/linkattacher_msgs/srv'...
[14.545s] Compiling '/home/ros2/dev_ws/install/linkattacher_msgs/local/lib/python3.10/dist-packages/linkattacher_msgs/srv/__init__.py'...
[14.546s] Compiling '/home/ros2/dev_ws/install/linkattacher_msgs/local/lib/python3.10/dist-packages/linkattacher_msgs/srv/_attach_link.py'...
[14.546s] Compiling '/home/ros2/dev_ws/install/linkattacher_msgs/local/lib/python3.10/dist-packages/linkattacher_msgs/srv/_detach_link.py'...
[14.581s] -- Installing: /home/ros2/dev_ws/install/linkattacher_msgs/lib/liblinkattacher_msgs__rosidl_generator_py.so
[14.581s] -- Set runtime path of "/home/ros2/dev_ws/install/linkattacher_msgs/lib/liblinkattacher_msgs__rosidl_generator_py.so" to ""
[14.581s] -- Installing: /home/ros2/dev_ws/install/linkattacher_msgs/share/linkattacher_msgs/cmake/export_linkattacher_msgs__rosidl_generator_cExport.cmake
[14.581s] -- Installing: /home/ros2/dev_ws/install/linkattacher_msgs/share/linkattacher_msgs/cmake/export_linkattacher_msgs__rosidl_generator_cExport-noconfig.cmake
[14.582s] -- Installing: /home/ros2/dev_ws/install/linkattacher_msgs/share/linkattacher_msgs/cmake/export_linkattacher_msgs__rosidl_typesupport_fastrtps_cExport.cmake
[14.582s] -- Installing: /home/ros2/dev_ws/install/linkattacher_msgs/share/linkattacher_msgs/cmake/export_linkattacher_msgs__rosidl_typesupport_fastrtps_cExport-noconfig.cmake
[14.582s] -- Installing: /home/ros2/dev_ws/install/linkattacher_msgs/share/linkattacher_msgs/cmake/linkattacher_msgs__rosidl_typesupport_introspection_cExport.cmake
[14.582s] -- Installing: /home/ros2/dev_ws/install/linkattacher_msgs/share/linkattacher_msgs/cmake/linkattacher_msgs__rosidl_typesupport_introspection_cExport-noconfig.cmake
[14.582s] -- Installing: /home/ros2/dev_ws/install/linkattacher_msgs/share/linkattacher_msgs/cmake/linkattacher_msgs__rosidl_typesupport_cExport.cmake
[14.590s] -- Installing: /home/ros2/dev_ws/install/linkattacher_msgs/share/linkattacher_msgs/cmake/linkattacher_msgs__rosidl_typesupport_cExport-noconfig.cmake
[14.590s] -- Installing: /home/ros2/dev_ws/install/linkattacher_msgs/share/linkattacher_msgs/cmake/export_linkattacher_msgs__rosidl_generator_cppExport.cmake
[14.590s] -- Installing: /home/ros2/dev_ws/install/linkattacher_msgs/share/linkattacher_msgs/cmake/export_linkattacher_msgs__rosidl_typesupport_fastrtps_cppExport.cmake
[14.590s] -- Installing: /home/ros2/dev_ws/install/linkattacher_msgs/share/linkattacher_msgs/cmake/export_linkattacher_msgs__rosidl_typesupport_fastrtps_cppExport-noconfig.cmake
[14.591s] -- Installing: /home/ros2/dev_ws/install/linkattacher_msgs/share/linkattacher_msgs/cmake/linkattacher_msgs__rosidl_typesupport_introspection_cppExport.cmake
[14.591s] -- Installing: /home/ros2/dev_ws/install/linkattacher_msgs/share/linkattacher_msgs/cmake/linkattacher_msgs__rosidl_typesupport_introspection_cppExport-noconfig.cmake
[14.591s] -- Installing: /home/ros2/dev_ws/install/linkattacher_msgs/share/linkattacher_msgs/cmake/linkattacher_msgs__rosidl_typesupport_cppExport.cmake
[14.591s] -- Installing: /home/ros2/dev_ws/install/linkattacher_msgs/share/linkattacher_msgs/cmake/linkattacher_msgs__rosidl_typesupport_cppExport-noconfig.cmake
[14.591s] -- Installing: /home/ros2/dev_ws/install/linkattacher_msgs/share/linkattacher_msgs/cmake/export_linkattacher_msgs__rosidl_generator_pyExport.cmake
[14.591s] -- Installing: /home/ros2/dev_ws/install/linkattacher_msgs/share/linkattacher_msgs/cmake/export_linkattacher_msgs__rosidl_generator_pyExport-noconfig.cmake
[15.063s] Invoked command in '/home/ros2/dev_ws/build/linkattacher_msgs' returned '0': CMAKE_PREFIX_PATH=/opt/ros/humble /usr/bin/cmake --install /home/ros2/dev_ws/build/linkattacher_msgs
