[0.041s] Invoking command in '/home/ros2/dev_ws/build/abb_rapid_sm_addin_msgs': CMAKE_PREFIX_PATH=/home/ros2/dev_ws/install/abb_rapid_msgs:/home/ros2/dev_ws/install/my_package:/home/ros2/dev_ws/install/ros2srrc_ur5e_moveit2:/home/ros2/dev_ws/install/ros2srrc_ur5e_gazebo:/home/ros2/dev_ws/install/ros2srrc_ur5_moveit2:/home/ros2/dev_ws/install/ros2srrc_ur5_gazebo:/home/ros2/dev_ws/install/ros2srrc_ur3e_moveit2:/home/ros2/dev_ws/install/ros2srrc_ur3e_gazebo:/home/ros2/dev_ws/install/ros2srrc_ur3_moveit2:/home/ros2/dev_ws/install/ros2srrc_ur3_gazebo:/home/ros2/dev_ws/install/ros2srrc_ur20_moveit2:/home/ros2/dev_ws/install/ros2srrc_ur20_gazebo:/home/ros2/dev_ws/install/ros2srrc_ur16e_moveit2:/home/ros2/dev_ws/install/ros2srrc_ur16e_gazebo:/home/ros2/dev_ws/install/ros2srrc_ur10e_moveit2:/home/ros2/dev_ws/install/ros2srrc_ur10e_gazebo:/home/ros2/dev_ws/install/ros2srrc_ur10_moveit2:/home/ros2/dev_ws/install/ros2srrc_ur10_gazebo:/home/ros2/dev_ws/install/ros2srrc_rx160_moveit2:/home/ros2/dev_ws/install/ros2srrc_rx160_gazebo:/home/ros2/dev_ws/install/ros2srrc_robots:/home/ros2/dev_ws/install/ros2srrc_launch:/home/ros2/dev_ws/install/ros2srrc_irb6640_moveit2:/home/ros2/dev_ws/install/ros2srrc_irb6640_gazebo:/home/ros2/dev_ws/install/ros2srrc_irb1600_moveit2:/home/ros2/dev_ws/install/ros2srrc_irb1600_gazebo:/home/ros2/dev_ws/install/ros2srrc_irb120_moveit2:/home/ros2/dev_ws/install/ros2srrc_irb120_gazebo:/home/ros2/dev_ws/install/ros2srrc_irb1200_moveit2:/home/ros2/dev_ws/install/ros2srrc_irb1200_gazebo:/home/ros2/dev_ws/install/ros2srrc_iiwa_moveit2:/home/ros2/dev_ws/install/ros2srrc_iiwa_gazebo:/home/ros2/dev_ws/install/ros2srrc_execution:/home/ros2/dev_ws/install/ros2srrc_endeffectors:/home/ros2/dev_ws/install/ros2srrc_data:/home/ros2/dev_ws/install/ros2_robotiqgripper:/home/ros2/dev_ws/install/ros2_objectpose:/home/ros2/dev_ws/install/ros2_linkpose:/home/ros2/dev_ws/install/ros2_linkattacher:/home/ros2/dev_ws/install/objectpose_msgs:/home/ros2/dev_ws/install/objectpose_gazebo:/home/ros2/dev_ws/install/linkpose_msgs:/home/ros2/dev_ws/install/linkpose_gazebo:/home/ros2/dev_ws/install/linkattacher_msgs:/home/ros2/dev_ws/install/gazebo_ros2_control_demos:/home/ros2/dev_ws/install/gazebo_ros2_control:/home/ros2/dev_ws/install/abb_rws_client:/home/ros2/dev_ws/install/abb_ros2:/home/ros2/dev_ws/install/abb_robot_msgs:/home/ros2/dev_ws/install/abb_resources:/home/ros2/dev_ws/install/abb_rapid_sm_addin_msgs:/home/ros2/dev_ws/install/abb_hardware_interface:/home/ros2/dev_ws/install/abb_egm_rws_managers:/home/ros2/dev_ws/install/abb_librws:/home/ros2/dev_ws/install/abb_libegm:/home/ros2/dev_ws/install/abb_irb4600_support:/home/ros2/dev_ws/install/abb_irb1200_5_90_moveit_config:/home/ros2/dev_ws/install/abb_irb1200_support:/home/ros2/dev_ws/install/abb_egm_msgs:/home/ros2/dev_ws/install/abb_bringup:/opt/ros/humble LD_LIBRARY_PATH=/home/ros2/dev_ws/install/abb_rapid_msgs/lib:/home/ros2/dev_ws/install/ros2srrc_data/lib:/home/ros2/dev_ws/install/ros2_robotiqgripper/lib:/home/ros2/dev_ws/install/ros2_objectpose/lib:/home/ros2/dev_ws/install/ros2_linkpose/lib:/home/ros2/dev_ws/install/ros2_linkattacher/lib:/home/ros2/dev_ws/install/objectpose_msgs/lib:/home/ros2/dev_ws/install/linkpose_msgs/lib:/home/ros2/dev_ws/install/linkattacher_msgs/lib:/home/ros2/dev_ws/install/gazebo_ros2_control/lib:/home/ros2/dev_ws/install/abb_robot_msgs/lib:/home/ros2/dev_ws/install/abb_rapid_sm_addin_msgs/lib:/home/ros2/dev_ws/install/abb_hardware_interface/lib:/home/ros2/dev_ws/install/abb_egm_rws_managers/lib:/home/ros2/dev_ws/install/abb_librws/lib:/home/ros2/dev_ws/install/abb_libegm/lib:/home/ros2/dev_ws/install/abb_egm_msgs/lib:/usr/lib/x86_64-linux-gnu/gazebo-11/plugins:/opt/ros/humble/opt/rviz_ogre_vendor/lib:/opt/ros/humble/lib/x86_64-linux-gnu:/opt/ros/humble/lib /usr/bin/cmake /home/ros2/dev_ws/src/ABBDriver/abb_ros2_msgs/abb_rapid_sm_addin_msgs -DAMENT_CMAKE_SYMLINK_INSTALL=1 -DCMAKE_INSTALL_PREFIX=/home/ros2/dev_ws/install/abb_rapid_sm_addin_msgs
[0.109s] -- The C compiler identification is GNU 11.4.0
[0.178s] -- The CXX compiler identification is GNU 11.4.0
[0.189s] -- Detecting C compiler ABI info
[0.303s] -- Detecting C compiler ABI info - done
[0.317s] -- Check for working C compiler: /usr/bin/cc - skipped
[0.317s] -- Detecting C compile features
[0.318s] -- Detecting C compile features - done
[0.324s] -- Detecting CXX compiler ABI info
[0.458s] -- Detecting CXX compiler ABI info - done
[0.466s] -- Check for working CXX compiler: /usr/bin/c++ - skipped
[0.467s] -- Detecting CXX compile features
[0.467s] -- Detecting CXX compile features - done
[0.472s] -- Found ament_cmake: 1.3.11 (/opt/ros/humble/share/ament_cmake/cmake)
[0.719s] -- Found Python3: /usr/bin/python3 (found version "3.10.12") found components: Interpreter 
[0.835s] -- Override CMake install command with custom implementation using symlinks instead of copying resources
[0.928s] -- Found rosidl_default_generators: 1.2.0 (/opt/ros/humble/share/rosidl_default_generators/cmake)
[0.948s] -- Using all available rosidl_typesupport_c: rosidl_typesupport_fastrtps_c;rosidl_typesupport_introspection_c
[0.970s] -- Found rosidl_adapter: 3.1.6 (/opt/ros/humble/share/rosidl_adapter/cmake)
[1.055s] -- Using all available rosidl_typesupport_cpp: rosidl_typesupport_fastrtps_cpp;rosidl_typesupport_introspection_cpp
[1.109s] -- Found abb_rapid_msgs: 1.0.0 (/home/ros2/dev_ws/install/abb_rapid_msgs/share/abb_rapid_msgs/cmake)
[1.124s] -- Found std_msgs: 4.9.0 (/opt/ros/humble/share/std_msgs/cmake)
[1.709s] -- Found ament_cmake_cppcheck: 0.12.12 (/opt/ros/humble/share/ament_cmake_cppcheck/cmake)
[1.719s] -- Found ament_cmake_cpplint: 0.12.12 (/opt/ros/humble/share/ament_cmake_cpplint/cmake)
[1.726s] -- Found ament_cmake_uncrustify: 0.12.12 (/opt/ros/humble/share/ament_cmake_uncrustify/cmake)
[1.736s] -- Found ament_cmake_ros: 0.10.0 (/opt/ros/humble/share/ament_cmake_ros/cmake)
[2.123s] -- Using all available rosidl_typesupport_c: rosidl_typesupport_fastrtps_c;rosidl_typesupport_introspection_c
[2.600s] -- Using all available rosidl_typesupport_cpp: rosidl_typesupport_fastrtps_cpp;rosidl_typesupport_introspection_cpp
[2.634s] -- Found PythonInterp: /usr/bin/python3 (found suitable version "3.10.12", minimum required is "3.6") 
[2.639s] -- Found python_cmake_module: 0.10.0 (/opt/ros/humble/share/python_cmake_module/cmake)
[2.681s] -- Found PythonLibs: /usr/lib/x86_64-linux-gnu/libpython3.10.so (found suitable version "3.10.12", minimum required is "3.5") 
[2.681s] -- Using PYTHON_EXECUTABLE: /usr/bin/python3
[2.681s] -- Using PYTHON_INCLUDE_DIRS: /usr/include/python3.10
[2.681s] -- Using PYTHON_LIBRARIES: /usr/lib/x86_64-linux-gnu/libpython3.10.so
[2.716s] -- Found PythonExtra: .so  
[2.862s] -- Found ament_cmake_flake8: 0.12.12 (/opt/ros/humble/share/ament_cmake_flake8/cmake)
[2.867s] -- Found ament_cmake_pep257: 0.12.12 (/opt/ros/humble/share/ament_cmake_pep257/cmake)
[2.882s] -- Configuring done
[2.946s] -- Generating done
[2.963s] -- Build files have been written to: /home/ros2/dev_ws/build/abb_rapid_sm_addin_msgs
[2.988s] Invoked command in '/home/ros2/dev_ws/build/abb_rapid_sm_addin_msgs' returned '0': CMAKE_PREFIX_PATH=/home/ros2/dev_ws/install/abb_rapid_msgs:/home/ros2/dev_ws/install/my_package:/home/ros2/dev_ws/install/ros2srrc_ur5e_moveit2:/home/ros2/dev_ws/install/ros2srrc_ur5e_gazebo:/home/ros2/dev_ws/install/ros2srrc_ur5_moveit2:/home/ros2/dev_ws/install/ros2srrc_ur5_gazebo:/home/ros2/dev_ws/install/ros2srrc_ur3e_moveit2:/home/ros2/dev_ws/install/ros2srrc_ur3e_gazebo:/home/ros2/dev_ws/install/ros2srrc_ur3_moveit2:/home/ros2/dev_ws/install/ros2srrc_ur3_gazebo:/home/ros2/dev_ws/install/ros2srrc_ur20_moveit2:/home/ros2/dev_ws/install/ros2srrc_ur20_gazebo:/home/ros2/dev_ws/install/ros2srrc_ur16e_moveit2:/home/ros2/dev_ws/install/ros2srrc_ur16e_gazebo:/home/ros2/dev_ws/install/ros2srrc_ur10e_moveit2:/home/ros2/dev_ws/install/ros2srrc_ur10e_gazebo:/home/ros2/dev_ws/install/ros2srrc_ur10_moveit2:/home/ros2/dev_ws/install/ros2srrc_ur10_gazebo:/home/ros2/dev_ws/install/ros2srrc_rx160_moveit2:/home/ros2/dev_ws/install/ros2srrc_rx160_gazebo:/home/ros2/dev_ws/install/ros2srrc_robots:/home/ros2/dev_ws/install/ros2srrc_launch:/home/ros2/dev_ws/install/ros2srrc_irb6640_moveit2:/home/ros2/dev_ws/install/ros2srrc_irb6640_gazebo:/home/ros2/dev_ws/install/ros2srrc_irb1600_moveit2:/home/ros2/dev_ws/install/ros2srrc_irb1600_gazebo:/home/ros2/dev_ws/install/ros2srrc_irb120_moveit2:/home/ros2/dev_ws/install/ros2srrc_irb120_gazebo:/home/ros2/dev_ws/install/ros2srrc_irb1200_moveit2:/home/ros2/dev_ws/install/ros2srrc_irb1200_gazebo:/home/ros2/dev_ws/install/ros2srrc_iiwa_moveit2:/home/ros2/dev_ws/install/ros2srrc_iiwa_gazebo:/home/ros2/dev_ws/install/ros2srrc_execution:/home/ros2/dev_ws/install/ros2srrc_endeffectors:/home/ros2/dev_ws/install/ros2srrc_data:/home/ros2/dev_ws/install/ros2_robotiqgripper:/home/ros2/dev_ws/install/ros2_objectpose:/home/ros2/dev_ws/install/ros2_linkpose:/home/ros2/dev_ws/install/ros2_linkattacher:/home/ros2/dev_ws/install/objectpose_msgs:/home/ros2/dev_ws/install/objectpose_gazebo:/home/ros2/dev_ws/install/linkpose_msgs:/home/ros2/dev_ws/install/linkpose_gazebo:/home/ros2/dev_ws/install/linkattacher_msgs:/home/ros2/dev_ws/install/gazebo_ros2_control_demos:/home/ros2/dev_ws/install/gazebo_ros2_control:/home/ros2/dev_ws/install/abb_rws_client:/home/ros2/dev_ws/install/abb_ros2:/home/ros2/dev_ws/install/abb_robot_msgs:/home/ros2/dev_ws/install/abb_resources:/home/ros2/dev_ws/install/abb_rapid_sm_addin_msgs:/home/ros2/dev_ws/install/abb_hardware_interface:/home/ros2/dev_ws/install/abb_egm_rws_managers:/home/ros2/dev_ws/install/abb_librws:/home/ros2/dev_ws/install/abb_libegm:/home/ros2/dev_ws/install/abb_irb4600_support:/home/ros2/dev_ws/install/abb_irb1200_5_90_moveit_config:/home/ros2/dev_ws/install/abb_irb1200_support:/home/ros2/dev_ws/install/abb_egm_msgs:/home/ros2/dev_ws/install/abb_bringup:/opt/ros/humble LD_LIBRARY_PATH=/home/ros2/dev_ws/install/abb_rapid_msgs/lib:/home/ros2/dev_ws/install/ros2srrc_data/lib:/home/ros2/dev_ws/install/ros2_robotiqgripper/lib:/home/ros2/dev_ws/install/ros2_objectpose/lib:/home/ros2/dev_ws/install/ros2_linkpose/lib:/home/ros2/dev_ws/install/ros2_linkattacher/lib:/home/ros2/dev_ws/install/objectpose_msgs/lib:/home/ros2/dev_ws/install/linkpose_msgs/lib:/home/ros2/dev_ws/install/linkattacher_msgs/lib:/home/ros2/dev_ws/install/gazebo_ros2_control/lib:/home/ros2/dev_ws/install/abb_robot_msgs/lib:/home/ros2/dev_ws/install/abb_rapid_sm_addin_msgs/lib:/home/ros2/dev_ws/install/abb_hardware_interface/lib:/home/ros2/dev_ws/install/abb_egm_rws_managers/lib:/home/ros2/dev_ws/install/abb_librws/lib:/home/ros2/dev_ws/install/abb_libegm/lib:/home/ros2/dev_ws/install/abb_egm_msgs/lib:/usr/lib/x86_64-linux-gnu/gazebo-11/plugins:/opt/ros/humble/opt/rviz_ogre_vendor/lib:/opt/ros/humble/lib/x86_64-linux-gnu:/opt/ros/humble/lib /usr/bin/cmake /home/ros2/dev_ws/src/ABBDriver/abb_ros2_msgs/abb_rapid_sm_addin_msgs -DAMENT_CMAKE_SYMLINK_INSTALL=1 -DCMAKE_INSTALL_PREFIX=/home/ros2/dev_ws/install/abb_rapid_sm_addin_msgs
[2.990s] Invoking command in '/home/ros2/dev_ws/build/abb_rapid_sm_addin_msgs': CMAKE_PREFIX_PATH=/home/ros2/dev_ws/install/abb_rapid_msgs:/home/ros2/dev_ws/install/my_package:/home/ros2/dev_ws/install/ros2srrc_ur5e_moveit2:/home/ros2/dev_ws/install/ros2srrc_ur5e_gazebo:/home/ros2/dev_ws/install/ros2srrc_ur5_moveit2:/home/ros2/dev_ws/install/ros2srrc_ur5_gazebo:/home/ros2/dev_ws/install/ros2srrc_ur3e_moveit2:/home/ros2/dev_ws/install/ros2srrc_ur3e_gazebo:/home/ros2/dev_ws/install/ros2srrc_ur3_moveit2:/home/ros2/dev_ws/install/ros2srrc_ur3_gazebo:/home/ros2/dev_ws/install/ros2srrc_ur20_moveit2:/home/ros2/dev_ws/install/ros2srrc_ur20_gazebo:/home/ros2/dev_ws/install/ros2srrc_ur16e_moveit2:/home/ros2/dev_ws/install/ros2srrc_ur16e_gazebo:/home/ros2/dev_ws/install/ros2srrc_ur10e_moveit2:/home/ros2/dev_ws/install/ros2srrc_ur10e_gazebo:/home/ros2/dev_ws/install/ros2srrc_ur10_moveit2:/home/ros2/dev_ws/install/ros2srrc_ur10_gazebo:/home/ros2/dev_ws/install/ros2srrc_rx160_moveit2:/home/ros2/dev_ws/install/ros2srrc_rx160_gazebo:/home/ros2/dev_ws/install/ros2srrc_robots:/home/ros2/dev_ws/install/ros2srrc_launch:/home/ros2/dev_ws/install/ros2srrc_irb6640_moveit2:/home/ros2/dev_ws/install/ros2srrc_irb6640_gazebo:/home/ros2/dev_ws/install/ros2srrc_irb1600_moveit2:/home/ros2/dev_ws/install/ros2srrc_irb1600_gazebo:/home/ros2/dev_ws/install/ros2srrc_irb120_moveit2:/home/ros2/dev_ws/install/ros2srrc_irb120_gazebo:/home/ros2/dev_ws/install/ros2srrc_irb1200_moveit2:/home/ros2/dev_ws/install/ros2srrc_irb1200_gazebo:/home/ros2/dev_ws/install/ros2srrc_iiwa_moveit2:/home/ros2/dev_ws/install/ros2srrc_iiwa_gazebo:/home/ros2/dev_ws/install/ros2srrc_execution:/home/ros2/dev_ws/install/ros2srrc_endeffectors:/home/ros2/dev_ws/install/ros2srrc_data:/home/ros2/dev_ws/install/ros2_robotiqgripper:/home/ros2/dev_ws/install/ros2_objectpose:/home/ros2/dev_ws/install/ros2_linkpose:/home/ros2/dev_ws/install/ros2_linkattacher:/home/ros2/dev_ws/install/objectpose_msgs:/home/ros2/dev_ws/install/objectpose_gazebo:/home/ros2/dev_ws/install/linkpose_msgs:/home/ros2/dev_ws/install/linkpose_gazebo:/home/ros2/dev_ws/install/linkattacher_msgs:/home/ros2/dev_ws/install/gazebo_ros2_control_demos:/home/ros2/dev_ws/install/gazebo_ros2_control:/home/ros2/dev_ws/install/abb_rws_client:/home/ros2/dev_ws/install/abb_ros2:/home/ros2/dev_ws/install/abb_robot_msgs:/home/ros2/dev_ws/install/abb_resources:/home/ros2/dev_ws/install/abb_rapid_sm_addin_msgs:/home/ros2/dev_ws/install/abb_hardware_interface:/home/ros2/dev_ws/install/abb_egm_rws_managers:/home/ros2/dev_ws/install/abb_librws:/home/ros2/dev_ws/install/abb_libegm:/home/ros2/dev_ws/install/abb_irb4600_support:/home/ros2/dev_ws/install/abb_irb1200_5_90_moveit_config:/home/ros2/dev_ws/install/abb_irb1200_support:/home/ros2/dev_ws/install/abb_egm_msgs:/home/ros2/dev_ws/install/abb_bringup:/opt/ros/humble LD_LIBRARY_PATH=/home/ros2/dev_ws/install/abb_rapid_msgs/lib:/home/ros2/dev_ws/install/ros2srrc_data/lib:/home/ros2/dev_ws/install/ros2_robotiqgripper/lib:/home/ros2/dev_ws/install/ros2_objectpose/lib:/home/ros2/dev_ws/install/ros2_linkpose/lib:/home/ros2/dev_ws/install/ros2_linkattacher/lib:/home/ros2/dev_ws/install/objectpose_msgs/lib:/home/ros2/dev_ws/install/linkpose_msgs/lib:/home/ros2/dev_ws/install/linkattacher_msgs/lib:/home/ros2/dev_ws/install/gazebo_ros2_control/lib:/home/ros2/dev_ws/install/abb_robot_msgs/lib:/home/ros2/dev_ws/install/abb_rapid_sm_addin_msgs/lib:/home/ros2/dev_ws/install/abb_hardware_interface/lib:/home/ros2/dev_ws/install/abb_egm_rws_managers/lib:/home/ros2/dev_ws/install/abb_librws/lib:/home/ros2/dev_ws/install/abb_libegm/lib:/home/ros2/dev_ws/install/abb_egm_msgs/lib:/usr/lib/x86_64-linux-gnu/gazebo-11/plugins:/opt/ros/humble/opt/rviz_ogre_vendor/lib:/opt/ros/humble/lib/x86_64-linux-gnu:/opt/ros/humble/lib /usr/bin/cmake --build /home/ros2/dev_ws/build/abb_rapid_sm_addin_msgs -- -j16 -l16
[3.084s] [  0%] [34m[1mGenerating C++ code for ROS interfaces[0m
[6.155s] [  0%] Built target abb_rapid_sm_addin_msgs__cpp
[6.188s] [  0%] Built target ament_cmake_python_symlink_abb_rapid_sm_addin_msgs
[6.200s] [  1%] [34m[1mGenerating C++ introspection for ROS interfaces[0m
[8.312s] [  2%] [32mBuilding CXX object CMakeFiles/abb_rapid_sm_addin_msgs__rosidl_typesupport_introspection_cpp.dir/rosidl_typesupport_introspection_cpp/abb_rapid_sm_addin_msgs/msg/detail/egm_activate_settings__type_support.cpp.o[0m
[8.724s] [  3%] [32mBuilding CXX object CMakeFiles/abb_rapid_sm_addin_msgs__rosidl_typesupport_introspection_cpp.dir/rosidl_typesupport_introspection_cpp/abb_rapid_sm_addin_msgs/srv/detail/set_sg_command__type_support.cpp.o[0m
[9.109s] [  4%] [32mBuilding CXX object CMakeFiles/abb_rapid_sm_addin_msgs__rosidl_typesupport_introspection_cpp.dir/rosidl_typesupport_introspection_cpp/abb_rapid_sm_addin_msgs/srv/detail/set_rapid_routine__type_support.cpp.o[0m
[9.538s] [  5%] [32mBuilding CXX object CMakeFiles/abb_rapid_sm_addin_msgs__rosidl_typesupport_introspection_cpp.dir/rosidl_typesupport_introspection_cpp/abb_rapid_sm_addin_msgs/srv/detail/set_egm_settings__type_support.cpp.o[0m
[9.945s] [  6%] [32mBuilding CXX object CMakeFiles/abb_rapid_sm_addin_msgs__rosidl_typesupport_introspection_cpp.dir/rosidl_typesupport_introspection_cpp/abb_rapid_sm_addin_msgs/srv/detail/get_egm_settings__type_support.cpp.o[0m
[10.383s] [  7%] [32mBuilding CXX object CMakeFiles/abb_rapid_sm_addin_msgs__rosidl_typesupport_introspection_cpp.dir/rosidl_typesupport_introspection_cpp/abb_rapid_sm_addin_msgs/msg/detail/state_machine_state__type_support.cpp.o[0m
[10.743s] [  8%] [32mBuilding CXX object CMakeFiles/abb_rapid_sm_addin_msgs__rosidl_typesupport_introspection_cpp.dir/rosidl_typesupport_introspection_cpp/abb_rapid_sm_addin_msgs/msg/detail/runtime_state__type_support.cpp.o[0m
[11.161s] [  9%] [32mBuilding CXX object CMakeFiles/abb_rapid_sm_addin_msgs__rosidl_typesupport_introspection_cpp.dir/rosidl_typesupport_introspection_cpp/abb_rapid_sm_addin_msgs/msg/detail/egm_stop_settings__type_support.cpp.o[0m
[11.519s] [ 11%] [32mBuilding CXX object CMakeFiles/abb_rapid_sm_addin_msgs__rosidl_typesupport_introspection_cpp.dir/rosidl_typesupport_introspection_cpp/abb_rapid_sm_addin_msgs/msg/detail/egm_settings__type_support.cpp.o[0m
[11.519s] [ 11%] [32mBuilding CXX object CMakeFiles/abb_rapid_sm_addin_msgs__rosidl_typesupport_introspection_cpp.dir/rosidl_typesupport_introspection_cpp/abb_rapid_sm_addin_msgs/msg/detail/egm_setup_settings__type_support.cpp.o[0m
[11.871s] [ 11%] [32mBuilding CXX object CMakeFiles/abb_rapid_sm_addin_msgs__rosidl_typesupport_introspection_cpp.dir/rosidl_typesupport_introspection_cpp/abb_rapid_sm_addin_msgs/msg/detail/egm_run_settings__type_support.cpp.o[0m
[12.243s] [ 12%] [32m[1mLinking CXX shared library libabb_rapid_sm_addin_msgs__rosidl_typesupport_introspection_cpp.so[0m
[12.329s] [ 12%] Built target abb_rapid_sm_addin_msgs__rosidl_typesupport_introspection_cpp
[12.339s] [ 12%] [34m[1mGenerating C++ type support for eProsima Fast-RTPS[0m
[12.341s] [ 13%] [34m[1mGenerating C++ type support dispatch for ROS interfaces[0m
[12.341s] [ 14%] [34m[1mGenerating C code for ROS interfaces[0m
[12.607s] running egg_info
[12.607s] creating abb_rapid_sm_addin_msgs.egg-info
[12.607s] writing abb_rapid_sm_addin_msgs.egg-info/PKG-INFO
[12.608s] writing dependency_links to abb_rapid_sm_addin_msgs.egg-info/dependency_links.txt
[12.608s] writing top-level names to abb_rapid_sm_addin_msgs.egg-info/top_level.txt
[12.608s] writing manifest file 'abb_rapid_sm_addin_msgs.egg-info/SOURCES.txt'
[12.609s] reading manifest file 'abb_rapid_sm_addin_msgs.egg-info/SOURCES.txt'
[12.610s] writing manifest file 'abb_rapid_sm_addin_msgs.egg-info/SOURCES.txt'
[12.644s] [ 14%] Built target ament_cmake_python_build_abb_rapid_sm_addin_msgs_egg
[13.917s] [ 15%] [32mBuilding CXX object CMakeFiles/abb_rapid_sm_addin_msgs__rosidl_typesupport_cpp.dir/rosidl_typesupport_cpp/abb_rapid_sm_addin_msgs/msg/egm_activate_settings__type_support.cpp.o[0m
[13.920s] [ 16%] [32mBuilding CXX object CMakeFiles/abb_rapid_sm_addin_msgs__rosidl_typesupport_cpp.dir/rosidl_typesupport_cpp/abb_rapid_sm_addin_msgs/msg/egm_run_settings__type_support.cpp.o[0m
[13.920s] [ 17%] [32mBuilding CXX object CMakeFiles/abb_rapid_sm_addin_msgs__rosidl_typesupport_cpp.dir/rosidl_typesupport_cpp/abb_rapid_sm_addin_msgs/msg/egm_setup_settings__type_support.cpp.o[0m
[13.926s] [ 18%] [32mBuilding CXX object CMakeFiles/abb_rapid_sm_addin_msgs__rosidl_typesupport_cpp.dir/rosidl_typesupport_cpp/abb_rapid_sm_addin_msgs/msg/egm_settings__type_support.cpp.o[0m
[14.326s] [ 19%] [32mBuilding CXX object CMakeFiles/abb_rapid_sm_addin_msgs__rosidl_typesupport_cpp.dir/rosidl_typesupport_cpp/abb_rapid_sm_addin_msgs/srv/set_sg_command__type_support.cpp.o[0m
[14.332s] [ 20%] [32mBuilding CXX object CMakeFiles/abb_rapid_sm_addin_msgs__rosidl_typesupport_cpp.dir/rosidl_typesupport_cpp/abb_rapid_sm_addin_msgs/srv/set_rapid_routine__type_support.cpp.o[0m
[14.392s] [ 21%] [32mBuilding CXX object CMakeFiles/abb_rapid_sm_addin_msgs__rosidl_typesupport_cpp.dir/rosidl_typesupport_cpp/abb_rapid_sm_addin_msgs/srv/set_egm_settings__type_support.cpp.o[0m
[14.399s] [ 21%] [32mBuilding CXX object CMakeFiles/abb_rapid_sm_addin_msgs__rosidl_typesupport_cpp.dir/rosidl_typesupport_cpp/abb_rapid_sm_addin_msgs/srv/get_egm_settings__type_support.cpp.o[0m
[14.409s] [ 22%] [32mBuilding CXX object CMakeFiles/abb_rapid_sm_addin_msgs__rosidl_typesupport_cpp.dir/rosidl_typesupport_cpp/abb_rapid_sm_addin_msgs/msg/state_machine_state__type_support.cpp.o[0m
[14.558s] [ 23%] [32mBuilding CXX object CMakeFiles/abb_rapid_sm_addin_msgs__rosidl_typesupport_fastrtps_cpp.dir/rosidl_typesupport_fastrtps_cpp/abb_rapid_sm_addin_msgs/msg/detail/dds_fastrtps/egm_activate_settings__type_support.cpp.o[0m
[14.562s] [ 24%] [32mBuilding CXX object CMakeFiles/abb_rapid_sm_addin_msgs__rosidl_typesupport_fastrtps_cpp.dir/rosidl_typesupport_fastrtps_cpp/abb_rapid_sm_addin_msgs/msg/detail/dds_fastrtps/egm_run_settings__type_support.cpp.o[0m
[14.568s] [ 25%] [32mBuilding CXX object CMakeFiles/abb_rapid_sm_addin_msgs__rosidl_typesupport_fastrtps_cpp.dir/rosidl_typesupport_fastrtps_cpp/abb_rapid_sm_addin_msgs/msg/detail/dds_fastrtps/egm_settings__type_support.cpp.o[0m
[14.569s] [ 26%] [32mBuilding CXX object CMakeFiles/abb_rapid_sm_addin_msgs__rosidl_typesupport_fastrtps_cpp.dir/rosidl_typesupport_fastrtps_cpp/abb_rapid_sm_addin_msgs/msg/detail/dds_fastrtps/egm_setup_settings__type_support.cpp.o[0m
[14.900s] [ 27%] [32mBuilding CXX object CMakeFiles/abb_rapid_sm_addin_msgs__rosidl_typesupport_cpp.dir/rosidl_typesupport_cpp/abb_rapid_sm_addin_msgs/msg/runtime_state__type_support.cpp.o[0m
[14.920s] [ 28%] [32mBuilding CXX object CMakeFiles/abb_rapid_sm_addin_msgs__rosidl_typesupport_cpp.dir/rosidl_typesupport_cpp/abb_rapid_sm_addin_msgs/msg/egm_stop_settings__type_support.cpp.o[0m
[15.337s] [ 28%] [32mBuilding CXX object CMakeFiles/abb_rapid_sm_addin_msgs__rosidl_typesupport_fastrtps_cpp.dir/rosidl_typesupport_fastrtps_cpp/abb_rapid_sm_addin_msgs/srv/detail/dds_fastrtps/set_rapid_routine__type_support.cpp.o[0m
[15.340s] [ 29%] [32mBuilding CXX object CMakeFiles/abb_rapid_sm_addin_msgs__rosidl_typesupport_fastrtps_cpp.dir/rosidl_typesupport_fastrtps_cpp/abb_rapid_sm_addin_msgs/srv/detail/dds_fastrtps/set_sg_command__type_support.cpp.o[0m
[15.341s] [ 30%] [32mBuilding CXX object CMakeFiles/abb_rapid_sm_addin_msgs__rosidl_typesupport_fastrtps_cpp.dir/rosidl_typesupport_fastrtps_cpp/abb_rapid_sm_addin_msgs/srv/detail/dds_fastrtps/set_egm_settings__type_support.cpp.o[0m
[15.420s] [ 31%] [32mBuilding CXX object CMakeFiles/abb_rapid_sm_addin_msgs__rosidl_typesupport_fastrtps_cpp.dir/rosidl_typesupport_fastrtps_cpp/abb_rapid_sm_addin_msgs/srv/detail/dds_fastrtps/get_egm_settings__type_support.cpp.o[0m
[15.488s] [ 33%] [32mBuilding C object CMakeFiles/abb_rapid_sm_addin_msgs__rosidl_generator_c.dir/rosidl_generator_c/abb_rapid_sm_addin_msgs/msg/detail/egm_run_settings__functions.c.o[0m
[15.491s] [ 33%] [32mBuilding C object CMakeFiles/abb_rapid_sm_addin_msgs__rosidl_generator_c.dir/rosidl_generator_c/abb_rapid_sm_addin_msgs/msg/detail/egm_settings__functions.c.o[0m
[15.492s] [ 34%] [32mBuilding C object CMakeFiles/abb_rapid_sm_addin_msgs__rosidl_generator_c.dir/rosidl_generator_c/abb_rapid_sm_addin_msgs/msg/detail/egm_activate_settings__functions.c.o[0m
[15.502s] [ 35%] [32mBuilding C object CMakeFiles/abb_rapid_sm_addin_msgs__rosidl_generator_c.dir/rosidl_generator_c/abb_rapid_sm_addin_msgs/msg/detail/egm_setup_settings__functions.c.o[0m
[15.527s] [ 36%] [32mBuilding CXX object CMakeFiles/abb_rapid_sm_addin_msgs__rosidl_typesupport_fastrtps_cpp.dir/rosidl_typesupport_fastrtps_cpp/abb_rapid_sm_addin_msgs/msg/detail/dds_fastrtps/state_machine_state__type_support.cpp.o[0m
[15.597s] [ 37%] [32m[1mLinking CXX shared library libabb_rapid_sm_addin_msgs__rosidl_typesupport_cpp.so[0m
[15.628s] [ 38%] [32mBuilding C object CMakeFiles/abb_rapid_sm_addin_msgs__rosidl_generator_c.dir/rosidl_generator_c/abb_rapid_sm_addin_msgs/srv/detail/set_egm_settings__functions.c.o[0m
[15.643s] [ 38%] [32mBuilding C object CMakeFiles/abb_rapid_sm_addin_msgs__rosidl_generator_c.dir/rosidl_generator_c/abb_rapid_sm_addin_msgs/srv/detail/get_egm_settings__functions.c.o[0m
[15.658s] [ 39%] [32mBuilding C object CMakeFiles/abb_rapid_sm_addin_msgs__rosidl_generator_c.dir/rosidl_generator_c/abb_rapid_sm_addin_msgs/srv/detail/set_sg_command__functions.c.o[0m
[15.668s] [ 40%] [32mBuilding C object CMakeFiles/abb_rapid_sm_addin_msgs__rosidl_generator_c.dir/rosidl_generator_c/abb_rapid_sm_addin_msgs/srv/detail/set_rapid_routine__functions.c.o[0m
[15.754s] [ 40%] Built target abb_rapid_sm_addin_msgs__rosidl_typesupport_cpp
[15.807s] [ 41%] [32mBuilding C object CMakeFiles/abb_rapid_sm_addin_msgs__rosidl_generator_c.dir/rosidl_generator_c/abb_rapid_sm_addin_msgs/msg/detail/state_machine_state__functions.c.o[0m
[15.815s] [ 42%] [32mBuilding C object CMakeFiles/abb_rapid_sm_addin_msgs__rosidl_generator_c.dir/rosidl_generator_c/abb_rapid_sm_addin_msgs/msg/detail/runtime_state__functions.c.o[0m
[15.818s] [ 43%] [32mBuilding C object CMakeFiles/abb_rapid_sm_addin_msgs__rosidl_generator_c.dir/rosidl_generator_c/abb_rapid_sm_addin_msgs/msg/detail/egm_stop_settings__functions.c.o[0m
[15.933s] [ 44%] [32m[1mLinking C shared library libabb_rapid_sm_addin_msgs__rosidl_generator_c.so[0m
[16.093s] [ 44%] Built target abb_rapid_sm_addin_msgs__rosidl_generator_c
[16.135s] [ 46%] [34m[1mGenerating C type support dispatch for ROS interfaces[0m
[16.135s] [ 46%] [34m[1mGenerating C type support for eProsima Fast-RTPS[0m
[16.135s] [ 47%] [34m[1mGenerating C introspection for ROS interfaces[0m
[16.147s] [ 48%] [32mBuilding CXX object CMakeFiles/abb_rapid_sm_addin_msgs__rosidl_typesupport_fastrtps_cpp.dir/rosidl_typesupport_fastrtps_cpp/abb_rapid_sm_addin_msgs/msg/detail/dds_fastrtps/egm_stop_settings__type_support.cpp.o[0m
[16.152s] [ 49%] [32mBuilding CXX object CMakeFiles/abb_rapid_sm_addin_msgs__rosidl_typesupport_fastrtps_cpp.dir/rosidl_typesupport_fastrtps_cpp/abb_rapid_sm_addin_msgs/msg/detail/dds_fastrtps/runtime_state__type_support.cpp.o[0m
[16.867s] [ 50%] [32m[1mLinking CXX shared library libabb_rapid_sm_addin_msgs__rosidl_typesupport_fastrtps_cpp.so[0m
[16.999s] [ 50%] Built target abb_rapid_sm_addin_msgs__rosidl_typesupport_fastrtps_cpp
[18.098s] [ 51%] [32mBuilding CXX object CMakeFiles/abb_rapid_sm_addin_msgs__rosidl_typesupport_c.dir/rosidl_typesupport_c/abb_rapid_sm_addin_msgs/msg/egm_activate_settings__type_support.cpp.o[0m
[18.145s] [ 52%] [32mBuilding CXX object CMakeFiles/abb_rapid_sm_addin_msgs__rosidl_typesupport_c.dir/rosidl_typesupport_c/abb_rapid_sm_addin_msgs/srv/set_sg_command__type_support.cpp.o[0m
[18.186s] [ 53%] [32mBuilding CXX object CMakeFiles/abb_rapid_sm_addin_msgs__rosidl_typesupport_c.dir/rosidl_typesupport_c/abb_rapid_sm_addin_msgs/srv/set_rapid_routine__type_support.cpp.o[0m
[18.229s] [ 54%] [32mBuilding CXX object CMakeFiles/abb_rapid_sm_addin_msgs__rosidl_typesupport_c.dir/rosidl_typesupport_c/abb_rapid_sm_addin_msgs/srv/set_egm_settings__type_support.cpp.o[0m
[18.276s] [ 55%] [32mBuilding CXX object CMakeFiles/abb_rapid_sm_addin_msgs__rosidl_typesupport_c.dir/rosidl_typesupport_c/abb_rapid_sm_addin_msgs/srv/get_egm_settings__type_support.cpp.o[0m
[18.323s] [ 56%] [32mBuilding CXX object CMakeFiles/abb_rapid_sm_addin_msgs__rosidl_typesupport_c.dir/rosidl_typesupport_c/abb_rapid_sm_addin_msgs/msg/state_machine_state__type_support.cpp.o[0m
[18.365s] [ 57%] [32mBuilding CXX object CMakeFiles/abb_rapid_sm_addin_msgs__rosidl_typesupport_c.dir/rosidl_typesupport_c/abb_rapid_sm_addin_msgs/msg/runtime_state__type_support.cpp.o[0m
[18.402s] [ 58%] [32mBuilding CXX object CMakeFiles/abb_rapid_sm_addin_msgs__rosidl_typesupport_c.dir/rosidl_typesupport_c/abb_rapid_sm_addin_msgs/msg/egm_stop_settings__type_support.cpp.o[0m
[18.438s] [ 59%] [32mBuilding CXX object CMakeFiles/abb_rapid_sm_addin_msgs__rosidl_typesupport_c.dir/rosidl_typesupport_c/abb_rapid_sm_addin_msgs/msg/egm_setup_settings__type_support.cpp.o[0m
[18.475s] [ 59%] [32mBuilding CXX object CMakeFiles/abb_rapid_sm_addin_msgs__rosidl_typesupport_c.dir/rosidl_typesupport_c/abb_rapid_sm_addin_msgs/msg/egm_settings__type_support.cpp.o[0m
[18.492s] [ 60%] [32mBuilding C object CMakeFiles/abb_rapid_sm_addin_msgs__rosidl_typesupport_introspection_c.dir/rosidl_typesupport_introspection_c/abb_rapid_sm_addin_msgs/msg/detail/egm_activate_settings__type_support.c.o[0m
[18.511s] [ 61%] [32mBuilding CXX object CMakeFiles/abb_rapid_sm_addin_msgs__rosidl_typesupport_c.dir/rosidl_typesupport_c/abb_rapid_sm_addin_msgs/msg/egm_run_settings__type_support.cpp.o[0m
[18.524s] [ 62%] [32mBuilding CXX object CMakeFiles/abb_rapid_sm_addin_msgs__rosidl_typesupport_fastrtps_c.dir/rosidl_typesupport_fastrtps_c/abb_rapid_sm_addin_msgs/msg/detail/egm_activate_settings__type_support_c.cpp.o[0m
[18.538s] [ 63%] [32mBuilding C object CMakeFiles/abb_rapid_sm_addin_msgs__rosidl_typesupport_introspection_c.dir/rosidl_typesupport_introspection_c/abb_rapid_sm_addin_msgs/srv/detail/set_sg_command__type_support.c.o[0m
[18.545s] [ 64%] [32m[1mLinking CXX shared library libabb_rapid_sm_addin_msgs__rosidl_typesupport_c.so[0m
[18.580s] [ 65%] [32mBuilding C object CMakeFiles/abb_rapid_sm_addin_msgs__rosidl_typesupport_introspection_c.dir/rosidl_typesupport_introspection_c/abb_rapid_sm_addin_msgs/srv/detail/set_rapid_routine__type_support.c.o[0m
[18.596s] [ 65%] Built target abb_rapid_sm_addin_msgs__rosidl_typesupport_c
[18.625s] [ 66%] [32mBuilding C object CMakeFiles/abb_rapid_sm_addin_msgs__rosidl_typesupport_introspection_c.dir/rosidl_typesupport_introspection_c/abb_rapid_sm_addin_msgs/srv/detail/set_egm_settings__type_support.c.o[0m
[18.667s] [ 67%] [32mBuilding C object CMakeFiles/abb_rapid_sm_addin_msgs__rosidl_typesupport_introspection_c.dir/rosidl_typesupport_introspection_c/abb_rapid_sm_addin_msgs/srv/detail/get_egm_settings__type_support.c.o[0m
[18.704s] [ 67%] [32mBuilding C object CMakeFiles/abb_rapid_sm_addin_msgs__rosidl_typesupport_introspection_c.dir/rosidl_typesupport_introspection_c/abb_rapid_sm_addin_msgs/msg/detail/state_machine_state__type_support.c.o[0m
[18.745s] [ 68%] [32mBuilding C object CMakeFiles/abb_rapid_sm_addin_msgs__rosidl_typesupport_introspection_c.dir/rosidl_typesupport_introspection_c/abb_rapid_sm_addin_msgs/msg/detail/runtime_state__type_support.c.o[0m
[18.781s] [ 69%] [32mBuilding C object CMakeFiles/abb_rapid_sm_addin_msgs__rosidl_typesupport_introspection_c.dir/rosidl_typesupport_introspection_c/abb_rapid_sm_addin_msgs/msg/detail/egm_stop_settings__type_support.c.o[0m
[18.814s] [ 70%] [32mBuilding C object CMakeFiles/abb_rapid_sm_addin_msgs__rosidl_typesupport_introspection_c.dir/rosidl_typesupport_introspection_c/abb_rapid_sm_addin_msgs/msg/detail/egm_setup_settings__type_support.c.o[0m
[18.855s] [ 71%] [32mBuilding C object CMakeFiles/abb_rapid_sm_addin_msgs__rosidl_typesupport_introspection_c.dir/rosidl_typesupport_introspection_c/abb_rapid_sm_addin_msgs/msg/detail/egm_settings__type_support.c.o[0m
[18.889s] [ 72%] [32mBuilding C object CMakeFiles/abb_rapid_sm_addin_msgs__rosidl_typesupport_introspection_c.dir/rosidl_typesupport_introspection_c/abb_rapid_sm_addin_msgs/msg/detail/egm_run_settings__type_support.c.o[0m
[18.910s] [ 73%] [32mBuilding CXX object CMakeFiles/abb_rapid_sm_addin_msgs__rosidl_typesupport_fastrtps_c.dir/rosidl_typesupport_fastrtps_c/abb_rapid_sm_addin_msgs/srv/detail/set_sg_command__type_support_c.cpp.o[0m
[18.926s] [ 74%] [32m[1mLinking C shared library libabb_rapid_sm_addin_msgs__rosidl_typesupport_introspection_c.so[0m
[18.966s] [ 74%] Built target abb_rapid_sm_addin_msgs__rosidl_typesupport_introspection_c
[19.295s] [ 75%] [32mBuilding CXX object CMakeFiles/abb_rapid_sm_addin_msgs__rosidl_typesupport_fastrtps_c.dir/rosidl_typesupport_fastrtps_c/abb_rapid_sm_addin_msgs/srv/detail/set_rapid_routine__type_support_c.cpp.o[0m
[19.639s] [ 76%] [32mBuilding CXX object CMakeFiles/abb_rapid_sm_addin_msgs__rosidl_typesupport_fastrtps_c.dir/rosidl_typesupport_fastrtps_c/abb_rapid_sm_addin_msgs/srv/detail/set_egm_settings__type_support_c.cpp.o[0m
[19.960s] [ 77%] [32mBuilding CXX object CMakeFiles/abb_rapid_sm_addin_msgs__rosidl_typesupport_fastrtps_c.dir/rosidl_typesupport_fastrtps_c/abb_rapid_sm_addin_msgs/srv/detail/get_egm_settings__type_support_c.cpp.o[0m
[20.280s] [ 78%] [32mBuilding CXX object CMakeFiles/abb_rapid_sm_addin_msgs__rosidl_typesupport_fastrtps_c.dir/rosidl_typesupport_fastrtps_c/abb_rapid_sm_addin_msgs/msg/detail/state_machine_state__type_support_c.cpp.o[0m
[20.564s] [ 79%] [32mBuilding CXX object CMakeFiles/abb_rapid_sm_addin_msgs__rosidl_typesupport_fastrtps_c.dir/rosidl_typesupport_fastrtps_c/abb_rapid_sm_addin_msgs/msg/detail/runtime_state__type_support_c.cpp.o[0m
[20.836s] [ 79%] [32mBuilding CXX object CMakeFiles/abb_rapid_sm_addin_msgs__rosidl_typesupport_fastrtps_c.dir/rosidl_typesupport_fastrtps_c/abb_rapid_sm_addin_msgs/msg/detail/egm_stop_settings__type_support_c.cpp.o[0m
[21.139s] [ 80%] [32mBuilding CXX object CMakeFiles/abb_rapid_sm_addin_msgs__rosidl_typesupport_fastrtps_c.dir/rosidl_typesupport_fastrtps_c/abb_rapid_sm_addin_msgs/msg/detail/egm_setup_settings__type_support_c.cpp.o[0m
[21.443s] [ 81%] [32mBuilding CXX object CMakeFiles/abb_rapid_sm_addin_msgs__rosidl_typesupport_fastrtps_c.dir/rosidl_typesupport_fastrtps_c/abb_rapid_sm_addin_msgs/msg/detail/egm_settings__type_support_c.cpp.o[0m
[21.736s] [ 82%] [32mBuilding CXX object CMakeFiles/abb_rapid_sm_addin_msgs__rosidl_typesupport_fastrtps_c.dir/rosidl_typesupport_fastrtps_c/abb_rapid_sm_addin_msgs/msg/detail/egm_run_settings__type_support_c.cpp.o[0m
[22.019s] [ 83%] [32m[1mLinking CXX shared library libabb_rapid_sm_addin_msgs__rosidl_typesupport_fastrtps_c.so[0m
[22.096s] [ 83%] Built target abb_rapid_sm_addin_msgs__rosidl_typesupport_fastrtps_c
[22.116s] [ 83%] Built target abb_rapid_sm_addin_msgs
[22.136s] [ 84%] [34m[1mGenerating Python code for ROS interfaces[0m
[24.864s] [ 84%] Built target abb_rapid_sm_addin_msgs__py
[24.883s] [ 85%] [32mBuilding C object CMakeFiles/abb_rapid_sm_addin_msgs__rosidl_generator_py.dir/rosidl_generator_py/abb_rapid_sm_addin_msgs/msg/_egm_activate_settings_s.c.o[0m
[24.968s] [ 86%] [32mBuilding C object CMakeFiles/abb_rapid_sm_addin_msgs__rosidl_generator_py.dir/rosidl_generator_py/abb_rapid_sm_addin_msgs/srv/_set_sg_command_s.c.o[0m
[25.057s] [ 87%] [32mBuilding C object CMakeFiles/abb_rapid_sm_addin_msgs__rosidl_generator_py.dir/rosidl_generator_py/abb_rapid_sm_addin_msgs/srv/_set_rapid_routine_s.c.o[0m
[25.143s] [ 88%] [32mBuilding C object CMakeFiles/abb_rapid_sm_addin_msgs__rosidl_generator_py.dir/rosidl_generator_py/abb_rapid_sm_addin_msgs/srv/_set_egm_settings_s.c.o[0m
[25.231s] [ 89%] [32mBuilding C object CMakeFiles/abb_rapid_sm_addin_msgs__rosidl_generator_py.dir/rosidl_generator_py/abb_rapid_sm_addin_msgs/srv/_get_egm_settings_s.c.o[0m
[25.316s] [ 90%] [32mBuilding C object CMakeFiles/abb_rapid_sm_addin_msgs__rosidl_generator_py.dir/rosidl_generator_py/abb_rapid_sm_addin_msgs/msg/_state_machine_state_s.c.o[0m
[25.398s] [ 90%] [32mBuilding C object CMakeFiles/abb_rapid_sm_addin_msgs__rosidl_generator_py.dir/rosidl_generator_py/abb_rapid_sm_addin_msgs/msg/_runtime_state_s.c.o[0m
[25.481s] [ 91%] [32mBuilding C object CMakeFiles/abb_rapid_sm_addin_msgs__rosidl_generator_py.dir/rosidl_generator_py/abb_rapid_sm_addin_msgs/msg/_egm_stop_settings_s.c.o[0m
[25.557s] [ 92%] [32mBuilding C object CMakeFiles/abb_rapid_sm_addin_msgs__rosidl_generator_py.dir/rosidl_generator_py/abb_rapid_sm_addin_msgs/msg/_egm_setup_settings_s.c.o[0m
[25.642s] [ 93%] [32mBuilding C object CMakeFiles/abb_rapid_sm_addin_msgs__rosidl_generator_py.dir/rosidl_generator_py/abb_rapid_sm_addin_msgs/msg/_egm_settings_s.c.o[0m
[25.721s] [ 94%] [32mBuilding C object CMakeFiles/abb_rapid_sm_addin_msgs__rosidl_generator_py.dir/rosidl_generator_py/abb_rapid_sm_addin_msgs/msg/_egm_run_settings_s.c.o[0m
[25.798s] [ 95%] [32m[1mLinking C shared library rosidl_generator_py/abb_rapid_sm_addin_msgs/libabb_rapid_sm_addin_msgs__rosidl_generator_py.so[0m
[25.839s] [ 95%] Built target abb_rapid_sm_addin_msgs__rosidl_generator_py
[25.859s] [ 96%] [32mBuilding C object CMakeFiles/abb_rapid_sm_addin_msgs__rosidl_typesupport_fastrtps_c__pyext.dir/rosidl_generator_py/abb_rapid_sm_addin_msgs/_abb_rapid_sm_addin_msgs_s.ep.rosidl_typesupport_fastrtps_c.c.o[0m
[25.976s] [ 97%] [32m[1mLinking C shared library rosidl_generator_py/abb_rapid_sm_addin_msgs/abb_rapid_sm_addin_msgs_s__rosidl_typesupport_fastrtps_c.cpython-310-x86_64-linux-gnu.so[0m
[26.011s] [ 97%] Built target abb_rapid_sm_addin_msgs__rosidl_typesupport_fastrtps_c__pyext
[26.032s] [ 97%] [32mBuilding C object CMakeFiles/abb_rapid_sm_addin_msgs__rosidl_typesupport_c__pyext.dir/rosidl_generator_py/abb_rapid_sm_addin_msgs/_abb_rapid_sm_addin_msgs_s.ep.rosidl_typesupport_c.c.o[0m
[26.143s] [ 98%] [32m[1mLinking C shared library rosidl_generator_py/abb_rapid_sm_addin_msgs/abb_rapid_sm_addin_msgs_s__rosidl_typesupport_c.cpython-310-x86_64-linux-gnu.so[0m
[26.180s] [ 98%] Built target abb_rapid_sm_addin_msgs__rosidl_typesupport_c__pyext
[26.199s] [ 99%] [32mBuilding C object CMakeFiles/abb_rapid_sm_addin_msgs__rosidl_typesupport_introspection_c__pyext.dir/rosidl_generator_py/abb_rapid_sm_addin_msgs/_abb_rapid_sm_addin_msgs_s.ep.rosidl_typesupport_introspection_c.c.o[0m
[26.307s] [100%] [32m[1mLinking C shared library rosidl_generator_py/abb_rapid_sm_addin_msgs/abb_rapid_sm_addin_msgs_s__rosidl_typesupport_introspection_c.cpython-310-x86_64-linux-gnu.so[0m
[26.344s] [100%] Built target abb_rapid_sm_addin_msgs__rosidl_typesupport_introspection_c__pyext
[26.357s] Invoked command in '/home/ros2/dev_ws/build/abb_rapid_sm_addin_msgs' returned '0': CMAKE_PREFIX_PATH=/home/ros2/dev_ws/install/abb_rapid_msgs:/home/ros2/dev_ws/install/my_package:/home/ros2/dev_ws/install/ros2srrc_ur5e_moveit2:/home/ros2/dev_ws/install/ros2srrc_ur5e_gazebo:/home/ros2/dev_ws/install/ros2srrc_ur5_moveit2:/home/ros2/dev_ws/install/ros2srrc_ur5_gazebo:/home/ros2/dev_ws/install/ros2srrc_ur3e_moveit2:/home/ros2/dev_ws/install/ros2srrc_ur3e_gazebo:/home/ros2/dev_ws/install/ros2srrc_ur3_moveit2:/home/ros2/dev_ws/install/ros2srrc_ur3_gazebo:/home/ros2/dev_ws/install/ros2srrc_ur20_moveit2:/home/ros2/dev_ws/install/ros2srrc_ur20_gazebo:/home/ros2/dev_ws/install/ros2srrc_ur16e_moveit2:/home/ros2/dev_ws/install/ros2srrc_ur16e_gazebo:/home/ros2/dev_ws/install/ros2srrc_ur10e_moveit2:/home/ros2/dev_ws/install/ros2srrc_ur10e_gazebo:/home/ros2/dev_ws/install/ros2srrc_ur10_moveit2:/home/ros2/dev_ws/install/ros2srrc_ur10_gazebo:/home/ros2/dev_ws/install/ros2srrc_rx160_moveit2:/home/ros2/dev_ws/install/ros2srrc_rx160_gazebo:/home/ros2/dev_ws/install/ros2srrc_robots:/home/ros2/dev_ws/install/ros2srrc_launch:/home/ros2/dev_ws/install/ros2srrc_irb6640_moveit2:/home/ros2/dev_ws/install/ros2srrc_irb6640_gazebo:/home/ros2/dev_ws/install/ros2srrc_irb1600_moveit2:/home/ros2/dev_ws/install/ros2srrc_irb1600_gazebo:/home/ros2/dev_ws/install/ros2srrc_irb120_moveit2:/home/ros2/dev_ws/install/ros2srrc_irb120_gazebo:/home/ros2/dev_ws/install/ros2srrc_irb1200_moveit2:/home/ros2/dev_ws/install/ros2srrc_irb1200_gazebo:/home/ros2/dev_ws/install/ros2srrc_iiwa_moveit2:/home/ros2/dev_ws/install/ros2srrc_iiwa_gazebo:/home/ros2/dev_ws/install/ros2srrc_execution:/home/ros2/dev_ws/install/ros2srrc_endeffectors:/home/ros2/dev_ws/install/ros2srrc_data:/home/ros2/dev_ws/install/ros2_robotiqgripper:/home/ros2/dev_ws/install/ros2_objectpose:/home/ros2/dev_ws/install/ros2_linkpose:/home/ros2/dev_ws/install/ros2_linkattacher:/home/ros2/dev_ws/install/objectpose_msgs:/home/ros2/dev_ws/install/objectpose_gazebo:/home/ros2/dev_ws/install/linkpose_msgs:/home/ros2/dev_ws/install/linkpose_gazebo:/home/ros2/dev_ws/install/linkattacher_msgs:/home/ros2/dev_ws/install/gazebo_ros2_control_demos:/home/ros2/dev_ws/install/gazebo_ros2_control:/home/ros2/dev_ws/install/abb_rws_client:/home/ros2/dev_ws/install/abb_ros2:/home/ros2/dev_ws/install/abb_robot_msgs:/home/ros2/dev_ws/install/abb_resources:/home/ros2/dev_ws/install/abb_rapid_sm_addin_msgs:/home/ros2/dev_ws/install/abb_hardware_interface:/home/ros2/dev_ws/install/abb_egm_rws_managers:/home/ros2/dev_ws/install/abb_librws:/home/ros2/dev_ws/install/abb_libegm:/home/ros2/dev_ws/install/abb_irb4600_support:/home/ros2/dev_ws/install/abb_irb1200_5_90_moveit_config:/home/ros2/dev_ws/install/abb_irb1200_support:/home/ros2/dev_ws/install/abb_egm_msgs:/home/ros2/dev_ws/install/abb_bringup:/opt/ros/humble LD_LIBRARY_PATH=/home/ros2/dev_ws/install/abb_rapid_msgs/lib:/home/ros2/dev_ws/install/ros2srrc_data/lib:/home/ros2/dev_ws/install/ros2_robotiqgripper/lib:/home/ros2/dev_ws/install/ros2_objectpose/lib:/home/ros2/dev_ws/install/ros2_linkpose/lib:/home/ros2/dev_ws/install/ros2_linkattacher/lib:/home/ros2/dev_ws/install/objectpose_msgs/lib:/home/ros2/dev_ws/install/linkpose_msgs/lib:/home/ros2/dev_ws/install/linkattacher_msgs/lib:/home/ros2/dev_ws/install/gazebo_ros2_control/lib:/home/ros2/dev_ws/install/abb_robot_msgs/lib:/home/ros2/dev_ws/install/abb_rapid_sm_addin_msgs/lib:/home/ros2/dev_ws/install/abb_hardware_interface/lib:/home/ros2/dev_ws/install/abb_egm_rws_managers/lib:/home/ros2/dev_ws/install/abb_librws/lib:/home/ros2/dev_ws/install/abb_libegm/lib:/home/ros2/dev_ws/install/abb_egm_msgs/lib:/usr/lib/x86_64-linux-gnu/gazebo-11/plugins:/opt/ros/humble/opt/rviz_ogre_vendor/lib:/opt/ros/humble/lib/x86_64-linux-gnu:/opt/ros/humble/lib /usr/bin/cmake --build /home/ros2/dev_ws/build/abb_rapid_sm_addin_msgs -- -j16 -l16
[26.360s] Invoking command in '/home/ros2/dev_ws/build/abb_rapid_sm_addin_msgs': CMAKE_PREFIX_PATH=/home/ros2/dev_ws/install/abb_rapid_msgs:/home/ros2/dev_ws/install/my_package:/home/ros2/dev_ws/install/ros2srrc_ur5e_moveit2:/home/ros2/dev_ws/install/ros2srrc_ur5e_gazebo:/home/ros2/dev_ws/install/ros2srrc_ur5_moveit2:/home/ros2/dev_ws/install/ros2srrc_ur5_gazebo:/home/ros2/dev_ws/install/ros2srrc_ur3e_moveit2:/home/ros2/dev_ws/install/ros2srrc_ur3e_gazebo:/home/ros2/dev_ws/install/ros2srrc_ur3_moveit2:/home/ros2/dev_ws/install/ros2srrc_ur3_gazebo:/home/ros2/dev_ws/install/ros2srrc_ur20_moveit2:/home/ros2/dev_ws/install/ros2srrc_ur20_gazebo:/home/ros2/dev_ws/install/ros2srrc_ur16e_moveit2:/home/ros2/dev_ws/install/ros2srrc_ur16e_gazebo:/home/ros2/dev_ws/install/ros2srrc_ur10e_moveit2:/home/ros2/dev_ws/install/ros2srrc_ur10e_gazebo:/home/ros2/dev_ws/install/ros2srrc_ur10_moveit2:/home/ros2/dev_ws/install/ros2srrc_ur10_gazebo:/home/ros2/dev_ws/install/ros2srrc_rx160_moveit2:/home/ros2/dev_ws/install/ros2srrc_rx160_gazebo:/home/ros2/dev_ws/install/ros2srrc_robots:/home/ros2/dev_ws/install/ros2srrc_launch:/home/ros2/dev_ws/install/ros2srrc_irb6640_moveit2:/home/ros2/dev_ws/install/ros2srrc_irb6640_gazebo:/home/ros2/dev_ws/install/ros2srrc_irb1600_moveit2:/home/ros2/dev_ws/install/ros2srrc_irb1600_gazebo:/home/ros2/dev_ws/install/ros2srrc_irb120_moveit2:/home/ros2/dev_ws/install/ros2srrc_irb120_gazebo:/home/ros2/dev_ws/install/ros2srrc_irb1200_moveit2:/home/ros2/dev_ws/install/ros2srrc_irb1200_gazebo:/home/ros2/dev_ws/install/ros2srrc_iiwa_moveit2:/home/ros2/dev_ws/install/ros2srrc_iiwa_gazebo:/home/ros2/dev_ws/install/ros2srrc_execution:/home/ros2/dev_ws/install/ros2srrc_endeffectors:/home/ros2/dev_ws/install/ros2srrc_data:/home/ros2/dev_ws/install/ros2_robotiqgripper:/home/ros2/dev_ws/install/ros2_objectpose:/home/ros2/dev_ws/install/ros2_linkpose:/home/ros2/dev_ws/install/ros2_linkattacher:/home/ros2/dev_ws/install/objectpose_msgs:/home/ros2/dev_ws/install/objectpose_gazebo:/home/ros2/dev_ws/install/linkpose_msgs:/home/ros2/dev_ws/install/linkpose_gazebo:/home/ros2/dev_ws/install/linkattacher_msgs:/home/ros2/dev_ws/install/gazebo_ros2_control_demos:/home/ros2/dev_ws/install/gazebo_ros2_control:/home/ros2/dev_ws/install/abb_rws_client:/home/ros2/dev_ws/install/abb_ros2:/home/ros2/dev_ws/install/abb_robot_msgs:/home/ros2/dev_ws/install/abb_resources:/home/ros2/dev_ws/install/abb_rapid_sm_addin_msgs:/home/ros2/dev_ws/install/abb_hardware_interface:/home/ros2/dev_ws/install/abb_egm_rws_managers:/home/ros2/dev_ws/install/abb_librws:/home/ros2/dev_ws/install/abb_libegm:/home/ros2/dev_ws/install/abb_irb4600_support:/home/ros2/dev_ws/install/abb_irb1200_5_90_moveit_config:/home/ros2/dev_ws/install/abb_irb1200_support:/home/ros2/dev_ws/install/abb_egm_msgs:/home/ros2/dev_ws/install/abb_bringup:/opt/ros/humble LD_LIBRARY_PATH=/home/ros2/dev_ws/install/abb_rapid_msgs/lib:/home/ros2/dev_ws/install/ros2srrc_data/lib:/home/ros2/dev_ws/install/ros2_robotiqgripper/lib:/home/ros2/dev_ws/install/ros2_objectpose/lib:/home/ros2/dev_ws/install/ros2_linkpose/lib:/home/ros2/dev_ws/install/ros2_linkattacher/lib:/home/ros2/dev_ws/install/objectpose_msgs/lib:/home/ros2/dev_ws/install/linkpose_msgs/lib:/home/ros2/dev_ws/install/linkattacher_msgs/lib:/home/ros2/dev_ws/install/gazebo_ros2_control/lib:/home/ros2/dev_ws/install/abb_robot_msgs/lib:/home/ros2/dev_ws/install/abb_rapid_sm_addin_msgs/lib:/home/ros2/dev_ws/install/abb_hardware_interface/lib:/home/ros2/dev_ws/install/abb_egm_rws_managers/lib:/home/ros2/dev_ws/install/abb_librws/lib:/home/ros2/dev_ws/install/abb_libegm/lib:/home/ros2/dev_ws/install/abb_egm_msgs/lib:/usr/lib/x86_64-linux-gnu/gazebo-11/plugins:/opt/ros/humble/opt/rviz_ogre_vendor/lib:/opt/ros/humble/lib/x86_64-linux-gnu:/opt/ros/humble/lib /usr/bin/cmake --install /home/ros2/dev_ws/build/abb_rapid_sm_addin_msgs
[26.366s] -- Install configuration: ""
[26.367s] -- Execute custom install script
[26.367s] -- Symlinking: /home/ros2/dev_ws/install/abb_rapid_sm_addin_msgs/share/ament_index/resource_index/rosidl_interfaces/abb_rapid_sm_addin_msgs
[26.377s] -- Symlinking: /home/ros2/dev_ws/install/abb_rapid_sm_addin_msgs/include/abb_rapid_sm_addin_msgs/abb_rapid_sm_addin_msgs/msg/detail/egm_activate_settings__functions.h
[26.384s] -- Symlinking: /home/ros2/dev_ws/install/abb_rapid_sm_addin_msgs/include/abb_rapid_sm_addin_msgs/abb_rapid_sm_addin_msgs/msg/detail/egm_activate_settings__struct.h
[26.394s] -- Symlinking: /home/ros2/dev_ws/install/abb_rapid_sm_addin_msgs/include/abb_rapid_sm_addin_msgs/abb_rapid_sm_addin_msgs/msg/detail/egm_activate_settings__type_support.h
[26.401s] -- Symlinking: /home/ros2/dev_ws/install/abb_rapid_sm_addin_msgs/include/abb_rapid_sm_addin_msgs/abb_rapid_sm_addin_msgs/msg/detail/egm_run_settings__functions.h
[26.410s] -- Symlinking: /home/ros2/dev_ws/install/abb_rapid_sm_addin_msgs/include/abb_rapid_sm_addin_msgs/abb_rapid_sm_addin_msgs/msg/detail/egm_run_settings__struct.h
[26.417s] -- Symlinking: /home/ros2/dev_ws/install/abb_rapid_sm_addin_msgs/include/abb_rapid_sm_addin_msgs/abb_rapid_sm_addin_msgs/msg/detail/egm_run_settings__type_support.h
[26.426s] -- Symlinking: /home/ros2/dev_ws/install/abb_rapid_sm_addin_msgs/include/abb_rapid_sm_addin_msgs/abb_rapid_sm_addin_msgs/msg/detail/egm_settings__functions.h
[26.434s] -- Symlinking: /home/ros2/dev_ws/install/abb_rapid_sm_addin_msgs/include/abb_rapid_sm_addin_msgs/abb_rapid_sm_addin_msgs/msg/detail/egm_settings__struct.h
[26.442s] -- Symlinking: /home/ros2/dev_ws/install/abb_rapid_sm_addin_msgs/include/abb_rapid_sm_addin_msgs/abb_rapid_sm_addin_msgs/msg/detail/egm_settings__type_support.h
[26.450s] -- Symlinking: /home/ros2/dev_ws/install/abb_rapid_sm_addin_msgs/include/abb_rapid_sm_addin_msgs/abb_rapid_sm_addin_msgs/msg/detail/egm_setup_settings__functions.h
[26.458s] -- Symlinking: /home/ros2/dev_ws/install/abb_rapid_sm_addin_msgs/include/abb_rapid_sm_addin_msgs/abb_rapid_sm_addin_msgs/msg/detail/egm_setup_settings__struct.h
[26.467s] -- Symlinking: /home/ros2/dev_ws/install/abb_rapid_sm_addin_msgs/include/abb_rapid_sm_addin_msgs/abb_rapid_sm_addin_msgs/msg/detail/egm_setup_settings__type_support.h
[26.476s] -- Symlinking: /home/ros2/dev_ws/install/abb_rapid_sm_addin_msgs/include/abb_rapid_sm_addin_msgs/abb_rapid_sm_addin_msgs/msg/detail/egm_stop_settings__functions.h
[26.484s] -- Symlinking: /home/ros2/dev_ws/install/abb_rapid_sm_addin_msgs/include/abb_rapid_sm_addin_msgs/abb_rapid_sm_addin_msgs/msg/detail/egm_stop_settings__struct.h
[26.492s] -- Symlinking: /home/ros2/dev_ws/install/abb_rapid_sm_addin_msgs/include/abb_rapid_sm_addin_msgs/abb_rapid_sm_addin_msgs/msg/detail/egm_stop_settings__type_support.h
[26.500s] -- Symlinking: /home/ros2/dev_ws/install/abb_rapid_sm_addin_msgs/include/abb_rapid_sm_addin_msgs/abb_rapid_sm_addin_msgs/msg/detail/runtime_state__functions.h
[26.508s] -- Symlinking: /home/ros2/dev_ws/install/abb_rapid_sm_addin_msgs/include/abb_rapid_sm_addin_msgs/abb_rapid_sm_addin_msgs/msg/detail/runtime_state__struct.h
[26.516s] -- Symlinking: /home/ros2/dev_ws/install/abb_rapid_sm_addin_msgs/include/abb_rapid_sm_addin_msgs/abb_rapid_sm_addin_msgs/msg/detail/runtime_state__type_support.h
[26.524s] -- Symlinking: /home/ros2/dev_ws/install/abb_rapid_sm_addin_msgs/include/abb_rapid_sm_addin_msgs/abb_rapid_sm_addin_msgs/msg/detail/state_machine_state__functions.h
[26.533s] -- Symlinking: /home/ros2/dev_ws/install/abb_rapid_sm_addin_msgs/include/abb_rapid_sm_addin_msgs/abb_rapid_sm_addin_msgs/msg/detail/state_machine_state__struct.h
[26.541s] -- Symlinking: /home/ros2/dev_ws/install/abb_rapid_sm_addin_msgs/include/abb_rapid_sm_addin_msgs/abb_rapid_sm_addin_msgs/msg/detail/state_machine_state__type_support.h
[26.550s] -- Symlinking: /home/ros2/dev_ws/install/abb_rapid_sm_addin_msgs/include/abb_rapid_sm_addin_msgs/abb_rapid_sm_addin_msgs/msg/egm_activate_settings.h
[26.558s] -- Symlinking: /home/ros2/dev_ws/install/abb_rapid_sm_addin_msgs/include/abb_rapid_sm_addin_msgs/abb_rapid_sm_addin_msgs/msg/egm_run_settings.h
[26.566s] -- Symlinking: /home/ros2/dev_ws/install/abb_rapid_sm_addin_msgs/include/abb_rapid_sm_addin_msgs/abb_rapid_sm_addin_msgs/msg/egm_settings.h
[26.574s] -- Symlinking: /home/ros2/dev_ws/install/abb_rapid_sm_addin_msgs/include/abb_rapid_sm_addin_msgs/abb_rapid_sm_addin_msgs/msg/egm_setup_settings.h
[26.582s] -- Symlinking: /home/ros2/dev_ws/install/abb_rapid_sm_addin_msgs/include/abb_rapid_sm_addin_msgs/abb_rapid_sm_addin_msgs/msg/egm_stop_settings.h
[26.591s] -- Symlinking: /home/ros2/dev_ws/install/abb_rapid_sm_addin_msgs/include/abb_rapid_sm_addin_msgs/abb_rapid_sm_addin_msgs/msg/rosidl_generator_c__visibility_control.h
[26.600s] -- Symlinking: /home/ros2/dev_ws/install/abb_rapid_sm_addin_msgs/include/abb_rapid_sm_addin_msgs/abb_rapid_sm_addin_msgs/msg/runtime_state.h
[26.608s] -- Symlinking: /home/ros2/dev_ws/install/abb_rapid_sm_addin_msgs/include/abb_rapid_sm_addin_msgs/abb_rapid_sm_addin_msgs/msg/state_machine_state.h
[26.616s] -- Symlinking: /home/ros2/dev_ws/install/abb_rapid_sm_addin_msgs/include/abb_rapid_sm_addin_msgs/abb_rapid_sm_addin_msgs/srv/detail/get_egm_settings__functions.h
[26.624s] -- Symlinking: /home/ros2/dev_ws/install/abb_rapid_sm_addin_msgs/include/abb_rapid_sm_addin_msgs/abb_rapid_sm_addin_msgs/srv/detail/get_egm_settings__struct.h
[26.632s] -- Symlinking: /home/ros2/dev_ws/install/abb_rapid_sm_addin_msgs/include/abb_rapid_sm_addin_msgs/abb_rapid_sm_addin_msgs/srv/detail/get_egm_settings__type_support.h
[26.641s] -- Symlinking: /home/ros2/dev_ws/install/abb_rapid_sm_addin_msgs/include/abb_rapid_sm_addin_msgs/abb_rapid_sm_addin_msgs/srv/detail/set_egm_settings__functions.h
[26.649s] -- Symlinking: /home/ros2/dev_ws/install/abb_rapid_sm_addin_msgs/include/abb_rapid_sm_addin_msgs/abb_rapid_sm_addin_msgs/srv/detail/set_egm_settings__struct.h
[26.659s] -- Symlinking: /home/ros2/dev_ws/install/abb_rapid_sm_addin_msgs/include/abb_rapid_sm_addin_msgs/abb_rapid_sm_addin_msgs/srv/detail/set_egm_settings__type_support.h
[26.667s] -- Symlinking: /home/ros2/dev_ws/install/abb_rapid_sm_addin_msgs/include/abb_rapid_sm_addin_msgs/abb_rapid_sm_addin_msgs/srv/detail/set_rapid_routine__functions.h
[26.675s] -- Symlinking: /home/ros2/dev_ws/install/abb_rapid_sm_addin_msgs/include/abb_rapid_sm_addin_msgs/abb_rapid_sm_addin_msgs/srv/detail/set_rapid_routine__struct.h
[26.683s] -- Symlinking: /home/ros2/dev_ws/install/abb_rapid_sm_addin_msgs/include/abb_rapid_sm_addin_msgs/abb_rapid_sm_addin_msgs/srv/detail/set_rapid_routine__type_support.h
[26.691s] -- Symlinking: /home/ros2/dev_ws/install/abb_rapid_sm_addin_msgs/include/abb_rapid_sm_addin_msgs/abb_rapid_sm_addin_msgs/srv/detail/set_sg_command__functions.h
[26.699s] -- Symlinking: /home/ros2/dev_ws/install/abb_rapid_sm_addin_msgs/include/abb_rapid_sm_addin_msgs/abb_rapid_sm_addin_msgs/srv/detail/set_sg_command__struct.h
[26.708s] -- Symlinking: /home/ros2/dev_ws/install/abb_rapid_sm_addin_msgs/include/abb_rapid_sm_addin_msgs/abb_rapid_sm_addin_msgs/srv/detail/set_sg_command__type_support.h
[26.715s] -- Symlinking: /home/ros2/dev_ws/install/abb_rapid_sm_addin_msgs/include/abb_rapid_sm_addin_msgs/abb_rapid_sm_addin_msgs/srv/get_egm_settings.h
[26.723s] -- Symlinking: /home/ros2/dev_ws/install/abb_rapid_sm_addin_msgs/include/abb_rapid_sm_addin_msgs/abb_rapid_sm_addin_msgs/srv/set_egm_settings.h
[26.732s] -- Symlinking: /home/ros2/dev_ws/install/abb_rapid_sm_addin_msgs/include/abb_rapid_sm_addin_msgs/abb_rapid_sm_addin_msgs/srv/set_rapid_routine.h
[26.740s] -- Symlinking: /home/ros2/dev_ws/install/abb_rapid_sm_addin_msgs/include/abb_rapid_sm_addin_msgs/abb_rapid_sm_addin_msgs/srv/set_sg_command.h
[26.748s] -- Symlinking: /home/ros2/dev_ws/install/abb_rapid_sm_addin_msgs/share/abb_rapid_sm_addin_msgs/environment/library_path.sh
[26.756s] -- Symlinking: /home/ros2/dev_ws/install/abb_rapid_sm_addin_msgs/share/abb_rapid_sm_addin_msgs/environment/library_path.dsv
[26.765s] -- Symlinking: /home/ros2/dev_ws/install/abb_rapid_sm_addin_msgs/include/abb_rapid_sm_addin_msgs/abb_rapid_sm_addin_msgs/msg/detail/egm_activate_settings__rosidl_typesupport_fastrtps_c.h
[26.773s] -- Symlinking: /home/ros2/dev_ws/install/abb_rapid_sm_addin_msgs/include/abb_rapid_sm_addin_msgs/abb_rapid_sm_addin_msgs/msg/detail/egm_run_settings__rosidl_typesupport_fastrtps_c.h
[26.781s] -- Symlinking: /home/ros2/dev_ws/install/abb_rapid_sm_addin_msgs/include/abb_rapid_sm_addin_msgs/abb_rapid_sm_addin_msgs/msg/detail/egm_settings__rosidl_typesupport_fastrtps_c.h
[26.788s] -- Symlinking: /home/ros2/dev_ws/install/abb_rapid_sm_addin_msgs/include/abb_rapid_sm_addin_msgs/abb_rapid_sm_addin_msgs/msg/detail/egm_setup_settings__rosidl_typesupport_fastrtps_c.h
[26.797s] -- Symlinking: /home/ros2/dev_ws/install/abb_rapid_sm_addin_msgs/include/abb_rapid_sm_addin_msgs/abb_rapid_sm_addin_msgs/msg/detail/egm_stop_settings__rosidl_typesupport_fastrtps_c.h
[26.805s] -- Symlinking: /home/ros2/dev_ws/install/abb_rapid_sm_addin_msgs/include/abb_rapid_sm_addin_msgs/abb_rapid_sm_addin_msgs/msg/detail/runtime_state__rosidl_typesupport_fastrtps_c.h
[26.813s] -- Symlinking: /home/ros2/dev_ws/install/abb_rapid_sm_addin_msgs/include/abb_rapid_sm_addin_msgs/abb_rapid_sm_addin_msgs/msg/detail/state_machine_state__rosidl_typesupport_fastrtps_c.h
[26.821s] -- Symlinking: /home/ros2/dev_ws/install/abb_rapid_sm_addin_msgs/include/abb_rapid_sm_addin_msgs/abb_rapid_sm_addin_msgs/msg/rosidl_typesupport_fastrtps_c__visibility_control.h
[26.829s] -- Symlinking: /home/ros2/dev_ws/install/abb_rapid_sm_addin_msgs/include/abb_rapid_sm_addin_msgs/abb_rapid_sm_addin_msgs/srv/detail/get_egm_settings__rosidl_typesupport_fastrtps_c.h
[26.838s] -- Symlinking: /home/ros2/dev_ws/install/abb_rapid_sm_addin_msgs/include/abb_rapid_sm_addin_msgs/abb_rapid_sm_addin_msgs/srv/detail/set_egm_settings__rosidl_typesupport_fastrtps_c.h
[26.846s] -- Symlinking: /home/ros2/dev_ws/install/abb_rapid_sm_addin_msgs/include/abb_rapid_sm_addin_msgs/abb_rapid_sm_addin_msgs/srv/detail/set_rapid_routine__rosidl_typesupport_fastrtps_c.h
[26.854s] -- Symlinking: /home/ros2/dev_ws/install/abb_rapid_sm_addin_msgs/include/abb_rapid_sm_addin_msgs/abb_rapid_sm_addin_msgs/srv/detail/set_sg_command__rosidl_typesupport_fastrtps_c.h
[26.863s] -- Symlinking: /home/ros2/dev_ws/install/abb_rapid_sm_addin_msgs/include/abb_rapid_sm_addin_msgs/abb_rapid_sm_addin_msgs/msg/detail/egm_activate_settings__rosidl_typesupport_introspection_c.h
[26.871s] -- Symlinking: /home/ros2/dev_ws/install/abb_rapid_sm_addin_msgs/include/abb_rapid_sm_addin_msgs/abb_rapid_sm_addin_msgs/msg/detail/egm_run_settings__rosidl_typesupport_introspection_c.h
[26.879s] -- Symlinking: /home/ros2/dev_ws/install/abb_rapid_sm_addin_msgs/include/abb_rapid_sm_addin_msgs/abb_rapid_sm_addin_msgs/msg/detail/egm_settings__rosidl_typesupport_introspection_c.h
[26.886s] -- Symlinking: /home/ros2/dev_ws/install/abb_rapid_sm_addin_msgs/include/abb_rapid_sm_addin_msgs/abb_rapid_sm_addin_msgs/msg/detail/egm_setup_settings__rosidl_typesupport_introspection_c.h
[26.894s] -- Symlinking: /home/ros2/dev_ws/install/abb_rapid_sm_addin_msgs/include/abb_rapid_sm_addin_msgs/abb_rapid_sm_addin_msgs/msg/detail/egm_stop_settings__rosidl_typesupport_introspection_c.h
[26.902s] -- Symlinking: /home/ros2/dev_ws/install/abb_rapid_sm_addin_msgs/include/abb_rapid_sm_addin_msgs/abb_rapid_sm_addin_msgs/msg/detail/runtime_state__rosidl_typesupport_introspection_c.h
[26.910s] -- Symlinking: /home/ros2/dev_ws/install/abb_rapid_sm_addin_msgs/include/abb_rapid_sm_addin_msgs/abb_rapid_sm_addin_msgs/msg/detail/state_machine_state__rosidl_typesupport_introspection_c.h
[26.918s] -- Symlinking: /home/ros2/dev_ws/install/abb_rapid_sm_addin_msgs/include/abb_rapid_sm_addin_msgs/abb_rapid_sm_addin_msgs/msg/rosidl_typesupport_introspection_c__visibility_control.h
[26.927s] -- Symlinking: /home/ros2/dev_ws/install/abb_rapid_sm_addin_msgs/include/abb_rapid_sm_addin_msgs/abb_rapid_sm_addin_msgs/srv/detail/get_egm_settings__rosidl_typesupport_introspection_c.h
[26.935s] -- Symlinking: /home/ros2/dev_ws/install/abb_rapid_sm_addin_msgs/include/abb_rapid_sm_addin_msgs/abb_rapid_sm_addin_msgs/srv/detail/set_egm_settings__rosidl_typesupport_introspection_c.h
[26.944s] -- Symlinking: /home/ros2/dev_ws/install/abb_rapid_sm_addin_msgs/include/abb_rapid_sm_addin_msgs/abb_rapid_sm_addin_msgs/srv/detail/set_rapid_routine__rosidl_typesupport_introspection_c.h
[26.954s] -- Symlinking: /home/ros2/dev_ws/install/abb_rapid_sm_addin_msgs/include/abb_rapid_sm_addin_msgs/abb_rapid_sm_addin_msgs/srv/detail/set_sg_command__rosidl_typesupport_introspection_c.h
[26.963s] -- Symlinking: /home/ros2/dev_ws/install/abb_rapid_sm_addin_msgs/include/abb_rapid_sm_addin_msgs/abb_rapid_sm_addin_msgs/msg/detail/egm_activate_settings__builder.hpp
[26.971s] -- Symlinking: /home/ros2/dev_ws/install/abb_rapid_sm_addin_msgs/include/abb_rapid_sm_addin_msgs/abb_rapid_sm_addin_msgs/msg/detail/egm_activate_settings__struct.hpp
[26.979s] -- Symlinking: /home/ros2/dev_ws/install/abb_rapid_sm_addin_msgs/include/abb_rapid_sm_addin_msgs/abb_rapid_sm_addin_msgs/msg/detail/egm_activate_settings__traits.hpp
[26.987s] -- Symlinking: /home/ros2/dev_ws/install/abb_rapid_sm_addin_msgs/include/abb_rapid_sm_addin_msgs/abb_rapid_sm_addin_msgs/msg/detail/egm_activate_settings__type_support.hpp
[26.995s] -- Symlinking: /home/ros2/dev_ws/install/abb_rapid_sm_addin_msgs/include/abb_rapid_sm_addin_msgs/abb_rapid_sm_addin_msgs/msg/detail/egm_run_settings__builder.hpp
[27.003s] -- Symlinking: /home/ros2/dev_ws/install/abb_rapid_sm_addin_msgs/include/abb_rapid_sm_addin_msgs/abb_rapid_sm_addin_msgs/msg/detail/egm_run_settings__struct.hpp
[27.011s] -- Symlinking: /home/ros2/dev_ws/install/abb_rapid_sm_addin_msgs/include/abb_rapid_sm_addin_msgs/abb_rapid_sm_addin_msgs/msg/detail/egm_run_settings__traits.hpp
[27.019s] -- Symlinking: /home/ros2/dev_ws/install/abb_rapid_sm_addin_msgs/include/abb_rapid_sm_addin_msgs/abb_rapid_sm_addin_msgs/msg/detail/egm_run_settings__type_support.hpp
[27.028s] -- Symlinking: /home/ros2/dev_ws/install/abb_rapid_sm_addin_msgs/include/abb_rapid_sm_addin_msgs/abb_rapid_sm_addin_msgs/msg/detail/egm_settings__builder.hpp
[27.036s] -- Symlinking: /home/ros2/dev_ws/install/abb_rapid_sm_addin_msgs/include/abb_rapid_sm_addin_msgs/abb_rapid_sm_addin_msgs/msg/detail/egm_settings__struct.hpp
[27.044s] -- Symlinking: /home/ros2/dev_ws/install/abb_rapid_sm_addin_msgs/include/abb_rapid_sm_addin_msgs/abb_rapid_sm_addin_msgs/msg/detail/egm_settings__traits.hpp
[27.052s] -- Symlinking: /home/ros2/dev_ws/install/abb_rapid_sm_addin_msgs/include/abb_rapid_sm_addin_msgs/abb_rapid_sm_addin_msgs/msg/detail/egm_settings__type_support.hpp
[27.060s] -- Symlinking: /home/ros2/dev_ws/install/abb_rapid_sm_addin_msgs/include/abb_rapid_sm_addin_msgs/abb_rapid_sm_addin_msgs/msg/detail/egm_setup_settings__builder.hpp
[27.068s] -- Symlinking: /home/ros2/dev_ws/install/abb_rapid_sm_addin_msgs/include/abb_rapid_sm_addin_msgs/abb_rapid_sm_addin_msgs/msg/detail/egm_setup_settings__struct.hpp
[27.076s] -- Symlinking: /home/ros2/dev_ws/install/abb_rapid_sm_addin_msgs/include/abb_rapid_sm_addin_msgs/abb_rapid_sm_addin_msgs/msg/detail/egm_setup_settings__traits.hpp
[27.083s] -- Symlinking: /home/ros2/dev_ws/install/abb_rapid_sm_addin_msgs/include/abb_rapid_sm_addin_msgs/abb_rapid_sm_addin_msgs/msg/detail/egm_setup_settings__type_support.hpp
[27.091s] -- Symlinking: /home/ros2/dev_ws/install/abb_rapid_sm_addin_msgs/include/abb_rapid_sm_addin_msgs/abb_rapid_sm_addin_msgs/msg/detail/egm_stop_settings__builder.hpp
[27.099s] -- Symlinking: /home/ros2/dev_ws/install/abb_rapid_sm_addin_msgs/include/abb_rapid_sm_addin_msgs/abb_rapid_sm_addin_msgs/msg/detail/egm_stop_settings__struct.hpp
[27.107s] -- Symlinking: /home/ros2/dev_ws/install/abb_rapid_sm_addin_msgs/include/abb_rapid_sm_addin_msgs/abb_rapid_sm_addin_msgs/msg/detail/egm_stop_settings__traits.hpp
[27.115s] -- Symlinking: /home/ros2/dev_ws/install/abb_rapid_sm_addin_msgs/include/abb_rapid_sm_addin_msgs/abb_rapid_sm_addin_msgs/msg/detail/egm_stop_settings__type_support.hpp
[27.123s] -- Symlinking: /home/ros2/dev_ws/install/abb_rapid_sm_addin_msgs/include/abb_rapid_sm_addin_msgs/abb_rapid_sm_addin_msgs/msg/detail/runtime_state__builder.hpp
[27.132s] -- Symlinking: /home/ros2/dev_ws/install/abb_rapid_sm_addin_msgs/include/abb_rapid_sm_addin_msgs/abb_rapid_sm_addin_msgs/msg/detail/runtime_state__struct.hpp
[27.141s] -- Symlinking: /home/ros2/dev_ws/install/abb_rapid_sm_addin_msgs/include/abb_rapid_sm_addin_msgs/abb_rapid_sm_addin_msgs/msg/detail/runtime_state__traits.hpp
[27.149s] -- Symlinking: /home/ros2/dev_ws/install/abb_rapid_sm_addin_msgs/include/abb_rapid_sm_addin_msgs/abb_rapid_sm_addin_msgs/msg/detail/runtime_state__type_support.hpp
[27.157s] -- Symlinking: /home/ros2/dev_ws/install/abb_rapid_sm_addin_msgs/include/abb_rapid_sm_addin_msgs/abb_rapid_sm_addin_msgs/msg/detail/state_machine_state__builder.hpp
[27.165s] -- Symlinking: /home/ros2/dev_ws/install/abb_rapid_sm_addin_msgs/include/abb_rapid_sm_addin_msgs/abb_rapid_sm_addin_msgs/msg/detail/state_machine_state__struct.hpp
[27.173s] -- Symlinking: /home/ros2/dev_ws/install/abb_rapid_sm_addin_msgs/include/abb_rapid_sm_addin_msgs/abb_rapid_sm_addin_msgs/msg/detail/state_machine_state__traits.hpp
[27.182s] -- Symlinking: /home/ros2/dev_ws/install/abb_rapid_sm_addin_msgs/include/abb_rapid_sm_addin_msgs/abb_rapid_sm_addin_msgs/msg/detail/state_machine_state__type_support.hpp
[27.190s] -- Symlinking: /home/ros2/dev_ws/install/abb_rapid_sm_addin_msgs/include/abb_rapid_sm_addin_msgs/abb_rapid_sm_addin_msgs/msg/egm_activate_settings.hpp
[27.198s] -- Symlinking: /home/ros2/dev_ws/install/abb_rapid_sm_addin_msgs/include/abb_rapid_sm_addin_msgs/abb_rapid_sm_addin_msgs/msg/egm_run_settings.hpp
[27.206s] -- Symlinking: /home/ros2/dev_ws/install/abb_rapid_sm_addin_msgs/include/abb_rapid_sm_addin_msgs/abb_rapid_sm_addin_msgs/msg/egm_settings.hpp
[27.215s] -- Symlinking: /home/ros2/dev_ws/install/abb_rapid_sm_addin_msgs/include/abb_rapid_sm_addin_msgs/abb_rapid_sm_addin_msgs/msg/egm_setup_settings.hpp
[27.223s] -- Symlinking: /home/ros2/dev_ws/install/abb_rapid_sm_addin_msgs/include/abb_rapid_sm_addin_msgs/abb_rapid_sm_addin_msgs/msg/egm_stop_settings.hpp
[27.231s] -- Symlinking: /home/ros2/dev_ws/install/abb_rapid_sm_addin_msgs/include/abb_rapid_sm_addin_msgs/abb_rapid_sm_addin_msgs/msg/rosidl_generator_cpp__visibility_control.hpp
[27.241s] -- Symlinking: /home/ros2/dev_ws/install/abb_rapid_sm_addin_msgs/include/abb_rapid_sm_addin_msgs/abb_rapid_sm_addin_msgs/msg/runtime_state.hpp
[27.250s] -- Symlinking: /home/ros2/dev_ws/install/abb_rapid_sm_addin_msgs/include/abb_rapid_sm_addin_msgs/abb_rapid_sm_addin_msgs/msg/state_machine_state.hpp
[27.258s] -- Symlinking: /home/ros2/dev_ws/install/abb_rapid_sm_addin_msgs/include/abb_rapid_sm_addin_msgs/abb_rapid_sm_addin_msgs/srv/detail/get_egm_settings__builder.hpp
[27.266s] -- Symlinking: /home/ros2/dev_ws/install/abb_rapid_sm_addin_msgs/include/abb_rapid_sm_addin_msgs/abb_rapid_sm_addin_msgs/srv/detail/get_egm_settings__struct.hpp
[27.274s] -- Symlinking: /home/ros2/dev_ws/install/abb_rapid_sm_addin_msgs/include/abb_rapid_sm_addin_msgs/abb_rapid_sm_addin_msgs/srv/detail/get_egm_settings__traits.hpp
[27.282s] -- Symlinking: /home/ros2/dev_ws/install/abb_rapid_sm_addin_msgs/include/abb_rapid_sm_addin_msgs/abb_rapid_sm_addin_msgs/srv/detail/get_egm_settings__type_support.hpp
[27.290s] -- Symlinking: /home/ros2/dev_ws/install/abb_rapid_sm_addin_msgs/include/abb_rapid_sm_addin_msgs/abb_rapid_sm_addin_msgs/srv/detail/set_egm_settings__builder.hpp
[27.298s] -- Symlinking: /home/ros2/dev_ws/install/abb_rapid_sm_addin_msgs/include/abb_rapid_sm_addin_msgs/abb_rapid_sm_addin_msgs/srv/detail/set_egm_settings__struct.hpp
[27.306s] -- Symlinking: /home/ros2/dev_ws/install/abb_rapid_sm_addin_msgs/include/abb_rapid_sm_addin_msgs/abb_rapid_sm_addin_msgs/srv/detail/set_egm_settings__traits.hpp
[27.314s] -- Symlinking: /home/ros2/dev_ws/install/abb_rapid_sm_addin_msgs/include/abb_rapid_sm_addin_msgs/abb_rapid_sm_addin_msgs/srv/detail/set_egm_settings__type_support.hpp
[27.322s] -- Symlinking: /home/ros2/dev_ws/install/abb_rapid_sm_addin_msgs/include/abb_rapid_sm_addin_msgs/abb_rapid_sm_addin_msgs/srv/detail/set_rapid_routine__builder.hpp
[27.331s] -- Symlinking: /home/ros2/dev_ws/install/abb_rapid_sm_addin_msgs/include/abb_rapid_sm_addin_msgs/abb_rapid_sm_addin_msgs/srv/detail/set_rapid_routine__struct.hpp
[27.339s] -- Symlinking: /home/ros2/dev_ws/install/abb_rapid_sm_addin_msgs/include/abb_rapid_sm_addin_msgs/abb_rapid_sm_addin_msgs/srv/detail/set_rapid_routine__traits.hpp
[27.348s] -- Symlinking: /home/ros2/dev_ws/install/abb_rapid_sm_addin_msgs/include/abb_rapid_sm_addin_msgs/abb_rapid_sm_addin_msgs/srv/detail/set_rapid_routine__type_support.hpp
[27.356s] -- Symlinking: /home/ros2/dev_ws/install/abb_rapid_sm_addin_msgs/include/abb_rapid_sm_addin_msgs/abb_rapid_sm_addin_msgs/srv/detail/set_sg_command__builder.hpp
[27.364s] -- Symlinking: /home/ros2/dev_ws/install/abb_rapid_sm_addin_msgs/include/abb_rapid_sm_addin_msgs/abb_rapid_sm_addin_msgs/srv/detail/set_sg_command__struct.hpp
[27.372s] -- Symlinking: /home/ros2/dev_ws/install/abb_rapid_sm_addin_msgs/include/abb_rapid_sm_addin_msgs/abb_rapid_sm_addin_msgs/srv/detail/set_sg_command__traits.hpp
[27.379s] -- Symlinking: /home/ros2/dev_ws/install/abb_rapid_sm_addin_msgs/include/abb_rapid_sm_addin_msgs/abb_rapid_sm_addin_msgs/srv/detail/set_sg_command__type_support.hpp
[27.387s] -- Symlinking: /home/ros2/dev_ws/install/abb_rapid_sm_addin_msgs/include/abb_rapid_sm_addin_msgs/abb_rapid_sm_addin_msgs/srv/get_egm_settings.hpp
[27.395s] -- Symlinking: /home/ros2/dev_ws/install/abb_rapid_sm_addin_msgs/include/abb_rapid_sm_addin_msgs/abb_rapid_sm_addin_msgs/srv/set_egm_settings.hpp
[27.403s] -- Symlinking: /home/ros2/dev_ws/install/abb_rapid_sm_addin_msgs/include/abb_rapid_sm_addin_msgs/abb_rapid_sm_addin_msgs/srv/set_rapid_routine.hpp
[27.411s] -- Symlinking: /home/ros2/dev_ws/install/abb_rapid_sm_addin_msgs/include/abb_rapid_sm_addin_msgs/abb_rapid_sm_addin_msgs/srv/set_sg_command.hpp
[27.419s] -- Symlinking: /home/ros2/dev_ws/install/abb_rapid_sm_addin_msgs/include/abb_rapid_sm_addin_msgs/abb_rapid_sm_addin_msgs/msg/detail/egm_activate_settings__rosidl_typesupport_fastrtps_cpp.hpp
[27.427s] -- Symlinking: /home/ros2/dev_ws/install/abb_rapid_sm_addin_msgs/include/abb_rapid_sm_addin_msgs/abb_rapid_sm_addin_msgs/msg/detail/egm_run_settings__rosidl_typesupport_fastrtps_cpp.hpp
[27.435s] -- Symlinking: /home/ros2/dev_ws/install/abb_rapid_sm_addin_msgs/include/abb_rapid_sm_addin_msgs/abb_rapid_sm_addin_msgs/msg/detail/egm_settings__rosidl_typesupport_fastrtps_cpp.hpp
[27.444s] -- Symlinking: /home/ros2/dev_ws/install/abb_rapid_sm_addin_msgs/include/abb_rapid_sm_addin_msgs/abb_rapid_sm_addin_msgs/msg/detail/egm_setup_settings__rosidl_typesupport_fastrtps_cpp.hpp
[27.452s] -- Symlinking: /home/ros2/dev_ws/install/abb_rapid_sm_addin_msgs/include/abb_rapid_sm_addin_msgs/abb_rapid_sm_addin_msgs/msg/detail/egm_stop_settings__rosidl_typesupport_fastrtps_cpp.hpp
[27.460s] -- Symlinking: /home/ros2/dev_ws/install/abb_rapid_sm_addin_msgs/include/abb_rapid_sm_addin_msgs/abb_rapid_sm_addin_msgs/msg/detail/runtime_state__rosidl_typesupport_fastrtps_cpp.hpp
[27.469s] -- Symlinking: /home/ros2/dev_ws/install/abb_rapid_sm_addin_msgs/include/abb_rapid_sm_addin_msgs/abb_rapid_sm_addin_msgs/msg/detail/state_machine_state__rosidl_typesupport_fastrtps_cpp.hpp
[27.476s] -- Symlinking: /home/ros2/dev_ws/install/abb_rapid_sm_addin_msgs/include/abb_rapid_sm_addin_msgs/abb_rapid_sm_addin_msgs/msg/rosidl_typesupport_fastrtps_cpp__visibility_control.h
[27.484s] -- Symlinking: /home/ros2/dev_ws/install/abb_rapid_sm_addin_msgs/include/abb_rapid_sm_addin_msgs/abb_rapid_sm_addin_msgs/srv/detail/get_egm_settings__rosidl_typesupport_fastrtps_cpp.hpp
[27.493s] -- Symlinking: /home/ros2/dev_ws/install/abb_rapid_sm_addin_msgs/include/abb_rapid_sm_addin_msgs/abb_rapid_sm_addin_msgs/srv/detail/set_egm_settings__rosidl_typesupport_fastrtps_cpp.hpp
[27.502s] -- Symlinking: /home/ros2/dev_ws/install/abb_rapid_sm_addin_msgs/include/abb_rapid_sm_addin_msgs/abb_rapid_sm_addin_msgs/srv/detail/set_rapid_routine__rosidl_typesupport_fastrtps_cpp.hpp
[27.510s] -- Symlinking: /home/ros2/dev_ws/install/abb_rapid_sm_addin_msgs/include/abb_rapid_sm_addin_msgs/abb_rapid_sm_addin_msgs/srv/detail/set_sg_command__rosidl_typesupport_fastrtps_cpp.hpp
[27.519s] -- Symlinking: /home/ros2/dev_ws/install/abb_rapid_sm_addin_msgs/include/abb_rapid_sm_addin_msgs/abb_rapid_sm_addin_msgs/msg/detail/egm_activate_settings__rosidl_typesupport_introspection_cpp.hpp
[27.528s] -- Symlinking: /home/ros2/dev_ws/install/abb_rapid_sm_addin_msgs/include/abb_rapid_sm_addin_msgs/abb_rapid_sm_addin_msgs/msg/detail/egm_run_settings__rosidl_typesupport_introspection_cpp.hpp
[27.536s] -- Symlinking: /home/ros2/dev_ws/install/abb_rapid_sm_addin_msgs/include/abb_rapid_sm_addin_msgs/abb_rapid_sm_addin_msgs/msg/detail/egm_settings__rosidl_typesupport_introspection_cpp.hpp
[27.544s] -- Symlinking: /home/ros2/dev_ws/install/abb_rapid_sm_addin_msgs/include/abb_rapid_sm_addin_msgs/abb_rapid_sm_addin_msgs/msg/detail/egm_setup_settings__rosidl_typesupport_introspection_cpp.hpp
[27.552s] -- Symlinking: /home/ros2/dev_ws/install/abb_rapid_sm_addin_msgs/include/abb_rapid_sm_addin_msgs/abb_rapid_sm_addin_msgs/msg/detail/egm_stop_settings__rosidl_typesupport_introspection_cpp.hpp
[27.560s] -- Symlinking: /home/ros2/dev_ws/install/abb_rapid_sm_addin_msgs/include/abb_rapid_sm_addin_msgs/abb_rapid_sm_addin_msgs/msg/detail/runtime_state__rosidl_typesupport_introspection_cpp.hpp
[27.568s] -- Symlinking: /home/ros2/dev_ws/install/abb_rapid_sm_addin_msgs/include/abb_rapid_sm_addin_msgs/abb_rapid_sm_addin_msgs/msg/detail/state_machine_state__rosidl_typesupport_introspection_cpp.hpp
[27.576s] -- Symlinking: /home/ros2/dev_ws/install/abb_rapid_sm_addin_msgs/include/abb_rapid_sm_addin_msgs/abb_rapid_sm_addin_msgs/srv/detail/get_egm_settings__rosidl_typesupport_introspection_cpp.hpp
[27.585s] -- Symlinking: /home/ros2/dev_ws/install/abb_rapid_sm_addin_msgs/include/abb_rapid_sm_addin_msgs/abb_rapid_sm_addin_msgs/srv/detail/set_egm_settings__rosidl_typesupport_introspection_cpp.hpp
[27.593s] -- Symlinking: /home/ros2/dev_ws/install/abb_rapid_sm_addin_msgs/include/abb_rapid_sm_addin_msgs/abb_rapid_sm_addin_msgs/srv/detail/set_rapid_routine__rosidl_typesupport_introspection_cpp.hpp
[27.601s] -- Symlinking: /home/ros2/dev_ws/install/abb_rapid_sm_addin_msgs/include/abb_rapid_sm_addin_msgs/abb_rapid_sm_addin_msgs/srv/detail/set_sg_command__rosidl_typesupport_introspection_cpp.hpp
[27.610s] -- Symlinking: /home/ros2/dev_ws/install/abb_rapid_sm_addin_msgs/share/abb_rapid_sm_addin_msgs/environment/pythonpath.sh
[27.617s] -- Symlinking: /home/ros2/dev_ws/install/abb_rapid_sm_addin_msgs/share/abb_rapid_sm_addin_msgs/environment/pythonpath.dsv
[27.626s] -- Symlinking: /home/ros2/dev_ws/install/abb_rapid_sm_addin_msgs/local/lib/python3.10/dist-packages/abb_rapid_sm_addin_msgs-1.0.0-py3.10.egg-info/PKG-INFO
[27.634s] -- Symlinking: /home/ros2/dev_ws/install/abb_rapid_sm_addin_msgs/local/lib/python3.10/dist-packages/abb_rapid_sm_addin_msgs-1.0.0-py3.10.egg-info/SOURCES.txt
[27.642s] -- Symlinking: /home/ros2/dev_ws/install/abb_rapid_sm_addin_msgs/local/lib/python3.10/dist-packages/abb_rapid_sm_addin_msgs-1.0.0-py3.10.egg-info/dependency_links.txt
[27.650s] -- Symlinking: /home/ros2/dev_ws/install/abb_rapid_sm_addin_msgs/local/lib/python3.10/dist-packages/abb_rapid_sm_addin_msgs-1.0.0-py3.10.egg-info/top_level.txt
[27.660s] -- Symlinking: /home/ros2/dev_ws/install/abb_rapid_sm_addin_msgs/local/lib/python3.10/dist-packages/abb_rapid_sm_addin_msgs/__init__.py
[27.668s] -- Symlinking: /home/ros2/dev_ws/install/abb_rapid_sm_addin_msgs/local/lib/python3.10/dist-packages/abb_rapid_sm_addin_msgs/_abb_rapid_sm_addin_msgs_s.ep.rosidl_typesupport_c.c
[27.677s] -- Symlinking: /home/ros2/dev_ws/install/abb_rapid_sm_addin_msgs/local/lib/python3.10/dist-packages/abb_rapid_sm_addin_msgs/_abb_rapid_sm_addin_msgs_s.ep.rosidl_typesupport_fastrtps_c.c
[27.687s] -- Symlinking: /home/ros2/dev_ws/install/abb_rapid_sm_addin_msgs/local/lib/python3.10/dist-packages/abb_rapid_sm_addin_msgs/_abb_rapid_sm_addin_msgs_s.ep.rosidl_typesupport_introspection_c.c
[27.695s] -- Symlinking: /home/ros2/dev_ws/install/abb_rapid_sm_addin_msgs/local/lib/python3.10/dist-packages/abb_rapid_sm_addin_msgs/abb_rapid_sm_addin_msgs_s__rosidl_typesupport_c.cpython-310-x86_64-linux-gnu.so
[27.703s] -- Symlinking: /home/ros2/dev_ws/install/abb_rapid_sm_addin_msgs/local/lib/python3.10/dist-packages/abb_rapid_sm_addin_msgs/abb_rapid_sm_addin_msgs_s__rosidl_typesupport_fastrtps_c.cpython-310-x86_64-linux-gnu.so
[27.711s] -- Symlinking: /home/ros2/dev_ws/install/abb_rapid_sm_addin_msgs/local/lib/python3.10/dist-packages/abb_rapid_sm_addin_msgs/abb_rapid_sm_addin_msgs_s__rosidl_typesupport_introspection_c.cpython-310-x86_64-linux-gnu.so
[27.721s] -- Symlinking: /home/ros2/dev_ws/install/abb_rapid_sm_addin_msgs/local/lib/python3.10/dist-packages/abb_rapid_sm_addin_msgs/libabb_rapid_sm_addin_msgs__rosidl_generator_py.so
[27.729s] -- Symlinking: /home/ros2/dev_ws/install/abb_rapid_sm_addin_msgs/local/lib/python3.10/dist-packages/abb_rapid_sm_addin_msgs/msg/__init__.py
[27.737s] -- Symlinking: /home/ros2/dev_ws/install/abb_rapid_sm_addin_msgs/local/lib/python3.10/dist-packages/abb_rapid_sm_addin_msgs/msg/_egm_activate_settings.py
[27.745s] -- Symlinking: /home/ros2/dev_ws/install/abb_rapid_sm_addin_msgs/local/lib/python3.10/dist-packages/abb_rapid_sm_addin_msgs/msg/_egm_activate_settings_s.c
[27.753s] -- Symlinking: /home/ros2/dev_ws/install/abb_rapid_sm_addin_msgs/local/lib/python3.10/dist-packages/abb_rapid_sm_addin_msgs/msg/_egm_run_settings.py
[27.762s] -- Symlinking: /home/ros2/dev_ws/install/abb_rapid_sm_addin_msgs/local/lib/python3.10/dist-packages/abb_rapid_sm_addin_msgs/msg/_egm_run_settings_s.c
[27.771s] -- Symlinking: /home/ros2/dev_ws/install/abb_rapid_sm_addin_msgs/local/lib/python3.10/dist-packages/abb_rapid_sm_addin_msgs/msg/_egm_settings.py
[27.779s] -- Symlinking: /home/ros2/dev_ws/install/abb_rapid_sm_addin_msgs/local/lib/python3.10/dist-packages/abb_rapid_sm_addin_msgs/msg/_egm_settings_s.c
[27.787s] -- Symlinking: /home/ros2/dev_ws/install/abb_rapid_sm_addin_msgs/local/lib/python3.10/dist-packages/abb_rapid_sm_addin_msgs/msg/_egm_setup_settings.py
[27.795s] -- Symlinking: /home/ros2/dev_ws/install/abb_rapid_sm_addin_msgs/local/lib/python3.10/dist-packages/abb_rapid_sm_addin_msgs/msg/_egm_setup_settings_s.c
[27.803s] -- Symlinking: /home/ros2/dev_ws/install/abb_rapid_sm_addin_msgs/local/lib/python3.10/dist-packages/abb_rapid_sm_addin_msgs/msg/_egm_stop_settings.py
[27.811s] -- Symlinking: /home/ros2/dev_ws/install/abb_rapid_sm_addin_msgs/local/lib/python3.10/dist-packages/abb_rapid_sm_addin_msgs/msg/_egm_stop_settings_s.c
[27.819s] -- Symlinking: /home/ros2/dev_ws/install/abb_rapid_sm_addin_msgs/local/lib/python3.10/dist-packages/abb_rapid_sm_addin_msgs/msg/_runtime_state.py
[27.826s] -- Symlinking: /home/ros2/dev_ws/install/abb_rapid_sm_addin_msgs/local/lib/python3.10/dist-packages/abb_rapid_sm_addin_msgs/msg/_runtime_state_s.c
[27.834s] -- Symlinking: /home/ros2/dev_ws/install/abb_rapid_sm_addin_msgs/local/lib/python3.10/dist-packages/abb_rapid_sm_addin_msgs/msg/_state_machine_state.py
[27.842s] -- Symlinking: /home/ros2/dev_ws/install/abb_rapid_sm_addin_msgs/local/lib/python3.10/dist-packages/abb_rapid_sm_addin_msgs/msg/_state_machine_state_s.c
[27.850s] -- Symlinking: /home/ros2/dev_ws/install/abb_rapid_sm_addin_msgs/local/lib/python3.10/dist-packages/abb_rapid_sm_addin_msgs/srv/__init__.py
[27.858s] -- Symlinking: /home/ros2/dev_ws/install/abb_rapid_sm_addin_msgs/local/lib/python3.10/dist-packages/abb_rapid_sm_addin_msgs/srv/_get_egm_settings.py
[27.869s] -- Symlinking: /home/ros2/dev_ws/install/abb_rapid_sm_addin_msgs/local/lib/python3.10/dist-packages/abb_rapid_sm_addin_msgs/srv/_get_egm_settings_s.c
[27.877s] -- Symlinking: /home/ros2/dev_ws/install/abb_rapid_sm_addin_msgs/local/lib/python3.10/dist-packages/abb_rapid_sm_addin_msgs/srv/_set_egm_settings.py
[27.885s] -- Symlinking: /home/ros2/dev_ws/install/abb_rapid_sm_addin_msgs/local/lib/python3.10/dist-packages/abb_rapid_sm_addin_msgs/srv/_set_egm_settings_s.c
[27.893s] -- Symlinking: /home/ros2/dev_ws/install/abb_rapid_sm_addin_msgs/local/lib/python3.10/dist-packages/abb_rapid_sm_addin_msgs/srv/_set_rapid_routine.py
[27.903s] -- Symlinking: /home/ros2/dev_ws/install/abb_rapid_sm_addin_msgs/local/lib/python3.10/dist-packages/abb_rapid_sm_addin_msgs/srv/_set_rapid_routine_s.c
[27.912s] -- Symlinking: /home/ros2/dev_ws/install/abb_rapid_sm_addin_msgs/local/lib/python3.10/dist-packages/abb_rapid_sm_addin_msgs/srv/_set_sg_command.py
[27.920s] -- Symlinking: /home/ros2/dev_ws/install/abb_rapid_sm_addin_msgs/local/lib/python3.10/dist-packages/abb_rapid_sm_addin_msgs/srv/_set_sg_command_s.c
[27.929s] -- Up-to-date symlink: /home/ros2/dev_ws/install/abb_rapid_sm_addin_msgs/local/lib/python3.10/dist-packages/abb_rapid_sm_addin_msgs/abb_rapid_sm_addin_msgs_s__rosidl_typesupport_fastrtps_c.cpython-310-x86_64-linux-gnu.so
[27.929s] -- Up-to-date symlink: /home/ros2/dev_ws/install/abb_rapid_sm_addin_msgs/local/lib/python3.10/dist-packages/abb_rapid_sm_addin_msgs/abb_rapid_sm_addin_msgs_s__rosidl_typesupport_introspection_c.cpython-310-x86_64-linux-gnu.so
[27.929s] -- Up-to-date symlink: /home/ros2/dev_ws/install/abb_rapid_sm_addin_msgs/local/lib/python3.10/dist-packages/abb_rapid_sm_addin_msgs/abb_rapid_sm_addin_msgs_s__rosidl_typesupport_c.cpython-310-x86_64-linux-gnu.so
[27.930s] -- Symlinking: /home/ros2/dev_ws/install/abb_rapid_sm_addin_msgs/share/abb_rapid_sm_addin_msgs/msg/EGMActivateSettings.idl
[27.938s] -- Symlinking: /home/ros2/dev_ws/install/abb_rapid_sm_addin_msgs/share/abb_rapid_sm_addin_msgs/msg/EGMRunSettings.idl
[27.946s] -- Symlinking: /home/ros2/dev_ws/install/abb_rapid_sm_addin_msgs/share/abb_rapid_sm_addin_msgs/msg/EGMSettings.idl
[27.957s] -- Symlinking: /home/ros2/dev_ws/install/abb_rapid_sm_addin_msgs/share/abb_rapid_sm_addin_msgs/msg/EGMSetupSettings.idl
[27.964s] -- Symlinking: /home/ros2/dev_ws/install/abb_rapid_sm_addin_msgs/share/abb_rapid_sm_addin_msgs/msg/EGMStopSettings.idl
[27.972s] -- Symlinking: /home/ros2/dev_ws/install/abb_rapid_sm_addin_msgs/share/abb_rapid_sm_addin_msgs/msg/RuntimeState.idl
[27.979s] -- Symlinking: /home/ros2/dev_ws/install/abb_rapid_sm_addin_msgs/share/abb_rapid_sm_addin_msgs/msg/StateMachineState.idl
[27.987s] -- Symlinking: /home/ros2/dev_ws/install/abb_rapid_sm_addin_msgs/share/abb_rapid_sm_addin_msgs/srv/GetEGMSettings.idl
[27.995s] -- Symlinking: /home/ros2/dev_ws/install/abb_rapid_sm_addin_msgs/share/abb_rapid_sm_addin_msgs/srv/SetEGMSettings.idl
[28.003s] -- Symlinking: /home/ros2/dev_ws/install/abb_rapid_sm_addin_msgs/share/abb_rapid_sm_addin_msgs/srv/SetRAPIDRoutine.idl
[28.010s] -- Symlinking: /home/ros2/dev_ws/install/abb_rapid_sm_addin_msgs/share/abb_rapid_sm_addin_msgs/srv/SetSGCommand.idl
[28.017s] -- Symlinking: /home/ros2/dev_ws/install/abb_rapid_sm_addin_msgs/share/abb_rapid_sm_addin_msgs/msg/EGMActivateSettings.msg
[28.025s] -- Symlinking: /home/ros2/dev_ws/install/abb_rapid_sm_addin_msgs/share/abb_rapid_sm_addin_msgs/msg/EGMRunSettings.msg
[28.033s] -- Symlinking: /home/ros2/dev_ws/install/abb_rapid_sm_addin_msgs/share/abb_rapid_sm_addin_msgs/msg/EGMSettings.msg
[28.042s] -- Symlinking: /home/ros2/dev_ws/install/abb_rapid_sm_addin_msgs/share/abb_rapid_sm_addin_msgs/msg/EGMSetupSettings.msg
[28.050s] -- Symlinking: /home/ros2/dev_ws/install/abb_rapid_sm_addin_msgs/share/abb_rapid_sm_addin_msgs/msg/EGMStopSettings.msg
[28.058s] -- Symlinking: /home/ros2/dev_ws/install/abb_rapid_sm_addin_msgs/share/abb_rapid_sm_addin_msgs/msg/RuntimeState.msg
[28.065s] -- Symlinking: /home/ros2/dev_ws/install/abb_rapid_sm_addin_msgs/share/abb_rapid_sm_addin_msgs/msg/StateMachineState.msg
[28.073s] -- Symlinking: /home/ros2/dev_ws/install/abb_rapid_sm_addin_msgs/share/abb_rapid_sm_addin_msgs/srv/GetEGMSettings.srv
[28.081s] -- Symlinking: /home/ros2/dev_ws/install/abb_rapid_sm_addin_msgs/share/abb_rapid_sm_addin_msgs/srv/GetEGMSettings_Request.msg
[28.089s] -- Symlinking: /home/ros2/dev_ws/install/abb_rapid_sm_addin_msgs/share/abb_rapid_sm_addin_msgs/srv/GetEGMSettings_Response.msg
[28.097s] -- Symlinking: /home/ros2/dev_ws/install/abb_rapid_sm_addin_msgs/share/abb_rapid_sm_addin_msgs/srv/SetEGMSettings.srv
[28.105s] -- Symlinking: /home/ros2/dev_ws/install/abb_rapid_sm_addin_msgs/share/abb_rapid_sm_addin_msgs/srv/SetEGMSettings_Request.msg
[28.114s] -- Symlinking: /home/ros2/dev_ws/install/abb_rapid_sm_addin_msgs/share/abb_rapid_sm_addin_msgs/srv/SetEGMSettings_Response.msg
[28.122s] -- Symlinking: /home/ros2/dev_ws/install/abb_rapid_sm_addin_msgs/share/abb_rapid_sm_addin_msgs/srv/SetRAPIDRoutine.srv
[28.130s] -- Symlinking: /home/ros2/dev_ws/install/abb_rapid_sm_addin_msgs/share/abb_rapid_sm_addin_msgs/srv/SetRAPIDRoutine_Request.msg
[28.138s] -- Symlinking: /home/ros2/dev_ws/install/abb_rapid_sm_addin_msgs/share/abb_rapid_sm_addin_msgs/srv/SetRAPIDRoutine_Response.msg
[28.147s] -- Symlinking: /home/ros2/dev_ws/install/abb_rapid_sm_addin_msgs/share/abb_rapid_sm_addin_msgs/srv/SetSGCommand.srv
[28.154s] -- Symlinking: /home/ros2/dev_ws/install/abb_rapid_sm_addin_msgs/share/abb_rapid_sm_addin_msgs/srv/SetSGCommand_Request.msg
[28.163s] -- Symlinking: /home/ros2/dev_ws/install/abb_rapid_sm_addin_msgs/share/abb_rapid_sm_addin_msgs/srv/SetSGCommand_Response.msg
[28.171s] -- Symlinking: /home/ros2/dev_ws/install/abb_rapid_sm_addin_msgs/share/ament_index/resource_index/package_run_dependencies/abb_rapid_sm_addin_msgs
[28.179s] -- Symlinking: /home/ros2/dev_ws/install/abb_rapid_sm_addin_msgs/share/ament_index/resource_index/parent_prefix_path/abb_rapid_sm_addin_msgs
[28.186s] -- Symlinking: /home/ros2/dev_ws/install/abb_rapid_sm_addin_msgs/share/abb_rapid_sm_addin_msgs/environment/ament_prefix_path.sh
[28.194s] -- Symlinking: /home/ros2/dev_ws/install/abb_rapid_sm_addin_msgs/share/abb_rapid_sm_addin_msgs/environment/ament_prefix_path.dsv
[28.202s] -- Symlinking: /home/ros2/dev_ws/install/abb_rapid_sm_addin_msgs/share/abb_rapid_sm_addin_msgs/environment/path.sh
[28.210s] -- Symlinking: /home/ros2/dev_ws/install/abb_rapid_sm_addin_msgs/share/abb_rapid_sm_addin_msgs/environment/path.dsv
[28.219s] -- Symlinking: /home/ros2/dev_ws/install/abb_rapid_sm_addin_msgs/share/abb_rapid_sm_addin_msgs/local_setup.bash
[28.227s] -- Symlinking: /home/ros2/dev_ws/install/abb_rapid_sm_addin_msgs/share/abb_rapid_sm_addin_msgs/local_setup.sh
[28.235s] -- Symlinking: /home/ros2/dev_ws/install/abb_rapid_sm_addin_msgs/share/abb_rapid_sm_addin_msgs/local_setup.zsh
[28.245s] -- Symlinking: /home/ros2/dev_ws/install/abb_rapid_sm_addin_msgs/share/abb_rapid_sm_addin_msgs/local_setup.dsv
[28.254s] -- Symlinking: /home/ros2/dev_ws/install/abb_rapid_sm_addin_msgs/share/abb_rapid_sm_addin_msgs/package.dsv
[28.262s] -- Symlinking: /home/ros2/dev_ws/install/abb_rapid_sm_addin_msgs/share/ament_index/resource_index/packages/abb_rapid_sm_addin_msgs
[28.271s] -- Symlinking: /home/ros2/dev_ws/install/abb_rapid_sm_addin_msgs/share/abb_rapid_sm_addin_msgs/cmake/rosidl_cmake-extras.cmake
[28.278s] -- Symlinking: /home/ros2/dev_ws/install/abb_rapid_sm_addin_msgs/share/abb_rapid_sm_addin_msgs/cmake/ament_cmake_export_dependencies-extras.cmake
[28.286s] -- Symlinking: /home/ros2/dev_ws/install/abb_rapid_sm_addin_msgs/share/abb_rapid_sm_addin_msgs/cmake/ament_cmake_export_include_directories-extras.cmake
[28.294s] -- Symlinking: /home/ros2/dev_ws/install/abb_rapid_sm_addin_msgs/share/abb_rapid_sm_addin_msgs/cmake/ament_cmake_export_libraries-extras.cmake
[28.302s] -- Symlinking: /home/ros2/dev_ws/install/abb_rapid_sm_addin_msgs/share/abb_rapid_sm_addin_msgs/cmake/ament_cmake_export_targets-extras.cmake
[28.310s] -- Symlinking: /home/ros2/dev_ws/install/abb_rapid_sm_addin_msgs/share/abb_rapid_sm_addin_msgs/cmake/rosidl_cmake_export_typesupport_targets-extras.cmake
[28.318s] -- Symlinking: /home/ros2/dev_ws/install/abb_rapid_sm_addin_msgs/share/abb_rapid_sm_addin_msgs/cmake/rosidl_cmake_export_typesupport_libraries-extras.cmake
[28.326s] -- Symlinking: /home/ros2/dev_ws/install/abb_rapid_sm_addin_msgs/share/abb_rapid_sm_addin_msgs/cmake/abb_rapid_sm_addin_msgsConfig.cmake
[28.334s] -- Symlinking: /home/ros2/dev_ws/install/abb_rapid_sm_addin_msgs/share/abb_rapid_sm_addin_msgs/cmake/abb_rapid_sm_addin_msgsConfig-version.cmake
[28.342s] -- Symlinking: /home/ros2/dev_ws/install/abb_rapid_sm_addin_msgs/share/abb_rapid_sm_addin_msgs/package.xml
[28.350s] -- Installing: /home/ros2/dev_ws/install/abb_rapid_sm_addin_msgs/lib/libabb_rapid_sm_addin_msgs__rosidl_generator_c.so
[28.350s] -- Set runtime path of "/home/ros2/dev_ws/install/abb_rapid_sm_addin_msgs/lib/libabb_rapid_sm_addin_msgs__rosidl_generator_c.so" to ""
[28.351s] -- Installing: /home/ros2/dev_ws/install/abb_rapid_sm_addin_msgs/lib/libabb_rapid_sm_addin_msgs__rosidl_typesupport_fastrtps_c.so
[28.351s] -- Set runtime path of "/home/ros2/dev_ws/install/abb_rapid_sm_addin_msgs/lib/libabb_rapid_sm_addin_msgs__rosidl_typesupport_fastrtps_c.so" to ""
[28.351s] -- Installing: /home/ros2/dev_ws/install/abb_rapid_sm_addin_msgs/lib/libabb_rapid_sm_addin_msgs__rosidl_typesupport_introspection_c.so
[28.351s] -- Set runtime path of "/home/ros2/dev_ws/install/abb_rapid_sm_addin_msgs/lib/libabb_rapid_sm_addin_msgs__rosidl_typesupport_introspection_c.so" to ""
[28.351s] -- Installing: /home/ros2/dev_ws/install/abb_rapid_sm_addin_msgs/lib/libabb_rapid_sm_addin_msgs__rosidl_typesupport_c.so
[28.354s] -- Set runtime path of "/home/ros2/dev_ws/install/abb_rapid_sm_addin_msgs/lib/libabb_rapid_sm_addin_msgs__rosidl_typesupport_c.so" to ""
[28.354s] -- Installing: /home/ros2/dev_ws/install/abb_rapid_sm_addin_msgs/lib/libabb_rapid_sm_addin_msgs__rosidl_typesupport_fastrtps_cpp.so
[28.354s] -- Set runtime path of "/home/ros2/dev_ws/install/abb_rapid_sm_addin_msgs/lib/libabb_rapid_sm_addin_msgs__rosidl_typesupport_fastrtps_cpp.so" to ""
[28.354s] -- Installing: /home/ros2/dev_ws/install/abb_rapid_sm_addin_msgs/lib/libabb_rapid_sm_addin_msgs__rosidl_typesupport_introspection_cpp.so
[28.354s] -- Set runtime path of "/home/ros2/dev_ws/install/abb_rapid_sm_addin_msgs/lib/libabb_rapid_sm_addin_msgs__rosidl_typesupport_introspection_cpp.so" to ""
[28.355s] -- Installing: /home/ros2/dev_ws/install/abb_rapid_sm_addin_msgs/lib/libabb_rapid_sm_addin_msgs__rosidl_typesupport_cpp.so
[28.355s] -- Set runtime path of "/home/ros2/dev_ws/install/abb_rapid_sm_addin_msgs/lib/libabb_rapid_sm_addin_msgs__rosidl_typesupport_cpp.so" to ""
[28.394s] Listing '/home/ros2/dev_ws/install/abb_rapid_sm_addin_msgs/local/lib/python3.10/dist-packages/abb_rapid_sm_addin_msgs'...
[28.394s] Compiling '/home/ros2/dev_ws/install/abb_rapid_sm_addin_msgs/local/lib/python3.10/dist-packages/abb_rapid_sm_addin_msgs/__init__.py'...
[28.395s] Listing '/home/ros2/dev_ws/install/abb_rapid_sm_addin_msgs/local/lib/python3.10/dist-packages/abb_rapid_sm_addin_msgs/msg'...
[28.395s] Compiling '/home/ros2/dev_ws/install/abb_rapid_sm_addin_msgs/local/lib/python3.10/dist-packages/abb_rapid_sm_addin_msgs/msg/__init__.py'...
[28.395s] Compiling '/home/ros2/dev_ws/install/abb_rapid_sm_addin_msgs/local/lib/python3.10/dist-packages/abb_rapid_sm_addin_msgs/msg/_egm_activate_settings.py'...
[28.395s] Compiling '/home/ros2/dev_ws/install/abb_rapid_sm_addin_msgs/local/lib/python3.10/dist-packages/abb_rapid_sm_addin_msgs/msg/_egm_run_settings.py'...
[28.395s] Compiling '/home/ros2/dev_ws/install/abb_rapid_sm_addin_msgs/local/lib/python3.10/dist-packages/abb_rapid_sm_addin_msgs/msg/_egm_settings.py'...
[28.395s] Compiling '/home/ros2/dev_ws/install/abb_rapid_sm_addin_msgs/local/lib/python3.10/dist-packages/abb_rapid_sm_addin_msgs/msg/_egm_setup_settings.py'...
[28.395s] Compiling '/home/ros2/dev_ws/install/abb_rapid_sm_addin_msgs/local/lib/python3.10/dist-packages/abb_rapid_sm_addin_msgs/msg/_egm_stop_settings.py'...
[28.395s] Compiling '/home/ros2/dev_ws/install/abb_rapid_sm_addin_msgs/local/lib/python3.10/dist-packages/abb_rapid_sm_addin_msgs/msg/_runtime_state.py'...
[28.395s] Compiling '/home/ros2/dev_ws/install/abb_rapid_sm_addin_msgs/local/lib/python3.10/dist-packages/abb_rapid_sm_addin_msgs/msg/_state_machine_state.py'...
[28.395s] Listing '/home/ros2/dev_ws/install/abb_rapid_sm_addin_msgs/local/lib/python3.10/dist-packages/abb_rapid_sm_addin_msgs/srv'...
[28.395s] Compiling '/home/ros2/dev_ws/install/abb_rapid_sm_addin_msgs/local/lib/python3.10/dist-packages/abb_rapid_sm_addin_msgs/srv/__init__.py'...
[28.395s] Compiling '/home/ros2/dev_ws/install/abb_rapid_sm_addin_msgs/local/lib/python3.10/dist-packages/abb_rapid_sm_addin_msgs/srv/_get_egm_settings.py'...
[28.395s] Compiling '/home/ros2/dev_ws/install/abb_rapid_sm_addin_msgs/local/lib/python3.10/dist-packages/abb_rapid_sm_addin_msgs/srv/_set_egm_settings.py'...
[28.395s] Compiling '/home/ros2/dev_ws/install/abb_rapid_sm_addin_msgs/local/lib/python3.10/dist-packages/abb_rapid_sm_addin_msgs/srv/_set_rapid_routine.py'...
[28.395s] Compiling '/home/ros2/dev_ws/install/abb_rapid_sm_addin_msgs/local/lib/python3.10/dist-packages/abb_rapid_sm_addin_msgs/srv/_set_sg_command.py'...
[28.398s] -- Installing: /home/ros2/dev_ws/install/abb_rapid_sm_addin_msgs/lib/libabb_rapid_sm_addin_msgs__rosidl_generator_py.so
[28.398s] -- Set runtime path of "/home/ros2/dev_ws/install/abb_rapid_sm_addin_msgs/lib/libabb_rapid_sm_addin_msgs__rosidl_generator_py.so" to ""
[28.399s] -- Installing: /home/ros2/dev_ws/install/abb_rapid_sm_addin_msgs/share/abb_rapid_sm_addin_msgs/cmake/export_abb_rapid_sm_addin_msgs__rosidl_generator_cExport.cmake
[28.399s] -- Installing: /home/ros2/dev_ws/install/abb_rapid_sm_addin_msgs/share/abb_rapid_sm_addin_msgs/cmake/export_abb_rapid_sm_addin_msgs__rosidl_generator_cExport-noconfig.cmake
[28.399s] -- Installing: /home/ros2/dev_ws/install/abb_rapid_sm_addin_msgs/share/abb_rapid_sm_addin_msgs/cmake/export_abb_rapid_sm_addin_msgs__rosidl_typesupport_fastrtps_cExport.cmake
[28.399s] -- Installing: /home/ros2/dev_ws/install/abb_rapid_sm_addin_msgs/share/abb_rapid_sm_addin_msgs/cmake/export_abb_rapid_sm_addin_msgs__rosidl_typesupport_fastrtps_cExport-noconfig.cmake
[28.399s] -- Installing: /home/ros2/dev_ws/install/abb_rapid_sm_addin_msgs/share/abb_rapid_sm_addin_msgs/cmake/abb_rapid_sm_addin_msgs__rosidl_typesupport_introspection_cExport.cmake
[28.399s] -- Installing: /home/ros2/dev_ws/install/abb_rapid_sm_addin_msgs/share/abb_rapid_sm_addin_msgs/cmake/abb_rapid_sm_addin_msgs__rosidl_typesupport_introspection_cExport-noconfig.cmake
[28.399s] -- Installing: /home/ros2/dev_ws/install/abb_rapid_sm_addin_msgs/share/abb_rapid_sm_addin_msgs/cmake/abb_rapid_sm_addin_msgs__rosidl_typesupport_cExport.cmake
[28.399s] -- Installing: /home/ros2/dev_ws/install/abb_rapid_sm_addin_msgs/share/abb_rapid_sm_addin_msgs/cmake/abb_rapid_sm_addin_msgs__rosidl_typesupport_cExport-noconfig.cmake
[28.399s] -- Installing: /home/ros2/dev_ws/install/abb_rapid_sm_addin_msgs/share/abb_rapid_sm_addin_msgs/cmake/export_abb_rapid_sm_addin_msgs__rosidl_generator_cppExport.cmake
[28.400s] -- Installing: /home/ros2/dev_ws/install/abb_rapid_sm_addin_msgs/share/abb_rapid_sm_addin_msgs/cmake/export_abb_rapid_sm_addin_msgs__rosidl_typesupport_fastrtps_cppExport.cmake
[28.400s] -- Installing: /home/ros2/dev_ws/install/abb_rapid_sm_addin_msgs/share/abb_rapid_sm_addin_msgs/cmake/export_abb_rapid_sm_addin_msgs__rosidl_typesupport_fastrtps_cppExport-noconfig.cmake
[28.400s] -- Installing: /home/ros2/dev_ws/install/abb_rapid_sm_addin_msgs/share/abb_rapid_sm_addin_msgs/cmake/abb_rapid_sm_addin_msgs__rosidl_typesupport_introspection_cppExport.cmake
[28.400s] -- Installing: /home/ros2/dev_ws/install/abb_rapid_sm_addin_msgs/share/abb_rapid_sm_addin_msgs/cmake/abb_rapid_sm_addin_msgs__rosidl_typesupport_introspection_cppExport-noconfig.cmake
[28.400s] -- Installing: /home/ros2/dev_ws/install/abb_rapid_sm_addin_msgs/share/abb_rapid_sm_addin_msgs/cmake/abb_rapid_sm_addin_msgs__rosidl_typesupport_cppExport.cmake
[28.400s] -- Installing: /home/ros2/dev_ws/install/abb_rapid_sm_addin_msgs/share/abb_rapid_sm_addin_msgs/cmake/abb_rapid_sm_addin_msgs__rosidl_typesupport_cppExport-noconfig.cmake
[28.400s] -- Installing: /home/ros2/dev_ws/install/abb_rapid_sm_addin_msgs/share/abb_rapid_sm_addin_msgs/cmake/export_abb_rapid_sm_addin_msgs__rosidl_generator_pyExport.cmake
[28.400s] -- Installing: /home/ros2/dev_ws/install/abb_rapid_sm_addin_msgs/share/abb_rapid_sm_addin_msgs/cmake/export_abb_rapid_sm_addin_msgs__rosidl_generator_pyExport-noconfig.cmake
[28.403s] Invoked command in '/home/ros2/dev_ws/build/abb_rapid_sm_addin_msgs' returned '0': CMAKE_PREFIX_PATH=/home/ros2/dev_ws/install/abb_rapid_msgs:/home/ros2/dev_ws/install/my_package:/home/ros2/dev_ws/install/ros2srrc_ur5e_moveit2:/home/ros2/dev_ws/install/ros2srrc_ur5e_gazebo:/home/ros2/dev_ws/install/ros2srrc_ur5_moveit2:/home/ros2/dev_ws/install/ros2srrc_ur5_gazebo:/home/ros2/dev_ws/install/ros2srrc_ur3e_moveit2:/home/ros2/dev_ws/install/ros2srrc_ur3e_gazebo:/home/ros2/dev_ws/install/ros2srrc_ur3_moveit2:/home/ros2/dev_ws/install/ros2srrc_ur3_gazebo:/home/ros2/dev_ws/install/ros2srrc_ur20_moveit2:/home/ros2/dev_ws/install/ros2srrc_ur20_gazebo:/home/ros2/dev_ws/install/ros2srrc_ur16e_moveit2:/home/ros2/dev_ws/install/ros2srrc_ur16e_gazebo:/home/ros2/dev_ws/install/ros2srrc_ur10e_moveit2:/home/ros2/dev_ws/install/ros2srrc_ur10e_gazebo:/home/ros2/dev_ws/install/ros2srrc_ur10_moveit2:/home/ros2/dev_ws/install/ros2srrc_ur10_gazebo:/home/ros2/dev_ws/install/ros2srrc_rx160_moveit2:/home/ros2/dev_ws/install/ros2srrc_rx160_gazebo:/home/ros2/dev_ws/install/ros2srrc_robots:/home/ros2/dev_ws/install/ros2srrc_launch:/home/ros2/dev_ws/install/ros2srrc_irb6640_moveit2:/home/ros2/dev_ws/install/ros2srrc_irb6640_gazebo:/home/ros2/dev_ws/install/ros2srrc_irb1600_moveit2:/home/ros2/dev_ws/install/ros2srrc_irb1600_gazebo:/home/ros2/dev_ws/install/ros2srrc_irb120_moveit2:/home/ros2/dev_ws/install/ros2srrc_irb120_gazebo:/home/ros2/dev_ws/install/ros2srrc_irb1200_moveit2:/home/ros2/dev_ws/install/ros2srrc_irb1200_gazebo:/home/ros2/dev_ws/install/ros2srrc_iiwa_moveit2:/home/ros2/dev_ws/install/ros2srrc_iiwa_gazebo:/home/ros2/dev_ws/install/ros2srrc_execution:/home/ros2/dev_ws/install/ros2srrc_endeffectors:/home/ros2/dev_ws/install/ros2srrc_data:/home/ros2/dev_ws/install/ros2_robotiqgripper:/home/ros2/dev_ws/install/ros2_objectpose:/home/ros2/dev_ws/install/ros2_linkpose:/home/ros2/dev_ws/install/ros2_linkattacher:/home/ros2/dev_ws/install/objectpose_msgs:/home/ros2/dev_ws/install/objectpose_gazebo:/home/ros2/dev_ws/install/linkpose_msgs:/home/ros2/dev_ws/install/linkpose_gazebo:/home/ros2/dev_ws/install/linkattacher_msgs:/home/ros2/dev_ws/install/gazebo_ros2_control_demos:/home/ros2/dev_ws/install/gazebo_ros2_control:/home/ros2/dev_ws/install/abb_rws_client:/home/ros2/dev_ws/install/abb_ros2:/home/ros2/dev_ws/install/abb_robot_msgs:/home/ros2/dev_ws/install/abb_resources:/home/ros2/dev_ws/install/abb_rapid_sm_addin_msgs:/home/ros2/dev_ws/install/abb_hardware_interface:/home/ros2/dev_ws/install/abb_egm_rws_managers:/home/ros2/dev_ws/install/abb_librws:/home/ros2/dev_ws/install/abb_libegm:/home/ros2/dev_ws/install/abb_irb4600_support:/home/ros2/dev_ws/install/abb_irb1200_5_90_moveit_config:/home/ros2/dev_ws/install/abb_irb1200_support:/home/ros2/dev_ws/install/abb_egm_msgs:/home/ros2/dev_ws/install/abb_bringup:/opt/ros/humble LD_LIBRARY_PATH=/home/ros2/dev_ws/install/abb_rapid_msgs/lib:/home/ros2/dev_ws/install/ros2srrc_data/lib:/home/ros2/dev_ws/install/ros2_robotiqgripper/lib:/home/ros2/dev_ws/install/ros2_objectpose/lib:/home/ros2/dev_ws/install/ros2_linkpose/lib:/home/ros2/dev_ws/install/ros2_linkattacher/lib:/home/ros2/dev_ws/install/objectpose_msgs/lib:/home/ros2/dev_ws/install/linkpose_msgs/lib:/home/ros2/dev_ws/install/linkattacher_msgs/lib:/home/ros2/dev_ws/install/gazebo_ros2_control/lib:/home/ros2/dev_ws/install/abb_robot_msgs/lib:/home/ros2/dev_ws/install/abb_rapid_sm_addin_msgs/lib:/home/ros2/dev_ws/install/abb_hardware_interface/lib:/home/ros2/dev_ws/install/abb_egm_rws_managers/lib:/home/ros2/dev_ws/install/abb_librws/lib:/home/ros2/dev_ws/install/abb_libegm/lib:/home/ros2/dev_ws/install/abb_egm_msgs/lib:/usr/lib/x86_64-linux-gnu/gazebo-11/plugins:/opt/ros/humble/opt/rviz_ogre_vendor/lib:/opt/ros/humble/lib/x86_64-linux-gnu:/opt/ros/humble/lib /usr/bin/cmake --install /home/ros2/dev_ws/build/abb_rapid_sm_addin_msgs
