[0.027s] Invoking command in '/home/ros2/dev_ws/build/ros2srrc_ur5_gazebo': CMAKE_PREFIX_PATH=/opt/ros/humble /usr/bin/cmake /home/ros2/dev_ws/src/ros2_SimRealRobotControl/packages/ur5/ros2srrc_ur5_gazebo -DAMENT_CMAKE_SYMLINK_INSTALL=1 -DCMAKE_INSTALL_PREFIX=/home/ros2/dev_ws/install/ros2srrc_ur5_gazebo
[1.181s] -- The C compiler identification is GNU 11.4.0
[1.181s] -- The CXX compiler identification is GNU 11.4.0
[1.181s] -- Detecting C compiler ABI info
[1.181s] -- Detecting C compiler ABI info - done
[1.181s] -- Check for working C compiler: /usr/bin/cc - skipped
[1.181s] -- Detecting C compile features
[1.181s] -- Detecting C compile features - done
[1.181s] -- Detecting CXX compiler ABI info
[1.181s] -- Detecting CXX compiler ABI info - done
[1.181s] -- Check for working CXX compiler: /usr/bin/c++ - skipped
[1.181s] -- Detecting CXX compile features
[1.182s] -- Detecting CXX compile features - done
[1.182s] -- Found ament_cmake: 1.3.11 (/opt/ros/humble/share/ament_cmake/cmake)
[1.182s] -- Found Python3: /usr/bin/python3 (found version "3.10.12") found components: Interpreter 
[1.312s] -- Override CMake install command with custom implementation using symlinks instead of copying resources
[1.373s] -- Found ament_lint_auto: 0.12.12 (/opt/ros/humble/share/ament_lint_auto/cmake)
[1.576s] -- Added test 'copyright' to check source files copyright and LICENSE
[1.580s] -- Added test 'lint_cmake' to check CMake code style
[1.584s] -- Added test 'xmllint' to check XML markup files
[1.584s] -- Configuring done
[1.588s] -- Generating done
[1.590s] -- Build files have been written to: /home/ros2/dev_ws/build/ros2srrc_ur5_gazebo
[1.664s] Invoked command in '/home/ros2/dev_ws/build/ros2srrc_ur5_gazebo' returned '0': CMAKE_PREFIX_PATH=/opt/ros/humble /usr/bin/cmake /home/ros2/dev_ws/src/ros2_SimRealRobotControl/packages/ur5/ros2srrc_ur5_gazebo -DAMENT_CMAKE_SYMLINK_INSTALL=1 -DCMAKE_INSTALL_PREFIX=/home/ros2/dev_ws/install/ros2srrc_ur5_gazebo
[1.664s] Invoking command in '/home/ros2/dev_ws/build/ros2srrc_ur5_gazebo': CMAKE_PREFIX_PATH=/opt/ros/humble /usr/bin/cmake --build /home/ros2/dev_ws/build/ros2srrc_ur5_gazebo -- -j16 -l16
[2.759s] Invoked command in '/home/ros2/dev_ws/build/ros2srrc_ur5_gazebo' returned '0': CMAKE_PREFIX_PATH=/opt/ros/humble /usr/bin/cmake --build /home/ros2/dev_ws/build/ros2srrc_ur5_gazebo -- -j16 -l16
[2.759s] Invoking command in '/home/ros2/dev_ws/build/ros2srrc_ur5_gazebo': CMAKE_PREFIX_PATH=/opt/ros/humble /usr/bin/cmake --install /home/ros2/dev_ws/build/ros2srrc_ur5_gazebo
[2.860s] -- Install configuration: ""
[2.861s] -- Execute custom install script
[2.862s] -- Symlinking: /home/ros2/dev_ws/install/ros2srrc_ur5_gazebo/share/ros2srrc_ur5_gazebo/config/configurations.yaml
[2.893s] -- Symlinking: /home/ros2/dev_ws/install/ros2srrc_ur5_gazebo/share/ros2srrc_ur5_gazebo/urdf/ur5.urdf.xacro
[2.920s] -- Symlinking: /home/ros2/dev_ws/install/ros2srrc_ur5_gazebo/share/ros2srrc_ur5_gazebo/urdf/ur5_robotiq_2f85.urdf.xacro
[2.966s] -- Symlinking: /home/ros2/dev_ws/install/ros2srrc_ur5_gazebo/share/ros2srrc_ur5_gazebo/urdf/ur5_robotiq_hande.urdf.xacro
[3.020s] -- Symlinking: /home/ros2/dev_ws/install/ros2srrc_ur5_gazebo/share/ros2srrc_ur5_gazebo/worlds/ros2srrc_ur5.world
[3.044s] -- Symlinking: /home/ros2/dev_ws/install/ros2srrc_ur5_gazebo/share/ament_index/resource_index/package_run_dependencies/ros2srrc_ur5_gazebo
[3.082s] -- Symlinking: /home/ros2/dev_ws/install/ros2srrc_ur5_gazebo/share/ament_index/resource_index/parent_prefix_path/ros2srrc_ur5_gazebo
[3.114s] -- Symlinking: /home/ros2/dev_ws/install/ros2srrc_ur5_gazebo/share/ros2srrc_ur5_gazebo/environment/ament_prefix_path.sh
[3.143s] -- Symlinking: /home/ros2/dev_ws/install/ros2srrc_ur5_gazebo/share/ros2srrc_ur5_gazebo/environment/ament_prefix_path.dsv
[3.173s] -- Symlinking: /home/ros2/dev_ws/install/ros2srrc_ur5_gazebo/share/ros2srrc_ur5_gazebo/environment/path.sh
[3.215s] -- Symlinking: /home/ros2/dev_ws/install/ros2srrc_ur5_gazebo/share/ros2srrc_ur5_gazebo/environment/path.dsv
[3.252s] -- Symlinking: /home/ros2/dev_ws/install/ros2srrc_ur5_gazebo/share/ros2srrc_ur5_gazebo/local_setup.bash
[3.281s] -- Symlinking: /home/ros2/dev_ws/install/ros2srrc_ur5_gazebo/share/ros2srrc_ur5_gazebo/local_setup.sh
[3.309s] -- Symlinking: /home/ros2/dev_ws/install/ros2srrc_ur5_gazebo/share/ros2srrc_ur5_gazebo/local_setup.zsh
[3.349s] -- Symlinking: /home/ros2/dev_ws/install/ros2srrc_ur5_gazebo/share/ros2srrc_ur5_gazebo/local_setup.dsv
[3.383s] -- Symlinking: /home/ros2/dev_ws/install/ros2srrc_ur5_gazebo/share/ros2srrc_ur5_gazebo/package.dsv
[3.411s] -- Symlinking: /home/ros2/dev_ws/install/ros2srrc_ur5_gazebo/share/ament_index/resource_index/packages/ros2srrc_ur5_gazebo
[3.431s] -- Symlinking: /home/ros2/dev_ws/install/ros2srrc_ur5_gazebo/share/ros2srrc_ur5_gazebo/cmake/ros2srrc_ur5_gazeboConfig.cmake
[3.460s] -- Symlinking: /home/ros2/dev_ws/install/ros2srrc_ur5_gazebo/share/ros2srrc_ur5_gazebo/cmake/ros2srrc_ur5_gazeboConfig-version.cmake
[3.487s] -- Symlinking: /home/ros2/dev_ws/install/ros2srrc_ur5_gazebo/share/ros2srrc_ur5_gazebo/package.xml
[3.556s] Invoked command in '/home/ros2/dev_ws/build/ros2srrc_ur5_gazebo' returned '0': CMAKE_PREFIX_PATH=/opt/ros/humble /usr/bin/cmake --install /home/ros2/dev_ws/build/ros2srrc_ur5_gazebo
