[0.062s] Invoking command in '/home/ros2/dev_ws/build/ros2srrc_ur3_moveit2': CMAKE_PREFIX_PATH=/opt/ros/humble /usr/bin/cmake /home/ros2/dev_ws/src/ros2_SimRealRobotControl/packages/ur3/ros2srrc_ur3_moveit2 -DAMENT_CMAKE_SYMLINK_INSTALL=1 -DCMAKE_INSTALL_PREFIX=/home/ros2/dev_ws/install/ros2srrc_ur3_moveit2
[0.395s] -- The C compiler identification is GNU 11.4.0
[0.395s] -- The CXX compiler identification is GNU 11.4.0
[0.395s] -- Detecting C compiler ABI info
[0.454s] -- Detecting C compiler ABI info - done
[0.474s] -- Check for working C compiler: /usr/bin/cc - skipped
[0.474s] -- Detecting C compile features
[0.474s] -- Detecting C compile features - done
[0.475s] -- Detecting CXX compiler ABI info
[0.620s] -- Detecting CXX compiler ABI info - done
[0.643s] -- Check for working CXX compiler: /usr/bin/c++ - skipped
[0.644s] -- Detecting CXX compile features
[0.644s] -- Detecting CXX compile features - done
[0.648s] -- Found ament_cmake: 1.3.11 (/opt/ros/humble/share/ament_cmake/cmake)
[1.057s] -- Found Python3: /usr/bin/python3 (found version "3.10.12") found components: Interpreter 
[1.259s] -- Override CMake install command with custom implementation using symlinks instead of copying resources
[1.316s] -- Found ament_lint_auto: 0.12.12 (/opt/ros/humble/share/ament_lint_auto/cmake)
[1.504s] -- Added test 'copyright' to check source files copyright and LICENSE
[1.508s] -- Added test 'lint_cmake' to check CMake code style
[1.508s] -- Added test 'xmllint' to check XML markup files
[1.509s] -- Configuring done
[1.512s] -- Generating done
[1.519s] -- Build files have been written to: /home/ros2/dev_ws/build/ros2srrc_ur3_moveit2
[1.547s] Invoked command in '/home/ros2/dev_ws/build/ros2srrc_ur3_moveit2' returned '0': CMAKE_PREFIX_PATH=/opt/ros/humble /usr/bin/cmake /home/ros2/dev_ws/src/ros2_SimRealRobotControl/packages/ur3/ros2srrc_ur3_moveit2 -DAMENT_CMAKE_SYMLINK_INSTALL=1 -DCMAKE_INSTALL_PREFIX=/home/ros2/dev_ws/install/ros2srrc_ur3_moveit2
[1.547s] Invoking command in '/home/ros2/dev_ws/build/ros2srrc_ur3_moveit2': CMAKE_PREFIX_PATH=/opt/ros/humble /usr/bin/cmake --build /home/ros2/dev_ws/build/ros2srrc_ur3_moveit2 -- -j16 -l16
[2.004s] Invoked command in '/home/ros2/dev_ws/build/ros2srrc_ur3_moveit2' returned '0': CMAKE_PREFIX_PATH=/opt/ros/humble /usr/bin/cmake --build /home/ros2/dev_ws/build/ros2srrc_ur3_moveit2 -- -j16 -l16
[2.005s] Invoking command in '/home/ros2/dev_ws/build/ros2srrc_ur3_moveit2': CMAKE_PREFIX_PATH=/opt/ros/humble /usr/bin/cmake --install /home/ros2/dev_ws/build/ros2srrc_ur3_moveit2
[2.670s] -- Install configuration: ""
[2.670s] -- Execute custom install script
[2.671s] -- Symlinking: /home/ros2/dev_ws/install/ros2srrc_ur3_moveit2/share/ros2srrc_ur3_moveit2/config/ur3.srdf
[2.671s] -- Symlinking: /home/ros2/dev_ws/install/ros2srrc_ur3_moveit2/share/ros2srrc_ur3_moveit2/config/ur3_moveit2.rviz
[2.671s] -- Symlinking: /home/ros2/dev_ws/install/ros2srrc_ur3_moveit2/share/ros2srrc_ur3_moveit2/config/ur3robotiq_2f85.srdf
[2.671s] -- Symlinking: /home/ros2/dev_ws/install/ros2srrc_ur3_moveit2/share/ros2srrc_ur3_moveit2/config/ur3robotiq_2f85_moveit2.rviz
[2.671s] -- Symlinking: /home/ros2/dev_ws/install/ros2srrc_ur3_moveit2/share/ros2srrc_ur3_moveit2/config/ur3robotiq_hande.srdf
[2.671s] -- Symlinking: /home/ros2/dev_ws/install/ros2srrc_ur3_moveit2/share/ros2srrc_ur3_moveit2/config/ur3robotiq_hande_moveit2.rviz
[2.671s] -- Symlinking: /home/ros2/dev_ws/install/ros2srrc_ur3_moveit2/share/ament_index/resource_index/package_run_dependencies/ros2srrc_ur3_moveit2
[2.671s] -- Symlinking: /home/ros2/dev_ws/install/ros2srrc_ur3_moveit2/share/ament_index/resource_index/parent_prefix_path/ros2srrc_ur3_moveit2
[2.672s] -- Symlinking: /home/ros2/dev_ws/install/ros2srrc_ur3_moveit2/share/ros2srrc_ur3_moveit2/environment/ament_prefix_path.sh
[2.677s] -- Symlinking: /home/ros2/dev_ws/install/ros2srrc_ur3_moveit2/share/ros2srrc_ur3_moveit2/environment/ament_prefix_path.dsv
[2.678s] -- Symlinking: /home/ros2/dev_ws/install/ros2srrc_ur3_moveit2/share/ros2srrc_ur3_moveit2/environment/path.sh
[2.678s] -- Symlinking: /home/ros2/dev_ws/install/ros2srrc_ur3_moveit2/share/ros2srrc_ur3_moveit2/environment/path.dsv
[2.678s] -- Symlinking: /home/ros2/dev_ws/install/ros2srrc_ur3_moveit2/share/ros2srrc_ur3_moveit2/local_setup.bash
[2.678s] -- Symlinking: /home/ros2/dev_ws/install/ros2srrc_ur3_moveit2/share/ros2srrc_ur3_moveit2/local_setup.sh
[2.678s] -- Symlinking: /home/ros2/dev_ws/install/ros2srrc_ur3_moveit2/share/ros2srrc_ur3_moveit2/local_setup.zsh
[2.678s] -- Symlinking: /home/ros2/dev_ws/install/ros2srrc_ur3_moveit2/share/ros2srrc_ur3_moveit2/local_setup.dsv
[2.678s] -- Symlinking: /home/ros2/dev_ws/install/ros2srrc_ur3_moveit2/share/ros2srrc_ur3_moveit2/package.dsv
[2.678s] -- Symlinking: /home/ros2/dev_ws/install/ros2srrc_ur3_moveit2/share/ament_index/resource_index/packages/ros2srrc_ur3_moveit2
[2.678s] -- Symlinking: /home/ros2/dev_ws/install/ros2srrc_ur3_moveit2/share/ros2srrc_ur3_moveit2/cmake/ros2srrc_ur3_moveit2Config.cmake
[2.678s] -- Symlinking: /home/ros2/dev_ws/install/ros2srrc_ur3_moveit2/share/ros2srrc_ur3_moveit2/cmake/ros2srrc_ur3_moveit2Config-version.cmake
[2.679s] -- Symlinking: /home/ros2/dev_ws/install/ros2srrc_ur3_moveit2/share/ros2srrc_ur3_moveit2/package.xml
[2.967s] Invoked command in '/home/ros2/dev_ws/build/ros2srrc_ur3_moveit2' returned '0': CMAKE_PREFIX_PATH=/opt/ros/humble /usr/bin/cmake --install /home/ros2/dev_ws/build/ros2srrc_ur3_moveit2
