[0.035s] Invoking command in '/home/ros2/dev_ws/build/ros2srrc_ur20_gazebo': CMAKE_PREFIX_PATH=${CMAKE_PREFIX_PATH}:/opt/ros/humble /usr/bin/cmake /home/ros2/dev_ws/src/ros2_SimRealRobotControl/packages/ur20/ros2srrc_ur20_gazebo -DAMENT_CMAKE_SYMLINK_INSTALL=1 -DCMAKE_INSTALL_PREFIX=/home/ros2/dev_ws/install/ros2srrc_ur20_gazebo
[0.897s] -- The C compiler identification is GNU 11.4.0
[0.897s] -- The CXX compiler identification is GNU 11.4.0
[0.897s] -- Detecting C compiler ABI info
[0.897s] -- Detecting C compiler ABI info - done
[0.898s] -- Check for working C compiler: /usr/bin/cc - skipped
[0.898s] -- Detecting C compile features
[0.898s] -- Detecting C compile features - done
[0.898s] -- Detecting CXX compiler ABI info
[0.898s] -- Detecting CXX compiler ABI info - done
[0.899s] -- Check for working CXX compiler: /usr/bin/c++ - skipped
[0.899s] -- Detecting CXX compile features
[0.899s] -- Detecting CXX compile features - done
[0.899s] -- Found ament_cmake: 1.3.11 (/opt/ros/humble/share/ament_cmake/cmake)
[0.993s] -- Found Python3: /usr/bin/python3 (found version "3.10.12") found components: Interpreter 
[1.137s] -- Override CMake install command with custom implementation using symlinks instead of copying resources
[1.244s] -- Found ament_lint_auto: 0.12.12 (/opt/ros/humble/share/ament_lint_auto/cmake)
[1.585s] -- Added test 'copyright' to check source files copyright and LICENSE
[1.589s] -- Added test 'lint_cmake' to check CMake code style
[1.595s] -- Added test 'xmllint' to check XML markup files
[1.608s] -- Configuring done
[1.620s] -- Generating done
[1.626s] -- Build files have been written to: /home/ros2/dev_ws/build/ros2srrc_ur20_gazebo
[1.659s] Invoked command in '/home/ros2/dev_ws/build/ros2srrc_ur20_gazebo' returned '0': CMAKE_PREFIX_PATH=${CMAKE_PREFIX_PATH}:/opt/ros/humble /usr/bin/cmake /home/ros2/dev_ws/src/ros2_SimRealRobotControl/packages/ur20/ros2srrc_ur20_gazebo -DAMENT_CMAKE_SYMLINK_INSTALL=1 -DCMAKE_INSTALL_PREFIX=/home/ros2/dev_ws/install/ros2srrc_ur20_gazebo
[1.660s] Invoking command in '/home/ros2/dev_ws/build/ros2srrc_ur20_gazebo': CMAKE_PREFIX_PATH=${CMAKE_PREFIX_PATH}:/opt/ros/humble /usr/bin/cmake --build /home/ros2/dev_ws/build/ros2srrc_ur20_gazebo -- -j16 -l16
[2.471s] Invoked command in '/home/ros2/dev_ws/build/ros2srrc_ur20_gazebo' returned '0': CMAKE_PREFIX_PATH=${CMAKE_PREFIX_PATH}:/opt/ros/humble /usr/bin/cmake --build /home/ros2/dev_ws/build/ros2srrc_ur20_gazebo -- -j16 -l16
[2.486s] Invoking command in '/home/ros2/dev_ws/build/ros2srrc_ur20_gazebo': CMAKE_PREFIX_PATH=${CMAKE_PREFIX_PATH}:/opt/ros/humble /usr/bin/cmake --install /home/ros2/dev_ws/build/ros2srrc_ur20_gazebo
[3.505s] -- Install configuration: ""
[3.505s] -- Execute custom install script
[3.505s] -- Symlinking: /home/ros2/dev_ws/install/ros2srrc_ur20_gazebo/share/ros2srrc_ur20_gazebo/config/configurations.yaml
[3.505s] -- Symlinking: /home/ros2/dev_ws/install/ros2srrc_ur20_gazebo/share/ros2srrc_ur20_gazebo/urdf/ur20.urdf.xacro
[3.505s] -- Symlinking: /home/ros2/dev_ws/install/ros2srrc_ur20_gazebo/share/ros2srrc_ur20_gazebo/urdf/ur20_robotiq_2f85.urdf.xacro
[3.505s] -- Symlinking: /home/ros2/dev_ws/install/ros2srrc_ur20_gazebo/share/ros2srrc_ur20_gazebo/urdf/ur20_robotiq_hande.urdf.xacro
[3.506s] -- Symlinking: /home/ros2/dev_ws/install/ros2srrc_ur20_gazebo/share/ros2srrc_ur20_gazebo/worlds/ros2srrc_ur20.world
[3.506s] -- Symlinking: /home/ros2/dev_ws/install/ros2srrc_ur20_gazebo/share/ament_index/resource_index/package_run_dependencies/ros2srrc_ur20_gazebo
[3.506s] -- Symlinking: /home/ros2/dev_ws/install/ros2srrc_ur20_gazebo/share/ament_index/resource_index/parent_prefix_path/ros2srrc_ur20_gazebo
[3.506s] -- Symlinking: /home/ros2/dev_ws/install/ros2srrc_ur20_gazebo/share/ros2srrc_ur20_gazebo/environment/ament_prefix_path.sh
[3.506s] -- Symlinking: /home/ros2/dev_ws/install/ros2srrc_ur20_gazebo/share/ros2srrc_ur20_gazebo/environment/ament_prefix_path.dsv
[3.506s] -- Symlinking: /home/ros2/dev_ws/install/ros2srrc_ur20_gazebo/share/ros2srrc_ur20_gazebo/environment/path.sh
[3.507s] -- Symlinking: /home/ros2/dev_ws/install/ros2srrc_ur20_gazebo/share/ros2srrc_ur20_gazebo/environment/path.dsv
[3.508s] -- Symlinking: /home/ros2/dev_ws/install/ros2srrc_ur20_gazebo/share/ros2srrc_ur20_gazebo/local_setup.bash
[3.508s] -- Symlinking: /home/ros2/dev_ws/install/ros2srrc_ur20_gazebo/share/ros2srrc_ur20_gazebo/local_setup.sh
[3.508s] -- Symlinking: /home/ros2/dev_ws/install/ros2srrc_ur20_gazebo/share/ros2srrc_ur20_gazebo/local_setup.zsh
[3.508s] -- Symlinking: /home/ros2/dev_ws/install/ros2srrc_ur20_gazebo/share/ros2srrc_ur20_gazebo/local_setup.dsv
[3.508s] -- Symlinking: /home/ros2/dev_ws/install/ros2srrc_ur20_gazebo/share/ros2srrc_ur20_gazebo/package.dsv
[3.509s] -- Symlinking: /home/ros2/dev_ws/install/ros2srrc_ur20_gazebo/share/ament_index/resource_index/packages/ros2srrc_ur20_gazebo
[3.509s] -- Symlinking: /home/ros2/dev_ws/install/ros2srrc_ur20_gazebo/share/ros2srrc_ur20_gazebo/cmake/ros2srrc_ur20_gazeboConfig.cmake
[3.511s] -- Symlinking: /home/ros2/dev_ws/install/ros2srrc_ur20_gazebo/share/ros2srrc_ur20_gazebo/cmake/ros2srrc_ur20_gazeboConfig-version.cmake
[3.511s] -- Symlinking: /home/ros2/dev_ws/install/ros2srrc_ur20_gazebo/share/ros2srrc_ur20_gazebo/package.xml
[3.513s] Invoked command in '/home/ros2/dev_ws/build/ros2srrc_ur20_gazebo' returned '0': CMAKE_PREFIX_PATH=${CMAKE_PREFIX_PATH}:/opt/ros/humble /usr/bin/cmake --install /home/ros2/dev_ws/build/ros2srrc_ur20_gazebo
