[0.044s] Invoking command in '/home/ros2/dev_ws/build/ros2srrc_data': CMAKE_PREFIX_PATH=/opt/ros/humble /usr/bin/cmake /home/ros2/dev_ws/src/ros2_SimRealRobotControl/ros2srrc_data -DAMENT_CMAKE_SYMLINK_INSTALL=1 -DCMAKE_INSTALL_PREFIX=/home/ros2/dev_ws/install/ros2srrc_data
[0.794s] -- The C compiler identification is GNU 11.4.0
[0.794s] -- The CXX compiler identification is GNU 11.4.0
[0.794s] -- Detecting C compiler ABI info
[0.794s] -- Detecting C compiler ABI info - done
[0.794s] -- Check for working C compiler: /usr/bin/cc - skipped
[0.794s] -- Detecting C compile features
[0.795s] -- Detecting C compile features - done
[0.795s] -- Detecting CXX compiler ABI info
[0.795s] -- Detecting CXX compiler ABI info - done
[0.795s] -- Check for working CXX compiler: /usr/bin/c++ - skipped
[0.795s] -- Detecting CXX compile features
[0.795s] -- Detecting CXX compile features - done
[0.795s] -- Found ament_cmake: 1.3.11 (/opt/ros/humble/share/ament_cmake/cmake)
[0.795s] -- Found Python3: /usr/bin/python3 (found version "3.10.12") found components: Interpreter 
[0.795s] -- Override CMake install command with custom implementation using symlinks instead of copying resources
[0.795s] -- Found ament_lint_auto: 0.12.12 (/opt/ros/humble/share/ament_lint_auto/cmake)
[0.866s] -- Found rosidl_default_generators: 1.2.0 (/opt/ros/humble/share/rosidl_default_generators/cmake)
[0.872s] -- Using all available rosidl_typesupport_c: rosidl_typesupport_fastrtps_c;rosidl_typesupport_introspection_c
[0.882s] -- Found rosidl_adapter: 3.1.6 (/opt/ros/humble/share/rosidl_adapter/cmake)
[0.929s] -- Using all available rosidl_typesupport_cpp: rosidl_typesupport_fastrtps_cpp;rosidl_typesupport_introspection_cpp
[1.488s] -- Found ament_cmake_ros: 0.10.0 (/opt/ros/humble/share/ament_cmake_ros/cmake)
[1.937s] -- Using all available rosidl_typesupport_c: rosidl_typesupport_fastrtps_c;rosidl_typesupport_introspection_c
[2.506s] -- Using all available rosidl_typesupport_cpp: rosidl_typesupport_fastrtps_cpp;rosidl_typesupport_introspection_cpp
[2.568s] -- Found PythonInterp: /usr/bin/python3 (found suitable version "3.10.12", minimum required is "3.6") 
[2.569s] -- Found python_cmake_module: 0.10.0 (/opt/ros/humble/share/python_cmake_module/cmake)
[2.647s] -- Found PythonLibs: /usr/lib/x86_64-linux-gnu/libpython3.10.so (found suitable version "3.10.12", minimum required is "3.5") 
[2.647s] -- Using PYTHON_EXECUTABLE: /usr/bin/python3
[2.647s] -- Using PYTHON_INCLUDE_DIRS: /usr/include/python3.10
[2.647s] -- Using PYTHON_LIBRARIES: /usr/lib/x86_64-linux-gnu/libpython3.10.so
[2.718s] -- Found PythonExtra: .so  
[2.861s] -- Added test 'copyright' to check source files copyright and LICENSE
[2.872s] -- Added test 'lint_cmake' to check CMake code style
[2.877s] -- Added test 'xmllint' to check XML markup files
[2.911s] -- Configuring done
[3.084s] -- Generating done
[3.115s] -- Build files have been written to: /home/ros2/dev_ws/build/ros2srrc_data
[3.267s] Invoked command in '/home/ros2/dev_ws/build/ros2srrc_data' returned '0': CMAKE_PREFIX_PATH=/opt/ros/humble /usr/bin/cmake /home/ros2/dev_ws/src/ros2_SimRealRobotControl/ros2srrc_data -DAMENT_CMAKE_SYMLINK_INSTALL=1 -DCMAKE_INSTALL_PREFIX=/home/ros2/dev_ws/install/ros2srrc_data
[3.274s] Invoking command in '/home/ros2/dev_ws/build/ros2srrc_data': CMAKE_PREFIX_PATH=/opt/ros/humble /usr/bin/cmake --build /home/ros2/dev_ws/build/ros2srrc_data -- -j16 -l16
[4.268s] [  1%] [34m[1mGenerating C code for ROS interfaces[0m
[4.269s] [  1%] [34m[1mGenerating C++ code for ROS interfaces[0m
[4.269s] [  1%] Built target ament_cmake_python_symlink_ros2srrc_data
[4.357s] running egg_info
[4.359s] creating ros2srrc_data.egg-info
[4.360s] writing ros2srrc_data.egg-info/PKG-INFO
[4.360s] writing dependency_links to ros2srrc_data.egg-info/dependency_links.txt
[4.362s] writing top-level names to ros2srrc_data.egg-info/top_level.txt
[4.362s] writing manifest file 'ros2srrc_data.egg-info/SOURCES.txt'
[4.377s] reading manifest file 'ros2srrc_data.egg-info/SOURCES.txt'
[4.377s] writing manifest file 'ros2srrc_data.egg-info/SOURCES.txt'
[4.566s] [  1%] Built target ament_cmake_python_build_ros2srrc_data_egg
[8.976s] [  1%] Built target ros2srrc_data__cpp
[9.024s] [  2%] [34m[1mGenerating C++ type support dispatch for ROS interfaces[0m
[9.024s] [  2%] [34m[1mGenerating C++ introspection for ROS interfaces[0m
[9.024s] [  3%] [34m[1mGenerating C++ type support for eProsima Fast-RTPS[0m
[9.174s] [  4%] [32mBuilding C object CMakeFiles/ros2srrc_data__rosidl_generator_c.dir/rosidl_generator_c/ros2srrc_data/msg/detail/joint__functions.c.o[0m
[9.174s] [  4%] [32mBuilding C object CMakeFiles/ros2srrc_data__rosidl_generator_c.dir/rosidl_generator_c/ros2srrc_data/msg/detail/robmove__functions.c.o[0m
[9.175s] [  5%] [32mBuilding C object CMakeFiles/ros2srrc_data__rosidl_generator_c.dir/rosidl_generator_c/ros2srrc_data/msg/detail/specs__functions.c.o[0m
[9.176s] [  6%] [32mBuilding C object CMakeFiles/ros2srrc_data__rosidl_generator_c.dir/rosidl_generator_c/ros2srrc_data/msg/detail/joints__functions.c.o[0m
[9.180s] [  7%] [32mBuilding C object CMakeFiles/ros2srrc_data__rosidl_generator_c.dir/rosidl_generator_c/ros2srrc_data/msg/detail/xyz__functions.c.o[0m
[9.185s] [  8%] [32mBuilding C object CMakeFiles/ros2srrc_data__rosidl_generator_c.dir/rosidl_generator_c/ros2srrc_data/msg/detail/xyzypr__functions.c.o[0m
[9.193s] [  8%] [32mBuilding C object CMakeFiles/ros2srrc_data__rosidl_generator_c.dir/rosidl_generator_c/ros2srrc_data/msg/detail/ypr__functions.c.o[0m
[9.193s] [  9%] [32mBuilding C object CMakeFiles/ros2srrc_data__rosidl_generator_c.dir/rosidl_generator_c/ros2srrc_data/msg/detail/action__functions.c.o[0m
[9.235s] [ 10%] [32mBuilding C object CMakeFiles/ros2srrc_data__rosidl_generator_c.dir/rosidl_generator_c/ros2srrc_data/msg/detail/linkattacher__functions.c.o[0m
[9.248s] [ 11%] [32mBuilding C object CMakeFiles/ros2srrc_data__rosidl_generator_c.dir/rosidl_generator_c/ros2srrc_data/msg/detail/robpose__functions.c.o[0m
[9.248s] [ 13%] [32mBuilding C object CMakeFiles/ros2srrc_data__rosidl_generator_c.dir/rosidl_generator_c/ros2srrc_data/action/detail/robmove__functions.c.o[0m
[9.248s] [ 12%] [32mBuilding C object CMakeFiles/ros2srrc_data__rosidl_generator_c.dir/rosidl_generator_c/ros2srrc_data/action/detail/move__functions.c.o[0m
[9.248s] [ 12%] [32mBuilding C object CMakeFiles/ros2srrc_data__rosidl_generator_c.dir/rosidl_generator_c/ros2srrc_data/action/detail/sequence__functions.c.o[0m
[9.653s] [ 14%] [32m[1mLinking C shared library libros2srrc_data__rosidl_generator_c.so[0m
[9.783s] [ 14%] Built target ros2srrc_data__rosidl_generator_c
[9.814s] [ 15%] [34m[1mGenerating C introspection for ROS interfaces[0m
[9.815s] [ 16%] [34m[1mGenerating C type support for eProsima Fast-RTPS[0m
[9.819s] [ 17%] [34m[1mGenerating C type support dispatch for ROS interfaces[0m
[12.236s] [ 18%] [32mBuilding CXX object CMakeFiles/ros2srrc_data__rosidl_typesupport_cpp.dir/rosidl_typesupport_cpp/ros2srrc_data/msg/specs__type_support.cpp.o[0m
[12.247s] [ 19%] [32mBuilding CXX object CMakeFiles/ros2srrc_data__rosidl_typesupport_cpp.dir/rosidl_typesupport_cpp/ros2srrc_data/msg/joints__type_support.cpp.o[0m
[12.248s] [ 21%] [32mBuilding CXX object CMakeFiles/ros2srrc_data__rosidl_typesupport_cpp.dir/rosidl_typesupport_cpp/ros2srrc_data/msg/xyz__type_support.cpp.o[0m
[12.248s] [ 21%] [32mBuilding CXX object CMakeFiles/ros2srrc_data__rosidl_typesupport_cpp.dir/rosidl_typesupport_cpp/ros2srrc_data/msg/xyzypr__type_support.cpp.o[0m
[12.254s] [ 21%] [32mBuilding CXX object CMakeFiles/ros2srrc_data__rosidl_typesupport_cpp.dir/rosidl_typesupport_cpp/ros2srrc_data/msg/joint__type_support.cpp.o[0m
[12.254s] [ 21%] [32mBuilding CXX object CMakeFiles/ros2srrc_data__rosidl_typesupport_cpp.dir/rosidl_typesupport_cpp/ros2srrc_data/msg/action__type_support.cpp.o[0m
[12.255s] [ 22%] [32mBuilding CXX object CMakeFiles/ros2srrc_data__rosidl_typesupport_cpp.dir/rosidl_typesupport_cpp/ros2srrc_data/msg/ypr__type_support.cpp.o[0m
[12.258s] [ 23%] [32mBuilding CXX object CMakeFiles/ros2srrc_data__rosidl_typesupport_cpp.dir/rosidl_typesupport_cpp/ros2srrc_data/msg/robmove__type_support.cpp.o[0m
[12.262s] [ 24%] [32mBuilding CXX object CMakeFiles/ros2srrc_data__rosidl_typesupport_cpp.dir/rosidl_typesupport_cpp/ros2srrc_data/msg/robpose__type_support.cpp.o[0m
[12.269s] [ 25%] [32mBuilding CXX object CMakeFiles/ros2srrc_data__rosidl_typesupport_cpp.dir/rosidl_typesupport_cpp/ros2srrc_data/action/move__type_support.cpp.o[0m
[12.274s] [ 26%] [32mBuilding CXX object CMakeFiles/ros2srrc_data__rosidl_typesupport_cpp.dir/rosidl_typesupport_cpp/ros2srrc_data/msg/linkattacher__type_support.cpp.o[0m
[12.879s] [ 27%] [32mBuilding CXX object CMakeFiles/ros2srrc_data__rosidl_typesupport_cpp.dir/rosidl_typesupport_cpp/ros2srrc_data/action/sequence__type_support.cpp.o[0m
[13.174s] [ 27%] [32mBuilding CXX object CMakeFiles/ros2srrc_data__rosidl_typesupport_cpp.dir/rosidl_typesupport_cpp/ros2srrc_data/action/robmove__type_support.cpp.o[0m
[13.177s] [ 27%] [32mBuilding CXX object CMakeFiles/ros2srrc_data__rosidl_typesupport_c.dir/rosidl_typesupport_c/ros2srrc_data/msg/specs__type_support.cpp.o[0m
[13.196s] [ 28%] [32mBuilding CXX object CMakeFiles/ros2srrc_data__rosidl_typesupport_c.dir/rosidl_typesupport_c/ros2srrc_data/msg/robmove__type_support.cpp.o[0m
[13.259s] [ 29%] [32mBuilding CXX object CMakeFiles/ros2srrc_data__rosidl_typesupport_c.dir/rosidl_typesupport_c/ros2srrc_data/msg/joint__type_support.cpp.o[0m
[13.293s] [ 30%] [32mBuilding CXX object CMakeFiles/ros2srrc_data__rosidl_typesupport_c.dir/rosidl_typesupport_c/ros2srrc_data/msg/joints__type_support.cpp.o[0m
[13.303s] [ 31%] [32mBuilding CXX object CMakeFiles/ros2srrc_data__rosidl_typesupport_c.dir/rosidl_typesupport_c/ros2srrc_data/msg/xyz__type_support.cpp.o[0m
[13.361s] [ 31%] [32mBuilding CXX object CMakeFiles/ros2srrc_data__rosidl_typesupport_c.dir/rosidl_typesupport_c/ros2srrc_data/msg/xyzypr__type_support.cpp.o[0m
[13.389s] [ 32%] [32mBuilding CXX object CMakeFiles/ros2srrc_data__rosidl_typesupport_c.dir/rosidl_typesupport_c/ros2srrc_data/msg/ypr__type_support.cpp.o[0m
[13.401s] [ 33%] [32mBuilding CXX object CMakeFiles/ros2srrc_data__rosidl_typesupport_c.dir/rosidl_typesupport_c/ros2srrc_data/msg/action__type_support.cpp.o[0m
[13.409s] [ 34%] [32mBuilding CXX object CMakeFiles/ros2srrc_data__rosidl_typesupport_c.dir/rosidl_typesupport_c/ros2srrc_data/msg/linkattacher__type_support.cpp.o[0m
[13.420s] [ 35%] [32mBuilding CXX object CMakeFiles/ros2srrc_data__rosidl_typesupport_c.dir/rosidl_typesupport_c/ros2srrc_data/msg/robpose__type_support.cpp.o[0m
[13.450s] [ 35%] [32mBuilding CXX object CMakeFiles/ros2srrc_data__rosidl_typesupport_c.dir/rosidl_typesupport_c/ros2srrc_data/action/move__type_support.cpp.o[0m
[13.483s] [ 36%] [32mBuilding CXX object CMakeFiles/ros2srrc_data__rosidl_typesupport_c.dir/rosidl_typesupport_c/ros2srrc_data/action/sequence__type_support.cpp.o[0m
[13.496s] [ 37%] [32mBuilding CXX object CMakeFiles/ros2srrc_data__rosidl_typesupport_c.dir/rosidl_typesupport_c/ros2srrc_data/action/robmove__type_support.cpp.o[0m
[13.629s] [ 38%] [32mBuilding CXX object CMakeFiles/ros2srrc_data__rosidl_typesupport_introspection_cpp.dir/rosidl_typesupport_introspection_cpp/ros2srrc_data/msg/detail/robmove__type_support.cpp.o[0m
[13.639s] [ 39%] [32mBuilding CXX object CMakeFiles/ros2srrc_data__rosidl_typesupport_introspection_cpp.dir/rosidl_typesupport_introspection_cpp/ros2srrc_data/msg/detail/specs__type_support.cpp.o[0m
[13.641s] [ 40%] [32mBuilding CXX object CMakeFiles/ros2srrc_data__rosidl_typesupport_introspection_cpp.dir/rosidl_typesupport_introspection_cpp/ros2srrc_data/msg/detail/joint__type_support.cpp.o[0m
[13.643s] [ 40%] [32mBuilding CXX object CMakeFiles/ros2srrc_data__rosidl_typesupport_introspection_cpp.dir/rosidl_typesupport_introspection_cpp/ros2srrc_data/msg/detail/xyz__type_support.cpp.o[0m
[13.646s] [ 41%] [32mBuilding CXX object CMakeFiles/ros2srrc_data__rosidl_typesupport_introspection_cpp.dir/rosidl_typesupport_introspection_cpp/ros2srrc_data/msg/detail/joints__type_support.cpp.o[0m
[13.650s] [ 42%] [32mBuilding CXX object CMakeFiles/ros2srrc_data__rosidl_typesupport_introspection_cpp.dir/rosidl_typesupport_introspection_cpp/ros2srrc_data/msg/detail/xyzypr__type_support.cpp.o[0m
[13.650s] [ 43%] [32mBuilding CXX object CMakeFiles/ros2srrc_data__rosidl_typesupport_introspection_cpp.dir/rosidl_typesupport_introspection_cpp/ros2srrc_data/msg/detail/action__type_support.cpp.o[0m
[13.656s] [ 44%] [32mBuilding CXX object CMakeFiles/ros2srrc_data__rosidl_typesupport_introspection_cpp.dir/rosidl_typesupport_introspection_cpp/ros2srrc_data/msg/detail/ypr__type_support.cpp.o[0m
[13.662s] [ 45%] [32mBuilding CXX object CMakeFiles/ros2srrc_data__rosidl_typesupport_introspection_cpp.dir/rosidl_typesupport_introspection_cpp/ros2srrc_data/msg/detail/linkattacher__type_support.cpp.o[0m
[13.698s] [ 46%] [32m[1mLinking CXX shared library libros2srrc_data__rosidl_typesupport_c.so[0m
[13.931s] [ 46%] Built target ros2srrc_data__rosidl_typesupport_c
[13.985s] [ 46%] [32mBuilding CXX object CMakeFiles/ros2srrc_data__rosidl_typesupport_introspection_cpp.dir/rosidl_typesupport_introspection_cpp/ros2srrc_data/msg/detail/robpose__type_support.cpp.o[0m
[14.262s] [ 47%] [32mBuilding CXX object CMakeFiles/ros2srrc_data__rosidl_typesupport_introspection_cpp.dir/rosidl_typesupport_introspection_cpp/ros2srrc_data/action/detail/move__type_support.cpp.o[0m
[15.061s] [ 48%] [32mBuilding CXX object CMakeFiles/ros2srrc_data__rosidl_typesupport_introspection_cpp.dir/rosidl_typesupport_introspection_cpp/ros2srrc_data/action/detail/sequence__type_support.cpp.o[0m
[15.086s] [ 49%] [32mBuilding CXX object CMakeFiles/ros2srrc_data__rosidl_typesupport_introspection_cpp.dir/rosidl_typesupport_introspection_cpp/ros2srrc_data/action/detail/robmove__type_support.cpp.o[0m
[15.145s] [ 50%] [32m[1mLinking CXX shared library libros2srrc_data__rosidl_typesupport_cpp.so[0m
[15.295s] [ 50%] Built target ros2srrc_data__rosidl_typesupport_cpp
[15.320s] [ 51%] [32mBuilding CXX object CMakeFiles/ros2srrc_data__rosidl_typesupport_fastrtps_cpp.dir/rosidl_typesupport_fastrtps_cpp/ros2srrc_data/msg/detail/dds_fastrtps/specs__type_support.cpp.o[0m
[15.346s] [ 51%] [32mBuilding CXX object CMakeFiles/ros2srrc_data__rosidl_typesupport_fastrtps_cpp.dir/rosidl_typesupport_fastrtps_cpp/ros2srrc_data/msg/detail/dds_fastrtps/joints__type_support.cpp.o[0m
[15.346s] [ 52%] [32mBuilding CXX object CMakeFiles/ros2srrc_data__rosidl_typesupport_fastrtps_cpp.dir/rosidl_typesupport_fastrtps_cpp/ros2srrc_data/msg/detail/dds_fastrtps/joint__type_support.cpp.o[0m
[15.350s] [ 53%] [32mBuilding CXX object CMakeFiles/ros2srrc_data__rosidl_typesupport_fastrtps_cpp.dir/rosidl_typesupport_fastrtps_cpp/ros2srrc_data/msg/detail/dds_fastrtps/robmove__type_support.cpp.o[0m
[15.351s] [ 54%] [32mBuilding CXX object CMakeFiles/ros2srrc_data__rosidl_typesupport_fastrtps_cpp.dir/rosidl_typesupport_fastrtps_cpp/ros2srrc_data/msg/detail/dds_fastrtps/ypr__type_support.cpp.o[0m
[15.355s] [ 55%] [32mBuilding CXX object CMakeFiles/ros2srrc_data__rosidl_typesupport_fastrtps_cpp.dir/rosidl_typesupport_fastrtps_cpp/ros2srrc_data/msg/detail/dds_fastrtps/xyzypr__type_support.cpp.o[0m
[15.359s] [ 56%] [32mBuilding CXX object CMakeFiles/ros2srrc_data__rosidl_typesupport_fastrtps_cpp.dir/rosidl_typesupport_fastrtps_cpp/ros2srrc_data/msg/detail/dds_fastrtps/xyz__type_support.cpp.o[0m
[15.392s] [ 57%] [32mBuilding C object CMakeFiles/ros2srrc_data__rosidl_typesupport_introspection_c.dir/rosidl_typesupport_introspection_c/ros2srrc_data/msg/detail/specs__type_support.c.o[0m
[15.392s] [ 58%] [32mBuilding CXX object CMakeFiles/ros2srrc_data__rosidl_typesupport_fastrtps_cpp.dir/rosidl_typesupport_fastrtps_cpp/ros2srrc_data/msg/detail/dds_fastrtps/action__type_support.cpp.o[0m
[15.408s] [ 59%] [32mBuilding C object CMakeFiles/ros2srrc_data__rosidl_typesupport_introspection_c.dir/rosidl_typesupport_introspection_c/ros2srrc_data/msg/detail/robmove__type_support.c.o[0m
[15.564s] [ 59%] [32mBuilding C object CMakeFiles/ros2srrc_data__rosidl_typesupport_introspection_c.dir/rosidl_typesupport_introspection_c/ros2srrc_data/msg/detail/joint__type_support.c.o[0m
[15.569s] [ 60%] [32mBuilding C object CMakeFiles/ros2srrc_data__rosidl_typesupport_introspection_c.dir/rosidl_typesupport_introspection_c/ros2srrc_data/msg/detail/joints__type_support.c.o[0m
[15.687s] [ 61%] [32mBuilding C object CMakeFiles/ros2srrc_data__rosidl_typesupport_introspection_c.dir/rosidl_typesupport_introspection_c/ros2srrc_data/msg/detail/ypr__type_support.c.o[0m
[15.689s] [ 62%] [32mBuilding C object CMakeFiles/ros2srrc_data__rosidl_typesupport_introspection_c.dir/rosidl_typesupport_introspection_c/ros2srrc_data/msg/detail/xyz__type_support.c.o[0m
[15.697s] [ 63%] [32mBuilding C object CMakeFiles/ros2srrc_data__rosidl_typesupport_introspection_c.dir/rosidl_typesupport_introspection_c/ros2srrc_data/msg/detail/xyzypr__type_support.c.o[0m
[15.700s] [ 62%] [32mBuilding C object CMakeFiles/ros2srrc_data__rosidl_typesupport_introspection_c.dir/rosidl_typesupport_introspection_c/ros2srrc_data/msg/detail/action__type_support.c.o[0m
[15.787s] [ 64%] [32mBuilding C object CMakeFiles/ros2srrc_data__rosidl_typesupport_introspection_c.dir/rosidl_typesupport_introspection_c/ros2srrc_data/msg/detail/linkattacher__type_support.c.o[0m
[15.819s] [ 64%] [32mBuilding CXX object CMakeFiles/ros2srrc_data__rosidl_typesupport_fastrtps_cpp.dir/rosidl_typesupport_fastrtps_cpp/ros2srrc_data/msg/detail/dds_fastrtps/linkattacher__type_support.cpp.o[0m
[15.834s] [ 65%] [32mBuilding C object CMakeFiles/ros2srrc_data__rosidl_typesupport_introspection_c.dir/rosidl_typesupport_introspection_c/ros2srrc_data/msg/detail/robpose__type_support.c.o[0m
[15.835s] [ 66%] [32mBuilding CXX object CMakeFiles/ros2srrc_data__rosidl_typesupport_fastrtps_cpp.dir/rosidl_typesupport_fastrtps_cpp/ros2srrc_data/msg/detail/dds_fastrtps/robpose__type_support.cpp.o[0m
[15.884s] [ 67%] [32mBuilding C object CMakeFiles/ros2srrc_data__rosidl_typesupport_introspection_c.dir/rosidl_typesupport_introspection_c/ros2srrc_data/action/detail/move__type_support.c.o[0m
[16.012s] [ 68%] [32mBuilding CXX object CMakeFiles/ros2srrc_data__rosidl_typesupport_fastrtps_cpp.dir/rosidl_typesupport_fastrtps_cpp/ros2srrc_data/action/detail/dds_fastrtps/move__type_support.cpp.o[0m
[16.095s] [ 69%] [32mBuilding C object CMakeFiles/ros2srrc_data__rosidl_typesupport_introspection_c.dir/rosidl_typesupport_introspection_c/ros2srrc_data/action/detail/sequence__type_support.c.o[0m
[16.224s] [ 69%] [32mBuilding C object CMakeFiles/ros2srrc_data__rosidl_typesupport_introspection_c.dir/rosidl_typesupport_introspection_c/ros2srrc_data/action/detail/robmove__type_support.c.o[0m
[16.278s] [ 70%] [32mBuilding CXX object CMakeFiles/ros2srrc_data__rosidl_typesupport_fastrtps_cpp.dir/rosidl_typesupport_fastrtps_cpp/ros2srrc_data/action/detail/dds_fastrtps/sequence__type_support.cpp.o[0m
[16.353s] [ 71%] [32mBuilding CXX object CMakeFiles/ros2srrc_data__rosidl_typesupport_fastrtps_cpp.dir/rosidl_typesupport_fastrtps_cpp/ros2srrc_data/action/detail/dds_fastrtps/robmove__type_support.cpp.o[0m
[16.388s] [ 72%] [32mBuilding CXX object CMakeFiles/ros2srrc_data__rosidl_typesupport_fastrtps_c.dir/rosidl_typesupport_fastrtps_c/ros2srrc_data/msg/detail/specs__type_support_c.cpp.o[0m
[16.410s] [ 73%] [32m[1mLinking C shared library libros2srrc_data__rosidl_typesupport_introspection_c.so[0m
[16.442s] [ 73%] [32mBuilding CXX object CMakeFiles/ros2srrc_data__rosidl_typesupport_fastrtps_c.dir/rosidl_typesupport_fastrtps_c/ros2srrc_data/msg/detail/robmove__type_support_c.cpp.o[0m
[16.442s] [ 74%] [32mBuilding CXX object CMakeFiles/ros2srrc_data__rosidl_typesupport_fastrtps_c.dir/rosidl_typesupport_fastrtps_c/ros2srrc_data/msg/detail/joint__type_support_c.cpp.o[0m
[16.497s] [ 75%] [32mBuilding CXX object CMakeFiles/ros2srrc_data__rosidl_typesupport_fastrtps_c.dir/rosidl_typesupport_fastrtps_c/ros2srrc_data/msg/detail/joints__type_support_c.cpp.o[0m
[16.515s] [ 75%] Built target ros2srrc_data__rosidl_typesupport_introspection_c
[16.534s] [ 76%] [32mBuilding CXX object CMakeFiles/ros2srrc_data__rosidl_typesupport_fastrtps_c.dir/rosidl_typesupport_fastrtps_c/ros2srrc_data/msg/detail/xyz__type_support_c.cpp.o[0m
[16.555s] [ 77%] [32mBuilding CXX object CMakeFiles/ros2srrc_data__rosidl_typesupport_fastrtps_c.dir/rosidl_typesupport_fastrtps_c/ros2srrc_data/msg/detail/xyzypr__type_support_c.cpp.o[0m
[16.715s] [ 77%] [32mBuilding CXX object CMakeFiles/ros2srrc_data__rosidl_typesupport_fastrtps_c.dir/rosidl_typesupport_fastrtps_c/ros2srrc_data/msg/detail/ypr__type_support_c.cpp.o[0m
[16.817s] [ 78%] [32mBuilding CXX object CMakeFiles/ros2srrc_data__rosidl_typesupport_fastrtps_c.dir/rosidl_typesupport_fastrtps_c/ros2srrc_data/msg/detail/action__type_support_c.cpp.o[0m
[16.974s] [ 79%] [32mBuilding CXX object CMakeFiles/ros2srrc_data__rosidl_typesupport_fastrtps_c.dir/rosidl_typesupport_fastrtps_c/ros2srrc_data/msg/detail/linkattacher__type_support_c.cpp.o[0m
[17.090s] [ 80%] [32mBuilding CXX object CMakeFiles/ros2srrc_data__rosidl_typesupport_fastrtps_c.dir/rosidl_typesupport_fastrtps_c/ros2srrc_data/msg/detail/robpose__type_support_c.cpp.o[0m
[17.134s] [ 81%] [32mBuilding CXX object CMakeFiles/ros2srrc_data__rosidl_typesupport_fastrtps_c.dir/rosidl_typesupport_fastrtps_c/ros2srrc_data/action/detail/move__type_support_c.cpp.o[0m
[17.148s] [ 81%] [32mBuilding CXX object CMakeFiles/ros2srrc_data__rosidl_typesupport_fastrtps_c.dir/rosidl_typesupport_fastrtps_c/ros2srrc_data/action/detail/sequence__type_support_c.cpp.o[0m
[17.179s] [ 82%] [32mBuilding CXX object CMakeFiles/ros2srrc_data__rosidl_typesupport_fastrtps_c.dir/rosidl_typesupport_fastrtps_c/ros2srrc_data/action/detail/robmove__type_support_c.cpp.o[0m
[17.710s] [ 83%] [32m[1mLinking CXX shared library libros2srrc_data__rosidl_typesupport_introspection_cpp.so[0m
[17.919s] [ 83%] [32m[1mLinking CXX shared library libros2srrc_data__rosidl_typesupport_fastrtps_cpp.so[0m
[17.935s] [ 83%] Built target ros2srrc_data__rosidl_typesupport_introspection_cpp
[18.098s] [ 83%] Built target ros2srrc_data__rosidl_typesupport_fastrtps_cpp
[18.184s] [ 84%] [32m[1mLinking CXX shared library libros2srrc_data__rosidl_typesupport_fastrtps_c.so[0m
[18.334s] [ 84%] Built target ros2srrc_data__rosidl_typesupport_fastrtps_c
[18.367s] [ 84%] Built target ros2srrc_data
[18.404s] [ 85%] [34m[1mGenerating Python code for ROS interfaces[0m
[24.069s] [ 85%] Built target ros2srrc_data__py
[24.336s] [ 86%] [32mBuilding C object CMakeFiles/ros2srrc_data__rosidl_generator_py.dir/rosidl_generator_py/ros2srrc_data/msg/_xyzypr_s.c.o[0m
[24.338s] [ 87%] [32mBuilding C object CMakeFiles/ros2srrc_data__rosidl_generator_py.dir/rosidl_generator_py/ros2srrc_data/msg/_joints_s.c.o[0m
[24.338s] [ 88%] [32mBuilding C object CMakeFiles/ros2srrc_data__rosidl_generator_py.dir/rosidl_generator_py/ros2srrc_data/action/_move_s.c.o[0m
[24.357s] [ 89%] [32mBuilding C object CMakeFiles/ros2srrc_data__rosidl_generator_py.dir/rosidl_generator_py/ros2srrc_data/msg/_joint_s.c.o[0m
[24.382s] [ 90%] [32mBuilding C object CMakeFiles/ros2srrc_data__rosidl_generator_py.dir/rosidl_generator_py/ros2srrc_data/msg/_linkattacher_s.c.o[0m
[24.406s] [ 90%] [32mBuilding C object CMakeFiles/ros2srrc_data__rosidl_generator_py.dir/rosidl_generator_py/ros2srrc_data/msg/_robmove_s.c.o[0m
[24.562s] [ 91%] [32mBuilding C object CMakeFiles/ros2srrc_data__rosidl_generator_py.dir/rosidl_generator_py/ros2srrc_data/msg/_specs_s.c.o[0m
[24.591s] [ 92%] [32mBuilding C object CMakeFiles/ros2srrc_data__rosidl_generator_py.dir/rosidl_generator_py/ros2srrc_data/action/_robmove_s.c.o[0m
[24.597s] [ 92%] [32mBuilding C object CMakeFiles/ros2srrc_data__rosidl_generator_py.dir/rosidl_generator_py/ros2srrc_data/msg/_ypr_s.c.o[0m
[24.601s] [ 93%] [32mBuilding C object CMakeFiles/ros2srrc_data__rosidl_generator_py.dir/rosidl_generator_py/ros2srrc_data/msg/_action_s.c.o[0m
[24.604s] [ 93%] [32mBuilding C object CMakeFiles/ros2srrc_data__rosidl_generator_py.dir/rosidl_generator_py/ros2srrc_data/action/_sequence_s.c.o[0m
[24.612s] [ 94%] [32mBuilding C object CMakeFiles/ros2srrc_data__rosidl_generator_py.dir/rosidl_generator_py/ros2srrc_data/msg/_robpose_s.c.o[0m
[24.627s] [ 95%] [32mBuilding C object CMakeFiles/ros2srrc_data__rosidl_generator_py.dir/rosidl_generator_py/ros2srrc_data/msg/_xyz_s.c.o[0m
[26.386s] [ 96%] [32m[1mLinking C shared library rosidl_generator_py/ros2srrc_data/libros2srrc_data__rosidl_generator_py.so[0m
[27.048s] [ 96%] Built target ros2srrc_data__rosidl_generator_py
[27.320s] [ 97%] [32mBuilding C object CMakeFiles/ros2srrc_data__rosidl_typesupport_c__pyext.dir/rosidl_generator_py/ros2srrc_data/_ros2srrc_data_s.ep.rosidl_typesupport_c.c.o[0m
[27.330s] [ 98%] [32mBuilding C object CMakeFiles/ros2srrc_data__rosidl_typesupport_fastrtps_c__pyext.dir/rosidl_generator_py/ros2srrc_data/_ros2srrc_data_s.ep.rosidl_typesupport_fastrtps_c.c.o[0m
[27.391s] [ 99%] [32mBuilding C object CMakeFiles/ros2srrc_data__rosidl_typesupport_introspection_c__pyext.dir/rosidl_generator_py/ros2srrc_data/_ros2srrc_data_s.ep.rosidl_typesupport_introspection_c.c.o[0m
[28.576s] [ 99%] [32m[1mLinking C shared library rosidl_generator_py/ros2srrc_data/ros2srrc_data_s__rosidl_typesupport_fastrtps_c.cpython-310-x86_64-linux-gnu.so[0m
[28.677s] [ 99%] [32m[1mLinking C shared library rosidl_generator_py/ros2srrc_data/ros2srrc_data_s__rosidl_typesupport_c.cpython-310-x86_64-linux-gnu.so[0m
[28.867s] [ 99%] Built target ros2srrc_data__rosidl_typesupport_c__pyext
[29.072s] [ 99%] Built target ros2srrc_data__rosidl_typesupport_fastrtps_c__pyext
[29.525s] [100%] [32m[1mLinking C shared library rosidl_generator_py/ros2srrc_data/ros2srrc_data_s__rosidl_typesupport_introspection_c.cpython-310-x86_64-linux-gnu.so[0m
[30.227s] [100%] Built target ros2srrc_data__rosidl_typesupport_introspection_c__pyext
[30.262s] Invoked command in '/home/ros2/dev_ws/build/ros2srrc_data' returned '0': CMAKE_PREFIX_PATH=/opt/ros/humble /usr/bin/cmake --build /home/ros2/dev_ws/build/ros2srrc_data -- -j16 -l16
[30.262s] Invoking command in '/home/ros2/dev_ws/build/ros2srrc_data': CMAKE_PREFIX_PATH=/opt/ros/humble /usr/bin/cmake --install /home/ros2/dev_ws/build/ros2srrc_data
[30.291s] -- Install configuration: ""
[30.292s] -- Execute custom install script
[30.298s] -- Symlinking: /home/ros2/dev_ws/install/ros2srrc_data/share/ros2srrc_data/action/Move.action
[30.312s] -- Symlinking: /home/ros2/dev_ws/install/ros2srrc_data/share/ros2srrc_data/action/Robmove.action
[30.397s] -- Symlinking: /home/ros2/dev_ws/install/ros2srrc_data/share/ros2srrc_data/action/Sequence.action
[30.558s] -- Symlinking: /home/ros2/dev_ws/install/ros2srrc_data/share/ros2srrc_data/msg/Action.msg
[30.668s] -- Symlinking: /home/ros2/dev_ws/install/ros2srrc_data/share/ros2srrc_data/msg/Joint.msg
[30.685s] -- Symlinking: /home/ros2/dev_ws/install/ros2srrc_data/share/ros2srrc_data/msg/Joints.msg
[30.847s] -- Symlinking: /home/ros2/dev_ws/install/ros2srrc_data/share/ros2srrc_data/msg/Linkattacher.msg
[30.892s] -- Symlinking: /home/ros2/dev_ws/install/ros2srrc_data/share/ros2srrc_data/msg/Robmove.msg
[30.918s] -- Symlinking: /home/ros2/dev_ws/install/ros2srrc_data/share/ros2srrc_data/msg/Robpose.msg
[30.968s] -- Symlinking: /home/ros2/dev_ws/install/ros2srrc_data/share/ros2srrc_data/msg/Specs.msg
[30.986s] -- Symlinking: /home/ros2/dev_ws/install/ros2srrc_data/share/ros2srrc_data/msg/Xyz.msg
[31.006s] -- Symlinking: /home/ros2/dev_ws/install/ros2srrc_data/share/ros2srrc_data/msg/Xyzypr.msg
[31.028s] -- Symlinking: /home/ros2/dev_ws/install/ros2srrc_data/share/ros2srrc_data/msg/Ypr.msg
[31.048s] -- Symlinking: /home/ros2/dev_ws/install/ros2srrc_data/share/ament_index/resource_index/rosidl_interfaces/ros2srrc_data
[31.072s] -- Symlinking: /home/ros2/dev_ws/install/ros2srrc_data/include/ros2srrc_data/ros2srrc_data/action/detail/move__functions.h
[31.093s] -- Symlinking: /home/ros2/dev_ws/install/ros2srrc_data/include/ros2srrc_data/ros2srrc_data/action/detail/move__struct.h
[31.113s] -- Symlinking: /home/ros2/dev_ws/install/ros2srrc_data/include/ros2srrc_data/ros2srrc_data/action/detail/move__type_support.h
[31.141s] -- Symlinking: /home/ros2/dev_ws/install/ros2srrc_data/include/ros2srrc_data/ros2srrc_data/action/detail/robmove__functions.h
[31.159s] -- Symlinking: /home/ros2/dev_ws/install/ros2srrc_data/include/ros2srrc_data/ros2srrc_data/action/detail/robmove__struct.h
[31.183s] -- Symlinking: /home/ros2/dev_ws/install/ros2srrc_data/include/ros2srrc_data/ros2srrc_data/action/detail/robmove__type_support.h
[31.208s] -- Symlinking: /home/ros2/dev_ws/install/ros2srrc_data/include/ros2srrc_data/ros2srrc_data/action/detail/sequence__functions.h
[31.230s] -- Symlinking: /home/ros2/dev_ws/install/ros2srrc_data/include/ros2srrc_data/ros2srrc_data/action/detail/sequence__struct.h
[31.248s] -- Symlinking: /home/ros2/dev_ws/install/ros2srrc_data/include/ros2srrc_data/ros2srrc_data/action/detail/sequence__type_support.h
[31.265s] -- Symlinking: /home/ros2/dev_ws/install/ros2srrc_data/include/ros2srrc_data/ros2srrc_data/action/move.h
[31.292s] -- Symlinking: /home/ros2/dev_ws/install/ros2srrc_data/include/ros2srrc_data/ros2srrc_data/action/robmove.h
[31.310s] -- Symlinking: /home/ros2/dev_ws/install/ros2srrc_data/include/ros2srrc_data/ros2srrc_data/action/sequence.h
[31.332s] -- Symlinking: /home/ros2/dev_ws/install/ros2srrc_data/include/ros2srrc_data/ros2srrc_data/msg/action.h
[31.353s] -- Symlinking: /home/ros2/dev_ws/install/ros2srrc_data/include/ros2srrc_data/ros2srrc_data/msg/detail/action__functions.h
[31.375s] -- Symlinking: /home/ros2/dev_ws/install/ros2srrc_data/include/ros2srrc_data/ros2srrc_data/msg/detail/action__struct.h
[31.397s] -- Symlinking: /home/ros2/dev_ws/install/ros2srrc_data/include/ros2srrc_data/ros2srrc_data/msg/detail/action__type_support.h
[31.418s] -- Symlinking: /home/ros2/dev_ws/install/ros2srrc_data/include/ros2srrc_data/ros2srrc_data/msg/detail/joint__functions.h
[31.436s] -- Symlinking: /home/ros2/dev_ws/install/ros2srrc_data/include/ros2srrc_data/ros2srrc_data/msg/detail/joint__struct.h
[31.458s] -- Symlinking: /home/ros2/dev_ws/install/ros2srrc_data/include/ros2srrc_data/ros2srrc_data/msg/detail/joint__type_support.h
[31.561s] -- Symlinking: /home/ros2/dev_ws/install/ros2srrc_data/include/ros2srrc_data/ros2srrc_data/msg/detail/joints__functions.h
[31.628s] -- Symlinking: /home/ros2/dev_ws/install/ros2srrc_data/include/ros2srrc_data/ros2srrc_data/msg/detail/joints__struct.h
[31.649s] -- Symlinking: /home/ros2/dev_ws/install/ros2srrc_data/include/ros2srrc_data/ros2srrc_data/msg/detail/joints__type_support.h
[31.823s] -- Symlinking: /home/ros2/dev_ws/install/ros2srrc_data/include/ros2srrc_data/ros2srrc_data/msg/detail/linkattacher__functions.h
[31.876s] -- Symlinking: /home/ros2/dev_ws/install/ros2srrc_data/include/ros2srrc_data/ros2srrc_data/msg/detail/linkattacher__struct.h
[31.896s] -- Symlinking: /home/ros2/dev_ws/install/ros2srrc_data/include/ros2srrc_data/ros2srrc_data/msg/detail/linkattacher__type_support.h
[31.918s] -- Symlinking: /home/ros2/dev_ws/install/ros2srrc_data/include/ros2srrc_data/ros2srrc_data/msg/detail/robmove__functions.h
[31.939s] -- Symlinking: /home/ros2/dev_ws/install/ros2srrc_data/include/ros2srrc_data/ros2srrc_data/msg/detail/robmove__struct.h
[31.955s] -- Symlinking: /home/ros2/dev_ws/install/ros2srrc_data/include/ros2srrc_data/ros2srrc_data/msg/detail/robmove__type_support.h
[32.127s] -- Symlinking: /home/ros2/dev_ws/install/ros2srrc_data/include/ros2srrc_data/ros2srrc_data/msg/detail/robpose__functions.h
[32.224s] -- Symlinking: /home/ros2/dev_ws/install/ros2srrc_data/include/ros2srrc_data/ros2srrc_data/msg/detail/robpose__struct.h
[32.336s] -- Symlinking: /home/ros2/dev_ws/install/ros2srrc_data/include/ros2srrc_data/ros2srrc_data/msg/detail/robpose__type_support.h
[32.439s] -- Symlinking: /home/ros2/dev_ws/install/ros2srrc_data/include/ros2srrc_data/ros2srrc_data/msg/detail/specs__functions.h
[32.625s] -- Symlinking: /home/ros2/dev_ws/install/ros2srrc_data/include/ros2srrc_data/ros2srrc_data/msg/detail/specs__struct.h
[32.640s] -- Symlinking: /home/ros2/dev_ws/install/ros2srrc_data/include/ros2srrc_data/ros2srrc_data/msg/detail/specs__type_support.h
[32.655s] -- Symlinking: /home/ros2/dev_ws/install/ros2srrc_data/include/ros2srrc_data/ros2srrc_data/msg/detail/xyz__functions.h
[32.672s] -- Symlinking: /home/ros2/dev_ws/install/ros2srrc_data/include/ros2srrc_data/ros2srrc_data/msg/detail/xyz__struct.h
[32.681s] -- Symlinking: /home/ros2/dev_ws/install/ros2srrc_data/include/ros2srrc_data/ros2srrc_data/msg/detail/xyz__type_support.h
[32.706s] -- Symlinking: /home/ros2/dev_ws/install/ros2srrc_data/include/ros2srrc_data/ros2srrc_data/msg/detail/xyzypr__functions.h
[32.723s] -- Symlinking: /home/ros2/dev_ws/install/ros2srrc_data/include/ros2srrc_data/ros2srrc_data/msg/detail/xyzypr__struct.h
[32.741s] -- Symlinking: /home/ros2/dev_ws/install/ros2srrc_data/include/ros2srrc_data/ros2srrc_data/msg/detail/xyzypr__type_support.h
[32.760s] -- Symlinking: /home/ros2/dev_ws/install/ros2srrc_data/include/ros2srrc_data/ros2srrc_data/msg/detail/ypr__functions.h
[32.935s] -- Symlinking: /home/ros2/dev_ws/install/ros2srrc_data/include/ros2srrc_data/ros2srrc_data/msg/detail/ypr__struct.h
[32.956s] -- Symlinking: /home/ros2/dev_ws/install/ros2srrc_data/include/ros2srrc_data/ros2srrc_data/msg/detail/ypr__type_support.h
[32.969s] -- Symlinking: /home/ros2/dev_ws/install/ros2srrc_data/include/ros2srrc_data/ros2srrc_data/msg/joint.h
[32.984s] -- Symlinking: /home/ros2/dev_ws/install/ros2srrc_data/include/ros2srrc_data/ros2srrc_data/msg/joints.h
[33.001s] -- Symlinking: /home/ros2/dev_ws/install/ros2srrc_data/include/ros2srrc_data/ros2srrc_data/msg/linkattacher.h
[33.024s] -- Symlinking: /home/ros2/dev_ws/install/ros2srrc_data/include/ros2srrc_data/ros2srrc_data/msg/robmove.h
[33.037s] -- Symlinking: /home/ros2/dev_ws/install/ros2srrc_data/include/ros2srrc_data/ros2srrc_data/msg/robpose.h
[33.051s] -- Symlinking: /home/ros2/dev_ws/install/ros2srrc_data/include/ros2srrc_data/ros2srrc_data/msg/rosidl_generator_c__visibility_control.h
[33.070s] -- Symlinking: /home/ros2/dev_ws/install/ros2srrc_data/include/ros2srrc_data/ros2srrc_data/msg/specs.h
[33.086s] -- Symlinking: /home/ros2/dev_ws/install/ros2srrc_data/include/ros2srrc_data/ros2srrc_data/msg/xyz.h
[33.107s] -- Symlinking: /home/ros2/dev_ws/install/ros2srrc_data/include/ros2srrc_data/ros2srrc_data/msg/xyzypr.h
[33.125s] -- Symlinking: /home/ros2/dev_ws/install/ros2srrc_data/include/ros2srrc_data/ros2srrc_data/msg/ypr.h
[33.148s] -- Symlinking: /home/ros2/dev_ws/install/ros2srrc_data/share/ros2srrc_data/environment/library_path.sh
[33.171s] -- Symlinking: /home/ros2/dev_ws/install/ros2srrc_data/share/ros2srrc_data/environment/library_path.dsv
[33.195s] -- Symlinking: /home/ros2/dev_ws/install/ros2srrc_data/include/ros2srrc_data/ros2srrc_data/action/detail/move__rosidl_typesupport_fastrtps_c.h
[33.215s] -- Symlinking: /home/ros2/dev_ws/install/ros2srrc_data/include/ros2srrc_data/ros2srrc_data/action/detail/robmove__rosidl_typesupport_fastrtps_c.h
[33.241s] -- Symlinking: /home/ros2/dev_ws/install/ros2srrc_data/include/ros2srrc_data/ros2srrc_data/action/detail/sequence__rosidl_typesupport_fastrtps_c.h
[33.255s] -- Symlinking: /home/ros2/dev_ws/install/ros2srrc_data/include/ros2srrc_data/ros2srrc_data/msg/detail/action__rosidl_typesupport_fastrtps_c.h
[33.278s] -- Symlinking: /home/ros2/dev_ws/install/ros2srrc_data/include/ros2srrc_data/ros2srrc_data/msg/detail/joint__rosidl_typesupport_fastrtps_c.h
[33.300s] -- Symlinking: /home/ros2/dev_ws/install/ros2srrc_data/include/ros2srrc_data/ros2srrc_data/msg/detail/joints__rosidl_typesupport_fastrtps_c.h
[33.328s] -- Symlinking: /home/ros2/dev_ws/install/ros2srrc_data/include/ros2srrc_data/ros2srrc_data/msg/detail/linkattacher__rosidl_typesupport_fastrtps_c.h
[33.365s] -- Symlinking: /home/ros2/dev_ws/install/ros2srrc_data/include/ros2srrc_data/ros2srrc_data/msg/detail/robmove__rosidl_typesupport_fastrtps_c.h
[33.455s] -- Symlinking: /home/ros2/dev_ws/install/ros2srrc_data/include/ros2srrc_data/ros2srrc_data/msg/detail/robpose__rosidl_typesupport_fastrtps_c.h
[33.482s] -- Symlinking: /home/ros2/dev_ws/install/ros2srrc_data/include/ros2srrc_data/ros2srrc_data/msg/detail/specs__rosidl_typesupport_fastrtps_c.h
[33.510s] -- Symlinking: /home/ros2/dev_ws/install/ros2srrc_data/include/ros2srrc_data/ros2srrc_data/msg/detail/xyz__rosidl_typesupport_fastrtps_c.h
[33.533s] -- Symlinking: /home/ros2/dev_ws/install/ros2srrc_data/include/ros2srrc_data/ros2srrc_data/msg/detail/xyzypr__rosidl_typesupport_fastrtps_c.h
[33.559s] -- Symlinking: /home/ros2/dev_ws/install/ros2srrc_data/include/ros2srrc_data/ros2srrc_data/msg/detail/ypr__rosidl_typesupport_fastrtps_c.h
[33.580s] -- Symlinking: /home/ros2/dev_ws/install/ros2srrc_data/include/ros2srrc_data/ros2srrc_data/msg/rosidl_typesupport_fastrtps_c__visibility_control.h
[33.627s] -- Symlinking: /home/ros2/dev_ws/install/ros2srrc_data/include/ros2srrc_data/ros2srrc_data/action/detail/move__rosidl_typesupport_introspection_c.h
[33.646s] -- Symlinking: /home/ros2/dev_ws/install/ros2srrc_data/include/ros2srrc_data/ros2srrc_data/action/detail/robmove__rosidl_typesupport_introspection_c.h
[33.664s] -- Symlinking: /home/ros2/dev_ws/install/ros2srrc_data/include/ros2srrc_data/ros2srrc_data/action/detail/sequence__rosidl_typesupport_introspection_c.h
[33.684s] -- Symlinking: /home/ros2/dev_ws/install/ros2srrc_data/include/ros2srrc_data/ros2srrc_data/msg/detail/action__rosidl_typesupport_introspection_c.h
[33.708s] -- Symlinking: /home/ros2/dev_ws/install/ros2srrc_data/include/ros2srrc_data/ros2srrc_data/msg/detail/joint__rosidl_typesupport_introspection_c.h
[33.731s] -- Symlinking: /home/ros2/dev_ws/install/ros2srrc_data/include/ros2srrc_data/ros2srrc_data/msg/detail/joints__rosidl_typesupport_introspection_c.h
[33.805s] -- Symlinking: /home/ros2/dev_ws/install/ros2srrc_data/include/ros2srrc_data/ros2srrc_data/msg/detail/linkattacher__rosidl_typesupport_introspection_c.h
[33.909s] -- Symlinking: /home/ros2/dev_ws/install/ros2srrc_data/include/ros2srrc_data/ros2srrc_data/msg/detail/robmove__rosidl_typesupport_introspection_c.h
[33.939s] -- Symlinking: /home/ros2/dev_ws/install/ros2srrc_data/include/ros2srrc_data/ros2srrc_data/msg/detail/robpose__rosidl_typesupport_introspection_c.h
[33.964s] -- Symlinking: /home/ros2/dev_ws/install/ros2srrc_data/include/ros2srrc_data/ros2srrc_data/msg/detail/specs__rosidl_typesupport_introspection_c.h
[33.993s] -- Symlinking: /home/ros2/dev_ws/install/ros2srrc_data/include/ros2srrc_data/ros2srrc_data/msg/detail/xyz__rosidl_typesupport_introspection_c.h
[34.018s] -- Symlinking: /home/ros2/dev_ws/install/ros2srrc_data/include/ros2srrc_data/ros2srrc_data/msg/detail/xyzypr__rosidl_typesupport_introspection_c.h
[34.039s] -- Symlinking: /home/ros2/dev_ws/install/ros2srrc_data/include/ros2srrc_data/ros2srrc_data/msg/detail/ypr__rosidl_typesupport_introspection_c.h
[34.066s] -- Symlinking: /home/ros2/dev_ws/install/ros2srrc_data/include/ros2srrc_data/ros2srrc_data/msg/rosidl_typesupport_introspection_c__visibility_control.h
[34.093s] -- Symlinking: /home/ros2/dev_ws/install/ros2srrc_data/include/ros2srrc_data/ros2srrc_data/action/detail/move__builder.hpp
[34.108s] -- Symlinking: /home/ros2/dev_ws/install/ros2srrc_data/include/ros2srrc_data/ros2srrc_data/action/detail/move__struct.hpp
[34.128s] -- Symlinking: /home/ros2/dev_ws/install/ros2srrc_data/include/ros2srrc_data/ros2srrc_data/action/detail/move__traits.hpp
[34.143s] -- Symlinking: /home/ros2/dev_ws/install/ros2srrc_data/include/ros2srrc_data/ros2srrc_data/action/detail/move__type_support.hpp
[34.162s] -- Symlinking: /home/ros2/dev_ws/install/ros2srrc_data/include/ros2srrc_data/ros2srrc_data/action/detail/robmove__builder.hpp
[34.175s] -- Symlinking: /home/ros2/dev_ws/install/ros2srrc_data/include/ros2srrc_data/ros2srrc_data/action/detail/robmove__struct.hpp
[34.188s] -- Symlinking: /home/ros2/dev_ws/install/ros2srrc_data/include/ros2srrc_data/ros2srrc_data/action/detail/robmove__traits.hpp
[34.199s] -- Symlinking: /home/ros2/dev_ws/install/ros2srrc_data/include/ros2srrc_data/ros2srrc_data/action/detail/robmove__type_support.hpp
[34.215s] -- Symlinking: /home/ros2/dev_ws/install/ros2srrc_data/include/ros2srrc_data/ros2srrc_data/action/detail/sequence__builder.hpp
[34.239s] -- Symlinking: /home/ros2/dev_ws/install/ros2srrc_data/include/ros2srrc_data/ros2srrc_data/action/detail/sequence__struct.hpp
[34.259s] -- Symlinking: /home/ros2/dev_ws/install/ros2srrc_data/include/ros2srrc_data/ros2srrc_data/action/detail/sequence__traits.hpp
[34.277s] -- Symlinking: /home/ros2/dev_ws/install/ros2srrc_data/include/ros2srrc_data/ros2srrc_data/action/detail/sequence__type_support.hpp
[34.289s] -- Symlinking: /home/ros2/dev_ws/install/ros2srrc_data/include/ros2srrc_data/ros2srrc_data/action/move.hpp
[34.305s] -- Symlinking: /home/ros2/dev_ws/install/ros2srrc_data/include/ros2srrc_data/ros2srrc_data/action/robmove.hpp
[34.316s] -- Symlinking: /home/ros2/dev_ws/install/ros2srrc_data/include/ros2srrc_data/ros2srrc_data/action/sequence.hpp
[34.327s] -- Symlinking: /home/ros2/dev_ws/install/ros2srrc_data/include/ros2srrc_data/ros2srrc_data/msg/action.hpp
[34.343s] -- Symlinking: /home/ros2/dev_ws/install/ros2srrc_data/include/ros2srrc_data/ros2srrc_data/msg/detail/action__builder.hpp
[34.355s] -- Symlinking: /home/ros2/dev_ws/install/ros2srrc_data/include/ros2srrc_data/ros2srrc_data/msg/detail/action__struct.hpp
[34.368s] -- Symlinking: /home/ros2/dev_ws/install/ros2srrc_data/include/ros2srrc_data/ros2srrc_data/msg/detail/action__traits.hpp
[34.389s] -- Symlinking: /home/ros2/dev_ws/install/ros2srrc_data/include/ros2srrc_data/ros2srrc_data/msg/detail/action__type_support.hpp
[34.438s] -- Symlinking: /home/ros2/dev_ws/install/ros2srrc_data/include/ros2srrc_data/ros2srrc_data/msg/detail/joint__builder.hpp
[34.453s] -- Symlinking: /home/ros2/dev_ws/install/ros2srrc_data/include/ros2srrc_data/ros2srrc_data/msg/detail/joint__struct.hpp
[34.465s] -- Symlinking: /home/ros2/dev_ws/install/ros2srrc_data/include/ros2srrc_data/ros2srrc_data/msg/detail/joint__traits.hpp
[34.478s] -- Symlinking: /home/ros2/dev_ws/install/ros2srrc_data/include/ros2srrc_data/ros2srrc_data/msg/detail/joint__type_support.hpp
[34.490s] -- Symlinking: /home/ros2/dev_ws/install/ros2srrc_data/include/ros2srrc_data/ros2srrc_data/msg/detail/joints__builder.hpp
[34.503s] -- Symlinking: /home/ros2/dev_ws/install/ros2srrc_data/include/ros2srrc_data/ros2srrc_data/msg/detail/joints__struct.hpp
[34.516s] -- Symlinking: /home/ros2/dev_ws/install/ros2srrc_data/include/ros2srrc_data/ros2srrc_data/msg/detail/joints__traits.hpp
[34.527s] -- Symlinking: /home/ros2/dev_ws/install/ros2srrc_data/include/ros2srrc_data/ros2srrc_data/msg/detail/joints__type_support.hpp
[34.539s] -- Symlinking: /home/ros2/dev_ws/install/ros2srrc_data/include/ros2srrc_data/ros2srrc_data/msg/detail/linkattacher__builder.hpp
[34.547s] -- Symlinking: /home/ros2/dev_ws/install/ros2srrc_data/include/ros2srrc_data/ros2srrc_data/msg/detail/linkattacher__struct.hpp
[34.559s] -- Symlinking: /home/ros2/dev_ws/install/ros2srrc_data/include/ros2srrc_data/ros2srrc_data/msg/detail/linkattacher__traits.hpp
[34.572s] -- Symlinking: /home/ros2/dev_ws/install/ros2srrc_data/include/ros2srrc_data/ros2srrc_data/msg/detail/linkattacher__type_support.hpp
[34.584s] -- Symlinking: /home/ros2/dev_ws/install/ros2srrc_data/include/ros2srrc_data/ros2srrc_data/msg/detail/robmove__builder.hpp
[34.600s] -- Symlinking: /home/ros2/dev_ws/install/ros2srrc_data/include/ros2srrc_data/ros2srrc_data/msg/detail/robmove__struct.hpp
[34.613s] -- Symlinking: /home/ros2/dev_ws/install/ros2srrc_data/include/ros2srrc_data/ros2srrc_data/msg/detail/robmove__traits.hpp
[34.623s] -- Symlinking: /home/ros2/dev_ws/install/ros2srrc_data/include/ros2srrc_data/ros2srrc_data/msg/detail/robmove__type_support.hpp
[34.639s] -- Symlinking: /home/ros2/dev_ws/install/ros2srrc_data/include/ros2srrc_data/ros2srrc_data/msg/detail/robpose__builder.hpp
[34.649s] -- Symlinking: /home/ros2/dev_ws/install/ros2srrc_data/include/ros2srrc_data/ros2srrc_data/msg/detail/robpose__struct.hpp
[34.658s] -- Symlinking: /home/ros2/dev_ws/install/ros2srrc_data/include/ros2srrc_data/ros2srrc_data/msg/detail/robpose__traits.hpp
[34.670s] -- Symlinking: /home/ros2/dev_ws/install/ros2srrc_data/include/ros2srrc_data/ros2srrc_data/msg/detail/robpose__type_support.hpp
[34.682s] -- Symlinking: /home/ros2/dev_ws/install/ros2srrc_data/include/ros2srrc_data/ros2srrc_data/msg/detail/specs__builder.hpp
[34.696s] -- Symlinking: /home/ros2/dev_ws/install/ros2srrc_data/include/ros2srrc_data/ros2srrc_data/msg/detail/specs__struct.hpp
[34.710s] -- Symlinking: /home/ros2/dev_ws/install/ros2srrc_data/include/ros2srrc_data/ros2srrc_data/msg/detail/specs__traits.hpp
[34.721s] -- Symlinking: /home/ros2/dev_ws/install/ros2srrc_data/include/ros2srrc_data/ros2srrc_data/msg/detail/specs__type_support.hpp
[34.735s] -- Symlinking: /home/ros2/dev_ws/install/ros2srrc_data/include/ros2srrc_data/ros2srrc_data/msg/detail/xyz__builder.hpp
[34.740s] -- Symlinking: /home/ros2/dev_ws/install/ros2srrc_data/include/ros2srrc_data/ros2srrc_data/msg/detail/xyz__struct.hpp
[34.748s] -- Symlinking: /home/ros2/dev_ws/install/ros2srrc_data/include/ros2srrc_data/ros2srrc_data/msg/detail/xyz__traits.hpp
[34.758s] -- Symlinking: /home/ros2/dev_ws/install/ros2srrc_data/include/ros2srrc_data/ros2srrc_data/msg/detail/xyz__type_support.hpp
[34.769s] -- Symlinking: /home/ros2/dev_ws/install/ros2srrc_data/include/ros2srrc_data/ros2srrc_data/msg/detail/xyzypr__builder.hpp
[34.780s] -- Symlinking: /home/ros2/dev_ws/install/ros2srrc_data/include/ros2srrc_data/ros2srrc_data/msg/detail/xyzypr__struct.hpp
[34.792s] -- Symlinking: /home/ros2/dev_ws/install/ros2srrc_data/include/ros2srrc_data/ros2srrc_data/msg/detail/xyzypr__traits.hpp
[34.804s] -- Symlinking: /home/ros2/dev_ws/install/ros2srrc_data/include/ros2srrc_data/ros2srrc_data/msg/detail/xyzypr__type_support.hpp
[34.815s] -- Symlinking: /home/ros2/dev_ws/install/ros2srrc_data/include/ros2srrc_data/ros2srrc_data/msg/detail/ypr__builder.hpp
[34.824s] -- Symlinking: /home/ros2/dev_ws/install/ros2srrc_data/include/ros2srrc_data/ros2srrc_data/msg/detail/ypr__struct.hpp
[34.843s] -- Symlinking: /home/ros2/dev_ws/install/ros2srrc_data/include/ros2srrc_data/ros2srrc_data/msg/detail/ypr__traits.hpp
[34.853s] -- Symlinking: /home/ros2/dev_ws/install/ros2srrc_data/include/ros2srrc_data/ros2srrc_data/msg/detail/ypr__type_support.hpp
[34.861s] -- Symlinking: /home/ros2/dev_ws/install/ros2srrc_data/include/ros2srrc_data/ros2srrc_data/msg/joint.hpp
[34.869s] -- Symlinking: /home/ros2/dev_ws/install/ros2srrc_data/include/ros2srrc_data/ros2srrc_data/msg/joints.hpp
[34.877s] -- Symlinking: /home/ros2/dev_ws/install/ros2srrc_data/include/ros2srrc_data/ros2srrc_data/msg/linkattacher.hpp
[34.889s] -- Symlinking: /home/ros2/dev_ws/install/ros2srrc_data/include/ros2srrc_data/ros2srrc_data/msg/robmove.hpp
[34.896s] -- Symlinking: /home/ros2/dev_ws/install/ros2srrc_data/include/ros2srrc_data/ros2srrc_data/msg/robpose.hpp
[34.904s] -- Symlinking: /home/ros2/dev_ws/install/ros2srrc_data/include/ros2srrc_data/ros2srrc_data/msg/rosidl_generator_cpp__visibility_control.hpp
[34.913s] -- Symlinking: /home/ros2/dev_ws/install/ros2srrc_data/include/ros2srrc_data/ros2srrc_data/msg/specs.hpp
[34.922s] -- Symlinking: /home/ros2/dev_ws/install/ros2srrc_data/include/ros2srrc_data/ros2srrc_data/msg/xyz.hpp
[34.934s] -- Symlinking: /home/ros2/dev_ws/install/ros2srrc_data/include/ros2srrc_data/ros2srrc_data/msg/xyzypr.hpp
[34.943s] -- Symlinking: /home/ros2/dev_ws/install/ros2srrc_data/include/ros2srrc_data/ros2srrc_data/msg/ypr.hpp
[34.953s] -- Symlinking: /home/ros2/dev_ws/install/ros2srrc_data/include/ros2srrc_data/ros2srrc_data/action/detail/move__rosidl_typesupport_fastrtps_cpp.hpp
[34.962s] -- Symlinking: /home/ros2/dev_ws/install/ros2srrc_data/include/ros2srrc_data/ros2srrc_data/action/detail/robmove__rosidl_typesupport_fastrtps_cpp.hpp
[34.971s] -- Symlinking: /home/ros2/dev_ws/install/ros2srrc_data/include/ros2srrc_data/ros2srrc_data/action/detail/sequence__rosidl_typesupport_fastrtps_cpp.hpp
[34.981s] -- Symlinking: /home/ros2/dev_ws/install/ros2srrc_data/include/ros2srrc_data/ros2srrc_data/msg/detail/action__rosidl_typesupport_fastrtps_cpp.hpp
[34.990s] -- Symlinking: /home/ros2/dev_ws/install/ros2srrc_data/include/ros2srrc_data/ros2srrc_data/msg/detail/joint__rosidl_typesupport_fastrtps_cpp.hpp
[35.000s] -- Symlinking: /home/ros2/dev_ws/install/ros2srrc_data/include/ros2srrc_data/ros2srrc_data/msg/detail/joints__rosidl_typesupport_fastrtps_cpp.hpp
[35.009s] -- Symlinking: /home/ros2/dev_ws/install/ros2srrc_data/include/ros2srrc_data/ros2srrc_data/msg/detail/linkattacher__rosidl_typesupport_fastrtps_cpp.hpp
[35.018s] -- Symlinking: /home/ros2/dev_ws/install/ros2srrc_data/include/ros2srrc_data/ros2srrc_data/msg/detail/robmove__rosidl_typesupport_fastrtps_cpp.hpp
[35.029s] -- Symlinking: /home/ros2/dev_ws/install/ros2srrc_data/include/ros2srrc_data/ros2srrc_data/msg/detail/robpose__rosidl_typesupport_fastrtps_cpp.hpp
[35.038s] -- Symlinking: /home/ros2/dev_ws/install/ros2srrc_data/include/ros2srrc_data/ros2srrc_data/msg/detail/specs__rosidl_typesupport_fastrtps_cpp.hpp
[35.046s] -- Symlinking: /home/ros2/dev_ws/install/ros2srrc_data/include/ros2srrc_data/ros2srrc_data/msg/detail/xyz__rosidl_typesupport_fastrtps_cpp.hpp
[35.054s] -- Symlinking: /home/ros2/dev_ws/install/ros2srrc_data/include/ros2srrc_data/ros2srrc_data/msg/detail/xyzypr__rosidl_typesupport_fastrtps_cpp.hpp
[35.064s] -- Symlinking: /home/ros2/dev_ws/install/ros2srrc_data/include/ros2srrc_data/ros2srrc_data/msg/detail/ypr__rosidl_typesupport_fastrtps_cpp.hpp
[35.071s] -- Symlinking: /home/ros2/dev_ws/install/ros2srrc_data/include/ros2srrc_data/ros2srrc_data/msg/rosidl_typesupport_fastrtps_cpp__visibility_control.h
[35.081s] -- Symlinking: /home/ros2/dev_ws/install/ros2srrc_data/include/ros2srrc_data/ros2srrc_data/action/detail/move__rosidl_typesupport_introspection_cpp.hpp
[35.091s] -- Symlinking: /home/ros2/dev_ws/install/ros2srrc_data/include/ros2srrc_data/ros2srrc_data/action/detail/robmove__rosidl_typesupport_introspection_cpp.hpp
[35.101s] -- Symlinking: /home/ros2/dev_ws/install/ros2srrc_data/include/ros2srrc_data/ros2srrc_data/action/detail/sequence__rosidl_typesupport_introspection_cpp.hpp
[35.110s] -- Symlinking: /home/ros2/dev_ws/install/ros2srrc_data/include/ros2srrc_data/ros2srrc_data/msg/detail/action__rosidl_typesupport_introspection_cpp.hpp
[35.118s] -- Symlinking: /home/ros2/dev_ws/install/ros2srrc_data/include/ros2srrc_data/ros2srrc_data/msg/detail/joint__rosidl_typesupport_introspection_cpp.hpp
[35.126s] -- Symlinking: /home/ros2/dev_ws/install/ros2srrc_data/include/ros2srrc_data/ros2srrc_data/msg/detail/joints__rosidl_typesupport_introspection_cpp.hpp
[35.136s] -- Symlinking: /home/ros2/dev_ws/install/ros2srrc_data/include/ros2srrc_data/ros2srrc_data/msg/detail/linkattacher__rosidl_typesupport_introspection_cpp.hpp
[35.145s] -- Symlinking: /home/ros2/dev_ws/install/ros2srrc_data/include/ros2srrc_data/ros2srrc_data/msg/detail/robmove__rosidl_typesupport_introspection_cpp.hpp
[35.154s] -- Symlinking: /home/ros2/dev_ws/install/ros2srrc_data/include/ros2srrc_data/ros2srrc_data/msg/detail/robpose__rosidl_typesupport_introspection_cpp.hpp
[35.161s] -- Symlinking: /home/ros2/dev_ws/install/ros2srrc_data/include/ros2srrc_data/ros2srrc_data/msg/detail/specs__rosidl_typesupport_introspection_cpp.hpp
[35.171s] -- Symlinking: /home/ros2/dev_ws/install/ros2srrc_data/include/ros2srrc_data/ros2srrc_data/msg/detail/xyz__rosidl_typesupport_introspection_cpp.hpp
[35.179s] -- Symlinking: /home/ros2/dev_ws/install/ros2srrc_data/include/ros2srrc_data/ros2srrc_data/msg/detail/xyzypr__rosidl_typesupport_introspection_cpp.hpp
[35.187s] -- Symlinking: /home/ros2/dev_ws/install/ros2srrc_data/include/ros2srrc_data/ros2srrc_data/msg/detail/ypr__rosidl_typesupport_introspection_cpp.hpp
[35.200s] -- Symlinking: /home/ros2/dev_ws/install/ros2srrc_data/share/ros2srrc_data/environment/pythonpath.sh
[35.208s] -- Symlinking: /home/ros2/dev_ws/install/ros2srrc_data/share/ros2srrc_data/environment/pythonpath.dsv
[35.219s] -- Symlinking: /home/ros2/dev_ws/install/ros2srrc_data/local/lib/python3.10/dist-packages/ros2srrc_data-0.0.0-py3.10.egg-info/PKG-INFO
[35.229s] -- Symlinking: /home/ros2/dev_ws/install/ros2srrc_data/local/lib/python3.10/dist-packages/ros2srrc_data-0.0.0-py3.10.egg-info/SOURCES.txt
[35.241s] -- Symlinking: /home/ros2/dev_ws/install/ros2srrc_data/local/lib/python3.10/dist-packages/ros2srrc_data-0.0.0-py3.10.egg-info/dependency_links.txt
[35.248s] -- Symlinking: /home/ros2/dev_ws/install/ros2srrc_data/local/lib/python3.10/dist-packages/ros2srrc_data-0.0.0-py3.10.egg-info/top_level.txt
[35.258s] -- Symlinking: /home/ros2/dev_ws/install/ros2srrc_data/local/lib/python3.10/dist-packages/ros2srrc_data/__init__.py
[35.266s] -- Symlinking: /home/ros2/dev_ws/install/ros2srrc_data/local/lib/python3.10/dist-packages/ros2srrc_data/_ros2srrc_data_s.ep.rosidl_typesupport_c.c
[35.274s] -- Symlinking: /home/ros2/dev_ws/install/ros2srrc_data/local/lib/python3.10/dist-packages/ros2srrc_data/_ros2srrc_data_s.ep.rosidl_typesupport_fastrtps_c.c
[35.282s] -- Symlinking: /home/ros2/dev_ws/install/ros2srrc_data/local/lib/python3.10/dist-packages/ros2srrc_data/_ros2srrc_data_s.ep.rosidl_typesupport_introspection_c.c
[35.293s] -- Symlinking: /home/ros2/dev_ws/install/ros2srrc_data/local/lib/python3.10/dist-packages/ros2srrc_data/action/__init__.py
[35.302s] -- Symlinking: /home/ros2/dev_ws/install/ros2srrc_data/local/lib/python3.10/dist-packages/ros2srrc_data/action/_move.py
[35.311s] -- Symlinking: /home/ros2/dev_ws/install/ros2srrc_data/local/lib/python3.10/dist-packages/ros2srrc_data/action/_move_s.c
[35.319s] -- Symlinking: /home/ros2/dev_ws/install/ros2srrc_data/local/lib/python3.10/dist-packages/ros2srrc_data/action/_robmove.py
[35.329s] -- Symlinking: /home/ros2/dev_ws/install/ros2srrc_data/local/lib/python3.10/dist-packages/ros2srrc_data/action/_robmove_s.c
[35.337s] -- Symlinking: /home/ros2/dev_ws/install/ros2srrc_data/local/lib/python3.10/dist-packages/ros2srrc_data/action/_sequence.py
[35.348s] -- Symlinking: /home/ros2/dev_ws/install/ros2srrc_data/local/lib/python3.10/dist-packages/ros2srrc_data/action/_sequence_s.c
[35.357s] -- Symlinking: /home/ros2/dev_ws/install/ros2srrc_data/local/lib/python3.10/dist-packages/ros2srrc_data/libros2srrc_data__rosidl_generator_py.so
[35.367s] -- Symlinking: /home/ros2/dev_ws/install/ros2srrc_data/local/lib/python3.10/dist-packages/ros2srrc_data/msg/__init__.py
[35.380s] -- Symlinking: /home/ros2/dev_ws/install/ros2srrc_data/local/lib/python3.10/dist-packages/ros2srrc_data/msg/_action.py
[35.393s] -- Symlinking: /home/ros2/dev_ws/install/ros2srrc_data/local/lib/python3.10/dist-packages/ros2srrc_data/msg/_action_s.c
[35.402s] -- Symlinking: /home/ros2/dev_ws/install/ros2srrc_data/local/lib/python3.10/dist-packages/ros2srrc_data/msg/_joint.py
[35.412s] -- Symlinking: /home/ros2/dev_ws/install/ros2srrc_data/local/lib/python3.10/dist-packages/ros2srrc_data/msg/_joint_s.c
[35.422s] -- Symlinking: /home/ros2/dev_ws/install/ros2srrc_data/local/lib/python3.10/dist-packages/ros2srrc_data/msg/_joints.py
[35.434s] -- Symlinking: /home/ros2/dev_ws/install/ros2srrc_data/local/lib/python3.10/dist-packages/ros2srrc_data/msg/_joints_s.c
[35.444s] -- Symlinking: /home/ros2/dev_ws/install/ros2srrc_data/local/lib/python3.10/dist-packages/ros2srrc_data/msg/_linkattacher.py
[35.456s] -- Symlinking: /home/ros2/dev_ws/install/ros2srrc_data/local/lib/python3.10/dist-packages/ros2srrc_data/msg/_linkattacher_s.c
[35.464s] -- Symlinking: /home/ros2/dev_ws/install/ros2srrc_data/local/lib/python3.10/dist-packages/ros2srrc_data/msg/_robmove.py
[35.477s] -- Symlinking: /home/ros2/dev_ws/install/ros2srrc_data/local/lib/python3.10/dist-packages/ros2srrc_data/msg/_robmove_s.c
[35.486s] -- Symlinking: /home/ros2/dev_ws/install/ros2srrc_data/local/lib/python3.10/dist-packages/ros2srrc_data/msg/_robpose.py
[35.495s] -- Symlinking: /home/ros2/dev_ws/install/ros2srrc_data/local/lib/python3.10/dist-packages/ros2srrc_data/msg/_robpose_s.c
[35.503s] -- Symlinking: /home/ros2/dev_ws/install/ros2srrc_data/local/lib/python3.10/dist-packages/ros2srrc_data/msg/_specs.py
[35.511s] -- Symlinking: /home/ros2/dev_ws/install/ros2srrc_data/local/lib/python3.10/dist-packages/ros2srrc_data/msg/_specs_s.c
[35.519s] -- Symlinking: /home/ros2/dev_ws/install/ros2srrc_data/local/lib/python3.10/dist-packages/ros2srrc_data/msg/_xyz.py
[35.530s] -- Symlinking: /home/ros2/dev_ws/install/ros2srrc_data/local/lib/python3.10/dist-packages/ros2srrc_data/msg/_xyz_s.c
[35.538s] -- Symlinking: /home/ros2/dev_ws/install/ros2srrc_data/local/lib/python3.10/dist-packages/ros2srrc_data/msg/_xyzypr.py
[35.550s] -- Symlinking: /home/ros2/dev_ws/install/ros2srrc_data/local/lib/python3.10/dist-packages/ros2srrc_data/msg/_xyzypr_s.c
[35.562s] -- Symlinking: /home/ros2/dev_ws/install/ros2srrc_data/local/lib/python3.10/dist-packages/ros2srrc_data/msg/_ypr.py
[35.571s] -- Symlinking: /home/ros2/dev_ws/install/ros2srrc_data/local/lib/python3.10/dist-packages/ros2srrc_data/msg/_ypr_s.c
[35.579s] -- Symlinking: /home/ros2/dev_ws/install/ros2srrc_data/local/lib/python3.10/dist-packages/ros2srrc_data/ros2srrc_data_s__rosidl_typesupport_c.cpython-310-x86_64-linux-gnu.so
[35.588s] -- Symlinking: /home/ros2/dev_ws/install/ros2srrc_data/local/lib/python3.10/dist-packages/ros2srrc_data/ros2srrc_data_s__rosidl_typesupport_fastrtps_c.cpython-310-x86_64-linux-gnu.so
[35.596s] -- Symlinking: /home/ros2/dev_ws/install/ros2srrc_data/local/lib/python3.10/dist-packages/ros2srrc_data/ros2srrc_data_s__rosidl_typesupport_introspection_c.cpython-310-x86_64-linux-gnu.so
[35.605s] -- Up-to-date symlink: /home/ros2/dev_ws/install/ros2srrc_data/local/lib/python3.10/dist-packages/ros2srrc_data/ros2srrc_data_s__rosidl_typesupport_fastrtps_c.cpython-310-x86_64-linux-gnu.so
[35.606s] -- Up-to-date symlink: /home/ros2/dev_ws/install/ros2srrc_data/local/lib/python3.10/dist-packages/ros2srrc_data/ros2srrc_data_s__rosidl_typesupport_introspection_c.cpython-310-x86_64-linux-gnu.so
[35.606s] -- Up-to-date symlink: /home/ros2/dev_ws/install/ros2srrc_data/local/lib/python3.10/dist-packages/ros2srrc_data/ros2srrc_data_s__rosidl_typesupport_c.cpython-310-x86_64-linux-gnu.so
[35.606s] -- Symlinking: /home/ros2/dev_ws/install/ros2srrc_data/share/ros2srrc_data/msg/Specs.idl
[35.615s] -- Symlinking: /home/ros2/dev_ws/install/ros2srrc_data/share/ros2srrc_data/msg/Robmove.idl
[35.625s] -- Symlinking: /home/ros2/dev_ws/install/ros2srrc_data/share/ros2srrc_data/msg/Joint.idl
[35.634s] -- Symlinking: /home/ros2/dev_ws/install/ros2srrc_data/share/ros2srrc_data/msg/Joints.idl
[35.648s] -- Symlinking: /home/ros2/dev_ws/install/ros2srrc_data/share/ros2srrc_data/msg/Xyz.idl
[35.657s] -- Symlinking: /home/ros2/dev_ws/install/ros2srrc_data/share/ros2srrc_data/msg/Xyzypr.idl
[35.665s] -- Symlinking: /home/ros2/dev_ws/install/ros2srrc_data/share/ros2srrc_data/msg/Ypr.idl
[35.676s] -- Symlinking: /home/ros2/dev_ws/install/ros2srrc_data/share/ros2srrc_data/msg/Action.idl
[35.685s] -- Symlinking: /home/ros2/dev_ws/install/ros2srrc_data/share/ros2srrc_data/msg/Linkattacher.idl
[35.696s] -- Symlinking: /home/ros2/dev_ws/install/ros2srrc_data/share/ros2srrc_data/msg/Robpose.idl
[35.707s] -- Symlinking: /home/ros2/dev_ws/install/ros2srrc_data/share/ros2srrc_data/action/Move.idl
[35.716s] -- Symlinking: /home/ros2/dev_ws/install/ros2srrc_data/share/ros2srrc_data/action/Sequence.idl
[35.725s] -- Symlinking: /home/ros2/dev_ws/install/ros2srrc_data/share/ros2srrc_data/action/Robmove.idl
[35.735s] -- Up-to-date symlink: /home/ros2/dev_ws/install/ros2srrc_data/share/ros2srrc_data/msg/Specs.msg
[35.736s] -- Up-to-date symlink: /home/ros2/dev_ws/install/ros2srrc_data/share/ros2srrc_data/msg/Robmove.msg
[35.736s] -- Up-to-date symlink: /home/ros2/dev_ws/install/ros2srrc_data/share/ros2srrc_data/msg/Joint.msg
[35.736s] -- Up-to-date symlink: /home/ros2/dev_ws/install/ros2srrc_data/share/ros2srrc_data/msg/Joints.msg
[35.736s] -- Up-to-date symlink: /home/ros2/dev_ws/install/ros2srrc_data/share/ros2srrc_data/msg/Xyz.msg
[35.736s] -- Up-to-date symlink: /home/ros2/dev_ws/install/ros2srrc_data/share/ros2srrc_data/msg/Xyzypr.msg
[35.736s] -- Up-to-date symlink: /home/ros2/dev_ws/install/ros2srrc_data/share/ros2srrc_data/msg/Ypr.msg
[35.736s] -- Up-to-date symlink: /home/ros2/dev_ws/install/ros2srrc_data/share/ros2srrc_data/msg/Action.msg
[35.736s] -- Up-to-date symlink: /home/ros2/dev_ws/install/ros2srrc_data/share/ros2srrc_data/msg/Linkattacher.msg
[35.736s] -- Up-to-date symlink: /home/ros2/dev_ws/install/ros2srrc_data/share/ros2srrc_data/msg/Robpose.msg
[35.736s] -- Up-to-date symlink: /home/ros2/dev_ws/install/ros2srrc_data/share/ros2srrc_data/action/Move.action
[35.736s] -- Up-to-date symlink: /home/ros2/dev_ws/install/ros2srrc_data/share/ros2srrc_data/action/Sequence.action
[35.736s] -- Up-to-date symlink: /home/ros2/dev_ws/install/ros2srrc_data/share/ros2srrc_data/action/Robmove.action
[35.736s] -- Symlinking: /home/ros2/dev_ws/install/ros2srrc_data/share/ament_index/resource_index/package_run_dependencies/ros2srrc_data
[35.743s] -- Symlinking: /home/ros2/dev_ws/install/ros2srrc_data/share/ament_index/resource_index/parent_prefix_path/ros2srrc_data
[35.754s] -- Symlinking: /home/ros2/dev_ws/install/ros2srrc_data/share/ros2srrc_data/environment/ament_prefix_path.sh
[35.766s] -- Symlinking: /home/ros2/dev_ws/install/ros2srrc_data/share/ros2srrc_data/environment/ament_prefix_path.dsv
[35.776s] -- Symlinking: /home/ros2/dev_ws/install/ros2srrc_data/share/ros2srrc_data/environment/path.sh
[35.788s] -- Symlinking: /home/ros2/dev_ws/install/ros2srrc_data/share/ros2srrc_data/environment/path.dsv
[35.799s] -- Symlinking: /home/ros2/dev_ws/install/ros2srrc_data/share/ros2srrc_data/local_setup.bash
[35.808s] -- Symlinking: /home/ros2/dev_ws/install/ros2srrc_data/share/ros2srrc_data/local_setup.sh
[35.816s] -- Symlinking: /home/ros2/dev_ws/install/ros2srrc_data/share/ros2srrc_data/local_setup.zsh
[35.827s] -- Symlinking: /home/ros2/dev_ws/install/ros2srrc_data/share/ros2srrc_data/local_setup.dsv
[35.836s] -- Symlinking: /home/ros2/dev_ws/install/ros2srrc_data/share/ros2srrc_data/package.dsv
[35.848s] -- Symlinking: /home/ros2/dev_ws/install/ros2srrc_data/share/ament_index/resource_index/packages/ros2srrc_data
[35.858s] -- Symlinking: /home/ros2/dev_ws/install/ros2srrc_data/share/ros2srrc_data/cmake/rosidl_cmake-extras.cmake
[35.870s] -- Symlinking: /home/ros2/dev_ws/install/ros2srrc_data/share/ros2srrc_data/cmake/ament_cmake_export_dependencies-extras.cmake
[35.879s] -- Symlinking: /home/ros2/dev_ws/install/ros2srrc_data/share/ros2srrc_data/cmake/ament_cmake_export_include_directories-extras.cmake
[35.889s] -- Symlinking: /home/ros2/dev_ws/install/ros2srrc_data/share/ros2srrc_data/cmake/ament_cmake_export_libraries-extras.cmake
[35.897s] -- Symlinking: /home/ros2/dev_ws/install/ros2srrc_data/share/ros2srrc_data/cmake/ament_cmake_export_targets-extras.cmake
[35.906s] -- Symlinking: /home/ros2/dev_ws/install/ros2srrc_data/share/ros2srrc_data/cmake/rosidl_cmake_export_typesupport_targets-extras.cmake
[35.914s] -- Symlinking: /home/ros2/dev_ws/install/ros2srrc_data/share/ros2srrc_data/cmake/rosidl_cmake_export_typesupport_libraries-extras.cmake
[35.923s] -- Symlinking: /home/ros2/dev_ws/install/ros2srrc_data/share/ros2srrc_data/cmake/ros2srrc_dataConfig.cmake
[35.931s] -- Symlinking: /home/ros2/dev_ws/install/ros2srrc_data/share/ros2srrc_data/cmake/ros2srrc_dataConfig-version.cmake
[35.939s] -- Symlinking: /home/ros2/dev_ws/install/ros2srrc_data/share/ros2srrc_data/package.xml
[35.948s] -- Installing: /home/ros2/dev_ws/install/ros2srrc_data/lib/libros2srrc_data__rosidl_generator_c.so
[35.949s] -- Set runtime path of "/home/ros2/dev_ws/install/ros2srrc_data/lib/libros2srrc_data__rosidl_generator_c.so" to ""
[35.949s] -- Installing: /home/ros2/dev_ws/install/ros2srrc_data/lib/libros2srrc_data__rosidl_typesupport_fastrtps_c.so
[35.949s] -- Set runtime path of "/home/ros2/dev_ws/install/ros2srrc_data/lib/libros2srrc_data__rosidl_typesupport_fastrtps_c.so" to ""
[35.952s] -- Installing: /home/ros2/dev_ws/install/ros2srrc_data/lib/libros2srrc_data__rosidl_typesupport_introspection_c.so
[35.952s] -- Set runtime path of "/home/ros2/dev_ws/install/ros2srrc_data/lib/libros2srrc_data__rosidl_typesupport_introspection_c.so" to ""
[35.952s] -- Installing: /home/ros2/dev_ws/install/ros2srrc_data/lib/libros2srrc_data__rosidl_typesupport_c.so
[35.952s] -- Set runtime path of "/home/ros2/dev_ws/install/ros2srrc_data/lib/libros2srrc_data__rosidl_typesupport_c.so" to ""
[35.952s] -- Installing: /home/ros2/dev_ws/install/ros2srrc_data/lib/libros2srrc_data__rosidl_typesupport_fastrtps_cpp.so
[35.952s] -- Set runtime path of "/home/ros2/dev_ws/install/ros2srrc_data/lib/libros2srrc_data__rosidl_typesupport_fastrtps_cpp.so" to ""
[35.952s] -- Installing: /home/ros2/dev_ws/install/ros2srrc_data/lib/libros2srrc_data__rosidl_typesupport_introspection_cpp.so
[35.952s] -- Set runtime path of "/home/ros2/dev_ws/install/ros2srrc_data/lib/libros2srrc_data__rosidl_typesupport_introspection_cpp.so" to ""
[35.952s] -- Installing: /home/ros2/dev_ws/install/ros2srrc_data/lib/libros2srrc_data__rosidl_typesupport_cpp.so
[35.953s] -- Set runtime path of "/home/ros2/dev_ws/install/ros2srrc_data/lib/libros2srrc_data__rosidl_typesupport_cpp.so" to ""
[36.024s] Listing '/home/ros2/dev_ws/install/ros2srrc_data/local/lib/python3.10/dist-packages/ros2srrc_data'...
[36.024s] Compiling '/home/ros2/dev_ws/install/ros2srrc_data/local/lib/python3.10/dist-packages/ros2srrc_data/__init__.py'...
[36.024s] Listing '/home/ros2/dev_ws/install/ros2srrc_data/local/lib/python3.10/dist-packages/ros2srrc_data/action'...
[36.024s] Compiling '/home/ros2/dev_ws/install/ros2srrc_data/local/lib/python3.10/dist-packages/ros2srrc_data/action/__init__.py'...
[36.024s] Compiling '/home/ros2/dev_ws/install/ros2srrc_data/local/lib/python3.10/dist-packages/ros2srrc_data/action/_move.py'...
[36.024s] Compiling '/home/ros2/dev_ws/install/ros2srrc_data/local/lib/python3.10/dist-packages/ros2srrc_data/action/_robmove.py'...
[36.024s] Compiling '/home/ros2/dev_ws/install/ros2srrc_data/local/lib/python3.10/dist-packages/ros2srrc_data/action/_sequence.py'...
[36.024s] Listing '/home/ros2/dev_ws/install/ros2srrc_data/local/lib/python3.10/dist-packages/ros2srrc_data/msg'...
[36.024s] Compiling '/home/ros2/dev_ws/install/ros2srrc_data/local/lib/python3.10/dist-packages/ros2srrc_data/msg/__init__.py'...
[36.024s] Compiling '/home/ros2/dev_ws/install/ros2srrc_data/local/lib/python3.10/dist-packages/ros2srrc_data/msg/_action.py'...
[36.024s] Compiling '/home/ros2/dev_ws/install/ros2srrc_data/local/lib/python3.10/dist-packages/ros2srrc_data/msg/_joint.py'...
[36.024s] Compiling '/home/ros2/dev_ws/install/ros2srrc_data/local/lib/python3.10/dist-packages/ros2srrc_data/msg/_joints.py'...
[36.024s] Compiling '/home/ros2/dev_ws/install/ros2srrc_data/local/lib/python3.10/dist-packages/ros2srrc_data/msg/_linkattacher.py'...
[36.024s] Compiling '/home/ros2/dev_ws/install/ros2srrc_data/local/lib/python3.10/dist-packages/ros2srrc_data/msg/_robmove.py'...
[36.024s] Compiling '/home/ros2/dev_ws/install/ros2srrc_data/local/lib/python3.10/dist-packages/ros2srrc_data/msg/_robpose.py'...
[36.024s] Compiling '/home/ros2/dev_ws/install/ros2srrc_data/local/lib/python3.10/dist-packages/ros2srrc_data/msg/_specs.py'...
[36.024s] Compiling '/home/ros2/dev_ws/install/ros2srrc_data/local/lib/python3.10/dist-packages/ros2srrc_data/msg/_xyz.py'...
[36.025s] Compiling '/home/ros2/dev_ws/install/ros2srrc_data/local/lib/python3.10/dist-packages/ros2srrc_data/msg/_xyzypr.py'...
[36.025s] Compiling '/home/ros2/dev_ws/install/ros2srrc_data/local/lib/python3.10/dist-packages/ros2srrc_data/msg/_ypr.py'...
[36.030s] -- Installing: /home/ros2/dev_ws/install/ros2srrc_data/lib/libros2srrc_data__rosidl_generator_py.so
[36.031s] -- Set runtime path of "/home/ros2/dev_ws/install/ros2srrc_data/lib/libros2srrc_data__rosidl_generator_py.so" to ""
[36.031s] -- Installing: /home/ros2/dev_ws/install/ros2srrc_data/share/ros2srrc_data/cmake/export_ros2srrc_data__rosidl_generator_cExport.cmake
[36.033s] -- Installing: /home/ros2/dev_ws/install/ros2srrc_data/share/ros2srrc_data/cmake/export_ros2srrc_data__rosidl_generator_cExport-noconfig.cmake
[36.033s] -- Installing: /home/ros2/dev_ws/install/ros2srrc_data/share/ros2srrc_data/cmake/export_ros2srrc_data__rosidl_typesupport_fastrtps_cExport.cmake
[36.034s] -- Installing: /home/ros2/dev_ws/install/ros2srrc_data/share/ros2srrc_data/cmake/export_ros2srrc_data__rosidl_typesupport_fastrtps_cExport-noconfig.cmake
[36.034s] -- Installing: /home/ros2/dev_ws/install/ros2srrc_data/share/ros2srrc_data/cmake/ros2srrc_data__rosidl_typesupport_introspection_cExport.cmake
[36.034s] -- Installing: /home/ros2/dev_ws/install/ros2srrc_data/share/ros2srrc_data/cmake/ros2srrc_data__rosidl_typesupport_introspection_cExport-noconfig.cmake
[36.034s] -- Installing: /home/ros2/dev_ws/install/ros2srrc_data/share/ros2srrc_data/cmake/ros2srrc_data__rosidl_typesupport_cExport.cmake
[36.034s] -- Installing: /home/ros2/dev_ws/install/ros2srrc_data/share/ros2srrc_data/cmake/ros2srrc_data__rosidl_typesupport_cExport-noconfig.cmake
[36.034s] -- Installing: /home/ros2/dev_ws/install/ros2srrc_data/share/ros2srrc_data/cmake/export_ros2srrc_data__rosidl_generator_cppExport.cmake
[36.034s] -- Installing: /home/ros2/dev_ws/install/ros2srrc_data/share/ros2srrc_data/cmake/export_ros2srrc_data__rosidl_typesupport_fastrtps_cppExport.cmake
[36.034s] -- Installing: /home/ros2/dev_ws/install/ros2srrc_data/share/ros2srrc_data/cmake/export_ros2srrc_data__rosidl_typesupport_fastrtps_cppExport-noconfig.cmake
[36.034s] -- Installing: /home/ros2/dev_ws/install/ros2srrc_data/share/ros2srrc_data/cmake/ros2srrc_data__rosidl_typesupport_introspection_cppExport.cmake
[36.034s] -- Installing: /home/ros2/dev_ws/install/ros2srrc_data/share/ros2srrc_data/cmake/ros2srrc_data__rosidl_typesupport_introspection_cppExport-noconfig.cmake
[36.034s] -- Installing: /home/ros2/dev_ws/install/ros2srrc_data/share/ros2srrc_data/cmake/ros2srrc_data__rosidl_typesupport_cppExport.cmake
[36.034s] -- Installing: /home/ros2/dev_ws/install/ros2srrc_data/share/ros2srrc_data/cmake/ros2srrc_data__rosidl_typesupport_cppExport-noconfig.cmake
[36.034s] -- Installing: /home/ros2/dev_ws/install/ros2srrc_data/share/ros2srrc_data/cmake/export_ros2srrc_data__rosidl_generator_pyExport.cmake
[36.034s] -- Installing: /home/ros2/dev_ws/install/ros2srrc_data/share/ros2srrc_data/cmake/export_ros2srrc_data__rosidl_generator_pyExport-noconfig.cmake
[36.038s] Invoked command in '/home/ros2/dev_ws/build/ros2srrc_data' returned '0': CMAKE_PREFIX_PATH=/opt/ros/humble /usr/bin/cmake --install /home/ros2/dev_ws/build/ros2srrc_data
