[0.154s] Invoking command in '/home/ros2/dev_ws/build/ros2srrc_iiwa_gazebo': CMAKE_PREFIX_PATH=${CMAKE_PREFIX_PATH}:/opt/ros/humble /usr/bin/cmake /home/ros2/dev_ws/src/ros2_SimRealRobotControl/packages/iiwa/ros2srrc_iiwa_gazebo -DAMENT_CMAKE_SYMLINK_INSTALL=1 -DCMAKE_INSTALL_PREFIX=/home/ros2/dev_ws/install/ros2srrc_iiwa_gazebo
[0.843s] -- The C compiler identification is GNU 11.4.0
[0.844s] -- The CXX compiler identification is GNU 11.4.0
[0.844s] -- Detecting C compiler ABI info
[1.002s] -- Detecting C compiler ABI info - done
[1.030s] -- Check for working C compiler: /usr/bin/cc - skipped
[1.030s] -- Detecting C compile features
[1.030s] -- Detecting C compile features - done
[1.039s] -- Detecting CXX compiler ABI info
[1.488s] -- Detecting CXX compiler ABI info - done
[1.511s] -- Check for working CXX compiler: /usr/bin/c++ - skipped
[1.511s] -- Detecting CXX compile features
[1.511s] -- Detecting CXX compile features - done
[1.524s] -- Found ament_cmake: 1.3.11 (/opt/ros/humble/share/ament_cmake/cmake)
[2.395s] -- Found Python3: /usr/bin/python3 (found version "3.10.12") found components: Interpreter 
[2.883s] -- Override CMake install command with custom implementation using symlinks instead of copying resources
[3.091s] -- Found ament_lint_auto: 0.12.12 (/opt/ros/humble/share/ament_lint_auto/cmake)
[3.471s] -- Added test 'copyright' to check source files copyright and LICENSE
[3.493s] -- Added test 'lint_cmake' to check CMake code style
[3.505s] -- Added test 'xmllint' to check XML markup files
[3.527s] -- Configuring done
[3.544s] -- Generating done
[3.557s] -- Build files have been written to: /home/ros2/dev_ws/build/ros2srrc_iiwa_gazebo
[3.582s] Invoked command in '/home/ros2/dev_ws/build/ros2srrc_iiwa_gazebo' returned '0': CMAKE_PREFIX_PATH=${CMAKE_PREFIX_PATH}:/opt/ros/humble /usr/bin/cmake /home/ros2/dev_ws/src/ros2_SimRealRobotControl/packages/iiwa/ros2srrc_iiwa_gazebo -DAMENT_CMAKE_SYMLINK_INSTALL=1 -DCMAKE_INSTALL_PREFIX=/home/ros2/dev_ws/install/ros2srrc_iiwa_gazebo
[3.596s] Invoking command in '/home/ros2/dev_ws/build/ros2srrc_iiwa_gazebo': CMAKE_PREFIX_PATH=${CMAKE_PREFIX_PATH}:/opt/ros/humble /usr/bin/cmake --build /home/ros2/dev_ws/build/ros2srrc_iiwa_gazebo -- -j16 -l16
[4.434s] Invoked command in '/home/ros2/dev_ws/build/ros2srrc_iiwa_gazebo' returned '0': CMAKE_PREFIX_PATH=${CMAKE_PREFIX_PATH}:/opt/ros/humble /usr/bin/cmake --build /home/ros2/dev_ws/build/ros2srrc_iiwa_gazebo -- -j16 -l16
[4.435s] Invoking command in '/home/ros2/dev_ws/build/ros2srrc_iiwa_gazebo': CMAKE_PREFIX_PATH=${CMAKE_PREFIX_PATH}:/opt/ros/humble /usr/bin/cmake --install /home/ros2/dev_ws/build/ros2srrc_iiwa_gazebo
[7.342s] -- Install configuration: ""
[7.342s] -- Execute custom install script
[7.342s] -- Symlinking: /home/ros2/dev_ws/install/ros2srrc_iiwa_gazebo/share/ros2srrc_iiwa_gazebo/config/configurations.yaml
[7.342s] -- Symlinking: /home/ros2/dev_ws/install/ros2srrc_iiwa_gazebo/share/ros2srrc_iiwa_gazebo/urdf/iiwa.urdf.xacro
[7.343s] -- Symlinking: /home/ros2/dev_ws/install/ros2srrc_iiwa_gazebo/share/ros2srrc_iiwa_gazebo/urdf/iiwa_robotiq_2f85.urdf.xacro
[7.343s] -- Symlinking: /home/ros2/dev_ws/install/ros2srrc_iiwa_gazebo/share/ros2srrc_iiwa_gazebo/worlds/ros2srrc_iiwa.world
[7.343s] -- Symlinking: /home/ros2/dev_ws/install/ros2srrc_iiwa_gazebo/share/ament_index/resource_index/package_run_dependencies/ros2srrc_iiwa_gazebo
[7.343s] -- Symlinking: /home/ros2/dev_ws/install/ros2srrc_iiwa_gazebo/share/ament_index/resource_index/parent_prefix_path/ros2srrc_iiwa_gazebo
[7.343s] -- Symlinking: /home/ros2/dev_ws/install/ros2srrc_iiwa_gazebo/share/ros2srrc_iiwa_gazebo/environment/ament_prefix_path.sh
[7.343s] -- Symlinking: /home/ros2/dev_ws/install/ros2srrc_iiwa_gazebo/share/ros2srrc_iiwa_gazebo/environment/ament_prefix_path.dsv
[7.344s] -- Symlinking: /home/ros2/dev_ws/install/ros2srrc_iiwa_gazebo/share/ros2srrc_iiwa_gazebo/environment/path.sh
[7.350s] -- Symlinking: /home/ros2/dev_ws/install/ros2srrc_iiwa_gazebo/share/ros2srrc_iiwa_gazebo/environment/path.dsv
[7.350s] -- Symlinking: /home/ros2/dev_ws/install/ros2srrc_iiwa_gazebo/share/ros2srrc_iiwa_gazebo/local_setup.bash
[7.350s] -- Symlinking: /home/ros2/dev_ws/install/ros2srrc_iiwa_gazebo/share/ros2srrc_iiwa_gazebo/local_setup.sh
[7.350s] -- Symlinking: /home/ros2/dev_ws/install/ros2srrc_iiwa_gazebo/share/ros2srrc_iiwa_gazebo/local_setup.zsh
[7.350s] -- Symlinking: /home/ros2/dev_ws/install/ros2srrc_iiwa_gazebo/share/ros2srrc_iiwa_gazebo/local_setup.dsv
[7.350s] -- Symlinking: /home/ros2/dev_ws/install/ros2srrc_iiwa_gazebo/share/ros2srrc_iiwa_gazebo/package.dsv
[7.350s] -- Symlinking: /home/ros2/dev_ws/install/ros2srrc_iiwa_gazebo/share/ament_index/resource_index/packages/ros2srrc_iiwa_gazebo
[7.350s] -- Symlinking: /home/ros2/dev_ws/install/ros2srrc_iiwa_gazebo/share/ros2srrc_iiwa_gazebo/cmake/ros2srrc_iiwa_gazeboConfig.cmake
[7.350s] -- Symlinking: /home/ros2/dev_ws/install/ros2srrc_iiwa_gazebo/share/ros2srrc_iiwa_gazebo/cmake/ros2srrc_iiwa_gazeboConfig-version.cmake
[7.351s] -- Symlinking: /home/ros2/dev_ws/install/ros2srrc_iiwa_gazebo/share/ros2srrc_iiwa_gazebo/package.xml
[7.390s] Invoked command in '/home/ros2/dev_ws/build/ros2srrc_iiwa_gazebo' returned '0': CMAKE_PREFIX_PATH=${CMAKE_PREFIX_PATH}:/opt/ros/humble /usr/bin/cmake --install /home/ros2/dev_ws/build/ros2srrc_iiwa_gazebo
