[0.045s] Invoking command in '/home/ros2/dev_ws/build/ros2_robotiqgripper': CMAKE_PREFIX_PATH=/opt/ros/humble /usr/bin/cmake /home/ros2/dev_ws/src/ros2_RobotiqGripper -DAMENT_CMAKE_SYMLINK_INSTALL=1 -DCMAKE_INSTALL_PREFIX=/home/ros2/dev_ws/install/ros2_robotiqgripper
[0.763s] -- The C compiler identification is GNU 11.4.0
[0.763s] -- The CXX compiler identification is GNU 11.4.0
[0.763s] -- Detecting C compiler ABI info
[0.763s] -- Detecting C compiler ABI info - done
[0.764s] -- Check for working C compiler: /usr/bin/cc - skipped
[0.764s] -- Detecting C compile features
[0.764s] -- Detecting C compile features - done
[0.764s] -- Detecting CXX compiler ABI info
[0.764s] -- Detecting CXX compiler ABI info - done
[0.764s] -- Check for working CXX compiler: /usr/bin/c++ - skipped
[0.764s] -- Detecting CXX compile features
[0.764s] -- Detecting CXX compile features - done
[0.764s] -- Found ament_cmake: 1.3.11 (/opt/ros/humble/share/ament_cmake/cmake)
[0.764s] -- Found Python3: /usr/bin/python3 (found version "3.10.12") found components: Interpreter 
[0.764s] -- Override CMake install command with custom implementation using symlinks instead of copying resources
[0.764s] -- Found ament_lint_auto: 0.12.12 (/opt/ros/humble/share/ament_lint_auto/cmake)
[0.878s] -- Found rosidl_default_generators: 1.2.0 (/opt/ros/humble/share/rosidl_default_generators/cmake)
[0.882s] -- Using all available rosidl_typesupport_c: rosidl_typesupport_fastrtps_c;rosidl_typesupport_introspection_c
[0.890s] -- Found rosidl_adapter: 3.1.6 (/opt/ros/humble/share/rosidl_adapter/cmake)
[0.927s] -- Using all available rosidl_typesupport_cpp: rosidl_typesupport_fastrtps_cpp;rosidl_typesupport_introspection_cpp
[1.362s] -- Found ament_cmake_ros: 0.10.0 (/opt/ros/humble/share/ament_cmake_ros/cmake)
[1.817s] -- Using all available rosidl_typesupport_c: rosidl_typesupport_fastrtps_c;rosidl_typesupport_introspection_c
[2.397s] -- Using all available rosidl_typesupport_cpp: rosidl_typesupport_fastrtps_cpp;rosidl_typesupport_introspection_cpp
[2.448s] -- Found PythonInterp: /usr/bin/python3 (found suitable version "3.10.12", minimum required is "3.6") 
[2.452s] -- Found python_cmake_module: 0.10.0 (/opt/ros/humble/share/python_cmake_module/cmake)
[2.495s] -- Found PythonLibs: /usr/lib/x86_64-linux-gnu/libpython3.10.so (found suitable version "3.10.12", minimum required is "3.5") 
[2.495s] -- Using PYTHON_EXECUTABLE: /usr/bin/python3
[2.495s] -- Using PYTHON_INCLUDE_DIRS: /usr/include/python3.10
[2.496s] -- Using PYTHON_LIBRARIES: /usr/lib/x86_64-linux-gnu/libpython3.10.so
[2.540s] -- Found PythonExtra: .so  
[2.677s] -- Added test 'flake8' to check Python code syntax and style conventions
[2.677s] -- Added test 'lint_cmake' to check CMake code style
[2.682s] -- Added test 'pep257' to check Python code against some of the docstring style conventions in PEP 257
[2.686s] -- Added test 'xmllint' to check XML markup files
[2.711s] -- Configuring done
[2.791s] -- Generating done
[2.820s] -- Build files have been written to: /home/ros2/dev_ws/build/ros2_robotiqgripper
[2.851s] Invoked command in '/home/ros2/dev_ws/build/ros2_robotiqgripper' returned '0': CMAKE_PREFIX_PATH=/opt/ros/humble /usr/bin/cmake /home/ros2/dev_ws/src/ros2_RobotiqGripper -DAMENT_CMAKE_SYMLINK_INSTALL=1 -DCMAKE_INSTALL_PREFIX=/home/ros2/dev_ws/install/ros2_robotiqgripper
[2.862s] Invoking command in '/home/ros2/dev_ws/build/ros2_robotiqgripper': CMAKE_PREFIX_PATH=/opt/ros/humble /usr/bin/cmake --build /home/ros2/dev_ws/build/ros2_robotiqgripper -- -j16 -l16
[3.270s] [  3%] [34m[1mGenerating C code for ROS interfaces[0m
[3.270s] [  6%] [34m[1mGenerating C++ code for ROS interfaces[0m
[3.270s] [  6%] Built target ament_cmake_python_symlink_ros2_robotiqgripper
[3.777s] running egg_info
[3.777s] creating ros2_robotiqgripper.egg-info
[3.777s] writing ros2_robotiqgripper.egg-info/PKG-INFO
[3.780s] writing dependency_links to ros2_robotiqgripper.egg-info/dependency_links.txt
[3.780s] writing top-level names to ros2_robotiqgripper.egg-info/top_level.txt
[3.780s] writing manifest file 'ros2_robotiqgripper.egg-info/SOURCES.txt'
[3.792s] reading manifest file 'ros2_robotiqgripper.egg-info/SOURCES.txt'
[3.798s] writing manifest file 'ros2_robotiqgripper.egg-info/SOURCES.txt'
[3.936s] [  9%] [32mBuilding C object CMakeFiles/ros2_robotiqgripper__rosidl_generator_c.dir/rosidl_generator_c/ros2_robotiqgripper/srv/detail/robotiq_gripper__functions.c.o[0m
[4.003s] [  9%] Built target ament_cmake_python_build_ros2_robotiqgripper_egg
[4.182s] [ 12%] [32m[1mLinking C shared library libros2_robotiqgripper__rosidl_generator_c.so[0m
[4.312s] [ 12%] Built target ros2_robotiqgripper__rosidl_generator_c
[4.317s] [ 12%] Built target ros2_robotiqgripper__cpp
[4.349s] [ 16%] [34m[1mGenerating C introspection for ROS interfaces[0m
[4.349s] [ 19%] [34m[1mGenerating C type support dispatch for ROS interfaces[0m
[4.351s] [ 22%] [34m[1mGenerating C type support for eProsima Fast-RTPS[0m
[4.375s] [ 25%] [34m[1mGenerating C++ introspection for ROS interfaces[0m
[4.392s] [ 29%] [34m[1mGenerating C++ type support for eProsima Fast-RTPS[0m
[5.338s] [ 32%] [32mBuilding CXX object CMakeFiles/ros2_robotiqgripper__rosidl_typesupport_c.dir/rosidl_typesupport_c/ros2_robotiqgripper/srv/robotiq_gripper__type_support.cpp.o[0m
[5.494s] [ 35%] [32m[1mLinking CXX shared library libros2_robotiqgripper__rosidl_typesupport_c.so[0m
[5.571s] [ 38%] [32mBuilding CXX object CMakeFiles/ros2_robotiqgripper__rosidl_typesupport_fastrtps_cpp.dir/rosidl_typesupport_fastrtps_cpp/ros2_robotiqgripper/srv/detail/dds_fastrtps/robotiq_gripper__type_support.cpp.o[0m
[5.571s] [ 41%] [32mBuilding C object CMakeFiles/ros2_robotiqgripper__rosidl_typesupport_introspection_c.dir/rosidl_typesupport_introspection_c/ros2_robotiqgripper/srv/detail/robotiq_gripper__type_support.c.o[0m
[5.580s] [ 45%] [32mBuilding CXX object CMakeFiles/ros2_robotiqgripper__rosidl_typesupport_introspection_cpp.dir/rosidl_typesupport_introspection_cpp/ros2_robotiqgripper/srv/detail/robotiq_gripper__type_support.cpp.o[0m
[5.648s] [ 45%] Built target ros2_robotiqgripper__rosidl_typesupport_c
[5.670s] [ 48%] [34m[1mGenerating C++ type support dispatch for ROS interfaces[0m
[5.676s] [ 51%] [32m[1mLinking C shared library libros2_robotiqgripper__rosidl_typesupport_introspection_c.so[0m
[5.750s] [ 54%] [32mBuilding CXX object CMakeFiles/ros2_robotiqgripper__rosidl_typesupport_fastrtps_c.dir/rosidl_typesupport_fastrtps_c/ros2_robotiqgripper/srv/detail/robotiq_gripper__type_support_c.cpp.o[0m
[5.833s] [ 54%] Built target ros2_robotiqgripper__rosidl_typesupport_introspection_c
[6.725s] [ 58%] [32mBuilding CXX object CMakeFiles/ros2_robotiqgripper__rosidl_typesupport_cpp.dir/rosidl_typesupport_cpp/ros2_robotiqgripper/srv/robotiq_gripper__type_support.cpp.o[0m
[7.041s] [ 61%] [32m[1mLinking CXX shared library libros2_robotiqgripper__rosidl_typesupport_fastrtps_c.so[0m
[7.168s] [ 64%] [32m[1mLinking CXX shared library libros2_robotiqgripper__rosidl_typesupport_introspection_cpp.so[0m
[7.375s] [ 64%] Built target ros2_robotiqgripper__rosidl_typesupport_introspection_cpp
[7.379s] [ 67%] [32m[1mLinking CXX shared library libros2_robotiqgripper__rosidl_typesupport_fastrtps_cpp.so[0m
[7.427s] [ 67%] Built target ros2_robotiqgripper__rosidl_typesupport_fastrtps_c
[7.458s] [ 70%] [32m[1mLinking CXX shared library libros2_robotiqgripper__rosidl_typesupport_cpp.so[0m
[7.583s] [ 70%] Built target ros2_robotiqgripper__rosidl_typesupport_cpp
[7.614s] [ 70%] Built target ros2_robotiqgripper__rosidl_typesupport_fastrtps_cpp
[7.658s] [ 70%] Built target ros2_robotiqgripper
[7.716s] [ 74%] [34m[1mGenerating Python code for ROS interfaces[0m
[8.533s] [ 74%] Built target ros2_robotiqgripper__py
[8.602s] [ 77%] [32mBuilding C object CMakeFiles/ros2_robotiqgripper__rosidl_generator_py.dir/rosidl_generator_py/ros2_robotiqgripper/srv/_robotiq_gripper_s.c.o[0m
[8.962s] [ 80%] [32m[1mLinking C shared library rosidl_generator_py/ros2_robotiqgripper/libros2_robotiqgripper__rosidl_generator_py.so[0m
[9.109s] [ 80%] Built target ros2_robotiqgripper__rosidl_generator_py
[9.167s] [ 83%] [32mBuilding C object CMakeFiles/ros2_robotiqgripper__rosidl_typesupport_fastrtps_c__pyext.dir/rosidl_generator_py/ros2_robotiqgripper/_ros2_robotiqgripper_s.ep.rosidl_typesupport_fastrtps_c.c.o[0m
[9.178s] [ 87%] [32mBuilding C object CMakeFiles/ros2_robotiqgripper__rosidl_typesupport_introspection_c__pyext.dir/rosidl_generator_py/ros2_robotiqgripper/_ros2_robotiqgripper_s.ep.rosidl_typesupport_introspection_c.c.o[0m
[9.187s] [ 90%] [32mBuilding C object CMakeFiles/ros2_robotiqgripper__rosidl_typesupport_c__pyext.dir/rosidl_generator_py/ros2_robotiqgripper/_ros2_robotiqgripper_s.ep.rosidl_typesupport_c.c.o[0m
[9.405s] [ 93%] [32m[1mLinking C shared library rosidl_generator_py/ros2_robotiqgripper/ros2_robotiqgripper_s__rosidl_typesupport_fastrtps_c.cpython-310-x86_64-linux-gnu.so[0m
[9.440s] [ 96%] [32m[1mLinking C shared library rosidl_generator_py/ros2_robotiqgripper/ros2_robotiqgripper_s__rosidl_typesupport_c.cpython-310-x86_64-linux-gnu.so[0m
[9.481s] [ 96%] Built target ros2_robotiqgripper__rosidl_typesupport_fastrtps_c__pyext
[9.494s] [100%] [32m[1mLinking C shared library rosidl_generator_py/ros2_robotiqgripper/ros2_robotiqgripper_s__rosidl_typesupport_introspection_c.cpython-310-x86_64-linux-gnu.so[0m
[9.537s] [100%] Built target ros2_robotiqgripper__rosidl_typesupport_c__pyext
[9.605s] [100%] Built target ros2_robotiqgripper__rosidl_typesupport_introspection_c__pyext
[9.812s] Invoked command in '/home/ros2/dev_ws/build/ros2_robotiqgripper' returned '0': CMAKE_PREFIX_PATH=/opt/ros/humble /usr/bin/cmake --build /home/ros2/dev_ws/build/ros2_robotiqgripper -- -j16 -l16
[9.816s] Invoking command in '/home/ros2/dev_ws/build/ros2_robotiqgripper': CMAKE_PREFIX_PATH=/opt/ros/humble /usr/bin/cmake --install /home/ros2/dev_ws/build/ros2_robotiqgripper
[10.734s] -- Install configuration: ""
[10.734s] -- Execute custom install script
[10.734s] -- Symlinking: /home/ros2/dev_ws/install/ros2_robotiqgripper/share/ros2_robotiqgripper/srv/RobotiqGripper.srv
[10.734s] -- Symlinking: /home/ros2/dev_ws/install/ros2_robotiqgripper/share/ros2_robotiqgripper/python/server.py
[10.734s] -- Symlinking: /home/ros2/dev_ws/install/ros2_robotiqgripper/lib/ros2_robotiqgripper/server.py
[10.734s] -- Symlinking: /home/ros2/dev_ws/install/ros2_robotiqgripper/share/ament_index/resource_index/rosidl_interfaces/ros2_robotiqgripper
[10.734s] -- Symlinking: /home/ros2/dev_ws/install/ros2_robotiqgripper/include/ros2_robotiqgripper/ros2_robotiqgripper/msg/rosidl_generator_c__visibility_control.h
[10.735s] -- Symlinking: /home/ros2/dev_ws/install/ros2_robotiqgripper/include/ros2_robotiqgripper/ros2_robotiqgripper/srv/detail/robotiq_gripper__functions.h
[10.735s] -- Symlinking: /home/ros2/dev_ws/install/ros2_robotiqgripper/include/ros2_robotiqgripper/ros2_robotiqgripper/srv/detail/robotiq_gripper__struct.h
[10.736s] -- Symlinking: /home/ros2/dev_ws/install/ros2_robotiqgripper/include/ros2_robotiqgripper/ros2_robotiqgripper/srv/detail/robotiq_gripper__type_support.h
[10.736s] -- Symlinking: /home/ros2/dev_ws/install/ros2_robotiqgripper/include/ros2_robotiqgripper/ros2_robotiqgripper/srv/robotiq_gripper.h
[10.736s] -- Symlinking: /home/ros2/dev_ws/install/ros2_robotiqgripper/share/ros2_robotiqgripper/environment/library_path.sh
[10.736s] -- Symlinking: /home/ros2/dev_ws/install/ros2_robotiqgripper/share/ros2_robotiqgripper/environment/library_path.dsv
[10.736s] -- Symlinking: /home/ros2/dev_ws/install/ros2_robotiqgripper/include/ros2_robotiqgripper/ros2_robotiqgripper/msg/rosidl_typesupport_fastrtps_c__visibility_control.h
[10.736s] -- Symlinking: /home/ros2/dev_ws/install/ros2_robotiqgripper/include/ros2_robotiqgripper/ros2_robotiqgripper/srv/detail/robotiq_gripper__rosidl_typesupport_fastrtps_c.h
[10.737s] -- Symlinking: /home/ros2/dev_ws/install/ros2_robotiqgripper/include/ros2_robotiqgripper/ros2_robotiqgripper/msg/rosidl_typesupport_introspection_c__visibility_control.h
[10.737s] -- Symlinking: /home/ros2/dev_ws/install/ros2_robotiqgripper/include/ros2_robotiqgripper/ros2_robotiqgripper/srv/detail/robotiq_gripper__rosidl_typesupport_introspection_c.h
[10.739s] -- Symlinking: /home/ros2/dev_ws/install/ros2_robotiqgripper/include/ros2_robotiqgripper/ros2_robotiqgripper/msg/rosidl_generator_cpp__visibility_control.hpp
[10.739s] -- Symlinking: /home/ros2/dev_ws/install/ros2_robotiqgripper/include/ros2_robotiqgripper/ros2_robotiqgripper/srv/detail/robotiq_gripper__builder.hpp
[10.739s] -- Symlinking: /home/ros2/dev_ws/install/ros2_robotiqgripper/include/ros2_robotiqgripper/ros2_robotiqgripper/srv/detail/robotiq_gripper__struct.hpp
[10.740s] -- Symlinking: /home/ros2/dev_ws/install/ros2_robotiqgripper/include/ros2_robotiqgripper/ros2_robotiqgripper/srv/detail/robotiq_gripper__traits.hpp
[10.740s] -- Symlinking: /home/ros2/dev_ws/install/ros2_robotiqgripper/include/ros2_robotiqgripper/ros2_robotiqgripper/srv/detail/robotiq_gripper__type_support.hpp
[10.740s] -- Symlinking: /home/ros2/dev_ws/install/ros2_robotiqgripper/include/ros2_robotiqgripper/ros2_robotiqgripper/srv/robotiq_gripper.hpp
[10.740s] -- Symlinking: /home/ros2/dev_ws/install/ros2_robotiqgripper/include/ros2_robotiqgripper/ros2_robotiqgripper/msg/rosidl_typesupport_fastrtps_cpp__visibility_control.h
[10.740s] -- Symlinking: /home/ros2/dev_ws/install/ros2_robotiqgripper/include/ros2_robotiqgripper/ros2_robotiqgripper/srv/detail/robotiq_gripper__rosidl_typesupport_fastrtps_cpp.hpp
[10.740s] -- Symlinking: /home/ros2/dev_ws/install/ros2_robotiqgripper/include/ros2_robotiqgripper/ros2_robotiqgripper/srv/detail/robotiq_gripper__rosidl_typesupport_introspection_cpp.hpp
[10.740s] -- Symlinking: /home/ros2/dev_ws/install/ros2_robotiqgripper/share/ros2_robotiqgripper/environment/pythonpath.sh
[10.740s] -- Symlinking: /home/ros2/dev_ws/install/ros2_robotiqgripper/share/ros2_robotiqgripper/environment/pythonpath.dsv
[10.740s] -- Symlinking: /home/ros2/dev_ws/install/ros2_robotiqgripper/local/lib/python3.10/dist-packages/ros2_robotiqgripper-1.0.0-py3.10.egg-info/PKG-INFO
[10.740s] -- Symlinking: /home/ros2/dev_ws/install/ros2_robotiqgripper/local/lib/python3.10/dist-packages/ros2_robotiqgripper-1.0.0-py3.10.egg-info/SOURCES.txt
[10.740s] -- Symlinking: /home/ros2/dev_ws/install/ros2_robotiqgripper/local/lib/python3.10/dist-packages/ros2_robotiqgripper-1.0.0-py3.10.egg-info/dependency_links.txt
[10.740s] -- Symlinking: /home/ros2/dev_ws/install/ros2_robotiqgripper/local/lib/python3.10/dist-packages/ros2_robotiqgripper-1.0.0-py3.10.egg-info/top_level.txt
[10.741s] -- Symlinking: /home/ros2/dev_ws/install/ros2_robotiqgripper/local/lib/python3.10/dist-packages/ros2_robotiqgripper/__init__.py
[10.741s] -- Symlinking: /home/ros2/dev_ws/install/ros2_robotiqgripper/local/lib/python3.10/dist-packages/ros2_robotiqgripper/_ros2_robotiqgripper_s.ep.rosidl_typesupport_c.c
[10.741s] -- Symlinking: /home/ros2/dev_ws/install/ros2_robotiqgripper/local/lib/python3.10/dist-packages/ros2_robotiqgripper/_ros2_robotiqgripper_s.ep.rosidl_typesupport_fastrtps_c.c
[10.742s] -- Symlinking: /home/ros2/dev_ws/install/ros2_robotiqgripper/local/lib/python3.10/dist-packages/ros2_robotiqgripper/_ros2_robotiqgripper_s.ep.rosidl_typesupport_introspection_c.c
[10.742s] -- Symlinking: /home/ros2/dev_ws/install/ros2_robotiqgripper/local/lib/python3.10/dist-packages/ros2_robotiqgripper/libros2_robotiqgripper__rosidl_generator_py.so
[10.742s] -- Symlinking: /home/ros2/dev_ws/install/ros2_robotiqgripper/local/lib/python3.10/dist-packages/ros2_robotiqgripper/ros2_robotiqgripper_s__rosidl_typesupport_c.cpython-310-x86_64-linux-gnu.so
[10.768s] -- Symlinking: /home/ros2/dev_ws/install/ros2_robotiqgripper/local/lib/python3.10/dist-packages/ros2_robotiqgripper/ros2_robotiqgripper_s__rosidl_typesupport_fastrtps_c.cpython-310-x86_64-linux-gnu.so
[10.783s] -- Symlinking: /home/ros2/dev_ws/install/ros2_robotiqgripper/local/lib/python3.10/dist-packages/ros2_robotiqgripper/ros2_robotiqgripper_s__rosidl_typesupport_introspection_c.cpython-310-x86_64-linux-gnu.so
[10.816s] -- Symlinking: /home/ros2/dev_ws/install/ros2_robotiqgripper/local/lib/python3.10/dist-packages/ros2_robotiqgripper/srv/__init__.py
[10.839s] -- Symlinking: /home/ros2/dev_ws/install/ros2_robotiqgripper/local/lib/python3.10/dist-packages/ros2_robotiqgripper/srv/_robotiq_gripper.py
[10.860s] -- Symlinking: /home/ros2/dev_ws/install/ros2_robotiqgripper/local/lib/python3.10/dist-packages/ros2_robotiqgripper/srv/_robotiq_gripper_s.c
[10.901s] -- Up-to-date symlink: /home/ros2/dev_ws/install/ros2_robotiqgripper/local/lib/python3.10/dist-packages/ros2_robotiqgripper/ros2_robotiqgripper_s__rosidl_typesupport_fastrtps_c.cpython-310-x86_64-linux-gnu.so
[10.902s] -- Up-to-date symlink: /home/ros2/dev_ws/install/ros2_robotiqgripper/local/lib/python3.10/dist-packages/ros2_robotiqgripper/ros2_robotiqgripper_s__rosidl_typesupport_introspection_c.cpython-310-x86_64-linux-gnu.so
[10.902s] -- Up-to-date symlink: /home/ros2/dev_ws/install/ros2_robotiqgripper/local/lib/python3.10/dist-packages/ros2_robotiqgripper/ros2_robotiqgripper_s__rosidl_typesupport_c.cpython-310-x86_64-linux-gnu.so
[10.902s] -- Symlinking: /home/ros2/dev_ws/install/ros2_robotiqgripper/share/ros2_robotiqgripper/srv/RobotiqGripper.idl
[10.959s] -- Up-to-date symlink: /home/ros2/dev_ws/install/ros2_robotiqgripper/share/ros2_robotiqgripper/srv/RobotiqGripper.srv
[10.959s] -- Symlinking: /home/ros2/dev_ws/install/ros2_robotiqgripper/share/ros2_robotiqgripper/srv/RobotiqGripper_Request.msg
[11.000s] -- Symlinking: /home/ros2/dev_ws/install/ros2_robotiqgripper/share/ros2_robotiqgripper/srv/RobotiqGripper_Response.msg
[11.036s] -- Symlinking: /home/ros2/dev_ws/install/ros2_robotiqgripper/share/ament_index/resource_index/package_run_dependencies/ros2_robotiqgripper
[11.089s] -- Symlinking: /home/ros2/dev_ws/install/ros2_robotiqgripper/share/ament_index/resource_index/parent_prefix_path/ros2_robotiqgripper
[11.135s] -- Symlinking: /home/ros2/dev_ws/install/ros2_robotiqgripper/share/ros2_robotiqgripper/environment/ament_prefix_path.sh
[11.152s] -- Symlinking: /home/ros2/dev_ws/install/ros2_robotiqgripper/share/ros2_robotiqgripper/environment/ament_prefix_path.dsv
[11.175s] -- Symlinking: /home/ros2/dev_ws/install/ros2_robotiqgripper/share/ros2_robotiqgripper/environment/path.sh
[11.207s] -- Symlinking: /home/ros2/dev_ws/install/ros2_robotiqgripper/share/ros2_robotiqgripper/environment/path.dsv
[11.223s] -- Symlinking: /home/ros2/dev_ws/install/ros2_robotiqgripper/share/ros2_robotiqgripper/local_setup.bash
[11.252s] -- Symlinking: /home/ros2/dev_ws/install/ros2_robotiqgripper/share/ros2_robotiqgripper/local_setup.sh
[11.282s] -- Symlinking: /home/ros2/dev_ws/install/ros2_robotiqgripper/share/ros2_robotiqgripper/local_setup.zsh
[11.310s] -- Symlinking: /home/ros2/dev_ws/install/ros2_robotiqgripper/share/ros2_robotiqgripper/local_setup.dsv
[11.344s] -- Symlinking: /home/ros2/dev_ws/install/ros2_robotiqgripper/share/ros2_robotiqgripper/package.dsv
[11.394s] -- Symlinking: /home/ros2/dev_ws/install/ros2_robotiqgripper/share/ament_index/resource_index/packages/ros2_robotiqgripper
[11.424s] -- Symlinking: /home/ros2/dev_ws/install/ros2_robotiqgripper/share/ros2_robotiqgripper/cmake/rosidl_cmake-extras.cmake
[11.449s] -- Symlinking: /home/ros2/dev_ws/install/ros2_robotiqgripper/share/ros2_robotiqgripper/cmake/ament_cmake_export_include_directories-extras.cmake
[11.482s] -- Symlinking: /home/ros2/dev_ws/install/ros2_robotiqgripper/share/ros2_robotiqgripper/cmake/ament_cmake_export_libraries-extras.cmake
[11.507s] -- Symlinking: /home/ros2/dev_ws/install/ros2_robotiqgripper/share/ros2_robotiqgripper/cmake/ament_cmake_export_targets-extras.cmake
[11.546s] -- Symlinking: /home/ros2/dev_ws/install/ros2_robotiqgripper/share/ros2_robotiqgripper/cmake/rosidl_cmake_export_typesupport_targets-extras.cmake
[11.586s] -- Symlinking: /home/ros2/dev_ws/install/ros2_robotiqgripper/share/ros2_robotiqgripper/cmake/ament_cmake_export_dependencies-extras.cmake
[11.609s] -- Symlinking: /home/ros2/dev_ws/install/ros2_robotiqgripper/share/ros2_robotiqgripper/cmake/rosidl_cmake_export_typesupport_libraries-extras.cmake
[11.633s] -- Symlinking: /home/ros2/dev_ws/install/ros2_robotiqgripper/share/ros2_robotiqgripper/cmake/ros2_robotiqgripperConfig.cmake
[11.682s] -- Symlinking: /home/ros2/dev_ws/install/ros2_robotiqgripper/share/ros2_robotiqgripper/cmake/ros2_robotiqgripperConfig-version.cmake
[11.720s] -- Symlinking: /home/ros2/dev_ws/install/ros2_robotiqgripper/share/ros2_robotiqgripper/package.xml
[11.766s] -- Installing: /home/ros2/dev_ws/install/ros2_robotiqgripper/lib/libros2_robotiqgripper__rosidl_generator_c.so
[11.766s] -- Set runtime path of "/home/ros2/dev_ws/install/ros2_robotiqgripper/lib/libros2_robotiqgripper__rosidl_generator_c.so" to ""
[11.766s] -- Installing: /home/ros2/dev_ws/install/ros2_robotiqgripper/lib/libros2_robotiqgripper__rosidl_typesupport_fastrtps_c.so
[11.766s] -- Set runtime path of "/home/ros2/dev_ws/install/ros2_robotiqgripper/lib/libros2_robotiqgripper__rosidl_typesupport_fastrtps_c.so" to ""
[11.766s] -- Installing: /home/ros2/dev_ws/install/ros2_robotiqgripper/lib/libros2_robotiqgripper__rosidl_typesupport_introspection_c.so
[11.767s] -- Set runtime path of "/home/ros2/dev_ws/install/ros2_robotiqgripper/lib/libros2_robotiqgripper__rosidl_typesupport_introspection_c.so" to ""
[11.767s] -- Installing: /home/ros2/dev_ws/install/ros2_robotiqgripper/lib/libros2_robotiqgripper__rosidl_typesupport_c.so
[11.767s] -- Set runtime path of "/home/ros2/dev_ws/install/ros2_robotiqgripper/lib/libros2_robotiqgripper__rosidl_typesupport_c.so" to ""
[11.775s] -- Installing: /home/ros2/dev_ws/install/ros2_robotiqgripper/lib/libros2_robotiqgripper__rosidl_typesupport_fastrtps_cpp.so
[11.775s] -- Set runtime path of "/home/ros2/dev_ws/install/ros2_robotiqgripper/lib/libros2_robotiqgripper__rosidl_typesupport_fastrtps_cpp.so" to ""
[11.794s] -- Installing: /home/ros2/dev_ws/install/ros2_robotiqgripper/lib/libros2_robotiqgripper__rosidl_typesupport_introspection_cpp.so
[11.794s] -- Set runtime path of "/home/ros2/dev_ws/install/ros2_robotiqgripper/lib/libros2_robotiqgripper__rosidl_typesupport_introspection_cpp.so" to ""
[11.794s] -- Installing: /home/ros2/dev_ws/install/ros2_robotiqgripper/lib/libros2_robotiqgripper__rosidl_typesupport_cpp.so
[11.794s] -- Set runtime path of "/home/ros2/dev_ws/install/ros2_robotiqgripper/lib/libros2_robotiqgripper__rosidl_typesupport_cpp.so" to ""
[11.906s] Listing '/home/ros2/dev_ws/install/ros2_robotiqgripper/local/lib/python3.10/dist-packages/ros2_robotiqgripper'...
[11.906s] Compiling '/home/ros2/dev_ws/install/ros2_robotiqgripper/local/lib/python3.10/dist-packages/ros2_robotiqgripper/__init__.py'...
[11.906s] Listing '/home/ros2/dev_ws/install/ros2_robotiqgripper/local/lib/python3.10/dist-packages/ros2_robotiqgripper/srv'...
[11.906s] Compiling '/home/ros2/dev_ws/install/ros2_robotiqgripper/local/lib/python3.10/dist-packages/ros2_robotiqgripper/srv/__init__.py'...
[11.907s] Compiling '/home/ros2/dev_ws/install/ros2_robotiqgripper/local/lib/python3.10/dist-packages/ros2_robotiqgripper/srv/_robotiq_gripper.py'...
[11.928s] -- Installing: /home/ros2/dev_ws/install/ros2_robotiqgripper/lib/libros2_robotiqgripper__rosidl_generator_py.so
[11.936s] -- Set runtime path of "/home/ros2/dev_ws/install/ros2_robotiqgripper/lib/libros2_robotiqgripper__rosidl_generator_py.so" to ""
[11.936s] -- Installing: /home/ros2/dev_ws/install/ros2_robotiqgripper/share/ros2_robotiqgripper/cmake/export_ros2_robotiqgripper__rosidl_generator_cExport.cmake
[11.937s] -- Installing: /home/ros2/dev_ws/install/ros2_robotiqgripper/share/ros2_robotiqgripper/cmake/export_ros2_robotiqgripper__rosidl_generator_cExport-noconfig.cmake
[11.937s] -- Installing: /home/ros2/dev_ws/install/ros2_robotiqgripper/share/ros2_robotiqgripper/cmake/export_ros2_robotiqgripper__rosidl_typesupport_fastrtps_cExport.cmake
[11.937s] -- Installing: /home/ros2/dev_ws/install/ros2_robotiqgripper/share/ros2_robotiqgripper/cmake/export_ros2_robotiqgripper__rosidl_typesupport_fastrtps_cExport-noconfig.cmake
[11.937s] -- Installing: /home/ros2/dev_ws/install/ros2_robotiqgripper/share/ros2_robotiqgripper/cmake/ros2_robotiqgripper__rosidl_typesupport_introspection_cExport.cmake
[11.937s] -- Installing: /home/ros2/dev_ws/install/ros2_robotiqgripper/share/ros2_robotiqgripper/cmake/ros2_robotiqgripper__rosidl_typesupport_introspection_cExport-noconfig.cmake
[11.937s] -- Installing: /home/ros2/dev_ws/install/ros2_robotiqgripper/share/ros2_robotiqgripper/cmake/ros2_robotiqgripper__rosidl_typesupport_cExport.cmake
[11.937s] -- Installing: /home/ros2/dev_ws/install/ros2_robotiqgripper/share/ros2_robotiqgripper/cmake/ros2_robotiqgripper__rosidl_typesupport_cExport-noconfig.cmake
[11.937s] -- Installing: /home/ros2/dev_ws/install/ros2_robotiqgripper/share/ros2_robotiqgripper/cmake/export_ros2_robotiqgripper__rosidl_generator_cppExport.cmake
[11.937s] -- Installing: /home/ros2/dev_ws/install/ros2_robotiqgripper/share/ros2_robotiqgripper/cmake/export_ros2_robotiqgripper__rosidl_typesupport_fastrtps_cppExport.cmake
[11.937s] -- Installing: /home/ros2/dev_ws/install/ros2_robotiqgripper/share/ros2_robotiqgripper/cmake/export_ros2_robotiqgripper__rosidl_typesupport_fastrtps_cppExport-noconfig.cmake
[11.937s] -- Installing: /home/ros2/dev_ws/install/ros2_robotiqgripper/share/ros2_robotiqgripper/cmake/ros2_robotiqgripper__rosidl_typesupport_introspection_cppExport.cmake
[11.938s] -- Installing: /home/ros2/dev_ws/install/ros2_robotiqgripper/share/ros2_robotiqgripper/cmake/ros2_robotiqgripper__rosidl_typesupport_introspection_cppExport-noconfig.cmake
[11.938s] -- Installing: /home/ros2/dev_ws/install/ros2_robotiqgripper/share/ros2_robotiqgripper/cmake/ros2_robotiqgripper__rosidl_typesupport_cppExport.cmake
[11.938s] -- Installing: /home/ros2/dev_ws/install/ros2_robotiqgripper/share/ros2_robotiqgripper/cmake/ros2_robotiqgripper__rosidl_typesupport_cppExport-noconfig.cmake
[11.938s] -- Installing: /home/ros2/dev_ws/install/ros2_robotiqgripper/share/ros2_robotiqgripper/cmake/export_ros2_robotiqgripper__rosidl_generator_pyExport.cmake
[11.938s] -- Installing: /home/ros2/dev_ws/install/ros2_robotiqgripper/share/ros2_robotiqgripper/cmake/export_ros2_robotiqgripper__rosidl_generator_pyExport-noconfig.cmake
[11.970s] Invoked command in '/home/ros2/dev_ws/build/ros2_robotiqgripper' returned '0': CMAKE_PREFIX_PATH=/opt/ros/humble /usr/bin/cmake --install /home/ros2/dev_ws/build/ros2_robotiqgripper
