[0.025s] Invoking command in '/home/ros2/dev_ws/build/ros2srrc_ur3e_moveit2': CMAKE_PREFIX_PATH=${CMAKE_PREFIX_PATH}:/opt/ros/humble /usr/bin/cmake /home/ros2/dev_ws/src/ros2_SimRealRobotControl/packages/ur3e/ros2srrc_ur3e_moveit2 -DAMENT_CMAKE_SYMLINK_INSTALL=1 -DCMAKE_INSTALL_PREFIX=/home/ros2/dev_ws/install/ros2srrc_ur3e_moveit2
[0.645s] -- The C compiler identification is GNU 11.4.0
[0.645s] -- The CXX compiler identification is GNU 11.4.0
[0.645s] -- Detecting C compiler ABI info
[0.770s] -- Detecting C compiler ABI info - done
[0.785s] -- Check for working C compiler: /usr/bin/cc - skipped
[0.785s] -- Detecting C compile features
[0.789s] -- Detecting C compile features - done
[0.806s] -- Detecting CXX compiler ABI info
[1.065s] -- Detecting CXX compiler ABI info - done
[1.092s] -- Check for working CXX compiler: /usr/bin/c++ - skipped
[1.096s] -- Detecting CXX compile features
[1.096s] -- Detecting CXX compile features - done
[1.107s] -- Found ament_cmake: 1.3.11 (/opt/ros/humble/share/ament_cmake/cmake)
[1.728s] -- Found Python3: /usr/bin/python3 (found version "3.10.12") found components: Interpreter 
[2.111s] -- Override CMake install command with custom implementation using symlinks instead of copying resources
[2.343s] -- Found ament_lint_auto: 0.12.12 (/opt/ros/humble/share/ament_lint_auto/cmake)
[2.886s] -- Added test 'copyright' to check source files copyright and LICENSE
[2.903s] -- Added test 'lint_cmake' to check CMake code style
[2.903s] -- Added test 'xmllint' to check XML markup files
[2.932s] -- Configuring done
[2.948s] -- Generating done
[2.954s] -- Build files have been written to: /home/ros2/dev_ws/build/ros2srrc_ur3e_moveit2
[3.024s] Invoked command in '/home/ros2/dev_ws/build/ros2srrc_ur3e_moveit2' returned '0': CMAKE_PREFIX_PATH=${CMAKE_PREFIX_PATH}:/opt/ros/humble /usr/bin/cmake /home/ros2/dev_ws/src/ros2_SimRealRobotControl/packages/ur3e/ros2srrc_ur3e_moveit2 -DAMENT_CMAKE_SYMLINK_INSTALL=1 -DCMAKE_INSTALL_PREFIX=/home/ros2/dev_ws/install/ros2srrc_ur3e_moveit2
[3.025s] Invoking command in '/home/ros2/dev_ws/build/ros2srrc_ur3e_moveit2': CMAKE_PREFIX_PATH=${CMAKE_PREFIX_PATH}:/opt/ros/humble /usr/bin/cmake --build /home/ros2/dev_ws/build/ros2srrc_ur3e_moveit2 -- -j16 -l16
[3.842s] Invoked command in '/home/ros2/dev_ws/build/ros2srrc_ur3e_moveit2' returned '0': CMAKE_PREFIX_PATH=${CMAKE_PREFIX_PATH}:/opt/ros/humble /usr/bin/cmake --build /home/ros2/dev_ws/build/ros2srrc_ur3e_moveit2 -- -j16 -l16
[3.843s] Invoking command in '/home/ros2/dev_ws/build/ros2srrc_ur3e_moveit2': CMAKE_PREFIX_PATH=${CMAKE_PREFIX_PATH}:/opt/ros/humble /usr/bin/cmake --install /home/ros2/dev_ws/build/ros2srrc_ur3e_moveit2
[6.384s] -- Install configuration: ""
[6.385s] -- Execute custom install script
[6.385s] -- Symlinking: /home/ros2/dev_ws/install/ros2srrc_ur3e_moveit2/share/ros2srrc_ur3e_moveit2/config/ur3e.srdf
[6.385s] -- Symlinking: /home/ros2/dev_ws/install/ros2srrc_ur3e_moveit2/share/ros2srrc_ur3e_moveit2/config/ur3e_moveit2.rviz
[6.385s] -- Symlinking: /home/ros2/dev_ws/install/ros2srrc_ur3e_moveit2/share/ros2srrc_ur3e_moveit2/config/ur3erobotiq_2f85.srdf
[6.385s] -- Symlinking: /home/ros2/dev_ws/install/ros2srrc_ur3e_moveit2/share/ros2srrc_ur3e_moveit2/config/ur3erobotiq_2f85_moveit2.rviz
[6.385s] -- Symlinking: /home/ros2/dev_ws/install/ros2srrc_ur3e_moveit2/share/ros2srrc_ur3e_moveit2/config/ur3erobotiq_hande.srdf
[6.385s] -- Symlinking: /home/ros2/dev_ws/install/ros2srrc_ur3e_moveit2/share/ros2srrc_ur3e_moveit2/config/ur3erobotiq_hande_moveit2.rviz
[6.385s] -- Symlinking: /home/ros2/dev_ws/install/ros2srrc_ur3e_moveit2/share/ament_index/resource_index/package_run_dependencies/ros2srrc_ur3e_moveit2
[6.385s] -- Symlinking: /home/ros2/dev_ws/install/ros2srrc_ur3e_moveit2/share/ament_index/resource_index/parent_prefix_path/ros2srrc_ur3e_moveit2
[6.385s] -- Symlinking: /home/ros2/dev_ws/install/ros2srrc_ur3e_moveit2/share/ros2srrc_ur3e_moveit2/environment/ament_prefix_path.sh
[6.385s] -- Symlinking: /home/ros2/dev_ws/install/ros2srrc_ur3e_moveit2/share/ros2srrc_ur3e_moveit2/environment/ament_prefix_path.dsv
[6.386s] -- Symlinking: /home/ros2/dev_ws/install/ros2srrc_ur3e_moveit2/share/ros2srrc_ur3e_moveit2/environment/path.sh
[6.386s] -- Symlinking: /home/ros2/dev_ws/install/ros2srrc_ur3e_moveit2/share/ros2srrc_ur3e_moveit2/environment/path.dsv
[6.390s] -- Symlinking: /home/ros2/dev_ws/install/ros2srrc_ur3e_moveit2/share/ros2srrc_ur3e_moveit2/local_setup.bash
[6.390s] -- Symlinking: /home/ros2/dev_ws/install/ros2srrc_ur3e_moveit2/share/ros2srrc_ur3e_moveit2/local_setup.sh
[6.390s] -- Symlinking: /home/ros2/dev_ws/install/ros2srrc_ur3e_moveit2/share/ros2srrc_ur3e_moveit2/local_setup.zsh
[6.390s] -- Symlinking: /home/ros2/dev_ws/install/ros2srrc_ur3e_moveit2/share/ros2srrc_ur3e_moveit2/local_setup.dsv
[6.390s] -- Symlinking: /home/ros2/dev_ws/install/ros2srrc_ur3e_moveit2/share/ros2srrc_ur3e_moveit2/package.dsv
[6.390s] -- Symlinking: /home/ros2/dev_ws/install/ros2srrc_ur3e_moveit2/share/ament_index/resource_index/packages/ros2srrc_ur3e_moveit2
[6.391s] -- Symlinking: /home/ros2/dev_ws/install/ros2srrc_ur3e_moveit2/share/ros2srrc_ur3e_moveit2/cmake/ros2srrc_ur3e_moveit2Config.cmake
[6.391s] -- Symlinking: /home/ros2/dev_ws/install/ros2srrc_ur3e_moveit2/share/ros2srrc_ur3e_moveit2/cmake/ros2srrc_ur3e_moveit2Config-version.cmake
[6.391s] -- Symlinking: /home/ros2/dev_ws/install/ros2srrc_ur3e_moveit2/share/ros2srrc_ur3e_moveit2/package.xml
[6.418s] Invoked command in '/home/ros2/dev_ws/build/ros2srrc_ur3e_moveit2' returned '0': CMAKE_PREFIX_PATH=${CMAKE_PREFIX_PATH}:/opt/ros/humble /usr/bin/cmake --install /home/ros2/dev_ws/build/ros2srrc_ur3e_moveit2
