[0.045s] Invoking command in '/home/ros2/dev_ws/build/ros2srrc_ur5_gazebo': CMAKE_PREFIX_PATH=${CMAKE_PREFIX_PATH}:/opt/ros/humble /usr/bin/cmake /home/ros2/dev_ws/src/ros2_SimRealRobotControl/packages/ur5/ros2srrc_ur5_gazebo -DAMENT_CMAKE_SYMLINK_INSTALL=1 -DCMAKE_INSTALL_PREFIX=/home/ros2/dev_ws/install/ros2srrc_ur5_gazebo
[0.969s] -- The C compiler identification is GNU 11.4.0
[0.970s] -- The CXX compiler identification is GNU 11.4.0
[0.970s] -- Detecting C compiler ABI info
[0.970s] -- Detecting C compiler ABI info - done
[0.970s] -- Check for working C compiler: /usr/bin/cc - skipped
[0.970s] -- Detecting C compile features
[0.970s] -- Detecting C compile features - done
[0.970s] -- Detecting CXX compiler ABI info
[0.970s] -- Detecting CXX compiler ABI info - done
[0.993s] -- Check for working CXX compiler: /usr/bin/c++ - skipped
[0.993s] -- Detecting CXX compile features
[0.993s] -- Detecting CXX compile features - done
[0.994s] -- Found ament_cmake: 1.3.11 (/opt/ros/humble/share/ament_cmake/cmake)
[1.486s] -- Found Python3: /usr/bin/python3 (found version "3.10.12") found components: Interpreter 
[1.641s] -- Override CMake install command with custom implementation using symlinks instead of copying resources
[1.764s] -- Found ament_lint_auto: 0.12.12 (/opt/ros/humble/share/ament_lint_auto/cmake)
[2.100s] -- Added test 'copyright' to check source files copyright and LICENSE
[2.112s] -- Added test 'lint_cmake' to check CMake code style
[2.115s] -- Added test 'xmllint' to check XML markup files
[2.126s] -- Configuring done
[2.130s] -- Generating done
[2.134s] -- Build files have been written to: /home/ros2/dev_ws/build/ros2srrc_ur5_gazebo
[2.360s] Invoked command in '/home/ros2/dev_ws/build/ros2srrc_ur5_gazebo' returned '0': CMAKE_PREFIX_PATH=${CMAKE_PREFIX_PATH}:/opt/ros/humble /usr/bin/cmake /home/ros2/dev_ws/src/ros2_SimRealRobotControl/packages/ur5/ros2srrc_ur5_gazebo -DAMENT_CMAKE_SYMLINK_INSTALL=1 -DCMAKE_INSTALL_PREFIX=/home/ros2/dev_ws/install/ros2srrc_ur5_gazebo
[2.369s] Invoking command in '/home/ros2/dev_ws/build/ros2srrc_ur5_gazebo': CMAKE_PREFIX_PATH=${CMAKE_PREFIX_PATH}:/opt/ros/humble /usr/bin/cmake --build /home/ros2/dev_ws/build/ros2srrc_ur5_gazebo -- -j16 -l16
[3.185s] Invoked command in '/home/ros2/dev_ws/build/ros2srrc_ur5_gazebo' returned '0': CMAKE_PREFIX_PATH=${CMAKE_PREFIX_PATH}:/opt/ros/humble /usr/bin/cmake --build /home/ros2/dev_ws/build/ros2srrc_ur5_gazebo -- -j16 -l16
[3.194s] Invoking command in '/home/ros2/dev_ws/build/ros2srrc_ur5_gazebo': CMAKE_PREFIX_PATH=${CMAKE_PREFIX_PATH}:/opt/ros/humble /usr/bin/cmake --install /home/ros2/dev_ws/build/ros2srrc_ur5_gazebo
[5.740s] -- Install configuration: ""
[5.740s] -- Execute custom install script
[5.740s] -- Symlinking: /home/ros2/dev_ws/install/ros2srrc_ur5_gazebo/share/ros2srrc_ur5_gazebo/config/configurations.yaml
[5.740s] -- Symlinking: /home/ros2/dev_ws/install/ros2srrc_ur5_gazebo/share/ros2srrc_ur5_gazebo/urdf/ur5.urdf.xacro
[5.741s] -- Symlinking: /home/ros2/dev_ws/install/ros2srrc_ur5_gazebo/share/ros2srrc_ur5_gazebo/urdf/ur5_robotiq_2f85.urdf.xacro
[5.741s] -- Symlinking: /home/ros2/dev_ws/install/ros2srrc_ur5_gazebo/share/ros2srrc_ur5_gazebo/urdf/ur5_robotiq_hande.urdf.xacro
[5.741s] -- Symlinking: /home/ros2/dev_ws/install/ros2srrc_ur5_gazebo/share/ros2srrc_ur5_gazebo/worlds/ros2srrc_ur5.world
[5.741s] -- Symlinking: /home/ros2/dev_ws/install/ros2srrc_ur5_gazebo/share/ament_index/resource_index/package_run_dependencies/ros2srrc_ur5_gazebo
[5.741s] -- Symlinking: /home/ros2/dev_ws/install/ros2srrc_ur5_gazebo/share/ament_index/resource_index/parent_prefix_path/ros2srrc_ur5_gazebo
[5.741s] -- Symlinking: /home/ros2/dev_ws/install/ros2srrc_ur5_gazebo/share/ros2srrc_ur5_gazebo/environment/ament_prefix_path.sh
[5.742s] -- Symlinking: /home/ros2/dev_ws/install/ros2srrc_ur5_gazebo/share/ros2srrc_ur5_gazebo/environment/ament_prefix_path.dsv
[5.742s] -- Symlinking: /home/ros2/dev_ws/install/ros2srrc_ur5_gazebo/share/ros2srrc_ur5_gazebo/environment/path.sh
[5.742s] -- Symlinking: /home/ros2/dev_ws/install/ros2srrc_ur5_gazebo/share/ros2srrc_ur5_gazebo/environment/path.dsv
[5.742s] -- Symlinking: /home/ros2/dev_ws/install/ros2srrc_ur5_gazebo/share/ros2srrc_ur5_gazebo/local_setup.bash
[5.742s] -- Symlinking: /home/ros2/dev_ws/install/ros2srrc_ur5_gazebo/share/ros2srrc_ur5_gazebo/local_setup.sh
[5.742s] -- Symlinking: /home/ros2/dev_ws/install/ros2srrc_ur5_gazebo/share/ros2srrc_ur5_gazebo/local_setup.zsh
[5.753s] -- Symlinking: /home/ros2/dev_ws/install/ros2srrc_ur5_gazebo/share/ros2srrc_ur5_gazebo/local_setup.dsv
[5.753s] -- Symlinking: /home/ros2/dev_ws/install/ros2srrc_ur5_gazebo/share/ros2srrc_ur5_gazebo/package.dsv
[5.757s] -- Symlinking: /home/ros2/dev_ws/install/ros2srrc_ur5_gazebo/share/ament_index/resource_index/packages/ros2srrc_ur5_gazebo
[5.758s] -- Symlinking: /home/ros2/dev_ws/install/ros2srrc_ur5_gazebo/share/ros2srrc_ur5_gazebo/cmake/ros2srrc_ur5_gazeboConfig.cmake
[5.758s] -- Symlinking: /home/ros2/dev_ws/install/ros2srrc_ur5_gazebo/share/ros2srrc_ur5_gazebo/cmake/ros2srrc_ur5_gazeboConfig-version.cmake
[5.758s] -- Symlinking: /home/ros2/dev_ws/install/ros2srrc_ur5_gazebo/share/ros2srrc_ur5_gazebo/package.xml
[5.769s] Invoked command in '/home/ros2/dev_ws/build/ros2srrc_ur5_gazebo' returned '0': CMAKE_PREFIX_PATH=${CMAKE_PREFIX_PATH}:/opt/ros/humble /usr/bin/cmake --install /home/ros2/dev_ws/build/ros2srrc_ur5_gazebo
