[0.024s] Invoking command in '/home/ros2/dev_ws/build/ros2srrc_ur20_gazebo': CMAKE_PREFIX_PATH=/opt/ros/humble /usr/bin/cmake /home/ros2/dev_ws/src/ros2_SimRealRobotControl/packages/ur20/ros2srrc_ur20_gazebo -DAMENT_CMAKE_SYMLINK_INSTALL=1 -DCMAKE_INSTALL_PREFIX=/home/ros2/dev_ws/install/ros2srrc_ur20_gazebo
[0.107s] -- The C compiler identification is GNU 11.4.0
[0.188s] -- The CXX compiler identification is GNU 11.4.0
[0.199s] -- Detecting C compiler ABI info
[0.339s] -- Detecting C compiler ABI info - done
[0.364s] -- Check for working C compiler: /usr/bin/cc - skipped
[0.365s] -- Detecting C compile features
[0.369s] -- Detecting C compile features - done
[0.379s] -- Detecting CXX compiler ABI info
[0.578s] -- Detecting CXX compiler ABI info - done
[0.588s] -- Check for working CXX compiler: /usr/bin/c++ - skipped
[0.588s] -- Detecting CXX compile features
[0.590s] -- Detecting CXX compile features - done
[0.591s] -- Found ament_cmake: 1.3.11 (/opt/ros/humble/share/ament_cmake/cmake)
[0.899s] -- Found Python3: /usr/bin/python3 (found version "3.10.12") found components: Interpreter 
[1.104s] -- Override CMake install command with custom implementation using symlinks instead of copying resources
[1.165s] -- Found ament_lint_auto: 0.12.12 (/opt/ros/humble/share/ament_lint_auto/cmake)
[1.404s] -- Added test 'copyright' to check source files copyright and LICENSE
[1.412s] -- Added test 'lint_cmake' to check CMake code style
[1.413s] -- Added test 'xmllint' to check XML markup files
[1.413s] -- Configuring done
[1.421s] -- Generating done
[1.426s] -- Build files have been written to: /home/ros2/dev_ws/build/ros2srrc_ur20_gazebo
[1.450s] Invoked command in '/home/ros2/dev_ws/build/ros2srrc_ur20_gazebo' returned '0': CMAKE_PREFIX_PATH=/opt/ros/humble /usr/bin/cmake /home/ros2/dev_ws/src/ros2_SimRealRobotControl/packages/ur20/ros2srrc_ur20_gazebo -DAMENT_CMAKE_SYMLINK_INSTALL=1 -DCMAKE_INSTALL_PREFIX=/home/ros2/dev_ws/install/ros2srrc_ur20_gazebo
[1.459s] Invoking command in '/home/ros2/dev_ws/build/ros2srrc_ur20_gazebo': CMAKE_PREFIX_PATH=/opt/ros/humble /usr/bin/cmake --build /home/ros2/dev_ws/build/ros2srrc_ur20_gazebo -- -j16 -l16
[2.183s] Invoked command in '/home/ros2/dev_ws/build/ros2srrc_ur20_gazebo' returned '0': CMAKE_PREFIX_PATH=/opt/ros/humble /usr/bin/cmake --build /home/ros2/dev_ws/build/ros2srrc_ur20_gazebo -- -j16 -l16
[2.185s] Invoking command in '/home/ros2/dev_ws/build/ros2srrc_ur20_gazebo': CMAKE_PREFIX_PATH=/opt/ros/humble /usr/bin/cmake --install /home/ros2/dev_ws/build/ros2srrc_ur20_gazebo
[2.200s] -- Install configuration: ""
[2.209s] -- Execute custom install script
[2.209s] -- Symlinking: /home/ros2/dev_ws/install/ros2srrc_ur20_gazebo/share/ros2srrc_ur20_gazebo/config/configurations.yaml
[2.229s] -- Symlinking: /home/ros2/dev_ws/install/ros2srrc_ur20_gazebo/share/ros2srrc_ur20_gazebo/urdf/ur20.urdf.xacro
[2.243s] -- Symlinking: /home/ros2/dev_ws/install/ros2srrc_ur20_gazebo/share/ros2srrc_ur20_gazebo/urdf/ur20_robotiq_2f85.urdf.xacro
[2.263s] -- Symlinking: /home/ros2/dev_ws/install/ros2srrc_ur20_gazebo/share/ros2srrc_ur20_gazebo/urdf/ur20_robotiq_hande.urdf.xacro
[2.294s] -- Symlinking: /home/ros2/dev_ws/install/ros2srrc_ur20_gazebo/share/ros2srrc_ur20_gazebo/worlds/ros2srrc_ur20.world
[2.316s] -- Symlinking: /home/ros2/dev_ws/install/ros2srrc_ur20_gazebo/share/ament_index/resource_index/package_run_dependencies/ros2srrc_ur20_gazebo
[2.337s] -- Symlinking: /home/ros2/dev_ws/install/ros2srrc_ur20_gazebo/share/ament_index/resource_index/parent_prefix_path/ros2srrc_ur20_gazebo
[2.364s] -- Symlinking: /home/ros2/dev_ws/install/ros2srrc_ur20_gazebo/share/ros2srrc_ur20_gazebo/environment/ament_prefix_path.sh
[2.389s] -- Symlinking: /home/ros2/dev_ws/install/ros2srrc_ur20_gazebo/share/ros2srrc_ur20_gazebo/environment/ament_prefix_path.dsv
[2.416s] -- Symlinking: /home/ros2/dev_ws/install/ros2srrc_ur20_gazebo/share/ros2srrc_ur20_gazebo/environment/path.sh
[2.432s] -- Symlinking: /home/ros2/dev_ws/install/ros2srrc_ur20_gazebo/share/ros2srrc_ur20_gazebo/environment/path.dsv
[2.453s] -- Symlinking: /home/ros2/dev_ws/install/ros2srrc_ur20_gazebo/share/ros2srrc_ur20_gazebo/local_setup.bash
[2.475s] -- Symlinking: /home/ros2/dev_ws/install/ros2srrc_ur20_gazebo/share/ros2srrc_ur20_gazebo/local_setup.sh
[2.499s] -- Symlinking: /home/ros2/dev_ws/install/ros2srrc_ur20_gazebo/share/ros2srrc_ur20_gazebo/local_setup.zsh
[2.532s] -- Symlinking: /home/ros2/dev_ws/install/ros2srrc_ur20_gazebo/share/ros2srrc_ur20_gazebo/local_setup.dsv
[2.551s] -- Symlinking: /home/ros2/dev_ws/install/ros2srrc_ur20_gazebo/share/ros2srrc_ur20_gazebo/package.dsv
[2.576s] -- Symlinking: /home/ros2/dev_ws/install/ros2srrc_ur20_gazebo/share/ament_index/resource_index/packages/ros2srrc_ur20_gazebo
[2.645s] -- Symlinking: /home/ros2/dev_ws/install/ros2srrc_ur20_gazebo/share/ros2srrc_ur20_gazebo/cmake/ros2srrc_ur20_gazeboConfig.cmake
[2.676s] -- Symlinking: /home/ros2/dev_ws/install/ros2srrc_ur20_gazebo/share/ros2srrc_ur20_gazebo/cmake/ros2srrc_ur20_gazeboConfig-version.cmake
[2.705s] -- Symlinking: /home/ros2/dev_ws/install/ros2srrc_ur20_gazebo/share/ros2srrc_ur20_gazebo/package.xml
[2.758s] Invoked command in '/home/ros2/dev_ws/build/ros2srrc_ur20_gazebo' returned '0': CMAKE_PREFIX_PATH=/opt/ros/humble /usr/bin/cmake --install /home/ros2/dev_ws/build/ros2srrc_ur20_gazebo
