[0.327s] Invoking command in '/home/ros2/dev_ws/build/ros2srrc_ur5e_moveit2': CMAKE_PREFIX_PATH=/opt/ros/humble /usr/bin/cmake /home/ros2/dev_ws/src/ros2_SimRealRobotControl/packages/ur5e/ros2srrc_ur5e_moveit2 -DAMENT_CMAKE_SYMLINK_INSTALL=1 -DCMAKE_INSTALL_PREFIX=/home/ros2/dev_ws/install/ros2srrc_ur5e_moveit2
[1.021s] -- The C compiler identification is GNU 11.4.0
[1.021s] -- The CXX compiler identification is GNU 11.4.0
[1.022s] -- Detecting C compiler ABI info
[1.022s] -- Detecting C compiler ABI info - done
[1.022s] -- Check for working C compiler: /usr/bin/cc - skipped
[1.022s] -- Detecting C compile features
[1.022s] -- Detecting C compile features - done
[1.022s] -- Detecting CXX compiler ABI info
[1.255s] -- Detecting CXX compiler ABI info - done
[1.267s] -- Check for working CXX compiler: /usr/bin/c++ - skipped
[1.271s] -- Detecting CXX compile features
[1.271s] -- Detecting CXX compile features - done
[1.274s] -- Found ament_cmake: 1.3.11 (/opt/ros/humble/share/ament_cmake/cmake)
[1.692s] -- Found Python3: /usr/bin/python3 (found version "3.10.12") found components: Interpreter 
[1.995s] -- Override CMake install command with custom implementation using symlinks instead of copying resources
[2.060s] -- Found ament_lint_auto: 0.12.12 (/opt/ros/humble/share/ament_lint_auto/cmake)
[2.760s] -- Added test 'copyright' to check source files copyright and LICENSE
[2.762s] -- Added test 'lint_cmake' to check CMake code style
[2.764s] -- Added test 'xmllint' to check XML markup files
[2.770s] -- Configuring done
[2.775s] -- Generating done
[2.776s] -- Build files have been written to: /home/ros2/dev_ws/build/ros2srrc_ur5e_moveit2
[2.792s] Invoked command in '/home/ros2/dev_ws/build/ros2srrc_ur5e_moveit2' returned '0': CMAKE_PREFIX_PATH=/opt/ros/humble /usr/bin/cmake /home/ros2/dev_ws/src/ros2_SimRealRobotControl/packages/ur5e/ros2srrc_ur5e_moveit2 -DAMENT_CMAKE_SYMLINK_INSTALL=1 -DCMAKE_INSTALL_PREFIX=/home/ros2/dev_ws/install/ros2srrc_ur5e_moveit2
[2.792s] Invoking command in '/home/ros2/dev_ws/build/ros2srrc_ur5e_moveit2': CMAKE_PREFIX_PATH=/opt/ros/humble /usr/bin/cmake --build /home/ros2/dev_ws/build/ros2srrc_ur5e_moveit2 -- -j16 -l16
[5.331s] Invoked command in '/home/ros2/dev_ws/build/ros2srrc_ur5e_moveit2' returned '0': CMAKE_PREFIX_PATH=/opt/ros/humble /usr/bin/cmake --build /home/ros2/dev_ws/build/ros2srrc_ur5e_moveit2 -- -j16 -l16
[5.332s] Invoking command in '/home/ros2/dev_ws/build/ros2srrc_ur5e_moveit2': CMAKE_PREFIX_PATH=/opt/ros/humble /usr/bin/cmake --install /home/ros2/dev_ws/build/ros2srrc_ur5e_moveit2
[5.941s] -- Install configuration: ""
[5.941s] -- Execute custom install script
[5.941s] -- Symlinking: /home/ros2/dev_ws/install/ros2srrc_ur5e_moveit2/share/ros2srrc_ur5e_moveit2/config/ur5e.srdf
[5.941s] -- Symlinking: /home/ros2/dev_ws/install/ros2srrc_ur5e_moveit2/share/ros2srrc_ur5e_moveit2/config/ur5e_moveit2.rviz
[5.942s] -- Symlinking: /home/ros2/dev_ws/install/ros2srrc_ur5e_moveit2/share/ros2srrc_ur5e_moveit2/config/ur5erobotiq_2f85.srdf
[5.942s] -- Symlinking: /home/ros2/dev_ws/install/ros2srrc_ur5e_moveit2/share/ros2srrc_ur5e_moveit2/config/ur5erobotiq_2f85_moveit2.rviz
[5.942s] -- Symlinking: /home/ros2/dev_ws/install/ros2srrc_ur5e_moveit2/share/ros2srrc_ur5e_moveit2/config/ur5erobotiq_hande.srdf
[5.942s] -- Symlinking: /home/ros2/dev_ws/install/ros2srrc_ur5e_moveit2/share/ros2srrc_ur5e_moveit2/config/ur5erobotiq_hande_moveit2.rviz
[5.988s] -- Symlinking: /home/ros2/dev_ws/install/ros2srrc_ur5e_moveit2/share/ament_index/resource_index/package_run_dependencies/ros2srrc_ur5e_moveit2
[6.006s] -- Symlinking: /home/ros2/dev_ws/install/ros2srrc_ur5e_moveit2/share/ament_index/resource_index/parent_prefix_path/ros2srrc_ur5e_moveit2
[6.079s] -- Symlinking: /home/ros2/dev_ws/install/ros2srrc_ur5e_moveit2/share/ros2srrc_ur5e_moveit2/environment/ament_prefix_path.sh
[6.115s] -- Symlinking: /home/ros2/dev_ws/install/ros2srrc_ur5e_moveit2/share/ros2srrc_ur5e_moveit2/environment/ament_prefix_path.dsv
[6.219s] -- Symlinking: /home/ros2/dev_ws/install/ros2srrc_ur5e_moveit2/share/ros2srrc_ur5e_moveit2/environment/path.sh
[6.276s] -- Symlinking: /home/ros2/dev_ws/install/ros2srrc_ur5e_moveit2/share/ros2srrc_ur5e_moveit2/environment/path.dsv
[6.411s] -- Symlinking: /home/ros2/dev_ws/install/ros2srrc_ur5e_moveit2/share/ros2srrc_ur5e_moveit2/local_setup.bash
[6.541s] -- Symlinking: /home/ros2/dev_ws/install/ros2srrc_ur5e_moveit2/share/ros2srrc_ur5e_moveit2/local_setup.sh
[6.560s] -- Symlinking: /home/ros2/dev_ws/install/ros2srrc_ur5e_moveit2/share/ros2srrc_ur5e_moveit2/local_setup.zsh
[6.705s] -- Symlinking: /home/ros2/dev_ws/install/ros2srrc_ur5e_moveit2/share/ros2srrc_ur5e_moveit2/local_setup.dsv
[6.899s] -- Symlinking: /home/ros2/dev_ws/install/ros2srrc_ur5e_moveit2/share/ros2srrc_ur5e_moveit2/package.dsv
[7.107s] -- Symlinking: /home/ros2/dev_ws/install/ros2srrc_ur5e_moveit2/share/ament_index/resource_index/packages/ros2srrc_ur5e_moveit2
[7.349s] -- Symlinking: /home/ros2/dev_ws/install/ros2srrc_ur5e_moveit2/share/ros2srrc_ur5e_moveit2/cmake/ros2srrc_ur5e_moveit2Config.cmake
[7.366s] -- Symlinking: /home/ros2/dev_ws/install/ros2srrc_ur5e_moveit2/share/ros2srrc_ur5e_moveit2/cmake/ros2srrc_ur5e_moveit2Config-version.cmake
[7.550s] -- Symlinking: /home/ros2/dev_ws/install/ros2srrc_ur5e_moveit2/share/ros2srrc_ur5e_moveit2/package.xml
[7.813s] Invoked command in '/home/ros2/dev_ws/build/ros2srrc_ur5e_moveit2' returned '0': CMAKE_PREFIX_PATH=/opt/ros/humble /usr/bin/cmake --install /home/ros2/dev_ws/build/ros2srrc_ur5e_moveit2
