[0.014s] Invoking command in '/home/ros2/dev_ws/build/objectpose_gazebo': AMENT_PREFIX_PATH=/home/ros2/dev_ws/install/ros2_objectpose:/home/ros2/dev_ws/install/objectpose_msgs:${AMENT_PREFIX_PATH} CMAKE_PREFIX_PATH=/home/ros2/dev_ws/install/ros2_objectpose:/home/ros2/dev_ws/install/objectpose_msgs:/opt/ros/humble LD_LIBRARY_PATH=/home/ros2/dev_ws/install/ros2_objectpose/lib:/home/ros2/dev_ws/install/objectpose_msgs/lib:${LD_LIBRARY_PATH} PYTHONPATH=/home/ros2/dev_ws/install/objectpose_msgs/local/lib/python3.10/dist-packages:${PYTHONPATH} /usr/bin/cmake /home/ros2/dev_ws/src/IFRA_ObjectPose/objectpose_gazebo -DAMENT_CMAKE_SYMLINK_INSTALL=1 -DCMAKE_INSTALL_PREFIX=/home/ros2/dev_ws/install/objectpose_gazebo
[0.088s] -- The C compiler identification is GNU 11.4.0
[0.148s] -- The CXX compiler identification is GNU 11.4.0
[0.155s] -- Detecting C compiler ABI info
[0.228s] -- Detecting C compiler ABI info - done
[0.234s] -- Check for working C compiler: /usr/bin/cc - skipped
[0.235s] -- Detecting C compile features
[0.235s] -- Detecting C compile features - done
[0.237s] -- Detecting CXX compiler ABI info
[0.320s] -- Detecting CXX compiler ABI info - done
[0.326s] -- Check for working CXX compiler: /usr/bin/c++ - skipped
[0.326s] -- Detecting CXX compile features
[0.327s] -- Detecting CXX compile features - done
[0.329s] -- Found ament_cmake: 1.3.11 (/opt/ros/humble/share/ament_cmake/cmake)
[0.490s] -- Found Python3: /usr/bin/python3 (found version "3.10.12") found components: Interpreter 
[0.559s] -- Override CMake install command with custom implementation using symlinks instead of copying resources
[0.577s] -- Found ament_lint_auto: 0.12.12 (/opt/ros/humble/share/ament_lint_auto/cmake)
[0.666s] -- Added test 'copyright' to check source files copyright and LICENSE
[0.669s] -- Added test 'flake8' to check Python code syntax and style conventions
[0.669s] -- Added test 'lint_cmake' to check CMake code style
[0.669s] -- Added test 'pep257' to check Python code against some of the docstring style conventions in PEP 257
[0.669s] -- Added test 'xmllint' to check XML markup files
[0.674s] -- Configuring done
[0.675s] -- Generating done
[0.675s] -- Build files have been written to: /home/ros2/dev_ws/build/objectpose_gazebo
[0.684s] Invoked command in '/home/ros2/dev_ws/build/objectpose_gazebo' returned '0': AMENT_PREFIX_PATH=/home/ros2/dev_ws/install/ros2_objectpose:/home/ros2/dev_ws/install/objectpose_msgs:${AMENT_PREFIX_PATH} CMAKE_PREFIX_PATH=/home/ros2/dev_ws/install/ros2_objectpose:/home/ros2/dev_ws/install/objectpose_msgs:/opt/ros/humble LD_LIBRARY_PATH=/home/ros2/dev_ws/install/ros2_objectpose/lib:/home/ros2/dev_ws/install/objectpose_msgs/lib:${LD_LIBRARY_PATH} PYTHONPATH=/home/ros2/dev_ws/install/objectpose_msgs/local/lib/python3.10/dist-packages:${PYTHONPATH} /usr/bin/cmake /home/ros2/dev_ws/src/IFRA_ObjectPose/objectpose_gazebo -DAMENT_CMAKE_SYMLINK_INSTALL=1 -DCMAKE_INSTALL_PREFIX=/home/ros2/dev_ws/install/objectpose_gazebo
[0.685s] Invoking command in '/home/ros2/dev_ws/build/objectpose_gazebo': AMENT_PREFIX_PATH=/home/ros2/dev_ws/install/ros2_objectpose:/home/ros2/dev_ws/install/objectpose_msgs:${AMENT_PREFIX_PATH} CMAKE_PREFIX_PATH=/home/ros2/dev_ws/install/ros2_objectpose:/home/ros2/dev_ws/install/objectpose_msgs:/opt/ros/humble LD_LIBRARY_PATH=/home/ros2/dev_ws/install/ros2_objectpose/lib:/home/ros2/dev_ws/install/objectpose_msgs/lib:${LD_LIBRARY_PATH} PYTHONPATH=/home/ros2/dev_ws/install/objectpose_msgs/local/lib/python3.10/dist-packages:${PYTHONPATH} /usr/bin/cmake --build /home/ros2/dev_ws/build/objectpose_gazebo -- -j16 -l16
[0.811s] Invoked command in '/home/ros2/dev_ws/build/objectpose_gazebo' returned '0': AMENT_PREFIX_PATH=/home/ros2/dev_ws/install/ros2_objectpose:/home/ros2/dev_ws/install/objectpose_msgs:${AMENT_PREFIX_PATH} CMAKE_PREFIX_PATH=/home/ros2/dev_ws/install/ros2_objectpose:/home/ros2/dev_ws/install/objectpose_msgs:/opt/ros/humble LD_LIBRARY_PATH=/home/ros2/dev_ws/install/ros2_objectpose/lib:/home/ros2/dev_ws/install/objectpose_msgs/lib:${LD_LIBRARY_PATH} PYTHONPATH=/home/ros2/dev_ws/install/objectpose_msgs/local/lib/python3.10/dist-packages:${PYTHONPATH} /usr/bin/cmake --build /home/ros2/dev_ws/build/objectpose_gazebo -- -j16 -l16
[0.812s] Invoking command in '/home/ros2/dev_ws/build/objectpose_gazebo': AMENT_PREFIX_PATH=/home/ros2/dev_ws/install/ros2_objectpose:/home/ros2/dev_ws/install/objectpose_msgs:${AMENT_PREFIX_PATH} CMAKE_PREFIX_PATH=/home/ros2/dev_ws/install/ros2_objectpose:/home/ros2/dev_ws/install/objectpose_msgs:/opt/ros/humble LD_LIBRARY_PATH=/home/ros2/dev_ws/install/ros2_objectpose/lib:/home/ros2/dev_ws/install/objectpose_msgs/lib:${LD_LIBRARY_PATH} PYTHONPATH=/home/ros2/dev_ws/install/objectpose_msgs/local/lib/python3.10/dist-packages:${PYTHONPATH} /usr/bin/cmake --install /home/ros2/dev_ws/build/objectpose_gazebo
[0.833s] -- Install configuration: ""
[0.833s] -- Execute custom install script
[0.833s] -- Symlinking: /home/ros2/dev_ws/install/objectpose_gazebo/share/objectpose_gazebo/launch/objectpose.launch.py
[0.852s] -- Symlinking: /home/ros2/dev_ws/install/objectpose_gazebo/share/objectpose_gazebo/worlds/objectpose.world
[0.873s] -- Symlinking: /home/ros2/dev_ws/install/objectpose_gazebo/share/objectpose_gazebo/urdf/box.urdf
[0.897s] -- Symlinking: /home/ros2/dev_ws/install/objectpose_gazebo/share/ament_index/resource_index/package_run_dependencies/objectpose_gazebo
[0.915s] -- Symlinking: /home/ros2/dev_ws/install/objectpose_gazebo/share/ament_index/resource_index/parent_prefix_path/objectpose_gazebo
[0.926s] -- Symlinking: /home/ros2/dev_ws/install/objectpose_gazebo/share/objectpose_gazebo/environment/ament_prefix_path.sh
[0.948s] -- Symlinking: /home/ros2/dev_ws/install/objectpose_gazebo/share/objectpose_gazebo/environment/ament_prefix_path.dsv
[0.969s] -- Symlinking: /home/ros2/dev_ws/install/objectpose_gazebo/share/objectpose_gazebo/environment/path.sh
[0.990s] -- Symlinking: /home/ros2/dev_ws/install/objectpose_gazebo/share/objectpose_gazebo/environment/path.dsv
[1.017s] -- Symlinking: /home/ros2/dev_ws/install/objectpose_gazebo/share/objectpose_gazebo/local_setup.bash
[1.041s] -- Symlinking: /home/ros2/dev_ws/install/objectpose_gazebo/share/objectpose_gazebo/local_setup.sh
[1.063s] -- Symlinking: /home/ros2/dev_ws/install/objectpose_gazebo/share/objectpose_gazebo/local_setup.zsh
[1.079s] -- Symlinking: /home/ros2/dev_ws/install/objectpose_gazebo/share/objectpose_gazebo/local_setup.dsv
[1.093s] -- Symlinking: /home/ros2/dev_ws/install/objectpose_gazebo/share/objectpose_gazebo/package.dsv
[1.112s] -- Symlinking: /home/ros2/dev_ws/install/objectpose_gazebo/share/ament_index/resource_index/packages/objectpose_gazebo
[1.132s] -- Symlinking: /home/ros2/dev_ws/install/objectpose_gazebo/share/objectpose_gazebo/cmake/objectpose_gazeboConfig.cmake
[1.150s] -- Symlinking: /home/ros2/dev_ws/install/objectpose_gazebo/share/objectpose_gazebo/cmake/objectpose_gazeboConfig-version.cmake
[1.178s] -- Symlinking: /home/ros2/dev_ws/install/objectpose_gazebo/share/objectpose_gazebo/package.xml
[1.199s] Invoked command in '/home/ros2/dev_ws/build/objectpose_gazebo' returned '0': AMENT_PREFIX_PATH=/home/ros2/dev_ws/install/ros2_objectpose:/home/ros2/dev_ws/install/objectpose_msgs:${AMENT_PREFIX_PATH} CMAKE_PREFIX_PATH=/home/ros2/dev_ws/install/ros2_objectpose:/home/ros2/dev_ws/install/objectpose_msgs:/opt/ros/humble LD_LIBRARY_PATH=/home/ros2/dev_ws/install/ros2_objectpose/lib:/home/ros2/dev_ws/install/objectpose_msgs/lib:${LD_LIBRARY_PATH} PYTHONPATH=/home/ros2/dev_ws/install/objectpose_msgs/local/lib/python3.10/dist-packages:${PYTHONPATH} /usr/bin/cmake --install /home/ros2/dev_ws/build/objectpose_gazebo
