[0.082s] Invoking command in '/home/ros2/dev_ws/build/ros2srrc_irb120_gazebo': CMAKE_PREFIX_PATH=/opt/ros/humble /usr/bin/cmake /home/ros2/dev_ws/src/ros2_SimRealRobotControl/packages/irb120/ros2srrc_irb120_gazebo -DAMENT_CMAKE_SYMLINK_INSTALL=1 -DCMAKE_INSTALL_PREFIX=/home/ros2/dev_ws/install/ros2srrc_irb120_gazebo
[2.985s] -- The C compiler identification is GNU 11.4.0
[2.985s] -- The CXX compiler identification is GNU 11.4.0
[2.985s] -- Detecting C compiler ABI info
[2.985s] -- Detecting C compiler ABI info - done
[2.985s] -- Check for working C compiler: /usr/bin/cc - skipped
[2.986s] -- Detecting C compile features
[2.986s] -- Detecting C compile features - done
[2.986s] -- Detecting CXX compiler ABI info
[2.987s] -- Detecting CXX compiler ABI info - done
[2.988s] -- Check for working CXX compiler: /usr/bin/c++ - skipped
[2.988s] -- Detecting CXX compile features
[2.988s] -- Detecting CXX compile features - done
[2.988s] -- Found ament_cmake: 1.3.11 (/opt/ros/humble/share/ament_cmake/cmake)
[2.988s] -- Found Python3: /usr/bin/python3 (found version "3.10.12") found components: Interpreter 
[2.988s] -- Override CMake install command with custom implementation using symlinks instead of copying resources
[2.988s] -- Found ament_lint_auto: 0.12.12 (/opt/ros/humble/share/ament_lint_auto/cmake)
[2.988s] -- Added test 'copyright' to check source files copyright and LICENSE
[2.988s] -- Added test 'lint_cmake' to check CMake code style
[2.988s] -- Added test 'xmllint' to check XML markup files
[2.989s] -- Configuring done
[2.989s] -- Generating done
[2.989s] -- Build files have been written to: /home/ros2/dev_ws/build/ros2srrc_irb120_gazebo
[3.031s] Invoked command in '/home/ros2/dev_ws/build/ros2srrc_irb120_gazebo' returned '0': CMAKE_PREFIX_PATH=/opt/ros/humble /usr/bin/cmake /home/ros2/dev_ws/src/ros2_SimRealRobotControl/packages/irb120/ros2srrc_irb120_gazebo -DAMENT_CMAKE_SYMLINK_INSTALL=1 -DCMAKE_INSTALL_PREFIX=/home/ros2/dev_ws/install/ros2srrc_irb120_gazebo
[3.031s] Invoking command in '/home/ros2/dev_ws/build/ros2srrc_irb120_gazebo': CMAKE_PREFIX_PATH=/opt/ros/humble /usr/bin/cmake --build /home/ros2/dev_ws/build/ros2srrc_irb120_gazebo -- -j16 -l16
[3.656s] Invoked command in '/home/ros2/dev_ws/build/ros2srrc_irb120_gazebo' returned '0': CMAKE_PREFIX_PATH=/opt/ros/humble /usr/bin/cmake --build /home/ros2/dev_ws/build/ros2srrc_irb120_gazebo -- -j16 -l16
[3.665s] Invoking command in '/home/ros2/dev_ws/build/ros2srrc_irb120_gazebo': CMAKE_PREFIX_PATH=/opt/ros/humble /usr/bin/cmake --install /home/ros2/dev_ws/build/ros2srrc_irb120_gazebo
[4.727s] -- Install configuration: ""
[4.727s] -- Execute custom install script
[4.727s] -- Symlinking: /home/ros2/dev_ws/install/ros2srrc_irb120_gazebo/share/ros2srrc_irb120_gazebo/config/configurations.yaml
[4.727s] -- Symlinking: /home/ros2/dev_ws/install/ros2srrc_irb120_gazebo/share/ros2srrc_irb120_gazebo/urdf/irb120.urdf.xacro
[4.727s] -- Symlinking: /home/ros2/dev_ws/install/ros2srrc_irb120_gazebo/share/ros2srrc_irb120_gazebo/urdf/irb120_egp64.urdf.xacro
[4.727s] -- Symlinking: /home/ros2/dev_ws/install/ros2srrc_irb120_gazebo/share/ros2srrc_irb120_gazebo/urdf/irb120_egp64v2.urdf.xacro
[4.727s] -- Symlinking: /home/ros2/dev_ws/install/ros2srrc_irb120_gazebo/share/ros2srrc_irb120_gazebo/urdf/irb120_ls_vgr.urdf.xacro
[4.728s] -- Symlinking: /home/ros2/dev_ws/install/ros2srrc_irb120_gazebo/share/ros2srrc_irb120_gazebo/worlds/ros2srrc_irb120.world
[4.728s] -- Symlinking: /home/ros2/dev_ws/install/ros2srrc_irb120_gazebo/share/ament_index/resource_index/package_run_dependencies/ros2srrc_irb120_gazebo
[4.729s] -- Symlinking: /home/ros2/dev_ws/install/ros2srrc_irb120_gazebo/share/ament_index/resource_index/parent_prefix_path/ros2srrc_irb120_gazebo
[4.729s] -- Symlinking: /home/ros2/dev_ws/install/ros2srrc_irb120_gazebo/share/ros2srrc_irb120_gazebo/environment/ament_prefix_path.sh
[4.729s] -- Symlinking: /home/ros2/dev_ws/install/ros2srrc_irb120_gazebo/share/ros2srrc_irb120_gazebo/environment/ament_prefix_path.dsv
[4.729s] -- Symlinking: /home/ros2/dev_ws/install/ros2srrc_irb120_gazebo/share/ros2srrc_irb120_gazebo/environment/path.sh
[4.737s] -- Symlinking: /home/ros2/dev_ws/install/ros2srrc_irb120_gazebo/share/ros2srrc_irb120_gazebo/environment/path.dsv
[4.737s] -- Symlinking: /home/ros2/dev_ws/install/ros2srrc_irb120_gazebo/share/ros2srrc_irb120_gazebo/local_setup.bash
[4.737s] -- Symlinking: /home/ros2/dev_ws/install/ros2srrc_irb120_gazebo/share/ros2srrc_irb120_gazebo/local_setup.sh
[4.737s] -- Symlinking: /home/ros2/dev_ws/install/ros2srrc_irb120_gazebo/share/ros2srrc_irb120_gazebo/local_setup.zsh
[4.737s] -- Symlinking: /home/ros2/dev_ws/install/ros2srrc_irb120_gazebo/share/ros2srrc_irb120_gazebo/local_setup.dsv
[4.738s] -- Symlinking: /home/ros2/dev_ws/install/ros2srrc_irb120_gazebo/share/ros2srrc_irb120_gazebo/package.dsv
[4.738s] -- Symlinking: /home/ros2/dev_ws/install/ros2srrc_irb120_gazebo/share/ament_index/resource_index/packages/ros2srrc_irb120_gazebo
[4.738s] -- Symlinking: /home/ros2/dev_ws/install/ros2srrc_irb120_gazebo/share/ros2srrc_irb120_gazebo/cmake/ros2srrc_irb120_gazeboConfig.cmake
[4.738s] -- Symlinking: /home/ros2/dev_ws/install/ros2srrc_irb120_gazebo/share/ros2srrc_irb120_gazebo/cmake/ros2srrc_irb120_gazeboConfig-version.cmake
[4.738s] -- Symlinking: /home/ros2/dev_ws/install/ros2srrc_irb120_gazebo/share/ros2srrc_irb120_gazebo/package.xml
[4.789s] Invoked command in '/home/ros2/dev_ws/build/ros2srrc_irb120_gazebo' returned '0': CMAKE_PREFIX_PATH=/opt/ros/humble /usr/bin/cmake --install /home/ros2/dev_ws/build/ros2srrc_irb120_gazebo
