[0.051s] Invoking command in '/home/ros2/dev_ws/build/linkattacher_msgs': CMAKE_PREFIX_PATH=${CMAKE_PREFIX_PATH}:/opt/ros/humble /usr/bin/cmake /home/ros2/dev_ws/src/IFRA_LinkAttacher/linkattacher_msgs -DAMENT_CMAKE_SYMLINK_INSTALL=1 -DCMAKE_INSTALL_PREFIX=/home/ros2/dev_ws/install/linkattacher_msgs
[0.152s] -- The C compiler identification is GNU 11.4.0
[0.240s] -- The CXX compiler identification is GNU 11.4.0
[0.248s] -- Detecting C compiler ABI info
[0.364s] -- Detecting C compiler ABI info - done
[0.374s] -- Check for working C compiler: /usr/bin/cc - skipped
[0.375s] -- Detecting C compile features
[0.375s] -- Detecting C compile features - done
[0.382s] -- Detecting CXX compiler ABI info
[0.509s] -- Detecting CXX compiler ABI info - done
[0.516s] -- Check for working CXX compiler: /usr/bin/c++ - skipped
[0.517s] -- Detecting CXX compile features
[0.518s] -- Detecting CXX compile features - done
[0.521s] -- Found ament_cmake: 1.3.11 (/opt/ros/humble/share/ament_cmake/cmake)
[0.754s] -- Found Python3: /usr/bin/python3 (found version "3.10.12") found components: Interpreter 
[0.865s] -- Override CMake install command with custom implementation using symlinks instead of copying resources
[0.896s] -- Found ament_lint_auto: 0.12.12 (/opt/ros/humble/share/ament_lint_auto/cmake)
[1.016s] -- Found rosidl_default_generators: 1.2.0 (/opt/ros/humble/share/rosidl_default_generators/cmake)
[1.026s] -- Using all available rosidl_typesupport_c: rosidl_typesupport_fastrtps_c;rosidl_typesupport_introspection_c
[1.032s] -- Found rosidl_adapter: 3.1.6 (/opt/ros/humble/share/rosidl_adapter/cmake)
[1.080s] -- Using all available rosidl_typesupport_cpp: rosidl_typesupport_fastrtps_cpp;rosidl_typesupport_introspection_cpp
[1.499s] -- Found ament_cmake_ros: 0.10.0 (/opt/ros/humble/share/ament_cmake_ros/cmake)
[1.987s] -- Using all available rosidl_typesupport_c: rosidl_typesupport_fastrtps_c;rosidl_typesupport_introspection_c
[2.649s] -- Using all available rosidl_typesupport_cpp: rosidl_typesupport_fastrtps_cpp;rosidl_typesupport_introspection_cpp
[2.714s] -- Found PythonInterp: /usr/bin/python3 (found suitable version "3.10.12", minimum required is "3.6") 
[2.716s] -- Found python_cmake_module: 0.10.0 (/opt/ros/humble/share/python_cmake_module/cmake)
[2.804s] -- Found PythonLibs: /usr/lib/x86_64-linux-gnu/libpython3.10.so (found suitable version "3.10.12", minimum required is "3.5") 
[2.804s] -- Using PYTHON_EXECUTABLE: /usr/bin/python3
[2.804s] -- Using PYTHON_INCLUDE_DIRS: /usr/include/python3.10
[2.804s] -- Using PYTHON_LIBRARIES: /usr/lib/x86_64-linux-gnu/libpython3.10.so
[2.833s] -- Found PythonExtra: .so  
[2.948s] -- Added test 'copyright' to check source files copyright and LICENSE
[2.948s] -- Added test 'lint_cmake' to check CMake code style
[2.950s] -- Added test 'xmllint' to check XML markup files
[2.970s] -- Configuring done
[3.042s] -- Generating done
[3.073s] -- Build files have been written to: /home/ros2/dev_ws/build/linkattacher_msgs
[3.156s] Invoked command in '/home/ros2/dev_ws/build/linkattacher_msgs' returned '0': CMAKE_PREFIX_PATH=${CMAKE_PREFIX_PATH}:/opt/ros/humble /usr/bin/cmake /home/ros2/dev_ws/src/IFRA_LinkAttacher/linkattacher_msgs -DAMENT_CMAKE_SYMLINK_INSTALL=1 -DCMAKE_INSTALL_PREFIX=/home/ros2/dev_ws/install/linkattacher_msgs
[3.161s] Invoking command in '/home/ros2/dev_ws/build/linkattacher_msgs': CMAKE_PREFIX_PATH=${CMAKE_PREFIX_PATH}:/opt/ros/humble /usr/bin/cmake --build /home/ros2/dev_ws/build/linkattacher_msgs -- -j16 -l16
[3.715s] [  2%] [34m[1mGenerating C code for ROS interfaces[0m
[3.715s] [  5%] [34m[1mGenerating C++ code for ROS interfaces[0m
[3.715s] [  5%] Built target ament_cmake_python_symlink_linkattacher_msgs
[4.056s] running egg_info
[4.057s] creating linkattacher_msgs.egg-info
[4.057s] writing linkattacher_msgs.egg-info/PKG-INFO
[4.058s] writing dependency_links to linkattacher_msgs.egg-info/dependency_links.txt
[4.062s] writing top-level names to linkattacher_msgs.egg-info/top_level.txt
[4.062s] writing manifest file 'linkattacher_msgs.egg-info/SOURCES.txt'
[4.063s] reading manifest file 'linkattacher_msgs.egg-info/SOURCES.txt'
[4.064s] writing manifest file 'linkattacher_msgs.egg-info/SOURCES.txt'
[4.136s] [ 10%] [32mBuilding C object CMakeFiles/linkattacher_msgs__rosidl_generator_c.dir/rosidl_generator_c/linkattacher_msgs/srv/detail/detach_link__functions.c.o[0m
[4.144s] [ 10%] [32mBuilding C object CMakeFiles/linkattacher_msgs__rosidl_generator_c.dir/rosidl_generator_c/linkattacher_msgs/srv/detail/attach_link__functions.c.o[0m
[4.196s] [ 10%] Built target ament_cmake_python_build_linkattacher_msgs_egg
[4.348s] [ 12%] [32m[1mLinking C shared library liblinkattacher_msgs__rosidl_generator_c.so[0m
[4.540s] [ 12%] Built target linkattacher_msgs__rosidl_generator_c
[4.598s] [ 15%] [34m[1mGenerating C type support dispatch for ROS interfaces[0m
[4.618s] [ 17%] [34m[1mGenerating C type support for eProsima Fast-RTPS[0m
[4.622s] [ 20%] [34m[1mGenerating C introspection for ROS interfaces[0m
[5.001s] [ 20%] Built target linkattacher_msgs__cpp
[5.048s] [ 23%] [34m[1mGenerating C++ introspection for ROS interfaces[0m
[5.055s] [ 25%] [34m[1mGenerating C++ type support dispatch for ROS interfaces[0m
[5.059s] [ 28%] [34m[1mGenerating C++ type support for eProsima Fast-RTPS[0m
[5.861s] [ 30%] [32mBuilding CXX object CMakeFiles/linkattacher_msgs__rosidl_typesupport_cpp.dir/rosidl_typesupport_cpp/linkattacher_msgs/srv/attach_link__type_support.cpp.o[0m
[5.868s] [ 33%] [32mBuilding CXX object CMakeFiles/linkattacher_msgs__rosidl_typesupport_cpp.dir/rosidl_typesupport_cpp/linkattacher_msgs/srv/detach_link__type_support.cpp.o[0m
[6.820s] [ 35%] [32mBuilding CXX object CMakeFiles/linkattacher_msgs__rosidl_typesupport_fastrtps_c.dir/rosidl_typesupport_fastrtps_c/linkattacher_msgs/srv/detail/attach_link__type_support_c.cpp.o[0m
[6.843s] [ 38%] [32mBuilding CXX object CMakeFiles/linkattacher_msgs__rosidl_typesupport_fastrtps_c.dir/rosidl_typesupport_fastrtps_c/linkattacher_msgs/srv/detail/detach_link__type_support_c.cpp.o[0m
[7.041s] [ 41%] [32mBuilding C object CMakeFiles/linkattacher_msgs__rosidl_typesupport_introspection_c.dir/rosidl_typesupport_introspection_c/linkattacher_msgs/srv/detail/attach_link__type_support.c.o[0m
[7.048s] [ 43%] [32mBuilding C object CMakeFiles/linkattacher_msgs__rosidl_typesupport_introspection_c.dir/rosidl_typesupport_introspection_c/linkattacher_msgs/srv/detail/detach_link__type_support.c.o[0m
[7.135s] [ 46%] [32mBuilding CXX object CMakeFiles/linkattacher_msgs__rosidl_typesupport_introspection_cpp.dir/rosidl_typesupport_introspection_cpp/linkattacher_msgs/srv/detail/attach_link__type_support.cpp.o[0m
[7.150s] [ 48%] [32mBuilding CXX object CMakeFiles/linkattacher_msgs__rosidl_typesupport_introspection_cpp.dir/rosidl_typesupport_introspection_cpp/linkattacher_msgs/srv/detail/detach_link__type_support.cpp.o[0m
[7.163s] [ 51%] [32mBuilding CXX object CMakeFiles/linkattacher_msgs__rosidl_typesupport_c.dir/rosidl_typesupport_c/linkattacher_msgs/srv/attach_link__type_support.cpp.o[0m
[7.170s] [ 53%] [32mBuilding CXX object CMakeFiles/linkattacher_msgs__rosidl_typesupport_c.dir/rosidl_typesupport_c/linkattacher_msgs/srv/detach_link__type_support.cpp.o[0m
[7.200s] [ 56%] [32m[1mLinking C shared library liblinkattacher_msgs__rosidl_typesupport_introspection_c.so[0m
[7.383s] [ 58%] [32m[1mLinking CXX shared library liblinkattacher_msgs__rosidl_typesupport_c.so[0m
[7.386s] [ 58%] Built target linkattacher_msgs__rosidl_typesupport_introspection_c
[7.521s] [ 58%] Built target linkattacher_msgs__rosidl_typesupport_c
[7.535s] [ 61%] [32m[1mLinking CXX shared library liblinkattacher_msgs__rosidl_typesupport_cpp.so[0m
[7.801s] [ 61%] Built target linkattacher_msgs__rosidl_typesupport_cpp
[8.095s] [ 64%] [32mBuilding CXX object CMakeFiles/linkattacher_msgs__rosidl_typesupport_fastrtps_cpp.dir/rosidl_typesupport_fastrtps_cpp/linkattacher_msgs/srv/detail/dds_fastrtps/detach_link__type_support.cpp.o[0m
[8.108s] [ 66%] [32mBuilding CXX object CMakeFiles/linkattacher_msgs__rosidl_typesupport_fastrtps_cpp.dir/rosidl_typesupport_fastrtps_cpp/linkattacher_msgs/srv/detail/dds_fastrtps/attach_link__type_support.cpp.o[0m
[8.867s] [ 69%] [32m[1mLinking CXX shared library liblinkattacher_msgs__rosidl_typesupport_fastrtps_c.so[0m
[8.965s] [ 71%] [32m[1mLinking CXX shared library liblinkattacher_msgs__rosidl_typesupport_introspection_cpp.so[0m
[9.134s] [ 71%] Built target linkattacher_msgs__rosidl_typesupport_fastrtps_c
[9.300s] [ 71%] Built target linkattacher_msgs__rosidl_typesupport_introspection_cpp
[9.629s] [ 74%] [32m[1mLinking CXX shared library liblinkattacher_msgs__rosidl_typesupport_fastrtps_cpp.so[0m
[10.013s] [ 74%] Built target linkattacher_msgs__rosidl_typesupport_fastrtps_cpp
[10.098s] [ 74%] Built target linkattacher_msgs
[10.159s] [ 76%] [34m[1mGenerating Python code for ROS interfaces[0m
[13.230s] [ 76%] Built target linkattacher_msgs__py
[13.309s] [ 79%] [32mBuilding C object CMakeFiles/linkattacher_msgs__rosidl_generator_py.dir/rosidl_generator_py/linkattacher_msgs/srv/_attach_link_s.c.o[0m
[13.356s] [ 82%] [32mBuilding C object CMakeFiles/linkattacher_msgs__rosidl_generator_py.dir/rosidl_generator_py/linkattacher_msgs/srv/_detach_link_s.c.o[0m
[13.680s] [ 84%] [32m[1mLinking C shared library rosidl_generator_py/linkattacher_msgs/liblinkattacher_msgs__rosidl_generator_py.so[0m
[13.792s] [ 84%] Built target linkattacher_msgs__rosidl_generator_py
[13.857s] [ 87%] [32mBuilding C object CMakeFiles/linkattacher_msgs__rosidl_typesupport_introspection_c__pyext.dir/rosidl_generator_py/linkattacher_msgs/_linkattacher_msgs_s.ep.rosidl_typesupport_introspection_c.c.o[0m
[13.863s] [ 89%] [32mBuilding C object CMakeFiles/linkattacher_msgs__rosidl_typesupport_c__pyext.dir/rosidl_generator_py/linkattacher_msgs/_linkattacher_msgs_s.ep.rosidl_typesupport_c.c.o[0m
[13.888s] [ 92%] [32mBuilding C object CMakeFiles/linkattacher_msgs__rosidl_typesupport_fastrtps_c__pyext.dir/rosidl_generator_py/linkattacher_msgs/_linkattacher_msgs_s.ep.rosidl_typesupport_fastrtps_c.c.o[0m
[14.076s] [ 94%] [32m[1mLinking C shared library rosidl_generator_py/linkattacher_msgs/linkattacher_msgs_s__rosidl_typesupport_c.cpython-310-x86_64-linux-gnu.so[0m
[14.085s] [ 97%] [32m[1mLinking C shared library rosidl_generator_py/linkattacher_msgs/linkattacher_msgs_s__rosidl_typesupport_fastrtps_c.cpython-310-x86_64-linux-gnu.so[0m
[14.198s] [ 97%] Built target linkattacher_msgs__rosidl_typesupport_c__pyext
[14.212s] [100%] [32m[1mLinking C shared library rosidl_generator_py/linkattacher_msgs/linkattacher_msgs_s__rosidl_typesupport_introspection_c.cpython-310-x86_64-linux-gnu.so[0m
[14.245s] [100%] Built target linkattacher_msgs__rosidl_typesupport_fastrtps_c__pyext
[14.313s] [100%] Built target linkattacher_msgs__rosidl_typesupport_introspection_c__pyext
[14.463s] Invoked command in '/home/ros2/dev_ws/build/linkattacher_msgs' returned '0': CMAKE_PREFIX_PATH=${CMAKE_PREFIX_PATH}:/opt/ros/humble /usr/bin/cmake --build /home/ros2/dev_ws/build/linkattacher_msgs -- -j16 -l16
[14.464s] Invoking command in '/home/ros2/dev_ws/build/linkattacher_msgs': CMAKE_PREFIX_PATH=${CMAKE_PREFIX_PATH}:/opt/ros/humble /usr/bin/cmake --install /home/ros2/dev_ws/build/linkattacher_msgs
[15.617s] -- Install configuration: ""
[15.618s] -- Execute custom install script
[15.618s] -- Symlinking: /home/ros2/dev_ws/install/linkattacher_msgs/share/linkattacher_msgs/srv/AttachLink.srv
[15.618s] -- Symlinking: /home/ros2/dev_ws/install/linkattacher_msgs/share/linkattacher_msgs/srv/DetachLink.srv
[15.618s] -- Symlinking: /home/ros2/dev_ws/install/linkattacher_msgs/share/ament_index/resource_index/rosidl_interfaces/linkattacher_msgs
[15.618s] -- Symlinking: /home/ros2/dev_ws/install/linkattacher_msgs/include/linkattacher_msgs/linkattacher_msgs/msg/rosidl_generator_c__visibility_control.h
[15.636s] -- Symlinking: /home/ros2/dev_ws/install/linkattacher_msgs/include/linkattacher_msgs/linkattacher_msgs/srv/attach_link.h
[15.636s] -- Symlinking: /home/ros2/dev_ws/install/linkattacher_msgs/include/linkattacher_msgs/linkattacher_msgs/srv/detach_link.h
[15.636s] -- Symlinking: /home/ros2/dev_ws/install/linkattacher_msgs/include/linkattacher_msgs/linkattacher_msgs/srv/detail/attach_link__functions.h
[15.636s] -- Symlinking: /home/ros2/dev_ws/install/linkattacher_msgs/include/linkattacher_msgs/linkattacher_msgs/srv/detail/attach_link__struct.h
[15.636s] -- Symlinking: /home/ros2/dev_ws/install/linkattacher_msgs/include/linkattacher_msgs/linkattacher_msgs/srv/detail/attach_link__type_support.h
[15.636s] -- Symlinking: /home/ros2/dev_ws/install/linkattacher_msgs/include/linkattacher_msgs/linkattacher_msgs/srv/detail/detach_link__functions.h
[15.636s] -- Symlinking: /home/ros2/dev_ws/install/linkattacher_msgs/include/linkattacher_msgs/linkattacher_msgs/srv/detail/detach_link__struct.h
[15.636s] -- Symlinking: /home/ros2/dev_ws/install/linkattacher_msgs/include/linkattacher_msgs/linkattacher_msgs/srv/detail/detach_link__type_support.h
[15.636s] -- Symlinking: /home/ros2/dev_ws/install/linkattacher_msgs/share/linkattacher_msgs/environment/library_path.sh
[15.636s] -- Symlinking: /home/ros2/dev_ws/install/linkattacher_msgs/share/linkattacher_msgs/environment/library_path.dsv
[15.637s] -- Symlinking: /home/ros2/dev_ws/install/linkattacher_msgs/include/linkattacher_msgs/linkattacher_msgs/msg/rosidl_typesupport_fastrtps_c__visibility_control.h
[15.637s] -- Symlinking: /home/ros2/dev_ws/install/linkattacher_msgs/include/linkattacher_msgs/linkattacher_msgs/srv/detail/attach_link__rosidl_typesupport_fastrtps_c.h
[15.637s] -- Symlinking: /home/ros2/dev_ws/install/linkattacher_msgs/include/linkattacher_msgs/linkattacher_msgs/srv/detail/detach_link__rosidl_typesupport_fastrtps_c.h
[15.637s] -- Symlinking: /home/ros2/dev_ws/install/linkattacher_msgs/include/linkattacher_msgs/linkattacher_msgs/msg/rosidl_typesupport_introspection_c__visibility_control.h
[15.637s] -- Symlinking: /home/ros2/dev_ws/install/linkattacher_msgs/include/linkattacher_msgs/linkattacher_msgs/srv/detail/attach_link__rosidl_typesupport_introspection_c.h
[15.637s] -- Symlinking: /home/ros2/dev_ws/install/linkattacher_msgs/include/linkattacher_msgs/linkattacher_msgs/srv/detail/detach_link__rosidl_typesupport_introspection_c.h
[15.637s] -- Symlinking: /home/ros2/dev_ws/install/linkattacher_msgs/include/linkattacher_msgs/linkattacher_msgs/msg/rosidl_generator_cpp__visibility_control.hpp
[15.637s] -- Symlinking: /home/ros2/dev_ws/install/linkattacher_msgs/include/linkattacher_msgs/linkattacher_msgs/srv/attach_link.hpp
[15.637s] -- Symlinking: /home/ros2/dev_ws/install/linkattacher_msgs/include/linkattacher_msgs/linkattacher_msgs/srv/detach_link.hpp
[15.637s] -- Symlinking: /home/ros2/dev_ws/install/linkattacher_msgs/include/linkattacher_msgs/linkattacher_msgs/srv/detail/attach_link__builder.hpp
[15.637s] -- Symlinking: /home/ros2/dev_ws/install/linkattacher_msgs/include/linkattacher_msgs/linkattacher_msgs/srv/detail/attach_link__struct.hpp
[15.637s] -- Symlinking: /home/ros2/dev_ws/install/linkattacher_msgs/include/linkattacher_msgs/linkattacher_msgs/srv/detail/attach_link__traits.hpp
[15.637s] -- Symlinking: /home/ros2/dev_ws/install/linkattacher_msgs/include/linkattacher_msgs/linkattacher_msgs/srv/detail/attach_link__type_support.hpp
[15.638s] -- Symlinking: /home/ros2/dev_ws/install/linkattacher_msgs/include/linkattacher_msgs/linkattacher_msgs/srv/detail/detach_link__builder.hpp
[15.669s] -- Symlinking: /home/ros2/dev_ws/install/linkattacher_msgs/include/linkattacher_msgs/linkattacher_msgs/srv/detail/detach_link__struct.hpp
[15.708s] -- Symlinking: /home/ros2/dev_ws/install/linkattacher_msgs/include/linkattacher_msgs/linkattacher_msgs/srv/detail/detach_link__traits.hpp
[15.739s] -- Symlinking: /home/ros2/dev_ws/install/linkattacher_msgs/include/linkattacher_msgs/linkattacher_msgs/srv/detail/detach_link__type_support.hpp
[15.769s] -- Symlinking: /home/ros2/dev_ws/install/linkattacher_msgs/include/linkattacher_msgs/linkattacher_msgs/msg/rosidl_typesupport_fastrtps_cpp__visibility_control.h
[15.797s] -- Symlinking: /home/ros2/dev_ws/install/linkattacher_msgs/include/linkattacher_msgs/linkattacher_msgs/srv/detail/attach_link__rosidl_typesupport_fastrtps_cpp.hpp
[15.820s] -- Symlinking: /home/ros2/dev_ws/install/linkattacher_msgs/include/linkattacher_msgs/linkattacher_msgs/srv/detail/detach_link__rosidl_typesupport_fastrtps_cpp.hpp
[15.853s] -- Symlinking: /home/ros2/dev_ws/install/linkattacher_msgs/include/linkattacher_msgs/linkattacher_msgs/srv/detail/attach_link__rosidl_typesupport_introspection_cpp.hpp
[15.882s] -- Symlinking: /home/ros2/dev_ws/install/linkattacher_msgs/include/linkattacher_msgs/linkattacher_msgs/srv/detail/detach_link__rosidl_typesupport_introspection_cpp.hpp
[15.904s] -- Symlinking: /home/ros2/dev_ws/install/linkattacher_msgs/share/linkattacher_msgs/environment/pythonpath.sh
[15.926s] -- Symlinking: /home/ros2/dev_ws/install/linkattacher_msgs/share/linkattacher_msgs/environment/pythonpath.dsv
[15.958s] -- Symlinking: /home/ros2/dev_ws/install/linkattacher_msgs/local/lib/python3.10/dist-packages/linkattacher_msgs-0.0.0-py3.10.egg-info/PKG-INFO
[15.999s] -- Symlinking: /home/ros2/dev_ws/install/linkattacher_msgs/local/lib/python3.10/dist-packages/linkattacher_msgs-0.0.0-py3.10.egg-info/SOURCES.txt
[16.070s] -- Symlinking: /home/ros2/dev_ws/install/linkattacher_msgs/local/lib/python3.10/dist-packages/linkattacher_msgs-0.0.0-py3.10.egg-info/dependency_links.txt
[16.099s] -- Symlinking: /home/ros2/dev_ws/install/linkattacher_msgs/local/lib/python3.10/dist-packages/linkattacher_msgs-0.0.0-py3.10.egg-info/top_level.txt
[16.137s] -- Symlinking: /home/ros2/dev_ws/install/linkattacher_msgs/local/lib/python3.10/dist-packages/linkattacher_msgs/__init__.py
[16.165s] -- Symlinking: /home/ros2/dev_ws/install/linkattacher_msgs/local/lib/python3.10/dist-packages/linkattacher_msgs/_linkattacher_msgs_s.ep.rosidl_typesupport_c.c
[16.238s] -- Symlinking: /home/ros2/dev_ws/install/linkattacher_msgs/local/lib/python3.10/dist-packages/linkattacher_msgs/_linkattacher_msgs_s.ep.rosidl_typesupport_fastrtps_c.c
[16.264s] -- Symlinking: /home/ros2/dev_ws/install/linkattacher_msgs/local/lib/python3.10/dist-packages/linkattacher_msgs/_linkattacher_msgs_s.ep.rosidl_typesupport_introspection_c.c
[16.301s] -- Symlinking: /home/ros2/dev_ws/install/linkattacher_msgs/local/lib/python3.10/dist-packages/linkattacher_msgs/liblinkattacher_msgs__rosidl_generator_py.so
[16.328s] -- Symlinking: /home/ros2/dev_ws/install/linkattacher_msgs/local/lib/python3.10/dist-packages/linkattacher_msgs/linkattacher_msgs_s__rosidl_typesupport_c.cpython-310-x86_64-linux-gnu.so
[16.359s] -- Symlinking: /home/ros2/dev_ws/install/linkattacher_msgs/local/lib/python3.10/dist-packages/linkattacher_msgs/linkattacher_msgs_s__rosidl_typesupport_fastrtps_c.cpython-310-x86_64-linux-gnu.so
[16.392s] -- Symlinking: /home/ros2/dev_ws/install/linkattacher_msgs/local/lib/python3.10/dist-packages/linkattacher_msgs/linkattacher_msgs_s__rosidl_typesupport_introspection_c.cpython-310-x86_64-linux-gnu.so
[16.421s] -- Symlinking: /home/ros2/dev_ws/install/linkattacher_msgs/local/lib/python3.10/dist-packages/linkattacher_msgs/srv/__init__.py
[16.468s] -- Symlinking: /home/ros2/dev_ws/install/linkattacher_msgs/local/lib/python3.10/dist-packages/linkattacher_msgs/srv/_attach_link.py
[16.522s] -- Symlinking: /home/ros2/dev_ws/install/linkattacher_msgs/local/lib/python3.10/dist-packages/linkattacher_msgs/srv/_attach_link_s.c
[16.544s] -- Symlinking: /home/ros2/dev_ws/install/linkattacher_msgs/local/lib/python3.10/dist-packages/linkattacher_msgs/srv/_detach_link.py
[16.572s] -- Symlinking: /home/ros2/dev_ws/install/linkattacher_msgs/local/lib/python3.10/dist-packages/linkattacher_msgs/srv/_detach_link_s.c
[16.602s] -- Up-to-date symlink: /home/ros2/dev_ws/install/linkattacher_msgs/local/lib/python3.10/dist-packages/linkattacher_msgs/linkattacher_msgs_s__rosidl_typesupport_fastrtps_c.cpython-310-x86_64-linux-gnu.so
[16.602s] -- Up-to-date symlink: /home/ros2/dev_ws/install/linkattacher_msgs/local/lib/python3.10/dist-packages/linkattacher_msgs/linkattacher_msgs_s__rosidl_typesupport_introspection_c.cpython-310-x86_64-linux-gnu.so
[16.602s] -- Up-to-date symlink: /home/ros2/dev_ws/install/linkattacher_msgs/local/lib/python3.10/dist-packages/linkattacher_msgs/linkattacher_msgs_s__rosidl_typesupport_c.cpython-310-x86_64-linux-gnu.so
[16.603s] -- Symlinking: /home/ros2/dev_ws/install/linkattacher_msgs/share/linkattacher_msgs/srv/AttachLink.idl
[16.636s] -- Symlinking: /home/ros2/dev_ws/install/linkattacher_msgs/share/linkattacher_msgs/srv/DetachLink.idl
[16.671s] -- Up-to-date symlink: /home/ros2/dev_ws/install/linkattacher_msgs/share/linkattacher_msgs/srv/AttachLink.srv
[16.671s] -- Symlinking: /home/ros2/dev_ws/install/linkattacher_msgs/share/linkattacher_msgs/srv/AttachLink_Request.msg
[16.710s] -- Symlinking: /home/ros2/dev_ws/install/linkattacher_msgs/share/linkattacher_msgs/srv/AttachLink_Response.msg
[16.730s] -- Up-to-date symlink: /home/ros2/dev_ws/install/linkattacher_msgs/share/linkattacher_msgs/srv/DetachLink.srv
[16.730s] -- Symlinking: /home/ros2/dev_ws/install/linkattacher_msgs/share/linkattacher_msgs/srv/DetachLink_Request.msg
[16.758s] -- Symlinking: /home/ros2/dev_ws/install/linkattacher_msgs/share/linkattacher_msgs/srv/DetachLink_Response.msg
[16.806s] -- Symlinking: /home/ros2/dev_ws/install/linkattacher_msgs/share/ament_index/resource_index/package_run_dependencies/linkattacher_msgs
[16.828s] -- Symlinking: /home/ros2/dev_ws/install/linkattacher_msgs/share/ament_index/resource_index/parent_prefix_path/linkattacher_msgs
[16.890s] -- Symlinking: /home/ros2/dev_ws/install/linkattacher_msgs/share/linkattacher_msgs/environment/ament_prefix_path.sh
[16.911s] -- Symlinking: /home/ros2/dev_ws/install/linkattacher_msgs/share/linkattacher_msgs/environment/ament_prefix_path.dsv
[16.950s] -- Symlinking: /home/ros2/dev_ws/install/linkattacher_msgs/share/linkattacher_msgs/environment/path.sh
[16.995s] -- Symlinking: /home/ros2/dev_ws/install/linkattacher_msgs/share/linkattacher_msgs/environment/path.dsv
[17.046s] -- Symlinking: /home/ros2/dev_ws/install/linkattacher_msgs/share/linkattacher_msgs/local_setup.bash
[17.102s] -- Symlinking: /home/ros2/dev_ws/install/linkattacher_msgs/share/linkattacher_msgs/local_setup.sh
[17.163s] -- Symlinking: /home/ros2/dev_ws/install/linkattacher_msgs/share/linkattacher_msgs/local_setup.zsh
[17.193s] -- Symlinking: /home/ros2/dev_ws/install/linkattacher_msgs/share/linkattacher_msgs/local_setup.dsv
[17.220s] -- Symlinking: /home/ros2/dev_ws/install/linkattacher_msgs/share/linkattacher_msgs/package.dsv
[17.245s] -- Symlinking: /home/ros2/dev_ws/install/linkattacher_msgs/share/ament_index/resource_index/packages/linkattacher_msgs
[17.271s] -- Symlinking: /home/ros2/dev_ws/install/linkattacher_msgs/share/linkattacher_msgs/cmake/rosidl_cmake-extras.cmake
[17.302s] -- Symlinking: /home/ros2/dev_ws/install/linkattacher_msgs/share/linkattacher_msgs/cmake/ament_cmake_export_include_directories-extras.cmake
[17.333s] -- Symlinking: /home/ros2/dev_ws/install/linkattacher_msgs/share/linkattacher_msgs/cmake/ament_cmake_export_libraries-extras.cmake
[17.355s] -- Symlinking: /home/ros2/dev_ws/install/linkattacher_msgs/share/linkattacher_msgs/cmake/ament_cmake_export_targets-extras.cmake
[17.389s] -- Symlinking: /home/ros2/dev_ws/install/linkattacher_msgs/share/linkattacher_msgs/cmake/rosidl_cmake_export_typesupport_targets-extras.cmake
[17.421s] -- Symlinking: /home/ros2/dev_ws/install/linkattacher_msgs/share/linkattacher_msgs/cmake/ament_cmake_export_dependencies-extras.cmake
[17.452s] -- Symlinking: /home/ros2/dev_ws/install/linkattacher_msgs/share/linkattacher_msgs/cmake/rosidl_cmake_export_typesupport_libraries-extras.cmake
[17.494s] -- Symlinking: /home/ros2/dev_ws/install/linkattacher_msgs/share/linkattacher_msgs/cmake/linkattacher_msgsConfig.cmake
[17.530s] -- Symlinking: /home/ros2/dev_ws/install/linkattacher_msgs/share/linkattacher_msgs/cmake/linkattacher_msgsConfig-version.cmake
[17.577s] -- Symlinking: /home/ros2/dev_ws/install/linkattacher_msgs/share/linkattacher_msgs/package.xml
[17.628s] -- Installing: /home/ros2/dev_ws/install/linkattacher_msgs/lib/liblinkattacher_msgs__rosidl_generator_c.so
[17.628s] -- Set runtime path of "/home/ros2/dev_ws/install/linkattacher_msgs/lib/liblinkattacher_msgs__rosidl_generator_c.so" to ""
[17.632s] -- Installing: /home/ros2/dev_ws/install/linkattacher_msgs/lib/liblinkattacher_msgs__rosidl_typesupport_fastrtps_c.so
[17.632s] -- Set runtime path of "/home/ros2/dev_ws/install/linkattacher_msgs/lib/liblinkattacher_msgs__rosidl_typesupport_fastrtps_c.so" to ""
[17.632s] -- Installing: /home/ros2/dev_ws/install/linkattacher_msgs/lib/liblinkattacher_msgs__rosidl_typesupport_introspection_c.so
[17.632s] -- Set runtime path of "/home/ros2/dev_ws/install/linkattacher_msgs/lib/liblinkattacher_msgs__rosidl_typesupport_introspection_c.so" to ""
[17.632s] -- Installing: /home/ros2/dev_ws/install/linkattacher_msgs/lib/liblinkattacher_msgs__rosidl_typesupport_c.so
[17.633s] -- Set runtime path of "/home/ros2/dev_ws/install/linkattacher_msgs/lib/liblinkattacher_msgs__rosidl_typesupport_c.so" to ""
[17.633s] -- Installing: /home/ros2/dev_ws/install/linkattacher_msgs/lib/liblinkattacher_msgs__rosidl_typesupport_fastrtps_cpp.so
[17.633s] -- Set runtime path of "/home/ros2/dev_ws/install/linkattacher_msgs/lib/liblinkattacher_msgs__rosidl_typesupport_fastrtps_cpp.so" to ""
[17.633s] -- Installing: /home/ros2/dev_ws/install/linkattacher_msgs/lib/liblinkattacher_msgs__rosidl_typesupport_introspection_cpp.so
[17.633s] -- Set runtime path of "/home/ros2/dev_ws/install/linkattacher_msgs/lib/liblinkattacher_msgs__rosidl_typesupport_introspection_cpp.so" to ""
[17.633s] -- Installing: /home/ros2/dev_ws/install/linkattacher_msgs/lib/liblinkattacher_msgs__rosidl_typesupport_cpp.so
[17.635s] -- Set runtime path of "/home/ros2/dev_ws/install/linkattacher_msgs/lib/liblinkattacher_msgs__rosidl_typesupport_cpp.so" to ""
[17.760s] Listing '/home/ros2/dev_ws/install/linkattacher_msgs/local/lib/python3.10/dist-packages/linkattacher_msgs'...
[17.760s] Compiling '/home/ros2/dev_ws/install/linkattacher_msgs/local/lib/python3.10/dist-packages/linkattacher_msgs/__init__.py'...
[17.761s] Listing '/home/ros2/dev_ws/install/linkattacher_msgs/local/lib/python3.10/dist-packages/linkattacher_msgs/srv'...
[17.761s] Compiling '/home/ros2/dev_ws/install/linkattacher_msgs/local/lib/python3.10/dist-packages/linkattacher_msgs/srv/__init__.py'...
[17.761s] Compiling '/home/ros2/dev_ws/install/linkattacher_msgs/local/lib/python3.10/dist-packages/linkattacher_msgs/srv/_attach_link.py'...
[17.761s] Compiling '/home/ros2/dev_ws/install/linkattacher_msgs/local/lib/python3.10/dist-packages/linkattacher_msgs/srv/_detach_link.py'...
[17.764s] -- Installing: /home/ros2/dev_ws/install/linkattacher_msgs/lib/liblinkattacher_msgs__rosidl_generator_py.so
[17.765s] -- Set runtime path of "/home/ros2/dev_ws/install/linkattacher_msgs/lib/liblinkattacher_msgs__rosidl_generator_py.so" to ""
[17.766s] -- Installing: /home/ros2/dev_ws/install/linkattacher_msgs/share/linkattacher_msgs/cmake/export_linkattacher_msgs__rosidl_generator_cExport.cmake
[17.766s] -- Installing: /home/ros2/dev_ws/install/linkattacher_msgs/share/linkattacher_msgs/cmake/export_linkattacher_msgs__rosidl_generator_cExport-noconfig.cmake
[17.766s] -- Installing: /home/ros2/dev_ws/install/linkattacher_msgs/share/linkattacher_msgs/cmake/export_linkattacher_msgs__rosidl_typesupport_fastrtps_cExport.cmake
[17.770s] -- Installing: /home/ros2/dev_ws/install/linkattacher_msgs/share/linkattacher_msgs/cmake/export_linkattacher_msgs__rosidl_typesupport_fastrtps_cExport-noconfig.cmake
[17.770s] -- Installing: /home/ros2/dev_ws/install/linkattacher_msgs/share/linkattacher_msgs/cmake/linkattacher_msgs__rosidl_typesupport_introspection_cExport.cmake
[17.770s] -- Installing: /home/ros2/dev_ws/install/linkattacher_msgs/share/linkattacher_msgs/cmake/linkattacher_msgs__rosidl_typesupport_introspection_cExport-noconfig.cmake
[17.770s] -- Installing: /home/ros2/dev_ws/install/linkattacher_msgs/share/linkattacher_msgs/cmake/linkattacher_msgs__rosidl_typesupport_cExport.cmake
[17.770s] -- Installing: /home/ros2/dev_ws/install/linkattacher_msgs/share/linkattacher_msgs/cmake/linkattacher_msgs__rosidl_typesupport_cExport-noconfig.cmake
[17.770s] -- Installing: /home/ros2/dev_ws/install/linkattacher_msgs/share/linkattacher_msgs/cmake/export_linkattacher_msgs__rosidl_generator_cppExport.cmake
[17.770s] -- Installing: /home/ros2/dev_ws/install/linkattacher_msgs/share/linkattacher_msgs/cmake/export_linkattacher_msgs__rosidl_typesupport_fastrtps_cppExport.cmake
[17.770s] -- Installing: /home/ros2/dev_ws/install/linkattacher_msgs/share/linkattacher_msgs/cmake/export_linkattacher_msgs__rosidl_typesupport_fastrtps_cppExport-noconfig.cmake
[17.771s] -- Installing: /home/ros2/dev_ws/install/linkattacher_msgs/share/linkattacher_msgs/cmake/linkattacher_msgs__rosidl_typesupport_introspection_cppExport.cmake
[17.771s] -- Installing: /home/ros2/dev_ws/install/linkattacher_msgs/share/linkattacher_msgs/cmake/linkattacher_msgs__rosidl_typesupport_introspection_cppExport-noconfig.cmake
[17.771s] -- Installing: /home/ros2/dev_ws/install/linkattacher_msgs/share/linkattacher_msgs/cmake/linkattacher_msgs__rosidl_typesupport_cppExport.cmake
[17.771s] -- Installing: /home/ros2/dev_ws/install/linkattacher_msgs/share/linkattacher_msgs/cmake/linkattacher_msgs__rosidl_typesupport_cppExport-noconfig.cmake
[17.771s] -- Installing: /home/ros2/dev_ws/install/linkattacher_msgs/share/linkattacher_msgs/cmake/export_linkattacher_msgs__rosidl_generator_pyExport.cmake
[17.771s] -- Installing: /home/ros2/dev_ws/install/linkattacher_msgs/share/linkattacher_msgs/cmake/export_linkattacher_msgs__rosidl_generator_pyExport-noconfig.cmake
[17.792s] Invoked command in '/home/ros2/dev_ws/build/linkattacher_msgs' returned '0': CMAKE_PREFIX_PATH=${CMAKE_PREFIX_PATH}:/opt/ros/humble /usr/bin/cmake --install /home/ros2/dev_ws/build/linkattacher_msgs
