[0.014s] Invoking command in '/home/ros2/dev_ws/build/gazebo_ros2_control_demos': CMAKE_PREFIX_PATH=/home/ros2/dev_ws/install/gazebo_ros2_control:/home/ros2/dev_ws/install/my_package:/home/ros2/dev_ws/install/ros2srrc_ur5e_moveit2:/home/ros2/dev_ws/install/ros2srrc_ur5e_gazebo:/home/ros2/dev_ws/install/ros2srrc_ur5_moveit2:/home/ros2/dev_ws/install/ros2srrc_ur5_gazebo:/home/ros2/dev_ws/install/ros2srrc_ur3e_moveit2:/home/ros2/dev_ws/install/ros2srrc_ur3e_gazebo:/home/ros2/dev_ws/install/ros2srrc_ur3_moveit2:/home/ros2/dev_ws/install/ros2srrc_ur3_gazebo:/home/ros2/dev_ws/install/ros2srrc_ur20_moveit2:/home/ros2/dev_ws/install/ros2srrc_ur20_gazebo:/home/ros2/dev_ws/install/ros2srrc_ur16e_moveit2:/home/ros2/dev_ws/install/ros2srrc_ur16e_gazebo:/home/ros2/dev_ws/install/ros2srrc_ur10e_moveit2:/home/ros2/dev_ws/install/ros2srrc_ur10e_gazebo:/home/ros2/dev_ws/install/ros2srrc_ur10_moveit2:/home/ros2/dev_ws/install/ros2srrc_ur10_gazebo:/home/ros2/dev_ws/install/ros2srrc_rx160_moveit2:/home/ros2/dev_ws/install/ros2srrc_rx160_gazebo:/home/ros2/dev_ws/install/ros2srrc_robots:/home/ros2/dev_ws/install/ros2srrc_launch:/home/ros2/dev_ws/install/ros2srrc_irb6640_moveit2:/home/ros2/dev_ws/install/ros2srrc_irb6640_gazebo:/home/ros2/dev_ws/install/ros2srrc_irb1600_moveit2:/home/ros2/dev_ws/install/ros2srrc_irb1600_gazebo:/home/ros2/dev_ws/install/ros2srrc_irb120_moveit2:/home/ros2/dev_ws/install/ros2srrc_irb120_gazebo:/home/ros2/dev_ws/install/ros2srrc_irb1200_moveit2:/home/ros2/dev_ws/install/ros2srrc_irb1200_gazebo:/home/ros2/dev_ws/install/ros2srrc_iiwa_moveit2:/home/ros2/dev_ws/install/ros2srrc_iiwa_gazebo:/home/ros2/dev_ws/install/ros2srrc_execution:/home/ros2/dev_ws/install/ros2srrc_endeffectors:/home/ros2/dev_ws/install/ros2srrc_data:/home/ros2/dev_ws/install/ros2_robotiqgripper:/home/ros2/dev_ws/install/ros2_objectpose:/home/ros2/dev_ws/install/ros2_linkpose:/home/ros2/dev_ws/install/ros2_linkattacher:/home/ros2/dev_ws/install/objectpose_msgs:/home/ros2/dev_ws/install/objectpose_gazebo:/home/ros2/dev_ws/install/linkpose_msgs:/home/ros2/dev_ws/install/linkpose_gazebo:/home/ros2/dev_ws/install/linkattacher_msgs:/home/ros2/dev_ws/install/gazebo_ros2_control_demos:/home/ros2/dev_ws/install/abb_rws_client:/home/ros2/dev_ws/install/abb_ros2:/home/ros2/dev_ws/install/abb_robot_msgs:/home/ros2/dev_ws/install/abb_resources:/home/ros2/dev_ws/install/abb_rapid_sm_addin_msgs:/home/ros2/dev_ws/install/abb_rapid_msgs:/home/ros2/dev_ws/install/abb_hardware_interface:/home/ros2/dev_ws/install/abb_egm_rws_managers:/home/ros2/dev_ws/install/abb_librws:/home/ros2/dev_ws/install/abb_libegm:/home/ros2/dev_ws/install/abb_irb4600_support:/home/ros2/dev_ws/install/abb_irb1200_5_90_moveit_config:/home/ros2/dev_ws/install/abb_irb1200_support:/home/ros2/dev_ws/install/abb_egm_msgs:/home/ros2/dev_ws/install/abb_bringup:/opt/ros/humble LD_LIBRARY_PATH=/home/ros2/dev_ws/install/gazebo_ros2_control/lib:/home/ros2/dev_ws/install/ros2srrc_data/lib:/home/ros2/dev_ws/install/ros2_robotiqgripper/lib:/home/ros2/dev_ws/install/ros2_objectpose/lib:/home/ros2/dev_ws/install/ros2_linkpose/lib:/home/ros2/dev_ws/install/ros2_linkattacher/lib:/home/ros2/dev_ws/install/objectpose_msgs/lib:/home/ros2/dev_ws/install/linkpose_msgs/lib:/home/ros2/dev_ws/install/linkattacher_msgs/lib:/home/ros2/dev_ws/install/abb_robot_msgs/lib:/home/ros2/dev_ws/install/abb_rapid_sm_addin_msgs/lib:/home/ros2/dev_ws/install/abb_rapid_msgs/lib:/home/ros2/dev_ws/install/abb_hardware_interface/lib:/home/ros2/dev_ws/install/abb_egm_rws_managers/lib:/home/ros2/dev_ws/install/abb_librws/lib:/home/ros2/dev_ws/install/abb_libegm/lib:/home/ros2/dev_ws/install/abb_egm_msgs/lib:/usr/lib/x86_64-linux-gnu/gazebo-11/plugins:/opt/ros/humble/opt/rviz_ogre_vendor/lib:/opt/ros/humble/lib/x86_64-linux-gnu:/opt/ros/humble/lib /usr/bin/cmake /home/ros2/dev_ws/src/gazebo_ros2_control/gazebo_ros2_control_demos -DAMENT_CMAKE_SYMLINK_INSTALL=1 -DCMAKE_INSTALL_PREFIX=/home/ros2/dev_ws/install/gazebo_ros2_control_demos
[0.068s] -- The C compiler identification is GNU 11.4.0
[0.118s] -- The CXX compiler identification is GNU 11.4.0
[0.125s] -- Detecting C compiler ABI info
[0.191s] -- Detecting C compiler ABI info - done
[0.197s] -- Check for working C compiler: /usr/bin/cc - skipped
[0.197s] -- Detecting C compile features
[0.197s] -- Detecting C compile features - done
[0.199s] -- Detecting CXX compiler ABI info
[0.276s] -- Detecting CXX compiler ABI info - done
[0.283s] -- Check for working CXX compiler: /usr/bin/c++ - skipped
[0.283s] -- Detecting CXX compile features
[0.283s] -- Detecting CXX compile features - done
[0.288s] -- Found ament_cmake: 1.3.11 (/opt/ros/humble/share/ament_cmake/cmake)
[0.438s] -- Found Python3: /usr/bin/python3 (found version "3.10.12") found components: Interpreter 
[0.500s] -- Override CMake install command with custom implementation using symlinks instead of copying resources
[0.569s] -- Found control_msgs: 4.8.0 (/opt/ros/humble/share/control_msgs/cmake)
[0.633s] -- Found rosidl_generator_c: 3.1.6 (/opt/ros/humble/share/rosidl_generator_c/cmake)
[0.643s] -- Found rosidl_adapter: 3.1.6 (/opt/ros/humble/share/rosidl_adapter/cmake)
[0.657s] -- Found rosidl_generator_cpp: 3.1.6 (/opt/ros/humble/share/rosidl_generator_cpp/cmake)
[0.679s] -- Using all available rosidl_typesupport_c: rosidl_typesupport_fastrtps_c;rosidl_typesupport_introspection_c
[0.704s] -- Using all available rosidl_typesupport_cpp: rosidl_typesupport_fastrtps_cpp;rosidl_typesupport_introspection_cpp
[0.854s] -- Found rclcpp: 16.0.12 (/opt/ros/humble/share/rclcpp/cmake)
[0.917s] -- Found rmw_implementation_cmake: 6.1.2 (/opt/ros/humble/share/rmw_implementation_cmake/cmake)
[0.927s] -- Found rmw_cyclonedds_cpp: 1.3.4 (/opt/ros/humble/share/rmw_cyclonedds_cpp/cmake)
[0.980s] -- Using RMW implementation 'rmw_cyclonedds_cpp' as default
[0.997s] -- Looking for pthread.h
[1.064s] -- Looking for pthread.h - found
[1.065s] -- Performing Test CMAKE_HAVE_LIBC_PTHREAD
[1.138s] -- Performing Test CMAKE_HAVE_LIBC_PTHREAD - Success
[1.139s] -- Found Threads: TRUE  
[1.194s] -- Found rclcpp_action: 16.0.12 (/opt/ros/humble/share/rclcpp_action/cmake)
[1.234s] -- Found ament_cmake_gtest: 1.3.11 (/opt/ros/humble/share/ament_cmake_gtest/cmake)
[1.239s] -- Found ament_lint_auto: 0.12.12 (/opt/ros/humble/share/ament_lint_auto/cmake)
[1.342s] -- Added test 'copyright' to check source files copyright and LICENSE
[1.343s] -- Added test 'cppcheck' to perform static code analysis on C / C++ code
[1.344s] -- Configured cppcheck include dirs: 
[1.344s] -- Configured cppcheck exclude dirs and/or files: 
[1.345s] -- Added test 'cpplint' to check C / C++ code against the Google style
[1.346s] -- Configured cpplint exclude dirs and/or files: 
[1.346s] -- Added test 'flake8' to check Python code syntax and style conventions
[1.347s] -- Added test 'lint_cmake' to check CMake code style
[1.348s] -- Added test 'pep257' to check Python code against some of the docstring style conventions in PEP 257
[1.350s] -- Added test 'uncrustify' to check C / C++ code style
[1.350s] -- Configured uncrustify additional arguments: 
[1.351s] -- Added test 'xmllint' to check XML markup files
[1.353s] -- Configuring done
[1.379s] -- Generating done
[1.389s] -- Build files have been written to: /home/ros2/dev_ws/build/gazebo_ros2_control_demos
[1.404s] Invoked command in '/home/ros2/dev_ws/build/gazebo_ros2_control_demos' returned '0': CMAKE_PREFIX_PATH=/home/ros2/dev_ws/install/gazebo_ros2_control:/home/ros2/dev_ws/install/my_package:/home/ros2/dev_ws/install/ros2srrc_ur5e_moveit2:/home/ros2/dev_ws/install/ros2srrc_ur5e_gazebo:/home/ros2/dev_ws/install/ros2srrc_ur5_moveit2:/home/ros2/dev_ws/install/ros2srrc_ur5_gazebo:/home/ros2/dev_ws/install/ros2srrc_ur3e_moveit2:/home/ros2/dev_ws/install/ros2srrc_ur3e_gazebo:/home/ros2/dev_ws/install/ros2srrc_ur3_moveit2:/home/ros2/dev_ws/install/ros2srrc_ur3_gazebo:/home/ros2/dev_ws/install/ros2srrc_ur20_moveit2:/home/ros2/dev_ws/install/ros2srrc_ur20_gazebo:/home/ros2/dev_ws/install/ros2srrc_ur16e_moveit2:/home/ros2/dev_ws/install/ros2srrc_ur16e_gazebo:/home/ros2/dev_ws/install/ros2srrc_ur10e_moveit2:/home/ros2/dev_ws/install/ros2srrc_ur10e_gazebo:/home/ros2/dev_ws/install/ros2srrc_ur10_moveit2:/home/ros2/dev_ws/install/ros2srrc_ur10_gazebo:/home/ros2/dev_ws/install/ros2srrc_rx160_moveit2:/home/ros2/dev_ws/install/ros2srrc_rx160_gazebo:/home/ros2/dev_ws/install/ros2srrc_robots:/home/ros2/dev_ws/install/ros2srrc_launch:/home/ros2/dev_ws/install/ros2srrc_irb6640_moveit2:/home/ros2/dev_ws/install/ros2srrc_irb6640_gazebo:/home/ros2/dev_ws/install/ros2srrc_irb1600_moveit2:/home/ros2/dev_ws/install/ros2srrc_irb1600_gazebo:/home/ros2/dev_ws/install/ros2srrc_irb120_moveit2:/home/ros2/dev_ws/install/ros2srrc_irb120_gazebo:/home/ros2/dev_ws/install/ros2srrc_irb1200_moveit2:/home/ros2/dev_ws/install/ros2srrc_irb1200_gazebo:/home/ros2/dev_ws/install/ros2srrc_iiwa_moveit2:/home/ros2/dev_ws/install/ros2srrc_iiwa_gazebo:/home/ros2/dev_ws/install/ros2srrc_execution:/home/ros2/dev_ws/install/ros2srrc_endeffectors:/home/ros2/dev_ws/install/ros2srrc_data:/home/ros2/dev_ws/install/ros2_robotiqgripper:/home/ros2/dev_ws/install/ros2_objectpose:/home/ros2/dev_ws/install/ros2_linkpose:/home/ros2/dev_ws/install/ros2_linkattacher:/home/ros2/dev_ws/install/objectpose_msgs:/home/ros2/dev_ws/install/objectpose_gazebo:/home/ros2/dev_ws/install/linkpose_msgs:/home/ros2/dev_ws/install/linkpose_gazebo:/home/ros2/dev_ws/install/linkattacher_msgs:/home/ros2/dev_ws/install/gazebo_ros2_control_demos:/home/ros2/dev_ws/install/abb_rws_client:/home/ros2/dev_ws/install/abb_ros2:/home/ros2/dev_ws/install/abb_robot_msgs:/home/ros2/dev_ws/install/abb_resources:/home/ros2/dev_ws/install/abb_rapid_sm_addin_msgs:/home/ros2/dev_ws/install/abb_rapid_msgs:/home/ros2/dev_ws/install/abb_hardware_interface:/home/ros2/dev_ws/install/abb_egm_rws_managers:/home/ros2/dev_ws/install/abb_librws:/home/ros2/dev_ws/install/abb_libegm:/home/ros2/dev_ws/install/abb_irb4600_support:/home/ros2/dev_ws/install/abb_irb1200_5_90_moveit_config:/home/ros2/dev_ws/install/abb_irb1200_support:/home/ros2/dev_ws/install/abb_egm_msgs:/home/ros2/dev_ws/install/abb_bringup:/opt/ros/humble LD_LIBRARY_PATH=/home/ros2/dev_ws/install/gazebo_ros2_control/lib:/home/ros2/dev_ws/install/ros2srrc_data/lib:/home/ros2/dev_ws/install/ros2_robotiqgripper/lib:/home/ros2/dev_ws/install/ros2_objectpose/lib:/home/ros2/dev_ws/install/ros2_linkpose/lib:/home/ros2/dev_ws/install/ros2_linkattacher/lib:/home/ros2/dev_ws/install/objectpose_msgs/lib:/home/ros2/dev_ws/install/linkpose_msgs/lib:/home/ros2/dev_ws/install/linkattacher_msgs/lib:/home/ros2/dev_ws/install/abb_robot_msgs/lib:/home/ros2/dev_ws/install/abb_rapid_sm_addin_msgs/lib:/home/ros2/dev_ws/install/abb_rapid_msgs/lib:/home/ros2/dev_ws/install/abb_hardware_interface/lib:/home/ros2/dev_ws/install/abb_egm_rws_managers/lib:/home/ros2/dev_ws/install/abb_librws/lib:/home/ros2/dev_ws/install/abb_libegm/lib:/home/ros2/dev_ws/install/abb_egm_msgs/lib:/usr/lib/x86_64-linux-gnu/gazebo-11/plugins:/opt/ros/humble/opt/rviz_ogre_vendor/lib:/opt/ros/humble/lib/x86_64-linux-gnu:/opt/ros/humble/lib /usr/bin/cmake /home/ros2/dev_ws/src/gazebo_ros2_control/gazebo_ros2_control_demos -DAMENT_CMAKE_SYMLINK_INSTALL=1 -DCMAKE_INSTALL_PREFIX=/home/ros2/dev_ws/install/gazebo_ros2_control_demos
[1.404s] Invoking command in '/home/ros2/dev_ws/build/gazebo_ros2_control_demos': CMAKE_PREFIX_PATH=/home/ros2/dev_ws/install/gazebo_ros2_control:/home/ros2/dev_ws/install/my_package:/home/ros2/dev_ws/install/ros2srrc_ur5e_moveit2:/home/ros2/dev_ws/install/ros2srrc_ur5e_gazebo:/home/ros2/dev_ws/install/ros2srrc_ur5_moveit2:/home/ros2/dev_ws/install/ros2srrc_ur5_gazebo:/home/ros2/dev_ws/install/ros2srrc_ur3e_moveit2:/home/ros2/dev_ws/install/ros2srrc_ur3e_gazebo:/home/ros2/dev_ws/install/ros2srrc_ur3_moveit2:/home/ros2/dev_ws/install/ros2srrc_ur3_gazebo:/home/ros2/dev_ws/install/ros2srrc_ur20_moveit2:/home/ros2/dev_ws/install/ros2srrc_ur20_gazebo:/home/ros2/dev_ws/install/ros2srrc_ur16e_moveit2:/home/ros2/dev_ws/install/ros2srrc_ur16e_gazebo:/home/ros2/dev_ws/install/ros2srrc_ur10e_moveit2:/home/ros2/dev_ws/install/ros2srrc_ur10e_gazebo:/home/ros2/dev_ws/install/ros2srrc_ur10_moveit2:/home/ros2/dev_ws/install/ros2srrc_ur10_gazebo:/home/ros2/dev_ws/install/ros2srrc_rx160_moveit2:/home/ros2/dev_ws/install/ros2srrc_rx160_gazebo:/home/ros2/dev_ws/install/ros2srrc_robots:/home/ros2/dev_ws/install/ros2srrc_launch:/home/ros2/dev_ws/install/ros2srrc_irb6640_moveit2:/home/ros2/dev_ws/install/ros2srrc_irb6640_gazebo:/home/ros2/dev_ws/install/ros2srrc_irb1600_moveit2:/home/ros2/dev_ws/install/ros2srrc_irb1600_gazebo:/home/ros2/dev_ws/install/ros2srrc_irb120_moveit2:/home/ros2/dev_ws/install/ros2srrc_irb120_gazebo:/home/ros2/dev_ws/install/ros2srrc_irb1200_moveit2:/home/ros2/dev_ws/install/ros2srrc_irb1200_gazebo:/home/ros2/dev_ws/install/ros2srrc_iiwa_moveit2:/home/ros2/dev_ws/install/ros2srrc_iiwa_gazebo:/home/ros2/dev_ws/install/ros2srrc_execution:/home/ros2/dev_ws/install/ros2srrc_endeffectors:/home/ros2/dev_ws/install/ros2srrc_data:/home/ros2/dev_ws/install/ros2_robotiqgripper:/home/ros2/dev_ws/install/ros2_objectpose:/home/ros2/dev_ws/install/ros2_linkpose:/home/ros2/dev_ws/install/ros2_linkattacher:/home/ros2/dev_ws/install/objectpose_msgs:/home/ros2/dev_ws/install/objectpose_gazebo:/home/ros2/dev_ws/install/linkpose_msgs:/home/ros2/dev_ws/install/linkpose_gazebo:/home/ros2/dev_ws/install/linkattacher_msgs:/home/ros2/dev_ws/install/gazebo_ros2_control_demos:/home/ros2/dev_ws/install/abb_rws_client:/home/ros2/dev_ws/install/abb_ros2:/home/ros2/dev_ws/install/abb_robot_msgs:/home/ros2/dev_ws/install/abb_resources:/home/ros2/dev_ws/install/abb_rapid_sm_addin_msgs:/home/ros2/dev_ws/install/abb_rapid_msgs:/home/ros2/dev_ws/install/abb_hardware_interface:/home/ros2/dev_ws/install/abb_egm_rws_managers:/home/ros2/dev_ws/install/abb_librws:/home/ros2/dev_ws/install/abb_libegm:/home/ros2/dev_ws/install/abb_irb4600_support:/home/ros2/dev_ws/install/abb_irb1200_5_90_moveit_config:/home/ros2/dev_ws/install/abb_irb1200_support:/home/ros2/dev_ws/install/abb_egm_msgs:/home/ros2/dev_ws/install/abb_bringup:/opt/ros/humble LD_LIBRARY_PATH=/home/ros2/dev_ws/install/gazebo_ros2_control/lib:/home/ros2/dev_ws/install/ros2srrc_data/lib:/home/ros2/dev_ws/install/ros2_robotiqgripper/lib:/home/ros2/dev_ws/install/ros2_objectpose/lib:/home/ros2/dev_ws/install/ros2_linkpose/lib:/home/ros2/dev_ws/install/ros2_linkattacher/lib:/home/ros2/dev_ws/install/objectpose_msgs/lib:/home/ros2/dev_ws/install/linkpose_msgs/lib:/home/ros2/dev_ws/install/linkattacher_msgs/lib:/home/ros2/dev_ws/install/abb_robot_msgs/lib:/home/ros2/dev_ws/install/abb_rapid_sm_addin_msgs/lib:/home/ros2/dev_ws/install/abb_rapid_msgs/lib:/home/ros2/dev_ws/install/abb_hardware_interface/lib:/home/ros2/dev_ws/install/abb_egm_rws_managers/lib:/home/ros2/dev_ws/install/abb_librws/lib:/home/ros2/dev_ws/install/abb_libegm/lib:/home/ros2/dev_ws/install/abb_egm_msgs/lib:/usr/lib/x86_64-linux-gnu/gazebo-11/plugins:/opt/ros/humble/opt/rviz_ogre_vendor/lib:/opt/ros/humble/lib/x86_64-linux-gnu:/opt/ros/humble/lib /usr/bin/cmake --build /home/ros2/dev_ws/build/gazebo_ros2_control_demos -- -j16 -l16
[1.462s] [  8%] [32mBuilding CXX object CMakeFiles/example_velocity.dir/examples/example_velocity.cpp.o[0m
[1.462s] [ 16%] [32mBuilding CXX object CMakeFiles/example_gripper.dir/examples/example_gripper.cpp.o[0m
[1.463s] [ 25%] [32mBuilding CXX object CMakeFiles/example_position.dir/examples/example_position.cpp.o[0m
[1.464s] [ 33%] [32mBuilding CXX object CMakeFiles/example_effort.dir/examples/example_effort.cpp.o[0m
[8.123s] [ 41%] [32m[1mLinking CXX executable example_gripper[0m
[8.129s] [ 50%] [32m[1mLinking CXX executable example_effort[0m
[8.343s] [ 58%] [32m[1mLinking CXX executable example_velocity[0m
[8.349s] [ 58%] Built target example_gripper
[8.372s] [ 58%] Built target example_effort
[8.537s] [ 58%] Built target example_velocity
[8.682s] [ 66%] [32m[1mLinking CXX executable example_position[0m
[8.922s] [ 66%] Built target example_position
[8.947s] [ 75%] [32mBuilding CXX object CMakeFiles/example_tricycle_drive.dir/examples/example_tricycle_drive.cpp.o[0m
[12.869s] [ 83%] [32m[1mLinking CXX executable example_tricycle_drive[0m
[13.022s] [ 83%] Built target example_tricycle_drive
[13.043s] [ 91%] [32mBuilding CXX object CMakeFiles/example_diff_drive.dir/examples/example_diff_drive.cpp.o[0m
[16.665s] [100%] [32m[1mLinking CXX executable example_diff_drive[0m
[16.813s] [100%] Built target example_diff_drive
[16.823s] Invoked command in '/home/ros2/dev_ws/build/gazebo_ros2_control_demos' returned '0': CMAKE_PREFIX_PATH=/home/ros2/dev_ws/install/gazebo_ros2_control:/home/ros2/dev_ws/install/my_package:/home/ros2/dev_ws/install/ros2srrc_ur5e_moveit2:/home/ros2/dev_ws/install/ros2srrc_ur5e_gazebo:/home/ros2/dev_ws/install/ros2srrc_ur5_moveit2:/home/ros2/dev_ws/install/ros2srrc_ur5_gazebo:/home/ros2/dev_ws/install/ros2srrc_ur3e_moveit2:/home/ros2/dev_ws/install/ros2srrc_ur3e_gazebo:/home/ros2/dev_ws/install/ros2srrc_ur3_moveit2:/home/ros2/dev_ws/install/ros2srrc_ur3_gazebo:/home/ros2/dev_ws/install/ros2srrc_ur20_moveit2:/home/ros2/dev_ws/install/ros2srrc_ur20_gazebo:/home/ros2/dev_ws/install/ros2srrc_ur16e_moveit2:/home/ros2/dev_ws/install/ros2srrc_ur16e_gazebo:/home/ros2/dev_ws/install/ros2srrc_ur10e_moveit2:/home/ros2/dev_ws/install/ros2srrc_ur10e_gazebo:/home/ros2/dev_ws/install/ros2srrc_ur10_moveit2:/home/ros2/dev_ws/install/ros2srrc_ur10_gazebo:/home/ros2/dev_ws/install/ros2srrc_rx160_moveit2:/home/ros2/dev_ws/install/ros2srrc_rx160_gazebo:/home/ros2/dev_ws/install/ros2srrc_robots:/home/ros2/dev_ws/install/ros2srrc_launch:/home/ros2/dev_ws/install/ros2srrc_irb6640_moveit2:/home/ros2/dev_ws/install/ros2srrc_irb6640_gazebo:/home/ros2/dev_ws/install/ros2srrc_irb1600_moveit2:/home/ros2/dev_ws/install/ros2srrc_irb1600_gazebo:/home/ros2/dev_ws/install/ros2srrc_irb120_moveit2:/home/ros2/dev_ws/install/ros2srrc_irb120_gazebo:/home/ros2/dev_ws/install/ros2srrc_irb1200_moveit2:/home/ros2/dev_ws/install/ros2srrc_irb1200_gazebo:/home/ros2/dev_ws/install/ros2srrc_iiwa_moveit2:/home/ros2/dev_ws/install/ros2srrc_iiwa_gazebo:/home/ros2/dev_ws/install/ros2srrc_execution:/home/ros2/dev_ws/install/ros2srrc_endeffectors:/home/ros2/dev_ws/install/ros2srrc_data:/home/ros2/dev_ws/install/ros2_robotiqgripper:/home/ros2/dev_ws/install/ros2_objectpose:/home/ros2/dev_ws/install/ros2_linkpose:/home/ros2/dev_ws/install/ros2_linkattacher:/home/ros2/dev_ws/install/objectpose_msgs:/home/ros2/dev_ws/install/objectpose_gazebo:/home/ros2/dev_ws/install/linkpose_msgs:/home/ros2/dev_ws/install/linkpose_gazebo:/home/ros2/dev_ws/install/linkattacher_msgs:/home/ros2/dev_ws/install/gazebo_ros2_control_demos:/home/ros2/dev_ws/install/abb_rws_client:/home/ros2/dev_ws/install/abb_ros2:/home/ros2/dev_ws/install/abb_robot_msgs:/home/ros2/dev_ws/install/abb_resources:/home/ros2/dev_ws/install/abb_rapid_sm_addin_msgs:/home/ros2/dev_ws/install/abb_rapid_msgs:/home/ros2/dev_ws/install/abb_hardware_interface:/home/ros2/dev_ws/install/abb_egm_rws_managers:/home/ros2/dev_ws/install/abb_librws:/home/ros2/dev_ws/install/abb_libegm:/home/ros2/dev_ws/install/abb_irb4600_support:/home/ros2/dev_ws/install/abb_irb1200_5_90_moveit_config:/home/ros2/dev_ws/install/abb_irb1200_support:/home/ros2/dev_ws/install/abb_egm_msgs:/home/ros2/dev_ws/install/abb_bringup:/opt/ros/humble LD_LIBRARY_PATH=/home/ros2/dev_ws/install/gazebo_ros2_control/lib:/home/ros2/dev_ws/install/ros2srrc_data/lib:/home/ros2/dev_ws/install/ros2_robotiqgripper/lib:/home/ros2/dev_ws/install/ros2_objectpose/lib:/home/ros2/dev_ws/install/ros2_linkpose/lib:/home/ros2/dev_ws/install/ros2_linkattacher/lib:/home/ros2/dev_ws/install/objectpose_msgs/lib:/home/ros2/dev_ws/install/linkpose_msgs/lib:/home/ros2/dev_ws/install/linkattacher_msgs/lib:/home/ros2/dev_ws/install/abb_robot_msgs/lib:/home/ros2/dev_ws/install/abb_rapid_sm_addin_msgs/lib:/home/ros2/dev_ws/install/abb_rapid_msgs/lib:/home/ros2/dev_ws/install/abb_hardware_interface/lib:/home/ros2/dev_ws/install/abb_egm_rws_managers/lib:/home/ros2/dev_ws/install/abb_librws/lib:/home/ros2/dev_ws/install/abb_libegm/lib:/home/ros2/dev_ws/install/abb_egm_msgs/lib:/usr/lib/x86_64-linux-gnu/gazebo-11/plugins:/opt/ros/humble/opt/rviz_ogre_vendor/lib:/opt/ros/humble/lib/x86_64-linux-gnu:/opt/ros/humble/lib /usr/bin/cmake --build /home/ros2/dev_ws/build/gazebo_ros2_control_demos -- -j16 -l16
[16.825s] Invoking command in '/home/ros2/dev_ws/build/gazebo_ros2_control_demos': CMAKE_PREFIX_PATH=/home/ros2/dev_ws/install/gazebo_ros2_control:/home/ros2/dev_ws/install/my_package:/home/ros2/dev_ws/install/ros2srrc_ur5e_moveit2:/home/ros2/dev_ws/install/ros2srrc_ur5e_gazebo:/home/ros2/dev_ws/install/ros2srrc_ur5_moveit2:/home/ros2/dev_ws/install/ros2srrc_ur5_gazebo:/home/ros2/dev_ws/install/ros2srrc_ur3e_moveit2:/home/ros2/dev_ws/install/ros2srrc_ur3e_gazebo:/home/ros2/dev_ws/install/ros2srrc_ur3_moveit2:/home/ros2/dev_ws/install/ros2srrc_ur3_gazebo:/home/ros2/dev_ws/install/ros2srrc_ur20_moveit2:/home/ros2/dev_ws/install/ros2srrc_ur20_gazebo:/home/ros2/dev_ws/install/ros2srrc_ur16e_moveit2:/home/ros2/dev_ws/install/ros2srrc_ur16e_gazebo:/home/ros2/dev_ws/install/ros2srrc_ur10e_moveit2:/home/ros2/dev_ws/install/ros2srrc_ur10e_gazebo:/home/ros2/dev_ws/install/ros2srrc_ur10_moveit2:/home/ros2/dev_ws/install/ros2srrc_ur10_gazebo:/home/ros2/dev_ws/install/ros2srrc_rx160_moveit2:/home/ros2/dev_ws/install/ros2srrc_rx160_gazebo:/home/ros2/dev_ws/install/ros2srrc_robots:/home/ros2/dev_ws/install/ros2srrc_launch:/home/ros2/dev_ws/install/ros2srrc_irb6640_moveit2:/home/ros2/dev_ws/install/ros2srrc_irb6640_gazebo:/home/ros2/dev_ws/install/ros2srrc_irb1600_moveit2:/home/ros2/dev_ws/install/ros2srrc_irb1600_gazebo:/home/ros2/dev_ws/install/ros2srrc_irb120_moveit2:/home/ros2/dev_ws/install/ros2srrc_irb120_gazebo:/home/ros2/dev_ws/install/ros2srrc_irb1200_moveit2:/home/ros2/dev_ws/install/ros2srrc_irb1200_gazebo:/home/ros2/dev_ws/install/ros2srrc_iiwa_moveit2:/home/ros2/dev_ws/install/ros2srrc_iiwa_gazebo:/home/ros2/dev_ws/install/ros2srrc_execution:/home/ros2/dev_ws/install/ros2srrc_endeffectors:/home/ros2/dev_ws/install/ros2srrc_data:/home/ros2/dev_ws/install/ros2_robotiqgripper:/home/ros2/dev_ws/install/ros2_objectpose:/home/ros2/dev_ws/install/ros2_linkpose:/home/ros2/dev_ws/install/ros2_linkattacher:/home/ros2/dev_ws/install/objectpose_msgs:/home/ros2/dev_ws/install/objectpose_gazebo:/home/ros2/dev_ws/install/linkpose_msgs:/home/ros2/dev_ws/install/linkpose_gazebo:/home/ros2/dev_ws/install/linkattacher_msgs:/home/ros2/dev_ws/install/gazebo_ros2_control_demos:/home/ros2/dev_ws/install/abb_rws_client:/home/ros2/dev_ws/install/abb_ros2:/home/ros2/dev_ws/install/abb_robot_msgs:/home/ros2/dev_ws/install/abb_resources:/home/ros2/dev_ws/install/abb_rapid_sm_addin_msgs:/home/ros2/dev_ws/install/abb_rapid_msgs:/home/ros2/dev_ws/install/abb_hardware_interface:/home/ros2/dev_ws/install/abb_egm_rws_managers:/home/ros2/dev_ws/install/abb_librws:/home/ros2/dev_ws/install/abb_libegm:/home/ros2/dev_ws/install/abb_irb4600_support:/home/ros2/dev_ws/install/abb_irb1200_5_90_moveit_config:/home/ros2/dev_ws/install/abb_irb1200_support:/home/ros2/dev_ws/install/abb_egm_msgs:/home/ros2/dev_ws/install/abb_bringup:/opt/ros/humble LD_LIBRARY_PATH=/home/ros2/dev_ws/install/gazebo_ros2_control/lib:/home/ros2/dev_ws/install/ros2srrc_data/lib:/home/ros2/dev_ws/install/ros2_robotiqgripper/lib:/home/ros2/dev_ws/install/ros2_objectpose/lib:/home/ros2/dev_ws/install/ros2_linkpose/lib:/home/ros2/dev_ws/install/ros2_linkattacher/lib:/home/ros2/dev_ws/install/objectpose_msgs/lib:/home/ros2/dev_ws/install/linkpose_msgs/lib:/home/ros2/dev_ws/install/linkattacher_msgs/lib:/home/ros2/dev_ws/install/abb_robot_msgs/lib:/home/ros2/dev_ws/install/abb_rapid_sm_addin_msgs/lib:/home/ros2/dev_ws/install/abb_rapid_msgs/lib:/home/ros2/dev_ws/install/abb_hardware_interface/lib:/home/ros2/dev_ws/install/abb_egm_rws_managers/lib:/home/ros2/dev_ws/install/abb_librws/lib:/home/ros2/dev_ws/install/abb_libegm/lib:/home/ros2/dev_ws/install/abb_egm_msgs/lib:/usr/lib/x86_64-linux-gnu/gazebo-11/plugins:/opt/ros/humble/opt/rviz_ogre_vendor/lib:/opt/ros/humble/lib/x86_64-linux-gnu:/opt/ros/humble/lib /usr/bin/cmake --install /home/ros2/dev_ws/build/gazebo_ros2_control_demos
[16.831s] -- Install configuration: ""
[16.832s] -- Execute custom install script
[16.832s] -- Symlinking: /home/ros2/dev_ws/install/gazebo_ros2_control_demos/share/gazebo_ros2_control_demos//launch/cart_example_effort.launch.py
[16.840s] -- Symlinking: /home/ros2/dev_ws/install/gazebo_ros2_control_demos/share/gazebo_ros2_control_demos//launch/cart_example_position.launch.py
[16.849s] -- Symlinking: /home/ros2/dev_ws/install/gazebo_ros2_control_demos/share/gazebo_ros2_control_demos//launch/cart_example_velocity.launch.py
[16.857s] -- Symlinking: /home/ros2/dev_ws/install/gazebo_ros2_control_demos/share/gazebo_ros2_control_demos//launch/diff_drive.launch.py
[16.865s] -- Symlinking: /home/ros2/dev_ws/install/gazebo_ros2_control_demos/share/gazebo_ros2_control_demos//launch/gripper_mimic_joint_example.launch.py
[16.874s] -- Symlinking: /home/ros2/dev_ws/install/gazebo_ros2_control_demos/share/gazebo_ros2_control_demos//launch/tricycle_drive.launch.py
[16.882s] -- Symlinking: /home/ros2/dev_ws/install/gazebo_ros2_control_demos/share/gazebo_ros2_control_demos//config/cart_controller.yaml
[16.890s] -- Symlinking: /home/ros2/dev_ws/install/gazebo_ros2_control_demos/share/gazebo_ros2_control_demos//config/cart_controller_effort.yaml
[16.898s] -- Symlinking: /home/ros2/dev_ws/install/gazebo_ros2_control_demos/share/gazebo_ros2_control_demos//config/cart_controller_velocity.yaml
[16.906s] -- Symlinking: /home/ros2/dev_ws/install/gazebo_ros2_control_demos/share/gazebo_ros2_control_demos//config/config.rviz
[16.914s] -- Symlinking: /home/ros2/dev_ws/install/gazebo_ros2_control_demos/share/gazebo_ros2_control_demos//config/diff_drive_controller.yaml
[16.921s] -- Symlinking: /home/ros2/dev_ws/install/gazebo_ros2_control_demos/share/gazebo_ros2_control_demos//config/gripper_controller.yaml
[16.929s] -- Symlinking: /home/ros2/dev_ws/install/gazebo_ros2_control_demos/share/gazebo_ros2_control_demos//config/tricycle_drive_controller.yaml
[16.937s] -- Symlinking: /home/ros2/dev_ws/install/gazebo_ros2_control_demos/share/gazebo_ros2_control_demos//urdf/test_cart_effort.xacro.urdf
[16.944s] -- Symlinking: /home/ros2/dev_ws/install/gazebo_ros2_control_demos/share/gazebo_ros2_control_demos//urdf/test_cart_position.xacro.urdf
[16.953s] -- Symlinking: /home/ros2/dev_ws/install/gazebo_ros2_control_demos/share/gazebo_ros2_control_demos//urdf/test_cart_velocity.xacro.urdf
[16.961s] -- Symlinking: /home/ros2/dev_ws/install/gazebo_ros2_control_demos/share/gazebo_ros2_control_demos//urdf/test_diff_drive.xacro.urdf
[16.969s] -- Symlinking: /home/ros2/dev_ws/install/gazebo_ros2_control_demos/share/gazebo_ros2_control_demos//urdf/test_gripper_mimic_joint.xacro.urdf
[16.976s] -- Symlinking: /home/ros2/dev_ws/install/gazebo_ros2_control_demos/share/gazebo_ros2_control_demos//urdf/test_tricycle_drive.xacro.urdf
[16.984s] -- Symlinking: /home/ros2/dev_ws/install/gazebo_ros2_control_demos/lib/gazebo_ros2_control_demos/example_position
[16.992s] -- Symlinking: /home/ros2/dev_ws/install/gazebo_ros2_control_demos/lib/gazebo_ros2_control_demos/example_velocity
[17.000s] -- Symlinking: /home/ros2/dev_ws/install/gazebo_ros2_control_demos/lib/gazebo_ros2_control_demos/example_effort
[17.008s] -- Symlinking: /home/ros2/dev_ws/install/gazebo_ros2_control_demos/lib/gazebo_ros2_control_demos/example_diff_drive
[17.016s] -- Symlinking: /home/ros2/dev_ws/install/gazebo_ros2_control_demos/lib/gazebo_ros2_control_demos/example_tricycle_drive
[17.024s] -- Symlinking: /home/ros2/dev_ws/install/gazebo_ros2_control_demos/lib/gazebo_ros2_control_demos/example_gripper
[17.033s] -- Symlinking: /home/ros2/dev_ws/install/gazebo_ros2_control_demos/share/ament_index/resource_index/package_run_dependencies/gazebo_ros2_control_demos
[17.040s] -- Symlinking: /home/ros2/dev_ws/install/gazebo_ros2_control_demos/share/ament_index/resource_index/parent_prefix_path/gazebo_ros2_control_demos
[17.049s] -- Symlinking: /home/ros2/dev_ws/install/gazebo_ros2_control_demos/share/gazebo_ros2_control_demos/environment/ament_prefix_path.sh
[17.056s] -- Symlinking: /home/ros2/dev_ws/install/gazebo_ros2_control_demos/share/gazebo_ros2_control_demos/environment/ament_prefix_path.dsv
[17.065s] -- Symlinking: /home/ros2/dev_ws/install/gazebo_ros2_control_demos/share/gazebo_ros2_control_demos/environment/path.sh
[17.073s] -- Symlinking: /home/ros2/dev_ws/install/gazebo_ros2_control_demos/share/gazebo_ros2_control_demos/environment/path.dsv
[17.081s] -- Symlinking: /home/ros2/dev_ws/install/gazebo_ros2_control_demos/share/gazebo_ros2_control_demos/local_setup.bash
[17.089s] -- Symlinking: /home/ros2/dev_ws/install/gazebo_ros2_control_demos/share/gazebo_ros2_control_demos/local_setup.sh
[17.097s] -- Symlinking: /home/ros2/dev_ws/install/gazebo_ros2_control_demos/share/gazebo_ros2_control_demos/local_setup.zsh
[17.105s] -- Symlinking: /home/ros2/dev_ws/install/gazebo_ros2_control_demos/share/gazebo_ros2_control_demos/local_setup.dsv
[17.112s] -- Symlinking: /home/ros2/dev_ws/install/gazebo_ros2_control_demos/share/gazebo_ros2_control_demos/package.dsv
[17.121s] -- Symlinking: /home/ros2/dev_ws/install/gazebo_ros2_control_demos/share/ament_index/resource_index/packages/gazebo_ros2_control_demos
[17.129s] -- Symlinking: /home/ros2/dev_ws/install/gazebo_ros2_control_demos/share/gazebo_ros2_control_demos/cmake/gazebo_ros2_control_demosConfig.cmake
[17.137s] -- Symlinking: /home/ros2/dev_ws/install/gazebo_ros2_control_demos/share/gazebo_ros2_control_demos/cmake/gazebo_ros2_control_demosConfig-version.cmake
[17.145s] -- Symlinking: /home/ros2/dev_ws/install/gazebo_ros2_control_demos/share/gazebo_ros2_control_demos/package.xml
[17.155s] Invoked command in '/home/ros2/dev_ws/build/gazebo_ros2_control_demos' returned '0': CMAKE_PREFIX_PATH=/home/ros2/dev_ws/install/gazebo_ros2_control:/home/ros2/dev_ws/install/my_package:/home/ros2/dev_ws/install/ros2srrc_ur5e_moveit2:/home/ros2/dev_ws/install/ros2srrc_ur5e_gazebo:/home/ros2/dev_ws/install/ros2srrc_ur5_moveit2:/home/ros2/dev_ws/install/ros2srrc_ur5_gazebo:/home/ros2/dev_ws/install/ros2srrc_ur3e_moveit2:/home/ros2/dev_ws/install/ros2srrc_ur3e_gazebo:/home/ros2/dev_ws/install/ros2srrc_ur3_moveit2:/home/ros2/dev_ws/install/ros2srrc_ur3_gazebo:/home/ros2/dev_ws/install/ros2srrc_ur20_moveit2:/home/ros2/dev_ws/install/ros2srrc_ur20_gazebo:/home/ros2/dev_ws/install/ros2srrc_ur16e_moveit2:/home/ros2/dev_ws/install/ros2srrc_ur16e_gazebo:/home/ros2/dev_ws/install/ros2srrc_ur10e_moveit2:/home/ros2/dev_ws/install/ros2srrc_ur10e_gazebo:/home/ros2/dev_ws/install/ros2srrc_ur10_moveit2:/home/ros2/dev_ws/install/ros2srrc_ur10_gazebo:/home/ros2/dev_ws/install/ros2srrc_rx160_moveit2:/home/ros2/dev_ws/install/ros2srrc_rx160_gazebo:/home/ros2/dev_ws/install/ros2srrc_robots:/home/ros2/dev_ws/install/ros2srrc_launch:/home/ros2/dev_ws/install/ros2srrc_irb6640_moveit2:/home/ros2/dev_ws/install/ros2srrc_irb6640_gazebo:/home/ros2/dev_ws/install/ros2srrc_irb1600_moveit2:/home/ros2/dev_ws/install/ros2srrc_irb1600_gazebo:/home/ros2/dev_ws/install/ros2srrc_irb120_moveit2:/home/ros2/dev_ws/install/ros2srrc_irb120_gazebo:/home/ros2/dev_ws/install/ros2srrc_irb1200_moveit2:/home/ros2/dev_ws/install/ros2srrc_irb1200_gazebo:/home/ros2/dev_ws/install/ros2srrc_iiwa_moveit2:/home/ros2/dev_ws/install/ros2srrc_iiwa_gazebo:/home/ros2/dev_ws/install/ros2srrc_execution:/home/ros2/dev_ws/install/ros2srrc_endeffectors:/home/ros2/dev_ws/install/ros2srrc_data:/home/ros2/dev_ws/install/ros2_robotiqgripper:/home/ros2/dev_ws/install/ros2_objectpose:/home/ros2/dev_ws/install/ros2_linkpose:/home/ros2/dev_ws/install/ros2_linkattacher:/home/ros2/dev_ws/install/objectpose_msgs:/home/ros2/dev_ws/install/objectpose_gazebo:/home/ros2/dev_ws/install/linkpose_msgs:/home/ros2/dev_ws/install/linkpose_gazebo:/home/ros2/dev_ws/install/linkattacher_msgs:/home/ros2/dev_ws/install/gazebo_ros2_control_demos:/home/ros2/dev_ws/install/abb_rws_client:/home/ros2/dev_ws/install/abb_ros2:/home/ros2/dev_ws/install/abb_robot_msgs:/home/ros2/dev_ws/install/abb_resources:/home/ros2/dev_ws/install/abb_rapid_sm_addin_msgs:/home/ros2/dev_ws/install/abb_rapid_msgs:/home/ros2/dev_ws/install/abb_hardware_interface:/home/ros2/dev_ws/install/abb_egm_rws_managers:/home/ros2/dev_ws/install/abb_librws:/home/ros2/dev_ws/install/abb_libegm:/home/ros2/dev_ws/install/abb_irb4600_support:/home/ros2/dev_ws/install/abb_irb1200_5_90_moveit_config:/home/ros2/dev_ws/install/abb_irb1200_support:/home/ros2/dev_ws/install/abb_egm_msgs:/home/ros2/dev_ws/install/abb_bringup:/opt/ros/humble LD_LIBRARY_PATH=/home/ros2/dev_ws/install/gazebo_ros2_control/lib:/home/ros2/dev_ws/install/ros2srrc_data/lib:/home/ros2/dev_ws/install/ros2_robotiqgripper/lib:/home/ros2/dev_ws/install/ros2_objectpose/lib:/home/ros2/dev_ws/install/ros2_linkpose/lib:/home/ros2/dev_ws/install/ros2_linkattacher/lib:/home/ros2/dev_ws/install/objectpose_msgs/lib:/home/ros2/dev_ws/install/linkpose_msgs/lib:/home/ros2/dev_ws/install/linkattacher_msgs/lib:/home/ros2/dev_ws/install/abb_robot_msgs/lib:/home/ros2/dev_ws/install/abb_rapid_sm_addin_msgs/lib:/home/ros2/dev_ws/install/abb_rapid_msgs/lib:/home/ros2/dev_ws/install/abb_hardware_interface/lib:/home/ros2/dev_ws/install/abb_egm_rws_managers/lib:/home/ros2/dev_ws/install/abb_librws/lib:/home/ros2/dev_ws/install/abb_libegm/lib:/home/ros2/dev_ws/install/abb_egm_msgs/lib:/usr/lib/x86_64-linux-gnu/gazebo-11/plugins:/opt/ros/humble/opt/rviz_ogre_vendor/lib:/opt/ros/humble/lib/x86_64-linux-gnu:/opt/ros/humble/lib /usr/bin/cmake --install /home/ros2/dev_ws/build/gazebo_ros2_control_demos
