[0.076s] Invoking command in '/home/ros2/dev_ws/build/ros2srrc_ur10_moveit2': CMAKE_PREFIX_PATH=${CMAKE_PREFIX_PATH}:/opt/ros/humble /usr/bin/cmake /home/ros2/dev_ws/src/ros2_SimRealRobotControl/packages/ur10/ros2srrc_ur10_moveit2 -DAMENT_CMAKE_SYMLINK_INSTALL=1 -DCMAKE_INSTALL_PREFIX=/home/ros2/dev_ws/install/ros2srrc_ur10_moveit2
[1.791s] -- The C compiler identification is GNU 11.4.0
[1.791s] -- The CXX compiler identification is GNU 11.4.0
[1.791s] -- Detecting C compiler ABI info
[1.791s] -- Detecting C compiler ABI info - done
[1.791s] -- Check for working C compiler: /usr/bin/cc - skipped
[1.791s] -- Detecting C compile features
[1.792s] -- Detecting C compile features - done
[1.792s] -- Detecting CXX compiler ABI info
[1.792s] -- Detecting CXX compiler ABI info - done
[1.792s] -- Check for working CXX compiler: /usr/bin/c++ - skipped
[1.792s] -- Detecting CXX compile features
[1.792s] -- Detecting CXX compile features - done
[1.792s] -- Found ament_cmake: 1.3.11 (/opt/ros/humble/share/ament_cmake/cmake)
[1.921s] -- Found Python3: /usr/bin/python3 (found version "3.10.12") found components: Interpreter 
[2.175s] -- Override CMake install command with custom implementation using symlinks instead of copying resources
[2.317s] -- Found ament_lint_auto: 0.12.12 (/opt/ros/humble/share/ament_lint_auto/cmake)
[2.628s] -- Added test 'copyright' to check source files copyright and LICENSE
[2.628s] -- Added test 'lint_cmake' to check CMake code style
[2.633s] -- Added test 'xmllint' to check XML markup files
[2.639s] -- Configuring done
[2.649s] -- Generating done
[2.652s] -- Build files have been written to: /home/ros2/dev_ws/build/ros2srrc_ur10_moveit2
[2.697s] Invoked command in '/home/ros2/dev_ws/build/ros2srrc_ur10_moveit2' returned '0': CMAKE_PREFIX_PATH=${CMAKE_PREFIX_PATH}:/opt/ros/humble /usr/bin/cmake /home/ros2/dev_ws/src/ros2_SimRealRobotControl/packages/ur10/ros2srrc_ur10_moveit2 -DAMENT_CMAKE_SYMLINK_INSTALL=1 -DCMAKE_INSTALL_PREFIX=/home/ros2/dev_ws/install/ros2srrc_ur10_moveit2
[2.697s] Invoking command in '/home/ros2/dev_ws/build/ros2srrc_ur10_moveit2': CMAKE_PREFIX_PATH=${CMAKE_PREFIX_PATH}:/opt/ros/humble /usr/bin/cmake --build /home/ros2/dev_ws/build/ros2srrc_ur10_moveit2 -- -j16 -l16
[3.785s] Invoked command in '/home/ros2/dev_ws/build/ros2srrc_ur10_moveit2' returned '0': CMAKE_PREFIX_PATH=${CMAKE_PREFIX_PATH}:/opt/ros/humble /usr/bin/cmake --build /home/ros2/dev_ws/build/ros2srrc_ur10_moveit2 -- -j16 -l16
[3.786s] Invoking command in '/home/ros2/dev_ws/build/ros2srrc_ur10_moveit2': CMAKE_PREFIX_PATH=${CMAKE_PREFIX_PATH}:/opt/ros/humble /usr/bin/cmake --install /home/ros2/dev_ws/build/ros2srrc_ur10_moveit2
[4.421s] -- Install configuration: ""
[4.421s] -- Execute custom install script
[4.421s] -- Symlinking: /home/ros2/dev_ws/install/ros2srrc_ur10_moveit2/share/ros2srrc_ur10_moveit2/config/ur10.srdf
[4.421s] -- Symlinking: /home/ros2/dev_ws/install/ros2srrc_ur10_moveit2/share/ros2srrc_ur10_moveit2/config/ur10_moveit2.rviz
[4.422s] -- Symlinking: /home/ros2/dev_ws/install/ros2srrc_ur10_moveit2/share/ros2srrc_ur10_moveit2/config/ur10robotiq_2f85.srdf
[4.422s] -- Symlinking: /home/ros2/dev_ws/install/ros2srrc_ur10_moveit2/share/ros2srrc_ur10_moveit2/config/ur10robotiq_2f85_moveit2.rviz
[4.423s] -- Symlinking: /home/ros2/dev_ws/install/ros2srrc_ur10_moveit2/share/ros2srrc_ur10_moveit2/config/ur10robotiq_hande.srdf
[4.423s] -- Symlinking: /home/ros2/dev_ws/install/ros2srrc_ur10_moveit2/share/ros2srrc_ur10_moveit2/config/ur10robotiq_hande_moveit2.rviz
[4.423s] -- Symlinking: /home/ros2/dev_ws/install/ros2srrc_ur10_moveit2/share/ament_index/resource_index/package_run_dependencies/ros2srrc_ur10_moveit2
[4.423s] -- Symlinking: /home/ros2/dev_ws/install/ros2srrc_ur10_moveit2/share/ament_index/resource_index/parent_prefix_path/ros2srrc_ur10_moveit2
[4.423s] -- Symlinking: /home/ros2/dev_ws/install/ros2srrc_ur10_moveit2/share/ros2srrc_ur10_moveit2/environment/ament_prefix_path.sh
[4.423s] -- Symlinking: /home/ros2/dev_ws/install/ros2srrc_ur10_moveit2/share/ros2srrc_ur10_moveit2/environment/ament_prefix_path.dsv
[4.423s] -- Symlinking: /home/ros2/dev_ws/install/ros2srrc_ur10_moveit2/share/ros2srrc_ur10_moveit2/environment/path.sh
[4.424s] -- Symlinking: /home/ros2/dev_ws/install/ros2srrc_ur10_moveit2/share/ros2srrc_ur10_moveit2/environment/path.dsv
[4.424s] -- Symlinking: /home/ros2/dev_ws/install/ros2srrc_ur10_moveit2/share/ros2srrc_ur10_moveit2/local_setup.bash
[4.426s] -- Symlinking: /home/ros2/dev_ws/install/ros2srrc_ur10_moveit2/share/ros2srrc_ur10_moveit2/local_setup.sh
[4.426s] -- Symlinking: /home/ros2/dev_ws/install/ros2srrc_ur10_moveit2/share/ros2srrc_ur10_moveit2/local_setup.zsh
[4.426s] -- Symlinking: /home/ros2/dev_ws/install/ros2srrc_ur10_moveit2/share/ros2srrc_ur10_moveit2/local_setup.dsv
[4.426s] -- Symlinking: /home/ros2/dev_ws/install/ros2srrc_ur10_moveit2/share/ros2srrc_ur10_moveit2/package.dsv
[4.426s] -- Symlinking: /home/ros2/dev_ws/install/ros2srrc_ur10_moveit2/share/ament_index/resource_index/packages/ros2srrc_ur10_moveit2
[4.427s] -- Symlinking: /home/ros2/dev_ws/install/ros2srrc_ur10_moveit2/share/ros2srrc_ur10_moveit2/cmake/ros2srrc_ur10_moveit2Config.cmake
[4.435s] -- Symlinking: /home/ros2/dev_ws/install/ros2srrc_ur10_moveit2/share/ros2srrc_ur10_moveit2/cmake/ros2srrc_ur10_moveit2Config-version.cmake
[4.479s] -- Symlinking: /home/ros2/dev_ws/install/ros2srrc_ur10_moveit2/share/ros2srrc_ur10_moveit2/package.xml
[4.510s] Invoked command in '/home/ros2/dev_ws/build/ros2srrc_ur10_moveit2' returned '0': CMAKE_PREFIX_PATH=${CMAKE_PREFIX_PATH}:/opt/ros/humble /usr/bin/cmake --install /home/ros2/dev_ws/build/ros2srrc_ur10_moveit2
