[0.095s] Invoking command in '/home/ros2/dev_ws/build/ros2srrc_rx160_moveit2': CMAKE_PREFIX_PATH=${CMAKE_PREFIX_PATH}:/opt/ros/humble /usr/bin/cmake /home/ros2/dev_ws/src/ros2_SimRealRobotControl/packages/rx160/ros2srrc_rx160_moveit2 -DAMENT_CMAKE_SYMLINK_INSTALL=1 -DCMAKE_INSTALL_PREFIX=/home/ros2/dev_ws/install/ros2srrc_rx160_moveit2
[1.240s] -- The C compiler identification is GNU 11.4.0
[1.240s] -- The CXX compiler identification is GNU 11.4.0
[1.241s] -- Detecting C compiler ABI info
[1.241s] -- Detecting C compiler ABI info - done
[1.241s] -- Check for working C compiler: /usr/bin/cc - skipped
[1.241s] -- Detecting C compile features
[1.241s] -- Detecting C compile features - done
[1.241s] -- Detecting CXX compiler ABI info
[1.241s] -- Detecting CXX compiler ABI info - done
[1.241s] -- Check for working CXX compiler: /usr/bin/c++ - skipped
[1.242s] -- Detecting CXX compile features
[1.242s] -- Detecting CXX compile features - done
[1.254s] -- Found ament_cmake: 1.3.11 (/opt/ros/humble/share/ament_cmake/cmake)
[1.811s] -- Found Python3: /usr/bin/python3 (found version "3.10.12") found components: Interpreter 
[2.054s] -- Override CMake install command with custom implementation using symlinks instead of copying resources
[2.241s] -- Found ament_lint_auto: 0.12.12 (/opt/ros/humble/share/ament_lint_auto/cmake)
[2.516s] -- Added test 'copyright' to check source files copyright and LICENSE
[2.530s] -- Added test 'lint_cmake' to check CMake code style
[2.530s] -- Added test 'xmllint' to check XML markup files
[2.545s] -- Configuring done
[2.564s] -- Generating done
[2.568s] -- Build files have been written to: /home/ros2/dev_ws/build/ros2srrc_rx160_moveit2
[2.586s] Invoked command in '/home/ros2/dev_ws/build/ros2srrc_rx160_moveit2' returned '0': CMAKE_PREFIX_PATH=${CMAKE_PREFIX_PATH}:/opt/ros/humble /usr/bin/cmake /home/ros2/dev_ws/src/ros2_SimRealRobotControl/packages/rx160/ros2srrc_rx160_moveit2 -DAMENT_CMAKE_SYMLINK_INSTALL=1 -DCMAKE_INSTALL_PREFIX=/home/ros2/dev_ws/install/ros2srrc_rx160_moveit2
[2.586s] Invoking command in '/home/ros2/dev_ws/build/ros2srrc_rx160_moveit2': CMAKE_PREFIX_PATH=${CMAKE_PREFIX_PATH}:/opt/ros/humble /usr/bin/cmake --build /home/ros2/dev_ws/build/ros2srrc_rx160_moveit2 -- -j16 -l16
[2.911s] Invoked command in '/home/ros2/dev_ws/build/ros2srrc_rx160_moveit2' returned '0': CMAKE_PREFIX_PATH=${CMAKE_PREFIX_PATH}:/opt/ros/humble /usr/bin/cmake --build /home/ros2/dev_ws/build/ros2srrc_rx160_moveit2 -- -j16 -l16
[2.911s] Invoking command in '/home/ros2/dev_ws/build/ros2srrc_rx160_moveit2': CMAKE_PREFIX_PATH=${CMAKE_PREFIX_PATH}:/opt/ros/humble /usr/bin/cmake --install /home/ros2/dev_ws/build/ros2srrc_rx160_moveit2
[3.309s] -- Install configuration: ""
[3.309s] -- Execute custom install script
[3.309s] -- Symlinking: /home/ros2/dev_ws/install/ros2srrc_rx160_moveit2/share/ros2srrc_rx160_moveit2/config/rx160.srdf
[3.309s] -- Symlinking: /home/ros2/dev_ws/install/ros2srrc_rx160_moveit2/share/ros2srrc_rx160_moveit2/config/rx160_moveit2.rviz
[3.309s] -- Symlinking: /home/ros2/dev_ws/install/ros2srrc_rx160_moveit2/share/ament_index/resource_index/package_run_dependencies/ros2srrc_rx160_moveit2
[3.309s] -- Symlinking: /home/ros2/dev_ws/install/ros2srrc_rx160_moveit2/share/ament_index/resource_index/parent_prefix_path/ros2srrc_rx160_moveit2
[3.309s] -- Symlinking: /home/ros2/dev_ws/install/ros2srrc_rx160_moveit2/share/ros2srrc_rx160_moveit2/environment/ament_prefix_path.sh
[3.309s] -- Symlinking: /home/ros2/dev_ws/install/ros2srrc_rx160_moveit2/share/ros2srrc_rx160_moveit2/environment/ament_prefix_path.dsv
[3.309s] -- Symlinking: /home/ros2/dev_ws/install/ros2srrc_rx160_moveit2/share/ros2srrc_rx160_moveit2/environment/path.sh
[3.309s] -- Symlinking: /home/ros2/dev_ws/install/ros2srrc_rx160_moveit2/share/ros2srrc_rx160_moveit2/environment/path.dsv
[3.309s] -- Symlinking: /home/ros2/dev_ws/install/ros2srrc_rx160_moveit2/share/ros2srrc_rx160_moveit2/local_setup.bash
[3.309s] -- Symlinking: /home/ros2/dev_ws/install/ros2srrc_rx160_moveit2/share/ros2srrc_rx160_moveit2/local_setup.sh
[3.318s] -- Symlinking: /home/ros2/dev_ws/install/ros2srrc_rx160_moveit2/share/ros2srrc_rx160_moveit2/local_setup.zsh
[3.318s] -- Symlinking: /home/ros2/dev_ws/install/ros2srrc_rx160_moveit2/share/ros2srrc_rx160_moveit2/local_setup.dsv
[3.319s] -- Symlinking: /home/ros2/dev_ws/install/ros2srrc_rx160_moveit2/share/ros2srrc_rx160_moveit2/package.dsv
[3.319s] -- Symlinking: /home/ros2/dev_ws/install/ros2srrc_rx160_moveit2/share/ament_index/resource_index/packages/ros2srrc_rx160_moveit2
[3.319s] -- Symlinking: /home/ros2/dev_ws/install/ros2srrc_rx160_moveit2/share/ros2srrc_rx160_moveit2/cmake/ros2srrc_rx160_moveit2Config.cmake
[3.330s] -- Symlinking: /home/ros2/dev_ws/install/ros2srrc_rx160_moveit2/share/ros2srrc_rx160_moveit2/cmake/ros2srrc_rx160_moveit2Config-version.cmake
[3.361s] -- Symlinking: /home/ros2/dev_ws/install/ros2srrc_rx160_moveit2/share/ros2srrc_rx160_moveit2/package.xml
[3.406s] Invoked command in '/home/ros2/dev_ws/build/ros2srrc_rx160_moveit2' returned '0': CMAKE_PREFIX_PATH=${CMAKE_PREFIX_PATH}:/opt/ros/humble /usr/bin/cmake --install /home/ros2/dev_ws/build/ros2srrc_rx160_moveit2
