[0.119s] Invoking command in '/home/ros2/dev_ws/build/ros2srrc_irb120_moveit2': CMAKE_PREFIX_PATH=${CMAKE_PREFIX_PATH}:/opt/ros/humble /usr/bin/cmake /home/ros2/dev_ws/src/ros2_SimRealRobotControl/packages/irb120/ros2srrc_irb120_moveit2 -DAMENT_CMAKE_SYMLINK_INSTALL=1 -DCMAKE_INSTALL_PREFIX=/home/ros2/dev_ws/install/ros2srrc_irb120_moveit2
[2.369s] -- The C compiler identification is GNU 11.4.0
[2.369s] -- The CXX compiler identification is GNU 11.4.0
[2.369s] -- Detecting C compiler ABI info
[2.369s] -- Detecting C compiler ABI info - done
[2.369s] -- Check for working C compiler: /usr/bin/cc - skipped
[2.369s] -- Detecting C compile features
[2.369s] -- Detecting C compile features - done
[2.370s] -- Detecting CXX compiler ABI info
[2.370s] -- Detecting CXX compiler ABI info - done
[2.370s] -- Check for working CXX compiler: /usr/bin/c++ - skipped
[2.370s] -- Detecting CXX compile features
[2.370s] -- Detecting CXX compile features - done
[2.370s] -- Found ament_cmake: 1.3.11 (/opt/ros/humble/share/ament_cmake/cmake)
[2.370s] -- Found Python3: /usr/bin/python3 (found version "3.10.12") found components: Interpreter 
[2.370s] -- Override CMake install command with custom implementation using symlinks instead of copying resources
[2.370s] -- Found ament_lint_auto: 0.12.12 (/opt/ros/humble/share/ament_lint_auto/cmake)
[2.378s] -- Added test 'copyright' to check source files copyright and LICENSE
[2.386s] -- Added test 'lint_cmake' to check CMake code style
[2.386s] -- Added test 'xmllint' to check XML markup files
[2.386s] -- Configuring done
[2.392s] -- Generating done
[2.392s] -- Build files have been written to: /home/ros2/dev_ws/build/ros2srrc_irb120_moveit2
[2.472s] Invoked command in '/home/ros2/dev_ws/build/ros2srrc_irb120_moveit2' returned '0': CMAKE_PREFIX_PATH=${CMAKE_PREFIX_PATH}:/opt/ros/humble /usr/bin/cmake /home/ros2/dev_ws/src/ros2_SimRealRobotControl/packages/irb120/ros2srrc_irb120_moveit2 -DAMENT_CMAKE_SYMLINK_INSTALL=1 -DCMAKE_INSTALL_PREFIX=/home/ros2/dev_ws/install/ros2srrc_irb120_moveit2
[2.472s] Invoking command in '/home/ros2/dev_ws/build/ros2srrc_irb120_moveit2': CMAKE_PREFIX_PATH=${CMAKE_PREFIX_PATH}:/opt/ros/humble /usr/bin/cmake --build /home/ros2/dev_ws/build/ros2srrc_irb120_moveit2 -- -j16 -l16
[3.084s] Invoked command in '/home/ros2/dev_ws/build/ros2srrc_irb120_moveit2' returned '0': CMAKE_PREFIX_PATH=${CMAKE_PREFIX_PATH}:/opt/ros/humble /usr/bin/cmake --build /home/ros2/dev_ws/build/ros2srrc_irb120_moveit2 -- -j16 -l16
[3.090s] Invoking command in '/home/ros2/dev_ws/build/ros2srrc_irb120_moveit2': CMAKE_PREFIX_PATH=${CMAKE_PREFIX_PATH}:/opt/ros/humble /usr/bin/cmake --install /home/ros2/dev_ws/build/ros2srrc_irb120_moveit2
[4.252s] -- Install configuration: ""
[4.252s] -- Execute custom install script
[4.253s] -- Symlinking: /home/ros2/dev_ws/install/ros2srrc_irb120_moveit2/share/ros2srrc_irb120_moveit2/config/irb120.srdf
[4.253s] -- Symlinking: /home/ros2/dev_ws/install/ros2srrc_irb120_moveit2/share/ros2srrc_irb120_moveit2/config/irb120_moveit2.rviz
[4.253s] -- Symlinking: /home/ros2/dev_ws/install/ros2srrc_irb120_moveit2/share/ros2srrc_irb120_moveit2/config/irb120egp64.srdf
[4.253s] -- Symlinking: /home/ros2/dev_ws/install/ros2srrc_irb120_moveit2/share/ros2srrc_irb120_moveit2/config/irb120egp64_moveit2.rviz
[4.253s] -- Symlinking: /home/ros2/dev_ws/install/ros2srrc_irb120_moveit2/share/ros2srrc_irb120_moveit2/config/irb120ls_vgr.srdf
[4.253s] -- Symlinking: /home/ros2/dev_ws/install/ros2srrc_irb120_moveit2/share/ros2srrc_irb120_moveit2/config/irb120ls_vgr_moveit2.rviz
[4.253s] -- Symlinking: /home/ros2/dev_ws/install/ros2srrc_irb120_moveit2/share/ament_index/resource_index/package_run_dependencies/ros2srrc_irb120_moveit2
[4.253s] -- Symlinking: /home/ros2/dev_ws/install/ros2srrc_irb120_moveit2/share/ament_index/resource_index/parent_prefix_path/ros2srrc_irb120_moveit2
[4.253s] -- Symlinking: /home/ros2/dev_ws/install/ros2srrc_irb120_moveit2/share/ros2srrc_irb120_moveit2/environment/ament_prefix_path.sh
[4.253s] -- Symlinking: /home/ros2/dev_ws/install/ros2srrc_irb120_moveit2/share/ros2srrc_irb120_moveit2/environment/ament_prefix_path.dsv
[4.254s] -- Symlinking: /home/ros2/dev_ws/install/ros2srrc_irb120_moveit2/share/ros2srrc_irb120_moveit2/environment/path.sh
[4.254s] -- Symlinking: /home/ros2/dev_ws/install/ros2srrc_irb120_moveit2/share/ros2srrc_irb120_moveit2/environment/path.dsv
[4.254s] -- Symlinking: /home/ros2/dev_ws/install/ros2srrc_irb120_moveit2/share/ros2srrc_irb120_moveit2/local_setup.bash
[4.254s] -- Symlinking: /home/ros2/dev_ws/install/ros2srrc_irb120_moveit2/share/ros2srrc_irb120_moveit2/local_setup.sh
[4.254s] -- Symlinking: /home/ros2/dev_ws/install/ros2srrc_irb120_moveit2/share/ros2srrc_irb120_moveit2/local_setup.zsh
[4.254s] -- Symlinking: /home/ros2/dev_ws/install/ros2srrc_irb120_moveit2/share/ros2srrc_irb120_moveit2/local_setup.dsv
[4.254s] -- Symlinking: /home/ros2/dev_ws/install/ros2srrc_irb120_moveit2/share/ros2srrc_irb120_moveit2/package.dsv
[4.254s] -- Symlinking: /home/ros2/dev_ws/install/ros2srrc_irb120_moveit2/share/ament_index/resource_index/packages/ros2srrc_irb120_moveit2
[4.254s] -- Symlinking: /home/ros2/dev_ws/install/ros2srrc_irb120_moveit2/share/ros2srrc_irb120_moveit2/cmake/ros2srrc_irb120_moveit2Config.cmake
[4.254s] -- Symlinking: /home/ros2/dev_ws/install/ros2srrc_irb120_moveit2/share/ros2srrc_irb120_moveit2/cmake/ros2srrc_irb120_moveit2Config-version.cmake
[4.254s] -- Symlinking: /home/ros2/dev_ws/install/ros2srrc_irb120_moveit2/share/ros2srrc_irb120_moveit2/package.xml
[4.300s] Invoked command in '/home/ros2/dev_ws/build/ros2srrc_irb120_moveit2' returned '0': CMAKE_PREFIX_PATH=${CMAKE_PREFIX_PATH}:/opt/ros/humble /usr/bin/cmake --install /home/ros2/dev_ws/build/ros2srrc_irb120_moveit2
