[0.052s] Invoking command in '/home/ros2/dev_ws/build/abb_rapid_msgs': CMAKE_PREFIX_PATH=${CMAKE_PREFIX_PATH}:/opt/ros/humble /usr/bin/cmake /home/ros2/dev_ws/src/ABBDriver/abb_ros2_msgs/abb_rapid_msgs -DAMENT_CMAKE_SYMLINK_INSTALL=1 -DCMAKE_INSTALL_PREFIX=/home/ros2/dev_ws/install/abb_rapid_msgs
[0.135s] -- The C compiler identification is GNU 11.4.0
[0.240s] -- The CXX compiler identification is GNU 11.4.0
[0.249s] -- Detecting C compiler ABI info
[0.358s] -- Detecting C compiler ABI info - done
[0.366s] -- Check for working C compiler: /usr/bin/cc - skipped
[0.366s] -- Detecting C compile features
[0.366s] -- Detecting C compile features - done
[0.370s] -- Detecting CXX compiler ABI info
[0.487s] -- Detecting CXX compiler ABI info - done
[0.495s] -- Check for working CXX compiler: /usr/bin/c++ - skipped
[0.495s] -- Detecting CXX compile features
[0.496s] -- Detecting CXX compile features - done
[0.513s] -- Found rosidl_default_generators: 1.2.0 (/opt/ros/humble/share/rosidl_default_generators/cmake)
[0.514s] -- Found ament_cmake_core: 1.3.11 (/opt/ros/humble/share/ament_cmake_core/cmake)
[0.765s] -- Found Python3: /usr/bin/python3 (found version "3.10.12") found components: Interpreter 
[0.875s] -- Override CMake install command with custom implementation using symlinks instead of copying resources
[0.889s] -- Using all available rosidl_typesupport_c: rosidl_typesupport_fastrtps_c;rosidl_typesupport_introspection_c
[0.901s] -- Found rosidl_adapter: 3.1.6 (/opt/ros/humble/share/rosidl_adapter/cmake)
[0.979s] -- Using all available rosidl_typesupport_cpp: rosidl_typesupport_fastrtps_cpp;rosidl_typesupport_introspection_cpp
[1.630s] -- Found ament_cmake_ros: 0.10.0 (/opt/ros/humble/share/ament_cmake_ros/cmake)
[2.187s] -- Using all available rosidl_typesupport_c: rosidl_typesupport_fastrtps_c;rosidl_typesupport_introspection_c
[2.881s] -- Using all available rosidl_typesupport_cpp: rosidl_typesupport_fastrtps_cpp;rosidl_typesupport_introspection_cpp
[2.948s] -- Found PythonInterp: /usr/bin/python3 (found suitable version "3.10.12", minimum required is "3.6") 
[2.949s] -- Found python_cmake_module: 0.10.0 (/opt/ros/humble/share/python_cmake_module/cmake)
[3.033s] -- Found PythonLibs: /usr/lib/x86_64-linux-gnu/libpython3.10.so (found suitable version "3.10.12", minimum required is "3.5") 
[3.033s] -- Using PYTHON_EXECUTABLE: /usr/bin/python3
[3.037s] -- Using PYTHON_INCLUDE_DIRS: /usr/include/python3.10
[3.038s] -- Using PYTHON_LIBRARIES: /usr/lib/x86_64-linux-gnu/libpython3.10.so
[3.112s] -- Found PythonExtra: .so  
[3.282s] -- Configuring done
[3.364s] -- Generating done
[3.376s] -- Build files have been written to: /home/ros2/dev_ws/build/abb_rapid_msgs
[3.397s] Invoked command in '/home/ros2/dev_ws/build/abb_rapid_msgs' returned '0': CMAKE_PREFIX_PATH=${CMAKE_PREFIX_PATH}:/opt/ros/humble /usr/bin/cmake /home/ros2/dev_ws/src/ABBDriver/abb_ros2_msgs/abb_rapid_msgs -DAMENT_CMAKE_SYMLINK_INSTALL=1 -DCMAKE_INSTALL_PREFIX=/home/ros2/dev_ws/install/abb_rapid_msgs
[3.405s] Invoking command in '/home/ros2/dev_ws/build/abb_rapid_msgs': CMAKE_PREFIX_PATH=${CMAKE_PREFIX_PATH}:/opt/ros/humble /usr/bin/cmake --build /home/ros2/dev_ws/build/abb_rapid_msgs -- -j16 -l16
[3.948s] [  1%] [34m[1mGenerating C code for ROS interfaces[0m
[3.948s] [  1%] [34m[1mGenerating C++ code for ROS interfaces[0m
[3.948s] [  1%] Built target ament_cmake_python_symlink_abb_rapid_msgs
[4.431s] running egg_info
[4.431s] creating abb_rapid_msgs.egg-info
[4.432s] writing abb_rapid_msgs.egg-info/PKG-INFO
[4.432s] writing dependency_links to abb_rapid_msgs.egg-info/dependency_links.txt
[4.432s] writing top-level names to abb_rapid_msgs.egg-info/top_level.txt
[4.432s] writing manifest file 'abb_rapid_msgs.egg-info/SOURCES.txt'
[4.435s] reading manifest file 'abb_rapid_msgs.egg-info/SOURCES.txt'
[4.436s] writing manifest file 'abb_rapid_msgs.egg-info/SOURCES.txt'
[4.589s] [  1%] Built target ament_cmake_python_build_abb_rapid_msgs_egg
[7.590s] [  2%] [32mBuilding C object CMakeFiles/abb_rapid_msgs__rosidl_generator_c.dir/rosidl_generator_c/abb_rapid_msgs/msg/detail/conf_data__functions.c.o[0m
[7.595s] [  3%] [32mBuilding C object CMakeFiles/abb_rapid_msgs__rosidl_generator_c.dir/rosidl_generator_c/abb_rapid_msgs/msg/detail/joint_target__functions.c.o[0m
[7.597s] [  4%] [32mBuilding C object CMakeFiles/abb_rapid_msgs__rosidl_generator_c.dir/rosidl_generator_c/abb_rapid_msgs/msg/detail/load_data__functions.c.o[0m
[7.601s] [  5%] [32mBuilding C object CMakeFiles/abb_rapid_msgs__rosidl_generator_c.dir/rosidl_generator_c/abb_rapid_msgs/msg/detail/orient__functions.c.o[0m
[7.619s] [  6%] [32mBuilding C object CMakeFiles/abb_rapid_msgs__rosidl_generator_c.dir/rosidl_generator_c/abb_rapid_msgs/msg/detail/rob_joint__functions.c.o[0m
[7.622s] [  7%] [32mBuilding C object CMakeFiles/abb_rapid_msgs__rosidl_generator_c.dir/rosidl_generator_c/abb_rapid_msgs/msg/detail/pos__functions.c.o[0m
[7.624s] [  8%] [32mBuilding C object CMakeFiles/abb_rapid_msgs__rosidl_generator_c.dir/rosidl_generator_c/abb_rapid_msgs/msg/detail/pose__functions.c.o[0m
[7.630s] [  6%] [32mBuilding C object CMakeFiles/abb_rapid_msgs__rosidl_generator_c.dir/rosidl_generator_c/abb_rapid_msgs/msg/detail/ext_joint__functions.c.o[0m
[7.635s] [  9%] [32mBuilding C object CMakeFiles/abb_rapid_msgs__rosidl_generator_c.dir/rosidl_generator_c/abb_rapid_msgs/msg/detail/rob_target__functions.c.o[0m
[7.660s] [ 10%] [32mBuilding C object CMakeFiles/abb_rapid_msgs__rosidl_generator_c.dir/rosidl_generator_c/abb_rapid_msgs/msg/detail/tool_data__functions.c.o[0m
[7.674s] [ 11%] [32mBuilding C object CMakeFiles/abb_rapid_msgs__rosidl_generator_c.dir/rosidl_generator_c/abb_rapid_msgs/msg/detail/w_obj_data__functions.c.o[0m
[7.943s] [ 12%] [32m[1mLinking C shared library libabb_rapid_msgs__rosidl_generator_c.so[0m
[8.128s] [ 12%] Built target abb_rapid_msgs__rosidl_generator_c
[8.178s] [ 13%] [34m[1mGenerating C type support for eProsima Fast-RTPS[0m
[8.202s] [ 14%] [34m[1mGenerating C type support dispatch for ROS interfaces[0m
[8.230s] [ 15%] [34m[1mGenerating C introspection for ROS interfaces[0m
[8.738s] [ 15%] Built target abb_rapid_msgs__cpp
[8.768s] [ 15%] [34m[1mGenerating C++ type support for eProsima Fast-RTPS[0m
[8.778s] [ 16%] [34m[1mGenerating C++ type support dispatch for ROS interfaces[0m
[8.785s] [ 17%] [34m[1mGenerating C++ introspection for ROS interfaces[0m
[10.856s] [ 18%] [32mBuilding CXX object CMakeFiles/abb_rapid_msgs__rosidl_typesupport_cpp.dir/rosidl_typesupport_cpp/abb_rapid_msgs/msg/conf_data__type_support.cpp.o[0m
[10.862s] [ 19%] [32mBuilding CXX object CMakeFiles/abb_rapid_msgs__rosidl_typesupport_cpp.dir/rosidl_typesupport_cpp/abb_rapid_msgs/msg/ext_joint__type_support.cpp.o[0m
[10.867s] [ 20%] [32mBuilding CXX object CMakeFiles/abb_rapid_msgs__rosidl_typesupport_cpp.dir/rosidl_typesupport_cpp/abb_rapid_msgs/msg/joint_target__type_support.cpp.o[0m
[10.873s] [ 21%] [32mBuilding CXX object CMakeFiles/abb_rapid_msgs__rosidl_typesupport_cpp.dir/rosidl_typesupport_cpp/abb_rapid_msgs/msg/load_data__type_support.cpp.o[0m
[10.917s] [ 21%] [32mBuilding CXX object CMakeFiles/abb_rapid_msgs__rosidl_typesupport_cpp.dir/rosidl_typesupport_cpp/abb_rapid_msgs/msg/rob_joint__type_support.cpp.o[0m
[10.917s] [ 23%] [32mBuilding CXX object CMakeFiles/abb_rapid_msgs__rosidl_typesupport_cpp.dir/rosidl_typesupport_cpp/abb_rapid_msgs/msg/pos__type_support.cpp.o[0m
[10.917s] [ 23%] [32mBuilding CXX object CMakeFiles/abb_rapid_msgs__rosidl_typesupport_cpp.dir/rosidl_typesupport_cpp/abb_rapid_msgs/msg/orient__type_support.cpp.o[0m
[10.930s] [ 24%] [32mBuilding CXX object CMakeFiles/abb_rapid_msgs__rosidl_typesupport_cpp.dir/rosidl_typesupport_cpp/abb_rapid_msgs/msg/pose__type_support.cpp.o[0m
[10.956s] [ 25%] [32mBuilding CXX object CMakeFiles/abb_rapid_msgs__rosidl_typesupport_cpp.dir/rosidl_typesupport_cpp/abb_rapid_msgs/msg/rob_target__type_support.cpp.o[0m
[10.960s] [ 26%] [32mBuilding CXX object CMakeFiles/abb_rapid_msgs__rosidl_typesupport_cpp.dir/rosidl_typesupport_cpp/abb_rapid_msgs/msg/w_obj_data__type_support.cpp.o[0m
[10.972s] [ 27%] [32mBuilding CXX object CMakeFiles/abb_rapid_msgs__rosidl_typesupport_cpp.dir/rosidl_typesupport_cpp/abb_rapid_msgs/msg/tool_data__type_support.cpp.o[0m
[11.004s] [ 28%] [32mBuilding C object CMakeFiles/abb_rapid_msgs__rosidl_typesupport_introspection_c.dir/rosidl_typesupport_introspection_c/abb_rapid_msgs/msg/detail/conf_data__type_support.c.o[0m
[11.169s] [ 29%] [32mBuilding C object CMakeFiles/abb_rapid_msgs__rosidl_typesupport_introspection_c.dir/rosidl_typesupport_introspection_c/abb_rapid_msgs/msg/detail/ext_joint__type_support.c.o[0m
[11.224s] [ 30%] [32mBuilding C object CMakeFiles/abb_rapid_msgs__rosidl_typesupport_introspection_c.dir/rosidl_typesupport_introspection_c/abb_rapid_msgs/msg/detail/joint_target__type_support.c.o[0m
[11.401s] [ 31%] [32mBuilding C object CMakeFiles/abb_rapid_msgs__rosidl_typesupport_introspection_c.dir/rosidl_typesupport_introspection_c/abb_rapid_msgs/msg/detail/load_data__type_support.c.o[0m
[11.497s] [ 32%] [32mBuilding C object CMakeFiles/abb_rapid_msgs__rosidl_typesupport_introspection_c.dir/rosidl_typesupport_introspection_c/abb_rapid_msgs/msg/detail/orient__type_support.c.o[0m
[11.551s] [ 33%] [32mBuilding C object CMakeFiles/abb_rapid_msgs__rosidl_typesupport_introspection_c.dir/rosidl_typesupport_introspection_c/abb_rapid_msgs/msg/detail/pos__type_support.c.o[0m
[11.559s] [ 33%] [32mBuilding C object CMakeFiles/abb_rapid_msgs__rosidl_typesupport_introspection_c.dir/rosidl_typesupport_introspection_c/abb_rapid_msgs/msg/detail/pose__type_support.c.o[0m
[11.613s] [ 34%] [32mBuilding C object CMakeFiles/abb_rapid_msgs__rosidl_typesupport_introspection_c.dir/rosidl_typesupport_introspection_c/abb_rapid_msgs/msg/detail/rob_joint__type_support.c.o[0m
[11.631s] [ 35%] [32mBuilding C object CMakeFiles/abb_rapid_msgs__rosidl_typesupport_introspection_c.dir/rosidl_typesupport_introspection_c/abb_rapid_msgs/msg/detail/rob_target__type_support.c.o[0m
[11.671s] [ 36%] [32mBuilding C object CMakeFiles/abb_rapid_msgs__rosidl_typesupport_introspection_c.dir/rosidl_typesupport_introspection_c/abb_rapid_msgs/msg/detail/tool_data__type_support.c.o[0m
[11.700s] [ 37%] [32mBuilding C object CMakeFiles/abb_rapid_msgs__rosidl_typesupport_introspection_c.dir/rosidl_typesupport_introspection_c/abb_rapid_msgs/msg/detail/w_obj_data__type_support.c.o[0m
[11.799s] [ 38%] [32m[1mLinking C shared library libabb_rapid_msgs__rosidl_typesupport_introspection_c.so[0m
[11.881s] [ 39%] [32mBuilding CXX object CMakeFiles/abb_rapid_msgs__rosidl_typesupport_fastrtps_c.dir/rosidl_typesupport_fastrtps_c/abb_rapid_msgs/msg/detail/joint_target__type_support_c.cpp.o[0m
[11.886s] [ 40%] [32mBuilding CXX object CMakeFiles/abb_rapid_msgs__rosidl_typesupport_fastrtps_c.dir/rosidl_typesupport_fastrtps_c/abb_rapid_msgs/msg/detail/ext_joint__type_support_c.cpp.o[0m
[11.886s] [ 41%] [32mBuilding CXX object CMakeFiles/abb_rapid_msgs__rosidl_typesupport_fastrtps_c.dir/rosidl_typesupport_fastrtps_c/abb_rapid_msgs/msg/detail/conf_data__type_support_c.cpp.o[0m
[11.897s] [ 42%] [32mBuilding CXX object CMakeFiles/abb_rapid_msgs__rosidl_typesupport_fastrtps_c.dir/rosidl_typesupport_fastrtps_c/abb_rapid_msgs/msg/detail/load_data__type_support_c.cpp.o[0m
[11.903s] [ 42%] [32mBuilding CXX object CMakeFiles/abb_rapid_msgs__rosidl_typesupport_fastrtps_c.dir/rosidl_typesupport_fastrtps_c/abb_rapid_msgs/msg/detail/orient__type_support_c.cpp.o[0m
[12.012s] [ 42%] Built target abb_rapid_msgs__rosidl_typesupport_introspection_c
[12.035s] [ 43%] [32mBuilding CXX object CMakeFiles/abb_rapid_msgs__rosidl_typesupport_fastrtps_c.dir/rosidl_typesupport_fastrtps_c/abb_rapid_msgs/msg/detail/pos__type_support_c.cpp.o[0m
[12.065s] [ 44%] [32mBuilding CXX object CMakeFiles/abb_rapid_msgs__rosidl_typesupport_fastrtps_c.dir/rosidl_typesupport_fastrtps_c/abb_rapid_msgs/msg/detail/pose__type_support_c.cpp.o[0m
[12.221s] [ 45%] [32mBuilding CXX object CMakeFiles/abb_rapid_msgs__rosidl_typesupport_fastrtps_c.dir/rosidl_typesupport_fastrtps_c/abb_rapid_msgs/msg/detail/rob_joint__type_support_c.cpp.o[0m
[12.335s] [ 46%] [32mBuilding CXX object CMakeFiles/abb_rapid_msgs__rosidl_typesupport_fastrtps_c.dir/rosidl_typesupport_fastrtps_c/abb_rapid_msgs/msg/detail/rob_target__type_support_c.cpp.o[0m
[12.345s] [ 47%] [32mBuilding CXX object CMakeFiles/abb_rapid_msgs__rosidl_typesupport_fastrtps_c.dir/rosidl_typesupport_fastrtps_c/abb_rapid_msgs/msg/detail/tool_data__type_support_c.cpp.o[0m
[12.384s] [ 48%] [32mBuilding CXX object CMakeFiles/abb_rapid_msgs__rosidl_typesupport_fastrtps_c.dir/rosidl_typesupport_fastrtps_c/abb_rapid_msgs/msg/detail/w_obj_data__type_support_c.cpp.o[0m
[12.386s] [ 49%] [32mBuilding CXX object CMakeFiles/abb_rapid_msgs__rosidl_typesupport_c.dir/rosidl_typesupport_c/abb_rapid_msgs/msg/conf_data__type_support.cpp.o[0m
[12.493s] [ 49%] [32mBuilding CXX object CMakeFiles/abb_rapid_msgs__rosidl_typesupport_c.dir/rosidl_typesupport_c/abb_rapid_msgs/msg/joint_target__type_support.cpp.o[0m
[12.509s] [ 51%] [32mBuilding CXX object CMakeFiles/abb_rapid_msgs__rosidl_typesupport_c.dir/rosidl_typesupport_c/abb_rapid_msgs/msg/ext_joint__type_support.cpp.o[0m
[12.511s] [ 51%] [32m[1mLinking CXX shared library libabb_rapid_msgs__rosidl_typesupport_cpp.so[0m
[12.624s] [ 52%] [32mBuilding CXX object CMakeFiles/abb_rapid_msgs__rosidl_typesupport_c.dir/rosidl_typesupport_c/abb_rapid_msgs/msg/pos__type_support.cpp.o[0m
[12.629s] [ 53%] [32mBuilding CXX object CMakeFiles/abb_rapid_msgs__rosidl_typesupport_c.dir/rosidl_typesupport_c/abb_rapid_msgs/msg/load_data__type_support.cpp.o[0m
[12.648s] [ 54%] [32mBuilding CXX object CMakeFiles/abb_rapid_msgs__rosidl_typesupport_c.dir/rosidl_typesupport_c/abb_rapid_msgs/msg/orient__type_support.cpp.o[0m
[12.709s] [ 54%] Built target abb_rapid_msgs__rosidl_typesupport_cpp
[12.716s] [ 55%] [32mBuilding CXX object CMakeFiles/abb_rapid_msgs__rosidl_typesupport_c.dir/rosidl_typesupport_c/abb_rapid_msgs/msg/pose__type_support.cpp.o[0m
[12.759s] [ 56%] [32mBuilding CXX object CMakeFiles/abb_rapid_msgs__rosidl_typesupport_c.dir/rosidl_typesupport_c/abb_rapid_msgs/msg/rob_target__type_support.cpp.o[0m
[12.783s] [ 57%] [32mBuilding CXX object CMakeFiles/abb_rapid_msgs__rosidl_typesupport_c.dir/rosidl_typesupport_c/abb_rapid_msgs/msg/rob_joint__type_support.cpp.o[0m
[12.807s] [ 58%] [32mBuilding CXX object CMakeFiles/abb_rapid_msgs__rosidl_typesupport_c.dir/rosidl_typesupport_c/abb_rapid_msgs/msg/tool_data__type_support.cpp.o[0m
[12.863s] [ 59%] [32mBuilding CXX object CMakeFiles/abb_rapid_msgs__rosidl_typesupport_c.dir/rosidl_typesupport_c/abb_rapid_msgs/msg/w_obj_data__type_support.cpp.o[0m
[12.983s] [ 60%] [32m[1mLinking CXX shared library libabb_rapid_msgs__rosidl_typesupport_c.so[0m
[13.190s] [ 60%] Built target abb_rapid_msgs__rosidl_typesupport_c
[14.089s] [ 61%] [32m[1mLinking CXX shared library libabb_rapid_msgs__rosidl_typesupport_fastrtps_c.so[0m
[14.153s] [ 62%] [32mBuilding CXX object CMakeFiles/abb_rapid_msgs__rosidl_typesupport_introspection_cpp.dir/rosidl_typesupport_introspection_cpp/abb_rapid_msgs/msg/detail/joint_target__type_support.cpp.o[0m
[14.153s] [ 62%] [32mBuilding CXX object CMakeFiles/abb_rapid_msgs__rosidl_typesupport_introspection_cpp.dir/rosidl_typesupport_introspection_cpp/abb_rapid_msgs/msg/detail/ext_joint__type_support.cpp.o[0m
[14.160s] [ 63%] [32mBuilding CXX object CMakeFiles/abb_rapid_msgs__rosidl_typesupport_introspection_cpp.dir/rosidl_typesupport_introspection_cpp/abb_rapid_msgs/msg/detail/conf_data__type_support.cpp.o[0m
[14.160s] [ 64%] [32mBuilding CXX object CMakeFiles/abb_rapid_msgs__rosidl_typesupport_fastrtps_cpp.dir/rosidl_typesupport_fastrtps_cpp/abb_rapid_msgs/msg/detail/dds_fastrtps/joint_target__type_support.cpp.o[0m
[14.160s] [ 65%] [32mBuilding CXX object CMakeFiles/abb_rapid_msgs__rosidl_typesupport_introspection_cpp.dir/rosidl_typesupport_introspection_cpp/abb_rapid_msgs/msg/detail/pos__type_support.cpp.o[0m
[14.160s] [ 66%] [32mBuilding CXX object CMakeFiles/abb_rapid_msgs__rosidl_typesupport_fastrtps_cpp.dir/rosidl_typesupport_fastrtps_cpp/abb_rapid_msgs/msg/detail/dds_fastrtps/orient__type_support.cpp.o[0m
[14.160s] [ 67%] [32mBuilding CXX object CMakeFiles/abb_rapid_msgs__rosidl_typesupport_fastrtps_cpp.dir/rosidl_typesupport_fastrtps_cpp/abb_rapid_msgs/msg/detail/dds_fastrtps/load_data__type_support.cpp.o[0m
[14.173s] [ 68%] [32mBuilding CXX object CMakeFiles/abb_rapid_msgs__rosidl_typesupport_introspection_cpp.dir/rosidl_typesupport_introspection_cpp/abb_rapid_msgs/msg/detail/load_data__type_support.cpp.o[0m
[14.173s] [ 71%] [32mBuilding CXX object CMakeFiles/abb_rapid_msgs__rosidl_typesupport_fastrtps_cpp.dir/rosidl_typesupport_fastrtps_cpp/abb_rapid_msgs/msg/detail/dds_fastrtps/ext_joint__type_support.cpp.o[0m
[14.173s] [ 71%] [32mBuilding CXX object CMakeFiles/abb_rapid_msgs__rosidl_typesupport_introspection_cpp.dir/rosidl_typesupport_introspection_cpp/abb_rapid_msgs/msg/detail/orient__type_support.cpp.o[0m
[14.173s] [ 69%] [32mBuilding CXX object CMakeFiles/abb_rapid_msgs__rosidl_typesupport_introspection_cpp.dir/rosidl_typesupport_introspection_cpp/abb_rapid_msgs/msg/detail/pose__type_support.cpp.o[0m
[14.173s] [ 72%] [32mBuilding CXX object CMakeFiles/abb_rapid_msgs__rosidl_typesupport_fastrtps_cpp.dir/rosidl_typesupport_fastrtps_cpp/abb_rapid_msgs/msg/detail/dds_fastrtps/pose__type_support.cpp.o[0m
[14.173s] [ 73%] [32mBuilding CXX object CMakeFiles/abb_rapid_msgs__rosidl_typesupport_fastrtps_cpp.dir/rosidl_typesupport_fastrtps_cpp/abb_rapid_msgs/msg/detail/dds_fastrtps/conf_data__type_support.cpp.o[0m
[14.182s] [ 74%] [32mBuilding CXX object CMakeFiles/abb_rapid_msgs__rosidl_typesupport_fastrtps_cpp.dir/rosidl_typesupport_fastrtps_cpp/abb_rapid_msgs/msg/detail/dds_fastrtps/pos__type_support.cpp.o[0m
[14.182s] [ 75%] [32mBuilding CXX object CMakeFiles/abb_rapid_msgs__rosidl_typesupport_fastrtps_cpp.dir/rosidl_typesupport_fastrtps_cpp/abb_rapid_msgs/msg/detail/dds_fastrtps/rob_joint__type_support.cpp.o[0m
[14.722s] [ 75%] Built target abb_rapid_msgs__rosidl_typesupport_fastrtps_c
[14.749s] [ 76%] [32mBuilding CXX object CMakeFiles/abb_rapid_msgs__rosidl_typesupport_introspection_cpp.dir/rosidl_typesupport_introspection_cpp/abb_rapid_msgs/msg/detail/rob_joint__type_support.cpp.o[0m
[14.921s] [ 77%] [32mBuilding CXX object CMakeFiles/abb_rapid_msgs__rosidl_typesupport_introspection_cpp.dir/rosidl_typesupport_introspection_cpp/abb_rapid_msgs/msg/detail/rob_target__type_support.cpp.o[0m
[15.036s] [ 78%] [32mBuilding CXX object CMakeFiles/abb_rapid_msgs__rosidl_typesupport_introspection_cpp.dir/rosidl_typesupport_introspection_cpp/abb_rapid_msgs/msg/detail/w_obj_data__type_support.cpp.o[0m
[15.036s] [ 79%] [32mBuilding CXX object CMakeFiles/abb_rapid_msgs__rosidl_typesupport_introspection_cpp.dir/rosidl_typesupport_introspection_cpp/abb_rapid_msgs/msg/detail/tool_data__type_support.cpp.o[0m
[15.108s] [ 80%] [32mBuilding CXX object CMakeFiles/abb_rapid_msgs__rosidl_typesupport_fastrtps_cpp.dir/rosidl_typesupport_fastrtps_cpp/abb_rapid_msgs/msg/detail/dds_fastrtps/rob_target__type_support.cpp.o[0m
[15.141s] [ 80%] [32mBuilding CXX object CMakeFiles/abb_rapid_msgs__rosidl_typesupport_fastrtps_cpp.dir/rosidl_typesupport_fastrtps_cpp/abb_rapid_msgs/msg/detail/dds_fastrtps/tool_data__type_support.cpp.o[0m
[15.371s] [ 81%] [32mBuilding CXX object CMakeFiles/abb_rapid_msgs__rosidl_typesupport_fastrtps_cpp.dir/rosidl_typesupport_fastrtps_cpp/abb_rapid_msgs/msg/detail/dds_fastrtps/w_obj_data__type_support.cpp.o[0m
[17.416s] [ 82%] [32m[1mLinking CXX shared library libabb_rapid_msgs__rosidl_typesupport_introspection_cpp.so[0m
[17.444s] [ 83%] [32m[1mLinking CXX shared library libabb_rapid_msgs__rosidl_typesupport_fastrtps_cpp.so[0m
[17.682s] [ 83%] Built target abb_rapid_msgs__rosidl_typesupport_introspection_cpp
[17.716s] [ 83%] Built target abb_rapid_msgs__rosidl_typesupport_fastrtps_cpp
[17.817s] [ 83%] Built target abb_rapid_msgs
[17.859s] [ 84%] [34m[1mGenerating Python code for ROS interfaces[0m
[23.945s] [ 84%] Built target abb_rapid_msgs__py
[24.037s] [ 85%] [32mBuilding C object CMakeFiles/abb_rapid_msgs__rosidl_generator_py.dir/rosidl_generator_py/abb_rapid_msgs/msg/_conf_data_s.c.o[0m
[24.038s] [ 86%] [32mBuilding C object CMakeFiles/abb_rapid_msgs__rosidl_generator_py.dir/rosidl_generator_py/abb_rapid_msgs/msg/_ext_joint_s.c.o[0m
[24.039s] [ 87%] [32mBuilding C object CMakeFiles/abb_rapid_msgs__rosidl_generator_py.dir/rosidl_generator_py/abb_rapid_msgs/msg/_orient_s.c.o[0m
[24.041s] [ 88%] [32mBuilding C object CMakeFiles/abb_rapid_msgs__rosidl_generator_py.dir/rosidl_generator_py/abb_rapid_msgs/msg/_load_data_s.c.o[0m
[24.044s] [ 89%] [32mBuilding C object CMakeFiles/abb_rapid_msgs__rosidl_generator_py.dir/rosidl_generator_py/abb_rapid_msgs/msg/_joint_target_s.c.o[0m
[24.046s] [ 89%] [32mBuilding C object CMakeFiles/abb_rapid_msgs__rosidl_generator_py.dir/rosidl_generator_py/abb_rapid_msgs/msg/_pos_s.c.o[0m
[24.301s] [ 90%] [32mBuilding C object CMakeFiles/abb_rapid_msgs__rosidl_generator_py.dir/rosidl_generator_py/abb_rapid_msgs/msg/_tool_data_s.c.o[0m
[24.310s] [ 91%] [32mBuilding C object CMakeFiles/abb_rapid_msgs__rosidl_generator_py.dir/rosidl_generator_py/abb_rapid_msgs/msg/_w_obj_data_s.c.o[0m
[24.336s] [ 92%] [32mBuilding C object CMakeFiles/abb_rapid_msgs__rosidl_generator_py.dir/rosidl_generator_py/abb_rapid_msgs/msg/_rob_target_s.c.o[0m
[24.422s] [ 93%] [32mBuilding C object CMakeFiles/abb_rapid_msgs__rosidl_generator_py.dir/rosidl_generator_py/abb_rapid_msgs/msg/_rob_joint_s.c.o[0m
[24.472s] [ 94%] [32mBuilding C object CMakeFiles/abb_rapid_msgs__rosidl_generator_py.dir/rosidl_generator_py/abb_rapid_msgs/msg/_pose_s.c.o[0m
[24.807s] [ 95%] [32m[1mLinking C shared library rosidl_generator_py/abb_rapid_msgs/libabb_rapid_msgs__rosidl_generator_py.so[0m
[25.096s] [ 95%] Built target abb_rapid_msgs__rosidl_generator_py
[25.182s] [ 96%] [32mBuilding C object CMakeFiles/abb_rapid_msgs__rosidl_typesupport_fastrtps_c__pyext.dir/rosidl_generator_py/abb_rapid_msgs/_abb_rapid_msgs_s.ep.rosidl_typesupport_fastrtps_c.c.o[0m
[25.232s] [ 96%] [32mBuilding C object CMakeFiles/abb_rapid_msgs__rosidl_typesupport_c__pyext.dir/rosidl_generator_py/abb_rapid_msgs/_abb_rapid_msgs_s.ep.rosidl_typesupport_c.c.o[0m
[25.238s] [ 97%] [32mBuilding C object CMakeFiles/abb_rapid_msgs__rosidl_typesupport_introspection_c__pyext.dir/rosidl_generator_py/abb_rapid_msgs/_abb_rapid_msgs_s.ep.rosidl_typesupport_introspection_c.c.o[0m
[25.594s] [ 98%] [32m[1mLinking C shared library rosidl_generator_py/abb_rapid_msgs/abb_rapid_msgs_s__rosidl_typesupport_fastrtps_c.cpython-310-x86_64-linux-gnu.so[0m
[25.609s] [ 99%] [32m[1mLinking C shared library rosidl_generator_py/abb_rapid_msgs/abb_rapid_msgs_s__rosidl_typesupport_introspection_c.cpython-310-x86_64-linux-gnu.so[0m
[25.718s] [100%] [32m[1mLinking C shared library rosidl_generator_py/abb_rapid_msgs/abb_rapid_msgs_s__rosidl_typesupport_c.cpython-310-x86_64-linux-gnu.so[0m
[25.728s] [100%] Built target abb_rapid_msgs__rosidl_typesupport_introspection_c__pyext
[25.735s] [100%] Built target abb_rapid_msgs__rosidl_typesupport_fastrtps_c__pyext
[25.858s] [100%] Built target abb_rapid_msgs__rosidl_typesupport_c__pyext
[25.923s] Invoked command in '/home/ros2/dev_ws/build/abb_rapid_msgs' returned '0': CMAKE_PREFIX_PATH=${CMAKE_PREFIX_PATH}:/opt/ros/humble /usr/bin/cmake --build /home/ros2/dev_ws/build/abb_rapid_msgs -- -j16 -l16
[25.923s] Invoking command in '/home/ros2/dev_ws/build/abb_rapid_msgs': CMAKE_PREFIX_PATH=${CMAKE_PREFIX_PATH}:/opt/ros/humble /usr/bin/cmake --install /home/ros2/dev_ws/build/abb_rapid_msgs
[26.917s] -- Install configuration: ""
[26.918s] -- Execute custom install script
[26.918s] -- Symlinking: /home/ros2/dev_ws/install/abb_rapid_msgs/share/ament_index/resource_index/rosidl_interfaces/abb_rapid_msgs
[26.918s] -- Symlinking: /home/ros2/dev_ws/install/abb_rapid_msgs/include/abb_rapid_msgs/abb_rapid_msgs/msg/conf_data.h
[26.918s] -- Symlinking: /home/ros2/dev_ws/install/abb_rapid_msgs/include/abb_rapid_msgs/abb_rapid_msgs/msg/detail/conf_data__functions.h
[26.918s] -- Symlinking: /home/ros2/dev_ws/install/abb_rapid_msgs/include/abb_rapid_msgs/abb_rapid_msgs/msg/detail/conf_data__struct.h
[26.918s] -- Symlinking: /home/ros2/dev_ws/install/abb_rapid_msgs/include/abb_rapid_msgs/abb_rapid_msgs/msg/detail/conf_data__type_support.h
[26.918s] -- Symlinking: /home/ros2/dev_ws/install/abb_rapid_msgs/include/abb_rapid_msgs/abb_rapid_msgs/msg/detail/ext_joint__functions.h
[26.918s] -- Symlinking: /home/ros2/dev_ws/install/abb_rapid_msgs/include/abb_rapid_msgs/abb_rapid_msgs/msg/detail/ext_joint__struct.h
[26.918s] -- Symlinking: /home/ros2/dev_ws/install/abb_rapid_msgs/include/abb_rapid_msgs/abb_rapid_msgs/msg/detail/ext_joint__type_support.h
[26.918s] -- Symlinking: /home/ros2/dev_ws/install/abb_rapid_msgs/include/abb_rapid_msgs/abb_rapid_msgs/msg/detail/joint_target__functions.h
[26.919s] -- Symlinking: /home/ros2/dev_ws/install/abb_rapid_msgs/include/abb_rapid_msgs/abb_rapid_msgs/msg/detail/joint_target__struct.h
[26.919s] -- Symlinking: /home/ros2/dev_ws/install/abb_rapid_msgs/include/abb_rapid_msgs/abb_rapid_msgs/msg/detail/joint_target__type_support.h
[26.919s] -- Symlinking: /home/ros2/dev_ws/install/abb_rapid_msgs/include/abb_rapid_msgs/abb_rapid_msgs/msg/detail/load_data__functions.h
[26.919s] -- Symlinking: /home/ros2/dev_ws/install/abb_rapid_msgs/include/abb_rapid_msgs/abb_rapid_msgs/msg/detail/load_data__struct.h
[26.919s] -- Symlinking: /home/ros2/dev_ws/install/abb_rapid_msgs/include/abb_rapid_msgs/abb_rapid_msgs/msg/detail/load_data__type_support.h
[26.919s] -- Symlinking: /home/ros2/dev_ws/install/abb_rapid_msgs/include/abb_rapid_msgs/abb_rapid_msgs/msg/detail/orient__functions.h
[26.919s] -- Symlinking: /home/ros2/dev_ws/install/abb_rapid_msgs/include/abb_rapid_msgs/abb_rapid_msgs/msg/detail/orient__struct.h
[26.920s] -- Symlinking: /home/ros2/dev_ws/install/abb_rapid_msgs/include/abb_rapid_msgs/abb_rapid_msgs/msg/detail/orient__type_support.h
[26.920s] -- Symlinking: /home/ros2/dev_ws/install/abb_rapid_msgs/include/abb_rapid_msgs/abb_rapid_msgs/msg/detail/pos__functions.h
[26.925s] -- Symlinking: /home/ros2/dev_ws/install/abb_rapid_msgs/include/abb_rapid_msgs/abb_rapid_msgs/msg/detail/pos__struct.h
[26.925s] -- Symlinking: /home/ros2/dev_ws/install/abb_rapid_msgs/include/abb_rapid_msgs/abb_rapid_msgs/msg/detail/pos__type_support.h
[26.925s] -- Symlinking: /home/ros2/dev_ws/install/abb_rapid_msgs/include/abb_rapid_msgs/abb_rapid_msgs/msg/detail/pose__functions.h
[26.928s] -- Symlinking: /home/ros2/dev_ws/install/abb_rapid_msgs/include/abb_rapid_msgs/abb_rapid_msgs/msg/detail/pose__struct.h
[26.928s] -- Symlinking: /home/ros2/dev_ws/install/abb_rapid_msgs/include/abb_rapid_msgs/abb_rapid_msgs/msg/detail/pose__type_support.h
[26.928s] -- Symlinking: /home/ros2/dev_ws/install/abb_rapid_msgs/include/abb_rapid_msgs/abb_rapid_msgs/msg/detail/rob_joint__functions.h
[26.928s] -- Symlinking: /home/ros2/dev_ws/install/abb_rapid_msgs/include/abb_rapid_msgs/abb_rapid_msgs/msg/detail/rob_joint__struct.h
[26.928s] -- Symlinking: /home/ros2/dev_ws/install/abb_rapid_msgs/include/abb_rapid_msgs/abb_rapid_msgs/msg/detail/rob_joint__type_support.h
[26.929s] -- Symlinking: /home/ros2/dev_ws/install/abb_rapid_msgs/include/abb_rapid_msgs/abb_rapid_msgs/msg/detail/rob_target__functions.h
[26.929s] -- Symlinking: /home/ros2/dev_ws/install/abb_rapid_msgs/include/abb_rapid_msgs/abb_rapid_msgs/msg/detail/rob_target__struct.h
[26.929s] -- Symlinking: /home/ros2/dev_ws/install/abb_rapid_msgs/include/abb_rapid_msgs/abb_rapid_msgs/msg/detail/rob_target__type_support.h
[26.955s] -- Symlinking: /home/ros2/dev_ws/install/abb_rapid_msgs/include/abb_rapid_msgs/abb_rapid_msgs/msg/detail/tool_data__functions.h
[26.988s] -- Symlinking: /home/ros2/dev_ws/install/abb_rapid_msgs/include/abb_rapid_msgs/abb_rapid_msgs/msg/detail/tool_data__struct.h
[27.030s] -- Symlinking: /home/ros2/dev_ws/install/abb_rapid_msgs/include/abb_rapid_msgs/abb_rapid_msgs/msg/detail/tool_data__type_support.h
[27.057s] -- Symlinking: /home/ros2/dev_ws/install/abb_rapid_msgs/include/abb_rapid_msgs/abb_rapid_msgs/msg/detail/w_obj_data__functions.h
[27.079s] -- Symlinking: /home/ros2/dev_ws/install/abb_rapid_msgs/include/abb_rapid_msgs/abb_rapid_msgs/msg/detail/w_obj_data__struct.h
[27.110s] -- Symlinking: /home/ros2/dev_ws/install/abb_rapid_msgs/include/abb_rapid_msgs/abb_rapid_msgs/msg/detail/w_obj_data__type_support.h
[27.133s] -- Symlinking: /home/ros2/dev_ws/install/abb_rapid_msgs/include/abb_rapid_msgs/abb_rapid_msgs/msg/ext_joint.h
[27.161s] -- Symlinking: /home/ros2/dev_ws/install/abb_rapid_msgs/include/abb_rapid_msgs/abb_rapid_msgs/msg/joint_target.h
[27.187s] -- Symlinking: /home/ros2/dev_ws/install/abb_rapid_msgs/include/abb_rapid_msgs/abb_rapid_msgs/msg/load_data.h
[27.211s] -- Symlinking: /home/ros2/dev_ws/install/abb_rapid_msgs/include/abb_rapid_msgs/abb_rapid_msgs/msg/orient.h
[27.227s] -- Symlinking: /home/ros2/dev_ws/install/abb_rapid_msgs/include/abb_rapid_msgs/abb_rapid_msgs/msg/pos.h
[27.258s] -- Symlinking: /home/ros2/dev_ws/install/abb_rapid_msgs/include/abb_rapid_msgs/abb_rapid_msgs/msg/pose.h
[27.289s] -- Symlinking: /home/ros2/dev_ws/install/abb_rapid_msgs/include/abb_rapid_msgs/abb_rapid_msgs/msg/rob_joint.h
[27.319s] -- Symlinking: /home/ros2/dev_ws/install/abb_rapid_msgs/include/abb_rapid_msgs/abb_rapid_msgs/msg/rob_target.h
[27.346s] -- Symlinking: /home/ros2/dev_ws/install/abb_rapid_msgs/include/abb_rapid_msgs/abb_rapid_msgs/msg/rosidl_generator_c__visibility_control.h
[27.360s] -- Symlinking: /home/ros2/dev_ws/install/abb_rapid_msgs/include/abb_rapid_msgs/abb_rapid_msgs/msg/tool_data.h
[27.382s] -- Symlinking: /home/ros2/dev_ws/install/abb_rapid_msgs/include/abb_rapid_msgs/abb_rapid_msgs/msg/w_obj_data.h
[27.405s] -- Symlinking: /home/ros2/dev_ws/install/abb_rapid_msgs/share/abb_rapid_msgs/environment/library_path.sh
[27.419s] -- Symlinking: /home/ros2/dev_ws/install/abb_rapid_msgs/share/abb_rapid_msgs/environment/library_path.dsv
[27.435s] -- Symlinking: /home/ros2/dev_ws/install/abb_rapid_msgs/include/abb_rapid_msgs/abb_rapid_msgs/msg/detail/conf_data__rosidl_typesupport_fastrtps_c.h
[27.449s] -- Symlinking: /home/ros2/dev_ws/install/abb_rapid_msgs/include/abb_rapid_msgs/abb_rapid_msgs/msg/detail/ext_joint__rosidl_typesupport_fastrtps_c.h
[27.476s] -- Symlinking: /home/ros2/dev_ws/install/abb_rapid_msgs/include/abb_rapid_msgs/abb_rapid_msgs/msg/detail/joint_target__rosidl_typesupport_fastrtps_c.h
[27.503s] -- Symlinking: /home/ros2/dev_ws/install/abb_rapid_msgs/include/abb_rapid_msgs/abb_rapid_msgs/msg/detail/load_data__rosidl_typesupport_fastrtps_c.h
[27.518s] -- Symlinking: /home/ros2/dev_ws/install/abb_rapid_msgs/include/abb_rapid_msgs/abb_rapid_msgs/msg/detail/orient__rosidl_typesupport_fastrtps_c.h
[27.546s] -- Symlinking: /home/ros2/dev_ws/install/abb_rapid_msgs/include/abb_rapid_msgs/abb_rapid_msgs/msg/detail/pos__rosidl_typesupport_fastrtps_c.h
[27.575s] -- Symlinking: /home/ros2/dev_ws/install/abb_rapid_msgs/include/abb_rapid_msgs/abb_rapid_msgs/msg/detail/pose__rosidl_typesupport_fastrtps_c.h
[27.598s] -- Symlinking: /home/ros2/dev_ws/install/abb_rapid_msgs/include/abb_rapid_msgs/abb_rapid_msgs/msg/detail/rob_joint__rosidl_typesupport_fastrtps_c.h
[27.628s] -- Symlinking: /home/ros2/dev_ws/install/abb_rapid_msgs/include/abb_rapid_msgs/abb_rapid_msgs/msg/detail/rob_target__rosidl_typesupport_fastrtps_c.h
[27.650s] -- Symlinking: /home/ros2/dev_ws/install/abb_rapid_msgs/include/abb_rapid_msgs/abb_rapid_msgs/msg/detail/tool_data__rosidl_typesupport_fastrtps_c.h
[27.679s] -- Symlinking: /home/ros2/dev_ws/install/abb_rapid_msgs/include/abb_rapid_msgs/abb_rapid_msgs/msg/detail/w_obj_data__rosidl_typesupport_fastrtps_c.h
[27.695s] -- Symlinking: /home/ros2/dev_ws/install/abb_rapid_msgs/include/abb_rapid_msgs/abb_rapid_msgs/msg/rosidl_typesupport_fastrtps_c__visibility_control.h
[27.714s] -- Symlinking: /home/ros2/dev_ws/install/abb_rapid_msgs/include/abb_rapid_msgs/abb_rapid_msgs/msg/detail/conf_data__rosidl_typesupport_introspection_c.h
[27.731s] -- Symlinking: /home/ros2/dev_ws/install/abb_rapid_msgs/include/abb_rapid_msgs/abb_rapid_msgs/msg/detail/ext_joint__rosidl_typesupport_introspection_c.h
[27.756s] -- Symlinking: /home/ros2/dev_ws/install/abb_rapid_msgs/include/abb_rapid_msgs/abb_rapid_msgs/msg/detail/joint_target__rosidl_typesupport_introspection_c.h
[27.778s] -- Symlinking: /home/ros2/dev_ws/install/abb_rapid_msgs/include/abb_rapid_msgs/abb_rapid_msgs/msg/detail/load_data__rosidl_typesupport_introspection_c.h
[27.801s] -- Symlinking: /home/ros2/dev_ws/install/abb_rapid_msgs/include/abb_rapid_msgs/abb_rapid_msgs/msg/detail/orient__rosidl_typesupport_introspection_c.h
[27.819s] -- Symlinking: /home/ros2/dev_ws/install/abb_rapid_msgs/include/abb_rapid_msgs/abb_rapid_msgs/msg/detail/pos__rosidl_typesupport_introspection_c.h
[27.834s] -- Symlinking: /home/ros2/dev_ws/install/abb_rapid_msgs/include/abb_rapid_msgs/abb_rapid_msgs/msg/detail/pose__rosidl_typesupport_introspection_c.h
[27.854s] -- Symlinking: /home/ros2/dev_ws/install/abb_rapid_msgs/include/abb_rapid_msgs/abb_rapid_msgs/msg/detail/rob_joint__rosidl_typesupport_introspection_c.h
[27.867s] -- Symlinking: /home/ros2/dev_ws/install/abb_rapid_msgs/include/abb_rapid_msgs/abb_rapid_msgs/msg/detail/rob_target__rosidl_typesupport_introspection_c.h
[27.878s] -- Symlinking: /home/ros2/dev_ws/install/abb_rapid_msgs/include/abb_rapid_msgs/abb_rapid_msgs/msg/detail/tool_data__rosidl_typesupport_introspection_c.h
[27.890s] -- Symlinking: /home/ros2/dev_ws/install/abb_rapid_msgs/include/abb_rapid_msgs/abb_rapid_msgs/msg/detail/w_obj_data__rosidl_typesupport_introspection_c.h
[27.902s] -- Symlinking: /home/ros2/dev_ws/install/abb_rapid_msgs/include/abb_rapid_msgs/abb_rapid_msgs/msg/rosidl_typesupport_introspection_c__visibility_control.h
[27.913s] -- Symlinking: /home/ros2/dev_ws/install/abb_rapid_msgs/include/abb_rapid_msgs/abb_rapid_msgs/msg/conf_data.hpp
[27.925s] -- Symlinking: /home/ros2/dev_ws/install/abb_rapid_msgs/include/abb_rapid_msgs/abb_rapid_msgs/msg/detail/conf_data__builder.hpp
[27.938s] -- Symlinking: /home/ros2/dev_ws/install/abb_rapid_msgs/include/abb_rapid_msgs/abb_rapid_msgs/msg/detail/conf_data__struct.hpp
[27.950s] -- Symlinking: /home/ros2/dev_ws/install/abb_rapid_msgs/include/abb_rapid_msgs/abb_rapid_msgs/msg/detail/conf_data__traits.hpp
[27.962s] -- Symlinking: /home/ros2/dev_ws/install/abb_rapid_msgs/include/abb_rapid_msgs/abb_rapid_msgs/msg/detail/conf_data__type_support.hpp
[27.977s] -- Symlinking: /home/ros2/dev_ws/install/abb_rapid_msgs/include/abb_rapid_msgs/abb_rapid_msgs/msg/detail/ext_joint__builder.hpp
[27.986s] -- Symlinking: /home/ros2/dev_ws/install/abb_rapid_msgs/include/abb_rapid_msgs/abb_rapid_msgs/msg/detail/ext_joint__struct.hpp
[27.998s] -- Symlinking: /home/ros2/dev_ws/install/abb_rapid_msgs/include/abb_rapid_msgs/abb_rapid_msgs/msg/detail/ext_joint__traits.hpp
[28.011s] -- Symlinking: /home/ros2/dev_ws/install/abb_rapid_msgs/include/abb_rapid_msgs/abb_rapid_msgs/msg/detail/ext_joint__type_support.hpp
[28.025s] -- Symlinking: /home/ros2/dev_ws/install/abb_rapid_msgs/include/abb_rapid_msgs/abb_rapid_msgs/msg/detail/joint_target__builder.hpp
[28.036s] -- Symlinking: /home/ros2/dev_ws/install/abb_rapid_msgs/include/abb_rapid_msgs/abb_rapid_msgs/msg/detail/joint_target__struct.hpp
[28.046s] -- Symlinking: /home/ros2/dev_ws/install/abb_rapid_msgs/include/abb_rapid_msgs/abb_rapid_msgs/msg/detail/joint_target__traits.hpp
[28.058s] -- Symlinking: /home/ros2/dev_ws/install/abb_rapid_msgs/include/abb_rapid_msgs/abb_rapid_msgs/msg/detail/joint_target__type_support.hpp
[28.071s] -- Symlinking: /home/ros2/dev_ws/install/abb_rapid_msgs/include/abb_rapid_msgs/abb_rapid_msgs/msg/detail/load_data__builder.hpp
[28.084s] -- Symlinking: /home/ros2/dev_ws/install/abb_rapid_msgs/include/abb_rapid_msgs/abb_rapid_msgs/msg/detail/load_data__struct.hpp
[28.090s] -- Symlinking: /home/ros2/dev_ws/install/abb_rapid_msgs/include/abb_rapid_msgs/abb_rapid_msgs/msg/detail/load_data__traits.hpp
[28.102s] -- Symlinking: /home/ros2/dev_ws/install/abb_rapid_msgs/include/abb_rapid_msgs/abb_rapid_msgs/msg/detail/load_data__type_support.hpp
[28.116s] -- Symlinking: /home/ros2/dev_ws/install/abb_rapid_msgs/include/abb_rapid_msgs/abb_rapid_msgs/msg/detail/orient__builder.hpp
[28.131s] -- Symlinking: /home/ros2/dev_ws/install/abb_rapid_msgs/include/abb_rapid_msgs/abb_rapid_msgs/msg/detail/orient__struct.hpp
[28.147s] -- Symlinking: /home/ros2/dev_ws/install/abb_rapid_msgs/include/abb_rapid_msgs/abb_rapid_msgs/msg/detail/orient__traits.hpp
[28.164s] -- Symlinking: /home/ros2/dev_ws/install/abb_rapid_msgs/include/abb_rapid_msgs/abb_rapid_msgs/msg/detail/orient__type_support.hpp
[28.185s] -- Symlinking: /home/ros2/dev_ws/install/abb_rapid_msgs/include/abb_rapid_msgs/abb_rapid_msgs/msg/detail/pos__builder.hpp
[28.205s] -- Symlinking: /home/ros2/dev_ws/install/abb_rapid_msgs/include/abb_rapid_msgs/abb_rapid_msgs/msg/detail/pos__struct.hpp
[28.217s] -- Symlinking: /home/ros2/dev_ws/install/abb_rapid_msgs/include/abb_rapid_msgs/abb_rapid_msgs/msg/detail/pos__traits.hpp
[28.234s] -- Symlinking: /home/ros2/dev_ws/install/abb_rapid_msgs/include/abb_rapid_msgs/abb_rapid_msgs/msg/detail/pos__type_support.hpp
[28.245s] -- Symlinking: /home/ros2/dev_ws/install/abb_rapid_msgs/include/abb_rapid_msgs/abb_rapid_msgs/msg/detail/pose__builder.hpp
[28.260s] -- Symlinking: /home/ros2/dev_ws/install/abb_rapid_msgs/include/abb_rapid_msgs/abb_rapid_msgs/msg/detail/pose__struct.hpp
[28.277s] -- Symlinking: /home/ros2/dev_ws/install/abb_rapid_msgs/include/abb_rapid_msgs/abb_rapid_msgs/msg/detail/pose__traits.hpp
[28.293s] -- Symlinking: /home/ros2/dev_ws/install/abb_rapid_msgs/include/abb_rapid_msgs/abb_rapid_msgs/msg/detail/pose__type_support.hpp
[28.303s] -- Symlinking: /home/ros2/dev_ws/install/abb_rapid_msgs/include/abb_rapid_msgs/abb_rapid_msgs/msg/detail/rob_joint__builder.hpp
[28.317s] -- Symlinking: /home/ros2/dev_ws/install/abb_rapid_msgs/include/abb_rapid_msgs/abb_rapid_msgs/msg/detail/rob_joint__struct.hpp
[28.334s] -- Symlinking: /home/ros2/dev_ws/install/abb_rapid_msgs/include/abb_rapid_msgs/abb_rapid_msgs/msg/detail/rob_joint__traits.hpp
[28.346s] -- Symlinking: /home/ros2/dev_ws/install/abb_rapid_msgs/include/abb_rapid_msgs/abb_rapid_msgs/msg/detail/rob_joint__type_support.hpp
[28.357s] -- Symlinking: /home/ros2/dev_ws/install/abb_rapid_msgs/include/abb_rapid_msgs/abb_rapid_msgs/msg/detail/rob_target__builder.hpp
[28.375s] -- Symlinking: /home/ros2/dev_ws/install/abb_rapid_msgs/include/abb_rapid_msgs/abb_rapid_msgs/msg/detail/rob_target__struct.hpp
[28.397s] -- Symlinking: /home/ros2/dev_ws/install/abb_rapid_msgs/include/abb_rapid_msgs/abb_rapid_msgs/msg/detail/rob_target__traits.hpp
[28.413s] -- Symlinking: /home/ros2/dev_ws/install/abb_rapid_msgs/include/abb_rapid_msgs/abb_rapid_msgs/msg/detail/rob_target__type_support.hpp
[28.431s] -- Symlinking: /home/ros2/dev_ws/install/abb_rapid_msgs/include/abb_rapid_msgs/abb_rapid_msgs/msg/detail/tool_data__builder.hpp
[28.448s] -- Symlinking: /home/ros2/dev_ws/install/abb_rapid_msgs/include/abb_rapid_msgs/abb_rapid_msgs/msg/detail/tool_data__struct.hpp
[28.465s] -- Symlinking: /home/ros2/dev_ws/install/abb_rapid_msgs/include/abb_rapid_msgs/abb_rapid_msgs/msg/detail/tool_data__traits.hpp
[28.482s] -- Symlinking: /home/ros2/dev_ws/install/abb_rapid_msgs/include/abb_rapid_msgs/abb_rapid_msgs/msg/detail/tool_data__type_support.hpp
[28.498s] -- Symlinking: /home/ros2/dev_ws/install/abb_rapid_msgs/include/abb_rapid_msgs/abb_rapid_msgs/msg/detail/w_obj_data__builder.hpp
[28.515s] -- Symlinking: /home/ros2/dev_ws/install/abb_rapid_msgs/include/abb_rapid_msgs/abb_rapid_msgs/msg/detail/w_obj_data__struct.hpp
[28.529s] -- Symlinking: /home/ros2/dev_ws/install/abb_rapid_msgs/include/abb_rapid_msgs/abb_rapid_msgs/msg/detail/w_obj_data__traits.hpp
[28.546s] -- Symlinking: /home/ros2/dev_ws/install/abb_rapid_msgs/include/abb_rapid_msgs/abb_rapid_msgs/msg/detail/w_obj_data__type_support.hpp
[28.563s] -- Symlinking: /home/ros2/dev_ws/install/abb_rapid_msgs/include/abb_rapid_msgs/abb_rapid_msgs/msg/ext_joint.hpp
[28.580s] -- Symlinking: /home/ros2/dev_ws/install/abb_rapid_msgs/include/abb_rapid_msgs/abb_rapid_msgs/msg/joint_target.hpp
[28.594s] -- Symlinking: /home/ros2/dev_ws/install/abb_rapid_msgs/include/abb_rapid_msgs/abb_rapid_msgs/msg/load_data.hpp
[28.615s] -- Symlinking: /home/ros2/dev_ws/install/abb_rapid_msgs/include/abb_rapid_msgs/abb_rapid_msgs/msg/orient.hpp
[28.628s] -- Symlinking: /home/ros2/dev_ws/install/abb_rapid_msgs/include/abb_rapid_msgs/abb_rapid_msgs/msg/pos.hpp
[28.649s] -- Symlinking: /home/ros2/dev_ws/install/abb_rapid_msgs/include/abb_rapid_msgs/abb_rapid_msgs/msg/pose.hpp
[28.658s] -- Symlinking: /home/ros2/dev_ws/install/abb_rapid_msgs/include/abb_rapid_msgs/abb_rapid_msgs/msg/rob_joint.hpp
[28.670s] -- Symlinking: /home/ros2/dev_ws/install/abb_rapid_msgs/include/abb_rapid_msgs/abb_rapid_msgs/msg/rob_target.hpp
[28.683s] -- Symlinking: /home/ros2/dev_ws/install/abb_rapid_msgs/include/abb_rapid_msgs/abb_rapid_msgs/msg/rosidl_generator_cpp__visibility_control.hpp
[28.706s] -- Symlinking: /home/ros2/dev_ws/install/abb_rapid_msgs/include/abb_rapid_msgs/abb_rapid_msgs/msg/tool_data.hpp
[28.733s] -- Symlinking: /home/ros2/dev_ws/install/abb_rapid_msgs/include/abb_rapid_msgs/abb_rapid_msgs/msg/w_obj_data.hpp
[28.751s] -- Symlinking: /home/ros2/dev_ws/install/abb_rapid_msgs/include/abb_rapid_msgs/abb_rapid_msgs/msg/detail/conf_data__rosidl_typesupport_fastrtps_cpp.hpp
[28.772s] -- Symlinking: /home/ros2/dev_ws/install/abb_rapid_msgs/include/abb_rapid_msgs/abb_rapid_msgs/msg/detail/ext_joint__rosidl_typesupport_fastrtps_cpp.hpp
[28.804s] -- Symlinking: /home/ros2/dev_ws/install/abb_rapid_msgs/include/abb_rapid_msgs/abb_rapid_msgs/msg/detail/joint_target__rosidl_typesupport_fastrtps_cpp.hpp
[28.819s] -- Symlinking: /home/ros2/dev_ws/install/abb_rapid_msgs/include/abb_rapid_msgs/abb_rapid_msgs/msg/detail/load_data__rosidl_typesupport_fastrtps_cpp.hpp
[28.829s] -- Symlinking: /home/ros2/dev_ws/install/abb_rapid_msgs/include/abb_rapid_msgs/abb_rapid_msgs/msg/detail/orient__rosidl_typesupport_fastrtps_cpp.hpp
[28.841s] -- Symlinking: /home/ros2/dev_ws/install/abb_rapid_msgs/include/abb_rapid_msgs/abb_rapid_msgs/msg/detail/pos__rosidl_typesupport_fastrtps_cpp.hpp
[28.858s] -- Symlinking: /home/ros2/dev_ws/install/abb_rapid_msgs/include/abb_rapid_msgs/abb_rapid_msgs/msg/detail/pose__rosidl_typesupport_fastrtps_cpp.hpp
[28.870s] -- Symlinking: /home/ros2/dev_ws/install/abb_rapid_msgs/include/abb_rapid_msgs/abb_rapid_msgs/msg/detail/rob_joint__rosidl_typesupport_fastrtps_cpp.hpp
[28.896s] -- Symlinking: /home/ros2/dev_ws/install/abb_rapid_msgs/include/abb_rapid_msgs/abb_rapid_msgs/msg/detail/rob_target__rosidl_typesupport_fastrtps_cpp.hpp
[28.911s] -- Symlinking: /home/ros2/dev_ws/install/abb_rapid_msgs/include/abb_rapid_msgs/abb_rapid_msgs/msg/detail/tool_data__rosidl_typesupport_fastrtps_cpp.hpp
[28.943s] -- Symlinking: /home/ros2/dev_ws/install/abb_rapid_msgs/include/abb_rapid_msgs/abb_rapid_msgs/msg/detail/w_obj_data__rosidl_typesupport_fastrtps_cpp.hpp
[28.963s] -- Symlinking: /home/ros2/dev_ws/install/abb_rapid_msgs/include/abb_rapid_msgs/abb_rapid_msgs/msg/rosidl_typesupport_fastrtps_cpp__visibility_control.h
[28.983s] -- Symlinking: /home/ros2/dev_ws/install/abb_rapid_msgs/include/abb_rapid_msgs/abb_rapid_msgs/msg/detail/conf_data__rosidl_typesupport_introspection_cpp.hpp
[28.998s] -- Symlinking: /home/ros2/dev_ws/install/abb_rapid_msgs/include/abb_rapid_msgs/abb_rapid_msgs/msg/detail/ext_joint__rosidl_typesupport_introspection_cpp.hpp
[29.017s] -- Symlinking: /home/ros2/dev_ws/install/abb_rapid_msgs/include/abb_rapid_msgs/abb_rapid_msgs/msg/detail/joint_target__rosidl_typesupport_introspection_cpp.hpp
[29.031s] -- Symlinking: /home/ros2/dev_ws/install/abb_rapid_msgs/include/abb_rapid_msgs/abb_rapid_msgs/msg/detail/load_data__rosidl_typesupport_introspection_cpp.hpp
[29.051s] -- Symlinking: /home/ros2/dev_ws/install/abb_rapid_msgs/include/abb_rapid_msgs/abb_rapid_msgs/msg/detail/orient__rosidl_typesupport_introspection_cpp.hpp
[29.072s] -- Symlinking: /home/ros2/dev_ws/install/abb_rapid_msgs/include/abb_rapid_msgs/abb_rapid_msgs/msg/detail/pos__rosidl_typesupport_introspection_cpp.hpp
[29.089s] -- Symlinking: /home/ros2/dev_ws/install/abb_rapid_msgs/include/abb_rapid_msgs/abb_rapid_msgs/msg/detail/pose__rosidl_typesupport_introspection_cpp.hpp
[29.122s] -- Symlinking: /home/ros2/dev_ws/install/abb_rapid_msgs/include/abb_rapid_msgs/abb_rapid_msgs/msg/detail/rob_joint__rosidl_typesupport_introspection_cpp.hpp
[29.149s] -- Symlinking: /home/ros2/dev_ws/install/abb_rapid_msgs/include/abb_rapid_msgs/abb_rapid_msgs/msg/detail/rob_target__rosidl_typesupport_introspection_cpp.hpp
[29.176s] -- Symlinking: /home/ros2/dev_ws/install/abb_rapid_msgs/include/abb_rapid_msgs/abb_rapid_msgs/msg/detail/tool_data__rosidl_typesupport_introspection_cpp.hpp
[29.189s] -- Symlinking: /home/ros2/dev_ws/install/abb_rapid_msgs/include/abb_rapid_msgs/abb_rapid_msgs/msg/detail/w_obj_data__rosidl_typesupport_introspection_cpp.hpp
[29.213s] -- Symlinking: /home/ros2/dev_ws/install/abb_rapid_msgs/share/abb_rapid_msgs/environment/pythonpath.sh
[29.229s] -- Symlinking: /home/ros2/dev_ws/install/abb_rapid_msgs/share/abb_rapid_msgs/environment/pythonpath.dsv
[29.256s] -- Symlinking: /home/ros2/dev_ws/install/abb_rapid_msgs/local/lib/python3.10/dist-packages/abb_rapid_msgs-1.0.0-py3.10.egg-info/PKG-INFO
[29.280s] -- Symlinking: /home/ros2/dev_ws/install/abb_rapid_msgs/local/lib/python3.10/dist-packages/abb_rapid_msgs-1.0.0-py3.10.egg-info/SOURCES.txt
[29.313s] -- Symlinking: /home/ros2/dev_ws/install/abb_rapid_msgs/local/lib/python3.10/dist-packages/abb_rapid_msgs-1.0.0-py3.10.egg-info/dependency_links.txt
[29.336s] -- Symlinking: /home/ros2/dev_ws/install/abb_rapid_msgs/local/lib/python3.10/dist-packages/abb_rapid_msgs-1.0.0-py3.10.egg-info/top_level.txt
[29.356s] -- Symlinking: /home/ros2/dev_ws/install/abb_rapid_msgs/local/lib/python3.10/dist-packages/abb_rapid_msgs/__init__.py
[29.387s] -- Symlinking: /home/ros2/dev_ws/install/abb_rapid_msgs/local/lib/python3.10/dist-packages/abb_rapid_msgs/_abb_rapid_msgs_s.ep.rosidl_typesupport_c.c
[29.401s] -- Symlinking: /home/ros2/dev_ws/install/abb_rapid_msgs/local/lib/python3.10/dist-packages/abb_rapid_msgs/_abb_rapid_msgs_s.ep.rosidl_typesupport_fastrtps_c.c
[29.414s] -- Symlinking: /home/ros2/dev_ws/install/abb_rapid_msgs/local/lib/python3.10/dist-packages/abb_rapid_msgs/_abb_rapid_msgs_s.ep.rosidl_typesupport_introspection_c.c
[29.425s] -- Symlinking: /home/ros2/dev_ws/install/abb_rapid_msgs/local/lib/python3.10/dist-packages/abb_rapid_msgs/abb_rapid_msgs_s__rosidl_typesupport_c.cpython-310-x86_64-linux-gnu.so
[29.440s] -- Symlinking: /home/ros2/dev_ws/install/abb_rapid_msgs/local/lib/python3.10/dist-packages/abb_rapid_msgs/abb_rapid_msgs_s__rosidl_typesupport_fastrtps_c.cpython-310-x86_64-linux-gnu.so
[29.454s] -- Symlinking: /home/ros2/dev_ws/install/abb_rapid_msgs/local/lib/python3.10/dist-packages/abb_rapid_msgs/abb_rapid_msgs_s__rosidl_typesupport_introspection_c.cpython-310-x86_64-linux-gnu.so
[29.467s] -- Symlinking: /home/ros2/dev_ws/install/abb_rapid_msgs/local/lib/python3.10/dist-packages/abb_rapid_msgs/libabb_rapid_msgs__rosidl_generator_py.so
[29.479s] -- Symlinking: /home/ros2/dev_ws/install/abb_rapid_msgs/local/lib/python3.10/dist-packages/abb_rapid_msgs/msg/__init__.py
[29.494s] -- Symlinking: /home/ros2/dev_ws/install/abb_rapid_msgs/local/lib/python3.10/dist-packages/abb_rapid_msgs/msg/_conf_data.py
[29.513s] -- Symlinking: /home/ros2/dev_ws/install/abb_rapid_msgs/local/lib/python3.10/dist-packages/abb_rapid_msgs/msg/_conf_data_s.c
[29.529s] -- Symlinking: /home/ros2/dev_ws/install/abb_rapid_msgs/local/lib/python3.10/dist-packages/abb_rapid_msgs/msg/_ext_joint.py
[29.536s] -- Symlinking: /home/ros2/dev_ws/install/abb_rapid_msgs/local/lib/python3.10/dist-packages/abb_rapid_msgs/msg/_ext_joint_s.c
[29.555s] -- Symlinking: /home/ros2/dev_ws/install/abb_rapid_msgs/local/lib/python3.10/dist-packages/abb_rapid_msgs/msg/_joint_target.py
[29.570s] -- Symlinking: /home/ros2/dev_ws/install/abb_rapid_msgs/local/lib/python3.10/dist-packages/abb_rapid_msgs/msg/_joint_target_s.c
[29.588s] -- Symlinking: /home/ros2/dev_ws/install/abb_rapid_msgs/local/lib/python3.10/dist-packages/abb_rapid_msgs/msg/_load_data.py
[29.602s] -- Symlinking: /home/ros2/dev_ws/install/abb_rapid_msgs/local/lib/python3.10/dist-packages/abb_rapid_msgs/msg/_load_data_s.c
[29.613s] -- Symlinking: /home/ros2/dev_ws/install/abb_rapid_msgs/local/lib/python3.10/dist-packages/abb_rapid_msgs/msg/_orient.py
[29.627s] -- Symlinking: /home/ros2/dev_ws/install/abb_rapid_msgs/local/lib/python3.10/dist-packages/abb_rapid_msgs/msg/_orient_s.c
[29.645s] -- Symlinking: /home/ros2/dev_ws/install/abb_rapid_msgs/local/lib/python3.10/dist-packages/abb_rapid_msgs/msg/_pos.py
[29.667s] -- Symlinking: /home/ros2/dev_ws/install/abb_rapid_msgs/local/lib/python3.10/dist-packages/abb_rapid_msgs/msg/_pos_s.c
[29.677s] -- Symlinking: /home/ros2/dev_ws/install/abb_rapid_msgs/local/lib/python3.10/dist-packages/abb_rapid_msgs/msg/_pose.py
[29.693s] -- Symlinking: /home/ros2/dev_ws/install/abb_rapid_msgs/local/lib/python3.10/dist-packages/abb_rapid_msgs/msg/_pose_s.c
[29.709s] -- Symlinking: /home/ros2/dev_ws/install/abb_rapid_msgs/local/lib/python3.10/dist-packages/abb_rapid_msgs/msg/_rob_joint.py
[29.729s] -- Symlinking: /home/ros2/dev_ws/install/abb_rapid_msgs/local/lib/python3.10/dist-packages/abb_rapid_msgs/msg/_rob_joint_s.c
[29.746s] -- Symlinking: /home/ros2/dev_ws/install/abb_rapid_msgs/local/lib/python3.10/dist-packages/abb_rapid_msgs/msg/_rob_target.py
[29.755s] -- Symlinking: /home/ros2/dev_ws/install/abb_rapid_msgs/local/lib/python3.10/dist-packages/abb_rapid_msgs/msg/_rob_target_s.c
[29.768s] -- Symlinking: /home/ros2/dev_ws/install/abb_rapid_msgs/local/lib/python3.10/dist-packages/abb_rapid_msgs/msg/_tool_data.py
[29.784s] -- Symlinking: /home/ros2/dev_ws/install/abb_rapid_msgs/local/lib/python3.10/dist-packages/abb_rapid_msgs/msg/_tool_data_s.c
[29.796s] -- Symlinking: /home/ros2/dev_ws/install/abb_rapid_msgs/local/lib/python3.10/dist-packages/abb_rapid_msgs/msg/_w_obj_data.py
[29.810s] -- Symlinking: /home/ros2/dev_ws/install/abb_rapid_msgs/local/lib/python3.10/dist-packages/abb_rapid_msgs/msg/_w_obj_data_s.c
[29.826s] -- Up-to-date symlink: /home/ros2/dev_ws/install/abb_rapid_msgs/local/lib/python3.10/dist-packages/abb_rapid_msgs/abb_rapid_msgs_s__rosidl_typesupport_fastrtps_c.cpython-310-x86_64-linux-gnu.so
[29.827s] -- Up-to-date symlink: /home/ros2/dev_ws/install/abb_rapid_msgs/local/lib/python3.10/dist-packages/abb_rapid_msgs/abb_rapid_msgs_s__rosidl_typesupport_introspection_c.cpython-310-x86_64-linux-gnu.so
[29.827s] -- Up-to-date symlink: /home/ros2/dev_ws/install/abb_rapid_msgs/local/lib/python3.10/dist-packages/abb_rapid_msgs/abb_rapid_msgs_s__rosidl_typesupport_c.cpython-310-x86_64-linux-gnu.so
[29.829s] -- Symlinking: /home/ros2/dev_ws/install/abb_rapid_msgs/share/abb_rapid_msgs/msg/ConfData.idl
[29.847s] -- Symlinking: /home/ros2/dev_ws/install/abb_rapid_msgs/share/abb_rapid_msgs/msg/ExtJoint.idl
[29.860s] -- Symlinking: /home/ros2/dev_ws/install/abb_rapid_msgs/share/abb_rapid_msgs/msg/JointTarget.idl
[29.877s] -- Symlinking: /home/ros2/dev_ws/install/abb_rapid_msgs/share/abb_rapid_msgs/msg/LoadData.idl
[29.891s] -- Symlinking: /home/ros2/dev_ws/install/abb_rapid_msgs/share/abb_rapid_msgs/msg/Orient.idl
[29.908s] -- Symlinking: /home/ros2/dev_ws/install/abb_rapid_msgs/share/abb_rapid_msgs/msg/Pos.idl
[29.922s] -- Symlinking: /home/ros2/dev_ws/install/abb_rapid_msgs/share/abb_rapid_msgs/msg/Pose.idl
[29.937s] -- Symlinking: /home/ros2/dev_ws/install/abb_rapid_msgs/share/abb_rapid_msgs/msg/RobJoint.idl
[29.954s] -- Symlinking: /home/ros2/dev_ws/install/abb_rapid_msgs/share/abb_rapid_msgs/msg/RobTarget.idl
[29.971s] -- Symlinking: /home/ros2/dev_ws/install/abb_rapid_msgs/share/abb_rapid_msgs/msg/ToolData.idl
[29.988s] -- Symlinking: /home/ros2/dev_ws/install/abb_rapid_msgs/share/abb_rapid_msgs/msg/WObjData.idl
[30.001s] -- Symlinking: /home/ros2/dev_ws/install/abb_rapid_msgs/share/abb_rapid_msgs/msg/ConfData.msg
[30.022s] -- Symlinking: /home/ros2/dev_ws/install/abb_rapid_msgs/share/abb_rapid_msgs/msg/ExtJoint.msg
[30.039s] -- Symlinking: /home/ros2/dev_ws/install/abb_rapid_msgs/share/abb_rapid_msgs/msg/JointTarget.msg
[30.058s] -- Symlinking: /home/ros2/dev_ws/install/abb_rapid_msgs/share/abb_rapid_msgs/msg/LoadData.msg
[30.077s] -- Symlinking: /home/ros2/dev_ws/install/abb_rapid_msgs/share/abb_rapid_msgs/msg/Orient.msg
[30.092s] -- Symlinking: /home/ros2/dev_ws/install/abb_rapid_msgs/share/abb_rapid_msgs/msg/Pos.msg
[30.106s] -- Symlinking: /home/ros2/dev_ws/install/abb_rapid_msgs/share/abb_rapid_msgs/msg/Pose.msg
[30.120s] -- Symlinking: /home/ros2/dev_ws/install/abb_rapid_msgs/share/abb_rapid_msgs/msg/RobJoint.msg
[30.137s] -- Symlinking: /home/ros2/dev_ws/install/abb_rapid_msgs/share/abb_rapid_msgs/msg/RobTarget.msg
[30.155s] -- Symlinking: /home/ros2/dev_ws/install/abb_rapid_msgs/share/abb_rapid_msgs/msg/ToolData.msg
[30.169s] -- Symlinking: /home/ros2/dev_ws/install/abb_rapid_msgs/share/abb_rapid_msgs/msg/WObjData.msg
[30.180s] -- Symlinking: /home/ros2/dev_ws/install/abb_rapid_msgs/share/ament_index/resource_index/package_run_dependencies/abb_rapid_msgs
[30.196s] -- Symlinking: /home/ros2/dev_ws/install/abb_rapid_msgs/share/ament_index/resource_index/parent_prefix_path/abb_rapid_msgs
[30.219s] -- Symlinking: /home/ros2/dev_ws/install/abb_rapid_msgs/share/abb_rapid_msgs/environment/ament_prefix_path.sh
[30.235s] -- Symlinking: /home/ros2/dev_ws/install/abb_rapid_msgs/share/abb_rapid_msgs/environment/ament_prefix_path.dsv
[30.252s] -- Symlinking: /home/ros2/dev_ws/install/abb_rapid_msgs/share/abb_rapid_msgs/environment/path.sh
[30.266s] -- Symlinking: /home/ros2/dev_ws/install/abb_rapid_msgs/share/abb_rapid_msgs/environment/path.dsv
[30.280s] -- Symlinking: /home/ros2/dev_ws/install/abb_rapid_msgs/share/abb_rapid_msgs/local_setup.bash
[30.288s] -- Symlinking: /home/ros2/dev_ws/install/abb_rapid_msgs/share/abb_rapid_msgs/local_setup.sh
[30.308s] -- Symlinking: /home/ros2/dev_ws/install/abb_rapid_msgs/share/abb_rapid_msgs/local_setup.zsh
[30.318s] -- Symlinking: /home/ros2/dev_ws/install/abb_rapid_msgs/share/abb_rapid_msgs/local_setup.dsv
[30.336s] -- Symlinking: /home/ros2/dev_ws/install/abb_rapid_msgs/share/abb_rapid_msgs/package.dsv
[30.350s] -- Symlinking: /home/ros2/dev_ws/install/abb_rapid_msgs/share/ament_index/resource_index/packages/abb_rapid_msgs
[30.361s] -- Symlinking: /home/ros2/dev_ws/install/abb_rapid_msgs/share/abb_rapid_msgs/cmake/rosidl_cmake-extras.cmake
[30.380s] -- Symlinking: /home/ros2/dev_ws/install/abb_rapid_msgs/share/abb_rapid_msgs/cmake/ament_cmake_export_include_directories-extras.cmake
[30.395s] -- Symlinking: /home/ros2/dev_ws/install/abb_rapid_msgs/share/abb_rapid_msgs/cmake/ament_cmake_export_libraries-extras.cmake
[30.412s] -- Symlinking: /home/ros2/dev_ws/install/abb_rapid_msgs/share/abb_rapid_msgs/cmake/ament_cmake_export_targets-extras.cmake
[30.426s] -- Symlinking: /home/ros2/dev_ws/install/abb_rapid_msgs/share/abb_rapid_msgs/cmake/rosidl_cmake_export_typesupport_targets-extras.cmake
[30.440s] -- Symlinking: /home/ros2/dev_ws/install/abb_rapid_msgs/share/abb_rapid_msgs/cmake/ament_cmake_export_dependencies-extras.cmake
[30.453s] -- Symlinking: /home/ros2/dev_ws/install/abb_rapid_msgs/share/abb_rapid_msgs/cmake/rosidl_cmake_export_typesupport_libraries-extras.cmake
[30.466s] -- Symlinking: /home/ros2/dev_ws/install/abb_rapid_msgs/share/abb_rapid_msgs/cmake/abb_rapid_msgsConfig.cmake
[30.481s] -- Symlinking: /home/ros2/dev_ws/install/abb_rapid_msgs/share/abb_rapid_msgs/cmake/abb_rapid_msgsConfig-version.cmake
[30.496s] -- Symlinking: /home/ros2/dev_ws/install/abb_rapid_msgs/share/abb_rapid_msgs/package.xml
[30.512s] -- Installing: /home/ros2/dev_ws/install/abb_rapid_msgs/lib/libabb_rapid_msgs__rosidl_generator_c.so
[30.512s] -- Set runtime path of "/home/ros2/dev_ws/install/abb_rapid_msgs/lib/libabb_rapid_msgs__rosidl_generator_c.so" to ""
[30.512s] -- Installing: /home/ros2/dev_ws/install/abb_rapid_msgs/lib/libabb_rapid_msgs__rosidl_typesupport_fastrtps_c.so
[30.512s] -- Set runtime path of "/home/ros2/dev_ws/install/abb_rapid_msgs/lib/libabb_rapid_msgs__rosidl_typesupport_fastrtps_c.so" to ""
[30.512s] -- Installing: /home/ros2/dev_ws/install/abb_rapid_msgs/lib/libabb_rapid_msgs__rosidl_typesupport_introspection_c.so
[30.513s] -- Set runtime path of "/home/ros2/dev_ws/install/abb_rapid_msgs/lib/libabb_rapid_msgs__rosidl_typesupport_introspection_c.so" to ""
[30.513s] -- Installing: /home/ros2/dev_ws/install/abb_rapid_msgs/lib/libabb_rapid_msgs__rosidl_typesupport_c.so
[30.513s] -- Set runtime path of "/home/ros2/dev_ws/install/abb_rapid_msgs/lib/libabb_rapid_msgs__rosidl_typesupport_c.so" to ""
[30.513s] -- Installing: /home/ros2/dev_ws/install/abb_rapid_msgs/lib/libabb_rapid_msgs__rosidl_typesupport_fastrtps_cpp.so
[30.514s] -- Set runtime path of "/home/ros2/dev_ws/install/abb_rapid_msgs/lib/libabb_rapid_msgs__rosidl_typesupport_fastrtps_cpp.so" to ""
[30.514s] -- Installing: /home/ros2/dev_ws/install/abb_rapid_msgs/lib/libabb_rapid_msgs__rosidl_typesupport_introspection_cpp.so
[30.514s] -- Set runtime path of "/home/ros2/dev_ws/install/abb_rapid_msgs/lib/libabb_rapid_msgs__rosidl_typesupport_introspection_cpp.so" to ""
[30.514s] -- Installing: /home/ros2/dev_ws/install/abb_rapid_msgs/lib/libabb_rapid_msgs__rosidl_typesupport_cpp.so
[30.515s] -- Set runtime path of "/home/ros2/dev_ws/install/abb_rapid_msgs/lib/libabb_rapid_msgs__rosidl_typesupport_cpp.so" to ""
[30.589s] Listing '/home/ros2/dev_ws/install/abb_rapid_msgs/local/lib/python3.10/dist-packages/abb_rapid_msgs'...
[30.590s] Compiling '/home/ros2/dev_ws/install/abb_rapid_msgs/local/lib/python3.10/dist-packages/abb_rapid_msgs/__init__.py'...
[30.590s] Listing '/home/ros2/dev_ws/install/abb_rapid_msgs/local/lib/python3.10/dist-packages/abb_rapid_msgs/msg'...
[30.590s] Compiling '/home/ros2/dev_ws/install/abb_rapid_msgs/local/lib/python3.10/dist-packages/abb_rapid_msgs/msg/__init__.py'...
[30.590s] Compiling '/home/ros2/dev_ws/install/abb_rapid_msgs/local/lib/python3.10/dist-packages/abb_rapid_msgs/msg/_conf_data.py'...
[30.590s] Compiling '/home/ros2/dev_ws/install/abb_rapid_msgs/local/lib/python3.10/dist-packages/abb_rapid_msgs/msg/_ext_joint.py'...
[30.591s] Compiling '/home/ros2/dev_ws/install/abb_rapid_msgs/local/lib/python3.10/dist-packages/abb_rapid_msgs/msg/_joint_target.py'...
[30.591s] Compiling '/home/ros2/dev_ws/install/abb_rapid_msgs/local/lib/python3.10/dist-packages/abb_rapid_msgs/msg/_load_data.py'...
[30.591s] Compiling '/home/ros2/dev_ws/install/abb_rapid_msgs/local/lib/python3.10/dist-packages/abb_rapid_msgs/msg/_orient.py'...
[30.591s] Compiling '/home/ros2/dev_ws/install/abb_rapid_msgs/local/lib/python3.10/dist-packages/abb_rapid_msgs/msg/_pos.py'...
[30.591s] Compiling '/home/ros2/dev_ws/install/abb_rapid_msgs/local/lib/python3.10/dist-packages/abb_rapid_msgs/msg/_pose.py'...
[30.591s] Compiling '/home/ros2/dev_ws/install/abb_rapid_msgs/local/lib/python3.10/dist-packages/abb_rapid_msgs/msg/_rob_joint.py'...
[30.591s] Compiling '/home/ros2/dev_ws/install/abb_rapid_msgs/local/lib/python3.10/dist-packages/abb_rapid_msgs/msg/_rob_target.py'...
[30.591s] Compiling '/home/ros2/dev_ws/install/abb_rapid_msgs/local/lib/python3.10/dist-packages/abb_rapid_msgs/msg/_tool_data.py'...
[30.591s] Compiling '/home/ros2/dev_ws/install/abb_rapid_msgs/local/lib/python3.10/dist-packages/abb_rapid_msgs/msg/_w_obj_data.py'...
[30.598s] -- Installing: /home/ros2/dev_ws/install/abb_rapid_msgs/lib/libabb_rapid_msgs__rosidl_generator_py.so
[30.599s] -- Set runtime path of "/home/ros2/dev_ws/install/abb_rapid_msgs/lib/libabb_rapid_msgs__rosidl_generator_py.so" to ""
[30.600s] -- Installing: /home/ros2/dev_ws/install/abb_rapid_msgs/share/abb_rapid_msgs/cmake/export_abb_rapid_msgs__rosidl_generator_cExport.cmake
[30.600s] -- Installing: /home/ros2/dev_ws/install/abb_rapid_msgs/share/abb_rapid_msgs/cmake/export_abb_rapid_msgs__rosidl_generator_cExport-noconfig.cmake
[30.600s] -- Installing: /home/ros2/dev_ws/install/abb_rapid_msgs/share/abb_rapid_msgs/cmake/export_abb_rapid_msgs__rosidl_typesupport_fastrtps_cExport.cmake
[30.601s] -- Installing: /home/ros2/dev_ws/install/abb_rapid_msgs/share/abb_rapid_msgs/cmake/export_abb_rapid_msgs__rosidl_typesupport_fastrtps_cExport-noconfig.cmake
[30.601s] -- Installing: /home/ros2/dev_ws/install/abb_rapid_msgs/share/abb_rapid_msgs/cmake/abb_rapid_msgs__rosidl_typesupport_introspection_cExport.cmake
[30.602s] -- Installing: /home/ros2/dev_ws/install/abb_rapid_msgs/share/abb_rapid_msgs/cmake/abb_rapid_msgs__rosidl_typesupport_introspection_cExport-noconfig.cmake
[30.602s] -- Installing: /home/ros2/dev_ws/install/abb_rapid_msgs/share/abb_rapid_msgs/cmake/abb_rapid_msgs__rosidl_typesupport_cExport.cmake
[30.603s] -- Installing: /home/ros2/dev_ws/install/abb_rapid_msgs/share/abb_rapid_msgs/cmake/abb_rapid_msgs__rosidl_typesupport_cExport-noconfig.cmake
[30.603s] -- Installing: /home/ros2/dev_ws/install/abb_rapid_msgs/share/abb_rapid_msgs/cmake/export_abb_rapid_msgs__rosidl_generator_cppExport.cmake
[30.603s] -- Installing: /home/ros2/dev_ws/install/abb_rapid_msgs/share/abb_rapid_msgs/cmake/export_abb_rapid_msgs__rosidl_typesupport_fastrtps_cppExport.cmake
[30.603s] -- Installing: /home/ros2/dev_ws/install/abb_rapid_msgs/share/abb_rapid_msgs/cmake/export_abb_rapid_msgs__rosidl_typesupport_fastrtps_cppExport-noconfig.cmake
[30.604s] -- Installing: /home/ros2/dev_ws/install/abb_rapid_msgs/share/abb_rapid_msgs/cmake/abb_rapid_msgs__rosidl_typesupport_introspection_cppExport.cmake
[30.604s] -- Installing: /home/ros2/dev_ws/install/abb_rapid_msgs/share/abb_rapid_msgs/cmake/abb_rapid_msgs__rosidl_typesupport_introspection_cppExport-noconfig.cmake
[30.604s] -- Installing: /home/ros2/dev_ws/install/abb_rapid_msgs/share/abb_rapid_msgs/cmake/abb_rapid_msgs__rosidl_typesupport_cppExport.cmake
[30.605s] -- Installing: /home/ros2/dev_ws/install/abb_rapid_msgs/share/abb_rapid_msgs/cmake/abb_rapid_msgs__rosidl_typesupport_cppExport-noconfig.cmake
[30.605s] -- Installing: /home/ros2/dev_ws/install/abb_rapid_msgs/share/abb_rapid_msgs/cmake/export_abb_rapid_msgs__rosidl_generator_pyExport.cmake
[30.606s] -- Installing: /home/ros2/dev_ws/install/abb_rapid_msgs/share/abb_rapid_msgs/cmake/export_abb_rapid_msgs__rosidl_generator_pyExport-noconfig.cmake
[30.611s] Invoked command in '/home/ros2/dev_ws/build/abb_rapid_msgs' returned '0': CMAKE_PREFIX_PATH=${CMAKE_PREFIX_PATH}:/opt/ros/humble /usr/bin/cmake --install /home/ros2/dev_ws/build/abb_rapid_msgs
