[0.021s] Invoking command in '/home/ros2/dev_ws/build/abb_irb1200_5_90_moveit_config': AMENT_PREFIX_PATH=/home/ros2/dev_ws/install/abb_irb1200_support:${AMENT_PREFIX_PATH} CMAKE_PREFIX_PATH=/home/ros2/dev_ws/install/abb_irb1200_support:/opt/ros/humble /usr/bin/cmake /home/ros2/dev_ws/src/ABBDriver/abb_ros2/robot_specific_config/abb_irb1200_5_90_moveit_config -DAMENT_CMAKE_SYMLINK_INSTALL=1 -DCMAKE_INSTALL_PREFIX=/home/ros2/dev_ws/install/abb_irb1200_5_90_moveit_config
[2.318s] -- The C compiler identification is GNU 11.4.0
[2.318s] -- The CXX compiler identification is GNU 11.4.0
[2.318s] -- Detecting C compiler ABI info
[2.319s] -- Detecting C compiler ABI info - done
[2.319s] -- Check for working C compiler: /usr/bin/cc - skipped
[2.319s] -- Detecting C compile features
[2.319s] -- Detecting C compile features - done
[2.319s] -- Detecting CXX compiler ABI info
[2.319s] -- Detecting CXX compiler ABI info - done
[2.319s] -- Check for working CXX compiler: /usr/bin/c++ - skipped
[2.319s] -- Detecting CXX compile features
[2.319s] -- Detecting CXX compile features - done
[2.319s] -- Found ament_cmake: 1.3.11 (/opt/ros/humble/share/ament_cmake/cmake)
[2.319s] -- Found Python3: /usr/bin/python3 (found version "3.10.12") found components: Interpreter 
[2.319s] -- Override CMake install command with custom implementation using symlinks instead of copying resources
[2.344s] -- Configuring done
[2.353s] -- Generating done
[2.365s] -- Build files have been written to: /home/ros2/dev_ws/build/abb_irb1200_5_90_moveit_config
[2.383s] Invoked command in '/home/ros2/dev_ws/build/abb_irb1200_5_90_moveit_config' returned '0': AMENT_PREFIX_PATH=/home/ros2/dev_ws/install/abb_irb1200_support:${AMENT_PREFIX_PATH} CMAKE_PREFIX_PATH=/home/ros2/dev_ws/install/abb_irb1200_support:/opt/ros/humble /usr/bin/cmake /home/ros2/dev_ws/src/ABBDriver/abb_ros2/robot_specific_config/abb_irb1200_5_90_moveit_config -DAMENT_CMAKE_SYMLINK_INSTALL=1 -DCMAKE_INSTALL_PREFIX=/home/ros2/dev_ws/install/abb_irb1200_5_90_moveit_config
[2.383s] Invoking command in '/home/ros2/dev_ws/build/abb_irb1200_5_90_moveit_config': AMENT_PREFIX_PATH=/home/ros2/dev_ws/install/abb_irb1200_support:${AMENT_PREFIX_PATH} CMAKE_PREFIX_PATH=/home/ros2/dev_ws/install/abb_irb1200_support:/opt/ros/humble /usr/bin/cmake --build /home/ros2/dev_ws/build/abb_irb1200_5_90_moveit_config -- -j16 -l16
[5.426s] Invoked command in '/home/ros2/dev_ws/build/abb_irb1200_5_90_moveit_config' returned '0': AMENT_PREFIX_PATH=/home/ros2/dev_ws/install/abb_irb1200_support:${AMENT_PREFIX_PATH} CMAKE_PREFIX_PATH=/home/ros2/dev_ws/install/abb_irb1200_support:/opt/ros/humble /usr/bin/cmake --build /home/ros2/dev_ws/build/abb_irb1200_5_90_moveit_config -- -j16 -l16
[5.426s] Invoking command in '/home/ros2/dev_ws/build/abb_irb1200_5_90_moveit_config': AMENT_PREFIX_PATH=/home/ros2/dev_ws/install/abb_irb1200_support:${AMENT_PREFIX_PATH} CMAKE_PREFIX_PATH=/home/ros2/dev_ws/install/abb_irb1200_support:/opt/ros/humble /usr/bin/cmake --install /home/ros2/dev_ws/build/abb_irb1200_5_90_moveit_config
[5.617s] -- Install configuration: ""
[5.617s] -- Execute custom install script
[5.618s] -- Symlinking: /home/ros2/dev_ws/install/abb_irb1200_5_90_moveit_config/share/ament_index/resource_index/package_run_dependencies/abb_irb1200_5_90_moveit_config
[5.618s] -- Symlinking: /home/ros2/dev_ws/install/abb_irb1200_5_90_moveit_config/share/ament_index/resource_index/parent_prefix_path/abb_irb1200_5_90_moveit_config
[5.618s] -- Symlinking: /home/ros2/dev_ws/install/abb_irb1200_5_90_moveit_config/share/abb_irb1200_5_90_moveit_config/environment/ament_prefix_path.sh
[5.618s] -- Symlinking: /home/ros2/dev_ws/install/abb_irb1200_5_90_moveit_config/share/abb_irb1200_5_90_moveit_config/environment/ament_prefix_path.dsv
[5.618s] -- Symlinking: /home/ros2/dev_ws/install/abb_irb1200_5_90_moveit_config/share/abb_irb1200_5_90_moveit_config/environment/path.sh
[5.618s] -- Symlinking: /home/ros2/dev_ws/install/abb_irb1200_5_90_moveit_config/share/abb_irb1200_5_90_moveit_config/environment/path.dsv
[5.618s] -- Symlinking: /home/ros2/dev_ws/install/abb_irb1200_5_90_moveit_config/share/abb_irb1200_5_90_moveit_config/local_setup.bash
[5.630s] -- Symlinking: /home/ros2/dev_ws/install/abb_irb1200_5_90_moveit_config/share/abb_irb1200_5_90_moveit_config/local_setup.sh
[5.651s] -- Symlinking: /home/ros2/dev_ws/install/abb_irb1200_5_90_moveit_config/share/abb_irb1200_5_90_moveit_config/local_setup.zsh
[5.672s] -- Symlinking: /home/ros2/dev_ws/install/abb_irb1200_5_90_moveit_config/share/abb_irb1200_5_90_moveit_config/local_setup.dsv
[5.697s] -- Symlinking: /home/ros2/dev_ws/install/abb_irb1200_5_90_moveit_config/share/abb_irb1200_5_90_moveit_config/package.dsv
[5.722s] -- Symlinking: /home/ros2/dev_ws/install/abb_irb1200_5_90_moveit_config/share/ament_index/resource_index/packages/abb_irb1200_5_90_moveit_config
[5.747s] -- Symlinking: /home/ros2/dev_ws/install/abb_irb1200_5_90_moveit_config/share/abb_irb1200_5_90_moveit_config/cmake/abb_irb1200_5_90_moveit_configConfig.cmake
[5.766s] -- Symlinking: /home/ros2/dev_ws/install/abb_irb1200_5_90_moveit_config/share/abb_irb1200_5_90_moveit_config/cmake/abb_irb1200_5_90_moveit_configConfig-version.cmake
[5.787s] -- Symlinking: /home/ros2/dev_ws/install/abb_irb1200_5_90_moveit_config/share/abb_irb1200_5_90_moveit_config/package.xml
[5.811s] -- Symlinking: /home/ros2/dev_ws/install/abb_irb1200_5_90_moveit_config/share/abb_irb1200_5_90_moveit_config/config/abb_irb1200_5_90.srdf.xacro
[5.832s] -- Symlinking: /home/ros2/dev_ws/install/abb_irb1200_5_90_moveit_config/share/abb_irb1200_5_90_moveit_config/config/abb_irb1200_5_90_macro.srdf.xacro
[5.854s] -- Symlinking: /home/ros2/dev_ws/install/abb_irb1200_5_90_moveit_config/share/abb_irb1200_5_90_moveit_config/config/joint_limits.yaml
[5.885s] -- Symlinking: /home/ros2/dev_ws/install/abb_irb1200_5_90_moveit_config/share/abb_irb1200_5_90_moveit_config/config/kinematics.yaml
[5.913s] -- Symlinking: /home/ros2/dev_ws/install/abb_irb1200_5_90_moveit_config/share/abb_irb1200_5_90_moveit_config/config/moveit_controllers.yaml
[5.948s] -- Symlinking: /home/ros2/dev_ws/install/abb_irb1200_5_90_moveit_config/share/abb_irb1200_5_90_moveit_config/config/ompl_planning.yaml
[5.955s] -- Symlinking: /home/ros2/dev_ws/install/abb_irb1200_5_90_moveit_config/share/abb_irb1200_5_90_moveit_config/config/pilz_cartesian_limits.yaml
[5.984s] -- Symlinking: /home/ros2/dev_ws/install/abb_irb1200_5_90_moveit_config/share/abb_irb1200_5_90_moveit_config/rviz/moveit.rviz
[6.181s] Invoked command in '/home/ros2/dev_ws/build/abb_irb1200_5_90_moveit_config' returned '0': AMENT_PREFIX_PATH=/home/ros2/dev_ws/install/abb_irb1200_support:${AMENT_PREFIX_PATH} CMAKE_PREFIX_PATH=/home/ros2/dev_ws/install/abb_irb1200_support:/opt/ros/humble /usr/bin/cmake --install /home/ros2/dev_ws/build/abb_irb1200_5_90_moveit_config
