[0.035s] Invoking command in '/home/ros2/dev_ws/build/abb_rapid_sm_addin_msgs': AMENT_PREFIX_PATH=/home/ros2/dev_ws/install/abb_rapid_msgs:${AMENT_PREFIX_PATH} CMAKE_PREFIX_PATH=/home/ros2/dev_ws/install/abb_rapid_msgs:/opt/ros/humble LD_LIBRARY_PATH=/home/ros2/dev_ws/install/abb_rapid_msgs/lib:${LD_LIBRARY_PATH} PYTHONPATH=/home/ros2/dev_ws/install/abb_rapid_msgs/local/lib/python3.10/dist-packages:${PYTHONPATH} /usr/bin/cmake /home/ros2/dev_ws/src/ABBDriver/abb_ros2_msgs/abb_rapid_sm_addin_msgs -DAMENT_CMAKE_SYMLINK_INSTALL=1 -DCMAKE_INSTALL_PREFIX=/home/ros2/dev_ws/install/abb_rapid_sm_addin_msgs
[0.383s] -- The C compiler identification is GNU 11.4.0
[0.554s] -- The CXX compiler identification is GNU 11.4.0
[0.576s] -- Detecting C compiler ABI info
[0.732s] -- Detecting C compiler ABI info - done
[0.748s] -- Check for working C compiler: /usr/bin/cc - skipped
[0.752s] -- Detecting C compile features
[0.756s] -- Detecting C compile features - done
[0.764s] -- Detecting CXX compiler ABI info
[0.888s] -- Detecting CXX compiler ABI info - done
[0.895s] -- Check for working CXX compiler: /usr/bin/c++ - skipped
[0.896s] -- Detecting CXX compile features
[0.896s] -- Detecting CXX compile features - done
[0.900s] -- Found ament_cmake: 1.3.11 (/opt/ros/humble/share/ament_cmake/cmake)
[1.064s] -- Found Python3: /usr/bin/python3 (found version "3.10.12") found components: Interpreter 
[1.146s] -- Override CMake install command with custom implementation using symlinks instead of copying resources
[1.168s] -- Found rosidl_default_generators: 1.2.0 (/opt/ros/humble/share/rosidl_default_generators/cmake)
[1.168s] -- Using all available rosidl_typesupport_c: rosidl_typesupport_fastrtps_c;rosidl_typesupport_introspection_c
[1.175s] -- Found rosidl_adapter: 3.1.6 (/opt/ros/humble/share/rosidl_adapter/cmake)
[1.217s] -- Using all available rosidl_typesupport_cpp: rosidl_typesupport_fastrtps_cpp;rosidl_typesupport_introspection_cpp
[1.254s] -- Found abb_rapid_msgs: 1.0.0 (/home/ros2/dev_ws/install/abb_rapid_msgs/share/abb_rapid_msgs/cmake)
[1.268s] -- Found std_msgs: 4.9.0 (/opt/ros/humble/share/std_msgs/cmake)
[1.663s] -- Found ament_cmake_cppcheck: 0.12.12 (/opt/ros/humble/share/ament_cmake_cppcheck/cmake)
[1.666s] -- Found ament_cmake_cpplint: 0.12.12 (/opt/ros/humble/share/ament_cmake_cpplint/cmake)
[1.667s] -- Found ament_cmake_uncrustify: 0.12.12 (/opt/ros/humble/share/ament_cmake_uncrustify/cmake)
[1.674s] -- Found ament_cmake_ros: 0.10.0 (/opt/ros/humble/share/ament_cmake_ros/cmake)
[1.929s] -- Using all available rosidl_typesupport_c: rosidl_typesupport_fastrtps_c;rosidl_typesupport_introspection_c
[2.236s] -- Using all available rosidl_typesupport_cpp: rosidl_typesupport_fastrtps_cpp;rosidl_typesupport_introspection_cpp
[2.263s] -- Found PythonInterp: /usr/bin/python3 (found suitable version "3.10.12", minimum required is "3.6") 
[2.265s] -- Found python_cmake_module: 0.10.0 (/opt/ros/humble/share/python_cmake_module/cmake)
[2.289s] -- Found PythonLibs: /usr/lib/x86_64-linux-gnu/libpython3.10.so (found suitable version "3.10.12", minimum required is "3.5") 
[2.289s] -- Using PYTHON_EXECUTABLE: /usr/bin/python3
[2.289s] -- Using PYTHON_INCLUDE_DIRS: /usr/include/python3.10
[2.289s] -- Using PYTHON_LIBRARIES: /usr/lib/x86_64-linux-gnu/libpython3.10.so
[2.316s] -- Found PythonExtra: .so  
[2.369s] -- Found ament_cmake_flake8: 0.12.12 (/opt/ros/humble/share/ament_cmake_flake8/cmake)
[2.371s] -- Found ament_cmake_pep257: 0.12.12 (/opt/ros/humble/share/ament_cmake_pep257/cmake)
[2.384s] -- Configuring done
[2.447s] -- Generating done
[2.464s] -- Build files have been written to: /home/ros2/dev_ws/build/abb_rapid_sm_addin_msgs
[2.494s] Invoked command in '/home/ros2/dev_ws/build/abb_rapid_sm_addin_msgs' returned '0': AMENT_PREFIX_PATH=/home/ros2/dev_ws/install/abb_rapid_msgs:${AMENT_PREFIX_PATH} CMAKE_PREFIX_PATH=/home/ros2/dev_ws/install/abb_rapid_msgs:/opt/ros/humble LD_LIBRARY_PATH=/home/ros2/dev_ws/install/abb_rapid_msgs/lib:${LD_LIBRARY_PATH} PYTHONPATH=/home/ros2/dev_ws/install/abb_rapid_msgs/local/lib/python3.10/dist-packages:${PYTHONPATH} /usr/bin/cmake /home/ros2/dev_ws/src/ABBDriver/abb_ros2_msgs/abb_rapid_sm_addin_msgs -DAMENT_CMAKE_SYMLINK_INSTALL=1 -DCMAKE_INSTALL_PREFIX=/home/ros2/dev_ws/install/abb_rapid_sm_addin_msgs
[2.496s] Invoking command in '/home/ros2/dev_ws/build/abb_rapid_sm_addin_msgs': AMENT_PREFIX_PATH=/home/ros2/dev_ws/install/abb_rapid_msgs:${AMENT_PREFIX_PATH} CMAKE_PREFIX_PATH=/home/ros2/dev_ws/install/abb_rapid_msgs:/opt/ros/humble LD_LIBRARY_PATH=/home/ros2/dev_ws/install/abb_rapid_msgs/lib:${LD_LIBRARY_PATH} PYTHONPATH=/home/ros2/dev_ws/install/abb_rapid_msgs/local/lib/python3.10/dist-packages:${PYTHONPATH} /usr/bin/cmake --build /home/ros2/dev_ws/build/abb_rapid_sm_addin_msgs -- -j16 -l16
[2.541s] [  1%] [34m[1mGenerating C code for ROS interfaces[0m
[2.561s] [  1%] [34m[1mGenerating C++ code for ROS interfaces[0m
[2.570s] [  1%] Built target ament_cmake_python_symlink_abb_rapid_sm_addin_msgs
[2.878s] running egg_info
[2.879s] creating abb_rapid_sm_addin_msgs.egg-info
[2.879s] writing abb_rapid_sm_addin_msgs.egg-info/PKG-INFO
[2.880s] writing dependency_links to abb_rapid_sm_addin_msgs.egg-info/dependency_links.txt
[2.881s] writing top-level names to abb_rapid_sm_addin_msgs.egg-info/top_level.txt
[2.881s] writing manifest file 'abb_rapid_sm_addin_msgs.egg-info/SOURCES.txt'
[2.884s] reading manifest file 'abb_rapid_sm_addin_msgs.egg-info/SOURCES.txt'
[2.891s] writing manifest file 'abb_rapid_sm_addin_msgs.egg-info/SOURCES.txt'
[2.927s] [  1%] Built target ament_cmake_python_build_abb_rapid_sm_addin_msgs_egg
[4.519s] [  1%] Built target abb_rapid_sm_addin_msgs__cpp
[4.527s] [  1%] [34m[1mGenerating C++ type support for eProsima Fast-RTPS[0m
[4.530s] [  2%] [34m[1mGenerating C++ type support dispatch for ROS interfaces[0m
[4.530s] [  3%] [34m[1mGenerating C++ introspection for ROS interfaces[0m
[4.546s] [  5%] [32mBuilding C object CMakeFiles/abb_rapid_sm_addin_msgs__rosidl_generator_c.dir/rosidl_generator_c/abb_rapid_sm_addin_msgs/msg/detail/egm_run_settings__functions.c.o[0m
[4.546s] [  5%] [32mBuilding C object CMakeFiles/abb_rapid_sm_addin_msgs__rosidl_generator_c.dir/rosidl_generator_c/abb_rapid_sm_addin_msgs/msg/detail/egm_activate_settings__functions.c.o[0m
[4.554s] [  7%] [32mBuilding C object CMakeFiles/abb_rapid_sm_addin_msgs__rosidl_generator_c.dir/rosidl_generator_c/abb_rapid_sm_addin_msgs/msg/detail/egm_setup_settings__functions.c.o[0m
[4.554s] [  7%] [32mBuilding C object CMakeFiles/abb_rapid_sm_addin_msgs__rosidl_generator_c.dir/rosidl_generator_c/abb_rapid_sm_addin_msgs/msg/detail/egm_settings__functions.c.o[0m
[4.558s] [  8%] [32mBuilding C object CMakeFiles/abb_rapid_sm_addin_msgs__rosidl_generator_c.dir/rosidl_generator_c/abb_rapid_sm_addin_msgs/msg/detail/state_machine_state__functions.c.o[0m
[4.562s] [ 10%] [32mBuilding C object CMakeFiles/abb_rapid_sm_addin_msgs__rosidl_generator_c.dir/rosidl_generator_c/abb_rapid_sm_addin_msgs/msg/detail/runtime_state__functions.c.o[0m
[4.562s] [ 10%] [32mBuilding C object CMakeFiles/abb_rapid_sm_addin_msgs__rosidl_generator_c.dir/rosidl_generator_c/abb_rapid_sm_addin_msgs/msg/detail/egm_stop_settings__functions.c.o[0m
[4.629s] [ 11%] [32mBuilding C object CMakeFiles/abb_rapid_sm_addin_msgs__rosidl_generator_c.dir/rosidl_generator_c/abb_rapid_sm_addin_msgs/srv/detail/set_sg_command__functions.c.o[0m
[4.645s] [ 12%] [32mBuilding C object CMakeFiles/abb_rapid_sm_addin_msgs__rosidl_generator_c.dir/rosidl_generator_c/abb_rapid_sm_addin_msgs/srv/detail/set_rapid_routine__functions.c.o[0m
[4.663s] [ 13%] [32mBuilding C object CMakeFiles/abb_rapid_sm_addin_msgs__rosidl_generator_c.dir/rosidl_generator_c/abb_rapid_sm_addin_msgs/srv/detail/set_egm_settings__functions.c.o[0m
[4.670s] [ 13%] [32mBuilding C object CMakeFiles/abb_rapid_sm_addin_msgs__rosidl_generator_c.dir/rosidl_generator_c/abb_rapid_sm_addin_msgs/srv/detail/get_egm_settings__functions.c.o[0m
[4.752s] [ 14%] [32m[1mLinking C shared library libabb_rapid_sm_addin_msgs__rosidl_generator_c.so[0m
[4.808s] [ 14%] Built target abb_rapid_sm_addin_msgs__rosidl_generator_c
[4.823s] [ 15%] [34m[1mGenerating C introspection for ROS interfaces[0m
[4.823s] [ 16%] [34m[1mGenerating C type support for eProsima Fast-RTPS[0m
[4.826s] [ 17%] [34m[1mGenerating C type support dispatch for ROS interfaces[0m
[6.446s] [ 18%] [32mBuilding CXX object CMakeFiles/abb_rapid_sm_addin_msgs__rosidl_typesupport_cpp.dir/rosidl_typesupport_cpp/abb_rapid_sm_addin_msgs/msg/egm_activate_settings__type_support.cpp.o[0m
[6.463s] [ 19%] [32mBuilding CXX object CMakeFiles/abb_rapid_sm_addin_msgs__rosidl_typesupport_cpp.dir/rosidl_typesupport_cpp/abb_rapid_sm_addin_msgs/msg/egm_run_settings__type_support.cpp.o[0m
[6.464s] [ 20%] [32mBuilding CXX object CMakeFiles/abb_rapid_sm_addin_msgs__rosidl_typesupport_cpp.dir/rosidl_typesupport_cpp/abb_rapid_sm_addin_msgs/msg/egm_setup_settings__type_support.cpp.o[0m
[6.465s] [ 21%] [32mBuilding CXX object CMakeFiles/abb_rapid_sm_addin_msgs__rosidl_typesupport_cpp.dir/rosidl_typesupport_cpp/abb_rapid_sm_addin_msgs/msg/egm_settings__type_support.cpp.o[0m
[6.470s] [ 22%] [32mBuilding CXX object CMakeFiles/abb_rapid_sm_addin_msgs__rosidl_typesupport_cpp.dir/rosidl_typesupport_cpp/abb_rapid_sm_addin_msgs/msg/egm_stop_settings__type_support.cpp.o[0m
[6.478s] [ 23%] [32mBuilding CXX object CMakeFiles/abb_rapid_sm_addin_msgs__rosidl_typesupport_cpp.dir/rosidl_typesupport_cpp/abb_rapid_sm_addin_msgs/msg/runtime_state__type_support.cpp.o[0m
[6.509s] [ 24%] [32mBuilding CXX object CMakeFiles/abb_rapid_sm_addin_msgs__rosidl_typesupport_cpp.dir/rosidl_typesupport_cpp/abb_rapid_sm_addin_msgs/msg/state_machine_state__type_support.cpp.o[0m
[6.543s] [ 25%] [32mBuilding CXX object CMakeFiles/abb_rapid_sm_addin_msgs__rosidl_typesupport_introspection_cpp.dir/rosidl_typesupport_introspection_cpp/abb_rapid_sm_addin_msgs/msg/detail/egm_activate_settings__type_support.cpp.o[0m
[6.791s] [ 26%] [32mBuilding CXX object CMakeFiles/abb_rapid_sm_addin_msgs__rosidl_typesupport_c.dir/rosidl_typesupport_c/abb_rapid_sm_addin_msgs/msg/egm_activate_settings__type_support.cpp.o[0m
[6.837s] [ 27%] [32mBuilding CXX object CMakeFiles/abb_rapid_sm_addin_msgs__rosidl_typesupport_c.dir/rosidl_typesupport_c/abb_rapid_sm_addin_msgs/msg/egm_run_settings__type_support.cpp.o[0m
[6.839s] [ 28%] [32mBuilding CXX object CMakeFiles/abb_rapid_sm_addin_msgs__rosidl_typesupport_cpp.dir/rosidl_typesupport_cpp/abb_rapid_sm_addin_msgs/srv/set_sg_command__type_support.cpp.o[0m
[6.905s] [ 28%] [32mBuilding CXX object CMakeFiles/abb_rapid_sm_addin_msgs__rosidl_typesupport_c.dir/rosidl_typesupport_c/abb_rapid_sm_addin_msgs/msg/egm_settings__type_support.cpp.o[0m
[6.917s] [ 28%] [32mBuilding CXX object CMakeFiles/abb_rapid_sm_addin_msgs__rosidl_typesupport_introspection_cpp.dir/rosidl_typesupport_introspection_cpp/abb_rapid_sm_addin_msgs/msg/detail/egm_run_settings__type_support.cpp.o[0m
[6.927s] [ 29%] [32mBuilding CXX object CMakeFiles/abb_rapid_sm_addin_msgs__rosidl_typesupport_introspection_cpp.dir/rosidl_typesupport_introspection_cpp/abb_rapid_sm_addin_msgs/msg/detail/egm_settings__type_support.cpp.o[0m
[6.937s] [ 30%] [32mBuilding CXX object CMakeFiles/abb_rapid_sm_addin_msgs__rosidl_typesupport_cpp.dir/rosidl_typesupport_cpp/abb_rapid_sm_addin_msgs/srv/set_rapid_routine__type_support.cpp.o[0m
[6.944s] [ 31%] [32mBuilding CXX object CMakeFiles/abb_rapid_sm_addin_msgs__rosidl_typesupport_cpp.dir/rosidl_typesupport_cpp/abb_rapid_sm_addin_msgs/srv/set_egm_settings__type_support.cpp.o[0m
[6.949s] [ 32%] [32mBuilding CXX object CMakeFiles/abb_rapid_sm_addin_msgs__rosidl_typesupport_introspection_cpp.dir/rosidl_typesupport_introspection_cpp/abb_rapid_sm_addin_msgs/msg/detail/egm_setup_settings__type_support.cpp.o[0m
[6.989s] [ 33%] [32mBuilding CXX object CMakeFiles/abb_rapid_sm_addin_msgs__rosidl_typesupport_c.dir/rosidl_typesupport_c/abb_rapid_sm_addin_msgs/msg/egm_setup_settings__type_support.cpp.o[0m
[7.016s] [ 34%] [32mBuilding CXX object CMakeFiles/abb_rapid_sm_addin_msgs__rosidl_typesupport_fastrtps_cpp.dir/rosidl_typesupport_fastrtps_cpp/abb_rapid_sm_addin_msgs/msg/detail/dds_fastrtps/egm_activate_settings__type_support.cpp.o[0m
[7.048s] [ 34%] [32mBuilding CXX object CMakeFiles/abb_rapid_sm_addin_msgs__rosidl_typesupport_cpp.dir/rosidl_typesupport_cpp/abb_rapid_sm_addin_msgs/srv/get_egm_settings__type_support.cpp.o[0m
[7.057s] [ 35%] [32mBuilding CXX object CMakeFiles/abb_rapid_sm_addin_msgs__rosidl_typesupport_fastrtps_cpp.dir/rosidl_typesupport_fastrtps_cpp/abb_rapid_sm_addin_msgs/msg/detail/dds_fastrtps/egm_run_settings__type_support.cpp.o[0m
[7.072s] [ 36%] [32mBuilding CXX object CMakeFiles/abb_rapid_sm_addin_msgs__rosidl_typesupport_c.dir/rosidl_typesupport_c/abb_rapid_sm_addin_msgs/msg/egm_stop_settings__type_support.cpp.o[0m
[7.101s] [ 37%] [32mBuilding CXX object CMakeFiles/abb_rapid_sm_addin_msgs__rosidl_typesupport_c.dir/rosidl_typesupport_c/abb_rapid_sm_addin_msgs/msg/runtime_state__type_support.cpp.o[0m
[7.138s] [ 38%] [32mBuilding CXX object CMakeFiles/abb_rapid_sm_addin_msgs__rosidl_typesupport_c.dir/rosidl_typesupport_c/abb_rapid_sm_addin_msgs/msg/state_machine_state__type_support.cpp.o[0m
[7.139s] [ 39%] [32mBuilding CXX object CMakeFiles/abb_rapid_sm_addin_msgs__rosidl_typesupport_introspection_cpp.dir/rosidl_typesupport_introspection_cpp/abb_rapid_sm_addin_msgs/msg/detail/egm_stop_settings__type_support.cpp.o[0m
[7.180s] [ 40%] [32mBuilding CXX object CMakeFiles/abb_rapid_sm_addin_msgs__rosidl_typesupport_c.dir/rosidl_typesupport_c/abb_rapid_sm_addin_msgs/srv/get_egm_settings__type_support.cpp.o[0m
[7.198s] [ 41%] [32mBuilding CXX object CMakeFiles/abb_rapid_sm_addin_msgs__rosidl_typesupport_c.dir/rosidl_typesupport_c/abb_rapid_sm_addin_msgs/srv/set_egm_settings__type_support.cpp.o[0m
[7.252s] [ 42%] [32mBuilding CXX object CMakeFiles/abb_rapid_sm_addin_msgs__rosidl_typesupport_introspection_cpp.dir/rosidl_typesupport_introspection_cpp/abb_rapid_sm_addin_msgs/msg/detail/runtime_state__type_support.cpp.o[0m
[7.273s] [ 43%] [32mBuilding CXX object CMakeFiles/abb_rapid_sm_addin_msgs__rosidl_typesupport_fastrtps_cpp.dir/rosidl_typesupport_fastrtps_cpp/abb_rapid_sm_addin_msgs/msg/detail/dds_fastrtps/egm_settings__type_support.cpp.o[0m
[7.279s] [ 44%] [32mBuilding CXX object CMakeFiles/abb_rapid_sm_addin_msgs__rosidl_typesupport_c.dir/rosidl_typesupport_c/abb_rapid_sm_addin_msgs/srv/set_rapid_routine__type_support.cpp.o[0m
[7.282s] [ 45%] [32mBuilding CXX object CMakeFiles/abb_rapid_sm_addin_msgs__rosidl_typesupport_c.dir/rosidl_typesupport_c/abb_rapid_sm_addin_msgs/srv/set_sg_command__type_support.cpp.o[0m
[7.288s] [ 46%] [32mBuilding C object CMakeFiles/abb_rapid_sm_addin_msgs__rosidl_typesupport_introspection_c.dir/rosidl_typesupport_introspection_c/abb_rapid_sm_addin_msgs/msg/detail/egm_activate_settings__type_support.c.o[0m
[7.373s] [ 48%] [32mBuilding CXX object CMakeFiles/abb_rapid_sm_addin_msgs__rosidl_typesupport_fastrtps_cpp.dir/rosidl_typesupport_fastrtps_cpp/abb_rapid_sm_addin_msgs/msg/detail/dds_fastrtps/egm_setup_settings__type_support.cpp.o[0m
[7.373s] [ 47%] [32m[1mLinking CXX shared library libabb_rapid_sm_addin_msgs__rosidl_typesupport_c.so[0m
[7.386s] [ 49%] [32mBuilding CXX object CMakeFiles/abb_rapid_sm_addin_msgs__rosidl_typesupport_introspection_cpp.dir/rosidl_typesupport_introspection_cpp/abb_rapid_sm_addin_msgs/msg/detail/state_machine_state__type_support.cpp.o[0m
[7.391s] [ 50%] [32mBuilding C object CMakeFiles/abb_rapid_sm_addin_msgs__rosidl_typesupport_introspection_c.dir/rosidl_typesupport_introspection_c/abb_rapid_sm_addin_msgs/msg/detail/egm_run_settings__type_support.c.o[0m
[7.398s] [ 51%] [32mBuilding CXX object CMakeFiles/abb_rapid_sm_addin_msgs__rosidl_typesupport_introspection_cpp.dir/rosidl_typesupport_introspection_cpp/abb_rapid_sm_addin_msgs/srv/detail/get_egm_settings__type_support.cpp.o[0m
[7.421s] [ 52%] [32mBuilding CXX object CMakeFiles/abb_rapid_sm_addin_msgs__rosidl_typesupport_introspection_cpp.dir/rosidl_typesupport_introspection_cpp/abb_rapid_sm_addin_msgs/srv/detail/set_egm_settings__type_support.cpp.o[0m
[7.457s] [ 53%] [32m[1mLinking CXX shared library libabb_rapid_sm_addin_msgs__rosidl_typesupport_cpp.so[0m
[7.470s] [ 54%] [32mBuilding CXX object CMakeFiles/abb_rapid_sm_addin_msgs__rosidl_typesupport_fastrtps_c.dir/rosidl_typesupport_fastrtps_c/abb_rapid_sm_addin_msgs/msg/detail/egm_activate_settings__type_support_c.cpp.o[0m
[7.494s] [ 54%] Built target abb_rapid_sm_addin_msgs__rosidl_typesupport_c
[7.501s] [ 55%] [32mBuilding C object CMakeFiles/abb_rapid_sm_addin_msgs__rosidl_typesupport_introspection_c.dir/rosidl_typesupport_introspection_c/abb_rapid_sm_addin_msgs/msg/detail/egm_settings__type_support.c.o[0m
[7.521s] [ 56%] [32mBuilding C object CMakeFiles/abb_rapid_sm_addin_msgs__rosidl_typesupport_introspection_c.dir/rosidl_typesupport_introspection_c/abb_rapid_sm_addin_msgs/msg/detail/egm_setup_settings__type_support.c.o[0m
[7.543s] [ 56%] Built target abb_rapid_sm_addin_msgs__rosidl_typesupport_cpp
[7.568s] [ 57%] [32mBuilding CXX object CMakeFiles/abb_rapid_sm_addin_msgs__rosidl_typesupport_fastrtps_cpp.dir/rosidl_typesupport_fastrtps_cpp/abb_rapid_sm_addin_msgs/msg/detail/dds_fastrtps/egm_stop_settings__type_support.cpp.o[0m
[7.583s] [ 58%] [32mBuilding CXX object CMakeFiles/abb_rapid_sm_addin_msgs__rosidl_typesupport_introspection_cpp.dir/rosidl_typesupport_introspection_cpp/abb_rapid_sm_addin_msgs/srv/detail/set_rapid_routine__type_support.cpp.o[0m
[7.594s] [ 59%] [32mBuilding C object CMakeFiles/abb_rapid_sm_addin_msgs__rosidl_typesupport_introspection_c.dir/rosidl_typesupport_introspection_c/abb_rapid_sm_addin_msgs/msg/detail/egm_stop_settings__type_support.c.o[0m
[7.645s] [ 60%] [32mBuilding C object CMakeFiles/abb_rapid_sm_addin_msgs__rosidl_typesupport_introspection_c.dir/rosidl_typesupport_introspection_c/abb_rapid_sm_addin_msgs/msg/detail/runtime_state__type_support.c.o[0m
[7.660s] [ 61%] [32mBuilding CXX object CMakeFiles/abb_rapid_sm_addin_msgs__rosidl_typesupport_introspection_cpp.dir/rosidl_typesupport_introspection_cpp/abb_rapid_sm_addin_msgs/srv/detail/set_sg_command__type_support.cpp.o[0m
[7.734s] [ 61%] [32mBuilding C object CMakeFiles/abb_rapid_sm_addin_msgs__rosidl_typesupport_introspection_c.dir/rosidl_typesupport_introspection_c/abb_rapid_sm_addin_msgs/msg/detail/state_machine_state__type_support.c.o[0m
[7.825s] [ 62%] [32mBuilding C object CMakeFiles/abb_rapid_sm_addin_msgs__rosidl_typesupport_introspection_c.dir/rosidl_typesupport_introspection_c/abb_rapid_sm_addin_msgs/srv/detail/get_egm_settings__type_support.c.o[0m
[7.829s] [ 63%] [32mBuilding CXX object CMakeFiles/abb_rapid_sm_addin_msgs__rosidl_typesupport_fastrtps_cpp.dir/rosidl_typesupport_fastrtps_cpp/abb_rapid_sm_addin_msgs/msg/detail/dds_fastrtps/runtime_state__type_support.cpp.o[0m
[7.924s] [ 64%] [32mBuilding C object CMakeFiles/abb_rapid_sm_addin_msgs__rosidl_typesupport_introspection_c.dir/rosidl_typesupport_introspection_c/abb_rapid_sm_addin_msgs/srv/detail/set_egm_settings__type_support.c.o[0m
[7.983s] [ 65%] [32mBuilding C object CMakeFiles/abb_rapid_sm_addin_msgs__rosidl_typesupport_introspection_c.dir/rosidl_typesupport_introspection_c/abb_rapid_sm_addin_msgs/srv/detail/set_rapid_routine__type_support.c.o[0m
[7.988s] [ 66%] [32mBuilding CXX object CMakeFiles/abb_rapid_sm_addin_msgs__rosidl_typesupport_fastrtps_c.dir/rosidl_typesupport_fastrtps_c/abb_rapid_sm_addin_msgs/msg/detail/egm_run_settings__type_support_c.cpp.o[0m
[8.025s] [ 67%] [32mBuilding CXX object CMakeFiles/abb_rapid_sm_addin_msgs__rosidl_typesupport_fastrtps_cpp.dir/rosidl_typesupport_fastrtps_cpp/abb_rapid_sm_addin_msgs/msg/detail/dds_fastrtps/state_machine_state__type_support.cpp.o[0m
[8.031s] [ 68%] [32mBuilding CXX object CMakeFiles/abb_rapid_sm_addin_msgs__rosidl_typesupport_fastrtps_cpp.dir/rosidl_typesupport_fastrtps_cpp/abb_rapid_sm_addin_msgs/srv/detail/dds_fastrtps/get_egm_settings__type_support.cpp.o[0m
[8.035s] [ 69%] [32mBuilding C object CMakeFiles/abb_rapid_sm_addin_msgs__rosidl_typesupport_introspection_c.dir/rosidl_typesupport_introspection_c/abb_rapid_sm_addin_msgs/srv/detail/set_sg_command__type_support.c.o[0m
[8.057s] [ 70%] [32mBuilding CXX object CMakeFiles/abb_rapid_sm_addin_msgs__rosidl_typesupport_fastrtps_cpp.dir/rosidl_typesupport_fastrtps_cpp/abb_rapid_sm_addin_msgs/srv/detail/dds_fastrtps/set_egm_settings__type_support.cpp.o[0m
[8.069s] [ 70%] [32mBuilding CXX object CMakeFiles/abb_rapid_sm_addin_msgs__rosidl_typesupport_fastrtps_cpp.dir/rosidl_typesupport_fastrtps_cpp/abb_rapid_sm_addin_msgs/srv/detail/dds_fastrtps/set_rapid_routine__type_support.cpp.o[0m
[8.143s] [ 71%] [32m[1mLinking C shared library libabb_rapid_sm_addin_msgs__rosidl_typesupport_introspection_c.so[0m
[8.165s] [ 72%] [32mBuilding CXX object CMakeFiles/abb_rapid_sm_addin_msgs__rosidl_typesupport_fastrtps_cpp.dir/rosidl_typesupport_fastrtps_cpp/abb_rapid_sm_addin_msgs/srv/detail/dds_fastrtps/set_sg_command__type_support.cpp.o[0m
[8.206s] [ 73%] [32mBuilding CXX object CMakeFiles/abb_rapid_sm_addin_msgs__rosidl_typesupport_fastrtps_c.dir/rosidl_typesupport_fastrtps_c/abb_rapid_sm_addin_msgs/msg/detail/egm_settings__type_support_c.cpp.o[0m
[8.212s] [ 74%] [32mBuilding CXX object CMakeFiles/abb_rapid_sm_addin_msgs__rosidl_typesupport_fastrtps_c.dir/rosidl_typesupport_fastrtps_c/abb_rapid_sm_addin_msgs/msg/detail/egm_setup_settings__type_support_c.cpp.o[0m
[8.243s] [ 74%] Built target abb_rapid_sm_addin_msgs__rosidl_typesupport_introspection_c
[8.256s] [ 74%] [32mBuilding CXX object CMakeFiles/abb_rapid_sm_addin_msgs__rosidl_typesupport_fastrtps_c.dir/rosidl_typesupport_fastrtps_c/abb_rapid_sm_addin_msgs/msg/detail/egm_stop_settings__type_support_c.cpp.o[0m
[8.267s] [ 75%] [32mBuilding CXX object CMakeFiles/abb_rapid_sm_addin_msgs__rosidl_typesupport_fastrtps_c.dir/rosidl_typesupport_fastrtps_c/abb_rapid_sm_addin_msgs/msg/detail/runtime_state__type_support_c.cpp.o[0m
[8.320s] [ 76%] [32mBuilding CXX object CMakeFiles/abb_rapid_sm_addin_msgs__rosidl_typesupport_fastrtps_c.dir/rosidl_typesupport_fastrtps_c/abb_rapid_sm_addin_msgs/msg/detail/state_machine_state__type_support_c.cpp.o[0m
[8.380s] [ 77%] [32mBuilding CXX object CMakeFiles/abb_rapid_sm_addin_msgs__rosidl_typesupport_fastrtps_c.dir/rosidl_typesupport_fastrtps_c/abb_rapid_sm_addin_msgs/srv/detail/get_egm_settings__type_support_c.cpp.o[0m
[8.557s] [ 78%] [32mBuilding CXX object CMakeFiles/abb_rapid_sm_addin_msgs__rosidl_typesupport_fastrtps_c.dir/rosidl_typesupport_fastrtps_c/abb_rapid_sm_addin_msgs/srv/detail/set_egm_settings__type_support_c.cpp.o[0m
[8.559s] [ 79%] [32m[1mLinking CXX shared library libabb_rapid_sm_addin_msgs__rosidl_typesupport_introspection_cpp.so[0m
[8.565s] [ 80%] [32mBuilding CXX object CMakeFiles/abb_rapid_sm_addin_msgs__rosidl_typesupport_fastrtps_c.dir/rosidl_typesupport_fastrtps_c/abb_rapid_sm_addin_msgs/srv/detail/set_rapid_routine__type_support_c.cpp.o[0m
[8.617s] [ 81%] [32mBuilding CXX object CMakeFiles/abb_rapid_sm_addin_msgs__rosidl_typesupport_fastrtps_c.dir/rosidl_typesupport_fastrtps_c/abb_rapid_sm_addin_msgs/srv/detail/set_sg_command__type_support_c.cpp.o[0m
[8.804s] [ 81%] Built target abb_rapid_sm_addin_msgs__rosidl_typesupport_introspection_cpp
[8.848s] [ 82%] [32m[1mLinking CXX shared library libabb_rapid_sm_addin_msgs__rosidl_typesupport_fastrtps_cpp.so[0m
[9.015s] [ 82%] Built target abb_rapid_sm_addin_msgs__rosidl_typesupport_fastrtps_cpp
[9.112s] [ 83%] [32m[1mLinking CXX shared library libabb_rapid_sm_addin_msgs__rosidl_typesupport_fastrtps_c.so[0m
[9.185s] [ 83%] Built target abb_rapid_sm_addin_msgs__rosidl_typesupport_fastrtps_c
[9.202s] [ 83%] Built target abb_rapid_sm_addin_msgs
[9.222s] [ 84%] [34m[1mGenerating Python code for ROS interfaces[0m
[12.086s] [ 84%] Built target abb_rapid_sm_addin_msgs__py
[12.104s] [ 85%] [32mBuilding C object CMakeFiles/abb_rapid_sm_addin_msgs__rosidl_generator_py.dir/rosidl_generator_py/abb_rapid_sm_addin_msgs/msg/_egm_run_settings_s.c.o[0m
[12.104s] [ 86%] [32mBuilding C object CMakeFiles/abb_rapid_sm_addin_msgs__rosidl_generator_py.dir/rosidl_generator_py/abb_rapid_sm_addin_msgs/msg/_egm_settings_s.c.o[0m
[12.106s] [ 87%] [32mBuilding C object CMakeFiles/abb_rapid_sm_addin_msgs__rosidl_generator_py.dir/rosidl_generator_py/abb_rapid_sm_addin_msgs/msg/_egm_setup_settings_s.c.o[0m
[12.107s] [ 89%] [32mBuilding C object CMakeFiles/abb_rapid_sm_addin_msgs__rosidl_generator_py.dir/rosidl_generator_py/abb_rapid_sm_addin_msgs/msg/_egm_stop_settings_s.c.o[0m
[12.107s] [ 89%] [32mBuilding C object CMakeFiles/abb_rapid_sm_addin_msgs__rosidl_generator_py.dir/rosidl_generator_py/abb_rapid_sm_addin_msgs/msg/_egm_activate_settings_s.c.o[0m
[12.107s] [ 89%] [32mBuilding C object CMakeFiles/abb_rapid_sm_addin_msgs__rosidl_generator_py.dir/rosidl_generator_py/abb_rapid_sm_addin_msgs/msg/_runtime_state_s.c.o[0m
[12.199s] [ 90%] [32mBuilding C object CMakeFiles/abb_rapid_sm_addin_msgs__rosidl_generator_py.dir/rosidl_generator_py/abb_rapid_sm_addin_msgs/srv/_set_sg_command_s.c.o[0m
[12.206s] [ 91%] [32mBuilding C object CMakeFiles/abb_rapid_sm_addin_msgs__rosidl_generator_py.dir/rosidl_generator_py/abb_rapid_sm_addin_msgs/srv/_set_rapid_routine_s.c.o[0m
[12.217s] [ 92%] [32mBuilding C object CMakeFiles/abb_rapid_sm_addin_msgs__rosidl_generator_py.dir/rosidl_generator_py/abb_rapid_sm_addin_msgs/srv/_set_egm_settings_s.c.o[0m
[12.225s] [ 93%] [32mBuilding C object CMakeFiles/abb_rapid_sm_addin_msgs__rosidl_generator_py.dir/rosidl_generator_py/abb_rapid_sm_addin_msgs/srv/_get_egm_settings_s.c.o[0m
[12.227s] [ 94%] [32mBuilding C object CMakeFiles/abb_rapid_sm_addin_msgs__rosidl_generator_py.dir/rosidl_generator_py/abb_rapid_sm_addin_msgs/msg/_state_machine_state_s.c.o[0m
[12.338s] [ 95%] [32m[1mLinking C shared library rosidl_generator_py/abb_rapid_sm_addin_msgs/libabb_rapid_sm_addin_msgs__rosidl_generator_py.so[0m
[12.377s] [ 95%] Built target abb_rapid_sm_addin_msgs__rosidl_generator_py
[12.395s] [ 96%] [32mBuilding C object CMakeFiles/abb_rapid_sm_addin_msgs__rosidl_typesupport_c__pyext.dir/rosidl_generator_py/abb_rapid_sm_addin_msgs/_abb_rapid_sm_addin_msgs_s.ep.rosidl_typesupport_c.c.o[0m
[12.395s] [ 96%] [32mBuilding C object CMakeFiles/abb_rapid_sm_addin_msgs__rosidl_typesupport_fastrtps_c__pyext.dir/rosidl_generator_py/abb_rapid_sm_addin_msgs/_abb_rapid_sm_addin_msgs_s.ep.rosidl_typesupport_fastrtps_c.c.o[0m
[12.396s] [ 97%] [32mBuilding C object CMakeFiles/abb_rapid_sm_addin_msgs__rosidl_typesupport_introspection_c__pyext.dir/rosidl_generator_py/abb_rapid_sm_addin_msgs/_abb_rapid_sm_addin_msgs_s.ep.rosidl_typesupport_introspection_c.c.o[0m
[12.526s] [ 98%] [32m[1mLinking C shared library rosidl_generator_py/abb_rapid_sm_addin_msgs/abb_rapid_sm_addin_msgs_s__rosidl_typesupport_c.cpython-310-x86_64-linux-gnu.so[0m
[12.536s] [ 99%] [32m[1mLinking C shared library rosidl_generator_py/abb_rapid_sm_addin_msgs/abb_rapid_sm_addin_msgs_s__rosidl_typesupport_introspection_c.cpython-310-x86_64-linux-gnu.so[0m
[12.553s] [100%] [32m[1mLinking C shared library rosidl_generator_py/abb_rapid_sm_addin_msgs/abb_rapid_sm_addin_msgs_s__rosidl_typesupport_fastrtps_c.cpython-310-x86_64-linux-gnu.so[0m
[12.566s] [100%] Built target abb_rapid_sm_addin_msgs__rosidl_typesupport_c__pyext
[12.572s] [100%] Built target abb_rapid_sm_addin_msgs__rosidl_typesupport_introspection_c__pyext
[12.588s] [100%] Built target abb_rapid_sm_addin_msgs__rosidl_typesupport_fastrtps_c__pyext
[12.599s] Invoked command in '/home/ros2/dev_ws/build/abb_rapid_sm_addin_msgs' returned '0': AMENT_PREFIX_PATH=/home/ros2/dev_ws/install/abb_rapid_msgs:${AMENT_PREFIX_PATH} CMAKE_PREFIX_PATH=/home/ros2/dev_ws/install/abb_rapid_msgs:/opt/ros/humble LD_LIBRARY_PATH=/home/ros2/dev_ws/install/abb_rapid_msgs/lib:${LD_LIBRARY_PATH} PYTHONPATH=/home/ros2/dev_ws/install/abb_rapid_msgs/local/lib/python3.10/dist-packages:${PYTHONPATH} /usr/bin/cmake --build /home/ros2/dev_ws/build/abb_rapid_sm_addin_msgs -- -j16 -l16
[12.600s] Invoking command in '/home/ros2/dev_ws/build/abb_rapid_sm_addin_msgs': AMENT_PREFIX_PATH=/home/ros2/dev_ws/install/abb_rapid_msgs:${AMENT_PREFIX_PATH} CMAKE_PREFIX_PATH=/home/ros2/dev_ws/install/abb_rapid_msgs:/opt/ros/humble LD_LIBRARY_PATH=/home/ros2/dev_ws/install/abb_rapid_msgs/lib:${LD_LIBRARY_PATH} PYTHONPATH=/home/ros2/dev_ws/install/abb_rapid_msgs/local/lib/python3.10/dist-packages:${PYTHONPATH} /usr/bin/cmake --install /home/ros2/dev_ws/build/abb_rapid_sm_addin_msgs
[12.609s] -- Install configuration: ""
[12.609s] -- Execute custom install script
[12.609s] -- Symlinking: /home/ros2/dev_ws/install/abb_rapid_sm_addin_msgs/share/ament_index/resource_index/rosidl_interfaces/abb_rapid_sm_addin_msgs
[12.619s] -- Symlinking: /home/ros2/dev_ws/install/abb_rapid_sm_addin_msgs/include/abb_rapid_sm_addin_msgs/abb_rapid_sm_addin_msgs/msg/detail/egm_activate_settings__functions.h
[12.628s] -- Symlinking: /home/ros2/dev_ws/install/abb_rapid_sm_addin_msgs/include/abb_rapid_sm_addin_msgs/abb_rapid_sm_addin_msgs/msg/detail/egm_activate_settings__struct.h
[12.641s] -- Symlinking: /home/ros2/dev_ws/install/abb_rapid_sm_addin_msgs/include/abb_rapid_sm_addin_msgs/abb_rapid_sm_addin_msgs/msg/detail/egm_activate_settings__type_support.h
[12.649s] -- Symlinking: /home/ros2/dev_ws/install/abb_rapid_sm_addin_msgs/include/abb_rapid_sm_addin_msgs/abb_rapid_sm_addin_msgs/msg/detail/egm_run_settings__functions.h
[12.657s] -- Symlinking: /home/ros2/dev_ws/install/abb_rapid_sm_addin_msgs/include/abb_rapid_sm_addin_msgs/abb_rapid_sm_addin_msgs/msg/detail/egm_run_settings__struct.h
[12.664s] -- Symlinking: /home/ros2/dev_ws/install/abb_rapid_sm_addin_msgs/include/abb_rapid_sm_addin_msgs/abb_rapid_sm_addin_msgs/msg/detail/egm_run_settings__type_support.h
[12.675s] -- Symlinking: /home/ros2/dev_ws/install/abb_rapid_sm_addin_msgs/include/abb_rapid_sm_addin_msgs/abb_rapid_sm_addin_msgs/msg/detail/egm_settings__functions.h
[12.683s] -- Symlinking: /home/ros2/dev_ws/install/abb_rapid_sm_addin_msgs/include/abb_rapid_sm_addin_msgs/abb_rapid_sm_addin_msgs/msg/detail/egm_settings__struct.h
[12.690s] -- Symlinking: /home/ros2/dev_ws/install/abb_rapid_sm_addin_msgs/include/abb_rapid_sm_addin_msgs/abb_rapid_sm_addin_msgs/msg/detail/egm_settings__type_support.h
[12.697s] -- Symlinking: /home/ros2/dev_ws/install/abb_rapid_sm_addin_msgs/include/abb_rapid_sm_addin_msgs/abb_rapid_sm_addin_msgs/msg/detail/egm_setup_settings__functions.h
[12.705s] -- Symlinking: /home/ros2/dev_ws/install/abb_rapid_sm_addin_msgs/include/abb_rapid_sm_addin_msgs/abb_rapid_sm_addin_msgs/msg/detail/egm_setup_settings__struct.h
[12.712s] -- Symlinking: /home/ros2/dev_ws/install/abb_rapid_sm_addin_msgs/include/abb_rapid_sm_addin_msgs/abb_rapid_sm_addin_msgs/msg/detail/egm_setup_settings__type_support.h
[12.719s] -- Symlinking: /home/ros2/dev_ws/install/abb_rapid_sm_addin_msgs/include/abb_rapid_sm_addin_msgs/abb_rapid_sm_addin_msgs/msg/detail/egm_stop_settings__functions.h
[12.728s] -- Symlinking: /home/ros2/dev_ws/install/abb_rapid_sm_addin_msgs/include/abb_rapid_sm_addin_msgs/abb_rapid_sm_addin_msgs/msg/detail/egm_stop_settings__struct.h
[12.736s] -- Symlinking: /home/ros2/dev_ws/install/abb_rapid_sm_addin_msgs/include/abb_rapid_sm_addin_msgs/abb_rapid_sm_addin_msgs/msg/detail/egm_stop_settings__type_support.h
[12.744s] -- Symlinking: /home/ros2/dev_ws/install/abb_rapid_sm_addin_msgs/include/abb_rapid_sm_addin_msgs/abb_rapid_sm_addin_msgs/msg/detail/runtime_state__functions.h
[12.755s] -- Symlinking: /home/ros2/dev_ws/install/abb_rapid_sm_addin_msgs/include/abb_rapid_sm_addin_msgs/abb_rapid_sm_addin_msgs/msg/detail/runtime_state__struct.h
[12.762s] -- Symlinking: /home/ros2/dev_ws/install/abb_rapid_sm_addin_msgs/include/abb_rapid_sm_addin_msgs/abb_rapid_sm_addin_msgs/msg/detail/runtime_state__type_support.h
[12.769s] -- Symlinking: /home/ros2/dev_ws/install/abb_rapid_sm_addin_msgs/include/abb_rapid_sm_addin_msgs/abb_rapid_sm_addin_msgs/msg/detail/state_machine_state__functions.h
[12.776s] -- Symlinking: /home/ros2/dev_ws/install/abb_rapid_sm_addin_msgs/include/abb_rapid_sm_addin_msgs/abb_rapid_sm_addin_msgs/msg/detail/state_machine_state__struct.h
[12.784s] -- Symlinking: /home/ros2/dev_ws/install/abb_rapid_sm_addin_msgs/include/abb_rapid_sm_addin_msgs/abb_rapid_sm_addin_msgs/msg/detail/state_machine_state__type_support.h
[12.793s] -- Symlinking: /home/ros2/dev_ws/install/abb_rapid_sm_addin_msgs/include/abb_rapid_sm_addin_msgs/abb_rapid_sm_addin_msgs/msg/egm_activate_settings.h
[12.802s] -- Symlinking: /home/ros2/dev_ws/install/abb_rapid_sm_addin_msgs/include/abb_rapid_sm_addin_msgs/abb_rapid_sm_addin_msgs/msg/egm_run_settings.h
[12.810s] -- Symlinking: /home/ros2/dev_ws/install/abb_rapid_sm_addin_msgs/include/abb_rapid_sm_addin_msgs/abb_rapid_sm_addin_msgs/msg/egm_settings.h
[12.817s] -- Symlinking: /home/ros2/dev_ws/install/abb_rapid_sm_addin_msgs/include/abb_rapid_sm_addin_msgs/abb_rapid_sm_addin_msgs/msg/egm_setup_settings.h
[12.825s] -- Symlinking: /home/ros2/dev_ws/install/abb_rapid_sm_addin_msgs/include/abb_rapid_sm_addin_msgs/abb_rapid_sm_addin_msgs/msg/egm_stop_settings.h
[12.833s] -- Symlinking: /home/ros2/dev_ws/install/abb_rapid_sm_addin_msgs/include/abb_rapid_sm_addin_msgs/abb_rapid_sm_addin_msgs/msg/rosidl_generator_c__visibility_control.h
[12.841s] -- Symlinking: /home/ros2/dev_ws/install/abb_rapid_sm_addin_msgs/include/abb_rapid_sm_addin_msgs/abb_rapid_sm_addin_msgs/msg/runtime_state.h
[12.848s] -- Symlinking: /home/ros2/dev_ws/install/abb_rapid_sm_addin_msgs/include/abb_rapid_sm_addin_msgs/abb_rapid_sm_addin_msgs/msg/state_machine_state.h
[12.856s] -- Symlinking: /home/ros2/dev_ws/install/abb_rapid_sm_addin_msgs/include/abb_rapid_sm_addin_msgs/abb_rapid_sm_addin_msgs/srv/detail/get_egm_settings__functions.h
[12.864s] -- Symlinking: /home/ros2/dev_ws/install/abb_rapid_sm_addin_msgs/include/abb_rapid_sm_addin_msgs/abb_rapid_sm_addin_msgs/srv/detail/get_egm_settings__struct.h
[12.872s] -- Symlinking: /home/ros2/dev_ws/install/abb_rapid_sm_addin_msgs/include/abb_rapid_sm_addin_msgs/abb_rapid_sm_addin_msgs/srv/detail/get_egm_settings__type_support.h
[12.880s] -- Symlinking: /home/ros2/dev_ws/install/abb_rapid_sm_addin_msgs/include/abb_rapid_sm_addin_msgs/abb_rapid_sm_addin_msgs/srv/detail/set_egm_settings__functions.h
[12.887s] -- Symlinking: /home/ros2/dev_ws/install/abb_rapid_sm_addin_msgs/include/abb_rapid_sm_addin_msgs/abb_rapid_sm_addin_msgs/srv/detail/set_egm_settings__struct.h
[12.894s] -- Symlinking: /home/ros2/dev_ws/install/abb_rapid_sm_addin_msgs/include/abb_rapid_sm_addin_msgs/abb_rapid_sm_addin_msgs/srv/detail/set_egm_settings__type_support.h
[12.902s] -- Symlinking: /home/ros2/dev_ws/install/abb_rapid_sm_addin_msgs/include/abb_rapid_sm_addin_msgs/abb_rapid_sm_addin_msgs/srv/detail/set_rapid_routine__functions.h
[12.910s] -- Symlinking: /home/ros2/dev_ws/install/abb_rapid_sm_addin_msgs/include/abb_rapid_sm_addin_msgs/abb_rapid_sm_addin_msgs/srv/detail/set_rapid_routine__struct.h
[12.917s] -- Symlinking: /home/ros2/dev_ws/install/abb_rapid_sm_addin_msgs/include/abb_rapid_sm_addin_msgs/abb_rapid_sm_addin_msgs/srv/detail/set_rapid_routine__type_support.h
[12.925s] -- Symlinking: /home/ros2/dev_ws/install/abb_rapid_sm_addin_msgs/include/abb_rapid_sm_addin_msgs/abb_rapid_sm_addin_msgs/srv/detail/set_sg_command__functions.h
[12.932s] -- Symlinking: /home/ros2/dev_ws/install/abb_rapid_sm_addin_msgs/include/abb_rapid_sm_addin_msgs/abb_rapid_sm_addin_msgs/srv/detail/set_sg_command__struct.h
[12.940s] -- Symlinking: /home/ros2/dev_ws/install/abb_rapid_sm_addin_msgs/include/abb_rapid_sm_addin_msgs/abb_rapid_sm_addin_msgs/srv/detail/set_sg_command__type_support.h
[12.948s] -- Symlinking: /home/ros2/dev_ws/install/abb_rapid_sm_addin_msgs/include/abb_rapid_sm_addin_msgs/abb_rapid_sm_addin_msgs/srv/get_egm_settings.h
[12.955s] -- Symlinking: /home/ros2/dev_ws/install/abb_rapid_sm_addin_msgs/include/abb_rapid_sm_addin_msgs/abb_rapid_sm_addin_msgs/srv/set_egm_settings.h
[12.962s] -- Symlinking: /home/ros2/dev_ws/install/abb_rapid_sm_addin_msgs/include/abb_rapid_sm_addin_msgs/abb_rapid_sm_addin_msgs/srv/set_rapid_routine.h
[12.970s] -- Symlinking: /home/ros2/dev_ws/install/abb_rapid_sm_addin_msgs/include/abb_rapid_sm_addin_msgs/abb_rapid_sm_addin_msgs/srv/set_sg_command.h
[12.977s] -- Symlinking: /home/ros2/dev_ws/install/abb_rapid_sm_addin_msgs/share/abb_rapid_sm_addin_msgs/environment/library_path.sh
[12.984s] -- Symlinking: /home/ros2/dev_ws/install/abb_rapid_sm_addin_msgs/share/abb_rapid_sm_addin_msgs/environment/library_path.dsv
[12.992s] -- Symlinking: /home/ros2/dev_ws/install/abb_rapid_sm_addin_msgs/include/abb_rapid_sm_addin_msgs/abb_rapid_sm_addin_msgs/msg/detail/egm_activate_settings__rosidl_typesupport_fastrtps_c.h
[13.002s] -- Symlinking: /home/ros2/dev_ws/install/abb_rapid_sm_addin_msgs/include/abb_rapid_sm_addin_msgs/abb_rapid_sm_addin_msgs/msg/detail/egm_run_settings__rosidl_typesupport_fastrtps_c.h
[13.010s] -- Symlinking: /home/ros2/dev_ws/install/abb_rapid_sm_addin_msgs/include/abb_rapid_sm_addin_msgs/abb_rapid_sm_addin_msgs/msg/detail/egm_settings__rosidl_typesupport_fastrtps_c.h
[13.017s] -- Symlinking: /home/ros2/dev_ws/install/abb_rapid_sm_addin_msgs/include/abb_rapid_sm_addin_msgs/abb_rapid_sm_addin_msgs/msg/detail/egm_setup_settings__rosidl_typesupport_fastrtps_c.h
[13.024s] -- Symlinking: /home/ros2/dev_ws/install/abb_rapid_sm_addin_msgs/include/abb_rapid_sm_addin_msgs/abb_rapid_sm_addin_msgs/msg/detail/egm_stop_settings__rosidl_typesupport_fastrtps_c.h
[13.032s] -- Symlinking: /home/ros2/dev_ws/install/abb_rapid_sm_addin_msgs/include/abb_rapid_sm_addin_msgs/abb_rapid_sm_addin_msgs/msg/detail/runtime_state__rosidl_typesupport_fastrtps_c.h
[13.039s] -- Symlinking: /home/ros2/dev_ws/install/abb_rapid_sm_addin_msgs/include/abb_rapid_sm_addin_msgs/abb_rapid_sm_addin_msgs/msg/detail/state_machine_state__rosidl_typesupport_fastrtps_c.h
[13.047s] -- Symlinking: /home/ros2/dev_ws/install/abb_rapid_sm_addin_msgs/include/abb_rapid_sm_addin_msgs/abb_rapid_sm_addin_msgs/msg/rosidl_typesupport_fastrtps_c__visibility_control.h
[13.055s] -- Symlinking: /home/ros2/dev_ws/install/abb_rapid_sm_addin_msgs/include/abb_rapid_sm_addin_msgs/abb_rapid_sm_addin_msgs/srv/detail/get_egm_settings__rosidl_typesupport_fastrtps_c.h
[13.063s] -- Symlinking: /home/ros2/dev_ws/install/abb_rapid_sm_addin_msgs/include/abb_rapid_sm_addin_msgs/abb_rapid_sm_addin_msgs/srv/detail/set_egm_settings__rosidl_typesupport_fastrtps_c.h
[13.071s] -- Symlinking: /home/ros2/dev_ws/install/abb_rapid_sm_addin_msgs/include/abb_rapid_sm_addin_msgs/abb_rapid_sm_addin_msgs/srv/detail/set_rapid_routine__rosidl_typesupport_fastrtps_c.h
[13.078s] -- Symlinking: /home/ros2/dev_ws/install/abb_rapid_sm_addin_msgs/include/abb_rapid_sm_addin_msgs/abb_rapid_sm_addin_msgs/srv/detail/set_sg_command__rosidl_typesupport_fastrtps_c.h
[13.085s] -- Symlinking: /home/ros2/dev_ws/install/abb_rapid_sm_addin_msgs/include/abb_rapid_sm_addin_msgs/abb_rapid_sm_addin_msgs/msg/detail/egm_activate_settings__rosidl_typesupport_introspection_c.h
[13.093s] -- Symlinking: /home/ros2/dev_ws/install/abb_rapid_sm_addin_msgs/include/abb_rapid_sm_addin_msgs/abb_rapid_sm_addin_msgs/msg/detail/egm_run_settings__rosidl_typesupport_introspection_c.h
[13.104s] -- Symlinking: /home/ros2/dev_ws/install/abb_rapid_sm_addin_msgs/include/abb_rapid_sm_addin_msgs/abb_rapid_sm_addin_msgs/msg/detail/egm_settings__rosidl_typesupport_introspection_c.h
[13.113s] -- Symlinking: /home/ros2/dev_ws/install/abb_rapid_sm_addin_msgs/include/abb_rapid_sm_addin_msgs/abb_rapid_sm_addin_msgs/msg/detail/egm_setup_settings__rosidl_typesupport_introspection_c.h
[13.125s] -- Symlinking: /home/ros2/dev_ws/install/abb_rapid_sm_addin_msgs/include/abb_rapid_sm_addin_msgs/abb_rapid_sm_addin_msgs/msg/detail/egm_stop_settings__rosidl_typesupport_introspection_c.h
[13.133s] -- Symlinking: /home/ros2/dev_ws/install/abb_rapid_sm_addin_msgs/include/abb_rapid_sm_addin_msgs/abb_rapid_sm_addin_msgs/msg/detail/runtime_state__rosidl_typesupport_introspection_c.h
[13.140s] -- Symlinking: /home/ros2/dev_ws/install/abb_rapid_sm_addin_msgs/include/abb_rapid_sm_addin_msgs/abb_rapid_sm_addin_msgs/msg/detail/state_machine_state__rosidl_typesupport_introspection_c.h
[13.148s] -- Symlinking: /home/ros2/dev_ws/install/abb_rapid_sm_addin_msgs/include/abb_rapid_sm_addin_msgs/abb_rapid_sm_addin_msgs/msg/rosidl_typesupport_introspection_c__visibility_control.h
[13.156s] -- Symlinking: /home/ros2/dev_ws/install/abb_rapid_sm_addin_msgs/include/abb_rapid_sm_addin_msgs/abb_rapid_sm_addin_msgs/srv/detail/get_egm_settings__rosidl_typesupport_introspection_c.h
[13.163s] -- Symlinking: /home/ros2/dev_ws/install/abb_rapid_sm_addin_msgs/include/abb_rapid_sm_addin_msgs/abb_rapid_sm_addin_msgs/srv/detail/set_egm_settings__rosidl_typesupport_introspection_c.h
[13.171s] -- Symlinking: /home/ros2/dev_ws/install/abb_rapid_sm_addin_msgs/include/abb_rapid_sm_addin_msgs/abb_rapid_sm_addin_msgs/srv/detail/set_rapid_routine__rosidl_typesupport_introspection_c.h
[13.179s] -- Symlinking: /home/ros2/dev_ws/install/abb_rapid_sm_addin_msgs/include/abb_rapid_sm_addin_msgs/abb_rapid_sm_addin_msgs/srv/detail/set_sg_command__rosidl_typesupport_introspection_c.h
[13.187s] -- Symlinking: /home/ros2/dev_ws/install/abb_rapid_sm_addin_msgs/include/abb_rapid_sm_addin_msgs/abb_rapid_sm_addin_msgs/msg/detail/egm_activate_settings__builder.hpp
[13.195s] -- Symlinking: /home/ros2/dev_ws/install/abb_rapid_sm_addin_msgs/include/abb_rapid_sm_addin_msgs/abb_rapid_sm_addin_msgs/msg/detail/egm_activate_settings__struct.hpp
[13.203s] -- Symlinking: /home/ros2/dev_ws/install/abb_rapid_sm_addin_msgs/include/abb_rapid_sm_addin_msgs/abb_rapid_sm_addin_msgs/msg/detail/egm_activate_settings__traits.hpp
[13.210s] -- Symlinking: /home/ros2/dev_ws/install/abb_rapid_sm_addin_msgs/include/abb_rapid_sm_addin_msgs/abb_rapid_sm_addin_msgs/msg/detail/egm_activate_settings__type_support.hpp
[13.219s] -- Symlinking: /home/ros2/dev_ws/install/abb_rapid_sm_addin_msgs/include/abb_rapid_sm_addin_msgs/abb_rapid_sm_addin_msgs/msg/detail/egm_run_settings__builder.hpp
[13.227s] -- Symlinking: /home/ros2/dev_ws/install/abb_rapid_sm_addin_msgs/include/abb_rapid_sm_addin_msgs/abb_rapid_sm_addin_msgs/msg/detail/egm_run_settings__struct.hpp
[13.234s] -- Symlinking: /home/ros2/dev_ws/install/abb_rapid_sm_addin_msgs/include/abb_rapid_sm_addin_msgs/abb_rapid_sm_addin_msgs/msg/detail/egm_run_settings__traits.hpp
[13.241s] -- Symlinking: /home/ros2/dev_ws/install/abb_rapid_sm_addin_msgs/include/abb_rapid_sm_addin_msgs/abb_rapid_sm_addin_msgs/msg/detail/egm_run_settings__type_support.hpp
[13.249s] -- Symlinking: /home/ros2/dev_ws/install/abb_rapid_sm_addin_msgs/include/abb_rapid_sm_addin_msgs/abb_rapid_sm_addin_msgs/msg/detail/egm_settings__builder.hpp
[13.256s] -- Symlinking: /home/ros2/dev_ws/install/abb_rapid_sm_addin_msgs/include/abb_rapid_sm_addin_msgs/abb_rapid_sm_addin_msgs/msg/detail/egm_settings__struct.hpp
[13.264s] -- Symlinking: /home/ros2/dev_ws/install/abb_rapid_sm_addin_msgs/include/abb_rapid_sm_addin_msgs/abb_rapid_sm_addin_msgs/msg/detail/egm_settings__traits.hpp
[13.272s] -- Symlinking: /home/ros2/dev_ws/install/abb_rapid_sm_addin_msgs/include/abb_rapid_sm_addin_msgs/abb_rapid_sm_addin_msgs/msg/detail/egm_settings__type_support.hpp
[13.280s] -- Symlinking: /home/ros2/dev_ws/install/abb_rapid_sm_addin_msgs/include/abb_rapid_sm_addin_msgs/abb_rapid_sm_addin_msgs/msg/detail/egm_setup_settings__builder.hpp
[13.287s] -- Symlinking: /home/ros2/dev_ws/install/abb_rapid_sm_addin_msgs/include/abb_rapid_sm_addin_msgs/abb_rapid_sm_addin_msgs/msg/detail/egm_setup_settings__struct.hpp
[13.294s] -- Symlinking: /home/ros2/dev_ws/install/abb_rapid_sm_addin_msgs/include/abb_rapid_sm_addin_msgs/abb_rapid_sm_addin_msgs/msg/detail/egm_setup_settings__traits.hpp
[13.302s] -- Symlinking: /home/ros2/dev_ws/install/abb_rapid_sm_addin_msgs/include/abb_rapid_sm_addin_msgs/abb_rapid_sm_addin_msgs/msg/detail/egm_setup_settings__type_support.hpp
[13.310s] -- Symlinking: /home/ros2/dev_ws/install/abb_rapid_sm_addin_msgs/include/abb_rapid_sm_addin_msgs/abb_rapid_sm_addin_msgs/msg/detail/egm_stop_settings__builder.hpp
[13.318s] -- Symlinking: /home/ros2/dev_ws/install/abb_rapid_sm_addin_msgs/include/abb_rapid_sm_addin_msgs/abb_rapid_sm_addin_msgs/msg/detail/egm_stop_settings__struct.hpp
[13.328s] -- Symlinking: /home/ros2/dev_ws/install/abb_rapid_sm_addin_msgs/include/abb_rapid_sm_addin_msgs/abb_rapid_sm_addin_msgs/msg/detail/egm_stop_settings__traits.hpp
[13.338s] -- Symlinking: /home/ros2/dev_ws/install/abb_rapid_sm_addin_msgs/include/abb_rapid_sm_addin_msgs/abb_rapid_sm_addin_msgs/msg/detail/egm_stop_settings__type_support.hpp
[13.347s] -- Symlinking: /home/ros2/dev_ws/install/abb_rapid_sm_addin_msgs/include/abb_rapid_sm_addin_msgs/abb_rapid_sm_addin_msgs/msg/detail/runtime_state__builder.hpp
[13.355s] -- Symlinking: /home/ros2/dev_ws/install/abb_rapid_sm_addin_msgs/include/abb_rapid_sm_addin_msgs/abb_rapid_sm_addin_msgs/msg/detail/runtime_state__struct.hpp
[13.363s] -- Symlinking: /home/ros2/dev_ws/install/abb_rapid_sm_addin_msgs/include/abb_rapid_sm_addin_msgs/abb_rapid_sm_addin_msgs/msg/detail/runtime_state__traits.hpp
[13.371s] -- Symlinking: /home/ros2/dev_ws/install/abb_rapid_sm_addin_msgs/include/abb_rapid_sm_addin_msgs/abb_rapid_sm_addin_msgs/msg/detail/runtime_state__type_support.hpp
[13.380s] -- Symlinking: /home/ros2/dev_ws/install/abb_rapid_sm_addin_msgs/include/abb_rapid_sm_addin_msgs/abb_rapid_sm_addin_msgs/msg/detail/state_machine_state__builder.hpp
[13.389s] -- Symlinking: /home/ros2/dev_ws/install/abb_rapid_sm_addin_msgs/include/abb_rapid_sm_addin_msgs/abb_rapid_sm_addin_msgs/msg/detail/state_machine_state__struct.hpp
[13.397s] -- Symlinking: /home/ros2/dev_ws/install/abb_rapid_sm_addin_msgs/include/abb_rapid_sm_addin_msgs/abb_rapid_sm_addin_msgs/msg/detail/state_machine_state__traits.hpp
[13.407s] -- Symlinking: /home/ros2/dev_ws/install/abb_rapid_sm_addin_msgs/include/abb_rapid_sm_addin_msgs/abb_rapid_sm_addin_msgs/msg/detail/state_machine_state__type_support.hpp
[13.418s] -- Symlinking: /home/ros2/dev_ws/install/abb_rapid_sm_addin_msgs/include/abb_rapid_sm_addin_msgs/abb_rapid_sm_addin_msgs/msg/egm_activate_settings.hpp
[13.426s] -- Symlinking: /home/ros2/dev_ws/install/abb_rapid_sm_addin_msgs/include/abb_rapid_sm_addin_msgs/abb_rapid_sm_addin_msgs/msg/egm_run_settings.hpp
[13.436s] -- Symlinking: /home/ros2/dev_ws/install/abb_rapid_sm_addin_msgs/include/abb_rapid_sm_addin_msgs/abb_rapid_sm_addin_msgs/msg/egm_settings.hpp
[13.444s] -- Symlinking: /home/ros2/dev_ws/install/abb_rapid_sm_addin_msgs/include/abb_rapid_sm_addin_msgs/abb_rapid_sm_addin_msgs/msg/egm_setup_settings.hpp
[13.453s] -- Symlinking: /home/ros2/dev_ws/install/abb_rapid_sm_addin_msgs/include/abb_rapid_sm_addin_msgs/abb_rapid_sm_addin_msgs/msg/egm_stop_settings.hpp
[13.461s] -- Symlinking: /home/ros2/dev_ws/install/abb_rapid_sm_addin_msgs/include/abb_rapid_sm_addin_msgs/abb_rapid_sm_addin_msgs/msg/rosidl_generator_cpp__visibility_control.hpp
[13.469s] -- Symlinking: /home/ros2/dev_ws/install/abb_rapid_sm_addin_msgs/include/abb_rapid_sm_addin_msgs/abb_rapid_sm_addin_msgs/msg/runtime_state.hpp
[13.477s] -- Symlinking: /home/ros2/dev_ws/install/abb_rapid_sm_addin_msgs/include/abb_rapid_sm_addin_msgs/abb_rapid_sm_addin_msgs/msg/state_machine_state.hpp
[13.486s] -- Symlinking: /home/ros2/dev_ws/install/abb_rapid_sm_addin_msgs/include/abb_rapid_sm_addin_msgs/abb_rapid_sm_addin_msgs/srv/detail/get_egm_settings__builder.hpp
[13.494s] -- Symlinking: /home/ros2/dev_ws/install/abb_rapid_sm_addin_msgs/include/abb_rapid_sm_addin_msgs/abb_rapid_sm_addin_msgs/srv/detail/get_egm_settings__struct.hpp
[13.503s] -- Symlinking: /home/ros2/dev_ws/install/abb_rapid_sm_addin_msgs/include/abb_rapid_sm_addin_msgs/abb_rapid_sm_addin_msgs/srv/detail/get_egm_settings__traits.hpp
[13.516s] -- Symlinking: /home/ros2/dev_ws/install/abb_rapid_sm_addin_msgs/include/abb_rapid_sm_addin_msgs/abb_rapid_sm_addin_msgs/srv/detail/get_egm_settings__type_support.hpp
[13.524s] -- Symlinking: /home/ros2/dev_ws/install/abb_rapid_sm_addin_msgs/include/abb_rapid_sm_addin_msgs/abb_rapid_sm_addin_msgs/srv/detail/set_egm_settings__builder.hpp
[13.532s] -- Symlinking: /home/ros2/dev_ws/install/abb_rapid_sm_addin_msgs/include/abb_rapid_sm_addin_msgs/abb_rapid_sm_addin_msgs/srv/detail/set_egm_settings__struct.hpp
[13.541s] -- Symlinking: /home/ros2/dev_ws/install/abb_rapid_sm_addin_msgs/include/abb_rapid_sm_addin_msgs/abb_rapid_sm_addin_msgs/srv/detail/set_egm_settings__traits.hpp
[13.549s] -- Symlinking: /home/ros2/dev_ws/install/abb_rapid_sm_addin_msgs/include/abb_rapid_sm_addin_msgs/abb_rapid_sm_addin_msgs/srv/detail/set_egm_settings__type_support.hpp
[13.557s] -- Symlinking: /home/ros2/dev_ws/install/abb_rapid_sm_addin_msgs/include/abb_rapid_sm_addin_msgs/abb_rapid_sm_addin_msgs/srv/detail/set_rapid_routine__builder.hpp
[13.565s] -- Symlinking: /home/ros2/dev_ws/install/abb_rapid_sm_addin_msgs/include/abb_rapid_sm_addin_msgs/abb_rapid_sm_addin_msgs/srv/detail/set_rapid_routine__struct.hpp
[13.573s] -- Symlinking: /home/ros2/dev_ws/install/abb_rapid_sm_addin_msgs/include/abb_rapid_sm_addin_msgs/abb_rapid_sm_addin_msgs/srv/detail/set_rapid_routine__traits.hpp
[13.582s] -- Symlinking: /home/ros2/dev_ws/install/abb_rapid_sm_addin_msgs/include/abb_rapid_sm_addin_msgs/abb_rapid_sm_addin_msgs/srv/detail/set_rapid_routine__type_support.hpp
[13.594s] -- Symlinking: /home/ros2/dev_ws/install/abb_rapid_sm_addin_msgs/include/abb_rapid_sm_addin_msgs/abb_rapid_sm_addin_msgs/srv/detail/set_sg_command__builder.hpp
[13.606s] -- Symlinking: /home/ros2/dev_ws/install/abb_rapid_sm_addin_msgs/include/abb_rapid_sm_addin_msgs/abb_rapid_sm_addin_msgs/srv/detail/set_sg_command__struct.hpp
[13.618s] -- Symlinking: /home/ros2/dev_ws/install/abb_rapid_sm_addin_msgs/include/abb_rapid_sm_addin_msgs/abb_rapid_sm_addin_msgs/srv/detail/set_sg_command__traits.hpp
[13.629s] -- Symlinking: /home/ros2/dev_ws/install/abb_rapid_sm_addin_msgs/include/abb_rapid_sm_addin_msgs/abb_rapid_sm_addin_msgs/srv/detail/set_sg_command__type_support.hpp
[13.636s] -- Symlinking: /home/ros2/dev_ws/install/abb_rapid_sm_addin_msgs/include/abb_rapid_sm_addin_msgs/abb_rapid_sm_addin_msgs/srv/get_egm_settings.hpp
[13.645s] -- Symlinking: /home/ros2/dev_ws/install/abb_rapid_sm_addin_msgs/include/abb_rapid_sm_addin_msgs/abb_rapid_sm_addin_msgs/srv/set_egm_settings.hpp
[13.653s] -- Symlinking: /home/ros2/dev_ws/install/abb_rapid_sm_addin_msgs/include/abb_rapid_sm_addin_msgs/abb_rapid_sm_addin_msgs/srv/set_rapid_routine.hpp
[13.665s] -- Symlinking: /home/ros2/dev_ws/install/abb_rapid_sm_addin_msgs/include/abb_rapid_sm_addin_msgs/abb_rapid_sm_addin_msgs/srv/set_sg_command.hpp
[13.678s] -- Symlinking: /home/ros2/dev_ws/install/abb_rapid_sm_addin_msgs/include/abb_rapid_sm_addin_msgs/abb_rapid_sm_addin_msgs/msg/detail/egm_activate_settings__rosidl_typesupport_fastrtps_cpp.hpp
[13.687s] -- Symlinking: /home/ros2/dev_ws/install/abb_rapid_sm_addin_msgs/include/abb_rapid_sm_addin_msgs/abb_rapid_sm_addin_msgs/msg/detail/egm_run_settings__rosidl_typesupport_fastrtps_cpp.hpp
[13.698s] -- Symlinking: /home/ros2/dev_ws/install/abb_rapid_sm_addin_msgs/include/abb_rapid_sm_addin_msgs/abb_rapid_sm_addin_msgs/msg/detail/egm_settings__rosidl_typesupport_fastrtps_cpp.hpp
[13.708s] -- Symlinking: /home/ros2/dev_ws/install/abb_rapid_sm_addin_msgs/include/abb_rapid_sm_addin_msgs/abb_rapid_sm_addin_msgs/msg/detail/egm_setup_settings__rosidl_typesupport_fastrtps_cpp.hpp
[13.718s] -- Symlinking: /home/ros2/dev_ws/install/abb_rapid_sm_addin_msgs/include/abb_rapid_sm_addin_msgs/abb_rapid_sm_addin_msgs/msg/detail/egm_stop_settings__rosidl_typesupport_fastrtps_cpp.hpp
[13.727s] -- Symlinking: /home/ros2/dev_ws/install/abb_rapid_sm_addin_msgs/include/abb_rapid_sm_addin_msgs/abb_rapid_sm_addin_msgs/msg/detail/runtime_state__rosidl_typesupport_fastrtps_cpp.hpp
[13.737s] -- Symlinking: /home/ros2/dev_ws/install/abb_rapid_sm_addin_msgs/include/abb_rapid_sm_addin_msgs/abb_rapid_sm_addin_msgs/msg/detail/state_machine_state__rosidl_typesupport_fastrtps_cpp.hpp
[13.745s] -- Symlinking: /home/ros2/dev_ws/install/abb_rapid_sm_addin_msgs/include/abb_rapid_sm_addin_msgs/abb_rapid_sm_addin_msgs/msg/rosidl_typesupport_fastrtps_cpp__visibility_control.h
[13.755s] -- Symlinking: /home/ros2/dev_ws/install/abb_rapid_sm_addin_msgs/include/abb_rapid_sm_addin_msgs/abb_rapid_sm_addin_msgs/srv/detail/get_egm_settings__rosidl_typesupport_fastrtps_cpp.hpp
[13.765s] -- Symlinking: /home/ros2/dev_ws/install/abb_rapid_sm_addin_msgs/include/abb_rapid_sm_addin_msgs/abb_rapid_sm_addin_msgs/srv/detail/set_egm_settings__rosidl_typesupport_fastrtps_cpp.hpp
[13.774s] -- Symlinking: /home/ros2/dev_ws/install/abb_rapid_sm_addin_msgs/include/abb_rapid_sm_addin_msgs/abb_rapid_sm_addin_msgs/srv/detail/set_rapid_routine__rosidl_typesupport_fastrtps_cpp.hpp
[13.782s] -- Symlinking: /home/ros2/dev_ws/install/abb_rapid_sm_addin_msgs/include/abb_rapid_sm_addin_msgs/abb_rapid_sm_addin_msgs/srv/detail/set_sg_command__rosidl_typesupport_fastrtps_cpp.hpp
[13.793s] -- Symlinking: /home/ros2/dev_ws/install/abb_rapid_sm_addin_msgs/include/abb_rapid_sm_addin_msgs/abb_rapid_sm_addin_msgs/msg/detail/egm_activate_settings__rosidl_typesupport_introspection_cpp.hpp
[13.806s] -- Symlinking: /home/ros2/dev_ws/install/abb_rapid_sm_addin_msgs/include/abb_rapid_sm_addin_msgs/abb_rapid_sm_addin_msgs/msg/detail/egm_run_settings__rosidl_typesupport_introspection_cpp.hpp
[13.819s] -- Symlinking: /home/ros2/dev_ws/install/abb_rapid_sm_addin_msgs/include/abb_rapid_sm_addin_msgs/abb_rapid_sm_addin_msgs/msg/detail/egm_settings__rosidl_typesupport_introspection_cpp.hpp
[13.828s] -- Symlinking: /home/ros2/dev_ws/install/abb_rapid_sm_addin_msgs/include/abb_rapid_sm_addin_msgs/abb_rapid_sm_addin_msgs/msg/detail/egm_setup_settings__rosidl_typesupport_introspection_cpp.hpp
[13.838s] -- Symlinking: /home/ros2/dev_ws/install/abb_rapid_sm_addin_msgs/include/abb_rapid_sm_addin_msgs/abb_rapid_sm_addin_msgs/msg/detail/egm_stop_settings__rosidl_typesupport_introspection_cpp.hpp
[13.849s] -- Symlinking: /home/ros2/dev_ws/install/abb_rapid_sm_addin_msgs/include/abb_rapid_sm_addin_msgs/abb_rapid_sm_addin_msgs/msg/detail/runtime_state__rosidl_typesupport_introspection_cpp.hpp
[13.863s] -- Symlinking: /home/ros2/dev_ws/install/abb_rapid_sm_addin_msgs/include/abb_rapid_sm_addin_msgs/abb_rapid_sm_addin_msgs/msg/detail/state_machine_state__rosidl_typesupport_introspection_cpp.hpp
[13.873s] -- Symlinking: /home/ros2/dev_ws/install/abb_rapid_sm_addin_msgs/include/abb_rapid_sm_addin_msgs/abb_rapid_sm_addin_msgs/srv/detail/get_egm_settings__rosidl_typesupport_introspection_cpp.hpp
[13.885s] -- Symlinking: /home/ros2/dev_ws/install/abb_rapid_sm_addin_msgs/include/abb_rapid_sm_addin_msgs/abb_rapid_sm_addin_msgs/srv/detail/set_egm_settings__rosidl_typesupport_introspection_cpp.hpp
[13.893s] -- Symlinking: /home/ros2/dev_ws/install/abb_rapid_sm_addin_msgs/include/abb_rapid_sm_addin_msgs/abb_rapid_sm_addin_msgs/srv/detail/set_rapid_routine__rosidl_typesupport_introspection_cpp.hpp
[13.903s] -- Symlinking: /home/ros2/dev_ws/install/abb_rapid_sm_addin_msgs/include/abb_rapid_sm_addin_msgs/abb_rapid_sm_addin_msgs/srv/detail/set_sg_command__rosidl_typesupport_introspection_cpp.hpp
[13.916s] -- Symlinking: /home/ros2/dev_ws/install/abb_rapid_sm_addin_msgs/share/abb_rapid_sm_addin_msgs/environment/pythonpath.sh
[13.926s] -- Symlinking: /home/ros2/dev_ws/install/abb_rapid_sm_addin_msgs/share/abb_rapid_sm_addin_msgs/environment/pythonpath.dsv
[13.937s] -- Symlinking: /home/ros2/dev_ws/install/abb_rapid_sm_addin_msgs/local/lib/python3.10/dist-packages/abb_rapid_sm_addin_msgs-1.0.0-py3.10.egg-info/PKG-INFO
[13.946s] -- Symlinking: /home/ros2/dev_ws/install/abb_rapid_sm_addin_msgs/local/lib/python3.10/dist-packages/abb_rapid_sm_addin_msgs-1.0.0-py3.10.egg-info/SOURCES.txt
[13.957s] -- Symlinking: /home/ros2/dev_ws/install/abb_rapid_sm_addin_msgs/local/lib/python3.10/dist-packages/abb_rapid_sm_addin_msgs-1.0.0-py3.10.egg-info/dependency_links.txt
[13.965s] -- Symlinking: /home/ros2/dev_ws/install/abb_rapid_sm_addin_msgs/local/lib/python3.10/dist-packages/abb_rapid_sm_addin_msgs-1.0.0-py3.10.egg-info/top_level.txt
[13.975s] -- Symlinking: /home/ros2/dev_ws/install/abb_rapid_sm_addin_msgs/local/lib/python3.10/dist-packages/abb_rapid_sm_addin_msgs/__init__.py
[13.984s] -- Symlinking: /home/ros2/dev_ws/install/abb_rapid_sm_addin_msgs/local/lib/python3.10/dist-packages/abb_rapid_sm_addin_msgs/_abb_rapid_sm_addin_msgs_s.ep.rosidl_typesupport_c.c
[13.993s] -- Symlinking: /home/ros2/dev_ws/install/abb_rapid_sm_addin_msgs/local/lib/python3.10/dist-packages/abb_rapid_sm_addin_msgs/_abb_rapid_sm_addin_msgs_s.ep.rosidl_typesupport_fastrtps_c.c
[14.001s] -- Symlinking: /home/ros2/dev_ws/install/abb_rapid_sm_addin_msgs/local/lib/python3.10/dist-packages/abb_rapid_sm_addin_msgs/_abb_rapid_sm_addin_msgs_s.ep.rosidl_typesupport_introspection_c.c
[14.011s] -- Symlinking: /home/ros2/dev_ws/install/abb_rapid_sm_addin_msgs/local/lib/python3.10/dist-packages/abb_rapid_sm_addin_msgs/abb_rapid_sm_addin_msgs_s__rosidl_typesupport_c.cpython-310-x86_64-linux-gnu.so
[14.020s] -- Symlinking: /home/ros2/dev_ws/install/abb_rapid_sm_addin_msgs/local/lib/python3.10/dist-packages/abb_rapid_sm_addin_msgs/abb_rapid_sm_addin_msgs_s__rosidl_typesupport_fastrtps_c.cpython-310-x86_64-linux-gnu.so
[14.035s] -- Symlinking: /home/ros2/dev_ws/install/abb_rapid_sm_addin_msgs/local/lib/python3.10/dist-packages/abb_rapid_sm_addin_msgs/abb_rapid_sm_addin_msgs_s__rosidl_typesupport_introspection_c.cpython-310-x86_64-linux-gnu.so
[14.045s] -- Symlinking: /home/ros2/dev_ws/install/abb_rapid_sm_addin_msgs/local/lib/python3.10/dist-packages/abb_rapid_sm_addin_msgs/libabb_rapid_sm_addin_msgs__rosidl_generator_py.so
[14.055s] -- Symlinking: /home/ros2/dev_ws/install/abb_rapid_sm_addin_msgs/local/lib/python3.10/dist-packages/abb_rapid_sm_addin_msgs/msg/__init__.py
[14.063s] -- Symlinking: /home/ros2/dev_ws/install/abb_rapid_sm_addin_msgs/local/lib/python3.10/dist-packages/abb_rapid_sm_addin_msgs/msg/_egm_activate_settings.py
[14.073s] -- Symlinking: /home/ros2/dev_ws/install/abb_rapid_sm_addin_msgs/local/lib/python3.10/dist-packages/abb_rapid_sm_addin_msgs/msg/_egm_activate_settings_s.c
[14.084s] -- Symlinking: /home/ros2/dev_ws/install/abb_rapid_sm_addin_msgs/local/lib/python3.10/dist-packages/abb_rapid_sm_addin_msgs/msg/_egm_run_settings.py
[14.094s] -- Symlinking: /home/ros2/dev_ws/install/abb_rapid_sm_addin_msgs/local/lib/python3.10/dist-packages/abb_rapid_sm_addin_msgs/msg/_egm_run_settings_s.c
[14.101s] -- Symlinking: /home/ros2/dev_ws/install/abb_rapid_sm_addin_msgs/local/lib/python3.10/dist-packages/abb_rapid_sm_addin_msgs/msg/_egm_settings.py
[14.109s] -- Symlinking: /home/ros2/dev_ws/install/abb_rapid_sm_addin_msgs/local/lib/python3.10/dist-packages/abb_rapid_sm_addin_msgs/msg/_egm_settings_s.c
[14.119s] -- Symlinking: /home/ros2/dev_ws/install/abb_rapid_sm_addin_msgs/local/lib/python3.10/dist-packages/abb_rapid_sm_addin_msgs/msg/_egm_setup_settings.py
[14.128s] -- Symlinking: /home/ros2/dev_ws/install/abb_rapid_sm_addin_msgs/local/lib/python3.10/dist-packages/abb_rapid_sm_addin_msgs/msg/_egm_setup_settings_s.c
[14.136s] -- Symlinking: /home/ros2/dev_ws/install/abb_rapid_sm_addin_msgs/local/lib/python3.10/dist-packages/abb_rapid_sm_addin_msgs/msg/_egm_stop_settings.py
[14.146s] -- Symlinking: /home/ros2/dev_ws/install/abb_rapid_sm_addin_msgs/local/lib/python3.10/dist-packages/abb_rapid_sm_addin_msgs/msg/_egm_stop_settings_s.c
[14.155s] -- Symlinking: /home/ros2/dev_ws/install/abb_rapid_sm_addin_msgs/local/lib/python3.10/dist-packages/abb_rapid_sm_addin_msgs/msg/_runtime_state.py
[14.165s] -- Symlinking: /home/ros2/dev_ws/install/abb_rapid_sm_addin_msgs/local/lib/python3.10/dist-packages/abb_rapid_sm_addin_msgs/msg/_runtime_state_s.c
[14.173s] -- Symlinking: /home/ros2/dev_ws/install/abb_rapid_sm_addin_msgs/local/lib/python3.10/dist-packages/abb_rapid_sm_addin_msgs/msg/_state_machine_state.py
[14.185s] -- Symlinking: /home/ros2/dev_ws/install/abb_rapid_sm_addin_msgs/local/lib/python3.10/dist-packages/abb_rapid_sm_addin_msgs/msg/_state_machine_state_s.c
[14.194s] -- Symlinking: /home/ros2/dev_ws/install/abb_rapid_sm_addin_msgs/local/lib/python3.10/dist-packages/abb_rapid_sm_addin_msgs/srv/__init__.py
[14.206s] -- Symlinking: /home/ros2/dev_ws/install/abb_rapid_sm_addin_msgs/local/lib/python3.10/dist-packages/abb_rapid_sm_addin_msgs/srv/_get_egm_settings.py
[14.219s] -- Symlinking: /home/ros2/dev_ws/install/abb_rapid_sm_addin_msgs/local/lib/python3.10/dist-packages/abb_rapid_sm_addin_msgs/srv/_get_egm_settings_s.c
[14.233s] -- Symlinking: /home/ros2/dev_ws/install/abb_rapid_sm_addin_msgs/local/lib/python3.10/dist-packages/abb_rapid_sm_addin_msgs/srv/_set_egm_settings.py
[14.245s] -- Symlinking: /home/ros2/dev_ws/install/abb_rapid_sm_addin_msgs/local/lib/python3.10/dist-packages/abb_rapid_sm_addin_msgs/srv/_set_egm_settings_s.c
[14.254s] -- Symlinking: /home/ros2/dev_ws/install/abb_rapid_sm_addin_msgs/local/lib/python3.10/dist-packages/abb_rapid_sm_addin_msgs/srv/_set_rapid_routine.py
[14.262s] -- Symlinking: /home/ros2/dev_ws/install/abb_rapid_sm_addin_msgs/local/lib/python3.10/dist-packages/abb_rapid_sm_addin_msgs/srv/_set_rapid_routine_s.c
[14.270s] -- Symlinking: /home/ros2/dev_ws/install/abb_rapid_sm_addin_msgs/local/lib/python3.10/dist-packages/abb_rapid_sm_addin_msgs/srv/_set_sg_command.py
[14.278s] -- Symlinking: /home/ros2/dev_ws/install/abb_rapid_sm_addin_msgs/local/lib/python3.10/dist-packages/abb_rapid_sm_addin_msgs/srv/_set_sg_command_s.c
[14.287s] -- Up-to-date symlink: /home/ros2/dev_ws/install/abb_rapid_sm_addin_msgs/local/lib/python3.10/dist-packages/abb_rapid_sm_addin_msgs/abb_rapid_sm_addin_msgs_s__rosidl_typesupport_fastrtps_c.cpython-310-x86_64-linux-gnu.so
[14.288s] -- Up-to-date symlink: /home/ros2/dev_ws/install/abb_rapid_sm_addin_msgs/local/lib/python3.10/dist-packages/abb_rapid_sm_addin_msgs/abb_rapid_sm_addin_msgs_s__rosidl_typesupport_introspection_c.cpython-310-x86_64-linux-gnu.so
[14.288s] -- Up-to-date symlink: /home/ros2/dev_ws/install/abb_rapid_sm_addin_msgs/local/lib/python3.10/dist-packages/abb_rapid_sm_addin_msgs/abb_rapid_sm_addin_msgs_s__rosidl_typesupport_c.cpython-310-x86_64-linux-gnu.so
[14.288s] -- Symlinking: /home/ros2/dev_ws/install/abb_rapid_sm_addin_msgs/share/abb_rapid_sm_addin_msgs/msg/EGMActivateSettings.idl
[14.298s] -- Symlinking: /home/ros2/dev_ws/install/abb_rapid_sm_addin_msgs/share/abb_rapid_sm_addin_msgs/msg/EGMRunSettings.idl
[14.308s] -- Symlinking: /home/ros2/dev_ws/install/abb_rapid_sm_addin_msgs/share/abb_rapid_sm_addin_msgs/msg/EGMSettings.idl
[14.321s] -- Symlinking: /home/ros2/dev_ws/install/abb_rapid_sm_addin_msgs/share/abb_rapid_sm_addin_msgs/msg/EGMSetupSettings.idl
[14.332s] -- Symlinking: /home/ros2/dev_ws/install/abb_rapid_sm_addin_msgs/share/abb_rapid_sm_addin_msgs/msg/EGMStopSettings.idl
[14.343s] -- Symlinking: /home/ros2/dev_ws/install/abb_rapid_sm_addin_msgs/share/abb_rapid_sm_addin_msgs/msg/RuntimeState.idl
[14.354s] -- Symlinking: /home/ros2/dev_ws/install/abb_rapid_sm_addin_msgs/share/abb_rapid_sm_addin_msgs/msg/StateMachineState.idl
[14.363s] -- Symlinking: /home/ros2/dev_ws/install/abb_rapid_sm_addin_msgs/share/abb_rapid_sm_addin_msgs/srv/GetEGMSettings.idl
[14.371s] -- Symlinking: /home/ros2/dev_ws/install/abb_rapid_sm_addin_msgs/share/abb_rapid_sm_addin_msgs/srv/SetEGMSettings.idl
[14.380s] -- Symlinking: /home/ros2/dev_ws/install/abb_rapid_sm_addin_msgs/share/abb_rapid_sm_addin_msgs/srv/SetRAPIDRoutine.idl
[14.394s] -- Symlinking: /home/ros2/dev_ws/install/abb_rapid_sm_addin_msgs/share/abb_rapid_sm_addin_msgs/srv/SetSGCommand.idl
[14.406s] -- Symlinking: /home/ros2/dev_ws/install/abb_rapid_sm_addin_msgs/share/abb_rapid_sm_addin_msgs/msg/EGMActivateSettings.msg
[14.414s] -- Symlinking: /home/ros2/dev_ws/install/abb_rapid_sm_addin_msgs/share/abb_rapid_sm_addin_msgs/msg/EGMRunSettings.msg
[14.427s] -- Symlinking: /home/ros2/dev_ws/install/abb_rapid_sm_addin_msgs/share/abb_rapid_sm_addin_msgs/msg/EGMSettings.msg
[14.437s] -- Symlinking: /home/ros2/dev_ws/install/abb_rapid_sm_addin_msgs/share/abb_rapid_sm_addin_msgs/msg/EGMSetupSettings.msg
[14.449s] -- Symlinking: /home/ros2/dev_ws/install/abb_rapid_sm_addin_msgs/share/abb_rapid_sm_addin_msgs/msg/EGMStopSettings.msg
[14.458s] -- Symlinking: /home/ros2/dev_ws/install/abb_rapid_sm_addin_msgs/share/abb_rapid_sm_addin_msgs/msg/RuntimeState.msg
[14.467s] -- Symlinking: /home/ros2/dev_ws/install/abb_rapid_sm_addin_msgs/share/abb_rapid_sm_addin_msgs/msg/StateMachineState.msg
[14.475s] -- Symlinking: /home/ros2/dev_ws/install/abb_rapid_sm_addin_msgs/share/abb_rapid_sm_addin_msgs/srv/GetEGMSettings.srv
[14.483s] -- Symlinking: /home/ros2/dev_ws/install/abb_rapid_sm_addin_msgs/share/abb_rapid_sm_addin_msgs/srv/GetEGMSettings_Request.msg
[14.494s] -- Symlinking: /home/ros2/dev_ws/install/abb_rapid_sm_addin_msgs/share/abb_rapid_sm_addin_msgs/srv/GetEGMSettings_Response.msg
[14.505s] -- Symlinking: /home/ros2/dev_ws/install/abb_rapid_sm_addin_msgs/share/abb_rapid_sm_addin_msgs/srv/SetEGMSettings.srv
[14.517s] -- Symlinking: /home/ros2/dev_ws/install/abb_rapid_sm_addin_msgs/share/abb_rapid_sm_addin_msgs/srv/SetEGMSettings_Request.msg
[14.527s] -- Symlinking: /home/ros2/dev_ws/install/abb_rapid_sm_addin_msgs/share/abb_rapid_sm_addin_msgs/srv/SetEGMSettings_Response.msg
[14.540s] -- Symlinking: /home/ros2/dev_ws/install/abb_rapid_sm_addin_msgs/share/abb_rapid_sm_addin_msgs/srv/SetRAPIDRoutine.srv
[14.552s] -- Symlinking: /home/ros2/dev_ws/install/abb_rapid_sm_addin_msgs/share/abb_rapid_sm_addin_msgs/srv/SetRAPIDRoutine_Request.msg
[14.560s] -- Symlinking: /home/ros2/dev_ws/install/abb_rapid_sm_addin_msgs/share/abb_rapid_sm_addin_msgs/srv/SetRAPIDRoutine_Response.msg
[14.570s] -- Symlinking: /home/ros2/dev_ws/install/abb_rapid_sm_addin_msgs/share/abb_rapid_sm_addin_msgs/srv/SetSGCommand.srv
[14.579s] -- Symlinking: /home/ros2/dev_ws/install/abb_rapid_sm_addin_msgs/share/abb_rapid_sm_addin_msgs/srv/SetSGCommand_Request.msg
[14.588s] -- Symlinking: /home/ros2/dev_ws/install/abb_rapid_sm_addin_msgs/share/abb_rapid_sm_addin_msgs/srv/SetSGCommand_Response.msg
[14.599s] -- Symlinking: /home/ros2/dev_ws/install/abb_rapid_sm_addin_msgs/share/ament_index/resource_index/package_run_dependencies/abb_rapid_sm_addin_msgs
[14.607s] -- Symlinking: /home/ros2/dev_ws/install/abb_rapid_sm_addin_msgs/share/ament_index/resource_index/parent_prefix_path/abb_rapid_sm_addin_msgs
[14.619s] -- Symlinking: /home/ros2/dev_ws/install/abb_rapid_sm_addin_msgs/share/abb_rapid_sm_addin_msgs/environment/ament_prefix_path.sh
[14.631s] -- Symlinking: /home/ros2/dev_ws/install/abb_rapid_sm_addin_msgs/share/abb_rapid_sm_addin_msgs/environment/ament_prefix_path.dsv
[14.643s] -- Symlinking: /home/ros2/dev_ws/install/abb_rapid_sm_addin_msgs/share/abb_rapid_sm_addin_msgs/environment/path.sh
[14.651s] -- Symlinking: /home/ros2/dev_ws/install/abb_rapid_sm_addin_msgs/share/abb_rapid_sm_addin_msgs/environment/path.dsv
[14.663s] -- Symlinking: /home/ros2/dev_ws/install/abb_rapid_sm_addin_msgs/share/abb_rapid_sm_addin_msgs/local_setup.bash
[14.675s] -- Symlinking: /home/ros2/dev_ws/install/abb_rapid_sm_addin_msgs/share/abb_rapid_sm_addin_msgs/local_setup.sh
[14.685s] -- Symlinking: /home/ros2/dev_ws/install/abb_rapid_sm_addin_msgs/share/abb_rapid_sm_addin_msgs/local_setup.zsh
[14.694s] -- Symlinking: /home/ros2/dev_ws/install/abb_rapid_sm_addin_msgs/share/abb_rapid_sm_addin_msgs/local_setup.dsv
[14.703s] -- Symlinking: /home/ros2/dev_ws/install/abb_rapid_sm_addin_msgs/share/abb_rapid_sm_addin_msgs/package.dsv
[14.716s] -- Symlinking: /home/ros2/dev_ws/install/abb_rapid_sm_addin_msgs/share/ament_index/resource_index/packages/abb_rapid_sm_addin_msgs
[14.728s] -- Symlinking: /home/ros2/dev_ws/install/abb_rapid_sm_addin_msgs/share/abb_rapid_sm_addin_msgs/cmake/rosidl_cmake-extras.cmake
[14.737s] -- Symlinking: /home/ros2/dev_ws/install/abb_rapid_sm_addin_msgs/share/abb_rapid_sm_addin_msgs/cmake/ament_cmake_export_dependencies-extras.cmake
[14.747s] -- Symlinking: /home/ros2/dev_ws/install/abb_rapid_sm_addin_msgs/share/abb_rapid_sm_addin_msgs/cmake/ament_cmake_export_include_directories-extras.cmake
[14.755s] -- Symlinking: /home/ros2/dev_ws/install/abb_rapid_sm_addin_msgs/share/abb_rapid_sm_addin_msgs/cmake/ament_cmake_export_libraries-extras.cmake
[14.765s] -- Symlinking: /home/ros2/dev_ws/install/abb_rapid_sm_addin_msgs/share/abb_rapid_sm_addin_msgs/cmake/ament_cmake_export_targets-extras.cmake
[14.775s] -- Symlinking: /home/ros2/dev_ws/install/abb_rapid_sm_addin_msgs/share/abb_rapid_sm_addin_msgs/cmake/rosidl_cmake_export_typesupport_targets-extras.cmake
[14.787s] -- Symlinking: /home/ros2/dev_ws/install/abb_rapid_sm_addin_msgs/share/abb_rapid_sm_addin_msgs/cmake/rosidl_cmake_export_typesupport_libraries-extras.cmake
[14.797s] -- Symlinking: /home/ros2/dev_ws/install/abb_rapid_sm_addin_msgs/share/abb_rapid_sm_addin_msgs/cmake/abb_rapid_sm_addin_msgsConfig.cmake
[14.810s] -- Symlinking: /home/ros2/dev_ws/install/abb_rapid_sm_addin_msgs/share/abb_rapid_sm_addin_msgs/cmake/abb_rapid_sm_addin_msgsConfig-version.cmake
[14.819s] -- Symlinking: /home/ros2/dev_ws/install/abb_rapid_sm_addin_msgs/share/abb_rapid_sm_addin_msgs/package.xml
[14.832s] -- Installing: /home/ros2/dev_ws/install/abb_rapid_sm_addin_msgs/lib/libabb_rapid_sm_addin_msgs__rosidl_generator_c.so
[14.833s] -- Set runtime path of "/home/ros2/dev_ws/install/abb_rapid_sm_addin_msgs/lib/libabb_rapid_sm_addin_msgs__rosidl_generator_c.so" to ""
[14.833s] -- Installing: /home/ros2/dev_ws/install/abb_rapid_sm_addin_msgs/lib/libabb_rapid_sm_addin_msgs__rosidl_typesupport_fastrtps_c.so
[14.834s] -- Set runtime path of "/home/ros2/dev_ws/install/abb_rapid_sm_addin_msgs/lib/libabb_rapid_sm_addin_msgs__rosidl_typesupport_fastrtps_c.so" to ""
[14.834s] -- Installing: /home/ros2/dev_ws/install/abb_rapid_sm_addin_msgs/lib/libabb_rapid_sm_addin_msgs__rosidl_typesupport_introspection_c.so
[14.834s] -- Set runtime path of "/home/ros2/dev_ws/install/abb_rapid_sm_addin_msgs/lib/libabb_rapid_sm_addin_msgs__rosidl_typesupport_introspection_c.so" to ""
[14.834s] -- Installing: /home/ros2/dev_ws/install/abb_rapid_sm_addin_msgs/lib/libabb_rapid_sm_addin_msgs__rosidl_typesupport_c.so
[14.835s] -- Set runtime path of "/home/ros2/dev_ws/install/abb_rapid_sm_addin_msgs/lib/libabb_rapid_sm_addin_msgs__rosidl_typesupport_c.so" to ""
[14.835s] -- Installing: /home/ros2/dev_ws/install/abb_rapid_sm_addin_msgs/lib/libabb_rapid_sm_addin_msgs__rosidl_typesupport_fastrtps_cpp.so
[14.836s] -- Set runtime path of "/home/ros2/dev_ws/install/abb_rapid_sm_addin_msgs/lib/libabb_rapid_sm_addin_msgs__rosidl_typesupport_fastrtps_cpp.so" to ""
[14.836s] -- Installing: /home/ros2/dev_ws/install/abb_rapid_sm_addin_msgs/lib/libabb_rapid_sm_addin_msgs__rosidl_typesupport_introspection_cpp.so
[14.837s] -- Set runtime path of "/home/ros2/dev_ws/install/abb_rapid_sm_addin_msgs/lib/libabb_rapid_sm_addin_msgs__rosidl_typesupport_introspection_cpp.so" to ""
[14.837s] -- Installing: /home/ros2/dev_ws/install/abb_rapid_sm_addin_msgs/lib/libabb_rapid_sm_addin_msgs__rosidl_typesupport_cpp.so
[14.837s] -- Set runtime path of "/home/ros2/dev_ws/install/abb_rapid_sm_addin_msgs/lib/libabb_rapid_sm_addin_msgs__rosidl_typesupport_cpp.so" to ""
[14.889s] Listing '/home/ros2/dev_ws/install/abb_rapid_sm_addin_msgs/local/lib/python3.10/dist-packages/abb_rapid_sm_addin_msgs'...
[14.889s] Compiling '/home/ros2/dev_ws/install/abb_rapid_sm_addin_msgs/local/lib/python3.10/dist-packages/abb_rapid_sm_addin_msgs/__init__.py'...
[14.889s] Listing '/home/ros2/dev_ws/install/abb_rapid_sm_addin_msgs/local/lib/python3.10/dist-packages/abb_rapid_sm_addin_msgs/msg'...
[14.890s] Compiling '/home/ros2/dev_ws/install/abb_rapid_sm_addin_msgs/local/lib/python3.10/dist-packages/abb_rapid_sm_addin_msgs/msg/__init__.py'...
[14.890s] Compiling '/home/ros2/dev_ws/install/abb_rapid_sm_addin_msgs/local/lib/python3.10/dist-packages/abb_rapid_sm_addin_msgs/msg/_egm_activate_settings.py'...
[14.890s] Compiling '/home/ros2/dev_ws/install/abb_rapid_sm_addin_msgs/local/lib/python3.10/dist-packages/abb_rapid_sm_addin_msgs/msg/_egm_run_settings.py'...
[14.890s] Compiling '/home/ros2/dev_ws/install/abb_rapid_sm_addin_msgs/local/lib/python3.10/dist-packages/abb_rapid_sm_addin_msgs/msg/_egm_settings.py'...
[14.890s] Compiling '/home/ros2/dev_ws/install/abb_rapid_sm_addin_msgs/local/lib/python3.10/dist-packages/abb_rapid_sm_addin_msgs/msg/_egm_setup_settings.py'...
[14.890s] Compiling '/home/ros2/dev_ws/install/abb_rapid_sm_addin_msgs/local/lib/python3.10/dist-packages/abb_rapid_sm_addin_msgs/msg/_egm_stop_settings.py'...
[14.890s] Compiling '/home/ros2/dev_ws/install/abb_rapid_sm_addin_msgs/local/lib/python3.10/dist-packages/abb_rapid_sm_addin_msgs/msg/_runtime_state.py'...
[14.890s] Compiling '/home/ros2/dev_ws/install/abb_rapid_sm_addin_msgs/local/lib/python3.10/dist-packages/abb_rapid_sm_addin_msgs/msg/_state_machine_state.py'...
[14.890s] Listing '/home/ros2/dev_ws/install/abb_rapid_sm_addin_msgs/local/lib/python3.10/dist-packages/abb_rapid_sm_addin_msgs/srv'...
[14.890s] Compiling '/home/ros2/dev_ws/install/abb_rapid_sm_addin_msgs/local/lib/python3.10/dist-packages/abb_rapid_sm_addin_msgs/srv/__init__.py'...
[14.890s] Compiling '/home/ros2/dev_ws/install/abb_rapid_sm_addin_msgs/local/lib/python3.10/dist-packages/abb_rapid_sm_addin_msgs/srv/_get_egm_settings.py'...
[14.890s] Compiling '/home/ros2/dev_ws/install/abb_rapid_sm_addin_msgs/local/lib/python3.10/dist-packages/abb_rapid_sm_addin_msgs/srv/_set_egm_settings.py'...
[14.890s] Compiling '/home/ros2/dev_ws/install/abb_rapid_sm_addin_msgs/local/lib/python3.10/dist-packages/abb_rapid_sm_addin_msgs/srv/_set_rapid_routine.py'...
[14.891s] Compiling '/home/ros2/dev_ws/install/abb_rapid_sm_addin_msgs/local/lib/python3.10/dist-packages/abb_rapid_sm_addin_msgs/srv/_set_sg_command.py'...
[14.894s] -- Installing: /home/ros2/dev_ws/install/abb_rapid_sm_addin_msgs/lib/libabb_rapid_sm_addin_msgs__rosidl_generator_py.so
[14.894s] -- Set runtime path of "/home/ros2/dev_ws/install/abb_rapid_sm_addin_msgs/lib/libabb_rapid_sm_addin_msgs__rosidl_generator_py.so" to ""
[14.895s] -- Installing: /home/ros2/dev_ws/install/abb_rapid_sm_addin_msgs/share/abb_rapid_sm_addin_msgs/cmake/export_abb_rapid_sm_addin_msgs__rosidl_generator_cExport.cmake
[14.895s] -- Installing: /home/ros2/dev_ws/install/abb_rapid_sm_addin_msgs/share/abb_rapid_sm_addin_msgs/cmake/export_abb_rapid_sm_addin_msgs__rosidl_generator_cExport-noconfig.cmake
[14.895s] -- Installing: /home/ros2/dev_ws/install/abb_rapid_sm_addin_msgs/share/abb_rapid_sm_addin_msgs/cmake/export_abb_rapid_sm_addin_msgs__rosidl_typesupport_fastrtps_cExport.cmake
[14.895s] -- Installing: /home/ros2/dev_ws/install/abb_rapid_sm_addin_msgs/share/abb_rapid_sm_addin_msgs/cmake/export_abb_rapid_sm_addin_msgs__rosidl_typesupport_fastrtps_cExport-noconfig.cmake
[14.895s] -- Installing: /home/ros2/dev_ws/install/abb_rapid_sm_addin_msgs/share/abb_rapid_sm_addin_msgs/cmake/abb_rapid_sm_addin_msgs__rosidl_typesupport_introspection_cExport.cmake
[14.895s] -- Installing: /home/ros2/dev_ws/install/abb_rapid_sm_addin_msgs/share/abb_rapid_sm_addin_msgs/cmake/abb_rapid_sm_addin_msgs__rosidl_typesupport_introspection_cExport-noconfig.cmake
[14.895s] -- Installing: /home/ros2/dev_ws/install/abb_rapid_sm_addin_msgs/share/abb_rapid_sm_addin_msgs/cmake/abb_rapid_sm_addin_msgs__rosidl_typesupport_cExport.cmake
[14.895s] -- Installing: /home/ros2/dev_ws/install/abb_rapid_sm_addin_msgs/share/abb_rapid_sm_addin_msgs/cmake/abb_rapid_sm_addin_msgs__rosidl_typesupport_cExport-noconfig.cmake
[14.896s] -- Installing: /home/ros2/dev_ws/install/abb_rapid_sm_addin_msgs/share/abb_rapid_sm_addin_msgs/cmake/export_abb_rapid_sm_addin_msgs__rosidl_generator_cppExport.cmake
[14.896s] -- Installing: /home/ros2/dev_ws/install/abb_rapid_sm_addin_msgs/share/abb_rapid_sm_addin_msgs/cmake/export_abb_rapid_sm_addin_msgs__rosidl_typesupport_fastrtps_cppExport.cmake
[14.896s] -- Installing: /home/ros2/dev_ws/install/abb_rapid_sm_addin_msgs/share/abb_rapid_sm_addin_msgs/cmake/export_abb_rapid_sm_addin_msgs__rosidl_typesupport_fastrtps_cppExport-noconfig.cmake
[14.896s] -- Installing: /home/ros2/dev_ws/install/abb_rapid_sm_addin_msgs/share/abb_rapid_sm_addin_msgs/cmake/abb_rapid_sm_addin_msgs__rosidl_typesupport_introspection_cppExport.cmake
[14.896s] -- Installing: /home/ros2/dev_ws/install/abb_rapid_sm_addin_msgs/share/abb_rapid_sm_addin_msgs/cmake/abb_rapid_sm_addin_msgs__rosidl_typesupport_introspection_cppExport-noconfig.cmake
[14.896s] -- Installing: /home/ros2/dev_ws/install/abb_rapid_sm_addin_msgs/share/abb_rapid_sm_addin_msgs/cmake/abb_rapid_sm_addin_msgs__rosidl_typesupport_cppExport.cmake
[14.896s] -- Installing: /home/ros2/dev_ws/install/abb_rapid_sm_addin_msgs/share/abb_rapid_sm_addin_msgs/cmake/abb_rapid_sm_addin_msgs__rosidl_typesupport_cppExport-noconfig.cmake
[14.897s] -- Installing: /home/ros2/dev_ws/install/abb_rapid_sm_addin_msgs/share/abb_rapid_sm_addin_msgs/cmake/export_abb_rapid_sm_addin_msgs__rosidl_generator_pyExport.cmake
[14.897s] -- Installing: /home/ros2/dev_ws/install/abb_rapid_sm_addin_msgs/share/abb_rapid_sm_addin_msgs/cmake/export_abb_rapid_sm_addin_msgs__rosidl_generator_pyExport-noconfig.cmake
[14.903s] Invoked command in '/home/ros2/dev_ws/build/abb_rapid_sm_addin_msgs' returned '0': AMENT_PREFIX_PATH=/home/ros2/dev_ws/install/abb_rapid_msgs:${AMENT_PREFIX_PATH} CMAKE_PREFIX_PATH=/home/ros2/dev_ws/install/abb_rapid_msgs:/opt/ros/humble LD_LIBRARY_PATH=/home/ros2/dev_ws/install/abb_rapid_msgs/lib:${LD_LIBRARY_PATH} PYTHONPATH=/home/ros2/dev_ws/install/abb_rapid_msgs/local/lib/python3.10/dist-packages:${PYTHONPATH} /usr/bin/cmake --install /home/ros2/dev_ws/build/abb_rapid_sm_addin_msgs
