[0.043s] Invoking command in '/home/ros2/dev_ws/build/gazebo_ros2_control': CMAKE_PREFIX_PATH=/opt/ros/humble /usr/bin/cmake /home/ros2/dev_ws/src/gazebo_ros2_control/gazebo_ros2_control -DAMENT_CMAKE_SYMLINK_INSTALL=1 -DCMAKE_INSTALL_PREFIX=/home/ros2/dev_ws/install/gazebo_ros2_control
[0.579s] -- The C compiler identification is GNU 11.4.0
[0.580s] -- The CXX compiler identification is GNU 11.4.0
[0.580s] -- Detecting C compiler ABI info
[0.580s] -- Detecting C compiler ABI info - done
[0.580s] -- Check for working C compiler: /usr/bin/cc - skipped
[0.580s] -- Detecting C compile features
[0.580s] -- Detecting C compile features - done
[0.580s] -- Detecting CXX compiler ABI info
[0.580s] -- Detecting CXX compiler ABI info - done
[0.580s] -- Check for working CXX compiler: /usr/bin/c++ - skipped
[0.580s] -- Detecting CXX compile features
[0.581s] -- Detecting CXX compile features - done
[0.581s] -- Found ament_cmake: 1.3.11 (/opt/ros/humble/share/ament_cmake/cmake)
[0.594s] -- Found Python3: /usr/bin/python3 (found version "3.10.12") found components: Interpreter 
[0.684s] -- Override CMake install command with custom implementation using symlinks instead of copying resources
[0.733s] -- Found angles: 1.15.0 (/opt/ros/humble/share/angles/cmake)
[0.734s] -- Found controller_manager: 2.51.0 (/opt/ros/humble/share/controller_manager/cmake)
[0.801s] -- Found rosidl_generator_c: 3.1.6 (/opt/ros/humble/share/rosidl_generator_c/cmake)
[0.805s] -- Found rosidl_adapter: 3.1.6 (/opt/ros/humble/share/rosidl_adapter/cmake)
[0.813s] -- Found rosidl_generator_cpp: 3.1.6 (/opt/ros/humble/share/rosidl_generator_cpp/cmake)
[0.829s] -- Using all available rosidl_typesupport_c: rosidl_typesupport_fastrtps_c;rosidl_typesupport_introspection_c
[0.861s] -- Using all available rosidl_typesupport_cpp: rosidl_typesupport_fastrtps_cpp;rosidl_typesupport_introspection_cpp
[1.096s] -- Found rmw_implementation_cmake: 6.1.2 (/opt/ros/humble/share/rmw_implementation_cmake/cmake)
[1.101s] -- Found rmw_cyclonedds_cpp: 1.3.4 (/opt/ros/humble/share/rmw_cyclonedds_cpp/cmake)
[1.144s] -- Using RMW implementation 'rmw_cyclonedds_cpp' as default
[1.162s] -- Looking for pthread.h
[1.353s] -- Looking for pthread.h - found
[1.354s] -- Performing Test CMAKE_HAVE_LIBC_PTHREAD
[1.564s] -- Performing Test CMAKE_HAVE_LIBC_PTHREAD - Success
[1.564s] -- Found Threads: TRUE  
[1.765s] -- Found gazebo_dev: 3.9.0 (/opt/ros/humble/share/gazebo_dev/cmake)
[1.783s] -- Found PkgConfig: /usr/bin/pkg-config (found version "0.29.2") 
[1.784s] -- Checking for module 'bullet>=2.82'
[1.817s] --   Found bullet, version 3.05
[2.102s] -- Found fcl: /usr/include (found suitable version "0.7.0", minimum required is "0.5.0") 
[2.236s] -- Found assimp: /usr/include (found version "5.2.0") 
[2.271s] -- Found DART: /usr/include (Required is at least version "6.6") found components: dart 
[2.328s] -- Found Boost: /usr/lib/x86_64-linux-gnu/cmake/Boost-1.74.0/BoostConfig.cmake (found suitable version "1.74.0", minimum required is "1.40.0") found components: thread system filesystem program_options regex iostreams date_time 
[2.356s] -- Found Protobuf: /usr/lib/x86_64-linux-gnu/libprotobuf.so (found version "3.12.4") 
[2.366s] -- Looking for ignition-math6 -- found version 6.15.1
[2.387s] -- Searching for dependencies of ignition-math6
[2.389s] -- Looking for OGRE...
[2.389s] -- OGRE_PREFIX_WATCH changed.
[2.402s] -- Checking for module 'OGRE'
[2.445s] --   Found OGRE, version 1.9.0
[2.529s] -- Found Ogre Ghadamon (1.9.0)
[2.550s] -- Found OGRE: optimized;/usr/lib/x86_64-linux-gnu/libOgreMain.so;debug;/usr/lib/x86_64-linux-gnu/libOgreMain.so
[2.562s] -- Looking for OGRE_Paging...
[2.574s] -- Found OGRE_Paging: optimized;/usr/lib/x86_64-linux-gnu/libOgrePaging.so;debug;/usr/lib/x86_64-linux-gnu/libOgrePaging.so
[2.575s] -- Looking for OGRE_Terrain...
[2.584s] -- Found OGRE_Terrain: optimized;/usr/lib/x86_64-linux-gnu/libOgreTerrain.so;debug;/usr/lib/x86_64-linux-gnu/libOgreTerrain.so
[2.584s] -- Looking for OGRE_Property...
[2.620s] -- Found OGRE_Property: optimized;/usr/lib/x86_64-linux-gnu/libOgreProperty.so;debug;/usr/lib/x86_64-linux-gnu/libOgreProperty.so
[2.621s] -- Looking for OGRE_RTShaderSystem...
[2.634s] -- Found OGRE_RTShaderSystem: optimized;/usr/lib/x86_64-linux-gnu/libOgreRTShaderSystem.so;debug;/usr/lib/x86_64-linux-gnu/libOgreRTShaderSystem.so
[2.635s] -- Looking for OGRE_Volume...
[2.651s] -- Found OGRE_Volume: optimized;/usr/lib/x86_64-linux-gnu/libOgreVolume.so;debug;/usr/lib/x86_64-linux-gnu/libOgreVolume.so
[2.651s] -- Looking for OGRE_Overlay...
[2.659s] -- Found OGRE_Overlay: optimized;/usr/lib/x86_64-linux-gnu/libOgreOverlay.so;debug;/usr/lib/x86_64-linux-gnu/libOgreOverlay.so
[2.942s] -- Looking for ignition-math6 -- found version 6.15.1
[2.961s] -- Looking for ignition-transport8 -- found version 8.2.1
[2.961s] -- Searching for dependencies of ignition-transport8
[2.968s] -- Found Protobuf: /usr/lib/x86_64-linux-gnu/libprotobuf.so (found suitable version "3.12.4", minimum required is "3") 
[2.982s] -- Config-file not installed for ZeroMQ -- checking for pkg-config
[2.995s] -- Checking for module 'libzmq >= 4'
[3.034s] --   Found libzmq , version 4.3.4
[3.163s] -- Found ZeroMQ: TRUE (Required is at least version "4") 
[3.180s] -- Checking for module 'uuid'
[3.238s] --   Found uuid, version 2.37.2
[3.324s] -- Found UUID: TRUE  
[3.328s] -- Looking for ignition-msgs5 -- found version 5.8.1
[3.332s] -- Searching for dependencies of ignition-msgs5
[3.387s] -- Looking for ignition-math6 -- found version 6.15.1
[3.410s] -- Checking for module 'tinyxml2'
[3.452s] --   Found tinyxml2, version 9.0.0
[3.604s] -- Looking for ignition-msgs5 -- found version 5.8.1
[3.604s] -- Looking for ignition-common3 -- found version 3.14.0
[3.604s] -- Searching for dependencies of ignition-common3
[3.604s] -- Looking for dlfcn.h - found
[3.616s] -- Looking for libdl - found
[3.625s] -- Found DL: TRUE  
[3.667s] -- Found tinyobjloader: /usr/lib/x86_64-linux-gnu/cmake/tinyobjloader/tinyobjloader-config.cmake (found version "2.0.0") 
[3.667s] -- Searching for <ignition-common3> component [graphics]
[3.680s] -- Looking for ignition-common3-graphics -- found version 3.14.0
[3.680s] -- Searching for dependencies of ignition-common3-graphics
[3.680s] -- Looking for ignition-math6 -- found version 6.15.1
[3.690s] -- Looking for ignition-fuel_tools4 -- found version 4.4.0
[3.690s] -- Searching for dependencies of ignition-fuel_tools4
[3.998s] -- Found CURL: /usr/lib/x86_64-linux-gnu/libcurl.so (found version "7.81.0")  
[4.039s] -- Checking for module 'jsoncpp'
[4.102s] --   Found jsoncpp, version 1.9.5
[4.274s] -- Found JSONCPP: TRUE  
[4.299s] -- Checking for module 'libzip'
[4.339s] --   Found libzip, version 1.7.3
[4.480s] -- Found ZIP: TRUE  
[4.481s] -- Looking for ignition-common3 -- found version 3.14.0
[4.481s] -- Looking for ignition-math6 -- found version 6.15.1
[4.482s] -- Looking for ignition-msgs5 -- found version 5.8.1
[4.494s] -- Gazebo version: 11.10
[4.496s] -- Checking for module 'tbb'
[4.546s] --   Found tbb, version 2021.5.0
[4.642s] -- Found gazebo_ros: 3.9.0 (/opt/ros/humble/share/gazebo_ros/cmake)
[4.658s] -- Found yaml_cpp_vendor: 8.0.2 (/opt/ros/humble/share/yaml_cpp_vendor/cmake)
[4.724s] -- Found ament_cmake_gtest: 1.3.11 (/opt/ros/humble/share/ament_cmake_gtest/cmake)
[4.724s] -- Found ament_lint_auto: 0.12.12 (/opt/ros/humble/share/ament_lint_auto/cmake)
[4.867s] -- Added test 'copyright' to check source files copyright and LICENSE
[4.875s] -- Added test 'cppcheck' to perform static code analysis on C / C++ code
[4.876s] -- Configured cppcheck include dirs: /home/ros2/dev_ws/src/gazebo_ros2_control/gazebo_ros2_control/include
[4.876s] -- Configured cppcheck exclude dirs and/or files: 
[4.876s] -- Added test 'cpplint' to check C / C++ code against the Google style
[4.876s] -- Configured cpplint exclude dirs and/or files: 
[4.877s] -- Added test 'lint_cmake' to check CMake code style
[4.878s] -- Added test 'uncrustify' to check C / C++ code style
[4.878s] -- Configured uncrustify additional arguments: 
[4.879s] -- Added test 'xmllint' to check XML markup files
[4.882s] -- Configuring done
[4.997s] -- Generating done
[5.026s] -- Build files have been written to: /home/ros2/dev_ws/build/gazebo_ros2_control
[5.078s] Invoked command in '/home/ros2/dev_ws/build/gazebo_ros2_control' returned '0': CMAKE_PREFIX_PATH=/opt/ros/humble /usr/bin/cmake /home/ros2/dev_ws/src/gazebo_ros2_control/gazebo_ros2_control -DAMENT_CMAKE_SYMLINK_INSTALL=1 -DCMAKE_INSTALL_PREFIX=/home/ros2/dev_ws/install/gazebo_ros2_control
[5.078s] Invoking command in '/home/ros2/dev_ws/build/gazebo_ros2_control': CMAKE_PREFIX_PATH=/opt/ros/humble /usr/bin/cmake --build /home/ros2/dev_ws/build/gazebo_ros2_control -- -j16 -l16
[7.100s] [ 50%] [32mBuilding CXX object CMakeFiles/gazebo_hardware_plugins.dir/src/gazebo_system.cpp.o[0m
[7.100s] [ 50%] [32mBuilding CXX object CMakeFiles/gazebo_ros2_control.dir/src/gazebo_ros2_control_plugin.cpp.o[0m
[41.167s] [ 75%] [32m[1mLinking CXX shared library libgazebo_hardware_plugins.so[0m
[42.636s] [ 75%] Built target gazebo_hardware_plugins
[44.761s] [100%] [32m[1mLinking CXX shared library libgazebo_ros2_control.so[0m
[45.515s] [100%] Built target gazebo_ros2_control
[45.525s] Invoked command in '/home/ros2/dev_ws/build/gazebo_ros2_control' returned '0': CMAKE_PREFIX_PATH=/opt/ros/humble /usr/bin/cmake --build /home/ros2/dev_ws/build/gazebo_ros2_control -- -j16 -l16
[45.527s] Invoking command in '/home/ros2/dev_ws/build/gazebo_ros2_control': CMAKE_PREFIX_PATH=/opt/ros/humble /usr/bin/cmake --install /home/ros2/dev_ws/build/gazebo_ros2_control
[45.533s] -- Install configuration: ""
[45.534s] -- Execute custom install script
[45.534s] -- Symlinking: /home/ros2/dev_ws/install/gazebo_ros2_control/lib/libgazebo_ros2_control.so
[45.541s] -- Symlinking: /home/ros2/dev_ws/install/gazebo_ros2_control/lib/libgazebo_hardware_plugins.so
[45.550s] -- Symlinking: /home/ros2/dev_ws/install/gazebo_ros2_control/share/gazebo_ros2_control/environment/library_path.sh
[45.557s] -- Symlinking: /home/ros2/dev_ws/install/gazebo_ros2_control/share/gazebo_ros2_control/environment/library_path.dsv
[45.566s] -- Symlinking: /home/ros2/dev_ws/install/gazebo_ros2_control/include/gazebo_ros2_control/gazebo_ros2_control_plugin.hpp
[45.573s] -- Symlinking: /home/ros2/dev_ws/install/gazebo_ros2_control/include/gazebo_ros2_control/gazebo_system.hpp
[45.581s] -- Symlinking: /home/ros2/dev_ws/install/gazebo_ros2_control/include/gazebo_ros2_control/gazebo_system_interface.hpp
[45.589s] -- Symlinking: /home/ros2/dev_ws/install/gazebo_ros2_control/share/gazebo_ros2_control//gazebo_hardware_plugins.xml
[45.599s] -- Symlinking: /home/ros2/dev_ws/install/gazebo_ros2_control/share/ament_index/resource_index/package_run_dependencies/gazebo_ros2_control
[45.607s] -- Symlinking: /home/ros2/dev_ws/install/gazebo_ros2_control/share/ament_index/resource_index/parent_prefix_path/gazebo_ros2_control
[45.617s] -- Symlinking: /home/ros2/dev_ws/install/gazebo_ros2_control/share/gazebo_ros2_control/environment/ament_prefix_path.sh
[45.625s] -- Symlinking: /home/ros2/dev_ws/install/gazebo_ros2_control/share/gazebo_ros2_control/environment/ament_prefix_path.dsv
[45.635s] -- Symlinking: /home/ros2/dev_ws/install/gazebo_ros2_control/share/gazebo_ros2_control/environment/path.sh
[45.642s] -- Symlinking: /home/ros2/dev_ws/install/gazebo_ros2_control/share/gazebo_ros2_control/environment/path.dsv
[45.649s] -- Symlinking: /home/ros2/dev_ws/install/gazebo_ros2_control/share/gazebo_ros2_control/local_setup.bash
[45.658s] -- Symlinking: /home/ros2/dev_ws/install/gazebo_ros2_control/share/gazebo_ros2_control/local_setup.sh
[45.667s] -- Symlinking: /home/ros2/dev_ws/install/gazebo_ros2_control/share/gazebo_ros2_control/local_setup.zsh
[45.674s] -- Symlinking: /home/ros2/dev_ws/install/gazebo_ros2_control/share/gazebo_ros2_control/local_setup.dsv
[45.684s] -- Symlinking: /home/ros2/dev_ws/install/gazebo_ros2_control/share/gazebo_ros2_control/package.dsv
[45.697s] -- Symlinking: /home/ros2/dev_ws/install/gazebo_ros2_control/share/ament_index/resource_index/packages/gazebo_ros2_control
[45.708s] -- Symlinking: /home/ros2/dev_ws/install/gazebo_ros2_control/share/ament_index/resource_index/gazebo_ros2_control__pluginlib__plugin/gazebo_ros2_control
[45.717s] -- Symlinking: /home/ros2/dev_ws/install/gazebo_ros2_control/share/gazebo_ros2_control/cmake/ament_cmake_export_include_directories-extras.cmake
[45.726s] -- Symlinking: /home/ros2/dev_ws/install/gazebo_ros2_control/share/gazebo_ros2_control/cmake/ament_cmake_export_dependencies-extras.cmake
[45.736s] -- Symlinking: /home/ros2/dev_ws/install/gazebo_ros2_control/share/gazebo_ros2_control/cmake/ament_cmake_export_libraries-extras.cmake
[45.744s] -- Symlinking: /home/ros2/dev_ws/install/gazebo_ros2_control/share/gazebo_ros2_control/cmake/gazebo_ros2_controlConfig.cmake
[45.752s] -- Symlinking: /home/ros2/dev_ws/install/gazebo_ros2_control/share/gazebo_ros2_control/cmake/gazebo_ros2_controlConfig-version.cmake
[45.760s] -- Symlinking: /home/ros2/dev_ws/install/gazebo_ros2_control/share/gazebo_ros2_control/package.xml
[45.771s] Invoked command in '/home/ros2/dev_ws/build/gazebo_ros2_control' returned '0': CMAKE_PREFIX_PATH=/opt/ros/humble /usr/bin/cmake --install /home/ros2/dev_ws/build/gazebo_ros2_control
