[0.069s] Invoking command in '/home/ros2/dev_ws/build/ros2srrc_ur3e_gazebo': CMAKE_PREFIX_PATH=/opt/ros/humble /usr/bin/cmake /home/ros2/dev_ws/src/ros2_SimRealRobotControl/packages/ur3e/ros2srrc_ur3e_gazebo -DAMENT_CMAKE_SYMLINK_INSTALL=1 -DCMAKE_INSTALL_PREFIX=/home/ros2/dev_ws/install/ros2srrc_ur3e_gazebo
[0.448s] -- The C compiler identification is GNU 11.4.0
[0.448s] -- The CXX compiler identification is GNU 11.4.0
[0.448s] -- Detecting C compiler ABI info
[0.529s] -- Detecting C compiler ABI info - done
[0.550s] -- Check for working C compiler: /usr/bin/cc - skipped
[0.550s] -- Detecting C compile features
[0.554s] -- Detecting C compile features - done
[0.561s] -- Detecting CXX compiler ABI info
[0.778s] -- Detecting CXX compiler ABI info - done
[0.815s] -- Check for working CXX compiler: /usr/bin/c++ - skipped
[0.815s] -- Detecting CXX compile features
[0.816s] -- Detecting CXX compile features - done
[0.822s] -- Found ament_cmake: 1.3.11 (/opt/ros/humble/share/ament_cmake/cmake)
[1.255s] -- Found Python3: /usr/bin/python3 (found version "3.10.12") found components: Interpreter 
[1.447s] -- Override CMake install command with custom implementation using symlinks instead of copying resources
[1.506s] -- Found ament_lint_auto: 0.12.12 (/opt/ros/humble/share/ament_lint_auto/cmake)
[1.761s] -- Added test 'copyright' to check source files copyright and LICENSE
[1.763s] -- Added test 'lint_cmake' to check CMake code style
[1.765s] -- Added test 'xmllint' to check XML markup files
[1.772s] -- Configuring done
[1.780s] -- Generating done
[1.787s] -- Build files have been written to: /home/ros2/dev_ws/build/ros2srrc_ur3e_gazebo
[1.817s] Invoked command in '/home/ros2/dev_ws/build/ros2srrc_ur3e_gazebo' returned '0': CMAKE_PREFIX_PATH=/opt/ros/humble /usr/bin/cmake /home/ros2/dev_ws/src/ros2_SimRealRobotControl/packages/ur3e/ros2srrc_ur3e_gazebo -DAMENT_CMAKE_SYMLINK_INSTALL=1 -DCMAKE_INSTALL_PREFIX=/home/ros2/dev_ws/install/ros2srrc_ur3e_gazebo
[1.818s] Invoking command in '/home/ros2/dev_ws/build/ros2srrc_ur3e_gazebo': CMAKE_PREFIX_PATH=/opt/ros/humble /usr/bin/cmake --build /home/ros2/dev_ws/build/ros2srrc_ur3e_gazebo -- -j16 -l16
[2.009s] Invoked command in '/home/ros2/dev_ws/build/ros2srrc_ur3e_gazebo' returned '0': CMAKE_PREFIX_PATH=/opt/ros/humble /usr/bin/cmake --build /home/ros2/dev_ws/build/ros2srrc_ur3e_gazebo -- -j16 -l16
[2.022s] Invoking command in '/home/ros2/dev_ws/build/ros2srrc_ur3e_gazebo': CMAKE_PREFIX_PATH=/opt/ros/humble /usr/bin/cmake --install /home/ros2/dev_ws/build/ros2srrc_ur3e_gazebo
[2.652s] -- Install configuration: ""
[2.652s] -- Execute custom install script
[2.653s] -- Symlinking: /home/ros2/dev_ws/install/ros2srrc_ur3e_gazebo/share/ros2srrc_ur3e_gazebo/config/configurations.yaml
[2.653s] -- Symlinking: /home/ros2/dev_ws/install/ros2srrc_ur3e_gazebo/share/ros2srrc_ur3e_gazebo/urdf/ur3e.urdf.xacro
[2.653s] -- Symlinking: /home/ros2/dev_ws/install/ros2srrc_ur3e_gazebo/share/ros2srrc_ur3e_gazebo/urdf/ur3e_robotiq_2f85.urdf.xacro
[2.653s] -- Symlinking: /home/ros2/dev_ws/install/ros2srrc_ur3e_gazebo/share/ros2srrc_ur3e_gazebo/urdf/ur3e_robotiq_hande.urdf.xacro
[2.653s] -- Symlinking: /home/ros2/dev_ws/install/ros2srrc_ur3e_gazebo/share/ros2srrc_ur3e_gazebo/worlds/ros2srrc_ur3e.world
[2.653s] -- Symlinking: /home/ros2/dev_ws/install/ros2srrc_ur3e_gazebo/share/ament_index/resource_index/package_run_dependencies/ros2srrc_ur3e_gazebo
[2.653s] -- Symlinking: /home/ros2/dev_ws/install/ros2srrc_ur3e_gazebo/share/ament_index/resource_index/parent_prefix_path/ros2srrc_ur3e_gazebo
[2.653s] -- Symlinking: /home/ros2/dev_ws/install/ros2srrc_ur3e_gazebo/share/ros2srrc_ur3e_gazebo/environment/ament_prefix_path.sh
[2.653s] -- Symlinking: /home/ros2/dev_ws/install/ros2srrc_ur3e_gazebo/share/ros2srrc_ur3e_gazebo/environment/ament_prefix_path.dsv
[2.653s] -- Symlinking: /home/ros2/dev_ws/install/ros2srrc_ur3e_gazebo/share/ros2srrc_ur3e_gazebo/environment/path.sh
[2.653s] -- Symlinking: /home/ros2/dev_ws/install/ros2srrc_ur3e_gazebo/share/ros2srrc_ur3e_gazebo/environment/path.dsv
[2.653s] -- Symlinking: /home/ros2/dev_ws/install/ros2srrc_ur3e_gazebo/share/ros2srrc_ur3e_gazebo/local_setup.bash
[2.653s] -- Symlinking: /home/ros2/dev_ws/install/ros2srrc_ur3e_gazebo/share/ros2srrc_ur3e_gazebo/local_setup.sh
[2.654s] -- Symlinking: /home/ros2/dev_ws/install/ros2srrc_ur3e_gazebo/share/ros2srrc_ur3e_gazebo/local_setup.zsh
[2.654s] -- Symlinking: /home/ros2/dev_ws/install/ros2srrc_ur3e_gazebo/share/ros2srrc_ur3e_gazebo/local_setup.dsv
[2.654s] -- Symlinking: /home/ros2/dev_ws/install/ros2srrc_ur3e_gazebo/share/ros2srrc_ur3e_gazebo/package.dsv
[2.654s] -- Symlinking: /home/ros2/dev_ws/install/ros2srrc_ur3e_gazebo/share/ament_index/resource_index/packages/ros2srrc_ur3e_gazebo
[2.654s] -- Symlinking: /home/ros2/dev_ws/install/ros2srrc_ur3e_gazebo/share/ros2srrc_ur3e_gazebo/cmake/ros2srrc_ur3e_gazeboConfig.cmake
[2.664s] -- Symlinking: /home/ros2/dev_ws/install/ros2srrc_ur3e_gazebo/share/ros2srrc_ur3e_gazebo/cmake/ros2srrc_ur3e_gazeboConfig-version.cmake
[2.664s] -- Symlinking: /home/ros2/dev_ws/install/ros2srrc_ur3e_gazebo/share/ros2srrc_ur3e_gazebo/package.xml
[3.029s] Invoked command in '/home/ros2/dev_ws/build/ros2srrc_ur3e_gazebo' returned '0': CMAKE_PREFIX_PATH=/opt/ros/humble /usr/bin/cmake --install /home/ros2/dev_ws/build/ros2srrc_ur3e_gazebo
