[0.010s] Invoking command in '/home/ros2/dev_ws/build/abb_hardware_interface': CMAKE_MODULE_PATH=/home/ros2/dev_ws/install/abb_librws/share/abb_librws/cmake CMAKE_PREFIX_PATH=/home/ros2/dev_ws/install/abb_egm_rws_managers:/home/ros2/dev_ws/install/abb_librws:/home/ros2/dev_ws/install/abb_libegm:/opt/ros/humble LD_LIBRARY_PATH=/home/ros2/dev_ws/install/abb_egm_rws_managers/lib:/home/ros2/dev_ws/install/abb_librws/lib:/home/ros2/dev_ws/install/abb_libegm/lib:${LD_LIBRARY_PATH} PKG_CONFIG_PATH=/home/ros2/dev_ws/install/abb_egm_rws_managers/lib/x86_64-linux-gnu/pkgconfig:/home/ros2/dev_ws/install/abb_egm_rws_managers/lib/pkgconfig:/home/ros2/dev_ws/install/abb_librws/lib/x86_64-linux-gnu/pkgconfig:/home/ros2/dev_ws/install/abb_librws/lib/pkgconfig:/home/ros2/dev_ws/install/abb_libegm/lib/x86_64-linux-gnu/pkgconfig:/home/ros2/dev_ws/install/abb_libegm/lib/pkgconfig /usr/bin/cmake /home/ros2/dev_ws/src/ABBDriver/abb_ros2/abb_hardware_interface -DAMENT_CMAKE_SYMLINK_INSTALL=1 -DCMAKE_INSTALL_PREFIX=/home/ros2/dev_ws/install/abb_hardware_interface
[0.054s] -- The C compiler identification is GNU 11.4.0
[0.101s] -- The CXX compiler identification is GNU 11.4.0
[0.106s] -- Detecting C compiler ABI info
[0.159s] -- Detecting C compiler ABI info - done
[0.164s] -- Check for working C compiler: /usr/bin/cc - skipped
[0.165s] -- Detecting C compile features
[0.165s] -- Detecting C compile features - done
[0.167s] -- Detecting CXX compiler ABI info
[0.233s] -- Detecting CXX compiler ABI info - done
[0.238s] -- Check for working CXX compiler: /usr/bin/c++ - skipped
[0.238s] -- Detecting CXX compile features
[0.239s] -- Detecting CXX compile features - done
[0.241s] -- Found ament_cmake: 1.3.11 (/opt/ros/humble/share/ament_cmake/cmake)
[0.371s] -- Found Python3: /usr/bin/python3 (found version "3.10.12") found components: Interpreter 
[0.435s] -- Override CMake install command with custom implementation using symlinks instead of copying resources
[0.464s] -- Looking for pthread.h
[0.534s] -- Looking for pthread.h - found
[0.534s] -- Performing Test CMAKE_HAVE_LIBC_PTHREAD
[0.600s] -- Performing Test CMAKE_HAVE_LIBC_PTHREAD - Success
[0.601s] -- Found Threads: TRUE  
[0.620s] -- Found Boost: /usr/lib/x86_64-linux-gnu/cmake/Boost-1.74.0/BoostConfig.cmake (found version "1.74.0") found components: regex system thread 
[0.621s] -- Searching for Poco library...
[0.630s] --   Found Poco!
[0.630s] -- components found: Foundation, Net, Util, XML.
[0.643s] -- Found Protobuf: /usr/lib/x86_64-linux-gnu/libprotobuf.so (found version "3.12.4") 
[0.646s] -- Found hardware_interface: 2.51.0 (/opt/ros/humble/share/hardware_interface/cmake)
[0.679s] -- Found rosidl_generator_c: 3.1.6 (/opt/ros/humble/share/rosidl_generator_c/cmake)
[0.683s] -- Found rosidl_adapter: 3.1.6 (/opt/ros/humble/share/rosidl_adapter/cmake)
[0.690s] -- Found rosidl_generator_cpp: 3.1.6 (/opt/ros/humble/share/rosidl_generator_cpp/cmake)
[0.700s] -- Using all available rosidl_typesupport_c: rosidl_typesupport_fastrtps_c;rosidl_typesupport_introspection_c
[0.713s] -- Using all available rosidl_typesupport_cpp: rosidl_typesupport_fastrtps_cpp;rosidl_typesupport_introspection_cpp
[0.893s] -- Found rmw_implementation_cmake: 6.1.2 (/opt/ros/humble/share/rmw_implementation_cmake/cmake)
[0.895s] -- Found rmw_cyclonedds_cpp: 1.3.4 (/opt/ros/humble/share/rmw_cyclonedds_cpp/cmake)
[0.914s] -- Using RMW implementation 'rmw_cyclonedds_cpp' as default
[0.968s] -- Found ament_lint_auto: 0.12.12 (/opt/ros/humble/share/ament_lint_auto/cmake)
[1.038s] -- Configuring done
[1.058s] -- Generating done
[1.062s] -- Build files have been written to: /home/ros2/dev_ws/build/abb_hardware_interface
[1.074s] Invoked command in '/home/ros2/dev_ws/build/abb_hardware_interface' returned '0': CMAKE_MODULE_PATH=/home/ros2/dev_ws/install/abb_librws/share/abb_librws/cmake CMAKE_PREFIX_PATH=/home/ros2/dev_ws/install/abb_egm_rws_managers:/home/ros2/dev_ws/install/abb_librws:/home/ros2/dev_ws/install/abb_libegm:/opt/ros/humble LD_LIBRARY_PATH=/home/ros2/dev_ws/install/abb_egm_rws_managers/lib:/home/ros2/dev_ws/install/abb_librws/lib:/home/ros2/dev_ws/install/abb_libegm/lib:${LD_LIBRARY_PATH} PKG_CONFIG_PATH=/home/ros2/dev_ws/install/abb_egm_rws_managers/lib/x86_64-linux-gnu/pkgconfig:/home/ros2/dev_ws/install/abb_egm_rws_managers/lib/pkgconfig:/home/ros2/dev_ws/install/abb_librws/lib/x86_64-linux-gnu/pkgconfig:/home/ros2/dev_ws/install/abb_librws/lib/pkgconfig:/home/ros2/dev_ws/install/abb_libegm/lib/x86_64-linux-gnu/pkgconfig:/home/ros2/dev_ws/install/abb_libegm/lib/pkgconfig /usr/bin/cmake /home/ros2/dev_ws/src/ABBDriver/abb_ros2/abb_hardware_interface -DAMENT_CMAKE_SYMLINK_INSTALL=1 -DCMAKE_INSTALL_PREFIX=/home/ros2/dev_ws/install/abb_hardware_interface
[1.075s] Invoking command in '/home/ros2/dev_ws/build/abb_hardware_interface': CMAKE_MODULE_PATH=/home/ros2/dev_ws/install/abb_librws/share/abb_librws/cmake CMAKE_PREFIX_PATH=/home/ros2/dev_ws/install/abb_egm_rws_managers:/home/ros2/dev_ws/install/abb_librws:/home/ros2/dev_ws/install/abb_libegm:/opt/ros/humble LD_LIBRARY_PATH=/home/ros2/dev_ws/install/abb_egm_rws_managers/lib:/home/ros2/dev_ws/install/abb_librws/lib:/home/ros2/dev_ws/install/abb_libegm/lib:${LD_LIBRARY_PATH} PKG_CONFIG_PATH=/home/ros2/dev_ws/install/abb_egm_rws_managers/lib/x86_64-linux-gnu/pkgconfig:/home/ros2/dev_ws/install/abb_egm_rws_managers/lib/pkgconfig:/home/ros2/dev_ws/install/abb_librws/lib/x86_64-linux-gnu/pkgconfig:/home/ros2/dev_ws/install/abb_librws/lib/pkgconfig:/home/ros2/dev_ws/install/abb_libegm/lib/x86_64-linux-gnu/pkgconfig:/home/ros2/dev_ws/install/abb_libegm/lib/pkgconfig /usr/bin/cmake --build /home/ros2/dev_ws/build/abb_hardware_interface -- -j16 -l16
[1.116s] [ 33%] [32mBuilding CXX object CMakeFiles/abb_hardware_interface.dir/src/utilities.cpp.o[0m
[1.119s] [ 66%] [32mBuilding CXX object CMakeFiles/abb_hardware_interface.dir/src/abb_hardware_interface.cpp.o[0m
[11.441s] [100%] [32m[1mLinking CXX shared library libabb_hardware_interface.so[0m
[11.952s] [100%] Built target abb_hardware_interface
[11.965s] Invoked command in '/home/ros2/dev_ws/build/abb_hardware_interface' returned '0': CMAKE_MODULE_PATH=/home/ros2/dev_ws/install/abb_librws/share/abb_librws/cmake CMAKE_PREFIX_PATH=/home/ros2/dev_ws/install/abb_egm_rws_managers:/home/ros2/dev_ws/install/abb_librws:/home/ros2/dev_ws/install/abb_libegm:/opt/ros/humble LD_LIBRARY_PATH=/home/ros2/dev_ws/install/abb_egm_rws_managers/lib:/home/ros2/dev_ws/install/abb_librws/lib:/home/ros2/dev_ws/install/abb_libegm/lib:${LD_LIBRARY_PATH} PKG_CONFIG_PATH=/home/ros2/dev_ws/install/abb_egm_rws_managers/lib/x86_64-linux-gnu/pkgconfig:/home/ros2/dev_ws/install/abb_egm_rws_managers/lib/pkgconfig:/home/ros2/dev_ws/install/abb_librws/lib/x86_64-linux-gnu/pkgconfig:/home/ros2/dev_ws/install/abb_librws/lib/pkgconfig:/home/ros2/dev_ws/install/abb_libegm/lib/x86_64-linux-gnu/pkgconfig:/home/ros2/dev_ws/install/abb_libegm/lib/pkgconfig /usr/bin/cmake --build /home/ros2/dev_ws/build/abb_hardware_interface -- -j16 -l16
[11.967s] Invoking command in '/home/ros2/dev_ws/build/abb_hardware_interface': CMAKE_MODULE_PATH=/home/ros2/dev_ws/install/abb_librws/share/abb_librws/cmake CMAKE_PREFIX_PATH=/home/ros2/dev_ws/install/abb_egm_rws_managers:/home/ros2/dev_ws/install/abb_librws:/home/ros2/dev_ws/install/abb_libegm:/opt/ros/humble LD_LIBRARY_PATH=/home/ros2/dev_ws/install/abb_egm_rws_managers/lib:/home/ros2/dev_ws/install/abb_librws/lib:/home/ros2/dev_ws/install/abb_libegm/lib:${LD_LIBRARY_PATH} PKG_CONFIG_PATH=/home/ros2/dev_ws/install/abb_egm_rws_managers/lib/x86_64-linux-gnu/pkgconfig:/home/ros2/dev_ws/install/abb_egm_rws_managers/lib/pkgconfig:/home/ros2/dev_ws/install/abb_librws/lib/x86_64-linux-gnu/pkgconfig:/home/ros2/dev_ws/install/abb_librws/lib/pkgconfig:/home/ros2/dev_ws/install/abb_libegm/lib/x86_64-linux-gnu/pkgconfig:/home/ros2/dev_ws/install/abb_libegm/lib/pkgconfig /usr/bin/cmake --install /home/ros2/dev_ws/build/abb_hardware_interface
[11.975s] -- Install configuration: ""
[11.975s] -- Execute custom install script
[11.975s] -- Symlinking: /home/ros2/dev_ws/install/abb_hardware_interface/share/abb_hardware_interface//abb_hardware_interface.xml
[11.984s] -- Symlinking: /home/ros2/dev_ws/install/abb_hardware_interface/lib/libabb_hardware_interface.so
[11.993s] -- Symlinking: /home/ros2/dev_ws/install/abb_hardware_interface/include/abb_hardware_interface/abb_hardware_interface.hpp
[12.003s] -- Symlinking: /home/ros2/dev_ws/install/abb_hardware_interface/include/abb_hardware_interface/utilities.hpp
[12.012s] -- Symlinking: /home/ros2/dev_ws/install/abb_hardware_interface/include/abb_hardware_interface/visibility_control.h
[12.022s] -- Symlinking: /home/ros2/dev_ws/install/abb_hardware_interface/share/abb_hardware_interface/environment/library_path.sh
[12.033s] -- Symlinking: /home/ros2/dev_ws/install/abb_hardware_interface/share/abb_hardware_interface/environment/library_path.dsv
[12.042s] -- Symlinking: /home/ros2/dev_ws/install/abb_hardware_interface/share/ament_index/resource_index/package_run_dependencies/abb_hardware_interface
[12.051s] -- Symlinking: /home/ros2/dev_ws/install/abb_hardware_interface/share/ament_index/resource_index/parent_prefix_path/abb_hardware_interface
[12.059s] -- Symlinking: /home/ros2/dev_ws/install/abb_hardware_interface/share/abb_hardware_interface/environment/ament_prefix_path.sh
[12.068s] -- Symlinking: /home/ros2/dev_ws/install/abb_hardware_interface/share/abb_hardware_interface/environment/ament_prefix_path.dsv
[12.076s] -- Symlinking: /home/ros2/dev_ws/install/abb_hardware_interface/share/abb_hardware_interface/environment/path.sh
[12.084s] -- Symlinking: /home/ros2/dev_ws/install/abb_hardware_interface/share/abb_hardware_interface/environment/path.dsv
[12.095s] -- Symlinking: /home/ros2/dev_ws/install/abb_hardware_interface/share/abb_hardware_interface/local_setup.bash
[12.104s] -- Symlinking: /home/ros2/dev_ws/install/abb_hardware_interface/share/abb_hardware_interface/local_setup.sh
[12.112s] -- Symlinking: /home/ros2/dev_ws/install/abb_hardware_interface/share/abb_hardware_interface/local_setup.zsh
[12.120s] -- Symlinking: /home/ros2/dev_ws/install/abb_hardware_interface/share/abb_hardware_interface/local_setup.dsv
[12.128s] -- Symlinking: /home/ros2/dev_ws/install/abb_hardware_interface/share/abb_hardware_interface/package.dsv
[12.137s] -- Symlinking: /home/ros2/dev_ws/install/abb_hardware_interface/share/ament_index/resource_index/packages/abb_hardware_interface
[12.145s] -- Symlinking: /home/ros2/dev_ws/install/abb_hardware_interface/share/ament_index/resource_index/hardware_interface__pluginlib__plugin/abb_hardware_interface
[12.155s] -- Symlinking: /home/ros2/dev_ws/install/abb_hardware_interface/share/abb_hardware_interface/cmake/ament_cmake_export_include_directories-extras.cmake
[12.167s] -- Symlinking: /home/ros2/dev_ws/install/abb_hardware_interface/share/abb_hardware_interface/cmake/ament_cmake_export_libraries-extras.cmake
[12.175s] -- Symlinking: /home/ros2/dev_ws/install/abb_hardware_interface/share/abb_hardware_interface/cmake/ament_cmake_export_dependencies-extras.cmake
[12.183s] -- Symlinking: /home/ros2/dev_ws/install/abb_hardware_interface/share/abb_hardware_interface/cmake/abb_hardware_interfaceConfig.cmake
[12.191s] -- Symlinking: /home/ros2/dev_ws/install/abb_hardware_interface/share/abb_hardware_interface/cmake/abb_hardware_interfaceConfig-version.cmake
[12.201s] -- Symlinking: /home/ros2/dev_ws/install/abb_hardware_interface/share/abb_hardware_interface/package.xml
[12.212s] Invoked command in '/home/ros2/dev_ws/build/abb_hardware_interface' returned '0': CMAKE_MODULE_PATH=/home/ros2/dev_ws/install/abb_librws/share/abb_librws/cmake CMAKE_PREFIX_PATH=/home/ros2/dev_ws/install/abb_egm_rws_managers:/home/ros2/dev_ws/install/abb_librws:/home/ros2/dev_ws/install/abb_libegm:/opt/ros/humble LD_LIBRARY_PATH=/home/ros2/dev_ws/install/abb_egm_rws_managers/lib:/home/ros2/dev_ws/install/abb_librws/lib:/home/ros2/dev_ws/install/abb_libegm/lib:${LD_LIBRARY_PATH} PKG_CONFIG_PATH=/home/ros2/dev_ws/install/abb_egm_rws_managers/lib/x86_64-linux-gnu/pkgconfig:/home/ros2/dev_ws/install/abb_egm_rws_managers/lib/pkgconfig:/home/ros2/dev_ws/install/abb_librws/lib/x86_64-linux-gnu/pkgconfig:/home/ros2/dev_ws/install/abb_librws/lib/pkgconfig:/home/ros2/dev_ws/install/abb_libegm/lib/x86_64-linux-gnu/pkgconfig:/home/ros2/dev_ws/install/abb_libegm/lib/pkgconfig /usr/bin/cmake --install /home/ros2/dev_ws/build/abb_hardware_interface
