[0.032s] Invoking command in '/home/ros2/dev_ws/build/ros2srrc_robots': CMAKE_PREFIX_PATH=${CMAKE_PREFIX_PATH}:/opt/ros/humble /usr/bin/cmake /home/ros2/dev_ws/src/ros2_SimRealRobotControl/ros2srrc_robots -DAMENT_CMAKE_SYMLINK_INSTALL=1 -DCMAKE_INSTALL_PREFIX=/home/ros2/dev_ws/install/ros2srrc_robots
[1.095s] -- The C compiler identification is GNU 11.4.0
[1.095s] -- The CXX compiler identification is GNU 11.4.0
[1.095s] -- Detecting C compiler ABI info
[1.095s] -- Detecting C compiler ABI info - done
[1.095s] -- Check for working C compiler: /usr/bin/cc - skipped
[1.095s] -- Detecting C compile features
[1.095s] -- Detecting C compile features - done
[1.095s] -- Detecting CXX compiler ABI info
[1.239s] -- Detecting CXX compiler ABI info - done
[1.269s] -- Check for working CXX compiler: /usr/bin/c++ - skipped
[1.269s] -- Detecting CXX compile features
[1.273s] -- Detecting CXX compile features - done
[1.294s] -- Found ament_cmake: 1.3.11 (/opt/ros/humble/share/ament_cmake/cmake)
[1.885s] -- Found Python3: /usr/bin/python3 (found version "3.10.12") found components: Interpreter 
[2.223s] -- Override CMake install command with custom implementation using symlinks instead of copying resources
[2.309s] -- Found ament_lint_auto: 0.12.12 (/opt/ros/humble/share/ament_lint_auto/cmake)
[2.483s] -- Added test 'copyright' to check source files copyright and LICENSE
[2.535s] -- Added test 'lint_cmake' to check CMake code style
[2.556s] -- Added test 'xmllint' to check XML markup files
[2.560s] -- Configuring done
[2.563s] -- Generating done
[2.563s] -- Build files have been written to: /home/ros2/dev_ws/build/ros2srrc_robots
[2.584s] Invoked command in '/home/ros2/dev_ws/build/ros2srrc_robots' returned '0': CMAKE_PREFIX_PATH=${CMAKE_PREFIX_PATH}:/opt/ros/humble /usr/bin/cmake /home/ros2/dev_ws/src/ros2_SimRealRobotControl/ros2srrc_robots -DAMENT_CMAKE_SYMLINK_INSTALL=1 -DCMAKE_INSTALL_PREFIX=/home/ros2/dev_ws/install/ros2srrc_robots
[2.584s] Invoking command in '/home/ros2/dev_ws/build/ros2srrc_robots': CMAKE_PREFIX_PATH=${CMAKE_PREFIX_PATH}:/opt/ros/humble /usr/bin/cmake --build /home/ros2/dev_ws/build/ros2srrc_robots -- -j16 -l16
[4.242s] Invoked command in '/home/ros2/dev_ws/build/ros2srrc_robots' returned '0': CMAKE_PREFIX_PATH=${CMAKE_PREFIX_PATH}:/opt/ros/humble /usr/bin/cmake --build /home/ros2/dev_ws/build/ros2srrc_robots -- -j16 -l16
[4.242s] Invoking command in '/home/ros2/dev_ws/build/ros2srrc_robots': CMAKE_PREFIX_PATH=${CMAKE_PREFIX_PATH}:/opt/ros/humble /usr/bin/cmake --install /home/ros2/dev_ws/build/ros2srrc_robots
[4.613s] -- Install configuration: ""
[4.613s] -- Execute custom install script
[4.614s] -- Symlinking: /home/ros2/dev_ws/install/ros2srrc_robots/share/ros2srrc_robots/irb120/config/controller.yaml
[4.614s] -- Symlinking: /home/ros2/dev_ws/install/ros2srrc_robots/share/ros2srrc_robots/irb120/config/controller_moveit2.yaml
[4.614s] -- Symlinking: /home/ros2/dev_ws/install/ros2srrc_robots/share/ros2srrc_robots/irb120/config/joint_limits.yaml
[4.614s] -- Symlinking: /home/ros2/dev_ws/install/ros2srrc_robots/share/ros2srrc_robots/irb120/config/joint_specifications.yaml
[4.614s] -- Symlinking: /home/ros2/dev_ws/install/ros2srrc_robots/share/ros2srrc_robots/irb120/config/kinematics.yaml
[4.614s] -- Symlinking: /home/ros2/dev_ws/install/ros2srrc_robots/share/ros2srrc_robots/irb120/config/pilz_cartesian_limits.yaml
[4.615s] -- Symlinking: /home/ros2/dev_ws/install/ros2srrc_robots/share/ros2srrc_robots/irb120/meshes/collision/base_link.stl
[4.615s] -- Symlinking: /home/ros2/dev_ws/install/ros2srrc_robots/share/ros2srrc_robots/irb120/meshes/collision/link_1.stl
[4.615s] -- Symlinking: /home/ros2/dev_ws/install/ros2srrc_robots/share/ros2srrc_robots/irb120/meshes/collision/link_2.stl
[4.615s] -- Symlinking: /home/ros2/dev_ws/install/ros2srrc_robots/share/ros2srrc_robots/irb120/meshes/collision/link_3.stl
[4.615s] -- Symlinking: /home/ros2/dev_ws/install/ros2srrc_robots/share/ros2srrc_robots/irb120/meshes/collision/link_4.stl
[4.615s] -- Symlinking: /home/ros2/dev_ws/install/ros2srrc_robots/share/ros2srrc_robots/irb120/meshes/collision/link_5.stl
[4.615s] -- Symlinking: /home/ros2/dev_ws/install/ros2srrc_robots/share/ros2srrc_robots/irb120/meshes/collision/link_6.stl
[4.647s] -- Symlinking: /home/ros2/dev_ws/install/ros2srrc_robots/share/ros2srrc_robots/irb120/meshes/visual/base_link.dae
[4.679s] -- Symlinking: /home/ros2/dev_ws/install/ros2srrc_robots/share/ros2srrc_robots/irb120/meshes/visual/link_1.dae
[4.707s] -- Symlinking: /home/ros2/dev_ws/install/ros2srrc_robots/share/ros2srrc_robots/irb120/meshes/visual/link_2.dae
[4.728s] -- Symlinking: /home/ros2/dev_ws/install/ros2srrc_robots/share/ros2srrc_robots/irb120/meshes/visual/link_3.dae
[4.762s] -- Symlinking: /home/ros2/dev_ws/install/ros2srrc_robots/share/ros2srrc_robots/irb120/meshes/visual/link_4.dae
[4.780s] -- Symlinking: /home/ros2/dev_ws/install/ros2srrc_robots/share/ros2srrc_robots/irb120/meshes/visual/link_5.dae
[4.821s] -- Symlinking: /home/ros2/dev_ws/install/ros2srrc_robots/share/ros2srrc_robots/irb120/meshes/visual/link_6.dae
[4.851s] -- Symlinking: /home/ros2/dev_ws/install/ros2srrc_robots/share/ros2srrc_robots/irb120/urdf/abb_resources/common_colours.xacro
[4.872s] -- Symlinking: /home/ros2/dev_ws/install/ros2srrc_robots/share/ros2srrc_robots/irb120/urdf/abb_resources/common_materials.xacro
[4.904s] -- Symlinking: /home/ros2/dev_ws/install/ros2srrc_robots/share/ros2srrc_robots/irb120/urdf/irb120_macro.urdf.xacro
[4.935s] -- Symlinking: /home/ros2/dev_ws/install/ros2srrc_robots/share/ros2srrc_robots/irb120/urdf/irb120_ros2control.xacro
[4.951s] -- Symlinking: /home/ros2/dev_ws/install/ros2srrc_robots/share/ros2srrc_robots/irb120/urdf/irb120_transmission.xacro
[4.976s] -- Symlinking: /home/ros2/dev_ws/install/ros2srrc_robots/share/ros2srrc_robots/irb1200/config/controller.yaml
[4.995s] -- Symlinking: /home/ros2/dev_ws/install/ros2srrc_robots/share/ros2srrc_robots/irb1200/config/controller_moveit2.yaml
[5.026s] -- Symlinking: /home/ros2/dev_ws/install/ros2srrc_robots/share/ros2srrc_robots/irb1200/config/joint_limits.yaml
[5.051s] -- Symlinking: /home/ros2/dev_ws/install/ros2srrc_robots/share/ros2srrc_robots/irb1200/config/joint_specifications.yaml
[5.084s] -- Symlinking: /home/ros2/dev_ws/install/ros2srrc_robots/share/ros2srrc_robots/irb1200/config/kinematics.yaml
[5.091s] -- Symlinking: /home/ros2/dev_ws/install/ros2srrc_robots/share/ros2srrc_robots/irb1200/config/pilz_cartesian_limits.yaml
[5.118s] -- Symlinking: /home/ros2/dev_ws/install/ros2srrc_robots/share/ros2srrc_robots/irb1200/meshes/collision/base_link.stl
[5.140s] -- Symlinking: /home/ros2/dev_ws/install/ros2srrc_robots/share/ros2srrc_robots/irb1200/meshes/collision/link_1.stl
[5.165s] -- Symlinking: /home/ros2/dev_ws/install/ros2srrc_robots/share/ros2srrc_robots/irb1200/meshes/collision/link_2.stl
[5.191s] -- Symlinking: /home/ros2/dev_ws/install/ros2srrc_robots/share/ros2srrc_robots/irb1200/meshes/collision/link_3.stl
[5.220s] -- Symlinking: /home/ros2/dev_ws/install/ros2srrc_robots/share/ros2srrc_robots/irb1200/meshes/collision/link_4.stl
[5.243s] -- Symlinking: /home/ros2/dev_ws/install/ros2srrc_robots/share/ros2srrc_robots/irb1200/meshes/collision/link_5.stl
[5.272s] -- Symlinking: /home/ros2/dev_ws/install/ros2srrc_robots/share/ros2srrc_robots/irb1200/meshes/collision/link_6.stl
[5.284s] -- Symlinking: /home/ros2/dev_ws/install/ros2srrc_robots/share/ros2srrc_robots/irb1200/meshes/visual/base_link.dae
[5.298s] -- Symlinking: /home/ros2/dev_ws/install/ros2srrc_robots/share/ros2srrc_robots/irb1200/meshes/visual/link_1.dae
[5.318s] -- Symlinking: /home/ros2/dev_ws/install/ros2srrc_robots/share/ros2srrc_robots/irb1200/meshes/visual/link_2.dae
[5.349s] -- Symlinking: /home/ros2/dev_ws/install/ros2srrc_robots/share/ros2srrc_robots/irb1200/meshes/visual/link_3.dae
[5.372s] -- Symlinking: /home/ros2/dev_ws/install/ros2srrc_robots/share/ros2srrc_robots/irb1200/meshes/visual/link_4.dae
[5.386s] -- Symlinking: /home/ros2/dev_ws/install/ros2srrc_robots/share/ros2srrc_robots/irb1200/meshes/visual/link_5.dae
[5.415s] -- Symlinking: /home/ros2/dev_ws/install/ros2srrc_robots/share/ros2srrc_robots/irb1200/meshes/visual/link_6.dae
[5.438s] -- Symlinking: /home/ros2/dev_ws/install/ros2srrc_robots/share/ros2srrc_robots/irb1200/urdf/abb_resources/common_colours.xacro
[5.457s] -- Symlinking: /home/ros2/dev_ws/install/ros2srrc_robots/share/ros2srrc_robots/irb1200/urdf/abb_resources/common_materials.xacro
[5.470s] -- Symlinking: /home/ros2/dev_ws/install/ros2srrc_robots/share/ros2srrc_robots/irb1200/urdf/irb1200_macro.urdf.xacro
[5.498s] -- Symlinking: /home/ros2/dev_ws/install/ros2srrc_robots/share/ros2srrc_robots/irb1200/urdf/irb1200_ros2control.xacro
[5.526s] -- Symlinking: /home/ros2/dev_ws/install/ros2srrc_robots/share/ros2srrc_robots/irb1200/urdf/irb1200_transmission.xacro
[5.552s] -- Symlinking: /home/ros2/dev_ws/install/ros2srrc_robots/share/ros2srrc_robots/irb1600/config/controller.yaml
[5.593s] -- Symlinking: /home/ros2/dev_ws/install/ros2srrc_robots/share/ros2srrc_robots/irb1600/config/controller_moveit2.yaml
[5.620s] -- Symlinking: /home/ros2/dev_ws/install/ros2srrc_robots/share/ros2srrc_robots/irb1600/config/joint_limits.yaml
[5.643s] -- Symlinking: /home/ros2/dev_ws/install/ros2srrc_robots/share/ros2srrc_robots/irb1600/config/joint_specifications.yaml
[5.672s] -- Symlinking: /home/ros2/dev_ws/install/ros2srrc_robots/share/ros2srrc_robots/irb1600/config/kinematics.yaml
[5.705s] -- Symlinking: /home/ros2/dev_ws/install/ros2srrc_robots/share/ros2srrc_robots/irb1600/config/pilz_cartesian_limits.yaml
[5.716s] -- Symlinking: /home/ros2/dev_ws/install/ros2srrc_robots/share/ros2srrc_robots/irb1600/meshes/collision/base_link.stl
[5.731s] -- Symlinking: /home/ros2/dev_ws/install/ros2srrc_robots/share/ros2srrc_robots/irb1600/meshes/collision/link_1.stl
[5.755s] -- Symlinking: /home/ros2/dev_ws/install/ros2srrc_robots/share/ros2srrc_robots/irb1600/meshes/collision/link_2.stl
[5.781s] -- Symlinking: /home/ros2/dev_ws/install/ros2srrc_robots/share/ros2srrc_robots/irb1600/meshes/collision/link_3.stl
[5.819s] -- Symlinking: /home/ros2/dev_ws/install/ros2srrc_robots/share/ros2srrc_robots/irb1600/meshes/collision/link_4.stl
[5.836s] -- Symlinking: /home/ros2/dev_ws/install/ros2srrc_robots/share/ros2srrc_robots/irb1600/meshes/collision/link_5.stl
[5.877s] -- Symlinking: /home/ros2/dev_ws/install/ros2srrc_robots/share/ros2srrc_robots/irb1600/meshes/collision/link_6.stl
[5.923s] -- Symlinking: /home/ros2/dev_ws/install/ros2srrc_robots/share/ros2srrc_robots/irb1600/meshes/visual/base_link.stl
[5.958s] -- Symlinking: /home/ros2/dev_ws/install/ros2srrc_robots/share/ros2srrc_robots/irb1600/meshes/visual/link_1.stl
[5.990s] -- Symlinking: /home/ros2/dev_ws/install/ros2srrc_robots/share/ros2srrc_robots/irb1600/meshes/visual/link_2.stl
[6.029s] -- Symlinking: /home/ros2/dev_ws/install/ros2srrc_robots/share/ros2srrc_robots/irb1600/meshes/visual/link_3.stl
[6.072s] -- Symlinking: /home/ros2/dev_ws/install/ros2srrc_robots/share/ros2srrc_robots/irb1600/meshes/visual/link_4.stl
[6.101s] -- Symlinking: /home/ros2/dev_ws/install/ros2srrc_robots/share/ros2srrc_robots/irb1600/meshes/visual/link_5.stl
[6.140s] -- Symlinking: /home/ros2/dev_ws/install/ros2srrc_robots/share/ros2srrc_robots/irb1600/meshes/visual/link_6.stl
[6.166s] -- Symlinking: /home/ros2/dev_ws/install/ros2srrc_robots/share/ros2srrc_robots/irb1600/urdf/abb_resources/common_colours.xacro
[6.193s] -- Symlinking: /home/ros2/dev_ws/install/ros2srrc_robots/share/ros2srrc_robots/irb1600/urdf/abb_resources/common_materials.xacro
[6.219s] -- Symlinking: /home/ros2/dev_ws/install/ros2srrc_robots/share/ros2srrc_robots/irb1600/urdf/irb1600_macro.urdf.xacro
[6.243s] -- Symlinking: /home/ros2/dev_ws/install/ros2srrc_robots/share/ros2srrc_robots/irb1600/urdf/irb1600_ros2control.xacro
[6.274s] -- Symlinking: /home/ros2/dev_ws/install/ros2srrc_robots/share/ros2srrc_robots/irb1600/urdf/irb1600_transmission.xacro
[6.299s] -- Symlinking: /home/ros2/dev_ws/install/ros2srrc_robots/share/ros2srrc_robots/irb6640/config/controller.yaml
[6.320s] -- Symlinking: /home/ros2/dev_ws/install/ros2srrc_robots/share/ros2srrc_robots/irb6640/config/controller_moveit2.yaml
[6.341s] -- Symlinking: /home/ros2/dev_ws/install/ros2srrc_robots/share/ros2srrc_robots/irb6640/config/joint_limits.yaml
[6.356s] -- Symlinking: /home/ros2/dev_ws/install/ros2srrc_robots/share/ros2srrc_robots/irb6640/config/joint_specifications.yaml
[6.379s] -- Symlinking: /home/ros2/dev_ws/install/ros2srrc_robots/share/ros2srrc_robots/irb6640/config/kinematics.yaml
[6.392s] -- Symlinking: /home/ros2/dev_ws/install/ros2srrc_robots/share/ros2srrc_robots/irb6640/config/pilz_cartesian_limits.yaml
[6.406s] -- Symlinking: /home/ros2/dev_ws/install/ros2srrc_robots/share/ros2srrc_robots/irb6640/meshes/base_link.dae
[6.419s] -- Symlinking: /home/ros2/dev_ws/install/ros2srrc_robots/share/ros2srrc_robots/irb6640/meshes/link_1.dae
[6.429s] -- Symlinking: /home/ros2/dev_ws/install/ros2srrc_robots/share/ros2srrc_robots/irb6640/meshes/link_2.dae
[6.447s] -- Symlinking: /home/ros2/dev_ws/install/ros2srrc_robots/share/ros2srrc_robots/irb6640/meshes/link_3.dae
[6.457s] -- Symlinking: /home/ros2/dev_ws/install/ros2srrc_robots/share/ros2srrc_robots/irb6640/meshes/link_4.dae
[6.510s] -- Symlinking: /home/ros2/dev_ws/install/ros2srrc_robots/share/ros2srrc_robots/irb6640/meshes/link_5.dae
[6.548s] -- Symlinking: /home/ros2/dev_ws/install/ros2srrc_robots/share/ros2srrc_robots/irb6640/meshes/link_6.dae
[6.577s] -- Symlinking: /home/ros2/dev_ws/install/ros2srrc_robots/share/ros2srrc_robots/irb6640/meshes/link_cylinder.dae
[6.585s] -- Symlinking: /home/ros2/dev_ws/install/ros2srrc_robots/share/ros2srrc_robots/irb6640/meshes/link_piston.dae
[6.615s] -- Symlinking: /home/ros2/dev_ws/install/ros2srrc_robots/share/ros2srrc_robots/irb6640/urdf/irb6640_macro.urdf.xacro
[6.653s] -- Symlinking: /home/ros2/dev_ws/install/ros2srrc_robots/share/ros2srrc_robots/irb6640/urdf/irb6640_ros2control.xacro
[6.709s] -- Symlinking: /home/ros2/dev_ws/install/ros2srrc_robots/share/ros2srrc_robots/irb6640/urdf/irb6640_transmission.xacro
[6.726s] -- Symlinking: /home/ros2/dev_ws/install/ros2srrc_robots/share/ros2srrc_robots/ur3/config/controller.yaml
[6.758s] -- Symlinking: /home/ros2/dev_ws/install/ros2srrc_robots/share/ros2srrc_robots/ur3/config/controller_moveit2.yaml
[6.789s] -- Symlinking: /home/ros2/dev_ws/install/ros2srrc_robots/share/ros2srrc_robots/ur3/config/controller_ur.yaml
[6.817s] -- Symlinking: /home/ros2/dev_ws/install/ros2srrc_robots/share/ros2srrc_robots/ur3/config/joint_limits.yaml
[6.857s] -- Symlinking: /home/ros2/dev_ws/install/ros2srrc_robots/share/ros2srrc_robots/ur3/config/joint_specifications.yaml
[6.880s] -- Symlinking: /home/ros2/dev_ws/install/ros2srrc_robots/share/ros2srrc_robots/ur3/config/kinematics.yaml
[6.910s] -- Symlinking: /home/ros2/dev_ws/install/ros2srrc_robots/share/ros2srrc_robots/ur3/config/pilz_cartesian_limits.yaml
[6.939s] -- Symlinking: /home/ros2/dev_ws/install/ros2srrc_robots/share/ros2srrc_robots/ur3/meshes/collision/base.stl
[6.967s] -- Symlinking: /home/ros2/dev_ws/install/ros2srrc_robots/share/ros2srrc_robots/ur3/meshes/collision/forearm.stl
[6.995s] -- Symlinking: /home/ros2/dev_ws/install/ros2srrc_robots/share/ros2srrc_robots/ur3/meshes/collision/shoulder.stl
[7.009s] -- Symlinking: /home/ros2/dev_ws/install/ros2srrc_robots/share/ros2srrc_robots/ur3/meshes/collision/upperarm.stl
[7.044s] -- Symlinking: /home/ros2/dev_ws/install/ros2srrc_robots/share/ros2srrc_robots/ur3/meshes/collision/wrist1.stl
[7.070s] -- Symlinking: /home/ros2/dev_ws/install/ros2srrc_robots/share/ros2srrc_robots/ur3/meshes/collision/wrist2.stl
[7.096s] -- Symlinking: /home/ros2/dev_ws/install/ros2srrc_robots/share/ros2srrc_robots/ur3/meshes/collision/wrist3.stl
[7.120s] -- Symlinking: /home/ros2/dev_ws/install/ros2srrc_robots/share/ros2srrc_robots/ur3/meshes/visual/base.dae
[7.143s] -- Symlinking: /home/ros2/dev_ws/install/ros2srrc_robots/share/ros2srrc_robots/ur3/meshes/visual/forearm.dae
[7.153s] -- Symlinking: /home/ros2/dev_ws/install/ros2srrc_robots/share/ros2srrc_robots/ur3/meshes/visual/shoulder.dae
[7.189s] -- Symlinking: /home/ros2/dev_ws/install/ros2srrc_robots/share/ros2srrc_robots/ur3/meshes/visual/upperarm.dae
[7.217s] -- Symlinking: /home/ros2/dev_ws/install/ros2srrc_robots/share/ros2srrc_robots/ur3/meshes/visual/wrist1.dae
[7.244s] -- Symlinking: /home/ros2/dev_ws/install/ros2srrc_robots/share/ros2srrc_robots/ur3/meshes/visual/wrist2.dae
[7.299s] -- Symlinking: /home/ros2/dev_ws/install/ros2srrc_robots/share/ros2srrc_robots/ur3/meshes/visual/wrist3.dae
[7.323s] -- Symlinking: /home/ros2/dev_ws/install/ros2srrc_robots/share/ros2srrc_robots/ur3/urdf/ur3_common.xacro
[7.357s] -- Symlinking: /home/ros2/dev_ws/install/ros2srrc_robots/share/ros2srrc_robots/ur3/urdf/ur3_macro.urdf.xacro
[7.383s] -- Symlinking: /home/ros2/dev_ws/install/ros2srrc_robots/share/ros2srrc_robots/ur3/urdf/ur3_ros2control.xacro
[7.415s] -- Symlinking: /home/ros2/dev_ws/install/ros2srrc_robots/share/ros2srrc_robots/ur3/urdf/ur3_transmission.xacro
[7.452s] -- Symlinking: /home/ros2/dev_ws/install/ros2srrc_robots/share/ros2srrc_robots/ur3e/config/controller.yaml
[7.477s] -- Symlinking: /home/ros2/dev_ws/install/ros2srrc_robots/share/ros2srrc_robots/ur3e/config/controller_moveit2.yaml
[7.514s] -- Symlinking: /home/ros2/dev_ws/install/ros2srrc_robots/share/ros2srrc_robots/ur3e/config/controller_ur.yaml
[7.541s] -- Symlinking: /home/ros2/dev_ws/install/ros2srrc_robots/share/ros2srrc_robots/ur3e/config/joint_limits.yaml
[7.566s] -- Symlinking: /home/ros2/dev_ws/install/ros2srrc_robots/share/ros2srrc_robots/ur3e/config/joint_specifications.yaml
[7.585s] -- Symlinking: /home/ros2/dev_ws/install/ros2srrc_robots/share/ros2srrc_robots/ur3e/config/kinematics.yaml
[7.605s] -- Symlinking: /home/ros2/dev_ws/install/ros2srrc_robots/share/ros2srrc_robots/ur3e/config/pilz_cartesian_limits.yaml
[7.631s] -- Symlinking: /home/ros2/dev_ws/install/ros2srrc_robots/share/ros2srrc_robots/ur3e/meshes/collision/base.stl
[7.661s] -- Symlinking: /home/ros2/dev_ws/install/ros2srrc_robots/share/ros2srrc_robots/ur3e/meshes/collision/forearm.stl
[7.683s] -- Symlinking: /home/ros2/dev_ws/install/ros2srrc_robots/share/ros2srrc_robots/ur3e/meshes/collision/shoulder.stl
[7.708s] -- Symlinking: /home/ros2/dev_ws/install/ros2srrc_robots/share/ros2srrc_robots/ur3e/meshes/collision/upperarm.stl
[7.742s] -- Symlinking: /home/ros2/dev_ws/install/ros2srrc_robots/share/ros2srrc_robots/ur3e/meshes/collision/wrist1.stl
[7.769s] -- Symlinking: /home/ros2/dev_ws/install/ros2srrc_robots/share/ros2srrc_robots/ur3e/meshes/collision/wrist2.stl
[7.795s] -- Symlinking: /home/ros2/dev_ws/install/ros2srrc_robots/share/ros2srrc_robots/ur3e/meshes/collision/wrist3.stl
[7.812s] -- Symlinking: /home/ros2/dev_ws/install/ros2srrc_robots/share/ros2srrc_robots/ur3e/meshes/visual/base.dae
[7.837s] -- Symlinking: /home/ros2/dev_ws/install/ros2srrc_robots/share/ros2srrc_robots/ur3e/meshes/visual/forearm.dae
[7.863s] -- Symlinking: /home/ros2/dev_ws/install/ros2srrc_robots/share/ros2srrc_robots/ur3e/meshes/visual/shoulder.dae
[7.894s] -- Symlinking: /home/ros2/dev_ws/install/ros2srrc_robots/share/ros2srrc_robots/ur3e/meshes/visual/upperarm.dae
[7.929s] -- Symlinking: /home/ros2/dev_ws/install/ros2srrc_robots/share/ros2srrc_robots/ur3e/meshes/visual/wrist1.dae
[7.957s] -- Symlinking: /home/ros2/dev_ws/install/ros2srrc_robots/share/ros2srrc_robots/ur3e/meshes/visual/wrist2.dae
[7.996s] -- Symlinking: /home/ros2/dev_ws/install/ros2srrc_robots/share/ros2srrc_robots/ur3e/meshes/visual/wrist3.dae
[8.025s] -- Symlinking: /home/ros2/dev_ws/install/ros2srrc_robots/share/ros2srrc_robots/ur3e/urdf/ur3e_common.xacro
[8.064s] -- Symlinking: /home/ros2/dev_ws/install/ros2srrc_robots/share/ros2srrc_robots/ur3e/urdf/ur3e_macro.urdf.xacro
[8.093s] -- Symlinking: /home/ros2/dev_ws/install/ros2srrc_robots/share/ros2srrc_robots/ur3e/urdf/ur3e_ros2control.xacro
[8.123s] -- Symlinking: /home/ros2/dev_ws/install/ros2srrc_robots/share/ros2srrc_robots/ur3e/urdf/ur3e_transmission.xacro
[8.151s] -- Symlinking: /home/ros2/dev_ws/install/ros2srrc_robots/share/ros2srrc_robots/ur5/config/controller.yaml
[8.205s] -- Symlinking: /home/ros2/dev_ws/install/ros2srrc_robots/share/ros2srrc_robots/ur5/config/controller_moveit2.yaml
[8.237s] -- Symlinking: /home/ros2/dev_ws/install/ros2srrc_robots/share/ros2srrc_robots/ur5/config/controller_ur.yaml
[8.268s] -- Symlinking: /home/ros2/dev_ws/install/ros2srrc_robots/share/ros2srrc_robots/ur5/config/joint_limits.yaml
[8.308s] -- Symlinking: /home/ros2/dev_ws/install/ros2srrc_robots/share/ros2srrc_robots/ur5/config/joint_specifications.yaml
[8.332s] -- Symlinking: /home/ros2/dev_ws/install/ros2srrc_robots/share/ros2srrc_robots/ur5/config/kinematics.yaml
[8.344s] -- Symlinking: /home/ros2/dev_ws/install/ros2srrc_robots/share/ros2srrc_robots/ur5/config/pilz_cartesian_limits.yaml
[8.366s] -- Symlinking: /home/ros2/dev_ws/install/ros2srrc_robots/share/ros2srrc_robots/ur5/meshes/collision/base.stl
[8.395s] -- Symlinking: /home/ros2/dev_ws/install/ros2srrc_robots/share/ros2srrc_robots/ur5/meshes/collision/forearm.stl
[8.425s] -- Symlinking: /home/ros2/dev_ws/install/ros2srrc_robots/share/ros2srrc_robots/ur5/meshes/collision/shoulder.stl
[8.446s] -- Symlinking: /home/ros2/dev_ws/install/ros2srrc_robots/share/ros2srrc_robots/ur5/meshes/collision/upperarm.stl
[8.478s] -- Symlinking: /home/ros2/dev_ws/install/ros2srrc_robots/share/ros2srrc_robots/ur5/meshes/collision/wrist1.stl
[8.508s] -- Symlinking: /home/ros2/dev_ws/install/ros2srrc_robots/share/ros2srrc_robots/ur5/meshes/collision/wrist2.stl
[8.536s] -- Symlinking: /home/ros2/dev_ws/install/ros2srrc_robots/share/ros2srrc_robots/ur5/meshes/collision/wrist3.stl
[8.579s] -- Symlinking: /home/ros2/dev_ws/install/ros2srrc_robots/share/ros2srrc_robots/ur5/meshes/visual/base.dae
[8.606s] -- Symlinking: /home/ros2/dev_ws/install/ros2srrc_robots/share/ros2srrc_robots/ur5/meshes/visual/forearm.dae
[8.643s] -- Symlinking: /home/ros2/dev_ws/install/ros2srrc_robots/share/ros2srrc_robots/ur5/meshes/visual/shoulder.dae
[8.672s] -- Symlinking: /home/ros2/dev_ws/install/ros2srrc_robots/share/ros2srrc_robots/ur5/meshes/visual/upperarm.dae
[8.695s] -- Symlinking: /home/ros2/dev_ws/install/ros2srrc_robots/share/ros2srrc_robots/ur5/meshes/visual/wrist1.dae
[8.740s] -- Symlinking: /home/ros2/dev_ws/install/ros2srrc_robots/share/ros2srrc_robots/ur5/meshes/visual/wrist2.dae
[8.775s] -- Symlinking: /home/ros2/dev_ws/install/ros2srrc_robots/share/ros2srrc_robots/ur5/meshes/visual/wrist3.dae
[8.812s] -- Symlinking: /home/ros2/dev_ws/install/ros2srrc_robots/share/ros2srrc_robots/ur5/urdf/ur5_common.xacro
[8.847s] -- Symlinking: /home/ros2/dev_ws/install/ros2srrc_robots/share/ros2srrc_robots/ur5/urdf/ur5_macro.urdf.xacro
[8.869s] -- Symlinking: /home/ros2/dev_ws/install/ros2srrc_robots/share/ros2srrc_robots/ur5/urdf/ur5_ros2control.xacro
[8.905s] -- Symlinking: /home/ros2/dev_ws/install/ros2srrc_robots/share/ros2srrc_robots/ur5/urdf/ur5_transmission.xacro
[8.945s] -- Symlinking: /home/ros2/dev_ws/install/ros2srrc_robots/share/ros2srrc_robots/ur10/config/controller.yaml
[8.974s] -- Symlinking: /home/ros2/dev_ws/install/ros2srrc_robots/share/ros2srrc_robots/ur10/config/controller_moveit2.yaml
[9.013s] -- Symlinking: /home/ros2/dev_ws/install/ros2srrc_robots/share/ros2srrc_robots/ur10/config/controller_ur.yaml
[9.055s] -- Symlinking: /home/ros2/dev_ws/install/ros2srrc_robots/share/ros2srrc_robots/ur10/config/joint_limits.yaml
[9.088s] -- Symlinking: /home/ros2/dev_ws/install/ros2srrc_robots/share/ros2srrc_robots/ur10/config/joint_specifications.yaml
[9.120s] -- Symlinking: /home/ros2/dev_ws/install/ros2srrc_robots/share/ros2srrc_robots/ur10/config/kinematics.yaml
[9.139s] -- Symlinking: /home/ros2/dev_ws/install/ros2srrc_robots/share/ros2srrc_robots/ur10/config/pilz_cartesian_limits.yaml
[9.168s] -- Symlinking: /home/ros2/dev_ws/install/ros2srrc_robots/share/ros2srrc_robots/ur10/meshes/collision/base.stl
[9.203s] -- Symlinking: /home/ros2/dev_ws/install/ros2srrc_robots/share/ros2srrc_robots/ur10/meshes/collision/forearm.stl
[9.240s] -- Symlinking: /home/ros2/dev_ws/install/ros2srrc_robots/share/ros2srrc_robots/ur10/meshes/collision/shoulder.stl
[9.279s] -- Symlinking: /home/ros2/dev_ws/install/ros2srrc_robots/share/ros2srrc_robots/ur10/meshes/collision/upperarm.stl
[9.310s] -- Symlinking: /home/ros2/dev_ws/install/ros2srrc_robots/share/ros2srrc_robots/ur10/meshes/collision/wrist1.stl
[9.348s] -- Symlinking: /home/ros2/dev_ws/install/ros2srrc_robots/share/ros2srrc_robots/ur10/meshes/collision/wrist2.stl
[9.381s] -- Symlinking: /home/ros2/dev_ws/install/ros2srrc_robots/share/ros2srrc_robots/ur10/meshes/collision/wrist3.stl
[9.420s] -- Symlinking: /home/ros2/dev_ws/install/ros2srrc_robots/share/ros2srrc_robots/ur10/meshes/visual/base.dae
[9.460s] -- Symlinking: /home/ros2/dev_ws/install/ros2srrc_robots/share/ros2srrc_robots/ur10/meshes/visual/forearm.dae
[9.524s] -- Symlinking: /home/ros2/dev_ws/install/ros2srrc_robots/share/ros2srrc_robots/ur10/meshes/visual/shoulder.dae
[9.531s] -- Symlinking: /home/ros2/dev_ws/install/ros2srrc_robots/share/ros2srrc_robots/ur10/meshes/visual/upperarm.dae
[9.558s] -- Symlinking: /home/ros2/dev_ws/install/ros2srrc_robots/share/ros2srrc_robots/ur10/meshes/visual/wrist1.dae
[9.583s] -- Symlinking: /home/ros2/dev_ws/install/ros2srrc_robots/share/ros2srrc_robots/ur10/meshes/visual/wrist2.dae
[9.607s] -- Symlinking: /home/ros2/dev_ws/install/ros2srrc_robots/share/ros2srrc_robots/ur10/meshes/visual/wrist3.dae
[9.637s] -- Symlinking: /home/ros2/dev_ws/install/ros2srrc_robots/share/ros2srrc_robots/ur10/urdf/ur10_common.xacro
[9.666s] -- Symlinking: /home/ros2/dev_ws/install/ros2srrc_robots/share/ros2srrc_robots/ur10/urdf/ur10_macro.urdf.xacro
[9.698s] -- Symlinking: /home/ros2/dev_ws/install/ros2srrc_robots/share/ros2srrc_robots/ur10/urdf/ur10_ros2control.xacro
[9.738s] -- Symlinking: /home/ros2/dev_ws/install/ros2srrc_robots/share/ros2srrc_robots/ur10/urdf/ur10_transmission.xacro
[9.760s] -- Symlinking: /home/ros2/dev_ws/install/ros2srrc_robots/share/ros2srrc_robots/ur10e/config/controller.yaml
[9.801s] -- Symlinking: /home/ros2/dev_ws/install/ros2srrc_robots/share/ros2srrc_robots/ur10e/config/controller_moveit2.yaml
[9.840s] -- Symlinking: /home/ros2/dev_ws/install/ros2srrc_robots/share/ros2srrc_robots/ur10e/config/controller_ur.yaml
[9.871s] -- Symlinking: /home/ros2/dev_ws/install/ros2srrc_robots/share/ros2srrc_robots/ur10e/config/joint_limits.yaml
[9.902s] -- Symlinking: /home/ros2/dev_ws/install/ros2srrc_robots/share/ros2srrc_robots/ur10e/config/joint_specifications.yaml
[9.952s] -- Symlinking: /home/ros2/dev_ws/install/ros2srrc_robots/share/ros2srrc_robots/ur10e/config/kinematics.yaml
[10.013s] -- Symlinking: /home/ros2/dev_ws/install/ros2srrc_robots/share/ros2srrc_robots/ur10e/config/pilz_cartesian_limits.yaml
[10.056s] -- Symlinking: /home/ros2/dev_ws/install/ros2srrc_robots/share/ros2srrc_robots/ur10e/meshes/collision/base.stl
[10.095s] -- Symlinking: /home/ros2/dev_ws/install/ros2srrc_robots/share/ros2srrc_robots/ur10e/meshes/collision/forearm.stl
[10.135s] -- Symlinking: /home/ros2/dev_ws/install/ros2srrc_robots/share/ros2srrc_robots/ur10e/meshes/collision/shoulder.stl
[10.176s] -- Symlinking: /home/ros2/dev_ws/install/ros2srrc_robots/share/ros2srrc_robots/ur10e/meshes/collision/upperarm.stl
[10.203s] -- Symlinking: /home/ros2/dev_ws/install/ros2srrc_robots/share/ros2srrc_robots/ur10e/meshes/collision/wrist1.stl
[10.242s] -- Symlinking: /home/ros2/dev_ws/install/ros2srrc_robots/share/ros2srrc_robots/ur10e/meshes/collision/wrist2.stl
[10.299s] -- Symlinking: /home/ros2/dev_ws/install/ros2srrc_robots/share/ros2srrc_robots/ur10e/meshes/collision/wrist3.stl
[10.320s] -- Symlinking: /home/ros2/dev_ws/install/ros2srrc_robots/share/ros2srrc_robots/ur10e/meshes/visual/base.dae
[10.351s] -- Symlinking: /home/ros2/dev_ws/install/ros2srrc_robots/share/ros2srrc_robots/ur10e/meshes/visual/forearm.dae
[10.396s] -- Symlinking: /home/ros2/dev_ws/install/ros2srrc_robots/share/ros2srrc_robots/ur10e/meshes/visual/shoulder.dae
[10.430s] -- Symlinking: /home/ros2/dev_ws/install/ros2srrc_robots/share/ros2srrc_robots/ur10e/meshes/visual/upperarm.dae
[10.475s] -- Symlinking: /home/ros2/dev_ws/install/ros2srrc_robots/share/ros2srrc_robots/ur10e/meshes/visual/wrist1.dae
[10.532s] -- Symlinking: /home/ros2/dev_ws/install/ros2srrc_robots/share/ros2srrc_robots/ur10e/meshes/visual/wrist2.dae
[10.562s] -- Symlinking: /home/ros2/dev_ws/install/ros2srrc_robots/share/ros2srrc_robots/ur10e/meshes/visual/wrist3.dae
[10.603s] -- Symlinking: /home/ros2/dev_ws/install/ros2srrc_robots/share/ros2srrc_robots/ur10e/urdf/ur10e_common.xacro
[10.627s] -- Symlinking: /home/ros2/dev_ws/install/ros2srrc_robots/share/ros2srrc_robots/ur10e/urdf/ur10e_macro.urdf.xacro
[10.658s] -- Symlinking: /home/ros2/dev_ws/install/ros2srrc_robots/share/ros2srrc_robots/ur10e/urdf/ur10e_ros2control.xacro
[10.698s] -- Symlinking: /home/ros2/dev_ws/install/ros2srrc_robots/share/ros2srrc_robots/ur10e/urdf/ur10e_transmission.xacro
[10.736s] -- Symlinking: /home/ros2/dev_ws/install/ros2srrc_robots/share/ros2srrc_robots/ur16e/config/controller.yaml
[10.764s] -- Symlinking: /home/ros2/dev_ws/install/ros2srrc_robots/share/ros2srrc_robots/ur16e/config/controller_moveit2.yaml
[10.799s] -- Symlinking: /home/ros2/dev_ws/install/ros2srrc_robots/share/ros2srrc_robots/ur16e/config/controller_ur.yaml
[10.829s] -- Symlinking: /home/ros2/dev_ws/install/ros2srrc_robots/share/ros2srrc_robots/ur16e/config/joint_limits.yaml
[10.855s] -- Symlinking: /home/ros2/dev_ws/install/ros2srrc_robots/share/ros2srrc_robots/ur16e/config/joint_specifications.yaml
[10.887s] -- Symlinking: /home/ros2/dev_ws/install/ros2srrc_robots/share/ros2srrc_robots/ur16e/config/kinematics.yaml
[10.925s] -- Symlinking: /home/ros2/dev_ws/install/ros2srrc_robots/share/ros2srrc_robots/ur16e/config/pilz_cartesian_limits.yaml
[10.955s] -- Symlinking: /home/ros2/dev_ws/install/ros2srrc_robots/share/ros2srrc_robots/ur16e/meshes/collision/base.stl
[10.984s] -- Symlinking: /home/ros2/dev_ws/install/ros2srrc_robots/share/ros2srrc_robots/ur16e/meshes/collision/forearm.stl
[11.017s] -- Symlinking: /home/ros2/dev_ws/install/ros2srrc_robots/share/ros2srrc_robots/ur16e/meshes/collision/shoulder.stl
[11.043s] -- Symlinking: /home/ros2/dev_ws/install/ros2srrc_robots/share/ros2srrc_robots/ur16e/meshes/collision/upperarm.stl
[11.077s] -- Symlinking: /home/ros2/dev_ws/install/ros2srrc_robots/share/ros2srrc_robots/ur16e/meshes/collision/wrist1.stl
[11.107s] -- Symlinking: /home/ros2/dev_ws/install/ros2srrc_robots/share/ros2srrc_robots/ur16e/meshes/collision/wrist2.stl
[11.144s] -- Symlinking: /home/ros2/dev_ws/install/ros2srrc_robots/share/ros2srrc_robots/ur16e/meshes/collision/wrist3.stl
[11.187s] -- Symlinking: /home/ros2/dev_ws/install/ros2srrc_robots/share/ros2srrc_robots/ur16e/meshes/visual/base.dae
[11.223s] -- Symlinking: /home/ros2/dev_ws/install/ros2srrc_robots/share/ros2srrc_robots/ur16e/meshes/visual/forearm.dae
[11.247s] -- Symlinking: /home/ros2/dev_ws/install/ros2srrc_robots/share/ros2srrc_robots/ur16e/meshes/visual/shoulder.dae
[11.274s] -- Symlinking: /home/ros2/dev_ws/install/ros2srrc_robots/share/ros2srrc_robots/ur16e/meshes/visual/upperarm.dae
[11.320s] -- Symlinking: /home/ros2/dev_ws/install/ros2srrc_robots/share/ros2srrc_robots/ur16e/meshes/visual/wrist1.dae
[11.350s] -- Symlinking: /home/ros2/dev_ws/install/ros2srrc_robots/share/ros2srrc_robots/ur16e/meshes/visual/wrist2.dae
[11.377s] -- Symlinking: /home/ros2/dev_ws/install/ros2srrc_robots/share/ros2srrc_robots/ur16e/meshes/visual/wrist3.dae
[11.405s] -- Symlinking: /home/ros2/dev_ws/install/ros2srrc_robots/share/ros2srrc_robots/ur16e/urdf/ur16e_common.xacro
[11.432s] -- Symlinking: /home/ros2/dev_ws/install/ros2srrc_robots/share/ros2srrc_robots/ur16e/urdf/ur16e_macro.urdf.xacro
[11.472s] -- Symlinking: /home/ros2/dev_ws/install/ros2srrc_robots/share/ros2srrc_robots/ur16e/urdf/ur16e_ros2control.xacro
[11.502s] -- Symlinking: /home/ros2/dev_ws/install/ros2srrc_robots/share/ros2srrc_robots/ur16e/urdf/ur16e_transmission.xacro
[11.547s] -- Symlinking: /home/ros2/dev_ws/install/ros2srrc_robots/share/ros2srrc_robots/ur20/config/controller.yaml
[11.574s] -- Symlinking: /home/ros2/dev_ws/install/ros2srrc_robots/share/ros2srrc_robots/ur20/config/controller_moveit2.yaml
[11.595s] -- Symlinking: /home/ros2/dev_ws/install/ros2srrc_robots/share/ros2srrc_robots/ur20/config/controller_ur.yaml
[11.632s] -- Symlinking: /home/ros2/dev_ws/install/ros2srrc_robots/share/ros2srrc_robots/ur20/config/joint_limits.yaml
[11.660s] -- Symlinking: /home/ros2/dev_ws/install/ros2srrc_robots/share/ros2srrc_robots/ur20/config/joint_specifications.yaml
[11.688s] -- Symlinking: /home/ros2/dev_ws/install/ros2srrc_robots/share/ros2srrc_robots/ur20/config/kinematics.yaml
[11.712s] -- Symlinking: /home/ros2/dev_ws/install/ros2srrc_robots/share/ros2srrc_robots/ur20/config/pilz_cartesian_limits.yaml
[11.722s] -- Symlinking: /home/ros2/dev_ws/install/ros2srrc_robots/share/ros2srrc_robots/ur20/meshes/collision/base.stl
[11.732s] -- Symlinking: /home/ros2/dev_ws/install/ros2srrc_robots/share/ros2srrc_robots/ur20/meshes/collision/forearm.stl
[11.759s] -- Symlinking: /home/ros2/dev_ws/install/ros2srrc_robots/share/ros2srrc_robots/ur20/meshes/collision/shoulder.stl
[11.789s] -- Symlinking: /home/ros2/dev_ws/install/ros2srrc_robots/share/ros2srrc_robots/ur20/meshes/collision/upperarm.stl
[11.813s] -- Symlinking: /home/ros2/dev_ws/install/ros2srrc_robots/share/ros2srrc_robots/ur20/meshes/collision/wrist1.stl
[11.843s] -- Symlinking: /home/ros2/dev_ws/install/ros2srrc_robots/share/ros2srrc_robots/ur20/meshes/collision/wrist2.stl
[11.869s] -- Symlinking: /home/ros2/dev_ws/install/ros2srrc_robots/share/ros2srrc_robots/ur20/meshes/collision/wrist3.stl
[11.898s] -- Symlinking: /home/ros2/dev_ws/install/ros2srrc_robots/share/ros2srrc_robots/ur20/meshes/visual/UR20_DIFF_8bit_2K.png
[11.930s] -- Symlinking: /home/ros2/dev_ws/install/ros2srrc_robots/share/ros2srrc_robots/ur20/meshes/visual/base.dae
[11.951s] -- Symlinking: /home/ros2/dev_ws/install/ros2srrc_robots/share/ros2srrc_robots/ur20/meshes/visual/forearm.dae
[11.968s] -- Symlinking: /home/ros2/dev_ws/install/ros2srrc_robots/share/ros2srrc_robots/ur20/meshes/visual/shoulder.dae
[11.995s] -- Symlinking: /home/ros2/dev_ws/install/ros2srrc_robots/share/ros2srrc_robots/ur20/meshes/visual/upperarm.dae
[12.011s] -- Symlinking: /home/ros2/dev_ws/install/ros2srrc_robots/share/ros2srrc_robots/ur20/meshes/visual/wrist1.dae
[12.037s] -- Symlinking: /home/ros2/dev_ws/install/ros2srrc_robots/share/ros2srrc_robots/ur20/meshes/visual/wrist2.dae
[12.047s] -- Symlinking: /home/ros2/dev_ws/install/ros2srrc_robots/share/ros2srrc_robots/ur20/meshes/visual/wrist3.dae
[12.071s] -- Symlinking: /home/ros2/dev_ws/install/ros2srrc_robots/share/ros2srrc_robots/ur20/urdf/ur20_common.xacro
[12.078s] -- Symlinking: /home/ros2/dev_ws/install/ros2srrc_robots/share/ros2srrc_robots/ur20/urdf/ur20_macro.urdf.xacro
[12.104s] -- Symlinking: /home/ros2/dev_ws/install/ros2srrc_robots/share/ros2srrc_robots/ur20/urdf/ur20_ros2control.xacro
[12.131s] -- Symlinking: /home/ros2/dev_ws/install/ros2srrc_robots/share/ros2srrc_robots/ur20/urdf/ur20_transmission.xacro
[12.157s] -- Symlinking: /home/ros2/dev_ws/install/ros2srrc_robots/share/ros2srrc_robots/ur5e/config/controller.yaml
[12.171s] -- Symlinking: /home/ros2/dev_ws/install/ros2srrc_robots/share/ros2srrc_robots/ur5e/config/controller_moveit2.yaml
[12.185s] -- Symlinking: /home/ros2/dev_ws/install/ros2srrc_robots/share/ros2srrc_robots/ur5e/config/controller_ur.yaml
[12.195s] -- Symlinking: /home/ros2/dev_ws/install/ros2srrc_robots/share/ros2srrc_robots/ur5e/config/joint_limits.yaml
[12.206s] -- Symlinking: /home/ros2/dev_ws/install/ros2srrc_robots/share/ros2srrc_robots/ur5e/config/joint_specifications.yaml
[12.217s] -- Symlinking: /home/ros2/dev_ws/install/ros2srrc_robots/share/ros2srrc_robots/ur5e/config/kinematics.yaml
[12.230s] -- Symlinking: /home/ros2/dev_ws/install/ros2srrc_robots/share/ros2srrc_robots/ur5e/config/pilz_cartesian_limits.yaml
[12.243s] -- Symlinking: /home/ros2/dev_ws/install/ros2srrc_robots/share/ros2srrc_robots/ur5e/meshes/collision/base.stl
[12.260s] -- Symlinking: /home/ros2/dev_ws/install/ros2srrc_robots/share/ros2srrc_robots/ur5e/meshes/collision/forearm.stl
[12.273s] -- Symlinking: /home/ros2/dev_ws/install/ros2srrc_robots/share/ros2srrc_robots/ur5e/meshes/collision/shoulder.stl
[12.286s] -- Symlinking: /home/ros2/dev_ws/install/ros2srrc_robots/share/ros2srrc_robots/ur5e/meshes/collision/upperarm.stl
[12.299s] -- Symlinking: /home/ros2/dev_ws/install/ros2srrc_robots/share/ros2srrc_robots/ur5e/meshes/collision/wrist1.stl
[12.312s] -- Symlinking: /home/ros2/dev_ws/install/ros2srrc_robots/share/ros2srrc_robots/ur5e/meshes/collision/wrist2.stl
[12.322s] -- Symlinking: /home/ros2/dev_ws/install/ros2srrc_robots/share/ros2srrc_robots/ur5e/meshes/collision/wrist3.stl
[12.333s] -- Symlinking: /home/ros2/dev_ws/install/ros2srrc_robots/share/ros2srrc_robots/ur5e/meshes/visual/base.dae
[12.343s] -- Symlinking: /home/ros2/dev_ws/install/ros2srrc_robots/share/ros2srrc_robots/ur5e/meshes/visual/forearm.dae
[12.359s] -- Symlinking: /home/ros2/dev_ws/install/ros2srrc_robots/share/ros2srrc_robots/ur5e/meshes/visual/shoulder.dae
[12.369s] -- Symlinking: /home/ros2/dev_ws/install/ros2srrc_robots/share/ros2srrc_robots/ur5e/meshes/visual/upperarm.dae
[12.383s] -- Symlinking: /home/ros2/dev_ws/install/ros2srrc_robots/share/ros2srrc_robots/ur5e/meshes/visual/wrist1.dae
[12.395s] -- Symlinking: /home/ros2/dev_ws/install/ros2srrc_robots/share/ros2srrc_robots/ur5e/meshes/visual/wrist2.dae
[12.409s] -- Symlinking: /home/ros2/dev_ws/install/ros2srrc_robots/share/ros2srrc_robots/ur5e/meshes/visual/wrist3.dae
[12.423s] -- Symlinking: /home/ros2/dev_ws/install/ros2srrc_robots/share/ros2srrc_robots/ur5e/urdf/ur5e_common.xacro
[12.438s] -- Symlinking: /home/ros2/dev_ws/install/ros2srrc_robots/share/ros2srrc_robots/ur5e/urdf/ur5e_macro.urdf.xacro
[12.447s] -- Symlinking: /home/ros2/dev_ws/install/ros2srrc_robots/share/ros2srrc_robots/ur5e/urdf/ur5e_ros2control.xacro
[12.468s] -- Symlinking: /home/ros2/dev_ws/install/ros2srrc_robots/share/ros2srrc_robots/ur5e/urdf/ur5e_transmission.xacro
[12.489s] -- Symlinking: /home/ros2/dev_ws/install/ros2srrc_robots/share/ros2srrc_robots/iiwa/config/controller.yaml
[12.505s] -- Symlinking: /home/ros2/dev_ws/install/ros2srrc_robots/share/ros2srrc_robots/iiwa/config/controller_moveit2.yaml
[12.524s] -- Symlinking: /home/ros2/dev_ws/install/ros2srrc_robots/share/ros2srrc_robots/iiwa/config/joint_limits.yaml
[12.545s] -- Symlinking: /home/ros2/dev_ws/install/ros2srrc_robots/share/ros2srrc_robots/iiwa/config/joint_specifications.yaml
[12.562s] -- Symlinking: /home/ros2/dev_ws/install/ros2srrc_robots/share/ros2srrc_robots/iiwa/config/kinematics.yaml
[12.577s] -- Symlinking: /home/ros2/dev_ws/install/ros2srrc_robots/share/ros2srrc_robots/iiwa/config/pilz_cartesian_limits.yaml
[12.589s] -- Symlinking: /home/ros2/dev_ws/install/ros2srrc_robots/share/ros2srrc_robots/iiwa/meshes/collision/base_link.stl
[12.605s] -- Symlinking: /home/ros2/dev_ws/install/ros2srrc_robots/share/ros2srrc_robots/iiwa/meshes/collision/link_1.stl
[12.622s] -- Symlinking: /home/ros2/dev_ws/install/ros2srrc_robots/share/ros2srrc_robots/iiwa/meshes/collision/link_2.stl
[12.637s] -- Symlinking: /home/ros2/dev_ws/install/ros2srrc_robots/share/ros2srrc_robots/iiwa/meshes/collision/link_3.stl
[12.657s] -- Symlinking: /home/ros2/dev_ws/install/ros2srrc_robots/share/ros2srrc_robots/iiwa/meshes/collision/link_4.stl
[12.670s] -- Symlinking: /home/ros2/dev_ws/install/ros2srrc_robots/share/ros2srrc_robots/iiwa/meshes/collision/link_5.stl
[12.690s] -- Symlinking: /home/ros2/dev_ws/install/ros2srrc_robots/share/ros2srrc_robots/iiwa/meshes/collision/link_6.stl
[12.702s] -- Symlinking: /home/ros2/dev_ws/install/ros2srrc_robots/share/ros2srrc_robots/iiwa/meshes/collision/link_7.stl
[12.712s] -- Symlinking: /home/ros2/dev_ws/install/ros2srrc_robots/share/ros2srrc_robots/iiwa/meshes/visual/base_link.dae
[12.726s] -- Symlinking: /home/ros2/dev_ws/install/ros2srrc_robots/share/ros2srrc_robots/iiwa/meshes/visual/link_1.dae
[12.744s] -- Symlinking: /home/ros2/dev_ws/install/ros2srrc_robots/share/ros2srrc_robots/iiwa/meshes/visual/link_2.dae
[12.754s] -- Symlinking: /home/ros2/dev_ws/install/ros2srrc_robots/share/ros2srrc_robots/iiwa/meshes/visual/link_3.dae
[12.771s] -- Symlinking: /home/ros2/dev_ws/install/ros2srrc_robots/share/ros2srrc_robots/iiwa/meshes/visual/link_4.dae
[12.787s] -- Symlinking: /home/ros2/dev_ws/install/ros2srrc_robots/share/ros2srrc_robots/iiwa/meshes/visual/link_5.dae
[12.799s] -- Symlinking: /home/ros2/dev_ws/install/ros2srrc_robots/share/ros2srrc_robots/iiwa/meshes/visual/link_6.dae
[12.813s] -- Symlinking: /home/ros2/dev_ws/install/ros2srrc_robots/share/ros2srrc_robots/iiwa/meshes/visual/link_7.dae
[12.827s] -- Symlinking: /home/ros2/dev_ws/install/ros2srrc_robots/share/ros2srrc_robots/iiwa/urdf/iiwa_macro.urdf.xacro
[12.845s] -- Symlinking: /home/ros2/dev_ws/install/ros2srrc_robots/share/ros2srrc_robots/iiwa/urdf/iiwa_ros2control.xacro
[12.861s] -- Symlinking: /home/ros2/dev_ws/install/ros2srrc_robots/share/ros2srrc_robots/iiwa/urdf/iiwa_transmission.xacro
[12.885s] -- Symlinking: /home/ros2/dev_ws/install/ros2srrc_robots/share/ros2srrc_robots/rx160/config/controller.yaml
[12.901s] -- Symlinking: /home/ros2/dev_ws/install/ros2srrc_robots/share/ros2srrc_robots/rx160/config/controller_moveit2.yaml
[12.914s] -- Symlinking: /home/ros2/dev_ws/install/ros2srrc_robots/share/ros2srrc_robots/rx160/config/joint_limits.yaml
[12.926s] -- Symlinking: /home/ros2/dev_ws/install/ros2srrc_robots/share/ros2srrc_robots/rx160/config/joint_specifications.yaml
[12.948s] -- Symlinking: /home/ros2/dev_ws/install/ros2srrc_robots/share/ros2srrc_robots/rx160/config/kinematics.yaml
[12.963s] -- Symlinking: /home/ros2/dev_ws/install/ros2srrc_robots/share/ros2srrc_robots/rx160/config/pilz_cartesian_limits.yaml
[12.988s] -- Symlinking: /home/ros2/dev_ws/install/ros2srrc_robots/share/ros2srrc_robots/rx160/meshes/collision/base_link.stl
[13.000s] -- Symlinking: /home/ros2/dev_ws/install/ros2srrc_robots/share/ros2srrc_robots/rx160/meshes/collision/link_1.stl
[13.016s] -- Symlinking: /home/ros2/dev_ws/install/ros2srrc_robots/share/ros2srrc_robots/rx160/meshes/collision/link_2.stl
[13.030s] -- Symlinking: /home/ros2/dev_ws/install/ros2srrc_robots/share/ros2srrc_robots/rx160/meshes/collision/link_3.stl
[13.045s] -- Symlinking: /home/ros2/dev_ws/install/ros2srrc_robots/share/ros2srrc_robots/rx160/meshes/collision/link_4.stl
[13.064s] -- Symlinking: /home/ros2/dev_ws/install/ros2srrc_robots/share/ros2srrc_robots/rx160/meshes/collision/link_5.stl
[13.106s] -- Symlinking: /home/ros2/dev_ws/install/ros2srrc_robots/share/ros2srrc_robots/rx160/meshes/collision/link_6.stl
[13.111s] -- Symlinking: /home/ros2/dev_ws/install/ros2srrc_robots/share/ros2srrc_robots/rx160/meshes/visual/base_link.stl
[13.113s] -- Symlinking: /home/ros2/dev_ws/install/ros2srrc_robots/share/ros2srrc_robots/rx160/meshes/visual/link_1.stl
[13.134s] -- Symlinking: /home/ros2/dev_ws/install/ros2srrc_robots/share/ros2srrc_robots/rx160/meshes/visual/link_2.stl
[13.151s] -- Symlinking: /home/ros2/dev_ws/install/ros2srrc_robots/share/ros2srrc_robots/rx160/meshes/visual/link_3.stl
[13.173s] -- Symlinking: /home/ros2/dev_ws/install/ros2srrc_robots/share/ros2srrc_robots/rx160/meshes/visual/link_4.stl
[13.198s] -- Symlinking: /home/ros2/dev_ws/install/ros2srrc_robots/share/ros2srrc_robots/rx160/meshes/visual/link_5.stl
[13.211s] -- Symlinking: /home/ros2/dev_ws/install/ros2srrc_robots/share/ros2srrc_robots/rx160/meshes/visual/link_6.stl
[13.236s] -- Symlinking: /home/ros2/dev_ws/install/ros2srrc_robots/share/ros2srrc_robots/rx160/urdf/rx160_macro.urdf.xacro
[13.248s] -- Symlinking: /home/ros2/dev_ws/install/ros2srrc_robots/share/ros2srrc_robots/rx160/urdf/rx160_ros2control.xacro
[13.275s] -- Symlinking: /home/ros2/dev_ws/install/ros2srrc_robots/share/ros2srrc_robots/rx160/urdf/rx160_transmission.xacro
[13.298s] -- Symlinking: /home/ros2/dev_ws/install/ros2srrc_robots/share/ament_index/resource_index/package_run_dependencies/ros2srrc_robots
[13.325s] -- Symlinking: /home/ros2/dev_ws/install/ros2srrc_robots/share/ament_index/resource_index/parent_prefix_path/ros2srrc_robots
[13.355s] -- Symlinking: /home/ros2/dev_ws/install/ros2srrc_robots/share/ros2srrc_robots/environment/ament_prefix_path.sh
[13.380s] -- Symlinking: /home/ros2/dev_ws/install/ros2srrc_robots/share/ros2srrc_robots/environment/ament_prefix_path.dsv
[13.401s] -- Symlinking: /home/ros2/dev_ws/install/ros2srrc_robots/share/ros2srrc_robots/environment/path.sh
[13.425s] -- Symlinking: /home/ros2/dev_ws/install/ros2srrc_robots/share/ros2srrc_robots/environment/path.dsv
[13.451s] -- Symlinking: /home/ros2/dev_ws/install/ros2srrc_robots/share/ros2srrc_robots/local_setup.bash
[13.469s] -- Symlinking: /home/ros2/dev_ws/install/ros2srrc_robots/share/ros2srrc_robots/local_setup.sh
[13.489s] -- Symlinking: /home/ros2/dev_ws/install/ros2srrc_robots/share/ros2srrc_robots/local_setup.zsh
[13.505s] -- Symlinking: /home/ros2/dev_ws/install/ros2srrc_robots/share/ros2srrc_robots/local_setup.dsv
[13.534s] -- Symlinking: /home/ros2/dev_ws/install/ros2srrc_robots/share/ros2srrc_robots/package.dsv
[13.547s] -- Symlinking: /home/ros2/dev_ws/install/ros2srrc_robots/share/ament_index/resource_index/packages/ros2srrc_robots
[13.559s] -- Symlinking: /home/ros2/dev_ws/install/ros2srrc_robots/share/ros2srrc_robots/cmake/ros2srrc_robotsConfig.cmake
[13.572s] -- Symlinking: /home/ros2/dev_ws/install/ros2srrc_robots/share/ros2srrc_robots/cmake/ros2srrc_robotsConfig-version.cmake
[13.601s] -- Symlinking: /home/ros2/dev_ws/install/ros2srrc_robots/share/ros2srrc_robots/package.xml
[13.632s] Invoked command in '/home/ros2/dev_ws/build/ros2srrc_robots' returned '0': CMAKE_PREFIX_PATH=${CMAKE_PREFIX_PATH}:/opt/ros/humble /usr/bin/cmake --install /home/ros2/dev_ws/build/ros2srrc_robots
