[0.046s] Invoking command in '/home/ros2/dev_ws/build/ros2_objectpose': AMENT_PREFIX_PATH=/home/ros2/dev_ws/install/objectpose_msgs:${AMENT_PREFIX_PATH} CMAKE_PREFIX_PATH=/home/ros2/dev_ws/install/objectpose_msgs:/opt/ros/humble LD_LIBRARY_PATH=/home/ros2/dev_ws/install/objectpose_msgs/lib:${LD_LIBRARY_PATH} PYTHONPATH=/home/ros2/dev_ws/install/objectpose_msgs/local/lib/python3.10/dist-packages:${PYTHONPATH} /usr/bin/cmake /home/ros2/dev_ws/src/IFRA_ObjectPose/ros2_objectpose -DAMENT_CMAKE_SYMLINK_INSTALL=1 -DCMAKE_INSTALL_PREFIX=/home/ros2/dev_ws/install/ros2_objectpose
[1.079s] -- The C compiler identification is GNU 11.4.0
[1.079s] -- The CXX compiler identification is GNU 11.4.0
[1.079s] -- Detecting C compiler ABI info
[1.079s] -- Detecting C compiler ABI info - done
[1.079s] -- Check for working C compiler: /usr/bin/cc - skipped
[1.079s] -- Detecting C compile features
[1.079s] -- Detecting C compile features - done
[1.079s] -- Detecting CXX compiler ABI info
[1.140s] -- Detecting CXX compiler ABI info - done
[1.180s] -- Check for working CXX compiler: /usr/bin/c++ - skipped
[1.180s] -- Detecting CXX compile features
[1.180s] -- Detecting CXX compile features - done
[1.188s] -- Found ament_cmake: 1.3.11 (/opt/ros/humble/share/ament_cmake/cmake)
[1.842s] -- Found Python3: /usr/bin/python3 (found version "3.10.12") found components: Interpreter 
[2.138s] -- Override CMake install command with custom implementation using symlinks instead of copying resources
[2.258s] -- Found ament_lint_auto: 0.12.12 (/opt/ros/humble/share/ament_lint_auto/cmake)
[2.569s] -- Found gazebo_ros: 3.9.0 (/opt/ros/humble/share/gazebo_ros/cmake)
[2.709s] -- Found rosidl_generator_c: 3.1.6 (/opt/ros/humble/share/rosidl_generator_c/cmake)
[2.717s] -- Found rosidl_adapter: 3.1.6 (/opt/ros/humble/share/rosidl_adapter/cmake)
[2.751s] -- Found rosidl_generator_cpp: 3.1.6 (/opt/ros/humble/share/rosidl_generator_cpp/cmake)
[2.796s] -- Using all available rosidl_typesupport_c: rosidl_typesupport_fastrtps_c;rosidl_typesupport_introspection_c
[2.880s] -- Using all available rosidl_typesupport_cpp: rosidl_typesupport_fastrtps_cpp;rosidl_typesupport_introspection_cpp
[3.075s] -- Found rmw_implementation_cmake: 6.1.2 (/opt/ros/humble/share/rmw_implementation_cmake/cmake)
[3.087s] -- Found rmw_cyclonedds_cpp: 1.3.4 (/opt/ros/humble/share/rmw_cyclonedds_cpp/cmake)
[3.214s] -- Using RMW implementation 'rmw_cyclonedds_cpp' as default
[3.276s] -- Looking for pthread.h
[3.623s] -- Looking for pthread.h - found
[3.623s] -- Performing Test CMAKE_HAVE_LIBC_PTHREAD
[3.973s] -- Performing Test CMAKE_HAVE_LIBC_PTHREAD - Success
[3.983s] -- Found Threads: TRUE  
[4.189s] -- Found PkgConfig: /usr/bin/pkg-config (found version "0.29.2") 
[4.197s] -- Checking for module 'bullet>=2.82'
[4.257s] --   Found bullet, version 3.05
[4.718s] -- Found fcl: /usr/include (found suitable version "0.7.0", minimum required is "0.5.0") 
[4.929s] -- Found assimp: /usr/include (found version "5.2.0") 
[4.964s] -- Found DART: /usr/include (Required is at least version "6.6") found components: dart 
[5.046s] -- Found Boost: /usr/lib/x86_64-linux-gnu/cmake/Boost-1.74.0/BoostConfig.cmake (found suitable version "1.74.0", minimum required is "1.40.0") found components: thread system filesystem program_options regex iostreams date_time 
[5.088s] -- Found Protobuf: /usr/lib/x86_64-linux-gnu/libprotobuf.so (found version "3.12.4") 
[5.098s] -- Looking for ignition-math6 -- found version 6.15.1
[5.107s] -- Searching for dependencies of ignition-math6
[5.111s] -- Looking for OGRE...
[5.115s] -- OGRE_PREFIX_WATCH changed.
[5.127s] -- Checking for module 'OGRE'
[5.179s] --   Found OGRE, version 1.9.0
[5.300s] -- Found Ogre Ghadamon (1.9.0)
[5.349s] -- Found OGRE: optimized;/usr/lib/x86_64-linux-gnu/libOgreMain.so;debug;/usr/lib/x86_64-linux-gnu/libOgreMain.so
[5.390s] -- Looking for OGRE_Paging...
[5.410s] -- Found OGRE_Paging: optimized;/usr/lib/x86_64-linux-gnu/libOgrePaging.so;debug;/usr/lib/x86_64-linux-gnu/libOgrePaging.so
[5.411s] -- Looking for OGRE_Terrain...
[5.447s] -- Found OGRE_Terrain: optimized;/usr/lib/x86_64-linux-gnu/libOgreTerrain.so;debug;/usr/lib/x86_64-linux-gnu/libOgreTerrain.so
[5.448s] -- Looking for OGRE_Property...
[5.485s] -- Found OGRE_Property: optimized;/usr/lib/x86_64-linux-gnu/libOgreProperty.so;debug;/usr/lib/x86_64-linux-gnu/libOgreProperty.so
[5.485s] -- Looking for OGRE_RTShaderSystem...
[5.508s] -- Found OGRE_RTShaderSystem: optimized;/usr/lib/x86_64-linux-gnu/libOgreRTShaderSystem.so;debug;/usr/lib/x86_64-linux-gnu/libOgreRTShaderSystem.so
[5.508s] -- Looking for OGRE_Volume...
[5.542s] -- Found OGRE_Volume: optimized;/usr/lib/x86_64-linux-gnu/libOgreVolume.so;debug;/usr/lib/x86_64-linux-gnu/libOgreVolume.so
[5.545s] -- Looking for OGRE_Overlay...
[5.586s] -- Found OGRE_Overlay: optimized;/usr/lib/x86_64-linux-gnu/libOgreOverlay.so;debug;/usr/lib/x86_64-linux-gnu/libOgreOverlay.so
[6.327s] -- Looking for ignition-math6 -- found version 6.15.1
[6.328s] -- Looking for ignition-transport8 -- found version 8.2.1
[6.336s] -- Searching for dependencies of ignition-transport8
[6.456s] -- Found Protobuf: /usr/lib/x86_64-linux-gnu/libprotobuf.so (found suitable version "3.12.4", minimum required is "3") 
[6.457s] -- Config-file not installed for ZeroMQ -- checking for pkg-config
[6.458s] -- Checking for module 'libzmq >= 4'
[6.505s] --   Found libzmq , version 4.3.4
[6.623s] -- Found ZeroMQ: TRUE (Required is at least version "4") 
[6.641s] -- Checking for module 'uuid'
[6.693s] --   Found uuid, version 2.37.2
[6.796s] -- Found UUID: TRUE  
[6.798s] -- Looking for ignition-msgs5 -- found version 5.8.1
[6.803s] -- Searching for dependencies of ignition-msgs5
[6.839s] -- Looking for ignition-math6 -- found version 6.15.1
[6.851s] -- Checking for module 'tinyxml2'
[6.889s] --   Found tinyxml2, version 9.0.0
[6.998s] -- Looking for ignition-msgs5 -- found version 5.8.1
[7.004s] -- Looking for ignition-common3 -- found version 3.14.0
[7.011s] -- Searching for dependencies of ignition-common3
[7.011s] -- Looking for dlfcn.h - found
[7.011s] -- Looking for libdl - found
[7.020s] -- Found DL: TRUE  
[7.040s] -- Found tinyobjloader: /usr/lib/x86_64-linux-gnu/cmake/tinyobjloader/tinyobjloader-config.cmake (found version "2.0.0") 
[7.040s] -- Searching for <ignition-common3> component [graphics]
[7.047s] -- Looking for ignition-common3-graphics -- found version 3.14.0
[7.048s] -- Searching for dependencies of ignition-common3-graphics
[7.048s] -- Looking for ignition-math6 -- found version 6.15.1
[7.055s] -- Looking for ignition-fuel_tools4 -- found version 4.4.0
[7.056s] -- Searching for dependencies of ignition-fuel_tools4
[7.249s] -- Found CURL: /usr/lib/x86_64-linux-gnu/libcurl.so (found version "7.81.0")  
[7.273s] -- Checking for module 'jsoncpp'
[7.300s] --   Found jsoncpp, version 1.9.5
[7.344s] -- Found JSONCPP: TRUE  
[7.354s] -- Checking for module 'libzip'
[7.376s] --   Found libzip, version 1.7.3
[7.427s] -- Found ZIP: TRUE  
[7.427s] -- Looking for ignition-common3 -- found version 3.14.0
[7.431s] -- Looking for ignition-math6 -- found version 6.15.1
[7.431s] -- Looking for ignition-msgs5 -- found version 5.8.1
[7.435s] -- Gazebo version: 11.10
[7.436s] -- Checking for module 'tbb'
[7.460s] --   Found tbb, version 2021.5.0
[7.527s] -- Found gazebo_msgs: 3.9.0 (/opt/ros/humble/share/gazebo_msgs/cmake)
[7.598s] -- Found objectpose_msgs: 0.0.0 (/home/ros2/dev_ws/install/objectpose_msgs/share/objectpose_msgs/cmake)
[7.625s] -- Added test 'copyright' to check source files copyright and LICENSE
[7.626s] -- Added test 'cppcheck' to perform static code analysis on C / C++ code
[7.627s] -- Configured cppcheck include dirs: /home/ros2/dev_ws/src/IFRA_ObjectPose/ros2_objectpose/include
[7.628s] -- Configured cppcheck exclude dirs and/or files: 
[7.629s] -- Added test 'cpplint' to check C / C++ code against the Google style
[7.629s] -- Configured cpplint exclude dirs and/or files: 
[7.630s] -- Added test 'flake8' to check Python code syntax and style conventions
[7.631s] -- Added test 'lint_cmake' to check CMake code style
[7.631s] -- Added test 'pep257' to check Python code against some of the docstring style conventions in PEP 257
[7.632s] -- Added test 'uncrustify' to check C / C++ code style
[7.633s] -- Configured uncrustify additional arguments: 
[7.636s] -- Added test 'xmllint' to check XML markup files
[7.636s] -- Configuring done
[7.669s] -- Generating done
[7.679s] -- Build files have been written to: /home/ros2/dev_ws/build/ros2_objectpose
[7.718s] Invoked command in '/home/ros2/dev_ws/build/ros2_objectpose' returned '0': AMENT_PREFIX_PATH=/home/ros2/dev_ws/install/objectpose_msgs:${AMENT_PREFIX_PATH} CMAKE_PREFIX_PATH=/home/ros2/dev_ws/install/objectpose_msgs:/opt/ros/humble LD_LIBRARY_PATH=/home/ros2/dev_ws/install/objectpose_msgs/lib:${LD_LIBRARY_PATH} PYTHONPATH=/home/ros2/dev_ws/install/objectpose_msgs/local/lib/python3.10/dist-packages:${PYTHONPATH} /usr/bin/cmake /home/ros2/dev_ws/src/IFRA_ObjectPose/ros2_objectpose -DAMENT_CMAKE_SYMLINK_INSTALL=1 -DCMAKE_INSTALL_PREFIX=/home/ros2/dev_ws/install/ros2_objectpose
[7.724s] Invoking command in '/home/ros2/dev_ws/build/ros2_objectpose': AMENT_PREFIX_PATH=/home/ros2/dev_ws/install/objectpose_msgs:${AMENT_PREFIX_PATH} CMAKE_PREFIX_PATH=/home/ros2/dev_ws/install/objectpose_msgs:/opt/ros/humble LD_LIBRARY_PATH=/home/ros2/dev_ws/install/objectpose_msgs/lib:${LD_LIBRARY_PATH} PYTHONPATH=/home/ros2/dev_ws/install/objectpose_msgs/local/lib/python3.10/dist-packages:${PYTHONPATH} /usr/bin/cmake --build /home/ros2/dev_ws/build/ros2_objectpose -- -j16 -l16
[8.891s] [ 50%] [32mBuilding CXX object CMakeFiles/ros2_objectpose_plugin.dir/src/ros2_objectpose_plugin.cpp.o[0m
[37.612s] [100%] [32m[1mLinking CXX shared library libros2_objectpose_plugin.so[0m
[38.748s] [100%] Built target ros2_objectpose_plugin
[38.762s] Invoked command in '/home/ros2/dev_ws/build/ros2_objectpose' returned '0': AMENT_PREFIX_PATH=/home/ros2/dev_ws/install/objectpose_msgs:${AMENT_PREFIX_PATH} CMAKE_PREFIX_PATH=/home/ros2/dev_ws/install/objectpose_msgs:/opt/ros/humble LD_LIBRARY_PATH=/home/ros2/dev_ws/install/objectpose_msgs/lib:${LD_LIBRARY_PATH} PYTHONPATH=/home/ros2/dev_ws/install/objectpose_msgs/local/lib/python3.10/dist-packages:${PYTHONPATH} /usr/bin/cmake --build /home/ros2/dev_ws/build/ros2_objectpose -- -j16 -l16
[38.765s] Invoking command in '/home/ros2/dev_ws/build/ros2_objectpose': AMENT_PREFIX_PATH=/home/ros2/dev_ws/install/objectpose_msgs:${AMENT_PREFIX_PATH} CMAKE_PREFIX_PATH=/home/ros2/dev_ws/install/objectpose_msgs:/opt/ros/humble LD_LIBRARY_PATH=/home/ros2/dev_ws/install/objectpose_msgs/lib:${LD_LIBRARY_PATH} PYTHONPATH=/home/ros2/dev_ws/install/objectpose_msgs/local/lib/python3.10/dist-packages:${PYTHONPATH} /usr/bin/cmake --install /home/ros2/dev_ws/build/ros2_objectpose
[38.772s] -- Install configuration: ""
[38.772s] -- Execute custom install script
[38.772s] -- Symlinking: /home/ros2/dev_ws/install/ros2_objectpose/share/ros2_objectpose/environment/library_path.sh
[38.782s] -- Symlinking: /home/ros2/dev_ws/install/ros2_objectpose/share/ros2_objectpose/environment/library_path.dsv
[38.795s] -- Symlinking: /home/ros2/dev_ws/install/ros2_objectpose/lib/libros2_objectpose_plugin.so
[38.804s] -- Symlinking: /home/ros2/dev_ws/install/ros2_objectpose/share/ros2_objectpose/python/SpawnObject.py
[38.815s] -- Symlinking: /home/ros2/dev_ws/install/ros2_objectpose/lib/ros2_objectpose/SpawnObject.py
[38.825s] -- Symlinking: /home/ros2/dev_ws/install/ros2_objectpose/share/ament_index/resource_index/package_run_dependencies/ros2_objectpose
[38.836s] -- Symlinking: /home/ros2/dev_ws/install/ros2_objectpose/share/ament_index/resource_index/parent_prefix_path/ros2_objectpose
[38.846s] -- Symlinking: /home/ros2/dev_ws/install/ros2_objectpose/share/ros2_objectpose/environment/ament_prefix_path.sh
[38.860s] -- Symlinking: /home/ros2/dev_ws/install/ros2_objectpose/share/ros2_objectpose/environment/ament_prefix_path.dsv
[38.870s] -- Symlinking: /home/ros2/dev_ws/install/ros2_objectpose/share/ros2_objectpose/environment/path.sh
[38.879s] -- Symlinking: /home/ros2/dev_ws/install/ros2_objectpose/share/ros2_objectpose/environment/path.dsv
[38.889s] -- Symlinking: /home/ros2/dev_ws/install/ros2_objectpose/share/ros2_objectpose/local_setup.bash
[38.899s] -- Symlinking: /home/ros2/dev_ws/install/ros2_objectpose/share/ros2_objectpose/local_setup.sh
[38.909s] -- Symlinking: /home/ros2/dev_ws/install/ros2_objectpose/share/ros2_objectpose/local_setup.zsh
[38.919s] -- Symlinking: /home/ros2/dev_ws/install/ros2_objectpose/share/ros2_objectpose/local_setup.dsv
[38.929s] -- Symlinking: /home/ros2/dev_ws/install/ros2_objectpose/share/ros2_objectpose/package.dsv
[38.939s] -- Symlinking: /home/ros2/dev_ws/install/ros2_objectpose/share/ament_index/resource_index/packages/ros2_objectpose
[38.952s] -- Symlinking: /home/ros2/dev_ws/install/ros2_objectpose/share/ros2_objectpose/cmake/ament_cmake_export_libraries-extras.cmake
[38.965s] -- Symlinking: /home/ros2/dev_ws/install/ros2_objectpose/share/ros2_objectpose/cmake/ros2_objectposeConfig.cmake
[38.975s] -- Symlinking: /home/ros2/dev_ws/install/ros2_objectpose/share/ros2_objectpose/cmake/ros2_objectposeConfig-version.cmake
[38.985s] -- Symlinking: /home/ros2/dev_ws/install/ros2_objectpose/share/ros2_objectpose/package.xml
[38.999s] Invoked command in '/home/ros2/dev_ws/build/ros2_objectpose' returned '0': AMENT_PREFIX_PATH=/home/ros2/dev_ws/install/objectpose_msgs:${AMENT_PREFIX_PATH} CMAKE_PREFIX_PATH=/home/ros2/dev_ws/install/objectpose_msgs:/opt/ros/humble LD_LIBRARY_PATH=/home/ros2/dev_ws/install/objectpose_msgs/lib:${LD_LIBRARY_PATH} PYTHONPATH=/home/ros2/dev_ws/install/objectpose_msgs/local/lib/python3.10/dist-packages:${PYTHONPATH} /usr/bin/cmake --install /home/ros2/dev_ws/build/ros2_objectpose
