[0.053s] Invoking command in '/home/ros2/dev_ws/build/ros2_linkpose': CMAKE_PREFIX_PATH=/home/ros2/dev_ws/install/linkpose_msgs:/home/ros2/dev_ws/install/my_package:/home/ros2/dev_ws/install/ros2srrc_ur5e_moveit2:/home/ros2/dev_ws/install/ros2srrc_ur5e_gazebo:/home/ros2/dev_ws/install/ros2srrc_ur5_moveit2:/home/ros2/dev_ws/install/ros2srrc_ur5_gazebo:/home/ros2/dev_ws/install/ros2srrc_ur3e_moveit2:/home/ros2/dev_ws/install/ros2srrc_ur3e_gazebo:/home/ros2/dev_ws/install/ros2srrc_ur3_moveit2:/home/ros2/dev_ws/install/ros2srrc_ur3_gazebo:/home/ros2/dev_ws/install/ros2srrc_ur20_moveit2:/home/ros2/dev_ws/install/ros2srrc_ur20_gazebo:/home/ros2/dev_ws/install/ros2srrc_ur16e_moveit2:/home/ros2/dev_ws/install/ros2srrc_ur16e_gazebo:/home/ros2/dev_ws/install/ros2srrc_ur10e_moveit2:/home/ros2/dev_ws/install/ros2srrc_ur10e_gazebo:/home/ros2/dev_ws/install/ros2srrc_ur10_moveit2:/home/ros2/dev_ws/install/ros2srrc_ur10_gazebo:/home/ros2/dev_ws/install/ros2srrc_rx160_moveit2:/home/ros2/dev_ws/install/ros2srrc_rx160_gazebo:/home/ros2/dev_ws/install/ros2srrc_robots:/home/ros2/dev_ws/install/ros2srrc_launch:/home/ros2/dev_ws/install/ros2srrc_irb6640_moveit2:/home/ros2/dev_ws/install/ros2srrc_irb6640_gazebo:/home/ros2/dev_ws/install/ros2srrc_irb1600_moveit2:/home/ros2/dev_ws/install/ros2srrc_irb1600_gazebo:/home/ros2/dev_ws/install/ros2srrc_irb120_moveit2:/home/ros2/dev_ws/install/ros2srrc_irb120_gazebo:/home/ros2/dev_ws/install/ros2srrc_irb1200_moveit2:/home/ros2/dev_ws/install/ros2srrc_irb1200_gazebo:/home/ros2/dev_ws/install/ros2srrc_iiwa_moveit2:/home/ros2/dev_ws/install/ros2srrc_iiwa_gazebo:/home/ros2/dev_ws/install/ros2srrc_execution:/home/ros2/dev_ws/install/ros2srrc_endeffectors:/home/ros2/dev_ws/install/ros2srrc_data:/home/ros2/dev_ws/install/ros2_robotiqgripper:/home/ros2/dev_ws/install/ros2_objectpose:/home/ros2/dev_ws/install/ros2_linkpose:/home/ros2/dev_ws/install/ros2_linkattacher:/home/ros2/dev_ws/install/objectpose_msgs:/home/ros2/dev_ws/install/objectpose_gazebo:/home/ros2/dev_ws/install/linkpose_gazebo:/home/ros2/dev_ws/install/linkattacher_msgs:/home/ros2/dev_ws/install/gazebo_ros2_control_demos:/home/ros2/dev_ws/install/gazebo_ros2_control:/home/ros2/dev_ws/install/abb_rws_client:/home/ros2/dev_ws/install/abb_ros2:/home/ros2/dev_ws/install/abb_robot_msgs:/home/ros2/dev_ws/install/abb_resources:/home/ros2/dev_ws/install/abb_rapid_sm_addin_msgs:/home/ros2/dev_ws/install/abb_rapid_msgs:/home/ros2/dev_ws/install/abb_hardware_interface:/home/ros2/dev_ws/install/abb_egm_rws_managers:/home/ros2/dev_ws/install/abb_librws:/home/ros2/dev_ws/install/abb_libegm:/home/ros2/dev_ws/install/abb_irb4600_support:/home/ros2/dev_ws/install/abb_irb1200_5_90_moveit_config:/home/ros2/dev_ws/install/abb_irb1200_support:/home/ros2/dev_ws/install/abb_egm_msgs:/home/ros2/dev_ws/install/abb_bringup:/opt/ros/humble LD_LIBRARY_PATH=/home/ros2/dev_ws/install/linkpose_msgs/lib:/home/ros2/dev_ws/install/ros2srrc_data/lib:/home/ros2/dev_ws/install/ros2_robotiqgripper/lib:/home/ros2/dev_ws/install/ros2_objectpose/lib:/home/ros2/dev_ws/install/ros2_linkpose/lib:/home/ros2/dev_ws/install/ros2_linkattacher/lib:/home/ros2/dev_ws/install/objectpose_msgs/lib:/home/ros2/dev_ws/install/linkattacher_msgs/lib:/home/ros2/dev_ws/install/gazebo_ros2_control/lib:/home/ros2/dev_ws/install/abb_robot_msgs/lib:/home/ros2/dev_ws/install/abb_rapid_sm_addin_msgs/lib:/home/ros2/dev_ws/install/abb_rapid_msgs/lib:/home/ros2/dev_ws/install/abb_hardware_interface/lib:/home/ros2/dev_ws/install/abb_egm_rws_managers/lib:/home/ros2/dev_ws/install/abb_librws/lib:/home/ros2/dev_ws/install/abb_libegm/lib:/home/ros2/dev_ws/install/abb_egm_msgs/lib:/usr/lib/x86_64-linux-gnu/gazebo-11/plugins:/opt/ros/humble/opt/rviz_ogre_vendor/lib:/opt/ros/humble/lib/x86_64-linux-gnu:/opt/ros/humble/lib /usr/bin/cmake /home/ros2/dev_ws/src/IFRA_LinkPose/ros2_linkpose -DAMENT_CMAKE_SYMLINK_INSTALL=1 -DCMAKE_INSTALL_PREFIX=/home/ros2/dev_ws/install/ros2_linkpose
[1.742s] -- The C compiler identification is GNU 11.4.0
[1.742s] -- The CXX compiler identification is GNU 11.4.0
[1.742s] -- Detecting C compiler ABI info
[1.742s] -- Detecting C compiler ABI info - done
[1.742s] -- Check for working C compiler: /usr/bin/cc - skipped
[1.743s] -- Detecting C compile features
[1.743s] -- Detecting C compile features - done
[1.743s] -- Detecting CXX compiler ABI info
[1.743s] -- Detecting CXX compiler ABI info - done
[1.743s] -- Check for working CXX compiler: /usr/bin/c++ - skipped
[1.743s] -- Detecting CXX compile features
[1.759s] -- Detecting CXX compile features - done
[1.759s] -- Found ament_cmake: 1.3.11 (/opt/ros/humble/share/ament_cmake/cmake)
[1.932s] -- Found Python3: /usr/bin/python3 (found version "3.10.12") found components: Interpreter 
[2.106s] -- Override CMake install command with custom implementation using symlinks instead of copying resources
[2.333s] -- Found ament_lint_auto: 0.12.12 (/opt/ros/humble/share/ament_lint_auto/cmake)
[2.958s] -- Found gazebo_ros: 3.9.0 (/opt/ros/humble/share/gazebo_ros/cmake)
[3.402s] -- Found rosidl_generator_c: 3.1.6 (/opt/ros/humble/share/rosidl_generator_c/cmake)
[3.462s] -- Found rosidl_adapter: 3.1.6 (/opt/ros/humble/share/rosidl_adapter/cmake)
[3.547s] -- Found rosidl_generator_cpp: 3.1.6 (/opt/ros/humble/share/rosidl_generator_cpp/cmake)
[3.670s] -- Using all available rosidl_typesupport_c: rosidl_typesupport_fastrtps_c;rosidl_typesupport_introspection_c
[3.846s] -- Using all available rosidl_typesupport_cpp: rosidl_typesupport_fastrtps_cpp;rosidl_typesupport_introspection_cpp
[4.160s] -- Found rmw_implementation_cmake: 6.1.2 (/opt/ros/humble/share/rmw_implementation_cmake/cmake)
[4.180s] -- Found rmw_cyclonedds_cpp: 1.3.4 (/opt/ros/humble/share/rmw_cyclonedds_cpp/cmake)
[4.325s] -- Using RMW implementation 'rmw_cyclonedds_cpp' as default
[4.363s] -- Looking for pthread.h
[4.673s] -- Looking for pthread.h - found
[4.677s] -- Performing Test CMAKE_HAVE_LIBC_PTHREAD
[4.966s] -- Performing Test CMAKE_HAVE_LIBC_PTHREAD - Success
[4.971s] -- Found Threads: TRUE  
[5.195s] -- Found PkgConfig: /usr/bin/pkg-config (found version "0.29.2") 
[5.200s] -- Checking for module 'bullet>=2.82'
[5.262s] --   Found bullet, version 3.05
[5.663s] -- Found fcl: /usr/include (found suitable version "0.7.0", minimum required is "0.5.0") 
[5.806s] -- Found assimp: /usr/include (found version "5.2.0") 
[5.845s] -- Found DART: /usr/include (Required is at least version "6.6") found components: dart 
[5.923s] -- Found Boost: /usr/lib/x86_64-linux-gnu/cmake/Boost-1.74.0/BoostConfig.cmake (found suitable version "1.74.0", minimum required is "1.40.0") found components: thread system filesystem program_options regex iostreams date_time 
[5.972s] -- Found Protobuf: /usr/lib/x86_64-linux-gnu/libprotobuf.so (found version "3.12.4") 
[5.989s] -- Looking for ignition-math6 -- found version 6.15.1
[6.019s] -- Searching for dependencies of ignition-math6
[6.019s] -- Looking for OGRE...
[6.022s] -- OGRE_PREFIX_WATCH changed.
[6.033s] -- Checking for module 'OGRE'
[6.077s] --   Found OGRE, version 1.9.0
[6.192s] -- Found Ogre Ghadamon (1.9.0)
[6.246s] -- Found OGRE: optimized;/usr/lib/x86_64-linux-gnu/libOgreMain.so;debug;/usr/lib/x86_64-linux-gnu/libOgreMain.so
[6.275s] -- Looking for OGRE_Paging...
[6.338s] -- Found OGRE_Paging: optimized;/usr/lib/x86_64-linux-gnu/libOgrePaging.so;debug;/usr/lib/x86_64-linux-gnu/libOgrePaging.so
[6.338s] -- Looking for OGRE_Terrain...
[6.364s] -- Found OGRE_Terrain: optimized;/usr/lib/x86_64-linux-gnu/libOgreTerrain.so;debug;/usr/lib/x86_64-linux-gnu/libOgreTerrain.so
[6.365s] -- Looking for OGRE_Property...
[6.408s] -- Found OGRE_Property: optimized;/usr/lib/x86_64-linux-gnu/libOgreProperty.so;debug;/usr/lib/x86_64-linux-gnu/libOgreProperty.so
[6.414s] -- Looking for OGRE_RTShaderSystem...
[6.459s] -- Found OGRE_RTShaderSystem: optimized;/usr/lib/x86_64-linux-gnu/libOgreRTShaderSystem.so;debug;/usr/lib/x86_64-linux-gnu/libOgreRTShaderSystem.so
[6.459s] -- Looking for OGRE_Volume...
[6.523s] -- Found OGRE_Volume: optimized;/usr/lib/x86_64-linux-gnu/libOgreVolume.so;debug;/usr/lib/x86_64-linux-gnu/libOgreVolume.so
[6.523s] -- Looking for OGRE_Overlay...
[6.563s] -- Found OGRE_Overlay: optimized;/usr/lib/x86_64-linux-gnu/libOgreOverlay.so;debug;/usr/lib/x86_64-linux-gnu/libOgreOverlay.so
[7.110s] -- Looking for ignition-math6 -- found version 6.15.1
[7.119s] -- Looking for ignition-transport8 -- found version 8.2.1
[7.120s] -- Searching for dependencies of ignition-transport8
[7.141s] -- Found Protobuf: /usr/lib/x86_64-linux-gnu/libprotobuf.so (found suitable version "3.12.4", minimum required is "3") 
[7.156s] -- Config-file not installed for ZeroMQ -- checking for pkg-config
[7.166s] -- Checking for module 'libzmq >= 4'
[7.214s] --   Found libzmq , version 4.3.4
[7.315s] -- Found ZeroMQ: TRUE (Required is at least version "4") 
[7.329s] -- Checking for module 'uuid'
[7.374s] --   Found uuid, version 2.37.2
[7.500s] -- Found UUID: TRUE  
[7.508s] -- Looking for ignition-msgs5 -- found version 5.8.1
[7.509s] -- Searching for dependencies of ignition-msgs5
[7.557s] -- Looking for ignition-math6 -- found version 6.15.1
[7.575s] -- Checking for module 'tinyxml2'
[7.622s] --   Found tinyxml2, version 9.0.0
[7.736s] -- Looking for ignition-msgs5 -- found version 5.8.1
[7.740s] -- Looking for ignition-common3 -- found version 3.14.0
[7.741s] -- Searching for dependencies of ignition-common3
[7.743s] -- Looking for dlfcn.h - found
[7.746s] -- Looking for libdl - found
[7.747s] -- Found DL: TRUE  
[7.785s] -- Found tinyobjloader: /usr/lib/x86_64-linux-gnu/cmake/tinyobjloader/tinyobjloader-config.cmake (found version "2.0.0") 
[7.785s] -- Searching for <ignition-common3> component [graphics]
[7.804s] -- Looking for ignition-common3-graphics -- found version 3.14.0
[7.805s] -- Searching for dependencies of ignition-common3-graphics
[7.805s] -- Looking for ignition-math6 -- found version 6.15.1
[7.805s] -- Looking for ignition-fuel_tools4 -- found version 4.4.0
[7.806s] -- Searching for dependencies of ignition-fuel_tools4
[8.029s] -- Found CURL: /usr/lib/x86_64-linux-gnu/libcurl.so (found version "7.81.0")  
[8.048s] -- Checking for module 'jsoncpp'
[8.101s] --   Found jsoncpp, version 1.9.5
[8.197s] -- Found JSONCPP: TRUE  
[8.214s] -- Checking for module 'libzip'
[8.248s] --   Found libzip, version 1.7.3
[8.345s] -- Found ZIP: TRUE  
[8.346s] -- Looking for ignition-common3 -- found version 3.14.0
[8.346s] -- Looking for ignition-math6 -- found version 6.15.1
[8.347s] -- Looking for ignition-msgs5 -- found version 5.8.1
[8.358s] -- Gazebo version: 11.10
[8.358s] -- Checking for module 'tbb'
[8.398s] --   Found tbb, version 2021.5.0
[8.513s] -- Found gazebo_msgs: 3.9.0 (/opt/ros/humble/share/gazebo_msgs/cmake)
[8.646s] -- Found linkpose_msgs: 0.0.0 (/home/ros2/dev_ws/install/linkpose_msgs/share/linkpose_msgs/cmake)
[8.718s] -- Added test 'copyright' to check source files copyright and LICENSE
[8.724s] -- Added test 'cppcheck' to perform static code analysis on C / C++ code
[8.725s] -- Configured cppcheck include dirs: /home/ros2/dev_ws/src/IFRA_LinkPose/ros2_linkpose/include
[8.725s] -- Configured cppcheck exclude dirs and/or files: 
[8.731s] -- Added test 'cpplint' to check C / C++ code against the Google style
[8.731s] -- Configured cpplint exclude dirs and/or files: 
[8.735s] -- Added test 'flake8' to check Python code syntax and style conventions
[8.744s] -- Added test 'lint_cmake' to check CMake code style
[8.750s] -- Added test 'pep257' to check Python code against some of the docstring style conventions in PEP 257
[8.758s] -- Added test 'uncrustify' to check C / C++ code style
[8.758s] -- Configured uncrustify additional arguments: 
[8.760s] -- Added test 'xmllint' to check XML markup files
[8.767s] -- Configuring done
[8.848s] -- Generating done
[8.865s] -- Build files have been written to: /home/ros2/dev_ws/build/ros2_linkpose
[8.933s] Invoked command in '/home/ros2/dev_ws/build/ros2_linkpose' returned '0': CMAKE_PREFIX_PATH=/home/ros2/dev_ws/install/linkpose_msgs:/home/ros2/dev_ws/install/my_package:/home/ros2/dev_ws/install/ros2srrc_ur5e_moveit2:/home/ros2/dev_ws/install/ros2srrc_ur5e_gazebo:/home/ros2/dev_ws/install/ros2srrc_ur5_moveit2:/home/ros2/dev_ws/install/ros2srrc_ur5_gazebo:/home/ros2/dev_ws/install/ros2srrc_ur3e_moveit2:/home/ros2/dev_ws/install/ros2srrc_ur3e_gazebo:/home/ros2/dev_ws/install/ros2srrc_ur3_moveit2:/home/ros2/dev_ws/install/ros2srrc_ur3_gazebo:/home/ros2/dev_ws/install/ros2srrc_ur20_moveit2:/home/ros2/dev_ws/install/ros2srrc_ur20_gazebo:/home/ros2/dev_ws/install/ros2srrc_ur16e_moveit2:/home/ros2/dev_ws/install/ros2srrc_ur16e_gazebo:/home/ros2/dev_ws/install/ros2srrc_ur10e_moveit2:/home/ros2/dev_ws/install/ros2srrc_ur10e_gazebo:/home/ros2/dev_ws/install/ros2srrc_ur10_moveit2:/home/ros2/dev_ws/install/ros2srrc_ur10_gazebo:/home/ros2/dev_ws/install/ros2srrc_rx160_moveit2:/home/ros2/dev_ws/install/ros2srrc_rx160_gazebo:/home/ros2/dev_ws/install/ros2srrc_robots:/home/ros2/dev_ws/install/ros2srrc_launch:/home/ros2/dev_ws/install/ros2srrc_irb6640_moveit2:/home/ros2/dev_ws/install/ros2srrc_irb6640_gazebo:/home/ros2/dev_ws/install/ros2srrc_irb1600_moveit2:/home/ros2/dev_ws/install/ros2srrc_irb1600_gazebo:/home/ros2/dev_ws/install/ros2srrc_irb120_moveit2:/home/ros2/dev_ws/install/ros2srrc_irb120_gazebo:/home/ros2/dev_ws/install/ros2srrc_irb1200_moveit2:/home/ros2/dev_ws/install/ros2srrc_irb1200_gazebo:/home/ros2/dev_ws/install/ros2srrc_iiwa_moveit2:/home/ros2/dev_ws/install/ros2srrc_iiwa_gazebo:/home/ros2/dev_ws/install/ros2srrc_execution:/home/ros2/dev_ws/install/ros2srrc_endeffectors:/home/ros2/dev_ws/install/ros2srrc_data:/home/ros2/dev_ws/install/ros2_robotiqgripper:/home/ros2/dev_ws/install/ros2_objectpose:/home/ros2/dev_ws/install/ros2_linkpose:/home/ros2/dev_ws/install/ros2_linkattacher:/home/ros2/dev_ws/install/objectpose_msgs:/home/ros2/dev_ws/install/objectpose_gazebo:/home/ros2/dev_ws/install/linkpose_gazebo:/home/ros2/dev_ws/install/linkattacher_msgs:/home/ros2/dev_ws/install/gazebo_ros2_control_demos:/home/ros2/dev_ws/install/gazebo_ros2_control:/home/ros2/dev_ws/install/abb_rws_client:/home/ros2/dev_ws/install/abb_ros2:/home/ros2/dev_ws/install/abb_robot_msgs:/home/ros2/dev_ws/install/abb_resources:/home/ros2/dev_ws/install/abb_rapid_sm_addin_msgs:/home/ros2/dev_ws/install/abb_rapid_msgs:/home/ros2/dev_ws/install/abb_hardware_interface:/home/ros2/dev_ws/install/abb_egm_rws_managers:/home/ros2/dev_ws/install/abb_librws:/home/ros2/dev_ws/install/abb_libegm:/home/ros2/dev_ws/install/abb_irb4600_support:/home/ros2/dev_ws/install/abb_irb1200_5_90_moveit_config:/home/ros2/dev_ws/install/abb_irb1200_support:/home/ros2/dev_ws/install/abb_egm_msgs:/home/ros2/dev_ws/install/abb_bringup:/opt/ros/humble LD_LIBRARY_PATH=/home/ros2/dev_ws/install/linkpose_msgs/lib:/home/ros2/dev_ws/install/ros2srrc_data/lib:/home/ros2/dev_ws/install/ros2_robotiqgripper/lib:/home/ros2/dev_ws/install/ros2_objectpose/lib:/home/ros2/dev_ws/install/ros2_linkpose/lib:/home/ros2/dev_ws/install/ros2_linkattacher/lib:/home/ros2/dev_ws/install/objectpose_msgs/lib:/home/ros2/dev_ws/install/linkattacher_msgs/lib:/home/ros2/dev_ws/install/gazebo_ros2_control/lib:/home/ros2/dev_ws/install/abb_robot_msgs/lib:/home/ros2/dev_ws/install/abb_rapid_sm_addin_msgs/lib:/home/ros2/dev_ws/install/abb_rapid_msgs/lib:/home/ros2/dev_ws/install/abb_hardware_interface/lib:/home/ros2/dev_ws/install/abb_egm_rws_managers/lib:/home/ros2/dev_ws/install/abb_librws/lib:/home/ros2/dev_ws/install/abb_libegm/lib:/home/ros2/dev_ws/install/abb_egm_msgs/lib:/usr/lib/x86_64-linux-gnu/gazebo-11/plugins:/opt/ros/humble/opt/rviz_ogre_vendor/lib:/opt/ros/humble/lib/x86_64-linux-gnu:/opt/ros/humble/lib /usr/bin/cmake /home/ros2/dev_ws/src/IFRA_LinkPose/ros2_linkpose -DAMENT_CMAKE_SYMLINK_INSTALL=1 -DCMAKE_INSTALL_PREFIX=/home/ros2/dev_ws/install/ros2_linkpose
[8.951s] Invoking command in '/home/ros2/dev_ws/build/ros2_linkpose': CMAKE_PREFIX_PATH=/home/ros2/dev_ws/install/linkpose_msgs:/home/ros2/dev_ws/install/my_package:/home/ros2/dev_ws/install/ros2srrc_ur5e_moveit2:/home/ros2/dev_ws/install/ros2srrc_ur5e_gazebo:/home/ros2/dev_ws/install/ros2srrc_ur5_moveit2:/home/ros2/dev_ws/install/ros2srrc_ur5_gazebo:/home/ros2/dev_ws/install/ros2srrc_ur3e_moveit2:/home/ros2/dev_ws/install/ros2srrc_ur3e_gazebo:/home/ros2/dev_ws/install/ros2srrc_ur3_moveit2:/home/ros2/dev_ws/install/ros2srrc_ur3_gazebo:/home/ros2/dev_ws/install/ros2srrc_ur20_moveit2:/home/ros2/dev_ws/install/ros2srrc_ur20_gazebo:/home/ros2/dev_ws/install/ros2srrc_ur16e_moveit2:/home/ros2/dev_ws/install/ros2srrc_ur16e_gazebo:/home/ros2/dev_ws/install/ros2srrc_ur10e_moveit2:/home/ros2/dev_ws/install/ros2srrc_ur10e_gazebo:/home/ros2/dev_ws/install/ros2srrc_ur10_moveit2:/home/ros2/dev_ws/install/ros2srrc_ur10_gazebo:/home/ros2/dev_ws/install/ros2srrc_rx160_moveit2:/home/ros2/dev_ws/install/ros2srrc_rx160_gazebo:/home/ros2/dev_ws/install/ros2srrc_robots:/home/ros2/dev_ws/install/ros2srrc_launch:/home/ros2/dev_ws/install/ros2srrc_irb6640_moveit2:/home/ros2/dev_ws/install/ros2srrc_irb6640_gazebo:/home/ros2/dev_ws/install/ros2srrc_irb1600_moveit2:/home/ros2/dev_ws/install/ros2srrc_irb1600_gazebo:/home/ros2/dev_ws/install/ros2srrc_irb120_moveit2:/home/ros2/dev_ws/install/ros2srrc_irb120_gazebo:/home/ros2/dev_ws/install/ros2srrc_irb1200_moveit2:/home/ros2/dev_ws/install/ros2srrc_irb1200_gazebo:/home/ros2/dev_ws/install/ros2srrc_iiwa_moveit2:/home/ros2/dev_ws/install/ros2srrc_iiwa_gazebo:/home/ros2/dev_ws/install/ros2srrc_execution:/home/ros2/dev_ws/install/ros2srrc_endeffectors:/home/ros2/dev_ws/install/ros2srrc_data:/home/ros2/dev_ws/install/ros2_robotiqgripper:/home/ros2/dev_ws/install/ros2_objectpose:/home/ros2/dev_ws/install/ros2_linkpose:/home/ros2/dev_ws/install/ros2_linkattacher:/home/ros2/dev_ws/install/objectpose_msgs:/home/ros2/dev_ws/install/objectpose_gazebo:/home/ros2/dev_ws/install/linkpose_gazebo:/home/ros2/dev_ws/install/linkattacher_msgs:/home/ros2/dev_ws/install/gazebo_ros2_control_demos:/home/ros2/dev_ws/install/gazebo_ros2_control:/home/ros2/dev_ws/install/abb_rws_client:/home/ros2/dev_ws/install/abb_ros2:/home/ros2/dev_ws/install/abb_robot_msgs:/home/ros2/dev_ws/install/abb_resources:/home/ros2/dev_ws/install/abb_rapid_sm_addin_msgs:/home/ros2/dev_ws/install/abb_rapid_msgs:/home/ros2/dev_ws/install/abb_hardware_interface:/home/ros2/dev_ws/install/abb_egm_rws_managers:/home/ros2/dev_ws/install/abb_librws:/home/ros2/dev_ws/install/abb_libegm:/home/ros2/dev_ws/install/abb_irb4600_support:/home/ros2/dev_ws/install/abb_irb1200_5_90_moveit_config:/home/ros2/dev_ws/install/abb_irb1200_support:/home/ros2/dev_ws/install/abb_egm_msgs:/home/ros2/dev_ws/install/abb_bringup:/opt/ros/humble LD_LIBRARY_PATH=/home/ros2/dev_ws/install/linkpose_msgs/lib:/home/ros2/dev_ws/install/ros2srrc_data/lib:/home/ros2/dev_ws/install/ros2_robotiqgripper/lib:/home/ros2/dev_ws/install/ros2_objectpose/lib:/home/ros2/dev_ws/install/ros2_linkpose/lib:/home/ros2/dev_ws/install/ros2_linkattacher/lib:/home/ros2/dev_ws/install/objectpose_msgs/lib:/home/ros2/dev_ws/install/linkattacher_msgs/lib:/home/ros2/dev_ws/install/gazebo_ros2_control/lib:/home/ros2/dev_ws/install/abb_robot_msgs/lib:/home/ros2/dev_ws/install/abb_rapid_sm_addin_msgs/lib:/home/ros2/dev_ws/install/abb_rapid_msgs/lib:/home/ros2/dev_ws/install/abb_hardware_interface/lib:/home/ros2/dev_ws/install/abb_egm_rws_managers/lib:/home/ros2/dev_ws/install/abb_librws/lib:/home/ros2/dev_ws/install/abb_libegm/lib:/home/ros2/dev_ws/install/abb_egm_msgs/lib:/usr/lib/x86_64-linux-gnu/gazebo-11/plugins:/opt/ros/humble/opt/rviz_ogre_vendor/lib:/opt/ros/humble/lib/x86_64-linux-gnu:/opt/ros/humble/lib /usr/bin/cmake --build /home/ros2/dev_ws/build/ros2_linkpose -- -j16 -l16
[9.594s] [ 50%] [32mBuilding CXX object CMakeFiles/ros2_linkpose_plugin.dir/src/ros2_linkpose_plugin.cpp.o[0m
[31.830s] [100%] [32m[1mLinking CXX shared library libros2_linkpose_plugin.so[0m
[34.150s] [100%] Built target ros2_linkpose_plugin
[34.197s] Invoked command in '/home/ros2/dev_ws/build/ros2_linkpose' returned '0': CMAKE_PREFIX_PATH=/home/ros2/dev_ws/install/linkpose_msgs:/home/ros2/dev_ws/install/my_package:/home/ros2/dev_ws/install/ros2srrc_ur5e_moveit2:/home/ros2/dev_ws/install/ros2srrc_ur5e_gazebo:/home/ros2/dev_ws/install/ros2srrc_ur5_moveit2:/home/ros2/dev_ws/install/ros2srrc_ur5_gazebo:/home/ros2/dev_ws/install/ros2srrc_ur3e_moveit2:/home/ros2/dev_ws/install/ros2srrc_ur3e_gazebo:/home/ros2/dev_ws/install/ros2srrc_ur3_moveit2:/home/ros2/dev_ws/install/ros2srrc_ur3_gazebo:/home/ros2/dev_ws/install/ros2srrc_ur20_moveit2:/home/ros2/dev_ws/install/ros2srrc_ur20_gazebo:/home/ros2/dev_ws/install/ros2srrc_ur16e_moveit2:/home/ros2/dev_ws/install/ros2srrc_ur16e_gazebo:/home/ros2/dev_ws/install/ros2srrc_ur10e_moveit2:/home/ros2/dev_ws/install/ros2srrc_ur10e_gazebo:/home/ros2/dev_ws/install/ros2srrc_ur10_moveit2:/home/ros2/dev_ws/install/ros2srrc_ur10_gazebo:/home/ros2/dev_ws/install/ros2srrc_rx160_moveit2:/home/ros2/dev_ws/install/ros2srrc_rx160_gazebo:/home/ros2/dev_ws/install/ros2srrc_robots:/home/ros2/dev_ws/install/ros2srrc_launch:/home/ros2/dev_ws/install/ros2srrc_irb6640_moveit2:/home/ros2/dev_ws/install/ros2srrc_irb6640_gazebo:/home/ros2/dev_ws/install/ros2srrc_irb1600_moveit2:/home/ros2/dev_ws/install/ros2srrc_irb1600_gazebo:/home/ros2/dev_ws/install/ros2srrc_irb120_moveit2:/home/ros2/dev_ws/install/ros2srrc_irb120_gazebo:/home/ros2/dev_ws/install/ros2srrc_irb1200_moveit2:/home/ros2/dev_ws/install/ros2srrc_irb1200_gazebo:/home/ros2/dev_ws/install/ros2srrc_iiwa_moveit2:/home/ros2/dev_ws/install/ros2srrc_iiwa_gazebo:/home/ros2/dev_ws/install/ros2srrc_execution:/home/ros2/dev_ws/install/ros2srrc_endeffectors:/home/ros2/dev_ws/install/ros2srrc_data:/home/ros2/dev_ws/install/ros2_robotiqgripper:/home/ros2/dev_ws/install/ros2_objectpose:/home/ros2/dev_ws/install/ros2_linkpose:/home/ros2/dev_ws/install/ros2_linkattacher:/home/ros2/dev_ws/install/objectpose_msgs:/home/ros2/dev_ws/install/objectpose_gazebo:/home/ros2/dev_ws/install/linkpose_gazebo:/home/ros2/dev_ws/install/linkattacher_msgs:/home/ros2/dev_ws/install/gazebo_ros2_control_demos:/home/ros2/dev_ws/install/gazebo_ros2_control:/home/ros2/dev_ws/install/abb_rws_client:/home/ros2/dev_ws/install/abb_ros2:/home/ros2/dev_ws/install/abb_robot_msgs:/home/ros2/dev_ws/install/abb_resources:/home/ros2/dev_ws/install/abb_rapid_sm_addin_msgs:/home/ros2/dev_ws/install/abb_rapid_msgs:/home/ros2/dev_ws/install/abb_hardware_interface:/home/ros2/dev_ws/install/abb_egm_rws_managers:/home/ros2/dev_ws/install/abb_librws:/home/ros2/dev_ws/install/abb_libegm:/home/ros2/dev_ws/install/abb_irb4600_support:/home/ros2/dev_ws/install/abb_irb1200_5_90_moveit_config:/home/ros2/dev_ws/install/abb_irb1200_support:/home/ros2/dev_ws/install/abb_egm_msgs:/home/ros2/dev_ws/install/abb_bringup:/opt/ros/humble LD_LIBRARY_PATH=/home/ros2/dev_ws/install/linkpose_msgs/lib:/home/ros2/dev_ws/install/ros2srrc_data/lib:/home/ros2/dev_ws/install/ros2_robotiqgripper/lib:/home/ros2/dev_ws/install/ros2_objectpose/lib:/home/ros2/dev_ws/install/ros2_linkpose/lib:/home/ros2/dev_ws/install/ros2_linkattacher/lib:/home/ros2/dev_ws/install/objectpose_msgs/lib:/home/ros2/dev_ws/install/linkattacher_msgs/lib:/home/ros2/dev_ws/install/gazebo_ros2_control/lib:/home/ros2/dev_ws/install/abb_robot_msgs/lib:/home/ros2/dev_ws/install/abb_rapid_sm_addin_msgs/lib:/home/ros2/dev_ws/install/abb_rapid_msgs/lib:/home/ros2/dev_ws/install/abb_hardware_interface/lib:/home/ros2/dev_ws/install/abb_egm_rws_managers/lib:/home/ros2/dev_ws/install/abb_librws/lib:/home/ros2/dev_ws/install/abb_libegm/lib:/home/ros2/dev_ws/install/abb_egm_msgs/lib:/usr/lib/x86_64-linux-gnu/gazebo-11/plugins:/opt/ros/humble/opt/rviz_ogre_vendor/lib:/opt/ros/humble/lib/x86_64-linux-gnu:/opt/ros/humble/lib /usr/bin/cmake --build /home/ros2/dev_ws/build/ros2_linkpose -- -j16 -l16
[34.208s] Invoking command in '/home/ros2/dev_ws/build/ros2_linkpose': CMAKE_PREFIX_PATH=/home/ros2/dev_ws/install/linkpose_msgs:/home/ros2/dev_ws/install/my_package:/home/ros2/dev_ws/install/ros2srrc_ur5e_moveit2:/home/ros2/dev_ws/install/ros2srrc_ur5e_gazebo:/home/ros2/dev_ws/install/ros2srrc_ur5_moveit2:/home/ros2/dev_ws/install/ros2srrc_ur5_gazebo:/home/ros2/dev_ws/install/ros2srrc_ur3e_moveit2:/home/ros2/dev_ws/install/ros2srrc_ur3e_gazebo:/home/ros2/dev_ws/install/ros2srrc_ur3_moveit2:/home/ros2/dev_ws/install/ros2srrc_ur3_gazebo:/home/ros2/dev_ws/install/ros2srrc_ur20_moveit2:/home/ros2/dev_ws/install/ros2srrc_ur20_gazebo:/home/ros2/dev_ws/install/ros2srrc_ur16e_moveit2:/home/ros2/dev_ws/install/ros2srrc_ur16e_gazebo:/home/ros2/dev_ws/install/ros2srrc_ur10e_moveit2:/home/ros2/dev_ws/install/ros2srrc_ur10e_gazebo:/home/ros2/dev_ws/install/ros2srrc_ur10_moveit2:/home/ros2/dev_ws/install/ros2srrc_ur10_gazebo:/home/ros2/dev_ws/install/ros2srrc_rx160_moveit2:/home/ros2/dev_ws/install/ros2srrc_rx160_gazebo:/home/ros2/dev_ws/install/ros2srrc_robots:/home/ros2/dev_ws/install/ros2srrc_launch:/home/ros2/dev_ws/install/ros2srrc_irb6640_moveit2:/home/ros2/dev_ws/install/ros2srrc_irb6640_gazebo:/home/ros2/dev_ws/install/ros2srrc_irb1600_moveit2:/home/ros2/dev_ws/install/ros2srrc_irb1600_gazebo:/home/ros2/dev_ws/install/ros2srrc_irb120_moveit2:/home/ros2/dev_ws/install/ros2srrc_irb120_gazebo:/home/ros2/dev_ws/install/ros2srrc_irb1200_moveit2:/home/ros2/dev_ws/install/ros2srrc_irb1200_gazebo:/home/ros2/dev_ws/install/ros2srrc_iiwa_moveit2:/home/ros2/dev_ws/install/ros2srrc_iiwa_gazebo:/home/ros2/dev_ws/install/ros2srrc_execution:/home/ros2/dev_ws/install/ros2srrc_endeffectors:/home/ros2/dev_ws/install/ros2srrc_data:/home/ros2/dev_ws/install/ros2_robotiqgripper:/home/ros2/dev_ws/install/ros2_objectpose:/home/ros2/dev_ws/install/ros2_linkpose:/home/ros2/dev_ws/install/ros2_linkattacher:/home/ros2/dev_ws/install/objectpose_msgs:/home/ros2/dev_ws/install/objectpose_gazebo:/home/ros2/dev_ws/install/linkpose_gazebo:/home/ros2/dev_ws/install/linkattacher_msgs:/home/ros2/dev_ws/install/gazebo_ros2_control_demos:/home/ros2/dev_ws/install/gazebo_ros2_control:/home/ros2/dev_ws/install/abb_rws_client:/home/ros2/dev_ws/install/abb_ros2:/home/ros2/dev_ws/install/abb_robot_msgs:/home/ros2/dev_ws/install/abb_resources:/home/ros2/dev_ws/install/abb_rapid_sm_addin_msgs:/home/ros2/dev_ws/install/abb_rapid_msgs:/home/ros2/dev_ws/install/abb_hardware_interface:/home/ros2/dev_ws/install/abb_egm_rws_managers:/home/ros2/dev_ws/install/abb_librws:/home/ros2/dev_ws/install/abb_libegm:/home/ros2/dev_ws/install/abb_irb4600_support:/home/ros2/dev_ws/install/abb_irb1200_5_90_moveit_config:/home/ros2/dev_ws/install/abb_irb1200_support:/home/ros2/dev_ws/install/abb_egm_msgs:/home/ros2/dev_ws/install/abb_bringup:/opt/ros/humble LD_LIBRARY_PATH=/home/ros2/dev_ws/install/linkpose_msgs/lib:/home/ros2/dev_ws/install/ros2srrc_data/lib:/home/ros2/dev_ws/install/ros2_robotiqgripper/lib:/home/ros2/dev_ws/install/ros2_objectpose/lib:/home/ros2/dev_ws/install/ros2_linkpose/lib:/home/ros2/dev_ws/install/ros2_linkattacher/lib:/home/ros2/dev_ws/install/objectpose_msgs/lib:/home/ros2/dev_ws/install/linkattacher_msgs/lib:/home/ros2/dev_ws/install/gazebo_ros2_control/lib:/home/ros2/dev_ws/install/abb_robot_msgs/lib:/home/ros2/dev_ws/install/abb_rapid_sm_addin_msgs/lib:/home/ros2/dev_ws/install/abb_rapid_msgs/lib:/home/ros2/dev_ws/install/abb_hardware_interface/lib:/home/ros2/dev_ws/install/abb_egm_rws_managers/lib:/home/ros2/dev_ws/install/abb_librws/lib:/home/ros2/dev_ws/install/abb_libegm/lib:/home/ros2/dev_ws/install/abb_egm_msgs/lib:/usr/lib/x86_64-linux-gnu/gazebo-11/plugins:/opt/ros/humble/opt/rviz_ogre_vendor/lib:/opt/ros/humble/lib/x86_64-linux-gnu:/opt/ros/humble/lib /usr/bin/cmake --install /home/ros2/dev_ws/build/ros2_linkpose
[34.231s] -- Install configuration: ""
[34.232s] -- Execute custom install script
[34.236s] -- Symlinking: /home/ros2/dev_ws/install/ros2_linkpose/share/ros2_linkpose/environment/library_path.sh
[34.271s] -- Symlinking: /home/ros2/dev_ws/install/ros2_linkpose/share/ros2_linkpose/environment/library_path.dsv
[34.304s] -- Symlinking: /home/ros2/dev_ws/install/ros2_linkpose/lib/libros2_linkpose_plugin.so
[34.325s] -- Symlinking: /home/ros2/dev_ws/install/ros2_linkpose/share/ros2_linkpose/python/SpawnObject.py
[34.342s] -- Symlinking: /home/ros2/dev_ws/install/ros2_linkpose/lib/ros2_linkpose/SpawnObject.py
[34.358s] -- Symlinking: /home/ros2/dev_ws/install/ros2_linkpose/share/ament_index/resource_index/package_run_dependencies/ros2_linkpose
[34.372s] -- Symlinking: /home/ros2/dev_ws/install/ros2_linkpose/share/ament_index/resource_index/parent_prefix_path/ros2_linkpose
[34.387s] -- Symlinking: /home/ros2/dev_ws/install/ros2_linkpose/share/ros2_linkpose/environment/ament_prefix_path.sh
[34.402s] -- Symlinking: /home/ros2/dev_ws/install/ros2_linkpose/share/ros2_linkpose/environment/ament_prefix_path.dsv
[34.416s] -- Symlinking: /home/ros2/dev_ws/install/ros2_linkpose/share/ros2_linkpose/environment/path.sh
[34.431s] -- Symlinking: /home/ros2/dev_ws/install/ros2_linkpose/share/ros2_linkpose/environment/path.dsv
[34.444s] -- Symlinking: /home/ros2/dev_ws/install/ros2_linkpose/share/ros2_linkpose/local_setup.bash
[34.460s] -- Symlinking: /home/ros2/dev_ws/install/ros2_linkpose/share/ros2_linkpose/local_setup.sh
[34.480s] -- Symlinking: /home/ros2/dev_ws/install/ros2_linkpose/share/ros2_linkpose/local_setup.zsh
[34.498s] -- Symlinking: /home/ros2/dev_ws/install/ros2_linkpose/share/ros2_linkpose/local_setup.dsv
[34.512s] -- Symlinking: /home/ros2/dev_ws/install/ros2_linkpose/share/ros2_linkpose/package.dsv
[34.527s] -- Symlinking: /home/ros2/dev_ws/install/ros2_linkpose/share/ament_index/resource_index/packages/ros2_linkpose
[34.542s] -- Symlinking: /home/ros2/dev_ws/install/ros2_linkpose/share/ros2_linkpose/cmake/ament_cmake_export_libraries-extras.cmake
[34.559s] -- Symlinking: /home/ros2/dev_ws/install/ros2_linkpose/share/ros2_linkpose/cmake/ros2_linkposeConfig.cmake
[34.574s] -- Symlinking: /home/ros2/dev_ws/install/ros2_linkpose/share/ros2_linkpose/cmake/ros2_linkposeConfig-version.cmake
[34.589s] -- Symlinking: /home/ros2/dev_ws/install/ros2_linkpose/share/ros2_linkpose/package.xml
[34.623s] Invoked command in '/home/ros2/dev_ws/build/ros2_linkpose' returned '0': CMAKE_PREFIX_PATH=/home/ros2/dev_ws/install/linkpose_msgs:/home/ros2/dev_ws/install/my_package:/home/ros2/dev_ws/install/ros2srrc_ur5e_moveit2:/home/ros2/dev_ws/install/ros2srrc_ur5e_gazebo:/home/ros2/dev_ws/install/ros2srrc_ur5_moveit2:/home/ros2/dev_ws/install/ros2srrc_ur5_gazebo:/home/ros2/dev_ws/install/ros2srrc_ur3e_moveit2:/home/ros2/dev_ws/install/ros2srrc_ur3e_gazebo:/home/ros2/dev_ws/install/ros2srrc_ur3_moveit2:/home/ros2/dev_ws/install/ros2srrc_ur3_gazebo:/home/ros2/dev_ws/install/ros2srrc_ur20_moveit2:/home/ros2/dev_ws/install/ros2srrc_ur20_gazebo:/home/ros2/dev_ws/install/ros2srrc_ur16e_moveit2:/home/ros2/dev_ws/install/ros2srrc_ur16e_gazebo:/home/ros2/dev_ws/install/ros2srrc_ur10e_moveit2:/home/ros2/dev_ws/install/ros2srrc_ur10e_gazebo:/home/ros2/dev_ws/install/ros2srrc_ur10_moveit2:/home/ros2/dev_ws/install/ros2srrc_ur10_gazebo:/home/ros2/dev_ws/install/ros2srrc_rx160_moveit2:/home/ros2/dev_ws/install/ros2srrc_rx160_gazebo:/home/ros2/dev_ws/install/ros2srrc_robots:/home/ros2/dev_ws/install/ros2srrc_launch:/home/ros2/dev_ws/install/ros2srrc_irb6640_moveit2:/home/ros2/dev_ws/install/ros2srrc_irb6640_gazebo:/home/ros2/dev_ws/install/ros2srrc_irb1600_moveit2:/home/ros2/dev_ws/install/ros2srrc_irb1600_gazebo:/home/ros2/dev_ws/install/ros2srrc_irb120_moveit2:/home/ros2/dev_ws/install/ros2srrc_irb120_gazebo:/home/ros2/dev_ws/install/ros2srrc_irb1200_moveit2:/home/ros2/dev_ws/install/ros2srrc_irb1200_gazebo:/home/ros2/dev_ws/install/ros2srrc_iiwa_moveit2:/home/ros2/dev_ws/install/ros2srrc_iiwa_gazebo:/home/ros2/dev_ws/install/ros2srrc_execution:/home/ros2/dev_ws/install/ros2srrc_endeffectors:/home/ros2/dev_ws/install/ros2srrc_data:/home/ros2/dev_ws/install/ros2_robotiqgripper:/home/ros2/dev_ws/install/ros2_objectpose:/home/ros2/dev_ws/install/ros2_linkpose:/home/ros2/dev_ws/install/ros2_linkattacher:/home/ros2/dev_ws/install/objectpose_msgs:/home/ros2/dev_ws/install/objectpose_gazebo:/home/ros2/dev_ws/install/linkpose_gazebo:/home/ros2/dev_ws/install/linkattacher_msgs:/home/ros2/dev_ws/install/gazebo_ros2_control_demos:/home/ros2/dev_ws/install/gazebo_ros2_control:/home/ros2/dev_ws/install/abb_rws_client:/home/ros2/dev_ws/install/abb_ros2:/home/ros2/dev_ws/install/abb_robot_msgs:/home/ros2/dev_ws/install/abb_resources:/home/ros2/dev_ws/install/abb_rapid_sm_addin_msgs:/home/ros2/dev_ws/install/abb_rapid_msgs:/home/ros2/dev_ws/install/abb_hardware_interface:/home/ros2/dev_ws/install/abb_egm_rws_managers:/home/ros2/dev_ws/install/abb_librws:/home/ros2/dev_ws/install/abb_libegm:/home/ros2/dev_ws/install/abb_irb4600_support:/home/ros2/dev_ws/install/abb_irb1200_5_90_moveit_config:/home/ros2/dev_ws/install/abb_irb1200_support:/home/ros2/dev_ws/install/abb_egm_msgs:/home/ros2/dev_ws/install/abb_bringup:/opt/ros/humble LD_LIBRARY_PATH=/home/ros2/dev_ws/install/linkpose_msgs/lib:/home/ros2/dev_ws/install/ros2srrc_data/lib:/home/ros2/dev_ws/install/ros2_robotiqgripper/lib:/home/ros2/dev_ws/install/ros2_objectpose/lib:/home/ros2/dev_ws/install/ros2_linkpose/lib:/home/ros2/dev_ws/install/ros2_linkattacher/lib:/home/ros2/dev_ws/install/objectpose_msgs/lib:/home/ros2/dev_ws/install/linkattacher_msgs/lib:/home/ros2/dev_ws/install/gazebo_ros2_control/lib:/home/ros2/dev_ws/install/abb_robot_msgs/lib:/home/ros2/dev_ws/install/abb_rapid_sm_addin_msgs/lib:/home/ros2/dev_ws/install/abb_rapid_msgs/lib:/home/ros2/dev_ws/install/abb_hardware_interface/lib:/home/ros2/dev_ws/install/abb_egm_rws_managers/lib:/home/ros2/dev_ws/install/abb_librws/lib:/home/ros2/dev_ws/install/abb_libegm/lib:/home/ros2/dev_ws/install/abb_egm_msgs/lib:/usr/lib/x86_64-linux-gnu/gazebo-11/plugins:/opt/ros/humble/opt/rviz_ogre_vendor/lib:/opt/ros/humble/lib/x86_64-linux-gnu:/opt/ros/humble/lib /usr/bin/cmake --install /home/ros2/dev_ws/build/ros2_linkpose
