[0.050s] Invoking command in '/home/ros2/dev_ws/build/abb_egm_msgs': CMAKE_PREFIX_PATH=${CMAKE_PREFIX_PATH}:/opt/ros/humble /usr/bin/cmake /home/ros2/dev_ws/src/ABBDriver/abb_ros2_msgs/abb_egm_msgs -DAMENT_CMAKE_SYMLINK_INSTALL=1 -DCMAKE_INSTALL_PREFIX=/home/ros2/dev_ws/install/abb_egm_msgs
[0.139s] -- The C compiler identification is GNU 11.4.0
[0.228s] -- The CXX compiler identification is GNU 11.4.0
[0.239s] -- Detecting C compiler ABI info
[0.359s] -- Detecting C compiler ABI info - done
[0.369s] -- Check for working C compiler: /usr/bin/cc - skipped
[0.370s] -- Detecting C compile features
[0.370s] -- Detecting C compile features - done
[0.375s] -- Detecting CXX compiler ABI info
[0.513s] -- Detecting CXX compiler ABI info - done
[0.527s] -- Check for working CXX compiler: /usr/bin/c++ - skipped
[0.528s] -- Detecting CXX compile features
[0.530s] -- Detecting CXX compile features - done
[0.532s] -- Found ament_cmake: 1.3.11 (/opt/ros/humble/share/ament_cmake/cmake)
[0.794s] -- Found Python3: /usr/bin/python3 (found version "3.10.12") found components: Interpreter 
[0.907s] -- Override CMake install command with custom implementation using symlinks instead of copying resources
[0.979s] -- Found rosidl_default_generators: 1.2.0 (/opt/ros/humble/share/rosidl_default_generators/cmake)
[0.994s] -- Using all available rosidl_typesupport_c: rosidl_typesupport_fastrtps_c;rosidl_typesupport_introspection_c
[1.008s] -- Found rosidl_adapter: 3.1.6 (/opt/ros/humble/share/rosidl_adapter/cmake)
[1.094s] -- Using all available rosidl_typesupport_cpp: rosidl_typesupport_fastrtps_cpp;rosidl_typesupport_introspection_cpp
[1.152s] -- Found std_msgs: 4.9.0 (/opt/ros/humble/share/std_msgs/cmake)
[1.864s] -- Found ament_cmake_ros: 0.10.0 (/opt/ros/humble/share/ament_cmake_ros/cmake)
[2.519s] -- Using all available rosidl_typesupport_c: rosidl_typesupport_fastrtps_c;rosidl_typesupport_introspection_c
[3.252s] -- Using all available rosidl_typesupport_cpp: rosidl_typesupport_fastrtps_cpp;rosidl_typesupport_introspection_cpp
[3.309s] -- Found PythonInterp: /usr/bin/python3 (found suitable version "3.10.12", minimum required is "3.6") 
[3.309s] -- Found python_cmake_module: 0.10.0 (/opt/ros/humble/share/python_cmake_module/cmake)
[3.364s] -- Found PythonLibs: /usr/lib/x86_64-linux-gnu/libpython3.10.so (found suitable version "3.10.12", minimum required is "3.5") 
[3.365s] -- Using PYTHON_EXECUTABLE: /usr/bin/python3
[3.365s] -- Using PYTHON_INCLUDE_DIRS: /usr/include/python3.10
[3.365s] -- Using PYTHON_LIBRARIES: /usr/lib/x86_64-linux-gnu/libpython3.10.so
[3.482s] -- Found PythonExtra: .so  
[3.751s] -- Configuring done
[3.832s] -- Generating done
[3.871s] -- Build files have been written to: /home/ros2/dev_ws/build/abb_egm_msgs
[3.950s] Invoked command in '/home/ros2/dev_ws/build/abb_egm_msgs' returned '0': CMAKE_PREFIX_PATH=${CMAKE_PREFIX_PATH}:/opt/ros/humble /usr/bin/cmake /home/ros2/dev_ws/src/ABBDriver/abb_ros2_msgs/abb_egm_msgs -DAMENT_CMAKE_SYMLINK_INSTALL=1 -DCMAKE_INSTALL_PREFIX=/home/ros2/dev_ws/install/abb_egm_msgs
[3.951s] Invoking command in '/home/ros2/dev_ws/build/abb_egm_msgs': CMAKE_PREFIX_PATH=${CMAKE_PREFIX_PATH}:/opt/ros/humble /usr/bin/cmake --build /home/ros2/dev_ws/build/abb_egm_msgs -- -j16 -l16
[6.751s] [  2%] [34m[1mGenerating C code for ROS interfaces[0m
[6.751s] [  5%] [34m[1mGenerating C++ code for ROS interfaces[0m
[6.751s] [  5%] Built target ament_cmake_python_symlink_abb_egm_msgs
[6.751s] running egg_info
[6.751s] creating abb_egm_msgs.egg-info
[6.751s] writing abb_egm_msgs.egg-info/PKG-INFO
[6.752s] writing dependency_links to abb_egm_msgs.egg-info/dependency_links.txt
[6.752s] writing top-level names to abb_egm_msgs.egg-info/top_level.txt
[6.752s] writing manifest file 'abb_egm_msgs.egg-info/SOURCES.txt'
[6.752s] reading manifest file 'abb_egm_msgs.egg-info/SOURCES.txt'
[6.752s] writing manifest file 'abb_egm_msgs.egg-info/SOURCES.txt'
[6.752s] [  5%] Built target ament_cmake_python_build_abb_egm_msgs_egg
[6.752s] [  5%] Built target abb_egm_msgs__cpp
[6.752s] [  7%] [34m[1mGenerating C++ type support for eProsima Fast-RTPS[0m
[6.752s] [ 10%] [34m[1mGenerating C++ introspection for ROS interfaces[0m
[6.752s] [ 12%] [34m[1mGenerating C++ type support dispatch for ROS interfaces[0m
[6.753s] [ 15%] [32mBuilding C object CMakeFiles/abb_egm_msgs__rosidl_generator_c.dir/rosidl_generator_c/abb_egm_msgs/msg/detail/egm_channel_state__functions.c.o[0m
[6.753s] [ 17%] [32mBuilding C object CMakeFiles/abb_egm_msgs__rosidl_generator_c.dir/rosidl_generator_c/abb_egm_msgs/msg/detail/egm_state__functions.c.o[0m
[6.927s] [ 20%] [32m[1mLinking C shared library libabb_egm_msgs__rosidl_generator_c.so[0m
[7.075s] [ 20%] Built target abb_egm_msgs__rosidl_generator_c
[7.113s] [ 23%] [34m[1mGenerating C type support dispatch for ROS interfaces[0m
[7.140s] [ 25%] [34m[1mGenerating C type support for eProsima Fast-RTPS[0m
[7.150s] [ 28%] [34m[1mGenerating C introspection for ROS interfaces[0m
[8.079s] [ 30%] [32mBuilding CXX object CMakeFiles/abb_egm_msgs__rosidl_typesupport_cpp.dir/rosidl_typesupport_cpp/abb_egm_msgs/msg/egm_state__type_support.cpp.o[0m
[8.092s] [ 33%] [32mBuilding CXX object CMakeFiles/abb_egm_msgs__rosidl_typesupport_cpp.dir/rosidl_typesupport_cpp/abb_egm_msgs/msg/egm_channel_state__type_support.cpp.o[0m
[8.307s] [ 35%] [32mBuilding CXX object CMakeFiles/abb_egm_msgs__rosidl_typesupport_c.dir/rosidl_typesupport_c/abb_egm_msgs/msg/egm_channel_state__type_support.cpp.o[0m
[8.308s] [ 38%] [32mBuilding CXX object CMakeFiles/abb_egm_msgs__rosidl_typesupport_c.dir/rosidl_typesupport_c/abb_egm_msgs/msg/egm_state__type_support.cpp.o[0m
[8.443s] [ 41%] [32m[1mLinking CXX shared library libabb_egm_msgs__rosidl_typesupport_c.so[0m
[8.632s] [ 41%] Built target abb_egm_msgs__rosidl_typesupport_c
[8.739s] [ 43%] [32m[1mLinking CXX shared library libabb_egm_msgs__rosidl_typesupport_cpp.so[0m
[8.926s] [ 43%] Built target abb_egm_msgs__rosidl_typesupport_cpp
[9.090s] [ 46%] [32mBuilding CXX object CMakeFiles/abb_egm_msgs__rosidl_typesupport_fastrtps_cpp.dir/rosidl_typesupport_fastrtps_cpp/abb_egm_msgs/msg/detail/dds_fastrtps/egm_channel_state__type_support.cpp.o[0m
[9.090s] [ 48%] [32mBuilding CXX object CMakeFiles/abb_egm_msgs__rosidl_typesupport_fastrtps_cpp.dir/rosidl_typesupport_fastrtps_cpp/abb_egm_msgs/msg/detail/dds_fastrtps/egm_state__type_support.cpp.o[0m
[9.197s] [ 51%] [32mBuilding CXX object CMakeFiles/abb_egm_msgs__rosidl_typesupport_introspection_cpp.dir/rosidl_typesupport_introspection_cpp/abb_egm_msgs/msg/detail/egm_channel_state__type_support.cpp.o[0m
[9.204s] [ 53%] [32mBuilding CXX object CMakeFiles/abb_egm_msgs__rosidl_typesupport_introspection_cpp.dir/rosidl_typesupport_introspection_cpp/abb_egm_msgs/msg/detail/egm_state__type_support.cpp.o[0m
[9.526s] [ 56%] [32mBuilding CXX object CMakeFiles/abb_egm_msgs__rosidl_typesupport_fastrtps_c.dir/rosidl_typesupport_fastrtps_c/abb_egm_msgs/msg/detail/egm_channel_state__type_support_c.cpp.o[0m
[9.532s] [ 58%] [32mBuilding CXX object CMakeFiles/abb_egm_msgs__rosidl_typesupport_fastrtps_c.dir/rosidl_typesupport_fastrtps_c/abb_egm_msgs/msg/detail/egm_state__type_support_c.cpp.o[0m
[9.539s] [ 61%] [32mBuilding C object CMakeFiles/abb_egm_msgs__rosidl_typesupport_introspection_c.dir/rosidl_typesupport_introspection_c/abb_egm_msgs/msg/detail/egm_channel_state__type_support.c.o[0m
[9.552s] [ 64%] [32mBuilding C object CMakeFiles/abb_egm_msgs__rosidl_typesupport_introspection_c.dir/rosidl_typesupport_introspection_c/abb_egm_msgs/msg/detail/egm_state__type_support.c.o[0m
[9.668s] [ 66%] [32m[1mLinking C shared library libabb_egm_msgs__rosidl_typesupport_introspection_c.so[0m
[9.759s] [ 66%] Built target abb_egm_msgs__rosidl_typesupport_introspection_c
[10.251s] [ 69%] [32m[1mLinking CXX shared library libabb_egm_msgs__rosidl_typesupport_introspection_cpp.so[0m
[10.467s] [ 71%] [32m[1mLinking CXX shared library libabb_egm_msgs__rosidl_typesupport_fastrtps_c.so[0m
[10.512s] [ 71%] Built target abb_egm_msgs__rosidl_typesupport_introspection_cpp
[10.647s] [ 74%] [32m[1mLinking CXX shared library libabb_egm_msgs__rosidl_typesupport_fastrtps_cpp.so[0m
[10.728s] [ 74%] Built target abb_egm_msgs__rosidl_typesupport_fastrtps_c
[10.936s] [ 74%] Built target abb_egm_msgs__rosidl_typesupport_fastrtps_cpp
[11.007s] [ 74%] Built target abb_egm_msgs
[11.078s] [ 76%] [34m[1mGenerating Python code for ROS interfaces[0m
[14.762s] [ 76%] Built target abb_egm_msgs__py
[14.833s] [ 79%] [32mBuilding C object CMakeFiles/abb_egm_msgs__rosidl_generator_py.dir/rosidl_generator_py/abb_egm_msgs/msg/_egm_channel_state_s.c.o[0m
[14.866s] [ 82%] [32mBuilding C object CMakeFiles/abb_egm_msgs__rosidl_generator_py.dir/rosidl_generator_py/abb_egm_msgs/msg/_egm_state_s.c.o[0m
[15.444s] [ 84%] [32m[1mLinking C shared library rosidl_generator_py/abb_egm_msgs/libabb_egm_msgs__rosidl_generator_py.so[0m
[15.698s] [ 84%] Built target abb_egm_msgs__rosidl_generator_py
[15.818s] [ 87%] [32mBuilding C object CMakeFiles/abb_egm_msgs__rosidl_typesupport_fastrtps_c__pyext.dir/rosidl_generator_py/abb_egm_msgs/_abb_egm_msgs_s.ep.rosidl_typesupport_fastrtps_c.c.o[0m
[15.827s] [ 89%] [32mBuilding C object CMakeFiles/abb_egm_msgs__rosidl_typesupport_c__pyext.dir/rosidl_generator_py/abb_egm_msgs/_abb_egm_msgs_s.ep.rosidl_typesupport_c.c.o[0m
[15.841s] [ 92%] [32mBuilding C object CMakeFiles/abb_egm_msgs__rosidl_typesupport_introspection_c__pyext.dir/rosidl_generator_py/abb_egm_msgs/_abb_egm_msgs_s.ep.rosidl_typesupport_introspection_c.c.o[0m
[16.168s] [ 94%] [32m[1mLinking C shared library rosidl_generator_py/abb_egm_msgs/abb_egm_msgs_s__rosidl_typesupport_c.cpython-310-x86_64-linux-gnu.so[0m
[16.318s] [ 94%] Built target abb_egm_msgs__rosidl_typesupport_c__pyext
[16.411s] [ 97%] [32m[1mLinking C shared library rosidl_generator_py/abb_egm_msgs/abb_egm_msgs_s__rosidl_typesupport_fastrtps_c.cpython-310-x86_64-linux-gnu.so[0m
[16.534s] [100%] [32m[1mLinking C shared library rosidl_generator_py/abb_egm_msgs/abb_egm_msgs_s__rosidl_typesupport_introspection_c.cpython-310-x86_64-linux-gnu.so[0m
[16.601s] [100%] Built target abb_egm_msgs__rosidl_typesupport_fastrtps_c__pyext
[16.713s] [100%] Built target abb_egm_msgs__rosidl_typesupport_introspection_c__pyext
[16.795s] Invoked command in '/home/ros2/dev_ws/build/abb_egm_msgs' returned '0': CMAKE_PREFIX_PATH=${CMAKE_PREFIX_PATH}:/opt/ros/humble /usr/bin/cmake --build /home/ros2/dev_ws/build/abb_egm_msgs -- -j16 -l16
[16.796s] Invoking command in '/home/ros2/dev_ws/build/abb_egm_msgs': CMAKE_PREFIX_PATH=${CMAKE_PREFIX_PATH}:/opt/ros/humble /usr/bin/cmake --install /home/ros2/dev_ws/build/abb_egm_msgs
[17.785s] -- Install configuration: ""
[17.785s] -- Execute custom install script
[17.786s] -- Symlinking: /home/ros2/dev_ws/install/abb_egm_msgs/share/ament_index/resource_index/rosidl_interfaces/abb_egm_msgs
[17.790s] -- Symlinking: /home/ros2/dev_ws/install/abb_egm_msgs/include/abb_egm_msgs/abb_egm_msgs/msg/detail/egm_channel_state__functions.h
[17.791s] -- Symlinking: /home/ros2/dev_ws/install/abb_egm_msgs/include/abb_egm_msgs/abb_egm_msgs/msg/detail/egm_channel_state__struct.h
[17.791s] -- Symlinking: /home/ros2/dev_ws/install/abb_egm_msgs/include/abb_egm_msgs/abb_egm_msgs/msg/detail/egm_channel_state__type_support.h
[17.791s] -- Symlinking: /home/ros2/dev_ws/install/abb_egm_msgs/include/abb_egm_msgs/abb_egm_msgs/msg/detail/egm_state__functions.h
[17.791s] -- Symlinking: /home/ros2/dev_ws/install/abb_egm_msgs/include/abb_egm_msgs/abb_egm_msgs/msg/detail/egm_state__struct.h
[17.791s] -- Symlinking: /home/ros2/dev_ws/install/abb_egm_msgs/include/abb_egm_msgs/abb_egm_msgs/msg/detail/egm_state__type_support.h
[17.791s] -- Symlinking: /home/ros2/dev_ws/install/abb_egm_msgs/include/abb_egm_msgs/abb_egm_msgs/msg/egm_channel_state.h
[17.791s] -- Symlinking: /home/ros2/dev_ws/install/abb_egm_msgs/include/abb_egm_msgs/abb_egm_msgs/msg/egm_state.h
[17.792s] -- Symlinking: /home/ros2/dev_ws/install/abb_egm_msgs/include/abb_egm_msgs/abb_egm_msgs/msg/rosidl_generator_c__visibility_control.h
[17.792s] -- Symlinking: /home/ros2/dev_ws/install/abb_egm_msgs/share/abb_egm_msgs/environment/library_path.sh
[17.792s] -- Symlinking: /home/ros2/dev_ws/install/abb_egm_msgs/share/abb_egm_msgs/environment/library_path.dsv
[17.792s] -- Symlinking: /home/ros2/dev_ws/install/abb_egm_msgs/include/abb_egm_msgs/abb_egm_msgs/msg/detail/egm_channel_state__rosidl_typesupport_fastrtps_c.h
[17.792s] -- Symlinking: /home/ros2/dev_ws/install/abb_egm_msgs/include/abb_egm_msgs/abb_egm_msgs/msg/detail/egm_state__rosidl_typesupport_fastrtps_c.h
[17.792s] -- Symlinking: /home/ros2/dev_ws/install/abb_egm_msgs/include/abb_egm_msgs/abb_egm_msgs/msg/rosidl_typesupport_fastrtps_c__visibility_control.h
[17.792s] -- Symlinking: /home/ros2/dev_ws/install/abb_egm_msgs/include/abb_egm_msgs/abb_egm_msgs/msg/detail/egm_channel_state__rosidl_typesupport_introspection_c.h
[17.792s] -- Symlinking: /home/ros2/dev_ws/install/abb_egm_msgs/include/abb_egm_msgs/abb_egm_msgs/msg/detail/egm_state__rosidl_typesupport_introspection_c.h
[17.792s] -- Symlinking: /home/ros2/dev_ws/install/abb_egm_msgs/include/abb_egm_msgs/abb_egm_msgs/msg/rosidl_typesupport_introspection_c__visibility_control.h
[17.792s] -- Symlinking: /home/ros2/dev_ws/install/abb_egm_msgs/include/abb_egm_msgs/abb_egm_msgs/msg/detail/egm_channel_state__builder.hpp
[17.792s] -- Symlinking: /home/ros2/dev_ws/install/abb_egm_msgs/include/abb_egm_msgs/abb_egm_msgs/msg/detail/egm_channel_state__struct.hpp
[17.792s] -- Symlinking: /home/ros2/dev_ws/install/abb_egm_msgs/include/abb_egm_msgs/abb_egm_msgs/msg/detail/egm_channel_state__traits.hpp
[17.793s] -- Symlinking: /home/ros2/dev_ws/install/abb_egm_msgs/include/abb_egm_msgs/abb_egm_msgs/msg/detail/egm_channel_state__type_support.hpp
[17.793s] -- Symlinking: /home/ros2/dev_ws/install/abb_egm_msgs/include/abb_egm_msgs/abb_egm_msgs/msg/detail/egm_state__builder.hpp
[17.793s] -- Symlinking: /home/ros2/dev_ws/install/abb_egm_msgs/include/abb_egm_msgs/abb_egm_msgs/msg/detail/egm_state__struct.hpp
[17.793s] -- Symlinking: /home/ros2/dev_ws/install/abb_egm_msgs/include/abb_egm_msgs/abb_egm_msgs/msg/detail/egm_state__traits.hpp
[17.793s] -- Symlinking: /home/ros2/dev_ws/install/abb_egm_msgs/include/abb_egm_msgs/abb_egm_msgs/msg/detail/egm_state__type_support.hpp
[17.795s] -- Symlinking: /home/ros2/dev_ws/install/abb_egm_msgs/include/abb_egm_msgs/abb_egm_msgs/msg/egm_channel_state.hpp
[17.795s] -- Symlinking: /home/ros2/dev_ws/install/abb_egm_msgs/include/abb_egm_msgs/abb_egm_msgs/msg/egm_state.hpp
[17.801s] -- Symlinking: /home/ros2/dev_ws/install/abb_egm_msgs/include/abb_egm_msgs/abb_egm_msgs/msg/rosidl_generator_cpp__visibility_control.hpp
[17.801s] -- Symlinking: /home/ros2/dev_ws/install/abb_egm_msgs/include/abb_egm_msgs/abb_egm_msgs/msg/detail/egm_channel_state__rosidl_typesupport_fastrtps_cpp.hpp
[17.816s] -- Symlinking: /home/ros2/dev_ws/install/abb_egm_msgs/include/abb_egm_msgs/abb_egm_msgs/msg/detail/egm_state__rosidl_typesupport_fastrtps_cpp.hpp
[17.888s] -- Symlinking: /home/ros2/dev_ws/install/abb_egm_msgs/include/abb_egm_msgs/abb_egm_msgs/msg/rosidl_typesupport_fastrtps_cpp__visibility_control.h
[17.909s] -- Symlinking: /home/ros2/dev_ws/install/abb_egm_msgs/include/abb_egm_msgs/abb_egm_msgs/msg/detail/egm_channel_state__rosidl_typesupport_introspection_cpp.hpp
[17.942s] -- Symlinking: /home/ros2/dev_ws/install/abb_egm_msgs/include/abb_egm_msgs/abb_egm_msgs/msg/detail/egm_state__rosidl_typesupport_introspection_cpp.hpp
[17.976s] -- Symlinking: /home/ros2/dev_ws/install/abb_egm_msgs/share/abb_egm_msgs/environment/pythonpath.sh
[17.997s] -- Symlinking: /home/ros2/dev_ws/install/abb_egm_msgs/share/abb_egm_msgs/environment/pythonpath.dsv
[18.052s] -- Symlinking: /home/ros2/dev_ws/install/abb_egm_msgs/local/lib/python3.10/dist-packages/abb_egm_msgs-1.0.0-py3.10.egg-info/PKG-INFO
[18.110s] -- Symlinking: /home/ros2/dev_ws/install/abb_egm_msgs/local/lib/python3.10/dist-packages/abb_egm_msgs-1.0.0-py3.10.egg-info/SOURCES.txt
[18.149s] -- Symlinking: /home/ros2/dev_ws/install/abb_egm_msgs/local/lib/python3.10/dist-packages/abb_egm_msgs-1.0.0-py3.10.egg-info/dependency_links.txt
[18.172s] -- Symlinking: /home/ros2/dev_ws/install/abb_egm_msgs/local/lib/python3.10/dist-packages/abb_egm_msgs-1.0.0-py3.10.egg-info/top_level.txt
[18.214s] -- Symlinking: /home/ros2/dev_ws/install/abb_egm_msgs/local/lib/python3.10/dist-packages/abb_egm_msgs/__init__.py
[18.266s] -- Symlinking: /home/ros2/dev_ws/install/abb_egm_msgs/local/lib/python3.10/dist-packages/abb_egm_msgs/_abb_egm_msgs_s.ep.rosidl_typesupport_c.c
[18.299s] -- Symlinking: /home/ros2/dev_ws/install/abb_egm_msgs/local/lib/python3.10/dist-packages/abb_egm_msgs/_abb_egm_msgs_s.ep.rosidl_typesupport_fastrtps_c.c
[18.320s] -- Symlinking: /home/ros2/dev_ws/install/abb_egm_msgs/local/lib/python3.10/dist-packages/abb_egm_msgs/_abb_egm_msgs_s.ep.rosidl_typesupport_introspection_c.c
[18.347s] -- Symlinking: /home/ros2/dev_ws/install/abb_egm_msgs/local/lib/python3.10/dist-packages/abb_egm_msgs/abb_egm_msgs_s__rosidl_typesupport_c.cpython-310-x86_64-linux-gnu.so
[18.374s] -- Symlinking: /home/ros2/dev_ws/install/abb_egm_msgs/local/lib/python3.10/dist-packages/abb_egm_msgs/abb_egm_msgs_s__rosidl_typesupport_fastrtps_c.cpython-310-x86_64-linux-gnu.so
[18.398s] -- Symlinking: /home/ros2/dev_ws/install/abb_egm_msgs/local/lib/python3.10/dist-packages/abb_egm_msgs/abb_egm_msgs_s__rosidl_typesupport_introspection_c.cpython-310-x86_64-linux-gnu.so
[18.428s] -- Symlinking: /home/ros2/dev_ws/install/abb_egm_msgs/local/lib/python3.10/dist-packages/abb_egm_msgs/libabb_egm_msgs__rosidl_generator_py.so
[18.442s] -- Symlinking: /home/ros2/dev_ws/install/abb_egm_msgs/local/lib/python3.10/dist-packages/abb_egm_msgs/msg/__init__.py
[18.464s] -- Symlinking: /home/ros2/dev_ws/install/abb_egm_msgs/local/lib/python3.10/dist-packages/abb_egm_msgs/msg/_egm_channel_state.py
[18.490s] -- Symlinking: /home/ros2/dev_ws/install/abb_egm_msgs/local/lib/python3.10/dist-packages/abb_egm_msgs/msg/_egm_channel_state_s.c
[18.518s] -- Symlinking: /home/ros2/dev_ws/install/abb_egm_msgs/local/lib/python3.10/dist-packages/abb_egm_msgs/msg/_egm_state.py
[18.547s] -- Symlinking: /home/ros2/dev_ws/install/abb_egm_msgs/local/lib/python3.10/dist-packages/abb_egm_msgs/msg/_egm_state_s.c
[18.584s] -- Up-to-date symlink: /home/ros2/dev_ws/install/abb_egm_msgs/local/lib/python3.10/dist-packages/abb_egm_msgs/abb_egm_msgs_s__rosidl_typesupport_fastrtps_c.cpython-310-x86_64-linux-gnu.so
[18.584s] -- Up-to-date symlink: /home/ros2/dev_ws/install/abb_egm_msgs/local/lib/python3.10/dist-packages/abb_egm_msgs/abb_egm_msgs_s__rosidl_typesupport_introspection_c.cpython-310-x86_64-linux-gnu.so
[18.584s] -- Up-to-date symlink: /home/ros2/dev_ws/install/abb_egm_msgs/local/lib/python3.10/dist-packages/abb_egm_msgs/abb_egm_msgs_s__rosidl_typesupport_c.cpython-310-x86_64-linux-gnu.so
[18.585s] -- Symlinking: /home/ros2/dev_ws/install/abb_egm_msgs/share/abb_egm_msgs/msg/EGMChannelState.idl
[18.625s] -- Symlinking: /home/ros2/dev_ws/install/abb_egm_msgs/share/abb_egm_msgs/msg/EGMState.idl
[18.658s] -- Symlinking: /home/ros2/dev_ws/install/abb_egm_msgs/share/abb_egm_msgs/msg/EGMChannelState.msg
[18.695s] -- Symlinking: /home/ros2/dev_ws/install/abb_egm_msgs/share/abb_egm_msgs/msg/EGMState.msg
[18.731s] -- Symlinking: /home/ros2/dev_ws/install/abb_egm_msgs/share/ament_index/resource_index/package_run_dependencies/abb_egm_msgs
[18.766s] -- Symlinking: /home/ros2/dev_ws/install/abb_egm_msgs/share/ament_index/resource_index/parent_prefix_path/abb_egm_msgs
[18.797s] -- Symlinking: /home/ros2/dev_ws/install/abb_egm_msgs/share/abb_egm_msgs/environment/ament_prefix_path.sh
[18.828s] -- Symlinking: /home/ros2/dev_ws/install/abb_egm_msgs/share/abb_egm_msgs/environment/ament_prefix_path.dsv
[18.872s] -- Symlinking: /home/ros2/dev_ws/install/abb_egm_msgs/share/abb_egm_msgs/environment/path.sh
[18.922s] -- Symlinking: /home/ros2/dev_ws/install/abb_egm_msgs/share/abb_egm_msgs/environment/path.dsv
[18.974s] -- Symlinking: /home/ros2/dev_ws/install/abb_egm_msgs/share/abb_egm_msgs/local_setup.bash
[19.006s] -- Symlinking: /home/ros2/dev_ws/install/abb_egm_msgs/share/abb_egm_msgs/local_setup.sh
[19.050s] -- Symlinking: /home/ros2/dev_ws/install/abb_egm_msgs/share/abb_egm_msgs/local_setup.zsh
[19.079s] -- Symlinking: /home/ros2/dev_ws/install/abb_egm_msgs/share/abb_egm_msgs/local_setup.dsv
[19.109s] -- Symlinking: /home/ros2/dev_ws/install/abb_egm_msgs/share/abb_egm_msgs/package.dsv
[19.137s] -- Symlinking: /home/ros2/dev_ws/install/abb_egm_msgs/share/ament_index/resource_index/packages/abb_egm_msgs
[19.171s] -- Symlinking: /home/ros2/dev_ws/install/abb_egm_msgs/share/abb_egm_msgs/cmake/rosidl_cmake-extras.cmake
[19.197s] -- Symlinking: /home/ros2/dev_ws/install/abb_egm_msgs/share/abb_egm_msgs/cmake/ament_cmake_export_dependencies-extras.cmake
[19.229s] -- Symlinking: /home/ros2/dev_ws/install/abb_egm_msgs/share/abb_egm_msgs/cmake/ament_cmake_export_include_directories-extras.cmake
[19.255s] -- Symlinking: /home/ros2/dev_ws/install/abb_egm_msgs/share/abb_egm_msgs/cmake/ament_cmake_export_libraries-extras.cmake
[19.288s] -- Symlinking: /home/ros2/dev_ws/install/abb_egm_msgs/share/abb_egm_msgs/cmake/ament_cmake_export_targets-extras.cmake
[19.315s] -- Symlinking: /home/ros2/dev_ws/install/abb_egm_msgs/share/abb_egm_msgs/cmake/rosidl_cmake_export_typesupport_targets-extras.cmake
[19.347s] -- Symlinking: /home/ros2/dev_ws/install/abb_egm_msgs/share/abb_egm_msgs/cmake/rosidl_cmake_export_typesupport_libraries-extras.cmake
[19.376s] -- Symlinking: /home/ros2/dev_ws/install/abb_egm_msgs/share/abb_egm_msgs/cmake/abb_egm_msgsConfig.cmake
[19.408s] -- Symlinking: /home/ros2/dev_ws/install/abb_egm_msgs/share/abb_egm_msgs/cmake/abb_egm_msgsConfig-version.cmake
[19.436s] -- Symlinking: /home/ros2/dev_ws/install/abb_egm_msgs/share/abb_egm_msgs/package.xml
[19.472s] -- Installing: /home/ros2/dev_ws/install/abb_egm_msgs/lib/libabb_egm_msgs__rosidl_generator_c.so
[19.472s] -- Set runtime path of "/home/ros2/dev_ws/install/abb_egm_msgs/lib/libabb_egm_msgs__rosidl_generator_c.so" to ""
[19.473s] -- Installing: /home/ros2/dev_ws/install/abb_egm_msgs/lib/libabb_egm_msgs__rosidl_typesupport_fastrtps_c.so
[19.473s] -- Set runtime path of "/home/ros2/dev_ws/install/abb_egm_msgs/lib/libabb_egm_msgs__rosidl_typesupport_fastrtps_c.so" to ""
[19.473s] -- Installing: /home/ros2/dev_ws/install/abb_egm_msgs/lib/libabb_egm_msgs__rosidl_typesupport_introspection_c.so
[19.479s] -- Set runtime path of "/home/ros2/dev_ws/install/abb_egm_msgs/lib/libabb_egm_msgs__rosidl_typesupport_introspection_c.so" to ""
[19.479s] -- Installing: /home/ros2/dev_ws/install/abb_egm_msgs/lib/libabb_egm_msgs__rosidl_typesupport_c.so
[19.479s] -- Set runtime path of "/home/ros2/dev_ws/install/abb_egm_msgs/lib/libabb_egm_msgs__rosidl_typesupport_c.so" to ""
[19.479s] -- Installing: /home/ros2/dev_ws/install/abb_egm_msgs/lib/libabb_egm_msgs__rosidl_typesupport_fastrtps_cpp.so
[19.480s] -- Set runtime path of "/home/ros2/dev_ws/install/abb_egm_msgs/lib/libabb_egm_msgs__rosidl_typesupport_fastrtps_cpp.so" to ""
[19.481s] -- Installing: /home/ros2/dev_ws/install/abb_egm_msgs/lib/libabb_egm_msgs__rosidl_typesupport_introspection_cpp.so
[19.482s] -- Set runtime path of "/home/ros2/dev_ws/install/abb_egm_msgs/lib/libabb_egm_msgs__rosidl_typesupport_introspection_cpp.so" to ""
[19.487s] -- Installing: /home/ros2/dev_ws/install/abb_egm_msgs/lib/libabb_egm_msgs__rosidl_typesupport_cpp.so
[19.487s] -- Set runtime path of "/home/ros2/dev_ws/install/abb_egm_msgs/lib/libabb_egm_msgs__rosidl_typesupport_cpp.so" to ""
[19.605s] Listing '/home/ros2/dev_ws/install/abb_egm_msgs/local/lib/python3.10/dist-packages/abb_egm_msgs'...
[19.606s] Compiling '/home/ros2/dev_ws/install/abb_egm_msgs/local/lib/python3.10/dist-packages/abb_egm_msgs/__init__.py'...
[19.606s] Listing '/home/ros2/dev_ws/install/abb_egm_msgs/local/lib/python3.10/dist-packages/abb_egm_msgs/msg'...
[19.606s] Compiling '/home/ros2/dev_ws/install/abb_egm_msgs/local/lib/python3.10/dist-packages/abb_egm_msgs/msg/__init__.py'...
[19.606s] Compiling '/home/ros2/dev_ws/install/abb_egm_msgs/local/lib/python3.10/dist-packages/abb_egm_msgs/msg/_egm_channel_state.py'...
[19.606s] Compiling '/home/ros2/dev_ws/install/abb_egm_msgs/local/lib/python3.10/dist-packages/abb_egm_msgs/msg/_egm_state.py'...
[19.623s] -- Installing: /home/ros2/dev_ws/install/abb_egm_msgs/lib/libabb_egm_msgs__rosidl_generator_py.so
[19.624s] -- Set runtime path of "/home/ros2/dev_ws/install/abb_egm_msgs/lib/libabb_egm_msgs__rosidl_generator_py.so" to ""
[19.624s] -- Installing: /home/ros2/dev_ws/install/abb_egm_msgs/share/abb_egm_msgs/cmake/export_abb_egm_msgs__rosidl_generator_cExport.cmake
[19.624s] -- Installing: /home/ros2/dev_ws/install/abb_egm_msgs/share/abb_egm_msgs/cmake/export_abb_egm_msgs__rosidl_generator_cExport-noconfig.cmake
[19.624s] -- Installing: /home/ros2/dev_ws/install/abb_egm_msgs/share/abb_egm_msgs/cmake/export_abb_egm_msgs__rosidl_typesupport_fastrtps_cExport.cmake
[19.625s] -- Installing: /home/ros2/dev_ws/install/abb_egm_msgs/share/abb_egm_msgs/cmake/export_abb_egm_msgs__rosidl_typesupport_fastrtps_cExport-noconfig.cmake
[19.625s] -- Installing: /home/ros2/dev_ws/install/abb_egm_msgs/share/abb_egm_msgs/cmake/abb_egm_msgs__rosidl_typesupport_introspection_cExport.cmake
[19.625s] -- Installing: /home/ros2/dev_ws/install/abb_egm_msgs/share/abb_egm_msgs/cmake/abb_egm_msgs__rosidl_typesupport_introspection_cExport-noconfig.cmake
[19.625s] -- Installing: /home/ros2/dev_ws/install/abb_egm_msgs/share/abb_egm_msgs/cmake/abb_egm_msgs__rosidl_typesupport_cExport.cmake
[19.626s] -- Installing: /home/ros2/dev_ws/install/abb_egm_msgs/share/abb_egm_msgs/cmake/abb_egm_msgs__rosidl_typesupport_cExport-noconfig.cmake
[19.626s] -- Installing: /home/ros2/dev_ws/install/abb_egm_msgs/share/abb_egm_msgs/cmake/export_abb_egm_msgs__rosidl_generator_cppExport.cmake
[19.626s] -- Installing: /home/ros2/dev_ws/install/abb_egm_msgs/share/abb_egm_msgs/cmake/export_abb_egm_msgs__rosidl_typesupport_fastrtps_cppExport.cmake
[19.628s] -- Installing: /home/ros2/dev_ws/install/abb_egm_msgs/share/abb_egm_msgs/cmake/export_abb_egm_msgs__rosidl_typesupport_fastrtps_cppExport-noconfig.cmake
[19.628s] -- Installing: /home/ros2/dev_ws/install/abb_egm_msgs/share/abb_egm_msgs/cmake/abb_egm_msgs__rosidl_typesupport_introspection_cppExport.cmake
[19.628s] -- Installing: /home/ros2/dev_ws/install/abb_egm_msgs/share/abb_egm_msgs/cmake/abb_egm_msgs__rosidl_typesupport_introspection_cppExport-noconfig.cmake
[19.628s] -- Installing: /home/ros2/dev_ws/install/abb_egm_msgs/share/abb_egm_msgs/cmake/abb_egm_msgs__rosidl_typesupport_cppExport.cmake
[19.628s] -- Installing: /home/ros2/dev_ws/install/abb_egm_msgs/share/abb_egm_msgs/cmake/abb_egm_msgs__rosidl_typesupport_cppExport-noconfig.cmake
[19.628s] -- Installing: /home/ros2/dev_ws/install/abb_egm_msgs/share/abb_egm_msgs/cmake/export_abb_egm_msgs__rosidl_generator_pyExport.cmake
[19.628s] -- Installing: /home/ros2/dev_ws/install/abb_egm_msgs/share/abb_egm_msgs/cmake/export_abb_egm_msgs__rosidl_generator_pyExport-noconfig.cmake
[19.641s] Invoked command in '/home/ros2/dev_ws/build/abb_egm_msgs' returned '0': CMAKE_PREFIX_PATH=${CMAKE_PREFIX_PATH}:/opt/ros/humble /usr/bin/cmake --install /home/ros2/dev_ws/build/abb_egm_msgs
