[0.055s] Invoking command in '/home/ros2/dev_ws/build/abb_ros2': CMAKE_PREFIX_PATH=${CMAKE_PREFIX_PATH}:/opt/ros/humble /usr/bin/cmake /home/ros2/dev_ws/src/ABBDriver/abb_ros2/abb_ros2 -DAMENT_CMAKE_SYMLINK_INSTALL=1 -DCMAKE_INSTALL_PREFIX=/home/ros2/dev_ws/install/abb_ros2
[1.181s] -- The C compiler identification is GNU 11.4.0
[1.181s] -- The CXX compiler identification is GNU 11.4.0
[1.181s] -- Detecting C compiler ABI info
[1.182s] -- Detecting C compiler ABI info - done
[1.182s] -- Check for working C compiler: /usr/bin/cc - skipped
[1.182s] -- Detecting C compile features
[1.182s] -- Detecting C compile features - done
[1.182s] -- Detecting CXX compiler ABI info
[1.185s] -- Detecting CXX compiler ABI info - done
[1.186s] -- Check for working CXX compiler: /usr/bin/c++ - skipped
[1.186s] -- Detecting CXX compile features
[1.186s] -- Detecting CXX compile features - done
[1.188s] -- Found ament_cmake: 1.3.11 (/opt/ros/humble/share/ament_cmake/cmake)
[1.188s] -- Found Python3: /usr/bin/python3 (found version "3.10.12") found components: Interpreter 
[1.188s] -- Override CMake install command with custom implementation using symlinks instead of copying resources
[1.189s] -- Found ament_lint_auto: 0.12.12 (/opt/ros/humble/share/ament_lint_auto/cmake)
[1.189s] -- Added test 'copyright' to check source files copyright and LICENSE
[1.189s] -- Added test 'lint_cmake' to check CMake code style
[1.189s] -- Added test 'xmllint' to check XML markup files
[1.189s] -- Configuring done
[1.189s] -- Generating done
[1.189s] -- Build files have been written to: /home/ros2/dev_ws/build/abb_ros2
[1.200s] Invoked command in '/home/ros2/dev_ws/build/abb_ros2' returned '0': CMAKE_PREFIX_PATH=${CMAKE_PREFIX_PATH}:/opt/ros/humble /usr/bin/cmake /home/ros2/dev_ws/src/ABBDriver/abb_ros2/abb_ros2 -DAMENT_CMAKE_SYMLINK_INSTALL=1 -DCMAKE_INSTALL_PREFIX=/home/ros2/dev_ws/install/abb_ros2
[1.200s] Invoking command in '/home/ros2/dev_ws/build/abb_ros2': CMAKE_PREFIX_PATH=${CMAKE_PREFIX_PATH}:/opt/ros/humble /usr/bin/cmake --build /home/ros2/dev_ws/build/abb_ros2 -- -j16 -l16
[3.091s] Invoked command in '/home/ros2/dev_ws/build/abb_ros2' returned '0': CMAKE_PREFIX_PATH=${CMAKE_PREFIX_PATH}:/opt/ros/humble /usr/bin/cmake --build /home/ros2/dev_ws/build/abb_ros2 -- -j16 -l16
[3.100s] Invoking command in '/home/ros2/dev_ws/build/abb_ros2': CMAKE_PREFIX_PATH=${CMAKE_PREFIX_PATH}:/opt/ros/humble /usr/bin/cmake --install /home/ros2/dev_ws/build/abb_ros2
[3.411s] -- Install configuration: ""
[3.411s] -- Execute custom install script
[3.411s] -- Symlinking: /home/ros2/dev_ws/install/abb_ros2/share/ament_index/resource_index/package_run_dependencies/abb_ros2
[3.411s] -- Symlinking: /home/ros2/dev_ws/install/abb_ros2/share/ament_index/resource_index/parent_prefix_path/abb_ros2
[3.411s] -- Symlinking: /home/ros2/dev_ws/install/abb_ros2/share/abb_ros2/environment/ament_prefix_path.sh
[3.411s] -- Symlinking: /home/ros2/dev_ws/install/abb_ros2/share/abb_ros2/environment/ament_prefix_path.dsv
[3.411s] -- Symlinking: /home/ros2/dev_ws/install/abb_ros2/share/abb_ros2/environment/path.sh
[3.412s] -- Symlinking: /home/ros2/dev_ws/install/abb_ros2/share/abb_ros2/environment/path.dsv
[3.412s] -- Symlinking: /home/ros2/dev_ws/install/abb_ros2/share/abb_ros2/local_setup.bash
[3.412s] -- Symlinking: /home/ros2/dev_ws/install/abb_ros2/share/abb_ros2/local_setup.sh
[3.412s] -- Symlinking: /home/ros2/dev_ws/install/abb_ros2/share/abb_ros2/local_setup.zsh
[3.412s] -- Symlinking: /home/ros2/dev_ws/install/abb_ros2/share/abb_ros2/local_setup.dsv
[3.412s] -- Symlinking: /home/ros2/dev_ws/install/abb_ros2/share/abb_ros2/package.dsv
[3.412s] -- Symlinking: /home/ros2/dev_ws/install/abb_ros2/share/ament_index/resource_index/packages/abb_ros2
[3.439s] -- Symlinking: /home/ros2/dev_ws/install/abb_ros2/share/abb_ros2/cmake/abb_ros2Config.cmake
[3.480s] -- Symlinking: /home/ros2/dev_ws/install/abb_ros2/share/abb_ros2/cmake/abb_ros2Config-version.cmake
[3.505s] -- Symlinking: /home/ros2/dev_ws/install/abb_ros2/share/abb_ros2/package.xml
[3.549s] Invoked command in '/home/ros2/dev_ws/build/abb_ros2' returned '0': CMAKE_PREFIX_PATH=${CMAKE_PREFIX_PATH}:/opt/ros/humble /usr/bin/cmake --install /home/ros2/dev_ws/build/abb_ros2
