[0.048s] Invoking command in '/home/ros2/dev_ws/build/ros2srrc_ur3_moveit2': CMAKE_PREFIX_PATH=${CMAKE_PREFIX_PATH}:/opt/ros/humble /usr/bin/cmake /home/ros2/dev_ws/src/ros2_SimRealRobotControl/packages/ur3/ros2srrc_ur3_moveit2 -DAMENT_CMAKE_SYMLINK_INSTALL=1 -DCMAKE_INSTALL_PREFIX=/home/ros2/dev_ws/install/ros2srrc_ur3_moveit2
[0.669s] -- The C compiler identification is GNU 11.4.0
[0.669s] -- The CXX compiler identification is GNU 11.4.0
[0.669s] -- Detecting C compiler ABI info
[0.678s] -- Detecting C compiler ABI info - done
[0.699s] -- Check for working C compiler: /usr/bin/cc - skipped
[0.699s] -- Detecting C compile features
[0.699s] -- Detecting C compile features - done
[0.702s] -- Detecting CXX compiler ABI info
[1.036s] -- Detecting CXX compiler ABI info - done
[1.067s] -- Check for working CXX compiler: /usr/bin/c++ - skipped
[1.067s] -- Detecting CXX compile features
[1.067s] -- Detecting CXX compile features - done
[1.078s] -- Found ament_cmake: 1.3.11 (/opt/ros/humble/share/ament_cmake/cmake)
[1.604s] -- Found Python3: /usr/bin/python3 (found version "3.10.12") found components: Interpreter 
[1.827s] -- Override CMake install command with custom implementation using symlinks instead of copying resources
[1.988s] -- Found ament_lint_auto: 0.12.12 (/opt/ros/humble/share/ament_lint_auto/cmake)
[2.268s] -- Added test 'copyright' to check source files copyright and LICENSE
[2.268s] -- Added test 'lint_cmake' to check CMake code style
[2.268s] -- Added test 'xmllint' to check XML markup files
[2.273s] -- Configuring done
[2.280s] -- Generating done
[2.283s] -- Build files have been written to: /home/ros2/dev_ws/build/ros2srrc_ur3_moveit2
[2.502s] Invoked command in '/home/ros2/dev_ws/build/ros2srrc_ur3_moveit2' returned '0': CMAKE_PREFIX_PATH=${CMAKE_PREFIX_PATH}:/opt/ros/humble /usr/bin/cmake /home/ros2/dev_ws/src/ros2_SimRealRobotControl/packages/ur3/ros2srrc_ur3_moveit2 -DAMENT_CMAKE_SYMLINK_INSTALL=1 -DCMAKE_INSTALL_PREFIX=/home/ros2/dev_ws/install/ros2srrc_ur3_moveit2
[2.513s] Invoking command in '/home/ros2/dev_ws/build/ros2srrc_ur3_moveit2': CMAKE_PREFIX_PATH=${CMAKE_PREFIX_PATH}:/opt/ros/humble /usr/bin/cmake --build /home/ros2/dev_ws/build/ros2srrc_ur3_moveit2 -- -j16 -l16
[3.585s] Invoked command in '/home/ros2/dev_ws/build/ros2srrc_ur3_moveit2' returned '0': CMAKE_PREFIX_PATH=${CMAKE_PREFIX_PATH}:/opt/ros/humble /usr/bin/cmake --build /home/ros2/dev_ws/build/ros2srrc_ur3_moveit2 -- -j16 -l16
[3.587s] Invoking command in '/home/ros2/dev_ws/build/ros2srrc_ur3_moveit2': CMAKE_PREFIX_PATH=${CMAKE_PREFIX_PATH}:/opt/ros/humble /usr/bin/cmake --install /home/ros2/dev_ws/build/ros2srrc_ur3_moveit2
[4.291s] -- Install configuration: ""
[4.292s] -- Execute custom install script
[4.292s] -- Symlinking: /home/ros2/dev_ws/install/ros2srrc_ur3_moveit2/share/ros2srrc_ur3_moveit2/config/ur3.srdf
[4.292s] -- Symlinking: /home/ros2/dev_ws/install/ros2srrc_ur3_moveit2/share/ros2srrc_ur3_moveit2/config/ur3_moveit2.rviz
[4.292s] -- Symlinking: /home/ros2/dev_ws/install/ros2srrc_ur3_moveit2/share/ros2srrc_ur3_moveit2/config/ur3robotiq_2f85.srdf
[4.292s] -- Symlinking: /home/ros2/dev_ws/install/ros2srrc_ur3_moveit2/share/ros2srrc_ur3_moveit2/config/ur3robotiq_2f85_moveit2.rviz
[4.295s] -- Symlinking: /home/ros2/dev_ws/install/ros2srrc_ur3_moveit2/share/ros2srrc_ur3_moveit2/config/ur3robotiq_hande.srdf
[4.299s] -- Symlinking: /home/ros2/dev_ws/install/ros2srrc_ur3_moveit2/share/ros2srrc_ur3_moveit2/config/ur3robotiq_hande_moveit2.rviz
[4.300s] -- Symlinking: /home/ros2/dev_ws/install/ros2srrc_ur3_moveit2/share/ament_index/resource_index/package_run_dependencies/ros2srrc_ur3_moveit2
[4.300s] -- Symlinking: /home/ros2/dev_ws/install/ros2srrc_ur3_moveit2/share/ament_index/resource_index/parent_prefix_path/ros2srrc_ur3_moveit2
[4.300s] -- Symlinking: /home/ros2/dev_ws/install/ros2srrc_ur3_moveit2/share/ros2srrc_ur3_moveit2/environment/ament_prefix_path.sh
[4.300s] -- Symlinking: /home/ros2/dev_ws/install/ros2srrc_ur3_moveit2/share/ros2srrc_ur3_moveit2/environment/ament_prefix_path.dsv
[4.300s] -- Symlinking: /home/ros2/dev_ws/install/ros2srrc_ur3_moveit2/share/ros2srrc_ur3_moveit2/environment/path.sh
[4.309s] -- Symlinking: /home/ros2/dev_ws/install/ros2srrc_ur3_moveit2/share/ros2srrc_ur3_moveit2/environment/path.dsv
[4.309s] -- Symlinking: /home/ros2/dev_ws/install/ros2srrc_ur3_moveit2/share/ros2srrc_ur3_moveit2/local_setup.bash
[4.309s] -- Symlinking: /home/ros2/dev_ws/install/ros2srrc_ur3_moveit2/share/ros2srrc_ur3_moveit2/local_setup.sh
[4.309s] -- Symlinking: /home/ros2/dev_ws/install/ros2srrc_ur3_moveit2/share/ros2srrc_ur3_moveit2/local_setup.zsh
[4.309s] -- Symlinking: /home/ros2/dev_ws/install/ros2srrc_ur3_moveit2/share/ros2srrc_ur3_moveit2/local_setup.dsv
[4.309s] -- Symlinking: /home/ros2/dev_ws/install/ros2srrc_ur3_moveit2/share/ros2srrc_ur3_moveit2/package.dsv
[4.309s] -- Symlinking: /home/ros2/dev_ws/install/ros2srrc_ur3_moveit2/share/ament_index/resource_index/packages/ros2srrc_ur3_moveit2
[4.309s] -- Symlinking: /home/ros2/dev_ws/install/ros2srrc_ur3_moveit2/share/ros2srrc_ur3_moveit2/cmake/ros2srrc_ur3_moveit2Config.cmake
[4.341s] -- Symlinking: /home/ros2/dev_ws/install/ros2srrc_ur3_moveit2/share/ros2srrc_ur3_moveit2/cmake/ros2srrc_ur3_moveit2Config-version.cmake
[4.376s] -- Symlinking: /home/ros2/dev_ws/install/ros2srrc_ur3_moveit2/share/ros2srrc_ur3_moveit2/package.xml
[4.468s] Invoked command in '/home/ros2/dev_ws/build/ros2srrc_ur3_moveit2' returned '0': CMAKE_PREFIX_PATH=${CMAKE_PREFIX_PATH}:/opt/ros/humble /usr/bin/cmake --install /home/ros2/dev_ws/build/ros2srrc_ur3_moveit2
